[2024-10-08T05:11:31.305+0000] {local_task_job_runner.py:123} INFO - ::group::Pre task execution logs
[2024-10-08T05:11:31.338+0000] {taskinstance.py:2603} INFO - Dependencies all met for dep_context=non-requeueable deps ti=<TaskInstance: fetch_and_store_amazon_books.insert_book_data scheduled__2024-07-11T00:00:00+00:00 [queued]>
[2024-10-08T05:11:31.345+0000] {taskinstance.py:2603} INFO - Dependencies all met for dep_context=requeueable deps ti=<TaskInstance: fetch_and_store_amazon_books.insert_book_data scheduled__2024-07-11T00:00:00+00:00 [queued]>
[2024-10-08T05:11:31.345+0000] {taskinstance.py:2856} INFO - Starting attempt 1 of 2
[2024-10-08T05:11:31.353+0000] {taskinstance.py:2879} INFO - Executing <Task(PythonOperator): insert_book_data> on 2024-07-11 00:00:00+00:00
[2024-10-08T05:11:31.360+0000] {warnings.py:112} WARNING - /home/***/.local/lib/python3.12/site-packages/***/task/task_runner/standard_task_runner.py:70: DeprecationWarning: This process (pid=1191) is multi-threaded, use of fork() may lead to deadlocks in the child.
  pid = os.fork()

[2024-10-08T05:11:31.361+0000] {standard_task_runner.py:72} INFO - Started process 1193 to run task
[2024-10-08T05:11:31.362+0000] {standard_task_runner.py:104} INFO - Running: ['***', 'tasks', 'run', 'fetch_and_store_amazon_books', 'insert_book_data', 'scheduled__2024-07-11T00:00:00+00:00', '--job-id', '35', '--raw', '--subdir', 'DAGS_FOLDER/app.py', '--cfg-path', '/tmp/tmp6pwlvocc']
[2024-10-08T05:11:31.363+0000] {standard_task_runner.py:105} INFO - Job 35: Subtask insert_book_data
[2024-10-08T05:11:31.452+0000] {task_command.py:467} INFO - Running <TaskInstance: fetch_and_store_amazon_books.insert_book_data scheduled__2024-07-11T00:00:00+00:00 [running]> on host a344f6bef387
[2024-10-08T05:11:31.514+0000] {taskinstance.py:3122} INFO - Exporting env vars: AIRFLOW_CTX_DAG_OWNER='***' AIRFLOW_CTX_DAG_ID='fetch_and_store_amazon_books' AIRFLOW_CTX_TASK_ID='insert_book_data' AIRFLOW_CTX_EXECUTION_DATE='2024-07-11T00:00:00+00:00' AIRFLOW_CTX_TRY_NUMBER='1' AIRFLOW_CTX_DAG_RUN_ID='scheduled__2024-07-11T00:00:00+00:00'
[2024-10-08T05:11:31.516+0000] {logging_mixin.py:190} INFO - Task instance is in running state
[2024-10-08T05:11:31.516+0000] {logging_mixin.py:190} INFO -  Previous state of the Task instance: queued
[2024-10-08T05:11:31.516+0000] {logging_mixin.py:190} INFO - Current task name:insert_book_data state:running start_date:2024-10-08 05:11:31.338641+00:00
[2024-10-08T05:11:31.516+0000] {logging_mixin.py:190} INFO - Dag name:fetch_and_store_amazon_books and current dag run status:running
[2024-10-08T05:11:31.516+0000] {taskinstance.py:731} INFO - ::endgroup::
[2024-10-08T05:11:31.532+0000] {base.py:84} INFO - Retrieving connection 'books_connection'
[2024-10-08T05:11:31.538+0000] {sql.py:509} INFO - Running statement: 
    INSERT INTO books (title, authors, price, rating)
    VALUES (%s, %s, %s, %s)
    , parameters: ('Data Engineering with AWS - Second Edition: Acquire the skills to design and build AWS-based data transformation pipelines like a pro', 'Gareth Eagar', '41.', '4.4 out of 5 stars')
[2024-10-08T05:11:31.539+0000] {sql.py:518} INFO - Rows affected: 1
[2024-10-08T05:11:31.543+0000] {base.py:84} INFO - Retrieving connection 'books_connection'
[2024-10-08T05:11:31.546+0000] {sql.py:509} INFO - Running statement: 
    INSERT INTO books (title, authors, price, rating)
    VALUES (%s, %s, %s, %s)
    , parameters: ('Azure Data Engineer Associate Certification Guide: Ace the DP-203 exam with advanced data engineering skills', 'Giacinto Palmieri', '49.', '4.4 out of 5 stars')
[2024-10-08T05:11:31.547+0000] {sql.py:518} INFO - Rows affected: 1
[2024-10-08T05:11:31.553+0000] {base.py:84} INFO - Retrieving connection 'books_connection'
[2024-10-08T05:11:31.558+0000] {sql.py:509} INFO - Running statement: 
    INSERT INTO books (title, authors, price, rating)
    VALUES (%s, %s, %s, %s)
    , parameters: ("Azure Data Factory Cookbook: A data engineer's guide to building and managing ETL and ELT pipelines with data integration", 'Dmitry Foshin', '51.', '4.2 out of 5 stars')
[2024-10-08T05:11:31.559+0000] {sql.py:518} INFO - Rows affected: 1
[2024-10-08T05:11:31.563+0000] {base.py:84} INFO - Retrieving connection 'books_connection'
[2024-10-08T05:11:31.565+0000] {sql.py:509} INFO - Running statement: 
    INSERT INTO books (title, authors, price, rating)
    VALUES (%s, %s, %s, %s)
    , parameters: ('Data Privacy: A runbook for engineers', 'Nishant Bhajaria', '35.', '4.8 out of 5 stars')
[2024-10-08T05:11:31.566+0000] {sql.py:518} INFO - Rows affected: 1
[2024-10-08T05:11:31.571+0000] {base.py:84} INFO - Retrieving connection 'books_connection'
[2024-10-08T05:11:31.573+0000] {sql.py:509} INFO - Running statement: 
    INSERT INTO books (title, authors, price, rating)
    VALUES (%s, %s, %s, %s)
    , parameters: ('Fundamentals of Data Engineering: Plan and Build Robust Data Systems', 'Joe Reis', '25.', '4.7 out of 5 stars')
[2024-10-08T05:11:31.574+0000] {sql.py:518} INFO - Rows affected: 1
[2024-10-08T05:11:31.578+0000] {base.py:84} INFO - Retrieving connection 'books_connection'
[2024-10-08T05:11:31.583+0000] {sql.py:509} INFO - Running statement: 
    INSERT INTO books (title, authors, price, rating)
    VALUES (%s, %s, %s, %s)
    , parameters: ('Designing Data-Intensive Applications: The Big Ideas Behind Reliable, Scalable, and Maintainable Systems', 'Martin Kleppmann', '55.', '4.7 out of 5 stars')
[2024-10-08T05:11:31.586+0000] {sql.py:518} INFO - Rows affected: 1
[2024-10-08T05:11:31.592+0000] {base.py:84} INFO - Retrieving connection 'books_connection'
[2024-10-08T05:11:31.595+0000] {sql.py:509} INFO - Running statement: 
    INSERT INTO books (title, authors, price, rating)
    VALUES (%s, %s, %s, %s)
    , parameters: ('Fundamentals of Data Analytics: Learn Essential Skills, Embrace the Future, and Catapult Your Career in the Data-Driven World—A Comprehensive Guide to Data Literacy for Beginners', 'Russell Dawson', '17.', '4.8 out of 5 stars')
[2024-10-08T05:11:31.599+0000] {sql.py:518} INFO - Rows affected: 1
[2024-10-08T05:11:31.603+0000] {base.py:84} INFO - Retrieving connection 'books_connection'
[2024-10-08T05:11:31.605+0000] {sql.py:509} INFO - Running statement: 
    INSERT INTO books (title, authors, price, rating)
    VALUES (%s, %s, %s, %s)
    , parameters: ("Ultimate Data Engineering with Databricks: Develop Scalable Data Pipelines Using Data Engineering's Core Tenets Such as Delta Tables, Ingestion, ... Security, and Scalability (English Edition)", 'Mayank Malhotra', '37.', '4.1 out of 5 stars')
[2024-10-08T05:11:31.606+0000] {sql.py:518} INFO - Rows affected: 1
[2024-10-08T05:11:31.609+0000] {base.py:84} INFO - Retrieving connection 'books_connection'
[2024-10-08T05:11:31.612+0000] {sql.py:509} INFO - Running statement: 
    INSERT INTO books (title, authors, price, rating)
    VALUES (%s, %s, %s, %s)
    , parameters: ('Data Engineering with dbt: A practical guide to building a cloud-based, pragmatic, and dependable data platform with SQL', 'Roberto Zagni', '37.', '4.6 out of 5 stars')
[2024-10-08T05:11:31.613+0000] {sql.py:518} INFO - Rows affected: 1
[2024-10-08T05:11:31.619+0000] {base.py:84} INFO - Retrieving connection 'books_connection'
[2024-10-08T05:11:31.621+0000] {sql.py:509} INFO - Running statement: 
    INSERT INTO books (title, authors, price, rating)
    VALUES (%s, %s, %s, %s)
    , parameters: ('Data Engineering with Python: Work with massive datasets to design data models and automate data pipelines using Python', 'Paul Crickard', '37.', '4.1 out of 5 stars')
[2024-10-08T05:11:31.622+0000] {sql.py:518} INFO - Rows affected: 1
[2024-10-08T05:11:31.630+0000] {base.py:84} INFO - Retrieving connection 'books_connection'
[2024-10-08T05:11:31.633+0000] {sql.py:509} INFO - Running statement: 
    INSERT INTO books (title, authors, price, rating)
    VALUES (%s, %s, %s, %s)
    , parameters: ('Data Governance Handbook: A practical approach to building trust in data', 'Wendy S Batchelder', '49.', '5.0 out of 5 stars')
[2024-10-08T05:11:31.635+0000] {sql.py:518} INFO - Rows affected: 1
[2024-10-08T05:11:31.643+0000] {base.py:84} INFO - Retrieving connection 'books_connection'
[2024-10-08T05:11:31.645+0000] {sql.py:509} INFO - Running statement: 
    INSERT INTO books (title, authors, price, rating)
    VALUES (%s, %s, %s, %s)
    , parameters: ('Cracking the Data Engineering Interview: Land your dream job with the help of resume-building tips, over 100 mock questions, and a unique portfolio', 'Kedeisha Bryan', '26.', '4.4 out of 5 stars')
[2024-10-08T05:11:31.646+0000] {sql.py:518} INFO - Rows affected: 1
[2024-10-08T05:11:31.651+0000] {base.py:84} INFO - Retrieving connection 'books_connection'
[2024-10-08T05:11:31.654+0000] {sql.py:509} INFO - Running statement: 
    INSERT INTO books (title, authors, price, rating)
    VALUES (%s, %s, %s, %s)
    , parameters: ('Data Pipelines Pocket Reference: Moving and Processing Data for Analytics', 'James Densmore', '17.', '4.5 out of 5 stars')
[2024-10-08T05:11:31.655+0000] {sql.py:518} INFO - Rows affected: 1
[2024-10-08T05:11:31.658+0000] {base.py:84} INFO - Retrieving connection 'books_connection'
[2024-10-08T05:11:31.660+0000] {sql.py:509} INFO - Running statement: 
    INSERT INTO books (title, authors, price, rating)
    VALUES (%s, %s, %s, %s)
    , parameters: ('Ace the Data Science Interview: 201 Real Interview Questions Asked By FAANG, Tech Startups, & Wall Street', 'Nick Singh', '42.', '4.5 out of 5 stars')
[2024-10-08T05:11:31.661+0000] {sql.py:518} INFO - Rows affected: 1
[2024-10-08T05:11:31.665+0000] {base.py:84} INFO - Retrieving connection 'books_connection'
[2024-10-08T05:11:31.669+0000] {sql.py:509} INFO - Running statement: 
    INSERT INTO books (title, authors, price, rating)
    VALUES (%s, %s, %s, %s)
    , parameters: ('Ace the Data Engineering Interview: Questions and Answers for Python, SQL, Data Modeling and More', 'Sean Coyne', '24.', '3.8 out of 5 stars')
[2024-10-08T05:11:31.670+0000] {sql.py:518} INFO - Rows affected: 1
[2024-10-08T05:11:31.675+0000] {base.py:84} INFO - Retrieving connection 'books_connection'
[2024-10-08T05:11:31.678+0000] {sql.py:509} INFO - Running statement: 
    INSERT INTO books (title, authors, price, rating)
    VALUES (%s, %s, %s, %s)
    , parameters: ('Data Engineering with Databricks Cookbook: Build effective data and AI solutions using Apache Spark, Databricks, and Delta Lake', 'Pulkit Chadha', '49.', '4.3 out of 5 stars')
[2024-10-08T05:11:31.678+0000] {sql.py:518} INFO - Rows affected: 1
[2024-10-08T05:11:31.683+0000] {base.py:84} INFO - Retrieving connection 'books_connection'
[2024-10-08T05:11:31.685+0000] {sql.py:509} INFO - Running statement: 
    INSERT INTO books (title, authors, price, rating)
    VALUES (%s, %s, %s, %s)
    , parameters: ("Engineering Data Mesh in Azure Cloud: Implement data mesh using Microsoft Azure's Cloud Adoption Framework", 'Paperback', '47.', '4.5 out of 5 stars')
[2024-10-08T05:11:31.686+0000] {sql.py:518} INFO - Rows affected: 1
[2024-10-08T05:11:31.690+0000] {base.py:84} INFO - Retrieving connection 'books_connection'
[2024-10-08T05:11:31.695+0000] {sql.py:509} INFO - Running statement: 
    INSERT INTO books (title, authors, price, rating)
    VALUES (%s, %s, %s, %s)
    , parameters: ('Data-Centric Machine Learning with Python: The ultimate guide to engineering and deploying high-quality models based on good data', 'Jonas Christensen', '49.', '4.6 out of 5 stars')
[2024-10-08T05:11:31.696+0000] {sql.py:518} INFO - Rows affected: 1
[2024-10-08T05:11:31.701+0000] {base.py:84} INFO - Retrieving connection 'books_connection'
[2024-10-08T05:11:31.704+0000] {sql.py:509} INFO - Running statement: 
    INSERT INTO books (title, authors, price, rating)
    VALUES (%s, %s, %s, %s)
    , parameters: ('Python Data Engineering Resources: Forge Your Path to Success in Data Engineering, Machine Learning and AI', 'Vajo Lukic', '0.', '4.9 out of 5 stars')
[2024-10-08T05:11:31.705+0000] {sql.py:518} INFO - Rows affected: 1
[2024-10-08T05:11:31.710+0000] {base.py:84} INFO - Retrieving connection 'books_connection'
[2024-10-08T05:11:31.713+0000] {sql.py:509} INFO - Running statement: 
    INSERT INTO books (title, authors, price, rating)
    VALUES (%s, %s, %s, %s)
    , parameters: ('Mastering Databricks Lakehouse Platform: Perform Data Warehousing, Data Engineering, Machine Learning, DevOps, and BI into a Single Platform (English Edition)', 'Sagar Lad', '32.', '3.6 out of 5 stars')
[2024-10-08T05:11:31.714+0000] {sql.py:518} INFO - Rows affected: 1
[2024-10-08T05:11:31.718+0000] {base.py:84} INFO - Retrieving connection 'books_connection'
[2024-10-08T05:11:31.720+0000] {sql.py:509} INFO - Running statement: 
    INSERT INTO books (title, authors, price, rating)
    VALUES (%s, %s, %s, %s)
    , parameters: ('Software Engineering for Data Scientists: From Notebooks to Scalable Systems', 'Catherine Nelson', '51.', '4.4 out of 5 stars')
[2024-10-08T05:11:31.721+0000] {sql.py:518} INFO - Rows affected: 1
[2024-10-08T05:11:31.725+0000] {base.py:84} INFO - Retrieving connection 'books_connection'
[2024-10-08T05:11:31.728+0000] {sql.py:509} INFO - Running statement: 
    INSERT INTO books (title, authors, price, rating)
    VALUES (%s, %s, %s, %s)
    , parameters: ('Essentials of Data Engineering', 'Dr. Mukesh Saini', '19.', '5.0 out of 5 stars')
[2024-10-08T05:11:31.729+0000] {sql.py:518} INFO - Rows affected: 1
[2024-10-08T05:11:31.733+0000] {base.py:84} INFO - Retrieving connection 'books_connection'
[2024-10-08T05:11:31.734+0000] {sql.py:509} INFO - Running statement: 
    INSERT INTO books (title, authors, price, rating)
    VALUES (%s, %s, %s, %s)
    , parameters: ('Data Engineering with AWS: Learn how to design and build cloud-based data transformation pipelines using AWS', 'Gareth Eagar', '49.', '4.4 out of 5 stars')
[2024-10-08T05:11:31.735+0000] {sql.py:518} INFO - Rows affected: 1
[2024-10-08T05:11:31.738+0000] {base.py:84} INFO - Retrieving connection 'books_connection'
[2024-10-08T05:11:31.740+0000] {sql.py:509} INFO - Running statement: 
    INSERT INTO books (title, authors, price, rating)
    VALUES (%s, %s, %s, %s)
    , parameters: ("Data: Principles To Practice - Volume 1 'Foundations': Essential Foundations: Key Concepts behind Data Architecture, Engineering and Analysis for Professionals", 'Mr Alex Holloway', '12.', '4.6 out of 5 stars')
[2024-10-08T05:11:31.741+0000] {sql.py:518} INFO - Rows affected: 1
[2024-10-08T05:11:31.744+0000] {base.py:84} INFO - Retrieving connection 'books_connection'
[2024-10-08T05:11:31.745+0000] {sql.py:509} INFO - Running statement: 
    INSERT INTO books (title, authors, price, rating)
    VALUES (%s, %s, %s, %s)
    , parameters: ('Data Engineering with Python cookbook: Learn to build efficient data pipelines using the Modern Cloud Data Stack', 'Adithyan Ramanujakootam', '32.', '5.0 out of 5 stars')
[2024-10-08T05:11:31.746+0000] {sql.py:518} INFO - Rows affected: 1
[2024-10-08T05:11:31.749+0000] {base.py:84} INFO - Retrieving connection 'books_connection'
[2024-10-08T05:11:31.751+0000] {sql.py:509} INFO - Running statement: 
    INSERT INTO books (title, authors, price, rating)
    VALUES (%s, %s, %s, %s)
    , parameters: ("Data Quality Fundamentals: A Practitioner's Guide to Building Trustworthy Data Pipelines", 'Paperback', '45.', '4.1 out of 5 stars')
[2024-10-08T05:11:31.751+0000] {sql.py:518} INFO - Rows affected: 1
[2024-10-08T05:11:31.754+0000] {base.py:84} INFO - Retrieving connection 'books_connection'
[2024-10-08T05:11:31.756+0000] {sql.py:509} INFO - Running statement: 
    INSERT INTO books (title, authors, price, rating)
    VALUES (%s, %s, %s, %s)
    , parameters: ('Data Engineering with Google Cloud Platform: A practical guide to operationalizing scalable data analytics systems on GCP', 'Adi Wijaya', '41.', '4.7 out of 5 stars')
[2024-10-08T05:11:31.757+0000] {sql.py:518} INFO - Rows affected: 1
[2024-10-08T05:11:31.760+0000] {base.py:84} INFO - Retrieving connection 'books_connection'
[2024-10-08T05:11:31.762+0000] {sql.py:509} INFO - Running statement: 
    INSERT INTO books (title, authors, price, rating)
    VALUES (%s, %s, %s, %s)
    , parameters: ('DATA ENGINEERING AND AI FOR BEGINNERS: Revolutionizing Data Processing and Analytics by Leveraging Artificial Intelligence for Efficient Input Collection, Storage, and Transformation (World of AI)', 'Paperback', '13.', '4.3 out of 5 stars')
[2024-10-08T05:11:31.762+0000] {sql.py:518} INFO - Rows affected: 1
[2024-10-08T05:11:31.766+0000] {base.py:84} INFO - Retrieving connection 'books_connection'
[2024-10-08T05:11:31.768+0000] {sql.py:509} INFO - Running statement: 
    INSERT INTO books (title, authors, price, rating)
    VALUES (%s, %s, %s, %s)
    , parameters: ('Data Engineering with Apache Spark, Delta Lake, and Lakehouse: Create scalable pipelines that ingest, curate, and aggregate complex data in a timely and secure way', 'Manoj Kukreja', '46.', '3.9 out of 5 stars')
[2024-10-08T05:11:31.769+0000] {sql.py:518} INFO - Rows affected: 1
[2024-10-08T05:11:31.774+0000] {base.py:84} INFO - Retrieving connection 'books_connection'
[2024-10-08T05:11:31.777+0000] {sql.py:509} INFO - Running statement: 
    INSERT INTO books (title, authors, price, rating)
    VALUES (%s, %s, %s, %s)
    , parameters: ('Data-Driven Science and Engineering: Machine Learning, Dynamical Systems, and Control', 'Steven L. Brunton', '64.', '4.8 out of 5 stars')
[2024-10-08T05:11:31.777+0000] {sql.py:518} INFO - Rows affected: 1
[2024-10-08T05:11:31.780+0000] {base.py:84} INFO - Retrieving connection 'books_connection'
[2024-10-08T05:11:31.782+0000] {sql.py:509} INFO - Running statement: 
    INSERT INTO books (title, authors, price, rating)
    VALUES (%s, %s, %s, %s)
    , parameters: ('Data Engineering with Google Cloud Platform: A guide to leveling up as a data engineer by building a scalable data platform with Google Cloud', 'Adi Wijaya', '40.', '4.8 out of 5 stars')
[2024-10-08T05:11:31.783+0000] {sql.py:518} INFO - Rows affected: 1
[2024-10-08T05:11:31.786+0000] {base.py:84} INFO - Retrieving connection 'books_connection'
[2024-10-08T05:11:31.787+0000] {sql.py:509} INFO - Running statement: 
    INSERT INTO books (title, authors, price, rating)
    VALUES (%s, %s, %s, %s)
    , parameters: ('97 Things Every Data Engineer Should Know: Collective Wisdom from the Experts', 'Tobias Macey', '28.', '4.1 out of 5 stars')
[2024-10-08T05:11:31.788+0000] {sql.py:518} INFO - Rows affected: 1
[2024-10-08T05:11:31.791+0000] {base.py:84} INFO - Retrieving connection 'books_connection'
[2024-10-08T05:11:31.792+0000] {sql.py:509} INFO - Running statement: 
    INSERT INTO books (title, authors, price, rating)
    VALUES (%s, %s, %s, %s)
    , parameters: ('Analytics Engineering with SQL and dbt: Building Meaningful Data Models at Scale', 'Rui Pedro Machado', '41.', '3.9 out of 5 stars')
[2024-10-08T05:11:31.793+0000] {sql.py:518} INFO - Rows affected: 1
[2024-10-08T05:11:31.796+0000] {base.py:84} INFO - Retrieving connection 'books_connection'
[2024-10-08T05:11:31.797+0000] {sql.py:509} INFO - Running statement: 
    INSERT INTO books (title, authors, price, rating)
    VALUES (%s, %s, %s, %s)
    , parameters: ('Data Engineering with Scala and Spark: Build streaming and batch pipelines that process massive amounts of data using Scala', 'Eric Tome', '29.', '4.1 out of 5 stars')
[2024-10-08T05:11:31.798+0000] {sql.py:518} INFO - Rows affected: 1
[2024-10-08T05:11:31.801+0000] {base.py:84} INFO - Retrieving connection 'books_connection'
[2024-10-08T05:11:31.802+0000] {sql.py:509} INFO - Running statement: 
    INSERT INTO books (title, authors, price, rating)
    VALUES (%s, %s, %s, %s)
    , parameters: ('Storytelling with Data: A Data Visualization Guide for Business Professionals', 'Cole Nussbaumer Knaflic', '27.', '4.6 out of 5 stars')
[2024-10-08T05:11:31.803+0000] {sql.py:518} INFO - Rows affected: 1
[2024-10-08T05:11:31.806+0000] {base.py:84} INFO - Retrieving connection 'books_connection'
[2024-10-08T05:11:31.807+0000] {sql.py:509} INFO - Running statement: 
    INSERT INTO books (title, authors, price, rating)
    VALUES (%s, %s, %s, %s)
    , parameters: ('Data Mesh: Delivering Data-Driven Value at Scale', 'Zhamak Dehghani', '43.', '4.5 out of 5 stars')
[2024-10-08T05:11:31.808+0000] {sql.py:518} INFO - Rows affected: 1
[2024-10-08T05:11:31.811+0000] {base.py:84} INFO - Retrieving connection 'books_connection'
[2024-10-08T05:11:31.814+0000] {sql.py:509} INFO - Running statement: 
    INSERT INTO books (title, authors, price, rating)
    VALUES (%s, %s, %s, %s)
    , parameters: ('Data Engineering 101', 'Kindle', '0.', '3.9 out of 5 stars')
[2024-10-08T05:11:31.815+0000] {sql.py:518} INFO - Rows affected: 1
[2024-10-08T05:11:31.820+0000] {base.py:84} INFO - Retrieving connection 'books_connection'
[2024-10-08T05:11:31.822+0000] {sql.py:509} INFO - Running statement: 
    INSERT INTO books (title, authors, price, rating)
    VALUES (%s, %s, %s, %s)
    , parameters: ('Data Modeling with Snowflake: A practical guide to accelerating Snowflake development using universal data modeling techniques', 'Serge Gershkovich', '36.', '4.8 out of 5 stars')
[2024-10-08T05:11:31.823+0000] {sql.py:518} INFO - Rows affected: 1
[2024-10-08T05:11:31.828+0000] {base.py:84} INFO - Retrieving connection 'books_connection'
[2024-10-08T05:11:31.830+0000] {sql.py:509} INFO - Running statement: 
    INSERT INTO books (title, authors, price, rating)
    VALUES (%s, %s, %s, %s)
    , parameters: ('Official Google Cloud Certified Professional Data Engineer Study Guide', 'Dan Sullivan', '33.', '4.5 out of 5 stars')
[2024-10-08T05:11:31.831+0000] {sql.py:518} INFO - Rows affected: 1
[2024-10-08T05:11:31.836+0000] {base.py:84} INFO - Retrieving connection 'books_connection'
[2024-10-08T05:11:31.839+0000] {sql.py:509} INFO - Running statement: 
    INSERT INTO books (title, authors, price, rating)
    VALUES (%s, %s, %s, %s)
    , parameters: ('Machine Learning Engineering', 'Andriy Burkov', '39.', '4.7 out of 5 stars')
[2024-10-08T05:11:31.840+0000] {sql.py:518} INFO - Rows affected: 1
[2024-10-08T05:11:31.844+0000] {base.py:84} INFO - Retrieving connection 'books_connection'
[2024-10-08T05:11:31.847+0000] {sql.py:509} INFO - Running statement: 
    INSERT INTO books (title, authors, price, rating)
    VALUES (%s, %s, %s, %s)
    , parameters: ('Fundamentals of Data Observability: Implement Trustworthy End-to-End Data Solutions', 'Andy Petrella', '36.', '4.0 out of 5 stars')
[2024-10-08T05:11:31.848+0000] {sql.py:518} INFO - Rows affected: 1
[2024-10-08T05:11:31.853+0000] {base.py:84} INFO - Retrieving connection 'books_connection'
[2024-10-08T05:11:31.856+0000] {sql.py:509} INFO - Running statement: 
    INSERT INTO books (title, authors, price, rating)
    VALUES (%s, %s, %s, %s)
    , parameters: ('Modern Data Engineering with Apache Spark: A Hands-On Guide for Building Mission-Critical Streaming Applications', 'Scott Haines', '29.', '4.1 out of 5 stars')
[2024-10-08T05:11:31.857+0000] {sql.py:518} INFO - Rows affected: 1
[2024-10-08T05:11:31.862+0000] {base.py:84} INFO - Retrieving connection 'books_connection'
[2024-10-08T05:11:31.864+0000] {sql.py:509} INFO - Running statement: 
    INSERT INTO books (title, authors, price, rating)
    VALUES (%s, %s, %s, %s)
    , parameters: ('Python Feature Engineering Cookbook: A complete guide to crafting powerful features for your machine learning models', 'Soledad Galli', '44.', '5.0 out of 5 stars')
[2024-10-08T05:11:31.865+0000] {sql.py:518} INFO - Rows affected: 1
[2024-10-08T05:11:31.868+0000] {base.py:84} INFO - Retrieving connection 'books_connection'
[2024-10-08T05:11:31.870+0000] {sql.py:509} INFO - Running statement: 
    INSERT INTO books (title, authors, price, rating)
    VALUES (%s, %s, %s, %s)
    , parameters: ('Data Engineering with Databricks', 'Kindle', '0.', '3.4 out of 5 stars')
[2024-10-08T05:11:31.871+0000] {sql.py:518} INFO - Rows affected: 1
[2024-10-08T05:11:31.875+0000] {base.py:84} INFO - Retrieving connection 'books_connection'
[2024-10-08T05:11:31.878+0000] {sql.py:509} INFO - Running statement: 
    INSERT INTO books (title, authors, price, rating)
    VALUES (%s, %s, %s, %s)
    , parameters: ('Azure Data Factory by Example: Practical Implementation for Data Engineers', 'Richard Swinbank', '33.', '4.2 out of 5 stars')
[2024-10-08T05:11:31.878+0000] {sql.py:518} INFO - Rows affected: 1
[2024-10-08T05:11:31.882+0000] {base.py:84} INFO - Retrieving connection 'books_connection'
[2024-10-08T05:11:31.885+0000] {sql.py:509} INFO - Running statement: 
    INSERT INTO books (title, authors, price, rating)
    VALUES (%s, %s, %s, %s)
    , parameters: ('Data Quality Engineering in Financial Services: Applying Manufacturing Techniques to Data', 'Brian Buzzelli', '30.', '4.4 out of 5 stars')
[2024-10-08T05:11:31.886+0000] {sql.py:518} INFO - Rows affected: 1
[2024-10-08T05:11:31.892+0000] {base.py:84} INFO - Retrieving connection 'books_connection'
[2024-10-08T05:11:31.894+0000] {sql.py:509} INFO - Running statement: 
    INSERT INTO books (title, authors, price, rating)
    VALUES (%s, %s, %s, %s)
    , parameters: ('Prompt Engineering for Generative AI: Future-Proof Inputs for Reliable AI Outputs', 'James Phoenix', '53.', '4.5 out of 5 stars')
[2024-10-08T05:11:31.895+0000] {sql.py:518} INFO - Rows affected: 1
[2024-10-08T05:11:31.899+0000] {base.py:84} INFO - Retrieving connection 'books_connection'
[2024-10-08T05:11:31.902+0000] {sql.py:509} INFO - Running statement: 
    INSERT INTO books (title, authors, price, rating)
    VALUES (%s, %s, %s, %s)
    , parameters: ('Data Observability for Data Engineering: Proactive strategies for ensuring data accuracy and addressing broken data pipelines', 'Michele Pinto', '18.', '3.7 out of 5 stars')
[2024-10-08T05:11:31.902+0000] {sql.py:518} INFO - Rows affected: 1
[2024-10-08T05:11:31.907+0000] {base.py:84} INFO - Retrieving connection 'books_connection'
[2024-10-08T05:11:31.909+0000] {sql.py:509} INFO - Running statement: 
    INSERT INTO books (title, authors, price, rating)
    VALUES (%s, %s, %s, %s)
    , parameters: ('Better Data Visualizations: A Guide for Scholars, Researchers, and Wonks', 'Jonathan Schwabish', '26.', '4.5 out of 5 stars')
[2024-10-08T05:11:31.910+0000] {sql.py:518} INFO - Rows affected: 1
[2024-10-08T05:11:31.915+0000] {base.py:84} INFO - Retrieving connection 'books_connection'
[2024-10-08T05:11:31.917+0000] {sql.py:509} INFO - Running statement: 
    INSERT INTO books (title, authors, price, rating)
    VALUES (%s, %s, %s, %s)
    , parameters: ("Applied Machine Learning and AI for Engineers: Solve Business Problems That Can't Be Solved Algorithmically", 'Jeff Prosise', '70.', '4.5 out of 5 stars')
[2024-10-08T05:11:31.918+0000] {sql.py:518} INFO - Rows affected: 1
[2024-10-08T05:11:31.919+0000] {python.py:240} INFO - Done. Returned value was: None
[2024-10-08T05:11:31.925+0000] {taskinstance.py:340} INFO - ::group::Post task execution logs
[2024-10-08T05:11:31.926+0000] {taskinstance.py:352} INFO - Marking task as SUCCESS. dag_id=fetch_and_store_amazon_books, task_id=insert_book_data, run_id=scheduled__2024-07-11T00:00:00+00:00, execution_date=20240711T000000, start_date=20241008T051131, end_date=20241008T051131
[2024-10-08T05:11:31.932+0000] {logging_mixin.py:190} INFO - Task instance in success state
[2024-10-08T05:11:31.932+0000] {logging_mixin.py:190} INFO -  Previous state of the Task instance: running
[2024-10-08T05:11:31.932+0000] {logging_mixin.py:190} INFO - Dag name:fetch_and_store_amazon_books queued_at:2024-10-08 05:11:21.464730+00:00
[2024-10-08T05:11:31.932+0000] {logging_mixin.py:190} INFO - Task hostname:a344f6bef387 operator:PythonOperator
[2024-10-08T05:11:31.956+0000] {local_task_job_runner.py:261} INFO - Task exited with return code 0
[2024-10-08T05:11:31.969+0000] {taskinstance.py:3891} INFO - 0 downstream tasks scheduled from follow-on schedule check
[2024-10-08T05:11:31.969+0000] {local_task_job_runner.py:240} INFO - ::endgroup::
