[2024-10-08T05:34:09.509+0000] {local_task_job_runner.py:123} INFO - ::group::Pre task execution logs
[2024-10-08T05:34:09.524+0000] {taskinstance.py:2603} INFO - Dependencies all met for dep_context=non-requeueable deps ti=<TaskInstance: fetch_and_store_amazon_books.fetch_book_data scheduled__2024-09-24T00:00:00+00:00 [queued]>
[2024-10-08T05:34:09.529+0000] {taskinstance.py:2603} INFO - Dependencies all met for dep_context=requeueable deps ti=<TaskInstance: fetch_and_store_amazon_books.fetch_book_data scheduled__2024-09-24T00:00:00+00:00 [queued]>
[2024-10-08T05:34:09.530+0000] {taskinstance.py:2856} INFO - Starting attempt 1 of 2
[2024-10-08T05:34:09.540+0000] {taskinstance.py:2879} INFO - Executing <Task(PythonOperator): fetch_book_data> on 2024-09-24 00:00:00+00:00
[2024-10-08T05:34:09.547+0000] {warnings.py:112} WARNING - /home/***/.local/lib/python3.12/site-packages/***/task/task_runner/standard_task_runner.py:70: DeprecationWarning: This process (pid=108) is multi-threaded, use of fork() may lead to deadlocks in the child.
  pid = os.fork()

[2024-10-08T05:34:09.553+0000] {standard_task_runner.py:72} INFO - Started process 116 to run task
[2024-10-08T05:34:09.552+0000] {standard_task_runner.py:104} INFO - Running: ['***', 'tasks', 'run', 'fetch_and_store_amazon_books', 'fetch_book_data', 'scheduled__2024-09-24T00:00:00+00:00', '--job-id', '244', '--raw', '--subdir', 'DAGS_FOLDER/app.py', '--cfg-path', '/tmp/tmpzr53702f']
[2024-10-08T05:34:09.555+0000] {standard_task_runner.py:105} INFO - Job 244: Subtask fetch_book_data
[2024-10-08T05:34:09.630+0000] {task_command.py:467} INFO - Running <TaskInstance: fetch_and_store_amazon_books.fetch_book_data scheduled__2024-09-24T00:00:00+00:00 [running]> on host 475658bd4f83
[2024-10-08T05:34:09.722+0000] {taskinstance.py:3122} INFO - Exporting env vars: AIRFLOW_CTX_DAG_OWNER='***' AIRFLOW_CTX_DAG_ID='fetch_and_store_amazon_books' AIRFLOW_CTX_TASK_ID='fetch_book_data' AIRFLOW_CTX_EXECUTION_DATE='2024-09-24T00:00:00+00:00' AIRFLOW_CTX_TRY_NUMBER='1' AIRFLOW_CTX_DAG_RUN_ID='scheduled__2024-09-24T00:00:00+00:00'
[2024-10-08T05:34:09.724+0000] {logging_mixin.py:190} INFO - Task instance is in running state
[2024-10-08T05:34:09.724+0000] {logging_mixin.py:190} INFO -  Previous state of the Task instance: queued
[2024-10-08T05:34:09.724+0000] {logging_mixin.py:190} INFO - Current task name:fetch_book_data state:running start_date:2024-10-08 05:34:09.524581+00:00
[2024-10-08T05:34:09.724+0000] {logging_mixin.py:190} INFO - Dag name:fetch_and_store_amazon_books and current dag run status:running
[2024-10-08T05:34:09.724+0000] {taskinstance.py:731} INFO - ::endgroup::
[2024-10-08T05:34:12.036+0000] {python.py:240} INFO - Done. Returned value was: None
[2024-10-08T05:34:12.050+0000] {taskinstance.py:340} INFO - ::group::Post task execution logs
[2024-10-08T05:34:12.051+0000] {taskinstance.py:352} INFO - Marking task as SUCCESS. dag_id=fetch_and_store_amazon_books, task_id=fetch_book_data, run_id=scheduled__2024-09-24T00:00:00+00:00, execution_date=20240924T000000, start_date=20241008T053409, end_date=20241008T053412
[2024-10-08T05:34:12.072+0000] {logging_mixin.py:190} INFO - Task instance in success state
[2024-10-08T05:34:12.073+0000] {logging_mixin.py:190} INFO -  Previous state of the Task instance: running
[2024-10-08T05:34:12.074+0000] {logging_mixin.py:190} INFO - Dag name:fetch_and_store_amazon_books queued_at:2024-10-08 05:34:07.659162+00:00
[2024-10-08T05:34:12.075+0000] {logging_mixin.py:190} INFO - Task hostname:475658bd4f83 operator:PythonOperator
[2024-10-08T05:34:12.103+0000] {local_task_job_runner.py:261} INFO - Task exited with return code 0
[2024-10-08T05:34:12.140+0000] {warnings.py:112} WARNING - /home/***/.local/lib/python3.12/site-packages/***/models/baseoperator.py:1378: AirflowProviderDeprecationWarning: Call to deprecated class PostgresOperator. (Please use `***.providers.common.sql.operators.sql.SQLExecuteQueryOperator`.Also, you can provide `hook_params={'schema': <database>}`.)
  result = cls.__new__(cls)

[2024-10-08T05:34:12.160+0000] {taskinstance.py:3891} INFO - 1 downstream tasks scheduled from follow-on schedule check
[2024-10-08T05:34:12.163+0000] {local_task_job_runner.py:240} INFO - ::endgroup::
