[2024-10-08T05:25:33.744+0000] {local_task_job_runner.py:123} INFO - ::group::Pre task execution logs
[2024-10-08T05:25:33.762+0000] {taskinstance.py:2603} INFO - Dependencies all met for dep_context=non-requeueable deps ti=<TaskInstance: fetch_and_store_amazon_books.insert_book_data scheduled__2024-08-12T00:00:00+00:00 [queued]>
[2024-10-08T05:25:33.768+0000] {taskinstance.py:2603} INFO - Dependencies all met for dep_context=requeueable deps ti=<TaskInstance: fetch_and_store_amazon_books.insert_book_data scheduled__2024-08-12T00:00:00+00:00 [queued]>
[2024-10-08T05:25:33.769+0000] {taskinstance.py:2856} INFO - Starting attempt 1 of 2
[2024-10-08T05:25:33.777+0000] {taskinstance.py:2879} INFO - Executing <Task(PythonOperator): insert_book_data> on 2024-08-12 00:00:00+00:00
[2024-10-08T05:25:33.786+0000] {warnings.py:112} WARNING - /home/***/.local/lib/python3.12/site-packages/***/task/task_runner/standard_task_runner.py:70: DeprecationWarning: This process (pid=221) is multi-threaded, use of fork() may lead to deadlocks in the child.
  pid = os.fork()

[2024-10-08T05:25:33.788+0000] {standard_task_runner.py:72} INFO - Started process 227 to run task
[2024-10-08T05:25:33.790+0000] {standard_task_runner.py:104} INFO - Running: ['***', 'tasks', 'run', 'fetch_and_store_amazon_books', 'insert_book_data', 'scheduled__2024-08-12T00:00:00+00:00', '--job-id', '111', '--raw', '--subdir', 'DAGS_FOLDER/app.py', '--cfg-path', '/tmp/tmpcgh3ndj6']
[2024-10-08T05:25:33.792+0000] {standard_task_runner.py:105} INFO - Job 111: Subtask insert_book_data
[2024-10-08T05:25:33.837+0000] {task_command.py:467} INFO - Running <TaskInstance: fetch_and_store_amazon_books.insert_book_data scheduled__2024-08-12T00:00:00+00:00 [running]> on host 947926f81760
[2024-10-08T05:25:33.917+0000] {taskinstance.py:3122} INFO - Exporting env vars: AIRFLOW_CTX_DAG_OWNER='***' AIRFLOW_CTX_DAG_ID='fetch_and_store_amazon_books' AIRFLOW_CTX_TASK_ID='insert_book_data' AIRFLOW_CTX_EXECUTION_DATE='2024-08-12T00:00:00+00:00' AIRFLOW_CTX_TRY_NUMBER='1' AIRFLOW_CTX_DAG_RUN_ID='scheduled__2024-08-12T00:00:00+00:00'
[2024-10-08T05:25:33.920+0000] {logging_mixin.py:190} INFO - Task instance is in running state
[2024-10-08T05:25:33.921+0000] {logging_mixin.py:190} INFO -  Previous state of the Task instance: queued
[2024-10-08T05:25:33.921+0000] {logging_mixin.py:190} INFO - Current task name:insert_book_data state:running start_date:2024-10-08 05:25:33.762672+00:00
[2024-10-08T05:25:33.921+0000] {logging_mixin.py:190} INFO - Dag name:fetch_and_store_amazon_books and current dag run status:running
[2024-10-08T05:25:33.921+0000] {taskinstance.py:731} INFO - ::endgroup::
[2024-10-08T05:25:33.938+0000] {base.py:84} INFO - Retrieving connection 'books_connection'
[2024-10-08T05:25:33.942+0000] {sql.py:509} INFO - Running statement: 
    INSERT INTO books (title, authors, price, rating)
    VALUES (%s, %s, %s, %s)
    , parameters: ('Data Engineering with AWS - Second Edition: Acquire the skills to design and build AWS-based data transformation pipelines like a pro', 'Gareth Eagar', '41.', '4.4 out of 5 stars')
[2024-10-08T05:25:33.944+0000] {sql.py:518} INFO - Rows affected: 1
[2024-10-08T05:25:33.949+0000] {base.py:84} INFO - Retrieving connection 'books_connection'
[2024-10-08T05:25:33.954+0000] {sql.py:509} INFO - Running statement: 
    INSERT INTO books (title, authors, price, rating)
    VALUES (%s, %s, %s, %s)
    , parameters: ('Azure Data Engineer Associate Certification Guide: Ace the DP-203 exam with advanced data engineering skills', 'Giacinto Palmieri', '49.', '4.4 out of 5 stars')
[2024-10-08T05:25:33.958+0000] {sql.py:518} INFO - Rows affected: 1
[2024-10-08T05:25:33.964+0000] {base.py:84} INFO - Retrieving connection 'books_connection'
[2024-10-08T05:25:33.968+0000] {sql.py:509} INFO - Running statement: 
    INSERT INTO books (title, authors, price, rating)
    VALUES (%s, %s, %s, %s)
    , parameters: ('Fundamentals of Data Analytics: Learn Essential Skills, Embrace the Future, and Catapult Your Career in the Data-Driven World—A Comprehensive Guide to Data Literacy for Beginners', 'Russell Dawson', '17.', '4.8 out of 5 stars')
[2024-10-08T05:25:33.969+0000] {sql.py:518} INFO - Rows affected: 1
[2024-10-08T05:25:33.975+0000] {base.py:84} INFO - Retrieving connection 'books_connection'
[2024-10-08T05:25:33.979+0000] {sql.py:509} INFO - Running statement: 
    INSERT INTO books (title, authors, price, rating)
    VALUES (%s, %s, %s, %s)
    , parameters: ('Build a Career in Data Science', 'Emily Robinson', '35.', '4.6 out of 5 stars')
[2024-10-08T05:25:33.980+0000] {sql.py:518} INFO - Rows affected: 1
[2024-10-08T05:25:33.993+0000] {base.py:84} INFO - Retrieving connection 'books_connection'
[2024-10-08T05:25:34.001+0000] {sql.py:509} INFO - Running statement: 
    INSERT INTO books (title, authors, price, rating)
    VALUES (%s, %s, %s, %s)
    , parameters: ('Fundamentals of Data Engineering: Plan and Build Robust Data Systems', 'Joe Reis', '25.', '4.7 out of 5 stars')
[2024-10-08T05:25:34.002+0000] {sql.py:518} INFO - Rows affected: 1
[2024-10-08T05:25:34.015+0000] {base.py:84} INFO - Retrieving connection 'books_connection'
[2024-10-08T05:25:34.021+0000] {sql.py:509} INFO - Running statement: 
    INSERT INTO books (title, authors, price, rating)
    VALUES (%s, %s, %s, %s)
    , parameters: ('Designing Data-Intensive Applications: The Big Ideas Behind Reliable, Scalable, and Maintainable Systems', 'Martin Kleppmann', '55.', '4.7 out of 5 stars')
[2024-10-08T05:25:34.024+0000] {sql.py:518} INFO - Rows affected: 1
[2024-10-08T05:25:34.033+0000] {base.py:84} INFO - Retrieving connection 'books_connection'
[2024-10-08T05:25:34.040+0000] {sql.py:509} INFO - Running statement: 
    INSERT INTO books (title, authors, price, rating)
    VALUES (%s, %s, %s, %s)
    , parameters: ("Azure Data Factory Cookbook: A data engineer's guide to building and managing ETL and ELT pipelines with data integration", 'Dmitry Foshin', '51.', '4.2 out of 5 stars')
[2024-10-08T05:25:34.042+0000] {sql.py:518} INFO - Rows affected: 1
[2024-10-08T05:25:34.051+0000] {base.py:84} INFO - Retrieving connection 'books_connection'
[2024-10-08T05:25:34.054+0000] {sql.py:509} INFO - Running statement: 
    INSERT INTO books (title, authors, price, rating)
    VALUES (%s, %s, %s, %s)
    , parameters: ('Data Engineering with dbt: A practical guide to building a cloud-based, pragmatic, and dependable data platform with SQL', 'Roberto Zagni', '37.', '4.6 out of 5 stars')
[2024-10-08T05:25:34.055+0000] {sql.py:518} INFO - Rows affected: 1
[2024-10-08T05:25:34.061+0000] {base.py:84} INFO - Retrieving connection 'books_connection'
[2024-10-08T05:25:34.064+0000] {sql.py:509} INFO - Running statement: 
    INSERT INTO books (title, authors, price, rating)
    VALUES (%s, %s, %s, %s)
    , parameters: ("Ultimate Data Engineering with Databricks: Develop Scalable Data Pipelines Using Data Engineering's Core Tenets Such as Delta Tables, Ingestion, ... Security, and Scalability (English Edition)", 'Mayank Malhotra', '37.', '4.1 out of 5 stars')
[2024-10-08T05:25:34.065+0000] {sql.py:518} INFO - Rows affected: 1
[2024-10-08T05:25:34.070+0000] {base.py:84} INFO - Retrieving connection 'books_connection'
[2024-10-08T05:25:34.073+0000] {sql.py:509} INFO - Running statement: 
    INSERT INTO books (title, authors, price, rating)
    VALUES (%s, %s, %s, %s)
    , parameters: ('Data Engineering with Python: Work with massive datasets to design data models and automate data pipelines using Python', 'Paul Crickard', '37.', '4.1 out of 5 stars')
[2024-10-08T05:25:34.074+0000] {sql.py:518} INFO - Rows affected: 1
[2024-10-08T05:25:34.078+0000] {base.py:84} INFO - Retrieving connection 'books_connection'
[2024-10-08T05:25:34.081+0000] {sql.py:509} INFO - Running statement: 
    INSERT INTO books (title, authors, price, rating)
    VALUES (%s, %s, %s, %s)
    , parameters: ('Cracking the Data Engineering Interview: Land your dream job with the help of resume-building tips, over 100 mock questions, and a unique portfolio', 'Kedeisha Bryan', '26.', '4.4 out of 5 stars')
[2024-10-08T05:25:34.083+0000] {sql.py:518} INFO - Rows affected: 1
[2024-10-08T05:25:34.092+0000] {base.py:84} INFO - Retrieving connection 'books_connection'
[2024-10-08T05:25:34.100+0000] {sql.py:509} INFO - Running statement: 
    INSERT INTO books (title, authors, price, rating)
    VALUES (%s, %s, %s, %s)
    , parameters: ('Data Pipelines Pocket Reference: Moving and Processing Data for Analytics', 'James Densmore', '17.', '4.5 out of 5 stars')
[2024-10-08T05:25:34.102+0000] {sql.py:518} INFO - Rows affected: 1
[2024-10-08T05:25:34.111+0000] {base.py:84} INFO - Retrieving connection 'books_connection'
[2024-10-08T05:25:34.116+0000] {sql.py:509} INFO - Running statement: 
    INSERT INTO books (title, authors, price, rating)
    VALUES (%s, %s, %s, %s)
    , parameters: ('Ace the Data Science Interview: 201 Real Interview Questions Asked By FAANG, Tech Startups, & Wall Street', 'Nick Singh', '42.', '4.5 out of 5 stars')
[2024-10-08T05:25:34.117+0000] {sql.py:518} INFO - Rows affected: 1
[2024-10-08T05:25:34.123+0000] {base.py:84} INFO - Retrieving connection 'books_connection'
[2024-10-08T05:25:34.127+0000] {sql.py:509} INFO - Running statement: 
    INSERT INTO books (title, authors, price, rating)
    VALUES (%s, %s, %s, %s)
    , parameters: ('Ace the Data Engineering Interview: Questions and Answers for Python, SQL, Data Modeling and More', 'Sean Coyne', '24.', '3.8 out of 5 stars')
[2024-10-08T05:25:34.127+0000] {sql.py:518} INFO - Rows affected: 1
[2024-10-08T05:25:34.132+0000] {base.py:84} INFO - Retrieving connection 'books_connection'
[2024-10-08T05:25:34.135+0000] {sql.py:509} INFO - Running statement: 
    INSERT INTO books (title, authors, price, rating)
    VALUES (%s, %s, %s, %s)
    , parameters: ('Data Engineering with Databricks Cookbook: Build effective data and AI solutions using Apache Spark, Databricks, and Delta Lake', 'Pulkit Chadha', '49.', '4.3 out of 5 stars')
[2024-10-08T05:25:34.136+0000] {sql.py:518} INFO - Rows affected: 1
[2024-10-08T05:25:34.140+0000] {base.py:84} INFO - Retrieving connection 'books_connection'
[2024-10-08T05:25:34.143+0000] {sql.py:509} INFO - Running statement: 
    INSERT INTO books (title, authors, price, rating)
    VALUES (%s, %s, %s, %s)
    , parameters: ('Software Engineering for Data Scientists: From Notebooks to Scalable Systems', 'Catherine Nelson', '51.', '4.4 out of 5 stars')
[2024-10-08T05:25:34.144+0000] {sql.py:518} INFO - Rows affected: 1
[2024-10-08T05:25:34.148+0000] {base.py:84} INFO - Retrieving connection 'books_connection'
[2024-10-08T05:25:34.151+0000] {sql.py:509} INFO - Running statement: 
    INSERT INTO books (title, authors, price, rating)
    VALUES (%s, %s, %s, %s)
    , parameters: ("Data: Principles To Practice - Volume 1 'Foundations': Essential Foundations: Key Concepts behind Data Architecture, Engineering and Analysis for Professionals", 'Mr Alex Holloway', '12.', '4.6 out of 5 stars')
[2024-10-08T05:25:34.152+0000] {sql.py:518} INFO - Rows affected: 1
[2024-10-08T05:25:34.157+0000] {base.py:84} INFO - Retrieving connection 'books_connection'
[2024-10-08T05:25:34.160+0000] {sql.py:509} INFO - Running statement: 
    INSERT INTO books (title, authors, price, rating)
    VALUES (%s, %s, %s, %s)
    , parameters: ('Essentials of Data Engineering', 'Dr. Mukesh Saini', '19.', '5.0 out of 5 stars')
[2024-10-08T05:25:34.161+0000] {sql.py:518} INFO - Rows affected: 1
[2024-10-08T05:25:34.166+0000] {base.py:84} INFO - Retrieving connection 'books_connection'
[2024-10-08T05:25:34.169+0000] {sql.py:509} INFO - Running statement: 
    INSERT INTO books (title, authors, price, rating)
    VALUES (%s, %s, %s, %s)
    , parameters: ('Data Engineering with AWS: Learn how to design and build cloud-based data transformation pipelines using AWS', 'Gareth Eagar', '49.', '4.4 out of 5 stars')
[2024-10-08T05:25:34.169+0000] {sql.py:518} INFO - Rows affected: 1
[2024-10-08T05:25:34.174+0000] {base.py:84} INFO - Retrieving connection 'books_connection'
[2024-10-08T05:25:34.177+0000] {sql.py:509} INFO - Running statement: 
    INSERT INTO books (title, authors, price, rating)
    VALUES (%s, %s, %s, %s)
    , parameters: ('Data Engineering with Python cookbook: Learn to build efficient data pipelines using the Modern Cloud Data Stack', 'Adithyan Ramanujakootam', '32.', '5.0 out of 5 stars')
[2024-10-08T05:25:34.178+0000] {sql.py:518} INFO - Rows affected: 1
[2024-10-08T05:25:34.184+0000] {base.py:84} INFO - Retrieving connection 'books_connection'
[2024-10-08T05:25:34.188+0000] {sql.py:509} INFO - Running statement: 
    INSERT INTO books (title, authors, price, rating)
    VALUES (%s, %s, %s, %s)
    , parameters: ("Data Quality Fundamentals: A Practitioner's Guide to Building Trustworthy Data Pipelines", 'Paperback', '45.', '4.1 out of 5 stars')
[2024-10-08T05:25:34.189+0000] {sql.py:518} INFO - Rows affected: 1
[2024-10-08T05:25:34.196+0000] {base.py:84} INFO - Retrieving connection 'books_connection'
[2024-10-08T05:25:34.201+0000] {sql.py:509} INFO - Running statement: 
    INSERT INTO books (title, authors, price, rating)
    VALUES (%s, %s, %s, %s)
    , parameters: ('Data Engineering with Google Cloud Platform: A practical guide to operationalizing scalable data analytics systems on GCP', 'Adi Wijaya', '41.', '4.7 out of 5 stars')
[2024-10-08T05:25:34.203+0000] {sql.py:518} INFO - Rows affected: 1
[2024-10-08T05:25:34.221+0000] {base.py:84} INFO - Retrieving connection 'books_connection'
[2024-10-08T05:25:34.229+0000] {sql.py:509} INFO - Running statement: 
    INSERT INTO books (title, authors, price, rating)
    VALUES (%s, %s, %s, %s)
    , parameters: ('DATA ENGINEERING AND AI FOR BEGINNERS: Revolutionizing Data Processing and Analytics by Leveraging Artificial Intelligence for Efficient Input Collection, Storage, and Transformation (World of AI)', 'Paperback', '13.', '4.3 out of 5 stars')
[2024-10-08T05:25:34.232+0000] {sql.py:518} INFO - Rows affected: 1
[2024-10-08T05:25:34.247+0000] {base.py:84} INFO - Retrieving connection 'books_connection'
[2024-10-08T05:25:34.254+0000] {sql.py:509} INFO - Running statement: 
    INSERT INTO books (title, authors, price, rating)
    VALUES (%s, %s, %s, %s)
    , parameters: ('Fundamentals of Data Engineering: A Comprehensive Guide to Designing, Building, and Managing Data Pipelines, Storage Solutions, and Processing Frameworks.', 'Paperback', '14.', '5.0 out of 5 stars')
[2024-10-08T05:25:34.260+0000] {sql.py:518} INFO - Rows affected: 1
[2024-10-08T05:25:34.281+0000] {base.py:84} INFO - Retrieving connection 'books_connection'
[2024-10-08T05:25:34.293+0000] {sql.py:509} INFO - Running statement: 
    INSERT INTO books (title, authors, price, rating)
    VALUES (%s, %s, %s, %s)
    , parameters: ('Data Privacy: A runbook for engineers', 'Nishant Bhajaria', '35.', '4.8 out of 5 stars')
[2024-10-08T05:25:34.297+0000] {sql.py:518} INFO - Rows affected: 1
[2024-10-08T05:25:34.314+0000] {base.py:84} INFO - Retrieving connection 'books_connection'
[2024-10-08T05:25:34.320+0000] {sql.py:509} INFO - Running statement: 
    INSERT INTO books (title, authors, price, rating)
    VALUES (%s, %s, %s, %s)
    , parameters: ('Data Engineering Fundamentals for Beginners: Mastering the Art of Building, Managing, and Scaling Data Systems', 'Paperback', '14.', '5.0 out of 5 stars')
[2024-10-08T05:25:34.323+0000] {sql.py:518} INFO - Rows affected: 1
[2024-10-08T05:25:34.340+0000] {base.py:84} INFO - Retrieving connection 'books_connection'
[2024-10-08T05:25:34.353+0000] {sql.py:509} INFO - Running statement: 
    INSERT INTO books (title, authors, price, rating)
    VALUES (%s, %s, %s, %s)
    , parameters: ("Engineering Data Mesh in Azure Cloud: Implement data mesh using Microsoft Azure's Cloud Adoption Framework", 'Paperback', '47.', '4.5 out of 5 stars')
[2024-10-08T05:25:34.356+0000] {sql.py:518} INFO - Rows affected: 1
[2024-10-08T05:25:34.372+0000] {base.py:84} INFO - Retrieving connection 'books_connection'
[2024-10-08T05:25:34.384+0000] {sql.py:509} INFO - Running statement: 
    INSERT INTO books (title, authors, price, rating)
    VALUES (%s, %s, %s, %s)
    , parameters: ('Data Engineering with Apache Spark, Delta Lake, and Lakehouse: Create scalable pipelines that ingest, curate, and aggregate complex data in a timely and secure way', 'Manoj Kukreja', '46.', '3.9 out of 5 stars')
[2024-10-08T05:25:34.387+0000] {sql.py:518} INFO - Rows affected: 1
[2024-10-08T05:25:34.416+0000] {base.py:84} INFO - Retrieving connection 'books_connection'
[2024-10-08T05:25:34.431+0000] {sql.py:509} INFO - Running statement: 
    INSERT INTO books (title, authors, price, rating)
    VALUES (%s, %s, %s, %s)
    , parameters: ('Data-Driven Science and Engineering: Machine Learning, Dynamical Systems, and Control', 'Steven L. Brunton', '64.', '4.8 out of 5 stars')
[2024-10-08T05:25:34.435+0000] {sql.py:518} INFO - Rows affected: 1
[2024-10-08T05:25:34.459+0000] {base.py:84} INFO - Retrieving connection 'books_connection'
[2024-10-08T05:25:34.471+0000] {sql.py:509} INFO - Running statement: 
    INSERT INTO books (title, authors, price, rating)
    VALUES (%s, %s, %s, %s)
    , parameters: ('Data Engineering with Google Cloud Platform: A guide to leveling up as a data engineer by building a scalable data platform with Google Cloud', 'Adi Wijaya', '40.', '4.8 out of 5 stars')
[2024-10-08T05:25:34.473+0000] {sql.py:518} INFO - Rows affected: 1
[2024-10-08T05:25:34.490+0000] {base.py:84} INFO - Retrieving connection 'books_connection'
[2024-10-08T05:25:34.495+0000] {sql.py:509} INFO - Running statement: 
    INSERT INTO books (title, authors, price, rating)
    VALUES (%s, %s, %s, %s)
    , parameters: ('Data Engineering with AWS', 'May Sherry', '14.', '5.0 out of 5 stars')
[2024-10-08T05:25:34.497+0000] {sql.py:518} INFO - Rows affected: 1
[2024-10-08T05:25:34.514+0000] {base.py:84} INFO - Retrieving connection 'books_connection'
[2024-10-08T05:25:34.529+0000] {sql.py:509} INFO - Running statement: 
    INSERT INTO books (title, authors, price, rating)
    VALUES (%s, %s, %s, %s)
    , parameters: ('97 Things Every Data Engineer Should Know: Collective Wisdom from the Experts', 'Tobias Macey', '28.', '4.1 out of 5 stars')
[2024-10-08T05:25:34.531+0000] {sql.py:518} INFO - Rows affected: 1
[2024-10-08T05:25:34.551+0000] {base.py:84} INFO - Retrieving connection 'books_connection'
[2024-10-08T05:25:34.558+0000] {sql.py:509} INFO - Running statement: 
    INSERT INTO books (title, authors, price, rating)
    VALUES (%s, %s, %s, %s)
    , parameters: ('Python Data Engineering Resources: Forge Your Path to Success in Data Engineering, Machine Learning and AI', 'Vajo Lukic', '0.', '4.9 out of 5 stars')
[2024-10-08T05:25:34.560+0000] {sql.py:518} INFO - Rows affected: 1
[2024-10-08T05:25:34.577+0000] {base.py:84} INFO - Retrieving connection 'books_connection'
[2024-10-08T05:25:34.589+0000] {sql.py:509} INFO - Running statement: 
    INSERT INTO books (title, authors, price, rating)
    VALUES (%s, %s, %s, %s)
    , parameters: ('Analytics Engineering with SQL and dbt: Building Meaningful Data Models at Scale', 'Rui Pedro Machado', '41.', '3.9 out of 5 stars')
[2024-10-08T05:25:34.592+0000] {sql.py:518} INFO - Rows affected: 1
[2024-10-08T05:25:34.609+0000] {base.py:84} INFO - Retrieving connection 'books_connection'
[2024-10-08T05:25:34.618+0000] {sql.py:509} INFO - Running statement: 
    INSERT INTO books (title, authors, price, rating)
    VALUES (%s, %s, %s, %s)
    , parameters: ('Data Engineering with Scala and Spark: Build streaming and batch pipelines that process massive amounts of data using Scala', 'Eric Tome', '29.', '4.1 out of 5 stars')
[2024-10-08T05:25:34.621+0000] {sql.py:518} INFO - Rows affected: 1
[2024-10-08T05:25:34.642+0000] {base.py:84} INFO - Retrieving connection 'books_connection'
[2024-10-08T05:25:34.653+0000] {sql.py:509} INFO - Running statement: 
    INSERT INTO books (title, authors, price, rating)
    VALUES (%s, %s, %s, %s)
    , parameters: ('Storytelling with Data: A Data Visualization Guide for Business Professionals', 'Cole Nussbaumer Knaflic', '27.', '4.6 out of 5 stars')
[2024-10-08T05:25:34.658+0000] {sql.py:518} INFO - Rows affected: 1
[2024-10-08T05:25:34.671+0000] {base.py:84} INFO - Retrieving connection 'books_connection'
[2024-10-08T05:25:34.681+0000] {sql.py:509} INFO - Running statement: 
    INSERT INTO books (title, authors, price, rating)
    VALUES (%s, %s, %s, %s)
    , parameters: ('Data Mesh: Delivering Data-Driven Value at Scale', 'Zhamak Dehghani', '43.', '4.5 out of 5 stars')
[2024-10-08T05:25:34.684+0000] {sql.py:518} INFO - Rows affected: 1
[2024-10-08T05:25:34.702+0000] {base.py:84} INFO - Retrieving connection 'books_connection'
[2024-10-08T05:25:34.719+0000] {sql.py:509} INFO - Running statement: 
    INSERT INTO books (title, authors, price, rating)
    VALUES (%s, %s, %s, %s)
    , parameters: ('Data Engineering 101', 'Kindle', '0.', '3.9 out of 5 stars')
[2024-10-08T05:25:34.724+0000] {sql.py:518} INFO - Rows affected: 1
[2024-10-08T05:25:34.751+0000] {base.py:84} INFO - Retrieving connection 'books_connection'
[2024-10-08T05:25:34.764+0000] {sql.py:509} INFO - Running statement: 
    INSERT INTO books (title, authors, price, rating)
    VALUES (%s, %s, %s, %s)
    , parameters: ('Data Modeling with Snowflake: A practical guide to accelerating Snowflake development using universal data modeling techniques', 'Serge Gershkovich', '36.', '4.8 out of 5 stars')
[2024-10-08T05:25:34.767+0000] {sql.py:518} INFO - Rows affected: 1
[2024-10-08T05:25:34.783+0000] {base.py:84} INFO - Retrieving connection 'books_connection'
[2024-10-08T05:25:34.797+0000] {sql.py:509} INFO - Running statement: 
    INSERT INTO books (title, authors, price, rating)
    VALUES (%s, %s, %s, %s)
    , parameters: ('Official Google Cloud Certified Professional Data Engineer Study Guide', 'Dan Sullivan', '33.', '4.5 out of 5 stars')
[2024-10-08T05:25:34.803+0000] {sql.py:518} INFO - Rows affected: 1
[2024-10-08T05:25:34.825+0000] {base.py:84} INFO - Retrieving connection 'books_connection'
[2024-10-08T05:25:34.832+0000] {sql.py:509} INFO - Running statement: 
    INSERT INTO books (title, authors, price, rating)
    VALUES (%s, %s, %s, %s)
    , parameters: ('Machine Learning Engineering', 'Andriy Burkov', '39.', '4.7 out of 5 stars')
[2024-10-08T05:25:34.835+0000] {sql.py:518} INFO - Rows affected: 1
[2024-10-08T05:25:34.860+0000] {base.py:84} INFO - Retrieving connection 'books_connection'
[2024-10-08T05:25:34.867+0000] {sql.py:509} INFO - Running statement: 
    INSERT INTO books (title, authors, price, rating)
    VALUES (%s, %s, %s, %s)
    , parameters: ('Fundamentals of Data Observability: Implement Trustworthy End-to-End Data Solutions', 'Andy Petrella', '36.', '4.0 out of 5 stars')
[2024-10-08T05:25:34.869+0000] {sql.py:518} INFO - Rows affected: 1
[2024-10-08T05:25:34.886+0000] {base.py:84} INFO - Retrieving connection 'books_connection'
[2024-10-08T05:25:34.893+0000] {sql.py:509} INFO - Running statement: 
    INSERT INTO books (title, authors, price, rating)
    VALUES (%s, %s, %s, %s)
    , parameters: ('Modern Data Engineering with Apache Spark: A Hands-On Guide for Building Mission-Critical Streaming Applications', 'Scott Haines', '28.', '4.1 out of 5 stars')
[2024-10-08T05:25:34.896+0000] {sql.py:518} INFO - Rows affected: 1
[2024-10-08T05:25:34.910+0000] {base.py:84} INFO - Retrieving connection 'books_connection'
[2024-10-08T05:25:34.931+0000] {sql.py:509} INFO - Running statement: 
    INSERT INTO books (title, authors, price, rating)
    VALUES (%s, %s, %s, %s)
    , parameters: ('Python Feature Engineering Cookbook: A complete guide to crafting powerful features for your machine learning models', 'Soledad Galli', '44.', '5.0 out of 5 stars')
[2024-10-08T05:25:34.939+0000] {sql.py:518} INFO - Rows affected: 1
[2024-10-08T05:25:34.982+0000] {base.py:84} INFO - Retrieving connection 'books_connection'
[2024-10-08T05:25:34.999+0000] {sql.py:509} INFO - Running statement: 
    INSERT INTO books (title, authors, price, rating)
    VALUES (%s, %s, %s, %s)
    , parameters: ('Data Engineering with Databricks', 'Kindle', '0.', '3.4 out of 5 stars')
[2024-10-08T05:25:35.003+0000] {sql.py:518} INFO - Rows affected: 1
[2024-10-08T05:25:35.037+0000] {base.py:84} INFO - Retrieving connection 'books_connection'
[2024-10-08T05:25:35.056+0000] {sql.py:509} INFO - Running statement: 
    INSERT INTO books (title, authors, price, rating)
    VALUES (%s, %s, %s, %s)
    , parameters: ('Azure Data Factory by Example: Practical Implementation for Data Engineers', 'Richard Swinbank', '33.', '4.2 out of 5 stars')
[2024-10-08T05:25:35.060+0000] {sql.py:518} INFO - Rows affected: 1
[2024-10-08T05:25:35.079+0000] {base.py:84} INFO - Retrieving connection 'books_connection'
[2024-10-08T05:25:35.097+0000] {sql.py:509} INFO - Running statement: 
    INSERT INTO books (title, authors, price, rating)
    VALUES (%s, %s, %s, %s)
    , parameters: ('Data Quality Engineering in Financial Services: Applying Manufacturing Techniques to Data', 'Brian Buzzelli', '30.', '4.4 out of 5 stars')
[2024-10-08T05:25:35.101+0000] {sql.py:518} INFO - Rows affected: 1
[2024-10-08T05:25:35.121+0000] {base.py:84} INFO - Retrieving connection 'books_connection'
[2024-10-08T05:25:35.132+0000] {sql.py:509} INFO - Running statement: 
    INSERT INTO books (title, authors, price, rating)
    VALUES (%s, %s, %s, %s)
    , parameters: ('Prompt Engineering for Generative AI: Future-Proof Inputs for Reliable AI Outputs', 'James Phoenix', '53.', '4.5 out of 5 stars')
[2024-10-08T05:25:35.135+0000] {sql.py:518} INFO - Rows affected: 1
[2024-10-08T05:25:35.150+0000] {base.py:84} INFO - Retrieving connection 'books_connection'
[2024-10-08T05:25:35.156+0000] {sql.py:509} INFO - Running statement: 
    INSERT INTO books (title, authors, price, rating)
    VALUES (%s, %s, %s, %s)
    , parameters: ('Data Observability for Data Engineering: Proactive strategies for ensuring data accuracy and addressing broken data pipelines', 'Michele Pinto', '18.', '3.7 out of 5 stars')
[2024-10-08T05:25:35.158+0000] {sql.py:518} INFO - Rows affected: 1
[2024-10-08T05:25:35.186+0000] {base.py:84} INFO - Retrieving connection 'books_connection'
[2024-10-08T05:25:35.209+0000] {sql.py:509} INFO - Running statement: 
    INSERT INTO books (title, authors, price, rating)
    VALUES (%s, %s, %s, %s)
    , parameters: ('Better Data Visualizations: A Guide for Scholars, Researchers, and Wonks', 'Jonathan Schwabish', '26.', '4.5 out of 5 stars')
[2024-10-08T05:25:35.213+0000] {sql.py:518} INFO - Rows affected: 1
[2024-10-08T05:25:35.215+0000] {python.py:240} INFO - Done. Returned value was: None
[2024-10-08T05:25:35.248+0000] {taskinstance.py:340} INFO - ::group::Post task execution logs
[2024-10-08T05:25:35.251+0000] {taskinstance.py:352} INFO - Marking task as SUCCESS. dag_id=fetch_and_store_amazon_books, task_id=insert_book_data, run_id=scheduled__2024-08-12T00:00:00+00:00, execution_date=20240812T000000, start_date=20241008T052533, end_date=20241008T052535
[2024-10-08T05:25:35.279+0000] {logging_mixin.py:190} INFO - Task instance in success state
[2024-10-08T05:25:35.282+0000] {logging_mixin.py:190} INFO -  Previous state of the Task instance: running
[2024-10-08T05:25:35.282+0000] {logging_mixin.py:190} INFO - Dag name:fetch_and_store_amazon_books queued_at:2024-10-08 05:25:09.108784+00:00
[2024-10-08T05:25:35.283+0000] {logging_mixin.py:190} INFO - Task hostname:947926f81760 operator:PythonOperator
[2024-10-08T05:25:35.335+0000] {local_task_job_runner.py:261} INFO - Task exited with return code 0
[2024-10-08T05:25:35.406+0000] {taskinstance.py:3891} INFO - 0 downstream tasks scheduled from follow-on schedule check
[2024-10-08T05:25:35.413+0000] {local_task_job_runner.py:240} INFO - ::endgroup::
