[2024-10-08T05:34:20.191+0000] {local_task_job_runner.py:123} INFO - ::group::Pre task execution logs
[2024-10-08T05:34:20.235+0000] {taskinstance.py:2603} INFO - Dependencies all met for dep_context=non-requeueable deps ti=<TaskInstance: fetch_and_store_amazon_books.insert_book_data scheduled__2024-09-25T00:00:00+00:00 [queued]>
[2024-10-08T05:34:20.245+0000] {taskinstance.py:2603} INFO - Dependencies all met for dep_context=requeueable deps ti=<TaskInstance: fetch_and_store_amazon_books.insert_book_data scheduled__2024-09-25T00:00:00+00:00 [queued]>
[2024-10-08T05:34:20.246+0000] {taskinstance.py:2856} INFO - Starting attempt 1 of 2
[2024-10-08T05:34:20.383+0000] {taskinstance.py:2879} INFO - Executing <Task(PythonOperator): insert_book_data> on 2024-09-25 00:00:00+00:00
[2024-10-08T05:34:20.395+0000] {warnings.py:112} WARNING - /home/***/.local/lib/python3.12/site-packages/***/task/task_runner/standard_task_runner.py:70: DeprecationWarning: This process (pid=138) is multi-threaded, use of fork() may lead to deadlocks in the child.
  pid = os.fork()

[2024-10-08T05:34:20.397+0000] {standard_task_runner.py:72} INFO - Started process 149 to run task
[2024-10-08T05:34:20.402+0000] {standard_task_runner.py:104} INFO - Running: ['***', 'tasks', 'run', 'fetch_and_store_amazon_books', 'insert_book_data', 'scheduled__2024-09-25T00:00:00+00:00', '--job-id', '251', '--raw', '--subdir', 'DAGS_FOLDER/app.py', '--cfg-path', '/tmp/tmpe39tu7bn']
[2024-10-08T05:34:20.409+0000] {standard_task_runner.py:105} INFO - Job 251: Subtask insert_book_data
[2024-10-08T05:34:20.481+0000] {task_command.py:467} INFO - Running <TaskInstance: fetch_and_store_amazon_books.insert_book_data scheduled__2024-09-25T00:00:00+00:00 [running]> on host 475658bd4f83
[2024-10-08T05:34:20.661+0000] {taskinstance.py:3122} INFO - Exporting env vars: AIRFLOW_CTX_DAG_OWNER='***' AIRFLOW_CTX_DAG_ID='fetch_and_store_amazon_books' AIRFLOW_CTX_TASK_ID='insert_book_data' AIRFLOW_CTX_EXECUTION_DATE='2024-09-25T00:00:00+00:00' AIRFLOW_CTX_TRY_NUMBER='1' AIRFLOW_CTX_DAG_RUN_ID='scheduled__2024-09-25T00:00:00+00:00'
[2024-10-08T05:34:20.666+0000] {logging_mixin.py:190} INFO - Task instance is in running state
[2024-10-08T05:34:20.666+0000] {logging_mixin.py:190} INFO -  Previous state of the Task instance: queued
[2024-10-08T05:34:20.667+0000] {logging_mixin.py:190} INFO - Current task name:insert_book_data state:running start_date:2024-10-08 05:34:20.236022+00:00
[2024-10-08T05:34:20.667+0000] {logging_mixin.py:190} INFO - Dag name:fetch_and_store_amazon_books and current dag run status:running
[2024-10-08T05:34:20.668+0000] {taskinstance.py:731} INFO - ::endgroup::
[2024-10-08T05:34:20.702+0000] {base.py:84} INFO - Retrieving connection 'books_connection'
[2024-10-08T05:34:20.709+0000] {sql.py:509} INFO - Running statement: 
    INSERT INTO books (title, authors, price, rating)
    VALUES (%s, %s, %s, %s)
    , parameters: ('Data Engineering with AWS - Second Edition: Acquire the skills to design and build AWS-based data transformation pipelines like a pro', 'Gareth Eagar', '41.', '4.4 out of 5 stars')
[2024-10-08T05:34:20.711+0000] {sql.py:518} INFO - Rows affected: 1
[2024-10-08T05:34:20.729+0000] {base.py:84} INFO - Retrieving connection 'books_connection'
[2024-10-08T05:34:20.736+0000] {sql.py:509} INFO - Running statement: 
    INSERT INTO books (title, authors, price, rating)
    VALUES (%s, %s, %s, %s)
    , parameters: ('Azure Data Engineer Associate Certification Guide: Ace the DP-203 exam with advanced data engineering skills', 'Giacinto Palmieri', '49.', '4.4 out of 5 stars')
[2024-10-08T05:34:20.738+0000] {sql.py:518} INFO - Rows affected: 1
[2024-10-08T05:34:20.749+0000] {base.py:84} INFO - Retrieving connection 'books_connection'
[2024-10-08T05:34:20.756+0000] {sql.py:509} INFO - Running statement: 
    INSERT INTO books (title, authors, price, rating)
    VALUES (%s, %s, %s, %s)
    , parameters: ("Azure Data Factory Cookbook: A data engineer's guide to building and managing ETL and ELT pipelines with data integration", 'Dmitry Foshin', '51.', '4.2 out of 5 stars')
[2024-10-08T05:34:20.757+0000] {sql.py:518} INFO - Rows affected: 1
[2024-10-08T05:34:20.765+0000] {base.py:84} INFO - Retrieving connection 'books_connection'
[2024-10-08T05:34:20.770+0000] {sql.py:509} INFO - Running statement: 
    INSERT INTO books (title, authors, price, rating)
    VALUES (%s, %s, %s, %s)
    , parameters: ('Fundamentals of Data Engineering: Plan and Build Robust Data Systems', 'Joe Reis', '25.', '4.7 out of 5 stars')
[2024-10-08T05:34:20.772+0000] {sql.py:518} INFO - Rows affected: 1
[2024-10-08T05:34:20.789+0000] {base.py:84} INFO - Retrieving connection 'books_connection'
[2024-10-08T05:34:20.810+0000] {sql.py:509} INFO - Running statement: 
    INSERT INTO books (title, authors, price, rating)
    VALUES (%s, %s, %s, %s)
    , parameters: ('Designing Data-Intensive Applications: The Big Ideas Behind Reliable, Scalable, and Maintainable Systems', 'Martin Kleppmann', '55.', '4.7 out of 5 stars')
[2024-10-08T05:34:20.814+0000] {sql.py:518} INFO - Rows affected: 1
[2024-10-08T05:34:20.835+0000] {base.py:84} INFO - Retrieving connection 'books_connection'
[2024-10-08T05:34:20.839+0000] {sql.py:509} INFO - Running statement: 
    INSERT INTO books (title, authors, price, rating)
    VALUES (%s, %s, %s, %s)
    , parameters: ('Fundamentals of Data Analytics: Learn Essential Skills, Embrace the Future, and Catapult Your Career in the Data-Driven World—A Comprehensive Guide to Data Literacy for Beginners', 'Russell Dawson', '17.', '4.8 out of 5 stars')
[2024-10-08T05:34:20.842+0000] {sql.py:518} INFO - Rows affected: 1
[2024-10-08T05:34:20.859+0000] {base.py:84} INFO - Retrieving connection 'books_connection'
[2024-10-08T05:34:20.867+0000] {sql.py:509} INFO - Running statement: 
    INSERT INTO books (title, authors, price, rating)
    VALUES (%s, %s, %s, %s)
    , parameters: ("Ultimate Data Engineering with Databricks: Develop Scalable Data Pipelines Using Data Engineering's Core Tenets Such as Delta Tables, Ingestion, ... Security, and Scalability (English Edition)", 'Mayank Malhotra', '37.', '4.1 out of 5 stars')
[2024-10-08T05:34:20.868+0000] {sql.py:518} INFO - Rows affected: 1
[2024-10-08T05:34:20.897+0000] {base.py:84} INFO - Retrieving connection 'books_connection'
[2024-10-08T05:34:20.928+0000] {sql.py:509} INFO - Running statement: 
    INSERT INTO books (title, authors, price, rating)
    VALUES (%s, %s, %s, %s)
    , parameters: ('Data Engineering with dbt: A practical guide to building a cloud-based, pragmatic, and dependable data platform with SQL', 'Roberto Zagni', '37.', '4.6 out of 5 stars')
[2024-10-08T05:34:20.930+0000] {sql.py:518} INFO - Rows affected: 1
[2024-10-08T05:34:20.941+0000] {base.py:84} INFO - Retrieving connection 'books_connection'
[2024-10-08T05:34:20.945+0000] {sql.py:509} INFO - Running statement: 
    INSERT INTO books (title, authors, price, rating)
    VALUES (%s, %s, %s, %s)
    , parameters: ('Data Engineering with Python: Work with massive datasets to design data models and automate data pipelines using Python', 'Paul Crickard', '37.', '4.1 out of 5 stars')
[2024-10-08T05:34:20.948+0000] {sql.py:518} INFO - Rows affected: 1
[2024-10-08T05:34:20.969+0000] {base.py:84} INFO - Retrieving connection 'books_connection'
[2024-10-08T05:34:20.975+0000] {sql.py:509} INFO - Running statement: 
    INSERT INTO books (title, authors, price, rating)
    VALUES (%s, %s, %s, %s)
    , parameters: ('Cracking the Data Engineering Interview: Land your dream job with the help of resume-building tips, over 100 mock questions, and a unique portfolio', 'Kedeisha Bryan', '26.', '4.4 out of 5 stars')
[2024-10-08T05:34:20.978+0000] {sql.py:518} INFO - Rows affected: 1
[2024-10-08T05:34:20.990+0000] {base.py:84} INFO - Retrieving connection 'books_connection'
[2024-10-08T05:34:20.995+0000] {sql.py:509} INFO - Running statement: 
    INSERT INTO books (title, authors, price, rating)
    VALUES (%s, %s, %s, %s)
    , parameters: ('Data Pipelines Pocket Reference: Moving and Processing Data for Analytics', 'James Densmore', '17.', '4.5 out of 5 stars')
[2024-10-08T05:34:20.997+0000] {sql.py:518} INFO - Rows affected: 1
[2024-10-08T05:34:21.008+0000] {base.py:84} INFO - Retrieving connection 'books_connection'
[2024-10-08T05:34:21.018+0000] {sql.py:509} INFO - Running statement: 
    INSERT INTO books (title, authors, price, rating)
    VALUES (%s, %s, %s, %s)
    , parameters: ('Ace the Data Science Interview: 201 Real Interview Questions Asked By FAANG, Tech Startups, & Wall Street', 'Nick Singh', '42.', '4.5 out of 5 stars')
[2024-10-08T05:34:21.023+0000] {sql.py:518} INFO - Rows affected: 1
[2024-10-08T05:34:21.054+0000] {base.py:84} INFO - Retrieving connection 'books_connection'
[2024-10-08T05:34:21.072+0000] {sql.py:509} INFO - Running statement: 
    INSERT INTO books (title, authors, price, rating)
    VALUES (%s, %s, %s, %s)
    , parameters: ('Ace the Data Engineering Interview: Questions and Answers for Python, SQL, Data Modeling and More', 'Sean Coyne', '24.', '3.8 out of 5 stars')
[2024-10-08T05:34:21.076+0000] {sql.py:518} INFO - Rows affected: 1
[2024-10-08T05:34:21.093+0000] {base.py:84} INFO - Retrieving connection 'books_connection'
[2024-10-08T05:34:21.101+0000] {sql.py:509} INFO - Running statement: 
    INSERT INTO books (title, authors, price, rating)
    VALUES (%s, %s, %s, %s)
    , parameters: ('Data Engineering with Databricks Cookbook: Build effective data and AI solutions using Apache Spark, Databricks, and Delta Lake', 'Pulkit Chadha', '49.', '4.3 out of 5 stars')
[2024-10-08T05:34:21.104+0000] {sql.py:518} INFO - Rows affected: 1
[2024-10-08T05:34:21.132+0000] {base.py:84} INFO - Retrieving connection 'books_connection'
[2024-10-08T05:34:21.142+0000] {sql.py:509} INFO - Running statement: 
    INSERT INTO books (title, authors, price, rating)
    VALUES (%s, %s, %s, %s)
    , parameters: ('Software Engineering for Data Scientists: From Notebooks to Scalable Systems', 'Catherine Nelson', '51.', '4.4 out of 5 stars')
[2024-10-08T05:34:21.144+0000] {sql.py:518} INFO - Rows affected: 1
[2024-10-08T05:34:21.155+0000] {base.py:84} INFO - Retrieving connection 'books_connection'
[2024-10-08T05:34:21.166+0000] {sql.py:509} INFO - Running statement: 
    INSERT INTO books (title, authors, price, rating)
    VALUES (%s, %s, %s, %s)
    , parameters: ('Data-Centric Machine Learning with Python: The ultimate guide to engineering and deploying high-quality models based on good data', 'Jonas Christensen', '49.', '4.6 out of 5 stars')
[2024-10-08T05:34:21.170+0000] {sql.py:518} INFO - Rows affected: 1
[2024-10-08T05:34:21.184+0000] {base.py:84} INFO - Retrieving connection 'books_connection'
[2024-10-08T05:34:21.191+0000] {sql.py:509} INFO - Running statement: 
    INSERT INTO books (title, authors, price, rating)
    VALUES (%s, %s, %s, %s)
    , parameters: ('Data Observability for Data Engineering: Proactive strategies for ensuring data accuracy and addressing broken data pipelines', 'Michele Pinto', '36.', '3.7 out of 5 stars')
[2024-10-08T05:34:21.195+0000] {sql.py:518} INFO - Rows affected: 1
[2024-10-08T05:34:21.213+0000] {base.py:84} INFO - Retrieving connection 'books_connection'
[2024-10-08T05:34:21.221+0000] {sql.py:509} INFO - Running statement: 
    INSERT INTO books (title, authors, price, rating)
    VALUES (%s, %s, %s, %s)
    , parameters: ("Data: Principles To Practice - Volume 1 'Foundations': Essential Foundations: Key Concepts behind Data Architecture, Engineering and Analysis for Professionals", 'Mr Alex Holloway', '12.', '4.6 out of 5 stars')
[2024-10-08T05:34:21.226+0000] {sql.py:518} INFO - Rows affected: 1
[2024-10-08T05:34:21.255+0000] {base.py:84} INFO - Retrieving connection 'books_connection'
[2024-10-08T05:34:21.264+0000] {sql.py:509} INFO - Running statement: 
    INSERT INTO books (title, authors, price, rating)
    VALUES (%s, %s, %s, %s)
    , parameters: ('Essentials of Data Engineering', 'Dr. Mukesh Saini', '19.', '5.0 out of 5 stars')
[2024-10-08T05:34:21.266+0000] {sql.py:518} INFO - Rows affected: 1
[2024-10-08T05:34:21.280+0000] {base.py:84} INFO - Retrieving connection 'books_connection'
[2024-10-08T05:34:21.296+0000] {sql.py:509} INFO - Running statement: 
    INSERT INTO books (title, authors, price, rating)
    VALUES (%s, %s, %s, %s)
    , parameters: ('Data Engineering with AWS: Learn how to design and build cloud-based data transformation pipelines using AWS', 'Gareth Eagar', '49.', '4.4 out of 5 stars')
[2024-10-08T05:34:21.300+0000] {sql.py:518} INFO - Rows affected: 1
[2024-10-08T05:34:21.328+0000] {base.py:84} INFO - Retrieving connection 'books_connection'
[2024-10-08T05:34:21.336+0000] {sql.py:509} INFO - Running statement: 
    INSERT INTO books (title, authors, price, rating)
    VALUES (%s, %s, %s, %s)
    , parameters: ('Data Engineering with Python cookbook: Learn to build efficient data pipelines using the Modern Cloud Data Stack', 'Adithyan Ramanujakootam', '32.', '5.0 out of 5 stars')
[2024-10-08T05:34:21.338+0000] {sql.py:518} INFO - Rows affected: 1
[2024-10-08T05:34:21.359+0000] {base.py:84} INFO - Retrieving connection 'books_connection'
[2024-10-08T05:34:21.369+0000] {sql.py:509} INFO - Running statement: 
    INSERT INTO books (title, authors, price, rating)
    VALUES (%s, %s, %s, %s)
    , parameters: ("Data Quality Fundamentals: A Practitioner's Guide to Building Trustworthy Data Pipelines", 'Paperback', '45.', '4.1 out of 5 stars')
[2024-10-08T05:34:21.371+0000] {sql.py:518} INFO - Rows affected: 1
[2024-10-08T05:34:21.390+0000] {base.py:84} INFO - Retrieving connection 'books_connection'
[2024-10-08T05:34:21.397+0000] {sql.py:509} INFO - Running statement: 
    INSERT INTO books (title, authors, price, rating)
    VALUES (%s, %s, %s, %s)
    , parameters: ('Mastering Databricks Lakehouse Platform: Perform Data Warehousing, Data Engineering, Machine Learning, DevOps, and BI into a Single Platform (English Edition)', 'Sagar Lad', '32.', '3.6 out of 5 stars')
[2024-10-08T05:34:21.402+0000] {sql.py:518} INFO - Rows affected: 1
[2024-10-08T05:34:21.421+0000] {base.py:84} INFO - Retrieving connection 'books_connection'
[2024-10-08T05:34:21.426+0000] {sql.py:509} INFO - Running statement: 
    INSERT INTO books (title, authors, price, rating)
    VALUES (%s, %s, %s, %s)
    , parameters: ('Data Analysis with Python and PySpark', 'Jonathan Rioux', '55.', '4.4 out of 5 stars')
[2024-10-08T05:34:21.428+0000] {sql.py:518} INFO - Rows affected: 1
[2024-10-08T05:34:21.444+0000] {base.py:84} INFO - Retrieving connection 'books_connection'
[2024-10-08T05:34:21.451+0000] {sql.py:509} INFO - Running statement: 
    INSERT INTO books (title, authors, price, rating)
    VALUES (%s, %s, %s, %s)
    , parameters: ('Fundamentals of Data Engineering: A Comprehensive Guide to Designing, Building, and Managing Data Pipelines, Storage Solutions, and Processing Frameworks.', 'Paperback', '14.', '5.0 out of 5 stars')
[2024-10-08T05:34:21.456+0000] {sql.py:518} INFO - Rows affected: 1
[2024-10-08T05:34:21.471+0000] {base.py:84} INFO - Retrieving connection 'books_connection'
[2024-10-08T05:34:21.478+0000] {sql.py:509} INFO - Running statement: 
    INSERT INTO books (title, authors, price, rating)
    VALUES (%s, %s, %s, %s)
    , parameters: ('Data Engineering with Google Cloud Platform: A practical guide to operationalizing scalable data analytics systems on GCP', 'Adi Wijaya', '41.', '4.7 out of 5 stars')
[2024-10-08T05:34:21.480+0000] {sql.py:518} INFO - Rows affected: 1
[2024-10-08T05:34:21.496+0000] {base.py:84} INFO - Retrieving connection 'books_connection'
[2024-10-08T05:34:21.508+0000] {sql.py:509} INFO - Running statement: 
    INSERT INTO books (title, authors, price, rating)
    VALUES (%s, %s, %s, %s)
    , parameters: ('DATA ENGINEERING AND AI FOR BEGINNERS: Revolutionizing Data Processing and Analytics by Leveraging Artificial Intelligence for Efficient Input Collection, Storage, and Transformation (World of AI)', 'Paperback', '13.', '4.3 out of 5 stars')
[2024-10-08T05:34:21.510+0000] {sql.py:518} INFO - Rows affected: 1
[2024-10-08T05:34:21.525+0000] {base.py:84} INFO - Retrieving connection 'books_connection'
[2024-10-08T05:34:21.532+0000] {sql.py:509} INFO - Running statement: 
    INSERT INTO books (title, authors, price, rating)
    VALUES (%s, %s, %s, %s)
    , parameters: ('Data Privacy: A runbook for engineers', 'Nishant Bhajaria', '35.', '4.8 out of 5 stars')
[2024-10-08T05:34:21.536+0000] {sql.py:518} INFO - Rows affected: 1
[2024-10-08T05:34:21.552+0000] {base.py:84} INFO - Retrieving connection 'books_connection'
[2024-10-08T05:34:21.558+0000] {sql.py:509} INFO - Running statement: 
    INSERT INTO books (title, authors, price, rating)
    VALUES (%s, %s, %s, %s)
    , parameters: ('Data Engineering Fundamentals for Beginners: Mastering the Art of Building, Managing, and Scaling Data Systems', 'Paperback', '14.', '5.0 out of 5 stars')
[2024-10-08T05:34:21.561+0000] {sql.py:518} INFO - Rows affected: 1
[2024-10-08T05:34:21.575+0000] {base.py:84} INFO - Retrieving connection 'books_connection'
[2024-10-08T05:34:21.581+0000] {sql.py:509} INFO - Running statement: 
    INSERT INTO books (title, authors, price, rating)
    VALUES (%s, %s, %s, %s)
    , parameters: ('Data Engineering with Apache Spark, Delta Lake, and Lakehouse: Create scalable pipelines that ingest, curate, and aggregate complex data in a timely and secure way', 'Manoj Kukreja', '46.', '3.9 out of 5 stars')
[2024-10-08T05:34:21.583+0000] {sql.py:518} INFO - Rows affected: 1
[2024-10-08T05:34:21.619+0000] {base.py:84} INFO - Retrieving connection 'books_connection'
[2024-10-08T05:34:21.633+0000] {sql.py:509} INFO - Running statement: 
    INSERT INTO books (title, authors, price, rating)
    VALUES (%s, %s, %s, %s)
    , parameters: ('Data-Driven Science and Engineering: Machine Learning, Dynamical Systems, and Control', 'Steven L. Brunton', '64.', '4.8 out of 5 stars')
[2024-10-08T05:34:21.637+0000] {sql.py:518} INFO - Rows affected: 1
[2024-10-08T05:34:21.665+0000] {base.py:84} INFO - Retrieving connection 'books_connection'
[2024-10-08T05:34:21.677+0000] {sql.py:509} INFO - Running statement: 
    INSERT INTO books (title, authors, price, rating)
    VALUES (%s, %s, %s, %s)
    , parameters: ('Data Engineering with Google Cloud Platform: A guide to leveling up as a data engineer by building a scalable data platform with Google Cloud', 'Adi Wijaya', '40.', '4.8 out of 5 stars')
[2024-10-08T05:34:21.678+0000] {sql.py:518} INFO - Rows affected: 1
[2024-10-08T05:34:21.688+0000] {base.py:84} INFO - Retrieving connection 'books_connection'
[2024-10-08T05:34:21.704+0000] {sql.py:509} INFO - Running statement: 
    INSERT INTO books (title, authors, price, rating)
    VALUES (%s, %s, %s, %s)
    , parameters: ('Python Data Engineering Resources: Forge Your Path to Success in Data Engineering, Machine Learning and AI', 'Vajo Lukic', '0.', '4.9 out of 5 stars')
[2024-10-08T05:34:21.707+0000] {sql.py:518} INFO - Rows affected: 1
[2024-10-08T05:34:21.724+0000] {base.py:84} INFO - Retrieving connection 'books_connection'
[2024-10-08T05:34:21.730+0000] {sql.py:509} INFO - Running statement: 
    INSERT INTO books (title, authors, price, rating)
    VALUES (%s, %s, %s, %s)
    , parameters: ('97 Things Every Data Engineer Should Know: Collective Wisdom from the Experts', 'Tobias Macey', '28.', '4.1 out of 5 stars')
[2024-10-08T05:34:21.732+0000] {sql.py:518} INFO - Rows affected: 1
[2024-10-08T05:34:21.742+0000] {base.py:84} INFO - Retrieving connection 'books_connection'
[2024-10-08T05:34:21.748+0000] {sql.py:509} INFO - Running statement: 
    INSERT INTO books (title, authors, price, rating)
    VALUES (%s, %s, %s, %s)
    , parameters: ('Analytics Engineering with SQL and dbt: Building Meaningful Data Models at Scale', 'Rui Pedro Machado', '41.', '3.9 out of 5 stars')
[2024-10-08T05:34:21.750+0000] {sql.py:518} INFO - Rows affected: 1
[2024-10-08T05:34:21.760+0000] {base.py:84} INFO - Retrieving connection 'books_connection'
[2024-10-08T05:34:21.766+0000] {sql.py:509} INFO - Running statement: 
    INSERT INTO books (title, authors, price, rating)
    VALUES (%s, %s, %s, %s)
    , parameters: ('Data Engineering with Scala and Spark: Build streaming and batch pipelines that process massive amounts of data using Scala', 'Eric Tome', '29.', '4.1 out of 5 stars')
[2024-10-08T05:34:21.769+0000] {sql.py:518} INFO - Rows affected: 1
[2024-10-08T05:34:21.789+0000] {base.py:84} INFO - Retrieving connection 'books_connection'
[2024-10-08T05:34:21.794+0000] {sql.py:509} INFO - Running statement: 
    INSERT INTO books (title, authors, price, rating)
    VALUES (%s, %s, %s, %s)
    , parameters: ('Storytelling with Data: A Data Visualization Guide for Business Professionals', 'Cole Nussbaumer Knaflic', '27.', '4.6 out of 5 stars')
[2024-10-08T05:34:21.795+0000] {sql.py:518} INFO - Rows affected: 1
[2024-10-08T05:34:21.805+0000] {base.py:84} INFO - Retrieving connection 'books_connection'
[2024-10-08T05:34:21.811+0000] {sql.py:509} INFO - Running statement: 
    INSERT INTO books (title, authors, price, rating)
    VALUES (%s, %s, %s, %s)
    , parameters: ('Data Mesh: Delivering Data-Driven Value at Scale', 'Zhamak Dehghani', '43.', '4.5 out of 5 stars')
[2024-10-08T05:34:21.812+0000] {sql.py:518} INFO - Rows affected: 1
[2024-10-08T05:34:21.824+0000] {base.py:84} INFO - Retrieving connection 'books_connection'
[2024-10-08T05:34:21.828+0000] {sql.py:509} INFO - Running statement: 
    INSERT INTO books (title, authors, price, rating)
    VALUES (%s, %s, %s, %s)
    , parameters: ('Data Engineering 101', 'Kindle', '0.', '3.9 out of 5 stars')
[2024-10-08T05:34:21.829+0000] {sql.py:518} INFO - Rows affected: 1
[2024-10-08T05:34:21.838+0000] {base.py:84} INFO - Retrieving connection 'books_connection'
[2024-10-08T05:34:21.843+0000] {sql.py:509} INFO - Running statement: 
    INSERT INTO books (title, authors, price, rating)
    VALUES (%s, %s, %s, %s)
    , parameters: ('Data Modeling with Snowflake: A practical guide to accelerating Snowflake development using universal data modeling techniques', 'Serge Gershkovich', '36.', '4.8 out of 5 stars')
[2024-10-08T05:34:21.846+0000] {sql.py:518} INFO - Rows affected: 1
[2024-10-08T05:34:21.873+0000] {base.py:84} INFO - Retrieving connection 'books_connection'
[2024-10-08T05:34:21.882+0000] {sql.py:509} INFO - Running statement: 
    INSERT INTO books (title, authors, price, rating)
    VALUES (%s, %s, %s, %s)
    , parameters: ('Official Google Cloud Certified Professional Data Engineer Study Guide', 'Dan Sullivan', '33.', '4.5 out of 5 stars')
[2024-10-08T05:34:21.885+0000] {sql.py:518} INFO - Rows affected: 1
[2024-10-08T05:34:21.902+0000] {base.py:84} INFO - Retrieving connection 'books_connection'
[2024-10-08T05:34:21.911+0000] {sql.py:509} INFO - Running statement: 
    INSERT INTO books (title, authors, price, rating)
    VALUES (%s, %s, %s, %s)
    , parameters: ('Machine Learning Engineering', 'Andriy Burkov', '39.', '4.7 out of 5 stars')
[2024-10-08T05:34:21.913+0000] {sql.py:518} INFO - Rows affected: 1
[2024-10-08T05:34:21.947+0000] {base.py:84} INFO - Retrieving connection 'books_connection'
[2024-10-08T05:34:21.956+0000] {sql.py:509} INFO - Running statement: 
    INSERT INTO books (title, authors, price, rating)
    VALUES (%s, %s, %s, %s)
    , parameters: ('Fundamentals of Data Observability: Implement Trustworthy End-to-End Data Solutions', 'Andy Petrella', '36.', '4.0 out of 5 stars')
[2024-10-08T05:34:21.960+0000] {sql.py:518} INFO - Rows affected: 1
[2024-10-08T05:34:21.974+0000] {base.py:84} INFO - Retrieving connection 'books_connection'
[2024-10-08T05:34:21.980+0000] {sql.py:509} INFO - Running statement: 
    INSERT INTO books (title, authors, price, rating)
    VALUES (%s, %s, %s, %s)
    , parameters: ('Modern Data Engineering with Apache Spark: A Hands-On Guide for Building Mission-Critical Streaming Applications', 'Scott Haines', '29.', '4.1 out of 5 stars')
[2024-10-08T05:34:21.984+0000] {sql.py:518} INFO - Rows affected: 1
[2024-10-08T05:34:21.995+0000] {base.py:84} INFO - Retrieving connection 'books_connection'
[2024-10-08T05:34:22.000+0000] {sql.py:509} INFO - Running statement: 
    INSERT INTO books (title, authors, price, rating)
    VALUES (%s, %s, %s, %s)
    , parameters: ('Python Feature Engineering Cookbook: A complete guide to crafting powerful features for your machine learning models', 'Soledad Galli', '44.', '5.0 out of 5 stars')
[2024-10-08T05:34:22.004+0000] {sql.py:518} INFO - Rows affected: 1
[2024-10-08T05:34:22.013+0000] {base.py:84} INFO - Retrieving connection 'books_connection'
[2024-10-08T05:34:22.018+0000] {sql.py:509} INFO - Running statement: 
    INSERT INTO books (title, authors, price, rating)
    VALUES (%s, %s, %s, %s)
    , parameters: ('Data Engineering with Databricks', 'Kindle', '0.', '3.4 out of 5 stars')
[2024-10-08T05:34:22.020+0000] {sql.py:518} INFO - Rows affected: 1
[2024-10-08T05:34:22.034+0000] {base.py:84} INFO - Retrieving connection 'books_connection'
[2024-10-08T05:34:22.044+0000] {sql.py:509} INFO - Running statement: 
    INSERT INTO books (title, authors, price, rating)
    VALUES (%s, %s, %s, %s)
    , parameters: ('Azure Data Factory by Example: Practical Implementation for Data Engineers', 'Richard Swinbank', '33.', '4.2 out of 5 stars')
[2024-10-08T05:34:22.048+0000] {sql.py:518} INFO - Rows affected: 1
[2024-10-08T05:34:22.062+0000] {base.py:84} INFO - Retrieving connection 'books_connection'
[2024-10-08T05:34:22.067+0000] {sql.py:509} INFO - Running statement: 
    INSERT INTO books (title, authors, price, rating)
    VALUES (%s, %s, %s, %s)
    , parameters: ('Data Quality Engineering in Financial Services: Applying Manufacturing Techniques to Data', 'Brian Buzzelli', '30.', '4.4 out of 5 stars')
[2024-10-08T05:34:22.070+0000] {sql.py:518} INFO - Rows affected: 1
[2024-10-08T05:34:22.084+0000] {base.py:84} INFO - Retrieving connection 'books_connection'
[2024-10-08T05:34:22.088+0000] {sql.py:509} INFO - Running statement: 
    INSERT INTO books (title, authors, price, rating)
    VALUES (%s, %s, %s, %s)
    , parameters: ('Prompt Engineering for Generative AI: Future-Proof Inputs for Reliable AI Outputs', 'James Phoenix', '53.', '4.5 out of 5 stars')
[2024-10-08T05:34:22.091+0000] {sql.py:518} INFO - Rows affected: 1
[2024-10-08T05:34:22.098+0000] {base.py:84} INFO - Retrieving connection 'books_connection'
[2024-10-08T05:34:22.103+0000] {sql.py:509} INFO - Running statement: 
    INSERT INTO books (title, authors, price, rating)
    VALUES (%s, %s, %s, %s)
    , parameters: ('Better Data Visualizations: A Guide for Scholars, Researchers, and Wonks', 'Jonathan Schwabish', '26.', '4.5 out of 5 stars')
[2024-10-08T05:34:22.104+0000] {sql.py:518} INFO - Rows affected: 1
[2024-10-08T05:34:22.106+0000] {python.py:240} INFO - Done. Returned value was: None
[2024-10-08T05:34:22.136+0000] {taskinstance.py:340} INFO - ::group::Post task execution logs
[2024-10-08T05:34:22.141+0000] {taskinstance.py:352} INFO - Marking task as SUCCESS. dag_id=fetch_and_store_amazon_books, task_id=insert_book_data, run_id=scheduled__2024-09-25T00:00:00+00:00, execution_date=20240925T000000, start_date=20241008T053420, end_date=20241008T053422
[2024-10-08T05:34:22.165+0000] {logging_mixin.py:190} INFO - Task instance in success state
[2024-10-08T05:34:22.166+0000] {logging_mixin.py:190} INFO -  Previous state of the Task instance: running
[2024-10-08T05:34:22.172+0000] {logging_mixin.py:190} INFO - Dag name:fetch_and_store_amazon_books queued_at:2024-10-08 05:34:07.819327+00:00
[2024-10-08T05:34:22.173+0000] {logging_mixin.py:190} INFO - Task hostname:475658bd4f83 operator:PythonOperator
[2024-10-08T05:34:22.226+0000] {local_task_job_runner.py:261} INFO - Task exited with return code 0
[2024-10-08T05:34:22.318+0000] {taskinstance.py:3891} INFO - 0 downstream tasks scheduled from follow-on schedule check
[2024-10-08T05:34:22.321+0000] {local_task_job_runner.py:240} INFO - ::endgroup::
