[2024-10-08T05:34:40.723+0000] {local_task_job_runner.py:123} INFO - ::group::Pre task execution logs
[2024-10-08T05:34:40.740+0000] {taskinstance.py:2603} INFO - Dependencies all met for dep_context=non-requeueable deps ti=<TaskInstance: fetch_and_store_amazon_books.insert_book_data scheduled__2024-09-28T00:00:00+00:00 [queued]>
[2024-10-08T05:34:40.747+0000] {taskinstance.py:2603} INFO - Dependencies all met for dep_context=requeueable deps ti=<TaskInstance: fetch_and_store_amazon_books.insert_book_data scheduled__2024-09-28T00:00:00+00:00 [queued]>
[2024-10-08T05:34:40.747+0000] {taskinstance.py:2856} INFO - Starting attempt 1 of 2
[2024-10-08T05:34:40.764+0000] {taskinstance.py:2879} INFO - Executing <Task(PythonOperator): insert_book_data> on 2024-09-28 00:00:00+00:00
[2024-10-08T05:34:40.776+0000] {standard_task_runner.py:104} INFO - Running: ['***', 'tasks', 'run', 'fetch_and_store_amazon_books', 'insert_book_data', 'scheduled__2024-09-28T00:00:00+00:00', '--job-id', '266', '--raw', '--subdir', 'DAGS_FOLDER/app.py', '--cfg-path', '/tmp/tmpa1rh0mgw']
[2024-10-08T05:34:40.771+0000] {warnings.py:112} WARNING - /home/***/.local/lib/python3.12/site-packages/***/task/task_runner/standard_task_runner.py:70: DeprecationWarning: This process (pid=195) is multi-threaded, use of fork() may lead to deadlocks in the child.
  pid = os.fork()

[2024-10-08T05:34:40.779+0000] {standard_task_runner.py:105} INFO - Job 266: Subtask insert_book_data
[2024-10-08T05:34:40.780+0000] {standard_task_runner.py:72} INFO - Started process 209 to run task
[2024-10-08T05:34:40.843+0000] {task_command.py:467} INFO - Running <TaskInstance: fetch_and_store_amazon_books.insert_book_data scheduled__2024-09-28T00:00:00+00:00 [running]> on host 475658bd4f83
[2024-10-08T05:34:40.933+0000] {taskinstance.py:3122} INFO - Exporting env vars: AIRFLOW_CTX_DAG_OWNER='***' AIRFLOW_CTX_DAG_ID='fetch_and_store_amazon_books' AIRFLOW_CTX_TASK_ID='insert_book_data' AIRFLOW_CTX_EXECUTION_DATE='2024-09-28T00:00:00+00:00' AIRFLOW_CTX_TRY_NUMBER='1' AIRFLOW_CTX_DAG_RUN_ID='scheduled__2024-09-28T00:00:00+00:00'
[2024-10-08T05:34:40.936+0000] {logging_mixin.py:190} INFO - Task instance is in running state
[2024-10-08T05:34:40.936+0000] {logging_mixin.py:190} INFO -  Previous state of the Task instance: queued
[2024-10-08T05:34:40.936+0000] {logging_mixin.py:190} INFO - Current task name:insert_book_data state:running start_date:2024-10-08 05:34:40.741247+00:00
[2024-10-08T05:34:40.937+0000] {logging_mixin.py:190} INFO - Dag name:fetch_and_store_amazon_books and current dag run status:running
[2024-10-08T05:34:40.937+0000] {taskinstance.py:731} INFO - ::endgroup::
[2024-10-08T05:34:40.955+0000] {base.py:84} INFO - Retrieving connection 'books_connection'
[2024-10-08T05:34:40.959+0000] {sql.py:509} INFO - Running statement: 
    INSERT INTO books (title, authors, price, rating)
    VALUES (%s, %s, %s, %s)
    , parameters: ('Data Engineering with AWS - Second Edition: Acquire the skills to design and build AWS-based data transformation pipelines like a pro', 'Gareth Eagar', '41.', '4.4 out of 5 stars')
[2024-10-08T05:34:40.960+0000] {sql.py:518} INFO - Rows affected: 1
[2024-10-08T05:34:40.976+0000] {base.py:84} INFO - Retrieving connection 'books_connection'
[2024-10-08T05:34:40.987+0000] {sql.py:509} INFO - Running statement: 
    INSERT INTO books (title, authors, price, rating)
    VALUES (%s, %s, %s, %s)
    , parameters: ('Azure Data Engineer Associate Certification Guide: Ace the DP-203 exam with advanced data engineering skills', 'Giacinto Palmieri', '49.', '4.4 out of 5 stars')
[2024-10-08T05:34:40.990+0000] {sql.py:518} INFO - Rows affected: 1
[2024-10-08T05:34:41.005+0000] {base.py:84} INFO - Retrieving connection 'books_connection'
[2024-10-08T05:34:41.012+0000] {sql.py:509} INFO - Running statement: 
    INSERT INTO books (title, authors, price, rating)
    VALUES (%s, %s, %s, %s)
    , parameters: ("Azure Data Factory Cookbook: A data engineer's guide to building and managing ETL and ELT pipelines with data integration", 'Dmitry Foshin', '51.', '4.2 out of 5 stars')
[2024-10-08T05:34:41.014+0000] {sql.py:518} INFO - Rows affected: 1
[2024-10-08T05:34:41.027+0000] {base.py:84} INFO - Retrieving connection 'books_connection'
[2024-10-08T05:34:41.038+0000] {sql.py:509} INFO - Running statement: 
    INSERT INTO books (title, authors, price, rating)
    VALUES (%s, %s, %s, %s)
    , parameters: ('Fundamentals of Data Engineering: Plan and Build Robust Data Systems', 'Joe Reis', '25.', '4.7 out of 5 stars')
[2024-10-08T05:34:41.040+0000] {sql.py:518} INFO - Rows affected: 1
[2024-10-08T05:34:41.065+0000] {base.py:84} INFO - Retrieving connection 'books_connection'
[2024-10-08T05:34:41.076+0000] {sql.py:509} INFO - Running statement: 
    INSERT INTO books (title, authors, price, rating)
    VALUES (%s, %s, %s, %s)
    , parameters: ('Designing Data-Intensive Applications: The Big Ideas Behind Reliable, Scalable, and Maintainable Systems', 'Martin Kleppmann', '55.', '4.7 out of 5 stars')
[2024-10-08T05:34:41.080+0000] {sql.py:518} INFO - Rows affected: 1
[2024-10-08T05:34:41.088+0000] {base.py:84} INFO - Retrieving connection 'books_connection'
[2024-10-08T05:34:41.091+0000] {sql.py:509} INFO - Running statement: 
    INSERT INTO books (title, authors, price, rating)
    VALUES (%s, %s, %s, %s)
    , parameters: ('Fundamentals of Data Analytics: Learn Essential Skills, Embrace the Future, and Catapult Your Career in the Data-Driven World—A Comprehensive Guide to Data Literacy for Beginners', 'Russell Dawson', '17.', '4.8 out of 5 stars')
[2024-10-08T05:34:41.092+0000] {sql.py:518} INFO - Rows affected: 1
[2024-10-08T05:34:41.098+0000] {base.py:84} INFO - Retrieving connection 'books_connection'
[2024-10-08T05:34:41.101+0000] {sql.py:509} INFO - Running statement: 
    INSERT INTO books (title, authors, price, rating)
    VALUES (%s, %s, %s, %s)
    , parameters: ("Ultimate Data Engineering with Databricks: Develop Scalable Data Pipelines Using Data Engineering's Core Tenets Such as Delta Tables, Ingestion, ... Security, and Scalability (English Edition)", 'Mayank Malhotra', '37.', '4.1 out of 5 stars')
[2024-10-08T05:34:41.102+0000] {sql.py:518} INFO - Rows affected: 1
[2024-10-08T05:34:41.109+0000] {base.py:84} INFO - Retrieving connection 'books_connection'
[2024-10-08T05:34:41.114+0000] {sql.py:509} INFO - Running statement: 
    INSERT INTO books (title, authors, price, rating)
    VALUES (%s, %s, %s, %s)
    , parameters: ('Data Engineering with dbt: A practical guide to building a cloud-based, pragmatic, and dependable data platform with SQL', 'Roberto Zagni', '37.', '4.6 out of 5 stars')
[2024-10-08T05:34:41.116+0000] {sql.py:518} INFO - Rows affected: 1
[2024-10-08T05:34:41.136+0000] {base.py:84} INFO - Retrieving connection 'books_connection'
[2024-10-08T05:34:41.141+0000] {sql.py:509} INFO - Running statement: 
    INSERT INTO books (title, authors, price, rating)
    VALUES (%s, %s, %s, %s)
    , parameters: ('Data Engineering with Python: Work with massive datasets to design data models and automate data pipelines using Python', 'Paul Crickard', '37.', '4.1 out of 5 stars')
[2024-10-08T05:34:41.143+0000] {sql.py:518} INFO - Rows affected: 1
[2024-10-08T05:34:41.153+0000] {base.py:84} INFO - Retrieving connection 'books_connection'
[2024-10-08T05:34:41.158+0000] {sql.py:509} INFO - Running statement: 
    INSERT INTO books (title, authors, price, rating)
    VALUES (%s, %s, %s, %s)
    , parameters: ('Cracking the Data Engineering Interview: Land your dream job with the help of resume-building tips, over 100 mock questions, and a unique portfolio', 'Kedeisha Bryan', '26.', '4.4 out of 5 stars')
[2024-10-08T05:34:41.160+0000] {sql.py:518} INFO - Rows affected: 1
[2024-10-08T05:34:41.167+0000] {base.py:84} INFO - Retrieving connection 'books_connection'
[2024-10-08T05:34:41.170+0000] {sql.py:509} INFO - Running statement: 
    INSERT INTO books (title, authors, price, rating)
    VALUES (%s, %s, %s, %s)
    , parameters: ('Data Pipelines Pocket Reference: Moving and Processing Data for Analytics', 'James Densmore', '17.', '4.5 out of 5 stars')
[2024-10-08T05:34:41.171+0000] {sql.py:518} INFO - Rows affected: 1
[2024-10-08T05:34:41.177+0000] {base.py:84} INFO - Retrieving connection 'books_connection'
[2024-10-08T05:34:41.180+0000] {sql.py:509} INFO - Running statement: 
    INSERT INTO books (title, authors, price, rating)
    VALUES (%s, %s, %s, %s)
    , parameters: ('Ace the Data Science Interview: 201 Real Interview Questions Asked By FAANG, Tech Startups, & Wall Street', 'Nick Singh', '42.', '4.5 out of 5 stars')
[2024-10-08T05:34:41.183+0000] {sql.py:518} INFO - Rows affected: 1
[2024-10-08T05:34:41.196+0000] {base.py:84} INFO - Retrieving connection 'books_connection'
[2024-10-08T05:34:41.203+0000] {sql.py:509} INFO - Running statement: 
    INSERT INTO books (title, authors, price, rating)
    VALUES (%s, %s, %s, %s)
    , parameters: ('Ace the Data Engineering Interview: Questions and Answers for Python, SQL, Data Modeling and More', 'Sean Coyne', '24.', '3.8 out of 5 stars')
[2024-10-08T05:34:41.204+0000] {sql.py:518} INFO - Rows affected: 1
[2024-10-08T05:34:41.212+0000] {base.py:84} INFO - Retrieving connection 'books_connection'
[2024-10-08T05:34:41.217+0000] {sql.py:509} INFO - Running statement: 
    INSERT INTO books (title, authors, price, rating)
    VALUES (%s, %s, %s, %s)
    , parameters: ('Data Engineering with Databricks Cookbook: Build effective data and AI solutions using Apache Spark, Databricks, and Delta Lake', 'Pulkit Chadha', '49.', '4.3 out of 5 stars')
[2024-10-08T05:34:41.218+0000] {sql.py:518} INFO - Rows affected: 1
[2024-10-08T05:34:41.227+0000] {base.py:84} INFO - Retrieving connection 'books_connection'
[2024-10-08T05:34:41.234+0000] {sql.py:509} INFO - Running statement: 
    INSERT INTO books (title, authors, price, rating)
    VALUES (%s, %s, %s, %s)
    , parameters: ('Software Engineering for Data Scientists: From Notebooks to Scalable Systems', 'Catherine Nelson', '51.', '4.4 out of 5 stars')
[2024-10-08T05:34:41.236+0000] {sql.py:518} INFO - Rows affected: 1
[2024-10-08T05:34:41.265+0000] {base.py:84} INFO - Retrieving connection 'books_connection'
[2024-10-08T05:34:41.278+0000] {sql.py:509} INFO - Running statement: 
    INSERT INTO books (title, authors, price, rating)
    VALUES (%s, %s, %s, %s)
    , parameters: ('Essentials of Data Engineering', 'Dr. Mukesh Saini', '19.', '5.0 out of 5 stars')
[2024-10-08T05:34:41.280+0000] {sql.py:518} INFO - Rows affected: 1
[2024-10-08T05:34:41.291+0000] {base.py:84} INFO - Retrieving connection 'books_connection'
[2024-10-08T05:34:41.297+0000] {sql.py:509} INFO - Running statement: 
    INSERT INTO books (title, authors, price, rating)
    VALUES (%s, %s, %s, %s)
    , parameters: ('Data Engineering with AWS: Learn how to design and build cloud-based data transformation pipelines using AWS', 'Gareth Eagar', '49.', '4.4 out of 5 stars')
[2024-10-08T05:34:41.298+0000] {sql.py:518} INFO - Rows affected: 1
[2024-10-08T05:34:41.306+0000] {base.py:84} INFO - Retrieving connection 'books_connection'
[2024-10-08T05:34:41.310+0000] {sql.py:509} INFO - Running statement: 
    INSERT INTO books (title, authors, price, rating)
    VALUES (%s, %s, %s, %s)
    , parameters: ('Data Engineering with Python cookbook: Learn to build efficient data pipelines using the Modern Cloud Data Stack', 'Adithyan Ramanujakootam', '32.', '5.0 out of 5 stars')
[2024-10-08T05:34:41.311+0000] {sql.py:518} INFO - Rows affected: 1
[2024-10-08T05:34:41.317+0000] {base.py:84} INFO - Retrieving connection 'books_connection'
[2024-10-08T05:34:41.320+0000] {sql.py:509} INFO - Running statement: 
    INSERT INTO books (title, authors, price, rating)
    VALUES (%s, %s, %s, %s)
    , parameters: ("Data Quality Fundamentals: A Practitioner's Guide to Building Trustworthy Data Pipelines", 'Paperback', '45.', '4.1 out of 5 stars')
[2024-10-08T05:34:41.321+0000] {sql.py:518} INFO - Rows affected: 1
[2024-10-08T05:34:41.331+0000] {base.py:84} INFO - Retrieving connection 'books_connection'
[2024-10-08T05:34:41.339+0000] {sql.py:509} INFO - Running statement: 
    INSERT INTO books (title, authors, price, rating)
    VALUES (%s, %s, %s, %s)
    , parameters: ('Data Engineering with Google Cloud Platform: A practical guide to operationalizing scalable data analytics systems on GCP', 'Adi Wijaya', '41.', '4.7 out of 5 stars')
[2024-10-08T05:34:41.342+0000] {sql.py:518} INFO - Rows affected: 1
[2024-10-08T05:34:41.350+0000] {base.py:84} INFO - Retrieving connection 'books_connection'
[2024-10-08T05:34:41.355+0000] {sql.py:509} INFO - Running statement: 
    INSERT INTO books (title, authors, price, rating)
    VALUES (%s, %s, %s, %s)
    , parameters: ('DATA ENGINEERING AND AI FOR BEGINNERS: Revolutionizing Data Processing and Analytics by Leveraging Artificial Intelligence for Efficient Input Collection, Storage, and Transformation (World of AI)', 'Paperback', '13.', '4.3 out of 5 stars')
[2024-10-08T05:34:41.357+0000] {sql.py:518} INFO - Rows affected: 1
[2024-10-08T05:34:41.366+0000] {base.py:84} INFO - Retrieving connection 'books_connection'
[2024-10-08T05:34:41.369+0000] {sql.py:509} INFO - Running statement: 
    INSERT INTO books (title, authors, price, rating)
    VALUES (%s, %s, %s, %s)
    , parameters: ('Fundamentals of Data Engineering: A Comprehensive Guide to Designing, Building, and Managing Data Pipelines, Storage Solutions, and Processing Frameworks.', 'Paperback', '14.', '5.0 out of 5 stars')
[2024-10-08T05:34:41.371+0000] {sql.py:518} INFO - Rows affected: 1
[2024-10-08T05:34:41.376+0000] {base.py:84} INFO - Retrieving connection 'books_connection'
[2024-10-08T05:34:41.379+0000] {sql.py:509} INFO - Running statement: 
    INSERT INTO books (title, authors, price, rating)
    VALUES (%s, %s, %s, %s)
    , parameters: ('Data Privacy: A runbook for engineers', 'Nishant Bhajaria', '35.', '4.8 out of 5 stars')
[2024-10-08T05:34:41.381+0000] {sql.py:518} INFO - Rows affected: 1
[2024-10-08T05:34:41.386+0000] {base.py:84} INFO - Retrieving connection 'books_connection'
[2024-10-08T05:34:41.389+0000] {sql.py:509} INFO - Running statement: 
    INSERT INTO books (title, authors, price, rating)
    VALUES (%s, %s, %s, %s)
    , parameters: ('Data Engineering Fundamentals for Beginners: Mastering the Art of Building, Managing, and Scaling Data Systems', 'Paperback', '14.', '5.0 out of 5 stars')
[2024-10-08T05:34:41.392+0000] {sql.py:518} INFO - Rows affected: 1
[2024-10-08T05:34:41.397+0000] {base.py:84} INFO - Retrieving connection 'books_connection'
[2024-10-08T05:34:41.400+0000] {sql.py:509} INFO - Running statement: 
    INSERT INTO books (title, authors, price, rating)
    VALUES (%s, %s, %s, %s)
    , parameters: ("Engineering Data Mesh in Azure Cloud: Implement data mesh using Microsoft Azure's Cloud Adoption Framework", 'Paperback', '47.', '4.5 out of 5 stars')
[2024-10-08T05:34:41.401+0000] {sql.py:518} INFO - Rows affected: 1
[2024-10-08T05:34:41.406+0000] {base.py:84} INFO - Retrieving connection 'books_connection'
[2024-10-08T05:34:41.410+0000] {sql.py:509} INFO - Running statement: 
    INSERT INTO books (title, authors, price, rating)
    VALUES (%s, %s, %s, %s)
    , parameters: ('Data Engineering with Apache Spark, Delta Lake, and Lakehouse: Create scalable pipelines that ingest, curate, and aggregate complex data in a timely and secure way', 'Manoj Kukreja', '46.', '3.9 out of 5 stars')
[2024-10-08T05:34:41.410+0000] {sql.py:518} INFO - Rows affected: 1
[2024-10-08T05:34:41.417+0000] {base.py:84} INFO - Retrieving connection 'books_connection'
[2024-10-08T05:34:41.420+0000] {sql.py:509} INFO - Running statement: 
    INSERT INTO books (title, authors, price, rating)
    VALUES (%s, %s, %s, %s)
    , parameters: ('Data-Driven Science and Engineering: Machine Learning, Dynamical Systems, and Control', 'Steven L. Brunton', '64.', '4.8 out of 5 stars')
[2024-10-08T05:34:41.424+0000] {sql.py:518} INFO - Rows affected: 1
[2024-10-08T05:34:41.441+0000] {base.py:84} INFO - Retrieving connection 'books_connection'
[2024-10-08T05:34:41.445+0000] {sql.py:509} INFO - Running statement: 
    INSERT INTO books (title, authors, price, rating)
    VALUES (%s, %s, %s, %s)
    , parameters: ('Data Engineering with Google Cloud Platform: A guide to leveling up as a data engineer by building a scalable data platform with Google Cloud', 'Adi Wijaya', '40.', '4.8 out of 5 stars')
[2024-10-08T05:34:41.447+0000] {sql.py:518} INFO - Rows affected: 1
[2024-10-08T05:34:41.456+0000] {base.py:84} INFO - Retrieving connection 'books_connection'
[2024-10-08T05:34:41.459+0000] {sql.py:509} INFO - Running statement: 
    INSERT INTO books (title, authors, price, rating)
    VALUES (%s, %s, %s, %s)
    , parameters: ("Data: Principles To Practice - Volume 1 'Foundations': Essential Foundations: Key Concepts behind Data Architecture, Engineering and Analysis for Professionals", 'Mr Alex Holloway', '12.', '4.6 out of 5 stars')
[2024-10-08T05:34:41.460+0000] {sql.py:518} INFO - Rows affected: 1
[2024-10-08T05:34:41.465+0000] {base.py:84} INFO - Retrieving connection 'books_connection'
[2024-10-08T05:34:41.468+0000] {sql.py:509} INFO - Running statement: 
    INSERT INTO books (title, authors, price, rating)
    VALUES (%s, %s, %s, %s)
    , parameters: ('Data Engineering with AWS', 'May Sherry', '14.', '5.0 out of 5 stars')
[2024-10-08T05:34:41.469+0000] {sql.py:518} INFO - Rows affected: 1
[2024-10-08T05:34:41.475+0000] {base.py:84} INFO - Retrieving connection 'books_connection'
[2024-10-08T05:34:41.478+0000] {sql.py:509} INFO - Running statement: 
    INSERT INTO books (title, authors, price, rating)
    VALUES (%s, %s, %s, %s)
    , parameters: ('Python Data Engineering Resources: Forge Your Path to Success in Data Engineering, Machine Learning and AI', 'Vajo Lukic', '0.', '4.9 out of 5 stars')
[2024-10-08T05:34:41.480+0000] {sql.py:518} INFO - Rows affected: 1
[2024-10-08T05:34:41.488+0000] {base.py:84} INFO - Retrieving connection 'books_connection'
[2024-10-08T05:34:41.491+0000] {sql.py:509} INFO - Running statement: 
    INSERT INTO books (title, authors, price, rating)
    VALUES (%s, %s, %s, %s)
    , parameters: ('97 Things Every Data Engineer Should Know: Collective Wisdom from the Experts', 'Tobias Macey', '28.', '4.1 out of 5 stars')
[2024-10-08T05:34:41.492+0000] {sql.py:518} INFO - Rows affected: 1
[2024-10-08T05:34:41.499+0000] {base.py:84} INFO - Retrieving connection 'books_connection'
[2024-10-08T05:34:41.504+0000] {sql.py:509} INFO - Running statement: 
    INSERT INTO books (title, authors, price, rating)
    VALUES (%s, %s, %s, %s)
    , parameters: ('Analytics Engineering with SQL and dbt: Building Meaningful Data Models at Scale', 'Rui Pedro Machado', '41.', '3.9 out of 5 stars')
[2024-10-08T05:34:41.505+0000] {sql.py:518} INFO - Rows affected: 1
[2024-10-08T05:34:41.513+0000] {base.py:84} INFO - Retrieving connection 'books_connection'
[2024-10-08T05:34:41.516+0000] {sql.py:509} INFO - Running statement: 
    INSERT INTO books (title, authors, price, rating)
    VALUES (%s, %s, %s, %s)
    , parameters: ('Data Engineering with Scala and Spark: Build streaming and batch pipelines that process massive amounts of data using Scala', 'Eric Tome', '29.', '4.1 out of 5 stars')
[2024-10-08T05:34:41.518+0000] {sql.py:518} INFO - Rows affected: 1
[2024-10-08T05:34:41.525+0000] {base.py:84} INFO - Retrieving connection 'books_connection'
[2024-10-08T05:34:41.529+0000] {sql.py:509} INFO - Running statement: 
    INSERT INTO books (title, authors, price, rating)
    VALUES (%s, %s, %s, %s)
    , parameters: ('Storytelling with Data: A Data Visualization Guide for Business Professionals', 'Cole Nussbaumer Knaflic', '27.', '4.6 out of 5 stars')
[2024-10-08T05:34:41.534+0000] {sql.py:518} INFO - Rows affected: 1
[2024-10-08T05:34:41.553+0000] {base.py:84} INFO - Retrieving connection 'books_connection'
[2024-10-08T05:34:41.559+0000] {sql.py:509} INFO - Running statement: 
    INSERT INTO books (title, authors, price, rating)
    VALUES (%s, %s, %s, %s)
    , parameters: ('Data Mesh: Delivering Data-Driven Value at Scale', 'Zhamak Dehghani', '43.', '4.5 out of 5 stars')
[2024-10-08T05:34:41.561+0000] {sql.py:518} INFO - Rows affected: 1
[2024-10-08T05:34:41.573+0000] {base.py:84} INFO - Retrieving connection 'books_connection'
[2024-10-08T05:34:41.577+0000] {sql.py:509} INFO - Running statement: 
    INSERT INTO books (title, authors, price, rating)
    VALUES (%s, %s, %s, %s)
    , parameters: ('Data Engineering 101', 'Kindle', '0.', '3.9 out of 5 stars')
[2024-10-08T05:34:41.579+0000] {sql.py:518} INFO - Rows affected: 1
[2024-10-08T05:34:41.584+0000] {base.py:84} INFO - Retrieving connection 'books_connection'
[2024-10-08T05:34:41.588+0000] {sql.py:509} INFO - Running statement: 
    INSERT INTO books (title, authors, price, rating)
    VALUES (%s, %s, %s, %s)
    , parameters: ('Data Modeling with Snowflake: A practical guide to accelerating Snowflake development using universal data modeling techniques', 'Serge Gershkovich', '36.', '4.8 out of 5 stars')
[2024-10-08T05:34:41.591+0000] {sql.py:518} INFO - Rows affected: 1
[2024-10-08T05:34:41.605+0000] {base.py:84} INFO - Retrieving connection 'books_connection'
[2024-10-08T05:34:41.612+0000] {sql.py:509} INFO - Running statement: 
    INSERT INTO books (title, authors, price, rating)
    VALUES (%s, %s, %s, %s)
    , parameters: ('Official Google Cloud Certified Professional Data Engineer Study Guide', 'Dan Sullivan', '33.', '4.5 out of 5 stars')
[2024-10-08T05:34:41.617+0000] {sql.py:518} INFO - Rows affected: 1
[2024-10-08T05:34:41.650+0000] {base.py:84} INFO - Retrieving connection 'books_connection'
[2024-10-08T05:34:41.662+0000] {sql.py:509} INFO - Running statement: 
    INSERT INTO books (title, authors, price, rating)
    VALUES (%s, %s, %s, %s)
    , parameters: ('Machine Learning Engineering', 'Andriy Burkov', '39.', '4.7 out of 5 stars')
[2024-10-08T05:34:41.675+0000] {sql.py:518} INFO - Rows affected: 1
[2024-10-08T05:34:41.700+0000] {base.py:84} INFO - Retrieving connection 'books_connection'
[2024-10-08T05:34:41.707+0000] {sql.py:509} INFO - Running statement: 
    INSERT INTO books (title, authors, price, rating)
    VALUES (%s, %s, %s, %s)
    , parameters: ('Fundamentals of Data Observability: Implement Trustworthy End-to-End Data Solutions', 'Andy Petrella', '36.', '4.0 out of 5 stars')
[2024-10-08T05:34:41.710+0000] {sql.py:518} INFO - Rows affected: 1
[2024-10-08T05:34:41.739+0000] {base.py:84} INFO - Retrieving connection 'books_connection'
[2024-10-08T05:34:41.747+0000] {sql.py:509} INFO - Running statement: 
    INSERT INTO books (title, authors, price, rating)
    VALUES (%s, %s, %s, %s)
    , parameters: ('Modern Data Engineering with Apache Spark: A Hands-On Guide for Building Mission-Critical Streaming Applications', 'Scott Haines', '29.', '4.1 out of 5 stars')
[2024-10-08T05:34:41.753+0000] {sql.py:518} INFO - Rows affected: 1
[2024-10-08T05:34:41.785+0000] {base.py:84} INFO - Retrieving connection 'books_connection'
[2024-10-08T05:34:41.793+0000] {sql.py:509} INFO - Running statement: 
    INSERT INTO books (title, authors, price, rating)
    VALUES (%s, %s, %s, %s)
    , parameters: ('Python Feature Engineering Cookbook: A complete guide to crafting powerful features for your machine learning models', 'Soledad Galli', '44.', '5.0 out of 5 stars')
[2024-10-08T05:34:41.797+0000] {sql.py:518} INFO - Rows affected: 1
[2024-10-08T05:34:41.815+0000] {base.py:84} INFO - Retrieving connection 'books_connection'
[2024-10-08T05:34:41.821+0000] {sql.py:509} INFO - Running statement: 
    INSERT INTO books (title, authors, price, rating)
    VALUES (%s, %s, %s, %s)
    , parameters: ('Data Engineering with Databricks', 'Kindle', '0.', '3.4 out of 5 stars')
[2024-10-08T05:34:41.823+0000] {sql.py:518} INFO - Rows affected: 1
[2024-10-08T05:34:41.838+0000] {base.py:84} INFO - Retrieving connection 'books_connection'
[2024-10-08T05:34:41.849+0000] {sql.py:509} INFO - Running statement: 
    INSERT INTO books (title, authors, price, rating)
    VALUES (%s, %s, %s, %s)
    , parameters: ('Azure Data Factory by Example: Practical Implementation for Data Engineers', 'Richard Swinbank', '33.', '4.2 out of 5 stars')
[2024-10-08T05:34:41.853+0000] {sql.py:518} INFO - Rows affected: 1
[2024-10-08T05:34:41.866+0000] {base.py:84} INFO - Retrieving connection 'books_connection'
[2024-10-08T05:34:41.877+0000] {sql.py:509} INFO - Running statement: 
    INSERT INTO books (title, authors, price, rating)
    VALUES (%s, %s, %s, %s)
    , parameters: ('Data Quality Engineering in Financial Services: Applying Manufacturing Techniques to Data', 'Brian Buzzelli', '30.', '4.4 out of 5 stars')
[2024-10-08T05:34:41.881+0000] {sql.py:518} INFO - Rows affected: 1
[2024-10-08T05:34:41.911+0000] {base.py:84} INFO - Retrieving connection 'books_connection'
[2024-10-08T05:34:41.919+0000] {sql.py:509} INFO - Running statement: 
    INSERT INTO books (title, authors, price, rating)
    VALUES (%s, %s, %s, %s)
    , parameters: ('Prompt Engineering for Generative AI: Future-Proof Inputs for Reliable AI Outputs', 'James Phoenix', '53.', '4.5 out of 5 stars')
[2024-10-08T05:34:41.922+0000] {sql.py:518} INFO - Rows affected: 1
[2024-10-08T05:34:41.948+0000] {base.py:84} INFO - Retrieving connection 'books_connection'
[2024-10-08T05:34:41.956+0000] {sql.py:509} INFO - Running statement: 
    INSERT INTO books (title, authors, price, rating)
    VALUES (%s, %s, %s, %s)
    , parameters: ('Data Observability for Data Engineering: Proactive strategies for ensuring data accuracy and addressing broken data pipelines', 'Michele Pinto', '18.', '3.7 out of 5 stars')
[2024-10-08T05:34:41.959+0000] {sql.py:518} INFO - Rows affected: 1
[2024-10-08T05:34:41.972+0000] {base.py:84} INFO - Retrieving connection 'books_connection'
[2024-10-08T05:34:41.983+0000] {sql.py:509} INFO - Running statement: 
    INSERT INTO books (title, authors, price, rating)
    VALUES (%s, %s, %s, %s)
    , parameters: ('Better Data Visualizations: A Guide for Scholars, Researchers, and Wonks', 'Jonathan Schwabish', '26.', '4.5 out of 5 stars')
[2024-10-08T05:34:41.988+0000] {sql.py:518} INFO - Rows affected: 1
[2024-10-08T05:34:42.010+0000] {base.py:84} INFO - Retrieving connection 'books_connection'
[2024-10-08T05:34:42.022+0000] {sql.py:509} INFO - Running statement: 
    INSERT INTO books (title, authors, price, rating)
    VALUES (%s, %s, %s, %s)
    , parameters: ("Applied Machine Learning and AI for Engineers: Solve Business Problems That Can't Be Solved Algorithmically", 'Jeff Prosise', '73.', '4.5 out of 5 stars')
[2024-10-08T05:34:42.027+0000] {sql.py:518} INFO - Rows affected: 1
[2024-10-08T05:34:42.036+0000] {python.py:240} INFO - Done. Returned value was: None
[2024-10-08T05:34:42.065+0000] {taskinstance.py:340} INFO - ::group::Post task execution logs
[2024-10-08T05:34:42.068+0000] {taskinstance.py:352} INFO - Marking task as SUCCESS. dag_id=fetch_and_store_amazon_books, task_id=insert_book_data, run_id=scheduled__2024-09-28T00:00:00+00:00, execution_date=20240928T000000, start_date=20241008T053440, end_date=20241008T053442
[2024-10-08T05:34:42.091+0000] {logging_mixin.py:190} INFO - Task instance in success state
[2024-10-08T05:34:42.093+0000] {logging_mixin.py:190} INFO -  Previous state of the Task instance: running
[2024-10-08T05:34:42.094+0000] {logging_mixin.py:190} INFO - Dag name:fetch_and_store_amazon_books queued_at:2024-10-08 05:34:23.232023+00:00
[2024-10-08T05:34:42.095+0000] {logging_mixin.py:190} INFO - Task hostname:475658bd4f83 operator:PythonOperator
[2024-10-08T05:34:42.136+0000] {local_task_job_runner.py:261} INFO - Task exited with return code 0
[2024-10-08T05:34:42.189+0000] {taskinstance.py:3891} INFO - 0 downstream tasks scheduled from follow-on schedule check
[2024-10-08T05:34:42.193+0000] {local_task_job_runner.py:240} INFO - ::endgroup::
