[2024-10-08T05:29:55.022+0000] {local_task_job_runner.py:123} INFO - ::group::Pre task execution logs
[2024-10-08T05:29:55.045+0000] {taskinstance.py:2603} INFO - Dependencies all met for dep_context=non-requeueable deps ti=<TaskInstance: fetch_and_store_amazon_books.insert_book_data scheduled__2024-08-29T00:00:00+00:00 [queued]>
[2024-10-08T05:29:55.071+0000] {taskinstance.py:2603} INFO - Dependencies all met for dep_context=requeueable deps ti=<TaskInstance: fetch_and_store_amazon_books.insert_book_data scheduled__2024-08-29T00:00:00+00:00 [queued]>
[2024-10-08T05:29:55.072+0000] {taskinstance.py:2856} INFO - Starting attempt 1 of 2
[2024-10-08T05:29:55.115+0000] {taskinstance.py:2879} INFO - Executing <Task(PythonOperator): insert_book_data> on 2024-08-29 00:00:00+00:00
[2024-10-08T05:29:55.135+0000] {warnings.py:112} WARNING - /home/***/.local/lib/python3.12/site-packages/***/task/task_runner/standard_task_runner.py:70: DeprecationWarning: This process (pid=308) is multi-threaded, use of fork() may lead to deadlocks in the child.
  pid = os.fork()

[2024-10-08T05:29:55.138+0000] {standard_task_runner.py:72} INFO - Started process 316 to run task
[2024-10-08T05:29:55.143+0000] {standard_task_runner.py:104} INFO - Running: ['***', 'tasks', 'run', 'fetch_and_store_amazon_books', 'insert_book_data', 'scheduled__2024-08-29T00:00:00+00:00', '--job-id', '173', '--raw', '--subdir', 'DAGS_FOLDER/app.py', '--cfg-path', '/tmp/tmpgkvlol6y']
[2024-10-08T05:29:55.144+0000] {standard_task_runner.py:105} INFO - Job 173: Subtask insert_book_data
[2024-10-08T05:29:55.254+0000] {task_command.py:467} INFO - Running <TaskInstance: fetch_and_store_amazon_books.insert_book_data scheduled__2024-08-29T00:00:00+00:00 [running]> on host 475658bd4f83
[2024-10-08T05:29:55.362+0000] {taskinstance.py:3122} INFO - Exporting env vars: AIRFLOW_CTX_DAG_OWNER='***' AIRFLOW_CTX_DAG_ID='fetch_and_store_amazon_books' AIRFLOW_CTX_TASK_ID='insert_book_data' AIRFLOW_CTX_EXECUTION_DATE='2024-08-29T00:00:00+00:00' AIRFLOW_CTX_TRY_NUMBER='1' AIRFLOW_CTX_DAG_RUN_ID='scheduled__2024-08-29T00:00:00+00:00'
[2024-10-08T05:29:55.364+0000] {logging_mixin.py:190} INFO - Task instance is in running state
[2024-10-08T05:29:55.366+0000] {logging_mixin.py:190} INFO -  Previous state of the Task instance: queued
[2024-10-08T05:29:55.369+0000] {logging_mixin.py:190} INFO - Current task name:insert_book_data state:running start_date:2024-10-08 05:29:55.046016+00:00
[2024-10-08T05:29:55.369+0000] {logging_mixin.py:190} INFO - Dag name:fetch_and_store_amazon_books and current dag run status:running
[2024-10-08T05:29:55.369+0000] {taskinstance.py:731} INFO - ::endgroup::
[2024-10-08T05:29:55.391+0000] {base.py:84} INFO - Retrieving connection 'books_connection'
[2024-10-08T05:29:55.398+0000] {sql.py:509} INFO - Running statement: 
    INSERT INTO books (title, authors, price, rating)
    VALUES (%s, %s, %s, %s)
    , parameters: ('Data Engineering with AWS - Second Edition: Acquire the skills to design and build AWS-based data transformation pipelines like a pro', 'Gareth Eagar', '41.', '4.4 out of 5 stars')
[2024-10-08T05:29:55.409+0000] {sql.py:518} INFO - Rows affected: 1
[2024-10-08T05:29:55.426+0000] {base.py:84} INFO - Retrieving connection 'books_connection'
[2024-10-08T05:29:55.432+0000] {sql.py:509} INFO - Running statement: 
    INSERT INTO books (title, authors, price, rating)
    VALUES (%s, %s, %s, %s)
    , parameters: ('Azure Data Engineer Associate Certification Guide: Ace the DP-203 exam with advanced data engineering skills', 'Giacinto Palmieri', '49.', '4.4 out of 5 stars')
[2024-10-08T05:29:55.435+0000] {sql.py:518} INFO - Rows affected: 1
[2024-10-08T05:29:55.448+0000] {base.py:84} INFO - Retrieving connection 'books_connection'
[2024-10-08T05:29:55.457+0000] {sql.py:509} INFO - Running statement: 
    INSERT INTO books (title, authors, price, rating)
    VALUES (%s, %s, %s, %s)
    , parameters: ("Azure Data Factory Cookbook: A data engineer's guide to building and managing ETL and ELT pipelines with data integration", 'Dmitry Foshin', '51.', '4.2 out of 5 stars')
[2024-10-08T05:29:55.459+0000] {sql.py:518} INFO - Rows affected: 1
[2024-10-08T05:29:55.465+0000] {base.py:84} INFO - Retrieving connection 'books_connection'
[2024-10-08T05:29:55.472+0000] {sql.py:509} INFO - Running statement: 
    INSERT INTO books (title, authors, price, rating)
    VALUES (%s, %s, %s, %s)
    , parameters: ("Engineering Data Mesh in Azure Cloud: Implement data mesh using Microsoft Azure's Cloud Adoption Framework", 'Paperback', '47.', '4.5 out of 5 stars')
[2024-10-08T05:29:55.474+0000] {sql.py:518} INFO - Rows affected: 1
[2024-10-08T05:29:55.484+0000] {base.py:84} INFO - Retrieving connection 'books_connection'
[2024-10-08T05:29:55.489+0000] {sql.py:509} INFO - Running statement: 
    INSERT INTO books (title, authors, price, rating)
    VALUES (%s, %s, %s, %s)
    , parameters: ('Fundamentals of Data Engineering: Plan and Build Robust Data Systems', 'Joe Reis', '25.', '4.7 out of 5 stars')
[2024-10-08T05:29:55.490+0000] {sql.py:518} INFO - Rows affected: 1
[2024-10-08T05:29:55.498+0000] {base.py:84} INFO - Retrieving connection 'books_connection'
[2024-10-08T05:29:55.503+0000] {sql.py:509} INFO - Running statement: 
    INSERT INTO books (title, authors, price, rating)
    VALUES (%s, %s, %s, %s)
    , parameters: ('Designing Data-Intensive Applications: The Big Ideas Behind Reliable, Scalable, and Maintainable Systems', 'Martin Kleppmann', '55.', '4.7 out of 5 stars')
[2024-10-08T05:29:55.509+0000] {sql.py:518} INFO - Rows affected: 1
[2024-10-08T05:29:55.523+0000] {base.py:84} INFO - Retrieving connection 'books_connection'
[2024-10-08T05:29:55.531+0000] {sql.py:509} INFO - Running statement: 
    INSERT INTO books (title, authors, price, rating)
    VALUES (%s, %s, %s, %s)
    , parameters: ('Fundamentals of Data Analytics: Learn Essential Skills, Embrace the Future, and Catapult Your Career in the Data-Driven World—A Comprehensive Guide to Data Literacy for Beginners', 'Russell Dawson', '17.', '4.8 out of 5 stars')
[2024-10-08T05:29:55.537+0000] {sql.py:518} INFO - Rows affected: 1
[2024-10-08T05:29:55.553+0000] {base.py:84} INFO - Retrieving connection 'books_connection'
[2024-10-08T05:29:55.561+0000] {sql.py:509} INFO - Running statement: 
    INSERT INTO books (title, authors, price, rating)
    VALUES (%s, %s, %s, %s)
    , parameters: ("Ultimate Data Engineering with Databricks: Develop Scalable Data Pipelines Using Data Engineering's Core Tenets Such as Delta Tables, Ingestion, ... Security, and Scalability (English Edition)", 'Mayank Malhotra', '37.', '4.1 out of 5 stars')
[2024-10-08T05:29:55.563+0000] {sql.py:518} INFO - Rows affected: 1
[2024-10-08T05:29:55.573+0000] {base.py:84} INFO - Retrieving connection 'books_connection'
[2024-10-08T05:29:55.577+0000] {sql.py:509} INFO - Running statement: 
    INSERT INTO books (title, authors, price, rating)
    VALUES (%s, %s, %s, %s)
    , parameters: ('Data Engineering with dbt: A practical guide to building a cloud-based, pragmatic, and dependable data platform with SQL', 'Roberto Zagni', '37.', '4.6 out of 5 stars')
[2024-10-08T05:29:55.579+0000] {sql.py:518} INFO - Rows affected: 1
[2024-10-08T05:29:55.588+0000] {base.py:84} INFO - Retrieving connection 'books_connection'
[2024-10-08T05:29:55.593+0000] {sql.py:509} INFO - Running statement: 
    INSERT INTO books (title, authors, price, rating)
    VALUES (%s, %s, %s, %s)
    , parameters: ('Data Engineering with Python: Work with massive datasets to design data models and automate data pipelines using Python', 'Paul Crickard', '37.', '4.1 out of 5 stars')
[2024-10-08T05:29:55.595+0000] {sql.py:518} INFO - Rows affected: 1
[2024-10-08T05:29:55.605+0000] {base.py:84} INFO - Retrieving connection 'books_connection'
[2024-10-08T05:29:55.612+0000] {sql.py:509} INFO - Running statement: 
    INSERT INTO books (title, authors, price, rating)
    VALUES (%s, %s, %s, %s)
    , parameters: ('Cracking the Data Engineering Interview: Land your dream job with the help of resume-building tips, over 100 mock questions, and a unique portfolio', 'Kedeisha Bryan', '26.', '4.4 out of 5 stars')
[2024-10-08T05:29:55.614+0000] {sql.py:518} INFO - Rows affected: 1
[2024-10-08T05:29:55.631+0000] {base.py:84} INFO - Retrieving connection 'books_connection'
[2024-10-08T05:29:55.637+0000] {sql.py:509} INFO - Running statement: 
    INSERT INTO books (title, authors, price, rating)
    VALUES (%s, %s, %s, %s)
    , parameters: ('Data Pipelines Pocket Reference: Moving and Processing Data for Analytics', 'James Densmore', '17.', '4.5 out of 5 stars')
[2024-10-08T05:29:55.640+0000] {sql.py:518} INFO - Rows affected: 1
[2024-10-08T05:29:55.650+0000] {base.py:84} INFO - Retrieving connection 'books_connection'
[2024-10-08T05:29:55.661+0000] {sql.py:509} INFO - Running statement: 
    INSERT INTO books (title, authors, price, rating)
    VALUES (%s, %s, %s, %s)
    , parameters: ('Ace the Data Science Interview: 201 Real Interview Questions Asked By FAANG, Tech Startups, & Wall Street', 'Nick Singh', '42.', '4.5 out of 5 stars')
[2024-10-08T05:29:55.664+0000] {sql.py:518} INFO - Rows affected: 1
[2024-10-08T05:29:55.675+0000] {base.py:84} INFO - Retrieving connection 'books_connection'
[2024-10-08T05:29:55.679+0000] {sql.py:509} INFO - Running statement: 
    INSERT INTO books (title, authors, price, rating)
    VALUES (%s, %s, %s, %s)
    , parameters: ('Ace the Data Engineering Interview: Questions and Answers for Python, SQL, Data Modeling and More', 'Sean Coyne', '24.', '3.8 out of 5 stars')
[2024-10-08T05:29:55.682+0000] {sql.py:518} INFO - Rows affected: 1
[2024-10-08T05:29:55.696+0000] {base.py:84} INFO - Retrieving connection 'books_connection'
[2024-10-08T05:29:55.700+0000] {sql.py:509} INFO - Running statement: 
    INSERT INTO books (title, authors, price, rating)
    VALUES (%s, %s, %s, %s)
    , parameters: ('Data Engineering with Databricks Cookbook: Build effective data and AI solutions using Apache Spark, Databricks, and Delta Lake', 'Pulkit Chadha', '49.', '4.3 out of 5 stars')
[2024-10-08T05:29:55.701+0000] {sql.py:518} INFO - Rows affected: 1
[2024-10-08T05:29:55.709+0000] {base.py:84} INFO - Retrieving connection 'books_connection'
[2024-10-08T05:29:55.716+0000] {sql.py:509} INFO - Running statement: 
    INSERT INTO books (title, authors, price, rating)
    VALUES (%s, %s, %s, %s)
    , parameters: ('Software Engineering for Data Scientists: From Notebooks to Scalable Systems', 'Catherine Nelson', '51.', '4.4 out of 5 stars')
[2024-10-08T05:29:55.718+0000] {sql.py:518} INFO - Rows affected: 1
[2024-10-08T05:29:55.725+0000] {base.py:84} INFO - Retrieving connection 'books_connection'
[2024-10-08T05:29:55.729+0000] {sql.py:509} INFO - Running statement: 
    INSERT INTO books (title, authors, price, rating)
    VALUES (%s, %s, %s, %s)
    , parameters: ("Data: Principles To Practice - Volume 1 'Foundations': Essential Foundations: Key Concepts behind Data Architecture, Engineering and Analysis for Professionals", 'Mr Alex Holloway', '12.', '4.6 out of 5 stars')
[2024-10-08T05:29:55.731+0000] {sql.py:518} INFO - Rows affected: 1
[2024-10-08T05:29:55.746+0000] {base.py:84} INFO - Retrieving connection 'books_connection'
[2024-10-08T05:29:55.753+0000] {sql.py:509} INFO - Running statement: 
    INSERT INTO books (title, authors, price, rating)
    VALUES (%s, %s, %s, %s)
    , parameters: ('Python Data Engineering Resources: Forge Your Path to Success in Data Engineering, Machine Learning and AI', 'Vajo Lukic', '0.', '4.9 out of 5 stars')
[2024-10-08T05:29:55.755+0000] {sql.py:518} INFO - Rows affected: 1
[2024-10-08T05:29:55.763+0000] {base.py:84} INFO - Retrieving connection 'books_connection'
[2024-10-08T05:29:55.767+0000] {sql.py:509} INFO - Running statement: 
    INSERT INTO books (title, authors, price, rating)
    VALUES (%s, %s, %s, %s)
    , parameters: ('Data Observability for Data Engineering: Proactive strategies for ensuring data accuracy and addressing broken data pipelines', 'Michele Pinto', '36.', '3.7 out of 5 stars')
[2024-10-08T05:29:55.769+0000] {sql.py:518} INFO - Rows affected: 1
[2024-10-08T05:29:55.777+0000] {base.py:84} INFO - Retrieving connection 'books_connection'
[2024-10-08T05:29:55.782+0000] {sql.py:509} INFO - Running statement: 
    INSERT INTO books (title, authors, price, rating)
    VALUES (%s, %s, %s, %s)
    , parameters: ('Getting Started with DuckDB: A practical guide for accelerating your data science, data analytics, and data engineering workflows', 'Simon Aubury', '54.', '5.0 out of 5 stars')
[2024-10-08T05:29:55.783+0000] {sql.py:518} INFO - Rows affected: 1
[2024-10-08T05:29:55.788+0000] {base.py:84} INFO - Retrieving connection 'books_connection'
[2024-10-08T05:29:55.791+0000] {sql.py:509} INFO - Running statement: 
    INSERT INTO books (title, authors, price, rating)
    VALUES (%s, %s, %s, %s)
    , parameters: ('Essentials of Data Engineering', 'Dr. Mukesh Saini', '19.', '5.0 out of 5 stars')
[2024-10-08T05:29:55.792+0000] {sql.py:518} INFO - Rows affected: 1
[2024-10-08T05:29:55.799+0000] {base.py:84} INFO - Retrieving connection 'books_connection'
[2024-10-08T05:29:55.803+0000] {sql.py:509} INFO - Running statement: 
    INSERT INTO books (title, authors, price, rating)
    VALUES (%s, %s, %s, %s)
    , parameters: ('Data Engineering with AWS: Learn how to design and build cloud-based data transformation pipelines using AWS', 'Gareth Eagar', '49.', '4.4 out of 5 stars')
[2024-10-08T05:29:55.804+0000] {sql.py:518} INFO - Rows affected: 1
[2024-10-08T05:29:55.810+0000] {base.py:84} INFO - Retrieving connection 'books_connection'
[2024-10-08T05:29:55.813+0000] {sql.py:509} INFO - Running statement: 
    INSERT INTO books (title, authors, price, rating)
    VALUES (%s, %s, %s, %s)
    , parameters: ('Data Engineering with Python cookbook: Learn to build efficient data pipelines using the Modern Cloud Data Stack', 'Adithyan Ramanujakootam', '32.', '5.0 out of 5 stars')
[2024-10-08T05:29:55.814+0000] {sql.py:518} INFO - Rows affected: 1
[2024-10-08T05:29:55.820+0000] {base.py:84} INFO - Retrieving connection 'books_connection'
[2024-10-08T05:29:55.823+0000] {sql.py:509} INFO - Running statement: 
    INSERT INTO books (title, authors, price, rating)
    VALUES (%s, %s, %s, %s)
    , parameters: ('Data Exploration and Preparation with BigQuery: A practical guide to cleaning, transforming, and analyzing data for business insights', 'Mike Kahn', '36.', '4.8 out of 5 stars')
[2024-10-08T05:29:55.824+0000] {sql.py:518} INFO - Rows affected: 1
[2024-10-08T05:29:55.832+0000] {base.py:84} INFO - Retrieving connection 'books_connection'
[2024-10-08T05:29:55.842+0000] {sql.py:509} INFO - Running statement: 
    INSERT INTO books (title, authors, price, rating)
    VALUES (%s, %s, %s, %s)
    , parameters: ('The Definitive Guide to Data Integration: Unlock the power of data integration to efficiently manage, transform, and analyze data', 'Pierre-Yves Bonnefoy', '39.', '5.0 out of 5 stars')
[2024-10-08T05:29:55.845+0000] {sql.py:518} INFO - Rows affected: 1
[2024-10-08T05:29:55.863+0000] {base.py:84} INFO - Retrieving connection 'books_connection'
[2024-10-08T05:29:55.870+0000] {sql.py:509} INFO - Running statement: 
    INSERT INTO books (title, authors, price, rating)
    VALUES (%s, %s, %s, %s)
    , parameters: ("Data Quality Fundamentals: A Practitioner's Guide to Building Trustworthy Data Pipelines", 'Paperback', '45.', '4.1 out of 5 stars')
[2024-10-08T05:29:55.872+0000] {sql.py:518} INFO - Rows affected: 1
[2024-10-08T05:29:55.884+0000] {base.py:84} INFO - Retrieving connection 'books_connection'
[2024-10-08T05:29:55.891+0000] {sql.py:509} INFO - Running statement: 
    INSERT INTO books (title, authors, price, rating)
    VALUES (%s, %s, %s, %s)
    , parameters: ('Data Engineering with Google Cloud Platform: A practical guide to operationalizing scalable data analytics systems on GCP', 'Adi Wijaya', '41.', '4.7 out of 5 stars')
[2024-10-08T05:29:55.893+0000] {sql.py:518} INFO - Rows affected: 1
[2024-10-08T05:29:55.915+0000] {base.py:84} INFO - Retrieving connection 'books_connection'
[2024-10-08T05:29:55.926+0000] {sql.py:509} INFO - Running statement: 
    INSERT INTO books (title, authors, price, rating)
    VALUES (%s, %s, %s, %s)
    , parameters: ('DATA ENGINEERING AND AI FOR BEGINNERS: Revolutionizing Data Processing and Analytics by Leveraging Artificial Intelligence for Efficient Input Collection, Storage, and Transformation (World of AI)', 'Paperback', '13.', '4.3 out of 5 stars')
[2024-10-08T05:29:55.930+0000] {sql.py:518} INFO - Rows affected: 1
[2024-10-08T05:29:55.947+0000] {base.py:84} INFO - Retrieving connection 'books_connection'
[2024-10-08T05:29:55.956+0000] {sql.py:509} INFO - Running statement: 
    INSERT INTO books (title, authors, price, rating)
    VALUES (%s, %s, %s, %s)
    , parameters: ('Data Engineering with Apache Spark, Delta Lake, and Lakehouse: Create scalable pipelines that ingest, curate, and aggregate complex data in a timely and secure way', 'Manoj Kukreja', '46.', '3.9 out of 5 stars')
[2024-10-08T05:29:55.960+0000] {sql.py:518} INFO - Rows affected: 1
[2024-10-08T05:29:55.971+0000] {base.py:84} INFO - Retrieving connection 'books_connection'
[2024-10-08T05:29:55.980+0000] {sql.py:509} INFO - Running statement: 
    INSERT INTO books (title, authors, price, rating)
    VALUES (%s, %s, %s, %s)
    , parameters: ('Data-Driven Science and Engineering: Machine Learning, Dynamical Systems, and Control', 'Steven L. Brunton', '64.', '4.8 out of 5 stars')
[2024-10-08T05:29:55.983+0000] {sql.py:518} INFO - Rows affected: 1
[2024-10-08T05:29:56.009+0000] {base.py:84} INFO - Retrieving connection 'books_connection'
[2024-10-08T05:29:56.015+0000] {sql.py:509} INFO - Running statement: 
    INSERT INTO books (title, authors, price, rating)
    VALUES (%s, %s, %s, %s)
    , parameters: ('Data Engineering with Google Cloud Platform: A guide to leveling up as a data engineer by building a scalable data platform with Google Cloud', 'Adi Wijaya', '40.', '4.8 out of 5 stars')
[2024-10-08T05:29:56.018+0000] {sql.py:518} INFO - Rows affected: 1
[2024-10-08T05:29:56.032+0000] {base.py:84} INFO - Retrieving connection 'books_connection'
[2024-10-08T05:29:56.043+0000] {sql.py:509} INFO - Running statement: 
    INSERT INTO books (title, authors, price, rating)
    VALUES (%s, %s, %s, %s)
    , parameters: ('97 Things Every Data Engineer Should Know: Collective Wisdom from the Experts', 'Tobias Macey', '28.', '4.1 out of 5 stars')
[2024-10-08T05:29:56.046+0000] {sql.py:518} INFO - Rows affected: 1
[2024-10-08T05:29:56.067+0000] {base.py:84} INFO - Retrieving connection 'books_connection'
[2024-10-08T05:29:56.073+0000] {sql.py:509} INFO - Running statement: 
    INSERT INTO books (title, authors, price, rating)
    VALUES (%s, %s, %s, %s)
    , parameters: ('Analytics Engineering with SQL and dbt: Building Meaningful Data Models at Scale', 'Rui Pedro Machado', '41.', '3.9 out of 5 stars')
[2024-10-08T05:29:56.075+0000] {sql.py:518} INFO - Rows affected: 1
[2024-10-08T05:29:56.081+0000] {base.py:84} INFO - Retrieving connection 'books_connection'
[2024-10-08T05:29:56.084+0000] {sql.py:509} INFO - Running statement: 
    INSERT INTO books (title, authors, price, rating)
    VALUES (%s, %s, %s, %s)
    , parameters: ('Data Engineering with Scala and Spark: Build streaming and batch pipelines that process massive amounts of data using Scala', 'Eric Tome', '29.', '4.1 out of 5 stars')
[2024-10-08T05:29:56.085+0000] {sql.py:518} INFO - Rows affected: 1
[2024-10-08T05:29:56.092+0000] {base.py:84} INFO - Retrieving connection 'books_connection'
[2024-10-08T05:29:56.096+0000] {sql.py:509} INFO - Running statement: 
    INSERT INTO books (title, authors, price, rating)
    VALUES (%s, %s, %s, %s)
    , parameters: ('Storytelling with Data: A Data Visualization Guide for Business Professionals', 'Cole Nussbaumer Knaflic', '27.', '4.6 out of 5 stars')
[2024-10-08T05:29:56.097+0000] {sql.py:518} INFO - Rows affected: 1
[2024-10-08T05:29:56.110+0000] {base.py:84} INFO - Retrieving connection 'books_connection'
[2024-10-08T05:29:56.122+0000] {sql.py:509} INFO - Running statement: 
    INSERT INTO books (title, authors, price, rating)
    VALUES (%s, %s, %s, %s)
    , parameters: ('Data Mesh: Delivering Data-Driven Value at Scale', 'Zhamak Dehghani', '43.', '4.5 out of 5 stars')
[2024-10-08T05:29:56.126+0000] {sql.py:518} INFO - Rows affected: 1
[2024-10-08T05:29:56.136+0000] {base.py:84} INFO - Retrieving connection 'books_connection'
[2024-10-08T05:29:56.142+0000] {sql.py:509} INFO - Running statement: 
    INSERT INTO books (title, authors, price, rating)
    VALUES (%s, %s, %s, %s)
    , parameters: ('Data Engineering 101', 'Kindle', '0.', '3.9 out of 5 stars')
[2024-10-08T05:29:56.144+0000] {sql.py:518} INFO - Rows affected: 1
[2024-10-08T05:29:56.155+0000] {base.py:84} INFO - Retrieving connection 'books_connection'
[2024-10-08T05:29:56.162+0000] {sql.py:509} INFO - Running statement: 
    INSERT INTO books (title, authors, price, rating)
    VALUES (%s, %s, %s, %s)
    , parameters: ('Data Modeling with Snowflake: A practical guide to accelerating Snowflake development using universal data modeling techniques', 'Serge Gershkovich', '36.', '4.8 out of 5 stars')
[2024-10-08T05:29:56.163+0000] {sql.py:518} INFO - Rows affected: 1
[2024-10-08T05:29:56.177+0000] {base.py:84} INFO - Retrieving connection 'books_connection'
[2024-10-08T05:29:56.183+0000] {sql.py:509} INFO - Running statement: 
    INSERT INTO books (title, authors, price, rating)
    VALUES (%s, %s, %s, %s)
    , parameters: ('Official Google Cloud Certified Professional Data Engineer Study Guide', 'Dan Sullivan', '33.', '4.5 out of 5 stars')
[2024-10-08T05:29:56.184+0000] {sql.py:518} INFO - Rows affected: 1
[2024-10-08T05:29:56.209+0000] {base.py:84} INFO - Retrieving connection 'books_connection'
[2024-10-08T05:29:56.216+0000] {sql.py:509} INFO - Running statement: 
    INSERT INTO books (title, authors, price, rating)
    VALUES (%s, %s, %s, %s)
    , parameters: ('Machine Learning Engineering', 'Andriy Burkov', '39.', '4.7 out of 5 stars')
[2024-10-08T05:29:56.217+0000] {sql.py:518} INFO - Rows affected: 1
[2024-10-08T05:29:56.228+0000] {base.py:84} INFO - Retrieving connection 'books_connection'
[2024-10-08T05:29:56.233+0000] {sql.py:509} INFO - Running statement: 
    INSERT INTO books (title, authors, price, rating)
    VALUES (%s, %s, %s, %s)
    , parameters: ('Data Privacy: A runbook for engineers', 'Nishant Bhajaria', '35.', '4.8 out of 5 stars')
[2024-10-08T05:29:56.235+0000] {sql.py:518} INFO - Rows affected: 1
[2024-10-08T05:29:56.246+0000] {base.py:84} INFO - Retrieving connection 'books_connection'
[2024-10-08T05:29:56.252+0000] {sql.py:509} INFO - Running statement: 
    INSERT INTO books (title, authors, price, rating)
    VALUES (%s, %s, %s, %s)
    , parameters: ('Fundamentals of Data Observability: Implement Trustworthy End-to-End Data Solutions', 'Andy Petrella', '36.', '4.0 out of 5 stars')
[2024-10-08T05:29:56.253+0000] {sql.py:518} INFO - Rows affected: 1
[2024-10-08T05:29:56.267+0000] {base.py:84} INFO - Retrieving connection 'books_connection'
[2024-10-08T05:29:56.282+0000] {sql.py:509} INFO - Running statement: 
    INSERT INTO books (title, authors, price, rating)
    VALUES (%s, %s, %s, %s)
    , parameters: ('Modern Data Engineering with Apache Spark: A Hands-On Guide for Building Mission-Critical Streaming Applications', 'Scott Haines', '28.', '4.1 out of 5 stars')
[2024-10-08T05:29:56.288+0000] {sql.py:518} INFO - Rows affected: 1
[2024-10-08T05:29:56.329+0000] {base.py:84} INFO - Retrieving connection 'books_connection'
[2024-10-08T05:29:56.340+0000] {sql.py:509} INFO - Running statement: 
    INSERT INTO books (title, authors, price, rating)
    VALUES (%s, %s, %s, %s)
    , parameters: ('Python Feature Engineering Cookbook: A complete guide to crafting powerful features for your machine learning models', 'Soledad Galli', '44.', '5.0 out of 5 stars')
[2024-10-08T05:29:56.344+0000] {sql.py:518} INFO - Rows affected: 1
[2024-10-08T05:29:56.358+0000] {base.py:84} INFO - Retrieving connection 'books_connection'
[2024-10-08T05:29:56.378+0000] {sql.py:509} INFO - Running statement: 
    INSERT INTO books (title, authors, price, rating)
    VALUES (%s, %s, %s, %s)
    , parameters: ('Data Engineering with Databricks', 'Kindle', '0.', '3.4 out of 5 stars')
[2024-10-08T05:29:56.383+0000] {sql.py:518} INFO - Rows affected: 1
[2024-10-08T05:29:56.403+0000] {base.py:84} INFO - Retrieving connection 'books_connection'
[2024-10-08T05:29:56.411+0000] {sql.py:509} INFO - Running statement: 
    INSERT INTO books (title, authors, price, rating)
    VALUES (%s, %s, %s, %s)
    , parameters: ('Azure Data Factory by Example: Practical Implementation for Data Engineers', 'Richard Swinbank', '33.', '4.2 out of 5 stars')
[2024-10-08T05:29:56.414+0000] {sql.py:518} INFO - Rows affected: 1
[2024-10-08T05:29:56.429+0000] {base.py:84} INFO - Retrieving connection 'books_connection'
[2024-10-08T05:29:56.447+0000] {sql.py:509} INFO - Running statement: 
    INSERT INTO books (title, authors, price, rating)
    VALUES (%s, %s, %s, %s)
    , parameters: ('Data Quality Engineering in Financial Services: Applying Manufacturing Techniques to Data', 'Brian Buzzelli', '30.', '4.4 out of 5 stars')
[2024-10-08T05:29:56.451+0000] {sql.py:518} INFO - Rows affected: 1
[2024-10-08T05:29:56.464+0000] {base.py:84} INFO - Retrieving connection 'books_connection'
[2024-10-08T05:29:56.474+0000] {sql.py:509} INFO - Running statement: 
    INSERT INTO books (title, authors, price, rating)
    VALUES (%s, %s, %s, %s)
    , parameters: ('Prompt Engineering for Generative AI: Future-Proof Inputs for Reliable AI Outputs', 'James Phoenix', '53.', '4.5 out of 5 stars')
[2024-10-08T05:29:56.476+0000] {sql.py:518} INFO - Rows affected: 1
[2024-10-08T05:29:56.487+0000] {base.py:84} INFO - Retrieving connection 'books_connection'
[2024-10-08T05:29:56.494+0000] {sql.py:509} INFO - Running statement: 
    INSERT INTO books (title, authors, price, rating)
    VALUES (%s, %s, %s, %s)
    , parameters: ('Better Data Visualizations: A Guide for Scholars, Researchers, and Wonks', 'Jonathan Schwabish', '26.', '4.5 out of 5 stars')
[2024-10-08T05:29:56.497+0000] {sql.py:518} INFO - Rows affected: 1
[2024-10-08T05:29:56.503+0000] {base.py:84} INFO - Retrieving connection 'books_connection'
[2024-10-08T05:29:56.510+0000] {sql.py:509} INFO - Running statement: 
    INSERT INTO books (title, authors, price, rating)
    VALUES (%s, %s, %s, %s)
    , parameters: ("Applied Machine Learning and AI for Engineers: Solve Business Problems That Can't Be Solved Algorithmically", 'Jeff Prosise', '69.', '4.5 out of 5 stars')
[2024-10-08T05:29:56.515+0000] {sql.py:518} INFO - Rows affected: 1
[2024-10-08T05:29:56.524+0000] {python.py:240} INFO - Done. Returned value was: None
[2024-10-08T05:29:56.552+0000] {taskinstance.py:340} INFO - ::group::Post task execution logs
[2024-10-08T05:29:56.555+0000] {taskinstance.py:352} INFO - Marking task as SUCCESS. dag_id=fetch_and_store_amazon_books, task_id=insert_book_data, run_id=scheduled__2024-08-29T00:00:00+00:00, execution_date=20240829T000000, start_date=20241008T052955, end_date=20241008T052956
[2024-10-08T05:29:56.598+0000] {logging_mixin.py:190} INFO - Task instance in success state
[2024-10-08T05:29:56.598+0000] {logging_mixin.py:190} INFO -  Previous state of the Task instance: running
[2024-10-08T05:29:56.599+0000] {logging_mixin.py:190} INFO - Dag name:fetch_and_store_amazon_books queued_at:2024-10-08 05:29:35.033905+00:00
[2024-10-08T05:29:56.600+0000] {logging_mixin.py:190} INFO - Task hostname:475658bd4f83 operator:PythonOperator
[2024-10-08T05:29:56.648+0000] {local_task_job_runner.py:261} INFO - Task exited with return code 0
[2024-10-08T05:29:56.698+0000] {taskinstance.py:3891} INFO - 0 downstream tasks scheduled from follow-on schedule check
[2024-10-08T05:29:56.704+0000] {local_task_job_runner.py:240} INFO - ::endgroup::
