[2024-10-08T05:13:43.066+0000] {local_task_job_runner.py:123} INFO - ::group::Pre task execution logs
[2024-10-08T05:13:43.074+0000] {taskinstance.py:2603} INFO - Dependencies all met for dep_context=non-requeueable deps ti=<TaskInstance: fetch_and_store_amazon_books.insert_book_data scheduled__2024-07-16T00:00:00+00:00 [queued]>
[2024-10-08T05:13:43.078+0000] {taskinstance.py:2603} INFO - Dependencies all met for dep_context=requeueable deps ti=<TaskInstance: fetch_and_store_amazon_books.insert_book_data scheduled__2024-07-16T00:00:00+00:00 [queued]>
[2024-10-08T05:13:43.078+0000] {taskinstance.py:2856} INFO - Starting attempt 1 of 2
[2024-10-08T05:13:43.084+0000] {taskinstance.py:2879} INFO - Executing <Task(PythonOperator): insert_book_data> on 2024-07-16 00:00:00+00:00
[2024-10-08T05:13:43.090+0000] {warnings.py:112} WARNING - /home/***/.local/lib/python3.12/site-packages/***/task/task_runner/standard_task_runner.py:70: DeprecationWarning: This process (pid=1272) is multi-threaded, use of fork() may lead to deadlocks in the child.
  pid = os.fork()

[2024-10-08T05:13:43.090+0000] {standard_task_runner.py:72} INFO - Started process 1274 to run task
[2024-10-08T05:13:43.091+0000] {standard_task_runner.py:104} INFO - Running: ['***', 'tasks', 'run', 'fetch_and_store_amazon_books', 'insert_book_data', 'scheduled__2024-07-16T00:00:00+00:00', '--job-id', '50', '--raw', '--subdir', 'DAGS_FOLDER/app.py', '--cfg-path', '/tmp/tmpbjxyr4us']
[2024-10-08T05:13:43.092+0000] {standard_task_runner.py:105} INFO - Job 50: Subtask insert_book_data
[2024-10-08T05:13:43.119+0000] {task_command.py:467} INFO - Running <TaskInstance: fetch_and_store_amazon_books.insert_book_data scheduled__2024-07-16T00:00:00+00:00 [running]> on host a344f6bef387
[2024-10-08T05:13:43.158+0000] {taskinstance.py:3122} INFO - Exporting env vars: AIRFLOW_CTX_DAG_OWNER='***' AIRFLOW_CTX_DAG_ID='fetch_and_store_amazon_books' AIRFLOW_CTX_TASK_ID='insert_book_data' AIRFLOW_CTX_EXECUTION_DATE='2024-07-16T00:00:00+00:00' AIRFLOW_CTX_TRY_NUMBER='1' AIRFLOW_CTX_DAG_RUN_ID='scheduled__2024-07-16T00:00:00+00:00'
[2024-10-08T05:13:43.159+0000] {logging_mixin.py:190} INFO - Task instance is in running state
[2024-10-08T05:13:43.159+0000] {logging_mixin.py:190} INFO -  Previous state of the Task instance: queued
[2024-10-08T05:13:43.159+0000] {logging_mixin.py:190} INFO - Current task name:insert_book_data state:running start_date:2024-10-08 05:13:43.075265+00:00
[2024-10-08T05:13:43.159+0000] {logging_mixin.py:190} INFO - Dag name:fetch_and_store_amazon_books and current dag run status:running
[2024-10-08T05:13:43.159+0000] {taskinstance.py:731} INFO - ::endgroup::
[2024-10-08T05:13:43.169+0000] {base.py:84} INFO - Retrieving connection 'books_connection'
[2024-10-08T05:13:43.171+0000] {sql.py:509} INFO - Running statement: 
    INSERT INTO books (title, authors, price, rating)
    VALUES (%s, %s, %s, %s)
    , parameters: ('Data Engineering with AWS - Second Edition: Acquire the skills to design and build AWS-based data transformation pipelines like a pro', 'Gareth Eagar', '41.', '4.4 out of 5 stars')
[2024-10-08T05:13:43.172+0000] {sql.py:518} INFO - Rows affected: 1
[2024-10-08T05:13:43.176+0000] {base.py:84} INFO - Retrieving connection 'books_connection'
[2024-10-08T05:13:43.177+0000] {sql.py:509} INFO - Running statement: 
    INSERT INTO books (title, authors, price, rating)
    VALUES (%s, %s, %s, %s)
    , parameters: ('Azure Data Engineer Associate Certification Guide: Ace the DP-203 exam with advanced data engineering skills', 'Giacinto Palmieri', '49.', '4.4 out of 5 stars')
[2024-10-08T05:13:43.178+0000] {sql.py:518} INFO - Rows affected: 1
[2024-10-08T05:13:43.181+0000] {base.py:84} INFO - Retrieving connection 'books_connection'
[2024-10-08T05:13:43.183+0000] {sql.py:509} INFO - Running statement: 
    INSERT INTO books (title, authors, price, rating)
    VALUES (%s, %s, %s, %s)
    , parameters: ("Azure Data Factory Cookbook: A data engineer's guide to building and managing ETL and ELT pipelines with data integration", 'Dmitry Foshin', '51.', '4.2 out of 5 stars')
[2024-10-08T05:13:43.184+0000] {sql.py:518} INFO - Rows affected: 1
[2024-10-08T05:13:43.187+0000] {base.py:84} INFO - Retrieving connection 'books_connection'
[2024-10-08T05:13:43.189+0000] {sql.py:509} INFO - Running statement: 
    INSERT INTO books (title, authors, price, rating)
    VALUES (%s, %s, %s, %s)
    , parameters: ("Engineering Data Mesh in Azure Cloud: Implement data mesh using Microsoft Azure's Cloud Adoption Framework", 'Paperback', '47.', '4.5 out of 5 stars')
[2024-10-08T05:13:43.190+0000] {sql.py:518} INFO - Rows affected: 1
[2024-10-08T05:13:43.193+0000] {base.py:84} INFO - Retrieving connection 'books_connection'
[2024-10-08T05:13:43.195+0000] {sql.py:509} INFO - Running statement: 
    INSERT INTO books (title, authors, price, rating)
    VALUES (%s, %s, %s, %s)
    , parameters: ('Fundamentals of Data Engineering: Plan and Build Robust Data Systems', 'Joe Reis', '25.', '4.7 out of 5 stars')
[2024-10-08T05:13:43.196+0000] {sql.py:518} INFO - Rows affected: 1
[2024-10-08T05:13:43.199+0000] {base.py:84} INFO - Retrieving connection 'books_connection'
[2024-10-08T05:13:43.201+0000] {sql.py:509} INFO - Running statement: 
    INSERT INTO books (title, authors, price, rating)
    VALUES (%s, %s, %s, %s)
    , parameters: ('Designing Data-Intensive Applications: The Big Ideas Behind Reliable, Scalable, and Maintainable Systems', 'Martin Kleppmann', '55.', '4.7 out of 5 stars')
[2024-10-08T05:13:43.202+0000] {sql.py:518} INFO - Rows affected: 1
[2024-10-08T05:13:43.205+0000] {base.py:84} INFO - Retrieving connection 'books_connection'
[2024-10-08T05:13:43.207+0000] {sql.py:509} INFO - Running statement: 
    INSERT INTO books (title, authors, price, rating)
    VALUES (%s, %s, %s, %s)
    , parameters: ('Data Engineering with Python: Work with massive datasets to design data models and automate data pipelines using Python', 'Paul Crickard', '37.', '4.1 out of 5 stars')
[2024-10-08T05:13:43.207+0000] {sql.py:518} INFO - Rows affected: 1
[2024-10-08T05:13:43.210+0000] {base.py:84} INFO - Retrieving connection 'books_connection'
[2024-10-08T05:13:43.212+0000] {sql.py:509} INFO - Running statement: 
    INSERT INTO books (title, authors, price, rating)
    VALUES (%s, %s, %s, %s)
    , parameters: ('Cracking the Data Engineering Interview: Land your dream job with the help of resume-building tips, over 100 mock questions, and a unique portfolio', 'Kedeisha Bryan', '26.', '4.4 out of 5 stars')
[2024-10-08T05:13:43.213+0000] {sql.py:518} INFO - Rows affected: 1
[2024-10-08T05:13:43.216+0000] {base.py:84} INFO - Retrieving connection 'books_connection'
[2024-10-08T05:13:43.218+0000] {sql.py:509} INFO - Running statement: 
    INSERT INTO books (title, authors, price, rating)
    VALUES (%s, %s, %s, %s)
    , parameters: ('Data Pipelines Pocket Reference: Moving and Processing Data for Analytics', 'James Densmore', '17.', '4.5 out of 5 stars')
[2024-10-08T05:13:43.218+0000] {sql.py:518} INFO - Rows affected: 1
[2024-10-08T05:13:43.221+0000] {base.py:84} INFO - Retrieving connection 'books_connection'
[2024-10-08T05:13:43.223+0000] {sql.py:509} INFO - Running statement: 
    INSERT INTO books (title, authors, price, rating)
    VALUES (%s, %s, %s, %s)
    , parameters: ('Ace the Data Science Interview: 201 Real Interview Questions Asked By FAANG, Tech Startups, & Wall Street', 'Nick Singh', '42.', '4.5 out of 5 stars')
[2024-10-08T05:13:43.223+0000] {sql.py:518} INFO - Rows affected: 1
[2024-10-08T05:13:43.226+0000] {base.py:84} INFO - Retrieving connection 'books_connection'
[2024-10-08T05:13:43.228+0000] {sql.py:509} INFO - Running statement: 
    INSERT INTO books (title, authors, price, rating)
    VALUES (%s, %s, %s, %s)
    , parameters: ('Ace the Data Engineering Interview: Questions and Answers for Python, SQL, Data Modeling and More', 'Sean Coyne', '24.', '3.8 out of 5 stars')
[2024-10-08T05:13:43.229+0000] {sql.py:518} INFO - Rows affected: 1
[2024-10-08T05:13:43.232+0000] {base.py:84} INFO - Retrieving connection 'books_connection'
[2024-10-08T05:13:43.234+0000] {sql.py:509} INFO - Running statement: 
    INSERT INTO books (title, authors, price, rating)
    VALUES (%s, %s, %s, %s)
    , parameters: ('Data Engineering with Databricks Cookbook: Build effective data and AI solutions using Apache Spark, Databricks, and Delta Lake', 'Pulkit Chadha', '49.', '4.3 out of 5 stars')
[2024-10-08T05:13:43.234+0000] {sql.py:518} INFO - Rows affected: 1
[2024-10-08T05:13:43.237+0000] {base.py:84} INFO - Retrieving connection 'books_connection'
[2024-10-08T05:13:43.239+0000] {sql.py:509} INFO - Running statement: 
    INSERT INTO books (title, authors, price, rating)
    VALUES (%s, %s, %s, %s)
    , parameters: ('Software Engineering for Data Scientists: From Notebooks to Scalable Systems', 'Catherine Nelson', '51.', '4.4 out of 5 stars')
[2024-10-08T05:13:43.240+0000] {sql.py:518} INFO - Rows affected: 1
[2024-10-08T05:13:43.243+0000] {base.py:84} INFO - Retrieving connection 'books_connection'
[2024-10-08T05:13:43.245+0000] {sql.py:509} INFO - Running statement: 
    INSERT INTO books (title, authors, price, rating)
    VALUES (%s, %s, %s, %s)
    , parameters: ('Python Data Engineering Resources: Forge Your Path to Success in Data Engineering, Machine Learning and AI', 'Vajo Lukic', '12.', '4.9 out of 5 stars')
[2024-10-08T05:13:43.245+0000] {sql.py:518} INFO - Rows affected: 1
[2024-10-08T05:13:43.248+0000] {base.py:84} INFO - Retrieving connection 'books_connection'
[2024-10-08T05:13:43.250+0000] {sql.py:509} INFO - Running statement: 
    INSERT INTO books (title, authors, price, rating)
    VALUES (%s, %s, %s, %s)
    , parameters: ('Data Engineering with Alteryx: Helping data engineers apply DataOps practices with Alteryx', 'Paul Houghton', '44.', '4.3 out of 5 stars')
[2024-10-08T05:13:43.251+0000] {sql.py:518} INFO - Rows affected: 1
[2024-10-08T05:13:43.253+0000] {base.py:84} INFO - Retrieving connection 'books_connection'
[2024-10-08T05:13:43.255+0000] {sql.py:509} INFO - Running statement: 
    INSERT INTO books (title, authors, price, rating)
    VALUES (%s, %s, %s, %s)
    , parameters: ('Fundamentals of Data Analytics: Learn Essential Skills, Embrace the Future, and Catapult Your Career in the Data-Driven World—A Comprehensive Guide to Data Literacy for Beginners', 'Russell Dawson', '17.', '4.8 out of 5 stars')
[2024-10-08T05:13:43.256+0000] {sql.py:518} INFO - Rows affected: 1
[2024-10-08T05:13:43.259+0000] {base.py:84} INFO - Retrieving connection 'books_connection'
[2024-10-08T05:13:43.260+0000] {sql.py:509} INFO - Running statement: 
    INSERT INTO books (title, authors, price, rating)
    VALUES (%s, %s, %s, %s)
    , parameters: ('Data Engineering with dbt: A practical guide to building a cloud-based, pragmatic, and dependable data platform with SQL', 'Roberto Zagni', '37.', '4.6 out of 5 stars')
[2024-10-08T05:13:43.261+0000] {sql.py:518} INFO - Rows affected: 1
[2024-10-08T05:13:43.264+0000] {base.py:84} INFO - Retrieving connection 'books_connection'
[2024-10-08T05:13:43.266+0000] {sql.py:509} INFO - Running statement: 
    INSERT INTO books (title, authors, price, rating)
    VALUES (%s, %s, %s, %s)
    , parameters: ('Essentials of Data Engineering', 'Dr. Mukesh Saini', '19.', '5.0 out of 5 stars')
[2024-10-08T05:13:43.268+0000] {sql.py:518} INFO - Rows affected: 1
[2024-10-08T05:13:43.272+0000] {base.py:84} INFO - Retrieving connection 'books_connection'
[2024-10-08T05:13:43.274+0000] {sql.py:509} INFO - Running statement: 
    INSERT INTO books (title, authors, price, rating)
    VALUES (%s, %s, %s, %s)
    , parameters: ('Data Engineering with AWS: Learn how to design and build cloud-based data transformation pipelines using AWS', 'Gareth Eagar', '49.', '4.4 out of 5 stars')
[2024-10-08T05:13:43.275+0000] {sql.py:518} INFO - Rows affected: 1
[2024-10-08T05:13:43.281+0000] {base.py:84} INFO - Retrieving connection 'books_connection'
[2024-10-08T05:13:43.285+0000] {sql.py:509} INFO - Running statement: 
    INSERT INTO books (title, authors, price, rating)
    VALUES (%s, %s, %s, %s)
    , parameters: ('Data Engineering with Python cookbook: Learn to build efficient data pipelines using the Modern Cloud Data Stack', 'Adithyan Ramanujakootam', '32.', '5.0 out of 5 stars')
[2024-10-08T05:13:43.286+0000] {sql.py:518} INFO - Rows affected: 1
[2024-10-08T05:13:43.292+0000] {base.py:84} INFO - Retrieving connection 'books_connection'
[2024-10-08T05:13:43.294+0000] {sql.py:509} INFO - Running statement: 
    INSERT INTO books (title, authors, price, rating)
    VALUES (%s, %s, %s, %s)
    , parameters: ("Data: Principles To Practice - Volume 1 'Foundations': Essential Foundations: Key Concepts behind Data Architecture, Engineering and Analysis for Professionals", 'Mr Alex Holloway', '12.', '4.6 out of 5 stars')
[2024-10-08T05:13:43.296+0000] {sql.py:518} INFO - Rows affected: 1
[2024-10-08T05:13:43.302+0000] {base.py:84} INFO - Retrieving connection 'books_connection'
[2024-10-08T05:13:43.305+0000] {sql.py:509} INFO - Running statement: 
    INSERT INTO books (title, authors, price, rating)
    VALUES (%s, %s, %s, %s)
    , parameters: ('Fundamentals of Data Engineering: A Comprehensive Guide to Designing, Building, and Managing Data Pipelines, Storage Solutions, and Processing Frameworks.', 'Paperback', '14.', '5.0 out of 5 stars')
[2024-10-08T05:13:43.306+0000] {sql.py:518} INFO - Rows affected: 1
[2024-10-08T05:13:43.311+0000] {base.py:84} INFO - Retrieving connection 'books_connection'
[2024-10-08T05:13:43.315+0000] {sql.py:509} INFO - Running statement: 
    INSERT INTO books (title, authors, price, rating)
    VALUES (%s, %s, %s, %s)
    , parameters: ('Fighting Churn with Data: The science and strategy of customer retention', 'Carl S. Gold', '56.', '4.4 out of 5 stars')
[2024-10-08T05:13:43.316+0000] {sql.py:518} INFO - Rows affected: 1
[2024-10-08T05:13:43.320+0000] {base.py:84} INFO - Retrieving connection 'books_connection'
[2024-10-08T05:13:43.322+0000] {sql.py:509} INFO - Running statement: 
    INSERT INTO books (title, authors, price, rating)
    VALUES (%s, %s, %s, %s)
    , parameters: ('Data Privacy: A runbook for engineers', 'Nishant Bhajaria', '35.', '4.8 out of 5 stars')
[2024-10-08T05:13:43.323+0000] {sql.py:518} INFO - Rows affected: 1
[2024-10-08T05:13:43.326+0000] {base.py:84} INFO - Retrieving connection 'books_connection'
[2024-10-08T05:13:43.328+0000] {sql.py:509} INFO - Running statement: 
    INSERT INTO books (title, authors, price, rating)
    VALUES (%s, %s, %s, %s)
    , parameters: ("Data Quality Fundamentals: A Practitioner's Guide to Building Trustworthy Data Pipelines", 'Paperback', '45.', '4.1 out of 5 stars')
[2024-10-08T05:13:43.329+0000] {sql.py:518} INFO - Rows affected: 1
[2024-10-08T05:13:43.333+0000] {base.py:84} INFO - Retrieving connection 'books_connection'
[2024-10-08T05:13:43.335+0000] {sql.py:509} INFO - Running statement: 
    INSERT INTO books (title, authors, price, rating)
    VALUES (%s, %s, %s, %s)
    , parameters: ('Data Engineering with Google Cloud Platform: A practical guide to operationalizing scalable data analytics systems on GCP', 'Adi Wijaya', '41.', '4.7 out of 5 stars')
[2024-10-08T05:13:43.336+0000] {sql.py:518} INFO - Rows affected: 1
[2024-10-08T05:13:43.339+0000] {base.py:84} INFO - Retrieving connection 'books_connection'
[2024-10-08T05:13:43.342+0000] {sql.py:509} INFO - Running statement: 
    INSERT INTO books (title, authors, price, rating)
    VALUES (%s, %s, %s, %s)
    , parameters: ("Ultimate Data Engineering with Databricks: Develop Scalable Data Pipelines Using Data Engineering's Core Tenets Such as Delta Tables, Ingestion, ... Security, and Scalability (English Edition)", 'Mayank Malhotra', '37.', '4.1 out of 5 stars')
[2024-10-08T05:13:43.342+0000] {sql.py:518} INFO - Rows affected: 1
[2024-10-08T05:13:43.346+0000] {base.py:84} INFO - Retrieving connection 'books_connection'
[2024-10-08T05:13:43.348+0000] {sql.py:509} INFO - Running statement: 
    INSERT INTO books (title, authors, price, rating)
    VALUES (%s, %s, %s, %s)
    , parameters: ('DATA ENGINEERING AND AI FOR BEGINNERS: Revolutionizing Data Processing and Analytics by Leveraging Artificial Intelligence for Efficient Input Collection, Storage, and Transformation (World of AI)', 'Paperback', '13.', '4.3 out of 5 stars')
[2024-10-08T05:13:43.348+0000] {sql.py:518} INFO - Rows affected: 1
[2024-10-08T05:13:43.352+0000] {base.py:84} INFO - Retrieving connection 'books_connection'
[2024-10-08T05:13:43.355+0000] {sql.py:509} INFO - Running statement: 
    INSERT INTO books (title, authors, price, rating)
    VALUES (%s, %s, %s, %s)
    , parameters: ('Data Engineering with Apache Spark, Delta Lake, and Lakehouse: Create scalable pipelines that ingest, curate, and aggregate complex data in a timely and secure way', 'Manoj Kukreja', '46.', '3.9 out of 5 stars')
[2024-10-08T05:13:43.356+0000] {sql.py:518} INFO - Rows affected: 1
[2024-10-08T05:13:43.360+0000] {base.py:84} INFO - Retrieving connection 'books_connection'
[2024-10-08T05:13:43.363+0000] {sql.py:509} INFO - Running statement: 
    INSERT INTO books (title, authors, price, rating)
    VALUES (%s, %s, %s, %s)
    , parameters: ('Data-Driven Science and Engineering: Machine Learning, Dynamical Systems, and Control', 'Steven L. Brunton', '64.', '4.8 out of 5 stars')
[2024-10-08T05:13:43.363+0000] {sql.py:518} INFO - Rows affected: 1
[2024-10-08T05:13:43.367+0000] {base.py:84} INFO - Retrieving connection 'books_connection'
[2024-10-08T05:13:43.369+0000] {sql.py:509} INFO - Running statement: 
    INSERT INTO books (title, authors, price, rating)
    VALUES (%s, %s, %s, %s)
    , parameters: ('Data Engineering with Google Cloud Platform: A guide to leveling up as a data engineer by building a scalable data platform with Google Cloud', 'Adi Wijaya', '40.', '4.8 out of 5 stars')
[2024-10-08T05:13:43.370+0000] {sql.py:518} INFO - Rows affected: 1
[2024-10-08T05:13:43.373+0000] {base.py:84} INFO - Retrieving connection 'books_connection'
[2024-10-08T05:13:43.375+0000] {sql.py:509} INFO - Running statement: 
    INSERT INTO books (title, authors, price, rating)
    VALUES (%s, %s, %s, %s)
    , parameters: ('97 Things Every Data Engineer Should Know: Collective Wisdom from the Experts', 'Tobias Macey', '28.', '4.1 out of 5 stars')
[2024-10-08T05:13:43.376+0000] {sql.py:518} INFO - Rows affected: 1
[2024-10-08T05:13:43.380+0000] {base.py:84} INFO - Retrieving connection 'books_connection'
[2024-10-08T05:13:43.382+0000] {sql.py:509} INFO - Running statement: 
    INSERT INTO books (title, authors, price, rating)
    VALUES (%s, %s, %s, %s)
    , parameters: ('Analytics Engineering with SQL and dbt: Building Meaningful Data Models at Scale', 'Rui Pedro Machado', '41.', '3.9 out of 5 stars')
[2024-10-08T05:13:43.383+0000] {sql.py:518} INFO - Rows affected: 1
[2024-10-08T05:13:43.387+0000] {base.py:84} INFO - Retrieving connection 'books_connection'
[2024-10-08T05:13:43.389+0000] {sql.py:509} INFO - Running statement: 
    INSERT INTO books (title, authors, price, rating)
    VALUES (%s, %s, %s, %s)
    , parameters: ('Data Engineering with Scala and Spark: Build streaming and batch pipelines that process massive amounts of data using Scala', 'Eric Tome', '29.', '4.1 out of 5 stars')
[2024-10-08T05:13:43.390+0000] {sql.py:518} INFO - Rows affected: 1
[2024-10-08T05:13:43.394+0000] {base.py:84} INFO - Retrieving connection 'books_connection'
[2024-10-08T05:13:43.395+0000] {sql.py:509} INFO - Running statement: 
    INSERT INTO books (title, authors, price, rating)
    VALUES (%s, %s, %s, %s)
    , parameters: ('Storytelling with Data: A Data Visualization Guide for Business Professionals', 'Cole Nussbaumer Knaflic', '27.', '4.6 out of 5 stars')
[2024-10-08T05:13:43.396+0000] {sql.py:518} INFO - Rows affected: 1
[2024-10-08T05:13:43.399+0000] {base.py:84} INFO - Retrieving connection 'books_connection'
[2024-10-08T05:13:43.402+0000] {sql.py:509} INFO - Running statement: 
    INSERT INTO books (title, authors, price, rating)
    VALUES (%s, %s, %s, %s)
    , parameters: ('Data Mesh: Delivering Data-Driven Value at Scale', 'Zhamak Dehghani', '43.', '4.5 out of 5 stars')
[2024-10-08T05:13:43.403+0000] {sql.py:518} INFO - Rows affected: 1
[2024-10-08T05:13:43.408+0000] {base.py:84} INFO - Retrieving connection 'books_connection'
[2024-10-08T05:13:43.411+0000] {sql.py:509} INFO - Running statement: 
    INSERT INTO books (title, authors, price, rating)
    VALUES (%s, %s, %s, %s)
    , parameters: ('Data Engineering 101', 'Kindle', '0.', '3.9 out of 5 stars')
[2024-10-08T05:13:43.413+0000] {sql.py:518} INFO - Rows affected: 1
[2024-10-08T05:13:43.418+0000] {base.py:84} INFO - Retrieving connection 'books_connection'
[2024-10-08T05:13:43.420+0000] {sql.py:509} INFO - Running statement: 
    INSERT INTO books (title, authors, price, rating)
    VALUES (%s, %s, %s, %s)
    , parameters: ('Data Modeling with Snowflake: A practical guide to accelerating Snowflake development using universal data modeling techniques', 'Serge Gershkovich', '36.', '4.8 out of 5 stars')
[2024-10-08T05:13:43.420+0000] {sql.py:518} INFO - Rows affected: 1
[2024-10-08T05:13:43.423+0000] {base.py:84} INFO - Retrieving connection 'books_connection'
[2024-10-08T05:13:43.425+0000] {sql.py:509} INFO - Running statement: 
    INSERT INTO books (title, authors, price, rating)
    VALUES (%s, %s, %s, %s)
    , parameters: ('Official Google Cloud Certified Professional Data Engineer Study Guide', 'Dan Sullivan', '33.', '4.5 out of 5 stars')
[2024-10-08T05:13:43.426+0000] {sql.py:518} INFO - Rows affected: 1
[2024-10-08T05:13:43.429+0000] {base.py:84} INFO - Retrieving connection 'books_connection'
[2024-10-08T05:13:43.430+0000] {sql.py:509} INFO - Running statement: 
    INSERT INTO books (title, authors, price, rating)
    VALUES (%s, %s, %s, %s)
    , parameters: ('Machine Learning Engineering', 'Andriy Burkov', '39.', '4.7 out of 5 stars')
[2024-10-08T05:13:43.431+0000] {sql.py:518} INFO - Rows affected: 1
[2024-10-08T05:13:43.434+0000] {base.py:84} INFO - Retrieving connection 'books_connection'
[2024-10-08T05:13:43.436+0000] {sql.py:509} INFO - Running statement: 
    INSERT INTO books (title, authors, price, rating)
    VALUES (%s, %s, %s, %s)
    , parameters: ('Fundamentals of Data Observability: Implement Trustworthy End-to-End Data Solutions', 'Andy Petrella', '36.', '4.0 out of 5 stars')
[2024-10-08T05:13:43.436+0000] {sql.py:518} INFO - Rows affected: 1
[2024-10-08T05:13:43.439+0000] {base.py:84} INFO - Retrieving connection 'books_connection'
[2024-10-08T05:13:43.441+0000] {sql.py:509} INFO - Running statement: 
    INSERT INTO books (title, authors, price, rating)
    VALUES (%s, %s, %s, %s)
    , parameters: ('Modern Data Engineering with Apache Spark: A Hands-On Guide for Building Mission-Critical Streaming Applications', 'Scott Haines', '29.', '4.1 out of 5 stars')
[2024-10-08T05:13:43.441+0000] {sql.py:518} INFO - Rows affected: 1
[2024-10-08T05:13:43.444+0000] {base.py:84} INFO - Retrieving connection 'books_connection'
[2024-10-08T05:13:43.446+0000] {sql.py:509} INFO - Running statement: 
    INSERT INTO books (title, authors, price, rating)
    VALUES (%s, %s, %s, %s)
    , parameters: ('Python Feature Engineering Cookbook: A complete guide to crafting powerful features for your machine learning models', 'Soledad Galli', '44.', '5.0 out of 5 stars')
[2024-10-08T05:13:43.446+0000] {sql.py:518} INFO - Rows affected: 1
[2024-10-08T05:13:43.449+0000] {base.py:84} INFO - Retrieving connection 'books_connection'
[2024-10-08T05:13:43.451+0000] {sql.py:509} INFO - Running statement: 
    INSERT INTO books (title, authors, price, rating)
    VALUES (%s, %s, %s, %s)
    , parameters: ('Data Engineering with Databricks', 'Kindle', '0.', '3.4 out of 5 stars')
[2024-10-08T05:13:43.451+0000] {sql.py:518} INFO - Rows affected: 1
[2024-10-08T05:13:43.454+0000] {base.py:84} INFO - Retrieving connection 'books_connection'
[2024-10-08T05:13:43.456+0000] {sql.py:509} INFO - Running statement: 
    INSERT INTO books (title, authors, price, rating)
    VALUES (%s, %s, %s, %s)
    , parameters: ('Azure Data Factory by Example: Practical Implementation for Data Engineers', 'Richard Swinbank', '33.', '4.2 out of 5 stars')
[2024-10-08T05:13:43.456+0000] {sql.py:518} INFO - Rows affected: 1
[2024-10-08T05:13:43.459+0000] {base.py:84} INFO - Retrieving connection 'books_connection'
[2024-10-08T05:13:43.461+0000] {sql.py:509} INFO - Running statement: 
    INSERT INTO books (title, authors, price, rating)
    VALUES (%s, %s, %s, %s)
    , parameters: ('Data Quality Engineering in Financial Services: Applying Manufacturing Techniques to Data', 'Brian Buzzelli', '30.', '4.4 out of 5 stars')
[2024-10-08T05:13:43.461+0000] {sql.py:518} INFO - Rows affected: 1
[2024-10-08T05:13:43.464+0000] {base.py:84} INFO - Retrieving connection 'books_connection'
[2024-10-08T05:13:43.466+0000] {sql.py:509} INFO - Running statement: 
    INSERT INTO books (title, authors, price, rating)
    VALUES (%s, %s, %s, %s)
    , parameters: ('Prompt Engineering for Generative AI: Future-Proof Inputs for Reliable AI Outputs', 'James Phoenix', '53.', '4.5 out of 5 stars')
[2024-10-08T05:13:43.467+0000] {sql.py:518} INFO - Rows affected: 1
[2024-10-08T05:13:43.470+0000] {base.py:84} INFO - Retrieving connection 'books_connection'
[2024-10-08T05:13:43.471+0000] {sql.py:509} INFO - Running statement: 
    INSERT INTO books (title, authors, price, rating)
    VALUES (%s, %s, %s, %s)
    , parameters: ('Data Observability for Data Engineering: Proactive strategies for ensuring data accuracy and addressing broken data pipelines', 'Michele Pinto', '18.', '3.7 out of 5 stars')
[2024-10-08T05:13:43.472+0000] {sql.py:518} INFO - Rows affected: 1
[2024-10-08T05:13:43.474+0000] {base.py:84} INFO - Retrieving connection 'books_connection'
[2024-10-08T05:13:43.476+0000] {sql.py:509} INFO - Running statement: 
    INSERT INTO books (title, authors, price, rating)
    VALUES (%s, %s, %s, %s)
    , parameters: ('Better Data Visualizations: A Guide for Scholars, Researchers, and Wonks', 'Jonathan Schwabish', '26.', '4.5 out of 5 stars')
[2024-10-08T05:13:43.477+0000] {sql.py:518} INFO - Rows affected: 1
[2024-10-08T05:13:43.480+0000] {base.py:84} INFO - Retrieving connection 'books_connection'
[2024-10-08T05:13:43.481+0000] {sql.py:509} INFO - Running statement: 
    INSERT INTO books (title, authors, price, rating)
    VALUES (%s, %s, %s, %s)
    , parameters: ("Applied Machine Learning and AI for Engineers: Solve Business Problems That Can't Be Solved Algorithmically", 'Jeff Prosise', '70.', '4.5 out of 5 stars')
[2024-10-08T05:13:43.482+0000] {sql.py:518} INFO - Rows affected: 1
[2024-10-08T05:13:43.482+0000] {python.py:240} INFO - Done. Returned value was: None
[2024-10-08T05:13:43.487+0000] {taskinstance.py:340} INFO - ::group::Post task execution logs
[2024-10-08T05:13:43.488+0000] {taskinstance.py:352} INFO - Marking task as SUCCESS. dag_id=fetch_and_store_amazon_books, task_id=insert_book_data, run_id=scheduled__2024-07-16T00:00:00+00:00, execution_date=20240716T000000, start_date=20241008T051343, end_date=20241008T051343
[2024-10-08T05:13:43.493+0000] {logging_mixin.py:190} INFO - Task instance in success state
[2024-10-08T05:13:43.493+0000] {logging_mixin.py:190} INFO -  Previous state of the Task instance: running
[2024-10-08T05:13:43.493+0000] {logging_mixin.py:190} INFO - Dag name:fetch_and_store_amazon_books queued_at:2024-10-08 05:13:34.204606+00:00
[2024-10-08T05:13:43.493+0000] {logging_mixin.py:190} INFO - Task hostname:a344f6bef387 operator:PythonOperator
[2024-10-08T05:13:43.518+0000] {local_task_job_runner.py:261} INFO - Task exited with return code 0
[2024-10-08T05:13:43.530+0000] {taskinstance.py:3891} INFO - 0 downstream tasks scheduled from follow-on schedule check
[2024-10-08T05:13:43.530+0000] {local_task_job_runner.py:240} INFO - ::endgroup::
