[2024-10-08T05:23:58.380+0000] {local_task_job_runner.py:123} INFO - ::group::Pre task execution logs
[2024-10-08T05:24:01.152+0000] {taskinstance.py:2603} INFO - Dependencies all met for dep_context=non-requeueable deps ti=<TaskInstance: fetch_and_store_amazon_books.fetch_book_data scheduled__2024-07-27T00:00:00+00:00 [queued]>
[2024-10-08T05:24:01.229+0000] {taskinstance.py:2603} INFO - Dependencies all met for dep_context=requeueable deps ti=<TaskInstance: fetch_and_store_amazon_books.fetch_book_data scheduled__2024-07-27T00:00:00+00:00 [queued]>
[2024-10-08T05:24:01.246+0000] {taskinstance.py:2856} INFO - Starting attempt 2 of 2
[2024-10-08T05:24:01.377+0000] {taskinstance.py:2879} INFO - Executing <Task(PythonOperator): fetch_book_data> on 2024-07-27 00:00:00+00:00
[2024-10-08T05:24:01.553+0000] {standard_task_runner.py:104} INFO - Running: ['***', 'tasks', 'run', 'fetch_and_store_amazon_books', 'fetch_book_data', 'scheduled__2024-07-27T00:00:00+00:00', '--job-id', '90', '--raw', '--subdir', 'DAGS_FOLDER/app.py', '--cfg-path', '/tmp/tmpb8bqf704']
[2024-10-08T05:24:01.564+0000] {standard_task_runner.py:105} INFO - Job 90: Subtask fetch_book_data
[2024-10-08T05:24:01.542+0000] {warnings.py:112} WARNING - /home/***/.local/lib/python3.12/site-packages/***/task/task_runner/standard_task_runner.py:70: DeprecationWarning: This process (pid=126) is multi-threaded, use of fork() may lead to deadlocks in the child.
  pid = os.fork()

[2024-10-08T05:24:01.582+0000] {standard_task_runner.py:72} INFO - Started process 139 to run task
[2024-10-08T05:24:01.869+0000] {task_command.py:467} INFO - Running <TaskInstance: fetch_and_store_amazon_books.fetch_book_data scheduled__2024-07-27T00:00:00+00:00 [running]> on host 947926f81760
[2024-10-08T05:24:02.147+0000] {taskinstance.py:3122} INFO - Exporting env vars: AIRFLOW_CTX_DAG_OWNER='***' AIRFLOW_CTX_DAG_ID='fetch_and_store_amazon_books' AIRFLOW_CTX_TASK_ID='fetch_book_data' AIRFLOW_CTX_EXECUTION_DATE='2024-07-27T00:00:00+00:00' AIRFLOW_CTX_TRY_NUMBER='2' AIRFLOW_CTX_DAG_RUN_ID='scheduled__2024-07-27T00:00:00+00:00'
[2024-10-08T05:24:02.160+0000] {logging_mixin.py:190} INFO - Task instance is in running state
[2024-10-08T05:24:02.162+0000] {logging_mixin.py:190} INFO -  Previous state of the Task instance: queued
[2024-10-08T05:24:02.162+0000] {logging_mixin.py:190} INFO - Current task name:fetch_book_data state:running start_date:2024-10-08 05:24:01.187560+00:00
[2024-10-08T05:24:02.163+0000] {logging_mixin.py:190} INFO - Dag name:fetch_and_store_amazon_books and current dag run status:running
[2024-10-08T05:24:02.166+0000] {taskinstance.py:731} INFO - ::endgroup::
[2024-10-08T05:24:05.082+0000] {local_task_job_runner.py:261} INFO - Task exited with return code -9For more information, see https://***.apache.org/docs/apache-***/stable/troubleshooting.html#LocalTaskJob-killed
[2024-10-08T05:24:05.691+0000] {warnings.py:112} WARNING - /home/***/.local/lib/python3.12/site-packages/***/models/baseoperator.py:1378: AirflowProviderDeprecationWarning: Call to deprecated class PostgresOperator. (Please use `***.providers.common.sql.operators.sql.SQLExecuteQueryOperator`.Also, you can provide `hook_params={'schema': <database>}`.)
  result = cls.__new__(cls)

[2024-10-08T05:24:05.857+0000] {taskinstance.py:3891} INFO - 0 downstream tasks scheduled from follow-on schedule check
[2024-10-08T05:24:05.871+0000] {local_task_job_runner.py:240} INFO - ::endgroup::
