[2024-10-08T05:32:24.647+0000] {local_task_job_runner.py:123} INFO - ::group::Pre task execution logs
[2024-10-08T05:32:24.806+0000] {taskinstance.py:2603} INFO - Dependencies all met for dep_context=non-requeueable deps ti=<TaskInstance: fetch_and_store_amazon_books.insert_book_data scheduled__2024-09-20T00:00:00+00:00 [queued]>
[2024-10-08T05:32:24.838+0000] {taskinstance.py:2603} INFO - Dependencies all met for dep_context=requeueable deps ti=<TaskInstance: fetch_and_store_amazon_books.insert_book_data scheduled__2024-09-20T00:00:00+00:00 [queued]>
[2024-10-08T05:32:24.839+0000] {taskinstance.py:2856} INFO - Starting attempt 1 of 2
[2024-10-08T05:32:24.875+0000] {taskinstance.py:2879} INFO - Executing <Task(PythonOperator): insert_book_data> on 2024-09-20 00:00:00+00:00
[2024-10-08T05:32:24.979+0000] {warnings.py:112} WARNING - /home/***/.local/lib/python3.12/site-packages/***/task/task_runner/standard_task_runner.py:70: DeprecationWarning: This process (pid=548) is multi-threaded, use of fork() may lead to deadlocks in the child.
  pid = os.fork()

[2024-10-08T05:32:24.987+0000] {standard_task_runner.py:72} INFO - Started process 555 to run task
[2024-10-08T05:32:24.987+0000] {standard_task_runner.py:104} INFO - Running: ['***', 'tasks', 'run', 'fetch_and_store_amazon_books', 'insert_book_data', 'scheduled__2024-09-20T00:00:00+00:00', '--job-id', '229', '--raw', '--subdir', 'DAGS_FOLDER/app.py', '--cfg-path', '/tmp/tmp79af44hy']
[2024-10-08T05:32:24.993+0000] {standard_task_runner.py:105} INFO - Job 229: Subtask insert_book_data
[2024-10-08T05:32:25.291+0000] {task_command.py:467} INFO - Running <TaskInstance: fetch_and_store_amazon_books.insert_book_data scheduled__2024-09-20T00:00:00+00:00 [running]> on host 475658bd4f83
[2024-10-08T05:32:25.488+0000] {taskinstance.py:3122} INFO - Exporting env vars: AIRFLOW_CTX_DAG_OWNER='***' AIRFLOW_CTX_DAG_ID='fetch_and_store_amazon_books' AIRFLOW_CTX_TASK_ID='insert_book_data' AIRFLOW_CTX_EXECUTION_DATE='2024-09-20T00:00:00+00:00' AIRFLOW_CTX_TRY_NUMBER='1' AIRFLOW_CTX_DAG_RUN_ID='scheduled__2024-09-20T00:00:00+00:00'
[2024-10-08T05:32:25.493+0000] {logging_mixin.py:190} INFO - Task instance is in running state
[2024-10-08T05:32:25.494+0000] {logging_mixin.py:190} INFO -  Previous state of the Task instance: queued
[2024-10-08T05:32:25.495+0000] {logging_mixin.py:190} INFO - Current task name:insert_book_data state:running start_date:2024-10-08 05:32:24.809175+00:00
[2024-10-08T05:32:25.495+0000] {logging_mixin.py:190} INFO - Dag name:fetch_and_store_amazon_books and current dag run status:running
[2024-10-08T05:32:25.496+0000] {taskinstance.py:731} INFO - ::endgroup::
[2024-10-08T05:32:25.557+0000] {base.py:84} INFO - Retrieving connection 'books_connection'
[2024-10-08T05:32:25.565+0000] {sql.py:509} INFO - Running statement: 
    INSERT INTO books (title, authors, price, rating)
    VALUES (%s, %s, %s, %s)
    , parameters: ('Data Engineering with AWS - Second Edition: Acquire the skills to design and build AWS-based data transformation pipelines like a pro', 'Gareth Eagar', '41.', '4.4 out of 5 stars')
[2024-10-08T05:32:25.569+0000] {sql.py:518} INFO - Rows affected: 1
[2024-10-08T05:32:25.610+0000] {base.py:84} INFO - Retrieving connection 'books_connection'
[2024-10-08T05:32:25.621+0000] {sql.py:509} INFO - Running statement: 
    INSERT INTO books (title, authors, price, rating)
    VALUES (%s, %s, %s, %s)
    , parameters: ('Azure Data Engineer Associate Certification Guide: Ace the DP-203 exam with advanced data engineering skills', 'Giacinto Palmieri', '49.', '4.4 out of 5 stars')
[2024-10-08T05:32:25.624+0000] {sql.py:518} INFO - Rows affected: 1
[2024-10-08T05:32:25.641+0000] {base.py:84} INFO - Retrieving connection 'books_connection'
[2024-10-08T05:32:25.649+0000] {sql.py:509} INFO - Running statement: 
    INSERT INTO books (title, authors, price, rating)
    VALUES (%s, %s, %s, %s)
    , parameters: ("Azure Data Factory Cookbook: A data engineer's guide to building and managing ETL and ELT pipelines with data integration", 'Dmitry Foshin', '51.', '4.2 out of 5 stars')
[2024-10-08T05:32:25.651+0000] {sql.py:518} INFO - Rows affected: 1
[2024-10-08T05:32:25.665+0000] {base.py:84} INFO - Retrieving connection 'books_connection'
[2024-10-08T05:32:25.671+0000] {sql.py:509} INFO - Running statement: 
    INSERT INTO books (title, authors, price, rating)
    VALUES (%s, %s, %s, %s)
    , parameters: ('Fundamentals of Data Engineering: Plan and Build Robust Data Systems', 'Joe Reis', '25.', '4.7 out of 5 stars')
[2024-10-08T05:32:25.672+0000] {sql.py:518} INFO - Rows affected: 1
[2024-10-08T05:32:25.681+0000] {base.py:84} INFO - Retrieving connection 'books_connection'
[2024-10-08T05:32:25.685+0000] {sql.py:509} INFO - Running statement: 
    INSERT INTO books (title, authors, price, rating)
    VALUES (%s, %s, %s, %s)
    , parameters: ('Designing Data-Intensive Applications: The Big Ideas Behind Reliable, Scalable, and Maintainable Systems', 'Martin Kleppmann', '55.', '4.7 out of 5 stars')
[2024-10-08T05:32:25.688+0000] {sql.py:518} INFO - Rows affected: 1
[2024-10-08T05:32:25.697+0000] {base.py:84} INFO - Retrieving connection 'books_connection'
[2024-10-08T05:32:25.714+0000] {sql.py:509} INFO - Running statement: 
    INSERT INTO books (title, authors, price, rating)
    VALUES (%s, %s, %s, %s)
    , parameters: ('Fundamentals of Data Analytics: Learn Essential Skills, Embrace the Future, and Catapult Your Career in the Data-Driven World—A Comprehensive Guide to Data Literacy for Beginners', 'Russell Dawson', '17.', '4.8 out of 5 stars')
[2024-10-08T05:32:25.720+0000] {sql.py:518} INFO - Rows affected: 1
[2024-10-08T05:32:25.737+0000] {base.py:84} INFO - Retrieving connection 'books_connection'
[2024-10-08T05:32:25.744+0000] {sql.py:509} INFO - Running statement: 
    INSERT INTO books (title, authors, price, rating)
    VALUES (%s, %s, %s, %s)
    , parameters: ('Data Engineering with dbt: A practical guide to building a cloud-based, pragmatic, and dependable data platform with SQL', 'Roberto Zagni', '37.', '4.6 out of 5 stars')
[2024-10-08T05:32:25.749+0000] {sql.py:518} INFO - Rows affected: 1
[2024-10-08T05:32:25.764+0000] {base.py:84} INFO - Retrieving connection 'books_connection'
[2024-10-08T05:32:25.769+0000] {sql.py:509} INFO - Running statement: 
    INSERT INTO books (title, authors, price, rating)
    VALUES (%s, %s, %s, %s)
    , parameters: ("Ultimate Data Engineering with Databricks: Develop Scalable Data Pipelines Using Data Engineering's Core Tenets Such as Delta Tables, Ingestion, ... Security, and Scalability (English Edition)", 'Mayank Malhotra', '37.', '4.1 out of 5 stars')
[2024-10-08T05:32:25.771+0000] {sql.py:518} INFO - Rows affected: 1
[2024-10-08T05:32:25.781+0000] {base.py:84} INFO - Retrieving connection 'books_connection'
[2024-10-08T05:32:25.801+0000] {sql.py:509} INFO - Running statement: 
    INSERT INTO books (title, authors, price, rating)
    VALUES (%s, %s, %s, %s)
    , parameters: ('Data Engineering with Python: Work with massive datasets to design data models and automate data pipelines using Python', 'Paul Crickard', '37.', '4.1 out of 5 stars')
[2024-10-08T05:32:25.804+0000] {sql.py:518} INFO - Rows affected: 1
[2024-10-08T05:32:25.817+0000] {base.py:84} INFO - Retrieving connection 'books_connection'
[2024-10-08T05:32:25.823+0000] {sql.py:509} INFO - Running statement: 
    INSERT INTO books (title, authors, price, rating)
    VALUES (%s, %s, %s, %s)
    , parameters: ('Cracking the Data Engineering Interview: Land your dream job with the help of resume-building tips, over 100 mock questions, and a unique portfolio', 'Kedeisha Bryan', '26.', '4.4 out of 5 stars')
[2024-10-08T05:32:25.826+0000] {sql.py:518} INFO - Rows affected: 1
[2024-10-08T05:32:25.835+0000] {base.py:84} INFO - Retrieving connection 'books_connection'
[2024-10-08T05:32:25.842+0000] {sql.py:509} INFO - Running statement: 
    INSERT INTO books (title, authors, price, rating)
    VALUES (%s, %s, %s, %s)
    , parameters: ('Data Pipelines Pocket Reference: Moving and Processing Data for Analytics', 'James Densmore', '17.', '4.5 out of 5 stars')
[2024-10-08T05:32:25.844+0000] {sql.py:518} INFO - Rows affected: 1
[2024-10-08T05:32:25.853+0000] {base.py:84} INFO - Retrieving connection 'books_connection'
[2024-10-08T05:32:25.857+0000] {sql.py:509} INFO - Running statement: 
    INSERT INTO books (title, authors, price, rating)
    VALUES (%s, %s, %s, %s)
    , parameters: ('Ace the Data Science Interview: 201 Real Interview Questions Asked By FAANG, Tech Startups, & Wall Street', 'Nick Singh', '42.', '4.5 out of 5 stars')
[2024-10-08T05:32:25.859+0000] {sql.py:518} INFO - Rows affected: 1
[2024-10-08T05:32:25.868+0000] {base.py:84} INFO - Retrieving connection 'books_connection'
[2024-10-08T05:32:25.872+0000] {sql.py:509} INFO - Running statement: 
    INSERT INTO books (title, authors, price, rating)
    VALUES (%s, %s, %s, %s)
    , parameters: ('Ace the Data Engineering Interview: Questions and Answers for Python, SQL, Data Modeling and More', 'Sean Coyne', '24.', '3.8 out of 5 stars')
[2024-10-08T05:32:25.873+0000] {sql.py:518} INFO - Rows affected: 1
[2024-10-08T05:32:25.884+0000] {base.py:84} INFO - Retrieving connection 'books_connection'
[2024-10-08T05:32:25.891+0000] {sql.py:509} INFO - Running statement: 
    INSERT INTO books (title, authors, price, rating)
    VALUES (%s, %s, %s, %s)
    , parameters: ('Data Engineering with Databricks Cookbook: Build effective data and AI solutions using Apache Spark, Databricks, and Delta Lake', 'Pulkit Chadha', '49.', '4.3 out of 5 stars')
[2024-10-08T05:32:25.895+0000] {sql.py:518} INFO - Rows affected: 1
[2024-10-08T05:32:25.914+0000] {base.py:84} INFO - Retrieving connection 'books_connection'
[2024-10-08T05:32:25.921+0000] {sql.py:509} INFO - Running statement: 
    INSERT INTO books (title, authors, price, rating)
    VALUES (%s, %s, %s, %s)
    , parameters: ('Software Engineering for Data Scientists: From Notebooks to Scalable Systems', 'Catherine Nelson', '51.', '4.4 out of 5 stars')
[2024-10-08T05:32:25.924+0000] {sql.py:518} INFO - Rows affected: 1
[2024-10-08T05:32:25.936+0000] {base.py:84} INFO - Retrieving connection 'books_connection'
[2024-10-08T05:32:25.942+0000] {sql.py:509} INFO - Running statement: 
    INSERT INTO books (title, authors, price, rating)
    VALUES (%s, %s, %s, %s)
    , parameters: ('Essentials of Data Engineering', 'Dr. Mukesh Saini', '19.', '5.0 out of 5 stars')
[2024-10-08T05:32:25.943+0000] {sql.py:518} INFO - Rows affected: 1
[2024-10-08T05:32:25.951+0000] {base.py:84} INFO - Retrieving connection 'books_connection'
[2024-10-08T05:32:25.959+0000] {sql.py:509} INFO - Running statement: 
    INSERT INTO books (title, authors, price, rating)
    VALUES (%s, %s, %s, %s)
    , parameters: ('Data Engineering with AWS: Learn how to design and build cloud-based data transformation pipelines using AWS', 'Gareth Eagar', '49.', '4.4 out of 5 stars')
[2024-10-08T05:32:25.960+0000] {sql.py:518} INFO - Rows affected: 1
[2024-10-08T05:32:25.970+0000] {base.py:84} INFO - Retrieving connection 'books_connection'
[2024-10-08T05:32:25.975+0000] {sql.py:509} INFO - Running statement: 
    INSERT INTO books (title, authors, price, rating)
    VALUES (%s, %s, %s, %s)
    , parameters: ('Data Engineering with Python cookbook: Learn to build efficient data pipelines using the Modern Cloud Data Stack', 'Adithyan Ramanujakootam', '32.', '5.0 out of 5 stars')
[2024-10-08T05:32:25.977+0000] {sql.py:518} INFO - Rows affected: 1
[2024-10-08T05:32:25.986+0000] {base.py:84} INFO - Retrieving connection 'books_connection'
[2024-10-08T05:32:25.992+0000] {sql.py:509} INFO - Running statement: 
    INSERT INTO books (title, authors, price, rating)
    VALUES (%s, %s, %s, %s)
    , parameters: ("Data Quality Fundamentals: A Practitioner's Guide to Building Trustworthy Data Pipelines", 'Paperback', '45.', '4.1 out of 5 stars')
[2024-10-08T05:32:25.995+0000] {sql.py:518} INFO - Rows affected: 1
[2024-10-08T05:32:26.005+0000] {base.py:84} INFO - Retrieving connection 'books_connection'
[2024-10-08T05:32:26.011+0000] {sql.py:509} INFO - Running statement: 
    INSERT INTO books (title, authors, price, rating)
    VALUES (%s, %s, %s, %s)
    , parameters: ('Data Engineering with Google Cloud Platform: A practical guide to operationalizing scalable data analytics systems on GCP', 'Adi Wijaya', '41.', '4.7 out of 5 stars')
[2024-10-08T05:32:26.013+0000] {sql.py:518} INFO - Rows affected: 1
[2024-10-08T05:32:26.021+0000] {base.py:84} INFO - Retrieving connection 'books_connection'
[2024-10-08T05:32:26.027+0000] {sql.py:509} INFO - Running statement: 
    INSERT INTO books (title, authors, price, rating)
    VALUES (%s, %s, %s, %s)
    , parameters: ('DATA ENGINEERING AND AI FOR BEGINNERS: Revolutionizing Data Processing and Analytics by Leveraging Artificial Intelligence for Efficient Input Collection, Storage, and Transformation (World of AI)', 'Paperback', '13.', '4.3 out of 5 stars')
[2024-10-08T05:32:26.029+0000] {sql.py:518} INFO - Rows affected: 1
[2024-10-08T05:32:26.042+0000] {base.py:84} INFO - Retrieving connection 'books_connection'
[2024-10-08T05:32:26.052+0000] {sql.py:509} INFO - Running statement: 
    INSERT INTO books (title, authors, price, rating)
    VALUES (%s, %s, %s, %s)
    , parameters: ('Fundamentals of Data Engineering: A Comprehensive Guide to Designing, Building, and Managing Data Pipelines, Storage Solutions, and Processing Frameworks.', 'Paperback', '14.', '5.0 out of 5 stars')
[2024-10-08T05:32:26.055+0000] {sql.py:518} INFO - Rows affected: 1
[2024-10-08T05:32:26.071+0000] {base.py:84} INFO - Retrieving connection 'books_connection'
[2024-10-08T05:32:26.077+0000] {sql.py:509} INFO - Running statement: 
    INSERT INTO books (title, authors, price, rating)
    VALUES (%s, %s, %s, %s)
    , parameters: ('Data Privacy: A runbook for engineers', 'Nishant Bhajaria', '35.', '4.8 out of 5 stars')
[2024-10-08T05:32:26.082+0000] {sql.py:518} INFO - Rows affected: 1
[2024-10-08T05:32:26.091+0000] {base.py:84} INFO - Retrieving connection 'books_connection'
[2024-10-08T05:32:26.097+0000] {sql.py:509} INFO - Running statement: 
    INSERT INTO books (title, authors, price, rating)
    VALUES (%s, %s, %s, %s)
    , parameters: ('Data Engineering Fundamentals for Beginners: Mastering the Art of Building, Managing, and Scaling Data Systems', 'Paperback', '14.', '5.0 out of 5 stars')
[2024-10-08T05:32:26.099+0000] {sql.py:518} INFO - Rows affected: 1
[2024-10-08T05:32:26.108+0000] {base.py:84} INFO - Retrieving connection 'books_connection'
[2024-10-08T05:32:26.112+0000] {sql.py:509} INFO - Running statement: 
    INSERT INTO books (title, authors, price, rating)
    VALUES (%s, %s, %s, %s)
    , parameters: ("Engineering Data Mesh in Azure Cloud: Implement data mesh using Microsoft Azure's Cloud Adoption Framework", 'Paperback', '47.', '4.5 out of 5 stars')
[2024-10-08T05:32:26.113+0000] {sql.py:518} INFO - Rows affected: 1
[2024-10-08T05:32:26.121+0000] {base.py:84} INFO - Retrieving connection 'books_connection'
[2024-10-08T05:32:26.125+0000] {sql.py:509} INFO - Running statement: 
    INSERT INTO books (title, authors, price, rating)
    VALUES (%s, %s, %s, %s)
    , parameters: ('Data Engineering with Apache Spark, Delta Lake, and Lakehouse: Create scalable pipelines that ingest, curate, and aggregate complex data in a timely and secure way', 'Manoj Kukreja', '46.', '3.9 out of 5 stars')
[2024-10-08T05:32:26.127+0000] {sql.py:518} INFO - Rows affected: 1
[2024-10-08T05:32:26.135+0000] {base.py:84} INFO - Retrieving connection 'books_connection'
[2024-10-08T05:32:26.139+0000] {sql.py:509} INFO - Running statement: 
    INSERT INTO books (title, authors, price, rating)
    VALUES (%s, %s, %s, %s)
    , parameters: ('Data-Driven Science and Engineering: Machine Learning, Dynamical Systems, and Control', 'Steven L. Brunton', '64.', '4.8 out of 5 stars')
[2024-10-08T05:32:26.141+0000] {sql.py:518} INFO - Rows affected: 1
[2024-10-08T05:32:26.149+0000] {base.py:84} INFO - Retrieving connection 'books_connection'
[2024-10-08T05:32:26.152+0000] {sql.py:509} INFO - Running statement: 
    INSERT INTO books (title, authors, price, rating)
    VALUES (%s, %s, %s, %s)
    , parameters: ('Data Engineering with Google Cloud Platform: A guide to leveling up as a data engineer by building a scalable data platform with Google Cloud', 'Adi Wijaya', '40.', '4.8 out of 5 stars')
[2024-10-08T05:32:26.154+0000] {sql.py:518} INFO - Rows affected: 1
[2024-10-08T05:32:26.162+0000] {base.py:84} INFO - Retrieving connection 'books_connection'
[2024-10-08T05:32:26.166+0000] {sql.py:509} INFO - Running statement: 
    INSERT INTO books (title, authors, price, rating)
    VALUES (%s, %s, %s, %s)
    , parameters: ("Data: Principles To Practice - Volume 1 'Foundations': Essential Foundations: Key Concepts behind Data Architecture, Engineering and Analysis for Professionals", 'Mr Alex Holloway', '12.', '4.6 out of 5 stars')
[2024-10-08T05:32:26.167+0000] {sql.py:518} INFO - Rows affected: 1
[2024-10-08T05:32:26.176+0000] {base.py:84} INFO - Retrieving connection 'books_connection'
[2024-10-08T05:32:26.180+0000] {sql.py:509} INFO - Running statement: 
    INSERT INTO books (title, authors, price, rating)
    VALUES (%s, %s, %s, %s)
    , parameters: ('Data Engineering with AWS', 'May Sherry', '14.', '5.0 out of 5 stars')
[2024-10-08T05:32:26.181+0000] {sql.py:518} INFO - Rows affected: 1
[2024-10-08T05:32:26.189+0000] {base.py:84} INFO - Retrieving connection 'books_connection'
[2024-10-08T05:32:26.193+0000] {sql.py:509} INFO - Running statement: 
    INSERT INTO books (title, authors, price, rating)
    VALUES (%s, %s, %s, %s)
    , parameters: ('Data Engineering with AWS: Building Scalable Data Pipelines in the Cloud', 'May Sherry', '14.', '5.0 out of 5 stars')
[2024-10-08T05:32:26.194+0000] {sql.py:518} INFO - Rows affected: 1
[2024-10-08T05:32:26.202+0000] {base.py:84} INFO - Retrieving connection 'books_connection'
[2024-10-08T05:32:26.207+0000] {sql.py:509} INFO - Running statement: 
    INSERT INTO books (title, authors, price, rating)
    VALUES (%s, %s, %s, %s)
    , parameters: ('97 Things Every Data Engineer Should Know: Collective Wisdom from the Experts', 'Tobias Macey', '28.', '4.1 out of 5 stars')
[2024-10-08T05:32:26.208+0000] {sql.py:518} INFO - Rows affected: 1
[2024-10-08T05:32:26.216+0000] {base.py:84} INFO - Retrieving connection 'books_connection'
[2024-10-08T05:32:26.220+0000] {sql.py:509} INFO - Running statement: 
    INSERT INTO books (title, authors, price, rating)
    VALUES (%s, %s, %s, %s)
    , parameters: ('Python Data Engineering Resources: Forge Your Path to Success in Data Engineering, Machine Learning and AI', 'Vajo Lukic', '0.', '4.9 out of 5 stars')
[2024-10-08T05:32:26.222+0000] {sql.py:518} INFO - Rows affected: 1
[2024-10-08T05:32:26.230+0000] {base.py:84} INFO - Retrieving connection 'books_connection'
[2024-10-08T05:32:26.233+0000] {sql.py:509} INFO - Running statement: 
    INSERT INTO books (title, authors, price, rating)
    VALUES (%s, %s, %s, %s)
    , parameters: ('Analytics Engineering with SQL and dbt: Building Meaningful Data Models at Scale', 'Rui Pedro Machado', '41.', '3.9 out of 5 stars')
[2024-10-08T05:32:26.234+0000] {sql.py:518} INFO - Rows affected: 1
[2024-10-08T05:32:26.244+0000] {base.py:84} INFO - Retrieving connection 'books_connection'
[2024-10-08T05:32:26.248+0000] {sql.py:509} INFO - Running statement: 
    INSERT INTO books (title, authors, price, rating)
    VALUES (%s, %s, %s, %s)
    , parameters: ('Data Engineering with Scala and Spark: Build streaming and batch pipelines that process massive amounts of data using Scala', 'Eric Tome', '29.', '4.1 out of 5 stars')
[2024-10-08T05:32:26.250+0000] {sql.py:518} INFO - Rows affected: 1
[2024-10-08T05:32:26.258+0000] {base.py:84} INFO - Retrieving connection 'books_connection'
[2024-10-08T05:32:26.261+0000] {sql.py:509} INFO - Running statement: 
    INSERT INTO books (title, authors, price, rating)
    VALUES (%s, %s, %s, %s)
    , parameters: ('Storytelling with Data: A Data Visualization Guide for Business Professionals', 'Cole Nussbaumer Knaflic', '27.', '4.6 out of 5 stars')
[2024-10-08T05:32:26.262+0000] {sql.py:518} INFO - Rows affected: 1
[2024-10-08T05:32:26.271+0000] {base.py:84} INFO - Retrieving connection 'books_connection'
[2024-10-08T05:32:26.275+0000] {sql.py:509} INFO - Running statement: 
    INSERT INTO books (title, authors, price, rating)
    VALUES (%s, %s, %s, %s)
    , parameters: ('Data Mesh: Delivering Data-Driven Value at Scale', 'Zhamak Dehghani', '43.', '4.5 out of 5 stars')
[2024-10-08T05:32:26.277+0000] {sql.py:518} INFO - Rows affected: 1
[2024-10-08T05:32:26.285+0000] {base.py:84} INFO - Retrieving connection 'books_connection'
[2024-10-08T05:32:26.289+0000] {sql.py:509} INFO - Running statement: 
    INSERT INTO books (title, authors, price, rating)
    VALUES (%s, %s, %s, %s)
    , parameters: ('Data Engineering 101', 'Kindle', '0.', '3.9 out of 5 stars')
[2024-10-08T05:32:26.292+0000] {sql.py:518} INFO - Rows affected: 1
[2024-10-08T05:32:26.302+0000] {base.py:84} INFO - Retrieving connection 'books_connection'
[2024-10-08T05:32:26.306+0000] {sql.py:509} INFO - Running statement: 
    INSERT INTO books (title, authors, price, rating)
    VALUES (%s, %s, %s, %s)
    , parameters: ('Data Modeling with Snowflake: A practical guide to accelerating Snowflake development using universal data modeling techniques', 'Serge Gershkovich', '36.', '4.8 out of 5 stars')
[2024-10-08T05:32:26.308+0000] {sql.py:518} INFO - Rows affected: 1
[2024-10-08T05:32:26.317+0000] {base.py:84} INFO - Retrieving connection 'books_connection'
[2024-10-08T05:32:26.323+0000] {sql.py:509} INFO - Running statement: 
    INSERT INTO books (title, authors, price, rating)
    VALUES (%s, %s, %s, %s)
    , parameters: ('Official Google Cloud Certified Professional Data Engineer Study Guide', 'Dan Sullivan', '33.', '4.5 out of 5 stars')
[2024-10-08T05:32:26.325+0000] {sql.py:518} INFO - Rows affected: 1
[2024-10-08T05:32:26.338+0000] {base.py:84} INFO - Retrieving connection 'books_connection'
[2024-10-08T05:32:26.345+0000] {sql.py:509} INFO - Running statement: 
    INSERT INTO books (title, authors, price, rating)
    VALUES (%s, %s, %s, %s)
    , parameters: ('Machine Learning Engineering', 'Andriy Burkov', '39.', '4.7 out of 5 stars')
[2024-10-08T05:32:26.347+0000] {sql.py:518} INFO - Rows affected: 1
[2024-10-08T05:32:26.362+0000] {base.py:84} INFO - Retrieving connection 'books_connection'
[2024-10-08T05:32:26.368+0000] {sql.py:509} INFO - Running statement: 
    INSERT INTO books (title, authors, price, rating)
    VALUES (%s, %s, %s, %s)
    , parameters: ('Fundamentals of Data Observability: Implement Trustworthy End-to-End Data Solutions', 'Andy Petrella', '36.', '4.0 out of 5 stars')
[2024-10-08T05:32:26.372+0000] {sql.py:518} INFO - Rows affected: 1
[2024-10-08T05:32:26.383+0000] {base.py:84} INFO - Retrieving connection 'books_connection'
[2024-10-08T05:32:26.391+0000] {sql.py:509} INFO - Running statement: 
    INSERT INTO books (title, authors, price, rating)
    VALUES (%s, %s, %s, %s)
    , parameters: ('Modern Data Engineering with Apache Spark: A Hands-On Guide for Building Mission-Critical Streaming Applications', 'Scott Haines', '29.', '4.1 out of 5 stars')
[2024-10-08T05:32:26.393+0000] {sql.py:518} INFO - Rows affected: 1
[2024-10-08T05:32:26.406+0000] {base.py:84} INFO - Retrieving connection 'books_connection'
[2024-10-08T05:32:26.417+0000] {sql.py:509} INFO - Running statement: 
    INSERT INTO books (title, authors, price, rating)
    VALUES (%s, %s, %s, %s)
    , parameters: ('Python Feature Engineering Cookbook: A complete guide to crafting powerful features for your machine learning models', 'Soledad Galli', '44.', '5.0 out of 5 stars')
[2024-10-08T05:32:26.421+0000] {sql.py:518} INFO - Rows affected: 1
[2024-10-08T05:32:26.431+0000] {base.py:84} INFO - Retrieving connection 'books_connection'
[2024-10-08T05:32:26.435+0000] {sql.py:509} INFO - Running statement: 
    INSERT INTO books (title, authors, price, rating)
    VALUES (%s, %s, %s, %s)
    , parameters: ('Data Engineering with Databricks', 'Kindle', '0.', '3.4 out of 5 stars')
[2024-10-08T05:32:26.436+0000] {sql.py:518} INFO - Rows affected: 1
[2024-10-08T05:32:26.456+0000] {base.py:84} INFO - Retrieving connection 'books_connection'
[2024-10-08T05:32:26.460+0000] {sql.py:509} INFO - Running statement: 
    INSERT INTO books (title, authors, price, rating)
    VALUES (%s, %s, %s, %s)
    , parameters: ('Azure Data Factory by Example: Practical Implementation for Data Engineers', 'Richard Swinbank', '33.', '4.2 out of 5 stars')
[2024-10-08T05:32:26.462+0000] {sql.py:518} INFO - Rows affected: 1
[2024-10-08T05:32:26.469+0000] {base.py:84} INFO - Retrieving connection 'books_connection'
[2024-10-08T05:32:26.472+0000] {sql.py:509} INFO - Running statement: 
    INSERT INTO books (title, authors, price, rating)
    VALUES (%s, %s, %s, %s)
    , parameters: ('Data Quality Engineering in Financial Services: Applying Manufacturing Techniques to Data', 'Brian Buzzelli', '30.', '4.4 out of 5 stars')
[2024-10-08T05:32:26.474+0000] {sql.py:518} INFO - Rows affected: 1
[2024-10-08T05:32:26.479+0000] {base.py:84} INFO - Retrieving connection 'books_connection'
[2024-10-08T05:32:26.484+0000] {sql.py:509} INFO - Running statement: 
    INSERT INTO books (title, authors, price, rating)
    VALUES (%s, %s, %s, %s)
    , parameters: ('Prompt Engineering for Generative AI: Future-Proof Inputs for Reliable AI Outputs', 'James Phoenix', '53.', '4.5 out of 5 stars')
[2024-10-08T05:32:26.485+0000] {sql.py:518} INFO - Rows affected: 1
[2024-10-08T05:32:26.490+0000] {base.py:84} INFO - Retrieving connection 'books_connection'
[2024-10-08T05:32:26.495+0000] {sql.py:509} INFO - Running statement: 
    INSERT INTO books (title, authors, price, rating)
    VALUES (%s, %s, %s, %s)
    , parameters: ('Data Observability for Data Engineering: Proactive strategies for ensuring data accuracy and addressing broken data pipelines', 'Michele Pinto', '18.', '3.7 out of 5 stars')
[2024-10-08T05:32:26.496+0000] {sql.py:518} INFO - Rows affected: 1
[2024-10-08T05:32:26.501+0000] {base.py:84} INFO - Retrieving connection 'books_connection'
[2024-10-08T05:32:26.506+0000] {sql.py:509} INFO - Running statement: 
    INSERT INTO books (title, authors, price, rating)
    VALUES (%s, %s, %s, %s)
    , parameters: ('Better Data Visualizations: A Guide for Scholars, Researchers, and Wonks', 'Jonathan Schwabish', '26.', '4.5 out of 5 stars')
[2024-10-08T05:32:26.508+0000] {sql.py:518} INFO - Rows affected: 1
[2024-10-08T05:32:26.509+0000] {python.py:240} INFO - Done. Returned value was: None
[2024-10-08T05:32:26.523+0000] {taskinstance.py:340} INFO - ::group::Post task execution logs
[2024-10-08T05:32:26.524+0000] {taskinstance.py:352} INFO - Marking task as SUCCESS. dag_id=fetch_and_store_amazon_books, task_id=insert_book_data, run_id=scheduled__2024-09-20T00:00:00+00:00, execution_date=20240920T000000, start_date=20241008T053224, end_date=20241008T053226
[2024-10-08T05:32:26.553+0000] {logging_mixin.py:190} INFO - Task instance in success state
[2024-10-08T05:32:26.555+0000] {logging_mixin.py:190} INFO -  Previous state of the Task instance: running
[2024-10-08T05:32:26.556+0000] {logging_mixin.py:190} INFO - Dag name:fetch_and_store_amazon_books queued_at:2024-10-08 05:32:03.225800+00:00
[2024-10-08T05:32:26.556+0000] {logging_mixin.py:190} INFO - Task hostname:475658bd4f83 operator:PythonOperator
[2024-10-08T05:32:26.596+0000] {local_task_job_runner.py:261} INFO - Task exited with return code 0
[2024-10-08T05:32:26.669+0000] {taskinstance.py:3891} INFO - 0 downstream tasks scheduled from follow-on schedule check
[2024-10-08T05:32:26.670+0000] {local_task_job_runner.py:240} INFO - ::endgroup::
