[2024-10-08T05:24:22.399+0000] {local_task_job_runner.py:123} INFO - ::group::Pre task execution logs
[2024-10-08T05:24:22.813+0000] {taskinstance.py:2603} INFO - Dependencies all met for dep_context=non-requeueable deps ti=<TaskInstance: fetch_and_store_amazon_books.insert_book_data scheduled__2024-07-21T00:00:00+00:00 [queued]>
[2024-10-08T05:24:22.883+0000] {taskinstance.py:2603} INFO - Dependencies all met for dep_context=requeueable deps ti=<TaskInstance: fetch_and_store_amazon_books.insert_book_data scheduled__2024-07-21T00:00:00+00:00 [queued]>
[2024-10-08T05:24:22.892+0000] {taskinstance.py:2856} INFO - Starting attempt 1 of 2
[2024-10-08T05:24:23.420+0000] {taskinstance.py:2879} INFO - Executing <Task(PythonOperator): insert_book_data> on 2024-07-21 00:00:00+00:00
[2024-10-08T05:24:23.475+0000] {warnings.py:112} WARNING - /home/***/.local/lib/python3.12/site-packages/***/task/task_runner/standard_task_runner.py:70: DeprecationWarning: This process (pid=148) is multi-threaded, use of fork() may lead to deadlocks in the child.
  pid = os.fork()

[2024-10-08T05:24:23.525+0000] {standard_task_runner.py:72} INFO - Started process 159 to run task
[2024-10-08T05:24:23.543+0000] {standard_task_runner.py:104} INFO - Running: ['***', 'tasks', 'run', 'fetch_and_store_amazon_books', 'insert_book_data', 'scheduled__2024-07-21T00:00:00+00:00', '--job-id', '94', '--raw', '--subdir', 'DAGS_FOLDER/app.py', '--cfg-path', '/tmp/tmpmp4fizhy']
[2024-10-08T05:24:23.550+0000] {standard_task_runner.py:105} INFO - Job 94: Subtask insert_book_data
[2024-10-08T05:24:24.097+0000] {task_command.py:467} INFO - Running <TaskInstance: fetch_and_store_amazon_books.insert_book_data scheduled__2024-07-21T00:00:00+00:00 [running]> on host 947926f81760
[2024-10-08T05:24:25.723+0000] {taskinstance.py:3122} INFO - Exporting env vars: AIRFLOW_CTX_DAG_OWNER='***' AIRFLOW_CTX_DAG_ID='fetch_and_store_amazon_books' AIRFLOW_CTX_TASK_ID='insert_book_data' AIRFLOW_CTX_EXECUTION_DATE='2024-07-21T00:00:00+00:00' AIRFLOW_CTX_TRY_NUMBER='1' AIRFLOW_CTX_DAG_RUN_ID='scheduled__2024-07-21T00:00:00+00:00'
[2024-10-08T05:24:25.852+0000] {logging_mixin.py:190} INFO - Task instance is in running state
[2024-10-08T05:24:25.864+0000] {logging_mixin.py:190} INFO -  Previous state of the Task instance: queued
[2024-10-08T05:24:25.873+0000] {logging_mixin.py:190} INFO - Current task name:insert_book_data state:running start_date:2024-10-08 05:24:22.835224+00:00
[2024-10-08T05:24:25.877+0000] {logging_mixin.py:190} INFO - Dag name:fetch_and_store_amazon_books and current dag run status:running
[2024-10-08T05:24:25.881+0000] {taskinstance.py:731} INFO - ::endgroup::
[2024-10-08T05:24:26.301+0000] {base.py:84} INFO - Retrieving connection 'books_connection'
[2024-10-08T05:24:26.405+0000] {sql.py:509} INFO - Running statement: 
    INSERT INTO books (title, authors, price, rating)
    VALUES (%s, %s, %s, %s)
    , parameters: ('Data Engineering with AWS - Second Edition: Acquire the skills to design and build AWS-based data transformation pipelines like a pro', 'Gareth Eagar', '41.', '4.4 out of 5 stars')
[2024-10-08T05:24:26.444+0000] {sql.py:518} INFO - Rows affected: 1
[2024-10-08T05:24:26.579+0000] {base.py:84} INFO - Retrieving connection 'books_connection'
[2024-10-08T05:24:26.639+0000] {sql.py:509} INFO - Running statement: 
    INSERT INTO books (title, authors, price, rating)
    VALUES (%s, %s, %s, %s)
    , parameters: ('Fundamentals of Data Analytics: Learn Essential Skills, Embrace the Future, and Catapult Your Career in the Data-Driven World—A Comprehensive Guide to Data Literacy for Beginners', 'Russell Dawson', '17.', '4.8 out of 5 stars')
[2024-10-08T05:24:26.657+0000] {sql.py:518} INFO - Rows affected: 1
[2024-10-08T05:24:26.717+0000] {base.py:84} INFO - Retrieving connection 'books_connection'
[2024-10-08T05:24:26.735+0000] {sql.py:509} INFO - Running statement: 
    INSERT INTO books (title, authors, price, rating)
    VALUES (%s, %s, %s, %s)
    , parameters: ('Azure Data Engineer Associate Certification Guide: Ace the DP-203 exam with advanced data engineering skills', 'Giacinto Palmieri', '49.', '4.4 out of 5 stars')
[2024-10-08T05:24:26.741+0000] {sql.py:518} INFO - Rows affected: 1
[2024-10-08T05:24:26.799+0000] {base.py:84} INFO - Retrieving connection 'books_connection'
[2024-10-08T05:24:26.827+0000] {sql.py:509} INFO - Running statement: 
    INSERT INTO books (title, authors, price, rating)
    VALUES (%s, %s, %s, %s)
    , parameters: ('Ace the Data Science Interview: 201 Real Interview Questions Asked By FAANG, Tech Startups, & Wall Street', 'Nick Singh', '42.', '4.5 out of 5 stars')
[2024-10-08T05:24:26.844+0000] {sql.py:518} INFO - Rows affected: 1
[2024-10-08T05:24:26.920+0000] {base.py:84} INFO - Retrieving connection 'books_connection'
[2024-10-08T05:24:26.949+0000] {sql.py:509} INFO - Running statement: 
    INSERT INTO books (title, authors, price, rating)
    VALUES (%s, %s, %s, %s)
    , parameters: ('Fundamentals of Data Engineering: Plan and Build Robust Data Systems', 'Joe Reis', '25.', '4.7 out of 5 stars')
[2024-10-08T05:24:26.957+0000] {sql.py:518} INFO - Rows affected: 1
[2024-10-08T05:24:27.060+0000] {base.py:84} INFO - Retrieving connection 'books_connection'
[2024-10-08T05:24:27.077+0000] {sql.py:509} INFO - Running statement: 
    INSERT INTO books (title, authors, price, rating)
    VALUES (%s, %s, %s, %s)
    , parameters: ('Designing Data-Intensive Applications: The Big Ideas Behind Reliable, Scalable, and Maintainable Systems', 'Martin Kleppmann', '55.', '4.7 out of 5 stars')
[2024-10-08T05:24:27.089+0000] {sql.py:518} INFO - Rows affected: 1
[2024-10-08T05:24:27.121+0000] {base.py:84} INFO - Retrieving connection 'books_connection'
[2024-10-08T05:24:27.139+0000] {sql.py:509} INFO - Running statement: 
    INSERT INTO books (title, authors, price, rating)
    VALUES (%s, %s, %s, %s)
    , parameters: ('Data Engineering with Python: Work with massive datasets to design data models and automate data pipelines using Python', 'Paul Crickard', '37.', '4.1 out of 5 stars')
[2024-10-08T05:24:27.149+0000] {sql.py:518} INFO - Rows affected: 1
[2024-10-08T05:24:27.198+0000] {base.py:84} INFO - Retrieving connection 'books_connection'
[2024-10-08T05:24:27.291+0000] {sql.py:509} INFO - Running statement: 
    INSERT INTO books (title, authors, price, rating)
    VALUES (%s, %s, %s, %s)
    , parameters: ('Cracking the Data Engineering Interview: Land your dream job with the help of resume-building tips, over 100 mock questions, and a unique portfolio', 'Kedeisha Bryan', '26.', '4.4 out of 5 stars')
[2024-10-08T05:24:27.298+0000] {sql.py:518} INFO - Rows affected: 1
[2024-10-08T05:24:27.364+0000] {base.py:84} INFO - Retrieving connection 'books_connection'
[2024-10-08T05:24:27.389+0000] {sql.py:509} INFO - Running statement: 
    INSERT INTO books (title, authors, price, rating)
    VALUES (%s, %s, %s, %s)
    , parameters: ('Data Pipelines Pocket Reference: Moving and Processing Data for Analytics', 'James Densmore', '17.', '4.5 out of 5 stars')
[2024-10-08T05:24:27.414+0000] {sql.py:518} INFO - Rows affected: 1
[2024-10-08T05:24:27.572+0000] {base.py:84} INFO - Retrieving connection 'books_connection'
[2024-10-08T05:24:27.614+0000] {sql.py:509} INFO - Running statement: 
    INSERT INTO books (title, authors, price, rating)
    VALUES (%s, %s, %s, %s)
    , parameters: ('Ace the Data Engineering Interview: Questions and Answers for Python, SQL, Data Modeling and More', 'Sean Coyne', '24.', '3.8 out of 5 stars')
[2024-10-08T05:24:27.624+0000] {sql.py:518} INFO - Rows affected: 1
[2024-10-08T05:24:27.680+0000] {base.py:84} INFO - Retrieving connection 'books_connection'
[2024-10-08T05:24:27.693+0000] {sql.py:509} INFO - Running statement: 
    INSERT INTO books (title, authors, price, rating)
    VALUES (%s, %s, %s, %s)
    , parameters: ('Data Engineering with Databricks Cookbook: Build effective data and AI solutions using Apache Spark, Databricks, and Delta Lake', 'Pulkit Chadha', '49.', '4.3 out of 5 stars')
[2024-10-08T05:24:27.697+0000] {sql.py:518} INFO - Rows affected: 1
[2024-10-08T05:24:27.752+0000] {base.py:84} INFO - Retrieving connection 'books_connection'
[2024-10-08T05:24:27.771+0000] {sql.py:509} INFO - Running statement: 
    INSERT INTO books (title, authors, price, rating)
    VALUES (%s, %s, %s, %s)
    , parameters: ('Software Engineering for Data Scientists: From Notebooks to Scalable Systems', 'Catherine Nelson', '51.', '4.4 out of 5 stars')
[2024-10-08T05:24:27.791+0000] {sql.py:518} INFO - Rows affected: 1
[2024-10-08T05:24:27.833+0000] {base.py:84} INFO - Retrieving connection 'books_connection'
[2024-10-08T05:24:27.866+0000] {sql.py:509} INFO - Running statement: 
    INSERT INTO books (title, authors, price, rating)
    VALUES (%s, %s, %s, %s)
    , parameters: ("Azure Data Factory Cookbook: A data engineer's guide to building and managing ETL and ELT pipelines with data integration", 'Dmitry Foshin', '51.', '4.2 out of 5 stars')
[2024-10-08T05:24:27.870+0000] {sql.py:518} INFO - Rows affected: 1
[2024-10-08T05:24:27.894+0000] {base.py:84} INFO - Retrieving connection 'books_connection'
[2024-10-08T05:24:27.927+0000] {sql.py:509} INFO - Running statement: 
    INSERT INTO books (title, authors, price, rating)
    VALUES (%s, %s, %s, %s)
    , parameters: ('Data Engineering with dbt: A practical guide to building a cloud-based, pragmatic, and dependable data platform with SQL', 'Roberto Zagni', '37.', '4.6 out of 5 stars')
[2024-10-08T05:24:27.935+0000] {sql.py:518} INFO - Rows affected: 1
[2024-10-08T05:24:27.979+0000] {base.py:84} INFO - Retrieving connection 'books_connection'
[2024-10-08T05:24:27.996+0000] {sql.py:509} INFO - Running statement: 
    INSERT INTO books (title, authors, price, rating)
    VALUES (%s, %s, %s, %s)
    , parameters: ('Essentials of Data Engineering', 'Dr. Mukesh Saini', '19.', '5.0 out of 5 stars')
[2024-10-08T05:24:28.003+0000] {sql.py:518} INFO - Rows affected: 1
[2024-10-08T05:24:28.040+0000] {base.py:84} INFO - Retrieving connection 'books_connection'
[2024-10-08T05:24:28.056+0000] {sql.py:509} INFO - Running statement: 
    INSERT INTO books (title, authors, price, rating)
    VALUES (%s, %s, %s, %s)
    , parameters: ('Data Engineering with AWS: Learn how to design and build cloud-based data transformation pipelines using AWS', 'Gareth Eagar', '49.', '4.4 out of 5 stars')
[2024-10-08T05:24:28.059+0000] {sql.py:518} INFO - Rows affected: 1
[2024-10-08T05:24:28.085+0000] {base.py:84} INFO - Retrieving connection 'books_connection'
[2024-10-08T05:24:28.099+0000] {sql.py:509} INFO - Running statement: 
    INSERT INTO books (title, authors, price, rating)
    VALUES (%s, %s, %s, %s)
    , parameters: ('Data Engineering with Python cookbook: Learn to build efficient data pipelines using the Modern Cloud Data Stack', 'Adithyan Ramanujakootam', '32.', '5.0 out of 5 stars')
[2024-10-08T05:24:28.104+0000] {sql.py:518} INFO - Rows affected: 1
[2024-10-08T05:24:28.132+0000] {base.py:84} INFO - Retrieving connection 'books_connection'
[2024-10-08T05:24:28.154+0000] {sql.py:509} INFO - Running statement: 
    INSERT INTO books (title, authors, price, rating)
    VALUES (%s, %s, %s, %s)
    , parameters: ("Data: Principles To Practice - Volume 1 'Foundations': Essential Foundations: Key Concepts behind Data Architecture, Engineering and Analysis for Professionals", 'Mr Alex Holloway', '12.', '4.6 out of 5 stars')
[2024-10-08T05:24:28.157+0000] {sql.py:518} INFO - Rows affected: 1
[2024-10-08T05:24:28.193+0000] {base.py:84} INFO - Retrieving connection 'books_connection'
[2024-10-08T05:24:28.203+0000] {sql.py:509} INFO - Running statement: 
    INSERT INTO books (title, authors, price, rating)
    VALUES (%s, %s, %s, %s)
    , parameters: ('Fundamentals of Data Engineering: A Comprehensive Guide to Designing, Building, and Managing Data Pipelines, Storage Solutions, and Processing Frameworks.', 'Paperback', '14.', '5.0 out of 5 stars')
[2024-10-08T05:24:28.207+0000] {sql.py:518} INFO - Rows affected: 1
[2024-10-08T05:24:28.224+0000] {base.py:84} INFO - Retrieving connection 'books_connection'
[2024-10-08T05:24:28.245+0000] {sql.py:509} INFO - Running statement: 
    INSERT INTO books (title, authors, price, rating)
    VALUES (%s, %s, %s, %s)
    , parameters: ("Engineering Data Mesh in Azure Cloud: Implement data mesh using Microsoft Azure's Cloud Adoption Framework", 'Paperback', '47.', '4.5 out of 5 stars')
[2024-10-08T05:24:28.252+0000] {sql.py:518} INFO - Rows affected: 1
[2024-10-08T05:24:28.272+0000] {base.py:84} INFO - Retrieving connection 'books_connection'
[2024-10-08T05:24:28.287+0000] {sql.py:509} INFO - Running statement: 
    INSERT INTO books (title, authors, price, rating)
    VALUES (%s, %s, %s, %s)
    , parameters: ('Data Privacy: A runbook for engineers', 'Nishant Bhajaria', '35.', '4.8 out of 5 stars')
[2024-10-08T05:24:28.290+0000] {sql.py:518} INFO - Rows affected: 1
[2024-10-08T05:24:28.348+0000] {base.py:84} INFO - Retrieving connection 'books_connection'
[2024-10-08T05:24:28.403+0000] {sql.py:509} INFO - Running statement: 
    INSERT INTO books (title, authors, price, rating)
    VALUES (%s, %s, %s, %s)
    , parameters: ("Data Quality Fundamentals: A Practitioner's Guide to Building Trustworthy Data Pipelines", 'Paperback', '45.', '4.1 out of 5 stars')
[2024-10-08T05:24:28.411+0000] {sql.py:518} INFO - Rows affected: 1
[2024-10-08T05:24:28.441+0000] {base.py:84} INFO - Retrieving connection 'books_connection'
[2024-10-08T05:24:28.452+0000] {sql.py:509} INFO - Running statement: 
    INSERT INTO books (title, authors, price, rating)
    VALUES (%s, %s, %s, %s)
    , parameters: ('Data Engineering with Google Cloud Platform: A practical guide to operationalizing scalable data analytics systems on GCP', 'Adi Wijaya', '41.', '4.7 out of 5 stars')
[2024-10-08T05:24:28.476+0000] {sql.py:518} INFO - Rows affected: 1
[2024-10-08T05:24:28.513+0000] {base.py:84} INFO - Retrieving connection 'books_connection'
[2024-10-08T05:24:28.530+0000] {sql.py:509} INFO - Running statement: 
    INSERT INTO books (title, authors, price, rating)
    VALUES (%s, %s, %s, %s)
    , parameters: ("Ultimate Data Engineering with Databricks: Develop Scalable Data Pipelines Using Data Engineering's Core Tenets Such as Delta Tables, Ingestion, ... Security, and Scalability (English Edition)", 'Mayank Malhotra', '37.', '4.1 out of 5 stars')
[2024-10-08T05:24:28.534+0000] {sql.py:518} INFO - Rows affected: 1
[2024-10-08T05:24:28.605+0000] {base.py:84} INFO - Retrieving connection 'books_connection'
[2024-10-08T05:24:28.623+0000] {sql.py:509} INFO - Running statement: 
    INSERT INTO books (title, authors, price, rating)
    VALUES (%s, %s, %s, %s)
    , parameters: ('DATA ENGINEERING AND AI FOR BEGINNERS: Revolutionizing Data Processing and Analytics by Leveraging Artificial Intelligence for Efficient Input Collection, Storage, and Transformation (World of AI)', 'Paperback', '13.', '4.3 out of 5 stars')
[2024-10-08T05:24:28.645+0000] {sql.py:518} INFO - Rows affected: 1
[2024-10-08T05:24:28.697+0000] {base.py:84} INFO - Retrieving connection 'books_connection'
[2024-10-08T05:24:28.997+0000] {sql.py:509} INFO - Running statement: 
    INSERT INTO books (title, authors, price, rating)
    VALUES (%s, %s, %s, %s)
    , parameters: ('Data Engineering Fundamentals for Beginners: Mastering the Art of Building, Managing, and Scaling Data Systems', 'Paperback', '14.', '5.0 out of 5 stars')
[2024-10-08T05:24:29.099+0000] {sql.py:518} INFO - Rows affected: 1
[2024-10-08T05:24:31.034+0000] {base.py:84} INFO - Retrieving connection 'books_connection'
[2024-10-08T05:24:31.325+0000] {sql.py:509} INFO - Running statement: 
    INSERT INTO books (title, authors, price, rating)
    VALUES (%s, %s, %s, %s)
    , parameters: ('Data Engineering with Apache Spark, Delta Lake, and Lakehouse: Create scalable pipelines that ingest, curate, and aggregate complex data in a timely and secure way', 'Manoj Kukreja', '46.', '3.9 out of 5 stars')
[2024-10-08T05:24:31.367+0000] {sql.py:518} INFO - Rows affected: 1
[2024-10-08T05:24:31.810+0000] {base.py:84} INFO - Retrieving connection 'books_connection'
[2024-10-08T05:24:31.927+0000] {sql.py:509} INFO - Running statement: 
    INSERT INTO books (title, authors, price, rating)
    VALUES (%s, %s, %s, %s)
    , parameters: ('Data-Driven Science and Engineering: Machine Learning, Dynamical Systems, and Control', 'Steven L. Brunton', '64.', '4.8 out of 5 stars')
[2024-10-08T05:24:31.942+0000] {sql.py:518} INFO - Rows affected: 1
[2024-10-08T05:24:32.031+0000] {base.py:84} INFO - Retrieving connection 'books_connection'
[2024-10-08T05:24:32.053+0000] {sql.py:509} INFO - Running statement: 
    INSERT INTO books (title, authors, price, rating)
    VALUES (%s, %s, %s, %s)
    , parameters: ('Data Engineering with Google Cloud Platform: A guide to leveling up as a data engineer by building a scalable data platform with Google Cloud', 'Adi Wijaya', '40.', '4.8 out of 5 stars')
[2024-10-08T05:24:32.072+0000] {sql.py:518} INFO - Rows affected: 1
[2024-10-08T05:24:32.134+0000] {base.py:84} INFO - Retrieving connection 'books_connection'
[2024-10-08T05:24:32.164+0000] {sql.py:509} INFO - Running statement: 
    INSERT INTO books (title, authors, price, rating)
    VALUES (%s, %s, %s, %s)
    , parameters: ('97 Things Every Data Engineer Should Know: Collective Wisdom from the Experts', 'Tobias Macey', '28.', '4.1 out of 5 stars')
[2024-10-08T05:24:32.169+0000] {sql.py:518} INFO - Rows affected: 1
[2024-10-08T05:24:32.304+0000] {base.py:84} INFO - Retrieving connection 'books_connection'
[2024-10-08T05:24:32.342+0000] {sql.py:509} INFO - Running statement: 
    INSERT INTO books (title, authors, price, rating)
    VALUES (%s, %s, %s, %s)
    , parameters: ('Python Data Engineering Resources: Forge Your Path to Success in Data Engineering, Machine Learning and AI', 'Vajo Lukic', '0.', '4.9 out of 5 stars')
[2024-10-08T05:24:32.347+0000] {sql.py:518} INFO - Rows affected: 1
[2024-10-08T05:24:32.416+0000] {base.py:84} INFO - Retrieving connection 'books_connection'
[2024-10-08T05:24:32.444+0000] {sql.py:509} INFO - Running statement: 
    INSERT INTO books (title, authors, price, rating)
    VALUES (%s, %s, %s, %s)
    , parameters: ('Analytics Engineering with SQL and dbt: Building Meaningful Data Models at Scale', 'Rui Pedro Machado', '41.', '3.9 out of 5 stars')
[2024-10-08T05:24:32.453+0000] {sql.py:518} INFO - Rows affected: 1
[2024-10-08T05:24:32.500+0000] {base.py:84} INFO - Retrieving connection 'books_connection'
[2024-10-08T05:24:32.531+0000] {sql.py:509} INFO - Running statement: 
    INSERT INTO books (title, authors, price, rating)
    VALUES (%s, %s, %s, %s)
    , parameters: ('Data Engineering with Scala and Spark: Build streaming and batch pipelines that process massive amounts of data using Scala', 'Eric Tome', '29.', '4.1 out of 5 stars')
[2024-10-08T05:24:32.542+0000] {sql.py:518} INFO - Rows affected: 1
[2024-10-08T05:24:32.589+0000] {base.py:84} INFO - Retrieving connection 'books_connection'
[2024-10-08T05:24:32.618+0000] {sql.py:509} INFO - Running statement: 
    INSERT INTO books (title, authors, price, rating)
    VALUES (%s, %s, %s, %s)
    , parameters: ('Storytelling with Data: A Data Visualization Guide for Business Professionals', 'Cole Nussbaumer Knaflic', '27.', '4.6 out of 5 stars')
[2024-10-08T05:24:32.627+0000] {sql.py:518} INFO - Rows affected: 1
[2024-10-08T05:24:32.747+0000] {base.py:84} INFO - Retrieving connection 'books_connection'
[2024-10-08T05:24:32.791+0000] {sql.py:509} INFO - Running statement: 
    INSERT INTO books (title, authors, price, rating)
    VALUES (%s, %s, %s, %s)
    , parameters: ('Data Mesh: Delivering Data-Driven Value at Scale', 'Zhamak Dehghani', '43.', '4.5 out of 5 stars')
[2024-10-08T05:24:32.797+0000] {sql.py:518} INFO - Rows affected: 1
[2024-10-08T05:24:32.855+0000] {base.py:84} INFO - Retrieving connection 'books_connection'
[2024-10-08T05:24:32.891+0000] {sql.py:509} INFO - Running statement: 
    INSERT INTO books (title, authors, price, rating)
    VALUES (%s, %s, %s, %s)
    , parameters: ('Data Engineering 101', 'Kindle', '0.', '3.9 out of 5 stars')
[2024-10-08T05:24:32.900+0000] {sql.py:518} INFO - Rows affected: 1
[2024-10-08T05:24:32.941+0000] {base.py:84} INFO - Retrieving connection 'books_connection'
[2024-10-08T05:24:32.990+0000] {sql.py:509} INFO - Running statement: 
    INSERT INTO books (title, authors, price, rating)
    VALUES (%s, %s, %s, %s)
    , parameters: ('Data Modeling with Snowflake: A practical guide to accelerating Snowflake development using universal data modeling techniques', 'Serge Gershkovich', '36.', '4.8 out of 5 stars')
[2024-10-08T05:24:33.007+0000] {sql.py:518} INFO - Rows affected: 1
[2024-10-08T05:24:33.091+0000] {base.py:84} INFO - Retrieving connection 'books_connection'
[2024-10-08T05:24:33.110+0000] {sql.py:509} INFO - Running statement: 
    INSERT INTO books (title, authors, price, rating)
    VALUES (%s, %s, %s, %s)
    , parameters: ('Official Google Cloud Certified Professional Data Engineer Study Guide', 'Dan Sullivan', '33.', '4.5 out of 5 stars')
[2024-10-08T05:24:33.115+0000] {sql.py:518} INFO - Rows affected: 1
[2024-10-08T05:24:33.311+0000] {base.py:84} INFO - Retrieving connection 'books_connection'
[2024-10-08T05:24:33.406+0000] {sql.py:509} INFO - Running statement: 
    INSERT INTO books (title, authors, price, rating)
    VALUES (%s, %s, %s, %s)
    , parameters: ('Machine Learning Engineering', 'Andriy Burkov', '39.', '4.7 out of 5 stars')
[2024-10-08T05:24:33.472+0000] {sql.py:518} INFO - Rows affected: 1
[2024-10-08T05:24:33.546+0000] {base.py:84} INFO - Retrieving connection 'books_connection'
[2024-10-08T05:24:33.572+0000] {sql.py:509} INFO - Running statement: 
    INSERT INTO books (title, authors, price, rating)
    VALUES (%s, %s, %s, %s)
    , parameters: ('Fundamentals of Data Observability: Implement Trustworthy End-to-End Data Solutions', 'Andy Petrella', '36.', '4.0 out of 5 stars')
[2024-10-08T05:24:33.585+0000] {sql.py:518} INFO - Rows affected: 1
[2024-10-08T05:24:33.653+0000] {base.py:84} INFO - Retrieving connection 'books_connection'
[2024-10-08T05:24:33.772+0000] {sql.py:509} INFO - Running statement: 
    INSERT INTO books (title, authors, price, rating)
    VALUES (%s, %s, %s, %s)
    , parameters: ('Modern Data Engineering with Apache Spark: A Hands-On Guide for Building Mission-Critical Streaming Applications', 'Scott Haines', '28.', '4.1 out of 5 stars')
[2024-10-08T05:24:33.828+0000] {sql.py:518} INFO - Rows affected: 1
[2024-10-08T05:24:34.091+0000] {base.py:84} INFO - Retrieving connection 'books_connection'
[2024-10-08T05:24:34.140+0000] {sql.py:509} INFO - Running statement: 
    INSERT INTO books (title, authors, price, rating)
    VALUES (%s, %s, %s, %s)
    , parameters: ('Python Feature Engineering Cookbook: A complete guide to crafting powerful features for your machine learning models', 'Soledad Galli', '44.', '5.0 out of 5 stars')
[2024-10-08T05:24:34.176+0000] {sql.py:518} INFO - Rows affected: 1
[2024-10-08T05:24:34.252+0000] {base.py:84} INFO - Retrieving connection 'books_connection'
[2024-10-08T05:24:34.318+0000] {sql.py:509} INFO - Running statement: 
    INSERT INTO books (title, authors, price, rating)
    VALUES (%s, %s, %s, %s)
    , parameters: ('Data Engineering with Databricks', 'Kindle', '0.', '3.4 out of 5 stars')
[2024-10-08T05:24:34.340+0000] {sql.py:518} INFO - Rows affected: 1
[2024-10-08T05:24:34.475+0000] {base.py:84} INFO - Retrieving connection 'books_connection'
[2024-10-08T05:24:34.529+0000] {sql.py:509} INFO - Running statement: 
    INSERT INTO books (title, authors, price, rating)
    VALUES (%s, %s, %s, %s)
    , parameters: ('Azure Data Factory by Example: Practical Implementation for Data Engineers', 'Richard Swinbank', '33.', '4.2 out of 5 stars')
[2024-10-08T05:24:34.538+0000] {sql.py:518} INFO - Rows affected: 1
[2024-10-08T05:24:34.651+0000] {base.py:84} INFO - Retrieving connection 'books_connection'
[2024-10-08T05:24:34.685+0000] {sql.py:509} INFO - Running statement: 
    INSERT INTO books (title, authors, price, rating)
    VALUES (%s, %s, %s, %s)
    , parameters: ('Data Quality Engineering in Financial Services: Applying Manufacturing Techniques to Data', 'Brian Buzzelli', '30.', '4.4 out of 5 stars')
[2024-10-08T05:24:34.695+0000] {sql.py:518} INFO - Rows affected: 1
[2024-10-08T05:24:34.794+0000] {base.py:84} INFO - Retrieving connection 'books_connection'
[2024-10-08T05:24:34.833+0000] {sql.py:509} INFO - Running statement: 
    INSERT INTO books (title, authors, price, rating)
    VALUES (%s, %s, %s, %s)
    , parameters: ('Prompt Engineering for Generative AI: Future-Proof Inputs for Reliable AI Outputs', 'James Phoenix', '53.', '4.5 out of 5 stars')
[2024-10-08T05:24:34.844+0000] {sql.py:518} INFO - Rows affected: 1
[2024-10-08T05:24:34.947+0000] {base.py:84} INFO - Retrieving connection 'books_connection'
[2024-10-08T05:24:34.972+0000] {sql.py:509} INFO - Running statement: 
    INSERT INTO books (title, authors, price, rating)
    VALUES (%s, %s, %s, %s)
    , parameters: ('Data Observability for Data Engineering: Proactive strategies for ensuring data accuracy and addressing broken data pipelines', 'Michele Pinto', '18.', '3.7 out of 5 stars')
[2024-10-08T05:24:34.981+0000] {sql.py:518} INFO - Rows affected: 1
[2024-10-08T05:24:35.055+0000] {base.py:84} INFO - Retrieving connection 'books_connection'
[2024-10-08T05:24:35.087+0000] {sql.py:509} INFO - Running statement: 
    INSERT INTO books (title, authors, price, rating)
    VALUES (%s, %s, %s, %s)
    , parameters: ('Better Data Visualizations: A Guide for Scholars, Researchers, and Wonks', 'Jonathan Schwabish', '26.', '4.5 out of 5 stars')
[2024-10-08T05:24:35.114+0000] {sql.py:518} INFO - Rows affected: 1
[2024-10-08T05:24:35.187+0000] {base.py:84} INFO - Retrieving connection 'books_connection'
[2024-10-08T05:24:35.210+0000] {sql.py:509} INFO - Running statement: 
    INSERT INTO books (title, authors, price, rating)
    VALUES (%s, %s, %s, %s)
    , parameters: ("Applied Machine Learning and AI for Engineers: Solve Business Problems That Can't Be Solved Algorithmically", 'Jeff Prosise', '69.', '4.5 out of 5 stars')
[2024-10-08T05:24:35.219+0000] {sql.py:518} INFO - Rows affected: 1
[2024-10-08T05:24:35.258+0000] {base.py:84} INFO - Retrieving connection 'books_connection'
[2024-10-08T05:24:35.279+0000] {sql.py:509} INFO - Running statement: 
    INSERT INTO books (title, authors, price, rating)
    VALUES (%s, %s, %s, %s)
    , parameters: ('Python Feature Engineering Cookbook: Over 70 recipes for creating, engineering, and transforming features to build machine learning models, 2nd Edition', 'Soledad Galli', '44.', '4.4 out of 5 stars')
[2024-10-08T05:24:35.283+0000] {sql.py:518} INFO - Rows affected: 1
[2024-10-08T05:24:35.299+0000] {python.py:240} INFO - Done. Returned value was: None
[2024-10-08T05:24:35.391+0000] {taskinstance.py:340} INFO - ::group::Post task execution logs
[2024-10-08T05:24:35.404+0000] {taskinstance.py:352} INFO - Marking task as SUCCESS. dag_id=fetch_and_store_amazon_books, task_id=insert_book_data, run_id=scheduled__2024-07-21T00:00:00+00:00, execution_date=20240721T000000, start_date=20241008T052422, end_date=20241008T052435
[2024-10-08T05:24:35.500+0000] {logging_mixin.py:190} INFO - Task instance in success state
[2024-10-08T05:24:35.502+0000] {logging_mixin.py:190} INFO -  Previous state of the Task instance: running
[2024-10-08T05:24:35.503+0000] {logging_mixin.py:190} INFO - Dag name:fetch_and_store_amazon_books queued_at:2024-10-08 05:16:32.219570+00:00
[2024-10-08T05:24:35.504+0000] {logging_mixin.py:190} INFO - Task hostname:947926f81760 operator:PythonOperator
[2024-10-08T05:24:35.615+0000] {local_task_job_runner.py:261} INFO - Task exited with return code 0
[2024-10-08T05:24:35.825+0000] {taskinstance.py:3891} INFO - 0 downstream tasks scheduled from follow-on schedule check
[2024-10-08T05:24:35.842+0000] {local_task_job_runner.py:240} INFO - ::endgroup::
