[2024-10-08T05:27:48.847+0000] {local_task_job_runner.py:123} INFO - ::group::Pre task execution logs
[2024-10-08T05:27:48.854+0000] {taskinstance.py:2603} INFO - Dependencies all met for dep_context=non-requeueable deps ti=<TaskInstance: fetch_and_store_amazon_books.insert_book_data scheduled__2024-08-18T00:00:00+00:00 [queued]>
[2024-10-08T05:27:48.857+0000] {taskinstance.py:2603} INFO - Dependencies all met for dep_context=requeueable deps ti=<TaskInstance: fetch_and_store_amazon_books.insert_book_data scheduled__2024-08-18T00:00:00+00:00 [queued]>
[2024-10-08T05:27:48.858+0000] {taskinstance.py:2856} INFO - Starting attempt 1 of 2
[2024-10-08T05:27:48.863+0000] {taskinstance.py:2879} INFO - Executing <Task(PythonOperator): insert_book_data> on 2024-08-18 00:00:00+00:00
[2024-10-08T05:27:48.867+0000] {warnings.py:112} WARNING - /home/***/.local/lib/python3.12/site-packages/***/task/task_runner/standard_task_runner.py:70: DeprecationWarning: This process (pid=91) is multi-threaded, use of fork() may lead to deadlocks in the child.
  pid = os.fork()

[2024-10-08T05:27:48.868+0000] {standard_task_runner.py:72} INFO - Started process 93 to run task
[2024-10-08T05:27:48.868+0000] {standard_task_runner.py:104} INFO - Running: ['***', 'tasks', 'run', 'fetch_and_store_amazon_books', 'insert_book_data', 'scheduled__2024-08-18T00:00:00+00:00', '--job-id', '125', '--raw', '--subdir', 'DAGS_FOLDER/app.py', '--cfg-path', '/tmp/tmpbko_eqyf']
[2024-10-08T05:27:48.869+0000] {standard_task_runner.py:105} INFO - Job 125: Subtask insert_book_data
[2024-10-08T05:27:48.890+0000] {task_command.py:467} INFO - Running <TaskInstance: fetch_and_store_amazon_books.insert_book_data scheduled__2024-08-18T00:00:00+00:00 [running]> on host 475658bd4f83
[2024-10-08T05:27:48.935+0000] {taskinstance.py:3122} INFO - Exporting env vars: AIRFLOW_CTX_DAG_OWNER='***' AIRFLOW_CTX_DAG_ID='fetch_and_store_amazon_books' AIRFLOW_CTX_TASK_ID='insert_book_data' AIRFLOW_CTX_EXECUTION_DATE='2024-08-18T00:00:00+00:00' AIRFLOW_CTX_TRY_NUMBER='1' AIRFLOW_CTX_DAG_RUN_ID='scheduled__2024-08-18T00:00:00+00:00'
[2024-10-08T05:27:48.936+0000] {logging_mixin.py:190} INFO - Task instance is in running state
[2024-10-08T05:27:48.936+0000] {logging_mixin.py:190} INFO -  Previous state of the Task instance: queued
[2024-10-08T05:27:48.936+0000] {logging_mixin.py:190} INFO - Current task name:insert_book_data state:running start_date:2024-10-08 05:27:48.854622+00:00
[2024-10-08T05:27:48.936+0000] {logging_mixin.py:190} INFO - Dag name:fetch_and_store_amazon_books and current dag run status:running
[2024-10-08T05:27:48.936+0000] {taskinstance.py:731} INFO - ::endgroup::
[2024-10-08T05:27:48.947+0000] {base.py:84} INFO - Retrieving connection 'books_connection'
[2024-10-08T05:27:48.950+0000] {sql.py:509} INFO - Running statement: 
    INSERT INTO books (title, authors, price, rating)
    VALUES (%s, %s, %s, %s)
    , parameters: ('Data Engineering with AWS - Second Edition: Acquire the skills to design and build AWS-based data transformation pipelines like a pro', 'Gareth Eagar', '41.', '4.4 out of 5 stars')
[2024-10-08T05:27:48.950+0000] {sql.py:518} INFO - Rows affected: 1
[2024-10-08T05:27:48.954+0000] {base.py:84} INFO - Retrieving connection 'books_connection'
[2024-10-08T05:27:48.955+0000] {sql.py:509} INFO - Running statement: 
    INSERT INTO books (title, authors, price, rating)
    VALUES (%s, %s, %s, %s)
    , parameters: ('Azure Data Engineer Associate Certification Guide: Ace the DP-203 exam with advanced data engineering skills', 'Giacinto Palmieri', '49.', '4.4 out of 5 stars')
[2024-10-08T05:27:48.956+0000] {sql.py:518} INFO - Rows affected: 1
[2024-10-08T05:27:48.959+0000] {base.py:84} INFO - Retrieving connection 'books_connection'
[2024-10-08T05:27:48.960+0000] {sql.py:509} INFO - Running statement: 
    INSERT INTO books (title, authors, price, rating)
    VALUES (%s, %s, %s, %s)
    , parameters: ("Azure Data Factory Cookbook: A data engineer's guide to building and managing ETL and ELT pipelines with data integration", 'Dmitry Foshin', '51.', '4.2 out of 5 stars')
[2024-10-08T05:27:48.961+0000] {sql.py:518} INFO - Rows affected: 1
[2024-10-08T05:27:48.964+0000] {base.py:84} INFO - Retrieving connection 'books_connection'
[2024-10-08T05:27:48.965+0000] {sql.py:509} INFO - Running statement: 
    INSERT INTO books (title, authors, price, rating)
    VALUES (%s, %s, %s, %s)
    , parameters: ('Fundamentals of Data Engineering: Plan and Build Robust Data Systems', 'Joe Reis', '25.', '4.7 out of 5 stars')
[2024-10-08T05:27:48.966+0000] {sql.py:518} INFO - Rows affected: 1
[2024-10-08T05:27:48.968+0000] {base.py:84} INFO - Retrieving connection 'books_connection'
[2024-10-08T05:27:48.970+0000] {sql.py:509} INFO - Running statement: 
    INSERT INTO books (title, authors, price, rating)
    VALUES (%s, %s, %s, %s)
    , parameters: ('Designing Data-Intensive Applications: The Big Ideas Behind Reliable, Scalable, and Maintainable Systems', 'Martin Kleppmann', '55.', '4.7 out of 5 stars')
[2024-10-08T05:27:48.971+0000] {sql.py:518} INFO - Rows affected: 1
[2024-10-08T05:27:48.973+0000] {base.py:84} INFO - Retrieving connection 'books_connection'
[2024-10-08T05:27:48.975+0000] {sql.py:509} INFO - Running statement: 
    INSERT INTO books (title, authors, price, rating)
    VALUES (%s, %s, %s, %s)
    , parameters: ('Fundamentals of Data Analytics: Learn Essential Skills, Embrace the Future, and Catapult Your Career in the Data-Driven World—A Comprehensive Guide to Data Literacy for Beginners', 'Russell Dawson', '17.', '4.8 out of 5 stars')
[2024-10-08T05:27:48.976+0000] {sql.py:518} INFO - Rows affected: 1
[2024-10-08T05:27:48.978+0000] {base.py:84} INFO - Retrieving connection 'books_connection'
[2024-10-08T05:27:48.980+0000] {sql.py:509} INFO - Running statement: 
    INSERT INTO books (title, authors, price, rating)
    VALUES (%s, %s, %s, %s)
    , parameters: ("Ultimate Data Engineering with Databricks: Develop Scalable Data Pipelines Using Data Engineering's Core Tenets Such as Delta Tables, Ingestion, ... Security, and Scalability (English Edition)", 'Mayank Malhotra', '37.', '4.1 out of 5 stars')
[2024-10-08T05:27:48.981+0000] {sql.py:518} INFO - Rows affected: 1
[2024-10-08T05:27:48.983+0000] {base.py:84} INFO - Retrieving connection 'books_connection'
[2024-10-08T05:27:48.985+0000] {sql.py:509} INFO - Running statement: 
    INSERT INTO books (title, authors, price, rating)
    VALUES (%s, %s, %s, %s)
    , parameters: ('Data Engineering with dbt: A practical guide to building a cloud-based, pragmatic, and dependable data platform with SQL', 'Roberto Zagni', '37.', '4.6 out of 5 stars')
[2024-10-08T05:27:48.986+0000] {sql.py:518} INFO - Rows affected: 1
[2024-10-08T05:27:48.988+0000] {base.py:84} INFO - Retrieving connection 'books_connection'
[2024-10-08T05:27:48.990+0000] {sql.py:509} INFO - Running statement: 
    INSERT INTO books (title, authors, price, rating)
    VALUES (%s, %s, %s, %s)
    , parameters: ('Data Engineering with Python: Work with massive datasets to design data models and automate data pipelines using Python', 'Paul Crickard', '37.', '4.1 out of 5 stars')
[2024-10-08T05:27:48.990+0000] {sql.py:518} INFO - Rows affected: 1
[2024-10-08T05:27:48.993+0000] {base.py:84} INFO - Retrieving connection 'books_connection'
[2024-10-08T05:27:48.995+0000] {sql.py:509} INFO - Running statement: 
    INSERT INTO books (title, authors, price, rating)
    VALUES (%s, %s, %s, %s)
    , parameters: ('Cracking the Data Engineering Interview: Land your dream job with the help of resume-building tips, over 100 mock questions, and a unique portfolio', 'Kedeisha Bryan', '26.', '4.4 out of 5 stars')
[2024-10-08T05:27:48.995+0000] {sql.py:518} INFO - Rows affected: 1
[2024-10-08T05:27:48.998+0000] {base.py:84} INFO - Retrieving connection 'books_connection'
[2024-10-08T05:27:48.999+0000] {sql.py:509} INFO - Running statement: 
    INSERT INTO books (title, authors, price, rating)
    VALUES (%s, %s, %s, %s)
    , parameters: ('Data Pipelines Pocket Reference: Moving and Processing Data for Analytics', 'James Densmore', '17.', '4.5 out of 5 stars')
[2024-10-08T05:27:49.000+0000] {sql.py:518} INFO - Rows affected: 1
[2024-10-08T05:27:49.003+0000] {base.py:84} INFO - Retrieving connection 'books_connection'
[2024-10-08T05:27:49.004+0000] {sql.py:509} INFO - Running statement: 
    INSERT INTO books (title, authors, price, rating)
    VALUES (%s, %s, %s, %s)
    , parameters: ('Ace the Data Science Interview: 201 Real Interview Questions Asked By FAANG, Tech Startups, & Wall Street', 'Nick Singh', '42.', '4.5 out of 5 stars')
[2024-10-08T05:27:49.005+0000] {sql.py:518} INFO - Rows affected: 1
[2024-10-08T05:27:49.008+0000] {base.py:84} INFO - Retrieving connection 'books_connection'
[2024-10-08T05:27:49.009+0000] {sql.py:509} INFO - Running statement: 
    INSERT INTO books (title, authors, price, rating)
    VALUES (%s, %s, %s, %s)
    , parameters: ('Ace the Data Engineering Interview: Questions and Answers for Python, SQL, Data Modeling and More', 'Sean Coyne', '24.', '3.8 out of 5 stars')
[2024-10-08T05:27:49.010+0000] {sql.py:518} INFO - Rows affected: 1
[2024-10-08T05:27:49.013+0000] {base.py:84} INFO - Retrieving connection 'books_connection'
[2024-10-08T05:27:49.014+0000] {sql.py:509} INFO - Running statement: 
    INSERT INTO books (title, authors, price, rating)
    VALUES (%s, %s, %s, %s)
    , parameters: ('Data Engineering with Databricks Cookbook: Build effective data and AI solutions using Apache Spark, Databricks, and Delta Lake', 'Pulkit Chadha', '49.', '4.3 out of 5 stars')
[2024-10-08T05:27:49.015+0000] {sql.py:518} INFO - Rows affected: 1
[2024-10-08T05:27:49.018+0000] {base.py:84} INFO - Retrieving connection 'books_connection'
[2024-10-08T05:27:49.019+0000] {sql.py:509} INFO - Running statement: 
    INSERT INTO books (title, authors, price, rating)
    VALUES (%s, %s, %s, %s)
    , parameters: ('Software Engineering for Data Scientists: From Notebooks to Scalable Systems', 'Catherine Nelson', '51.', '4.4 out of 5 stars')
[2024-10-08T05:27:49.020+0000] {sql.py:518} INFO - Rows affected: 1
[2024-10-08T05:27:49.023+0000] {base.py:84} INFO - Retrieving connection 'books_connection'
[2024-10-08T05:27:49.024+0000] {sql.py:509} INFO - Running statement: 
    INSERT INTO books (title, authors, price, rating)
    VALUES (%s, %s, %s, %s)
    , parameters: ('Essentials of Data Engineering', 'Dr. Mukesh Saini', '19.', '5.0 out of 5 stars')
[2024-10-08T05:27:49.025+0000] {sql.py:518} INFO - Rows affected: 1
[2024-10-08T05:27:49.028+0000] {base.py:84} INFO - Retrieving connection 'books_connection'
[2024-10-08T05:27:49.029+0000] {sql.py:509} INFO - Running statement: 
    INSERT INTO books (title, authors, price, rating)
    VALUES (%s, %s, %s, %s)
    , parameters: ('Data Engineering with AWS: Learn how to design and build cloud-based data transformation pipelines using AWS', 'Gareth Eagar', '49.', '4.4 out of 5 stars')
[2024-10-08T05:27:49.030+0000] {sql.py:518} INFO - Rows affected: 1
[2024-10-08T05:27:49.033+0000] {base.py:84} INFO - Retrieving connection 'books_connection'
[2024-10-08T05:27:49.034+0000] {sql.py:509} INFO - Running statement: 
    INSERT INTO books (title, authors, price, rating)
    VALUES (%s, %s, %s, %s)
    , parameters: ('Data Engineering with Python cookbook: Learn to build efficient data pipelines using the Modern Cloud Data Stack', 'Adithyan Ramanujakootam', '32.', '5.0 out of 5 stars')
[2024-10-08T05:27:49.035+0000] {sql.py:518} INFO - Rows affected: 1
[2024-10-08T05:27:49.039+0000] {base.py:84} INFO - Retrieving connection 'books_connection'
[2024-10-08T05:27:49.041+0000] {sql.py:509} INFO - Running statement: 
    INSERT INTO books (title, authors, price, rating)
    VALUES (%s, %s, %s, %s)
    , parameters: ("Data Quality Fundamentals: A Practitioner's Guide to Building Trustworthy Data Pipelines", 'Paperback', '45.', '4.1 out of 5 stars')
[2024-10-08T05:27:49.042+0000] {sql.py:518} INFO - Rows affected: 1
[2024-10-08T05:27:49.044+0000] {base.py:84} INFO - Retrieving connection 'books_connection'
[2024-10-08T05:27:49.046+0000] {sql.py:509} INFO - Running statement: 
    INSERT INTO books (title, authors, price, rating)
    VALUES (%s, %s, %s, %s)
    , parameters: ('Build a Career in Data Science', 'Emily Robinson', '35.', '4.6 out of 5 stars')
[2024-10-08T05:27:49.047+0000] {sql.py:518} INFO - Rows affected: 1
[2024-10-08T05:27:49.050+0000] {base.py:84} INFO - Retrieving connection 'books_connection'
[2024-10-08T05:27:49.052+0000] {sql.py:509} INFO - Running statement: 
    INSERT INTO books (title, authors, price, rating)
    VALUES (%s, %s, %s, %s)
    , parameters: ('Data Engineering with Alteryx: Helping data engineers apply DataOps practices with Alteryx', 'Paul Houghton', '44.', '4.3 out of 5 stars')
[2024-10-08T05:27:49.052+0000] {sql.py:518} INFO - Rows affected: 1
[2024-10-08T05:27:49.055+0000] {base.py:84} INFO - Retrieving connection 'books_connection'
[2024-10-08T05:27:49.056+0000] {sql.py:509} INFO - Running statement: 
    INSERT INTO books (title, authors, price, rating)
    VALUES (%s, %s, %s, %s)
    , parameters: ('Data Engineering with Google Cloud Platform: A practical guide to operationalizing scalable data analytics systems on GCP', 'Adi Wijaya', '41.', '4.7 out of 5 stars')
[2024-10-08T05:27:49.057+0000] {sql.py:518} INFO - Rows affected: 1
[2024-10-08T05:27:49.060+0000] {base.py:84} INFO - Retrieving connection 'books_connection'
[2024-10-08T05:27:49.061+0000] {sql.py:509} INFO - Running statement: 
    INSERT INTO books (title, authors, price, rating)
    VALUES (%s, %s, %s, %s)
    , parameters: ('DATA ENGINEERING AND AI FOR BEGINNERS: Revolutionizing Data Processing and Analytics by Leveraging Artificial Intelligence for Efficient Input Collection, Storage, and Transformation (World of AI)', 'Paperback', '13.', '4.3 out of 5 stars')
[2024-10-08T05:27:49.062+0000] {sql.py:518} INFO - Rows affected: 1
[2024-10-08T05:27:49.065+0000] {base.py:84} INFO - Retrieving connection 'books_connection'
[2024-10-08T05:27:49.066+0000] {sql.py:509} INFO - Running statement: 
    INSERT INTO books (title, authors, price, rating)
    VALUES (%s, %s, %s, %s)
    , parameters: ('Fundamentals of Data Engineering: A Comprehensive Guide to Designing, Building, and Managing Data Pipelines, Storage Solutions, and Processing Frameworks.', 'Paperback', '14.', '5.0 out of 5 stars')
[2024-10-08T05:27:49.067+0000] {sql.py:518} INFO - Rows affected: 1
[2024-10-08T05:27:49.070+0000] {base.py:84} INFO - Retrieving connection 'books_connection'
[2024-10-08T05:27:49.071+0000] {sql.py:509} INFO - Running statement: 
    INSERT INTO books (title, authors, price, rating)
    VALUES (%s, %s, %s, %s)
    , parameters: ('Data Privacy: A runbook for engineers', 'Nishant Bhajaria', '35.', '4.8 out of 5 stars')
[2024-10-08T05:27:49.072+0000] {sql.py:518} INFO - Rows affected: 1
[2024-10-08T05:27:49.075+0000] {base.py:84} INFO - Retrieving connection 'books_connection'
[2024-10-08T05:27:49.077+0000] {sql.py:509} INFO - Running statement: 
    INSERT INTO books (title, authors, price, rating)
    VALUES (%s, %s, %s, %s)
    , parameters: ('Data Engineering Fundamentals for Beginners: Mastering the Art of Building, Managing, and Scaling Data Systems', 'Paperback', '14.', '5.0 out of 5 stars')
[2024-10-08T05:27:49.078+0000] {sql.py:518} INFO - Rows affected: 1
[2024-10-08T05:27:49.080+0000] {base.py:84} INFO - Retrieving connection 'books_connection'
[2024-10-08T05:27:49.082+0000] {sql.py:509} INFO - Running statement: 
    INSERT INTO books (title, authors, price, rating)
    VALUES (%s, %s, %s, %s)
    , parameters: ("Engineering Data Mesh in Azure Cloud: Implement data mesh using Microsoft Azure's Cloud Adoption Framework", 'Paperback', '47.', '4.5 out of 5 stars')
[2024-10-08T05:27:49.083+0000] {sql.py:518} INFO - Rows affected: 1
[2024-10-08T05:27:49.085+0000] {base.py:84} INFO - Retrieving connection 'books_connection'
[2024-10-08T05:27:49.090+0000] {sql.py:509} INFO - Running statement: 
    INSERT INTO books (title, authors, price, rating)
    VALUES (%s, %s, %s, %s)
    , parameters: ('Data Engineering with Apache Spark, Delta Lake, and Lakehouse: Create scalable pipelines that ingest, curate, and aggregate complex data in a timely and secure way', 'Manoj Kukreja', '46.', '3.9 out of 5 stars')
[2024-10-08T05:27:49.090+0000] {sql.py:518} INFO - Rows affected: 1
[2024-10-08T05:27:49.094+0000] {base.py:84} INFO - Retrieving connection 'books_connection'
[2024-10-08T05:27:49.095+0000] {sql.py:509} INFO - Running statement: 
    INSERT INTO books (title, authors, price, rating)
    VALUES (%s, %s, %s, %s)
    , parameters: ('Data-Driven Science and Engineering: Machine Learning, Dynamical Systems, and Control', 'Steven L. Brunton', '64.', '4.8 out of 5 stars')
[2024-10-08T05:27:49.096+0000] {sql.py:518} INFO - Rows affected: 1
[2024-10-08T05:27:49.099+0000] {base.py:84} INFO - Retrieving connection 'books_connection'
[2024-10-08T05:27:49.101+0000] {sql.py:509} INFO - Running statement: 
    INSERT INTO books (title, authors, price, rating)
    VALUES (%s, %s, %s, %s)
    , parameters: ('Data Engineering with Google Cloud Platform: A guide to leveling up as a data engineer by building a scalable data platform with Google Cloud', 'Adi Wijaya', '40.', '4.8 out of 5 stars')
[2024-10-08T05:27:49.101+0000] {sql.py:518} INFO - Rows affected: 1
[2024-10-08T05:27:49.104+0000] {base.py:84} INFO - Retrieving connection 'books_connection'
[2024-10-08T05:27:49.107+0000] {sql.py:509} INFO - Running statement: 
    INSERT INTO books (title, authors, price, rating)
    VALUES (%s, %s, %s, %s)
    , parameters: ("Data: Principles To Practice - Volume 1 'Foundations': Essential Foundations: Key Concepts behind Data Architecture, Engineering and Analysis for Professionals", 'Mr Alex Holloway', '12.', '4.6 out of 5 stars')
[2024-10-08T05:27:49.107+0000] {sql.py:518} INFO - Rows affected: 1
[2024-10-08T05:27:49.111+0000] {base.py:84} INFO - Retrieving connection 'books_connection'
[2024-10-08T05:27:49.113+0000] {sql.py:509} INFO - Running statement: 
    INSERT INTO books (title, authors, price, rating)
    VALUES (%s, %s, %s, %s)
    , parameters: ('97 Things Every Data Engineer Should Know: Collective Wisdom from the Experts', 'Tobias Macey', '28.', '4.1 out of 5 stars')
[2024-10-08T05:27:49.113+0000] {sql.py:518} INFO - Rows affected: 1
[2024-10-08T05:27:49.116+0000] {base.py:84} INFO - Retrieving connection 'books_connection'
[2024-10-08T05:27:49.118+0000] {sql.py:509} INFO - Running statement: 
    INSERT INTO books (title, authors, price, rating)
    VALUES (%s, %s, %s, %s)
    , parameters: ('Python Data Engineering Resources: Forge Your Path to Success in Data Engineering, Machine Learning and AI', 'Vajo Lukic', '0.', '4.9 out of 5 stars')
[2024-10-08T05:27:49.118+0000] {sql.py:518} INFO - Rows affected: 1
[2024-10-08T05:27:49.121+0000] {base.py:84} INFO - Retrieving connection 'books_connection'
[2024-10-08T05:27:49.123+0000] {sql.py:509} INFO - Running statement: 
    INSERT INTO books (title, authors, price, rating)
    VALUES (%s, %s, %s, %s)
    , parameters: ('Analytics Engineering with SQL and dbt: Building Meaningful Data Models at Scale', 'Rui Pedro Machado', '41.', '3.9 out of 5 stars')
[2024-10-08T05:27:49.123+0000] {sql.py:518} INFO - Rows affected: 1
[2024-10-08T05:27:49.126+0000] {base.py:84} INFO - Retrieving connection 'books_connection'
[2024-10-08T05:27:49.127+0000] {sql.py:509} INFO - Running statement: 
    INSERT INTO books (title, authors, price, rating)
    VALUES (%s, %s, %s, %s)
    , parameters: ('Data Engineering with Scala and Spark: Build streaming and batch pipelines that process massive amounts of data using Scala', 'Eric Tome', '29.', '4.1 out of 5 stars')
[2024-10-08T05:27:49.128+0000] {sql.py:518} INFO - Rows affected: 1
[2024-10-08T05:27:49.131+0000] {base.py:84} INFO - Retrieving connection 'books_connection'
[2024-10-08T05:27:49.132+0000] {sql.py:509} INFO - Running statement: 
    INSERT INTO books (title, authors, price, rating)
    VALUES (%s, %s, %s, %s)
    , parameters: ('Storytelling with Data: A Data Visualization Guide for Business Professionals', 'Cole Nussbaumer Knaflic', '27.', '4.6 out of 5 stars')
[2024-10-08T05:27:49.133+0000] {sql.py:518} INFO - Rows affected: 1
[2024-10-08T05:27:49.136+0000] {base.py:84} INFO - Retrieving connection 'books_connection'
[2024-10-08T05:27:49.137+0000] {sql.py:509} INFO - Running statement: 
    INSERT INTO books (title, authors, price, rating)
    VALUES (%s, %s, %s, %s)
    , parameters: ('Data Mesh: Delivering Data-Driven Value at Scale', 'Zhamak Dehghani', '43.', '4.5 out of 5 stars')
[2024-10-08T05:27:49.138+0000] {sql.py:518} INFO - Rows affected: 1
[2024-10-08T05:27:49.141+0000] {base.py:84} INFO - Retrieving connection 'books_connection'
[2024-10-08T05:27:49.143+0000] {sql.py:509} INFO - Running statement: 
    INSERT INTO books (title, authors, price, rating)
    VALUES (%s, %s, %s, %s)
    , parameters: ('Data Engineering 101', 'Kindle', '0.', '3.9 out of 5 stars')
[2024-10-08T05:27:49.143+0000] {sql.py:518} INFO - Rows affected: 1
[2024-10-08T05:27:49.147+0000] {base.py:84} INFO - Retrieving connection 'books_connection'
[2024-10-08T05:27:49.148+0000] {sql.py:509} INFO - Running statement: 
    INSERT INTO books (title, authors, price, rating)
    VALUES (%s, %s, %s, %s)
    , parameters: ('Data Modeling with Snowflake: A practical guide to accelerating Snowflake development using universal data modeling techniques', 'Serge Gershkovich', '36.', '4.8 out of 5 stars')
[2024-10-08T05:27:49.149+0000] {sql.py:518} INFO - Rows affected: 1
[2024-10-08T05:27:49.152+0000] {base.py:84} INFO - Retrieving connection 'books_connection'
[2024-10-08T05:27:49.153+0000] {sql.py:509} INFO - Running statement: 
    INSERT INTO books (title, authors, price, rating)
    VALUES (%s, %s, %s, %s)
    , parameters: ('Official Google Cloud Certified Professional Data Engineer Study Guide', 'Dan Sullivan', '33.', '4.5 out of 5 stars')
[2024-10-08T05:27:49.154+0000] {sql.py:518} INFO - Rows affected: 1
[2024-10-08T05:27:49.157+0000] {base.py:84} INFO - Retrieving connection 'books_connection'
[2024-10-08T05:27:49.158+0000] {sql.py:509} INFO - Running statement: 
    INSERT INTO books (title, authors, price, rating)
    VALUES (%s, %s, %s, %s)
    , parameters: ('Machine Learning Engineering', 'Andriy Burkov', '39.', '4.7 out of 5 stars')
[2024-10-08T05:27:49.159+0000] {sql.py:518} INFO - Rows affected: 1
[2024-10-08T05:27:49.162+0000] {base.py:84} INFO - Retrieving connection 'books_connection'
[2024-10-08T05:27:49.164+0000] {sql.py:509} INFO - Running statement: 
    INSERT INTO books (title, authors, price, rating)
    VALUES (%s, %s, %s, %s)
    , parameters: ('Fundamentals of Data Observability: Implement Trustworthy End-to-End Data Solutions', 'Andy Petrella', '36.', '4.0 out of 5 stars')
[2024-10-08T05:27:49.164+0000] {sql.py:518} INFO - Rows affected: 1
[2024-10-08T05:27:49.167+0000] {base.py:84} INFO - Retrieving connection 'books_connection'
[2024-10-08T05:27:49.169+0000] {sql.py:509} INFO - Running statement: 
    INSERT INTO books (title, authors, price, rating)
    VALUES (%s, %s, %s, %s)
    , parameters: ('Modern Data Engineering with Apache Spark: A Hands-On Guide for Building Mission-Critical Streaming Applications', 'Scott Haines', '28.', '4.1 out of 5 stars')
[2024-10-08T05:27:49.169+0000] {sql.py:518} INFO - Rows affected: 1
[2024-10-08T05:27:49.172+0000] {base.py:84} INFO - Retrieving connection 'books_connection'
[2024-10-08T05:27:49.174+0000] {sql.py:509} INFO - Running statement: 
    INSERT INTO books (title, authors, price, rating)
    VALUES (%s, %s, %s, %s)
    , parameters: ('Python Feature Engineering Cookbook: A complete guide to crafting powerful features for your machine learning models', 'Soledad Galli', '44.', '5.0 out of 5 stars')
[2024-10-08T05:27:49.174+0000] {sql.py:518} INFO - Rows affected: 1
[2024-10-08T05:27:49.177+0000] {base.py:84} INFO - Retrieving connection 'books_connection'
[2024-10-08T05:27:49.178+0000] {sql.py:509} INFO - Running statement: 
    INSERT INTO books (title, authors, price, rating)
    VALUES (%s, %s, %s, %s)
    , parameters: ('Data Engineering with Databricks', 'Kindle', '0.', '3.4 out of 5 stars')
[2024-10-08T05:27:49.179+0000] {sql.py:518} INFO - Rows affected: 1
[2024-10-08T05:27:49.181+0000] {base.py:84} INFO - Retrieving connection 'books_connection'
[2024-10-08T05:27:49.183+0000] {sql.py:509} INFO - Running statement: 
    INSERT INTO books (title, authors, price, rating)
    VALUES (%s, %s, %s, %s)
    , parameters: ('Azure Data Factory by Example: Practical Implementation for Data Engineers', 'Richard Swinbank', '33.', '4.2 out of 5 stars')
[2024-10-08T05:27:49.184+0000] {sql.py:518} INFO - Rows affected: 1
[2024-10-08T05:27:49.186+0000] {base.py:84} INFO - Retrieving connection 'books_connection'
[2024-10-08T05:27:49.188+0000] {sql.py:509} INFO - Running statement: 
    INSERT INTO books (title, authors, price, rating)
    VALUES (%s, %s, %s, %s)
    , parameters: ('Data Quality Engineering in Financial Services: Applying Manufacturing Techniques to Data', 'Brian Buzzelli', '30.', '4.4 out of 5 stars')
[2024-10-08T05:27:49.189+0000] {sql.py:518} INFO - Rows affected: 1
[2024-10-08T05:27:49.191+0000] {base.py:84} INFO - Retrieving connection 'books_connection'
[2024-10-08T05:27:49.194+0000] {sql.py:509} INFO - Running statement: 
    INSERT INTO books (title, authors, price, rating)
    VALUES (%s, %s, %s, %s)
    , parameters: ('Prompt Engineering for Generative AI: Future-Proof Inputs for Reliable AI Outputs', 'James Phoenix', '53.', '4.5 out of 5 stars')
[2024-10-08T05:27:49.195+0000] {sql.py:518} INFO - Rows affected: 1
[2024-10-08T05:27:49.198+0000] {base.py:84} INFO - Retrieving connection 'books_connection'
[2024-10-08T05:27:49.200+0000] {sql.py:509} INFO - Running statement: 
    INSERT INTO books (title, authors, price, rating)
    VALUES (%s, %s, %s, %s)
    , parameters: ('Data Observability for Data Engineering: Proactive strategies for ensuring data accuracy and addressing broken data pipelines', 'Michele Pinto', '18.', '3.7 out of 5 stars')
[2024-10-08T05:27:49.200+0000] {sql.py:518} INFO - Rows affected: 1
[2024-10-08T05:27:49.203+0000] {base.py:84} INFO - Retrieving connection 'books_connection'
[2024-10-08T05:27:49.205+0000] {sql.py:509} INFO - Running statement: 
    INSERT INTO books (title, authors, price, rating)
    VALUES (%s, %s, %s, %s)
    , parameters: ('Better Data Visualizations: A Guide for Scholars, Researchers, and Wonks', 'Jonathan Schwabish', '26.', '4.5 out of 5 stars')
[2024-10-08T05:27:49.205+0000] {sql.py:518} INFO - Rows affected: 1
[2024-10-08T05:27:49.206+0000] {python.py:240} INFO - Done. Returned value was: None
[2024-10-08T05:27:49.210+0000] {taskinstance.py:340} INFO - ::group::Post task execution logs
[2024-10-08T05:27:49.210+0000] {taskinstance.py:352} INFO - Marking task as SUCCESS. dag_id=fetch_and_store_amazon_books, task_id=insert_book_data, run_id=scheduled__2024-08-18T00:00:00+00:00, execution_date=20240818T000000, start_date=20241008T052748, end_date=20241008T052749
[2024-10-08T05:27:49.214+0000] {logging_mixin.py:190} INFO - Task instance in success state
[2024-10-08T05:27:49.214+0000] {logging_mixin.py:190} INFO -  Previous state of the Task instance: running
[2024-10-08T05:27:49.214+0000] {logging_mixin.py:190} INFO - Dag name:fetch_and_store_amazon_books queued_at:2024-10-08 05:27:44.132904+00:00
[2024-10-08T05:27:49.215+0000] {logging_mixin.py:190} INFO - Task hostname:475658bd4f83 operator:PythonOperator
[2024-10-08T05:27:49.255+0000] {local_task_job_runner.py:261} INFO - Task exited with return code 0
[2024-10-08T05:27:49.266+0000] {taskinstance.py:3891} INFO - 0 downstream tasks scheduled from follow-on schedule check
[2024-10-08T05:27:49.267+0000] {local_task_job_runner.py:240} INFO - ::endgroup::
