[2024-10-08T05:24:33.117+0000] {local_task_job_runner.py:123} INFO - ::group::Pre task execution logs
[2024-10-08T05:24:33.498+0000] {taskinstance.py:2603} INFO - Dependencies all met for dep_context=non-requeueable deps ti=<TaskInstance: fetch_and_store_amazon_books.create_table scheduled__2024-07-25T00:00:00+00:00 [queued]>
[2024-10-08T05:24:33.561+0000] {taskinstance.py:2603} INFO - Dependencies all met for dep_context=requeueable deps ti=<TaskInstance: fetch_and_store_amazon_books.create_table scheduled__2024-07-25T00:00:00+00:00 [queued]>
[2024-10-08T05:24:33.565+0000] {taskinstance.py:2856} INFO - Starting attempt 1 of 2
[2024-10-08T05:24:34.689+0000] {taskinstance.py:2879} INFO - Executing <Task(PostgresOperator): create_table> on 2024-07-25 00:00:00+00:00
[2024-10-08T05:24:34.731+0000] {warnings.py:112} WARNING - /home/***/.local/lib/python3.12/site-packages/***/task/task_runner/standard_task_runner.py:70: DeprecationWarning: This process (pid=153) is multi-threaded, use of fork() may lead to deadlocks in the child.
  pid = os.fork()

[2024-10-08T05:24:34.753+0000] {standard_task_runner.py:72} INFO - Started process 173 to run task
[2024-10-08T05:24:34.778+0000] {standard_task_runner.py:104} INFO - Running: ['***', 'tasks', 'run', 'fetch_and_store_amazon_books', 'create_table', 'scheduled__2024-07-25T00:00:00+00:00', '--job-id', '97', '--raw', '--subdir', 'DAGS_FOLDER/app.py', '--cfg-path', '/tmp/tmptzpn6dbo']
[2024-10-08T05:24:34.782+0000] {standard_task_runner.py:105} INFO - Job 97: Subtask create_table
[2024-10-08T05:24:35.293+0000] {task_command.py:467} INFO - Running <TaskInstance: fetch_and_store_amazon_books.create_table scheduled__2024-07-25T00:00:00+00:00 [running]> on host 947926f81760
[2024-10-08T05:24:35.900+0000] {taskinstance.py:3122} INFO - Exporting env vars: AIRFLOW_CTX_DAG_OWNER='***' AIRFLOW_CTX_DAG_ID='fetch_and_store_amazon_books' AIRFLOW_CTX_TASK_ID='create_table' AIRFLOW_CTX_EXECUTION_DATE='2024-07-25T00:00:00+00:00' AIRFLOW_CTX_TRY_NUMBER='1' AIRFLOW_CTX_DAG_RUN_ID='scheduled__2024-07-25T00:00:00+00:00'
[2024-10-08T05:24:35.932+0000] {logging_mixin.py:190} INFO - Task instance is in running state
[2024-10-08T05:24:35.940+0000] {logging_mixin.py:190} INFO -  Previous state of the Task instance: queued
[2024-10-08T05:24:35.956+0000] {logging_mixin.py:190} INFO - Current task name:create_table state:running start_date:2024-10-08 05:24:33.502899+00:00
[2024-10-08T05:24:35.962+0000] {logging_mixin.py:190} INFO - Dag name:fetch_and_store_amazon_books and current dag run status:running
[2024-10-08T05:24:35.966+0000] {taskinstance.py:731} INFO - ::endgroup::
[2024-10-08T05:24:35.979+0000] {sql.py:282} INFO - Executing: 
    CREATE TABLE IF NOT EXISTS books (
        id SERIAL PRIMARY KEY,
        title TEXT NOT NULL,
        authors TEXT,
        price TEXT,
        rating TEXT
    );
    
[2024-10-08T05:24:36.094+0000] {base.py:84} INFO - Retrieving connection 'books_connection'
[2024-10-08T05:24:36.184+0000] {base.py:84} INFO - Retrieving connection 'books_connection'
[2024-10-08T05:24:36.254+0000] {sql.py:509} INFO - Running statement: 
    CREATE TABLE IF NOT EXISTS books (
        id SERIAL PRIMARY KEY,
        title TEXT NOT NULL,
        authors TEXT,
        price TEXT,
        rating TEXT
    );
    , parameters: None
[2024-10-08T05:24:36.394+0000] {taskinstance.py:340} INFO - ::group::Post task execution logs
[2024-10-08T05:24:36.414+0000] {taskinstance.py:352} INFO - Marking task as SUCCESS. dag_id=fetch_and_store_amazon_books, task_id=create_table, run_id=scheduled__2024-07-25T00:00:00+00:00, execution_date=20240725T000000, start_date=20241008T052433, end_date=20241008T052436
[2024-10-08T05:24:36.587+0000] {logging_mixin.py:190} INFO - Task instance in success state
[2024-10-08T05:24:36.595+0000] {logging_mixin.py:190} INFO -  Previous state of the Task instance: running
[2024-10-08T05:24:36.596+0000] {logging_mixin.py:190} INFO - Dag name:fetch_and_store_amazon_books queued_at:2024-10-08 05:16:51.206183+00:00
[2024-10-08T05:24:36.599+0000] {logging_mixin.py:190} INFO - Task hostname:947926f81760 operator:PostgresOperator
[2024-10-08T05:24:36.731+0000] {local_task_job_runner.py:261} INFO - Task exited with return code 0
[2024-10-08T05:24:36.922+0000] {warnings.py:112} WARNING - /home/***/.local/lib/python3.12/site-packages/***/models/baseoperator.py:1378: AirflowProviderDeprecationWarning: Call to deprecated class PostgresOperator. (Please use `***.providers.common.sql.operators.sql.SQLExecuteQueryOperator`.Also, you can provide `hook_params={'schema': <database>}`.)
  result = cls.__new__(cls)

[2024-10-08T05:24:37.049+0000] {taskinstance.py:3891} INFO - 1 downstream tasks scheduled from follow-on schedule check
[2024-10-08T05:24:37.058+0000] {local_task_job_runner.py:240} INFO - ::endgroup::
