[2024-10-08T05:28:28.545+0000] {local_task_job_runner.py:123} INFO - ::group::Pre task execution logs
[2024-10-08T05:28:28.557+0000] {taskinstance.py:2603} INFO - Dependencies all met for dep_context=non-requeueable deps ti=<TaskInstance: fetch_and_store_amazon_books.insert_book_data scheduled__2024-08-02T00:00:00+00:00 [queued]>
[2024-10-08T05:28:28.561+0000] {taskinstance.py:2603} INFO - Dependencies all met for dep_context=requeueable deps ti=<TaskInstance: fetch_and_store_amazon_books.insert_book_data scheduled__2024-08-02T00:00:00+00:00 [queued]>
[2024-10-08T05:28:28.562+0000] {taskinstance.py:2856} INFO - Starting attempt 1 of 2
[2024-10-08T05:28:28.572+0000] {taskinstance.py:2879} INFO - Executing <Task(PythonOperator): insert_book_data> on 2024-08-02 00:00:00+00:00
[2024-10-08T05:28:28.580+0000] {warnings.py:112} WARNING - /home/***/.local/lib/python3.12/site-packages/***/task/task_runner/standard_task_runner.py:70: DeprecationWarning: This process (pid=147) is multi-threaded, use of fork() may lead to deadlocks in the child.
  pid = os.fork()

[2024-10-08T05:28:28.582+0000] {standard_task_runner.py:72} INFO - Started process 151 to run task
[2024-10-08T05:28:28.582+0000] {standard_task_runner.py:104} INFO - Running: ['***', 'tasks', 'run', 'fetch_and_store_amazon_books', 'insert_book_data', 'scheduled__2024-08-02T00:00:00+00:00', '--job-id', '137', '--raw', '--subdir', 'DAGS_FOLDER/app.py', '--cfg-path', '/tmp/tmp5ip4yzo9']
[2024-10-08T05:28:28.583+0000] {standard_task_runner.py:105} INFO - Job 137: Subtask insert_book_data
[2024-10-08T05:28:28.639+0000] {task_command.py:467} INFO - Running <TaskInstance: fetch_and_store_amazon_books.insert_book_data scheduled__2024-08-02T00:00:00+00:00 [running]> on host 475658bd4f83
[2024-10-08T05:28:28.734+0000] {taskinstance.py:3122} INFO - Exporting env vars: AIRFLOW_CTX_DAG_OWNER='***' AIRFLOW_CTX_DAG_ID='fetch_and_store_amazon_books' AIRFLOW_CTX_TASK_ID='insert_book_data' AIRFLOW_CTX_EXECUTION_DATE='2024-08-02T00:00:00+00:00' AIRFLOW_CTX_TRY_NUMBER='1' AIRFLOW_CTX_DAG_RUN_ID='scheduled__2024-08-02T00:00:00+00:00'
[2024-10-08T05:28:28.740+0000] {logging_mixin.py:190} INFO - Task instance is in running state
[2024-10-08T05:28:28.742+0000] {logging_mixin.py:190} INFO -  Previous state of the Task instance: queued
[2024-10-08T05:28:28.743+0000] {logging_mixin.py:190} INFO - Current task name:insert_book_data state:running start_date:2024-10-08 05:28:28.557417+00:00
[2024-10-08T05:28:28.744+0000] {logging_mixin.py:190} INFO - Dag name:fetch_and_store_amazon_books and current dag run status:running
[2024-10-08T05:28:28.746+0000] {taskinstance.py:731} INFO - ::endgroup::
[2024-10-08T05:28:28.770+0000] {base.py:84} INFO - Retrieving connection 'books_connection'
[2024-10-08T05:28:28.774+0000] {sql.py:509} INFO - Running statement: 
    INSERT INTO books (title, authors, price, rating)
    VALUES (%s, %s, %s, %s)
    , parameters: ('Data Engineering with AWS - Second Edition: Acquire the skills to design and build AWS-based data transformation pipelines like a pro', 'Gareth Eagar', '41.', '4.4 out of 5 stars')
[2024-10-08T05:28:28.778+0000] {sql.py:518} INFO - Rows affected: 1
[2024-10-08T05:28:28.792+0000] {base.py:84} INFO - Retrieving connection 'books_connection'
[2024-10-08T05:28:28.797+0000] {sql.py:509} INFO - Running statement: 
    INSERT INTO books (title, authors, price, rating)
    VALUES (%s, %s, %s, %s)
    , parameters: ('Azure Data Engineer Associate Certification Guide: Ace the DP-203 exam with advanced data engineering skills', 'Giacinto Palmieri', '49.', '4.4 out of 5 stars')
[2024-10-08T05:28:28.798+0000] {sql.py:518} INFO - Rows affected: 1
[2024-10-08T05:28:28.806+0000] {base.py:84} INFO - Retrieving connection 'books_connection'
[2024-10-08T05:28:28.811+0000] {sql.py:509} INFO - Running statement: 
    INSERT INTO books (title, authors, price, rating)
    VALUES (%s, %s, %s, %s)
    , parameters: ('Fundamentals of Data Analytics: Learn Essential Skills, Embrace the Future, and Catapult Your Career in the Data-Driven World—A Comprehensive Guide to Data Literacy for Beginners', 'Russell Dawson', '17.', '4.8 out of 5 stars')
[2024-10-08T05:28:28.813+0000] {sql.py:518} INFO - Rows affected: 1
[2024-10-08T05:28:28.820+0000] {base.py:84} INFO - Retrieving connection 'books_connection'
[2024-10-08T05:28:28.823+0000] {sql.py:509} INFO - Running statement: 
    INSERT INTO books (title, authors, price, rating)
    VALUES (%s, %s, %s, %s)
    , parameters: ('Build a Career in Data Science', 'Emily Robinson', '35.', '4.6 out of 5 stars')
[2024-10-08T05:28:28.824+0000] {sql.py:518} INFO - Rows affected: 1
[2024-10-08T05:28:28.830+0000] {base.py:84} INFO - Retrieving connection 'books_connection'
[2024-10-08T05:28:28.833+0000] {sql.py:509} INFO - Running statement: 
    INSERT INTO books (title, authors, price, rating)
    VALUES (%s, %s, %s, %s)
    , parameters: ('Fundamentals of Data Engineering: Plan and Build Robust Data Systems', 'Joe Reis', '25.', '4.7 out of 5 stars')
[2024-10-08T05:28:28.837+0000] {sql.py:518} INFO - Rows affected: 1
[2024-10-08T05:28:28.842+0000] {base.py:84} INFO - Retrieving connection 'books_connection'
[2024-10-08T05:28:28.844+0000] {sql.py:509} INFO - Running statement: 
    INSERT INTO books (title, authors, price, rating)
    VALUES (%s, %s, %s, %s)
    , parameters: ('Designing Data-Intensive Applications: The Big Ideas Behind Reliable, Scalable, and Maintainable Systems', 'Martin Kleppmann', '55.', '4.7 out of 5 stars')
[2024-10-08T05:28:28.845+0000] {sql.py:518} INFO - Rows affected: 1
[2024-10-08T05:28:28.853+0000] {base.py:84} INFO - Retrieving connection 'books_connection'
[2024-10-08T05:28:28.858+0000] {sql.py:509} INFO - Running statement: 
    INSERT INTO books (title, authors, price, rating)
    VALUES (%s, %s, %s, %s)
    , parameters: ("Azure Data Factory Cookbook: A data engineer's guide to building and managing ETL and ELT pipelines with data integration", 'Dmitry Foshin', '51.', '4.2 out of 5 stars')
[2024-10-08T05:28:28.859+0000] {sql.py:518} INFO - Rows affected: 1
[2024-10-08T05:28:28.866+0000] {base.py:84} INFO - Retrieving connection 'books_connection'
[2024-10-08T05:28:28.869+0000] {sql.py:509} INFO - Running statement: 
    INSERT INTO books (title, authors, price, rating)
    VALUES (%s, %s, %s, %s)
    , parameters: ('Data Engineering with dbt: A practical guide to building a cloud-based, pragmatic, and dependable data platform with SQL', 'Roberto Zagni', '37.', '4.6 out of 5 stars')
[2024-10-08T05:28:28.870+0000] {sql.py:518} INFO - Rows affected: 1
[2024-10-08T05:28:28.881+0000] {base.py:84} INFO - Retrieving connection 'books_connection'
[2024-10-08T05:28:28.891+0000] {sql.py:509} INFO - Running statement: 
    INSERT INTO books (title, authors, price, rating)
    VALUES (%s, %s, %s, %s)
    , parameters: ("Ultimate Data Engineering with Databricks: Develop Scalable Data Pipelines Using Data Engineering's Core Tenets Such as Delta Tables, Ingestion, ... Security, and Scalability (English Edition)", 'Mayank Malhotra', '37.', '4.1 out of 5 stars')
[2024-10-08T05:28:28.895+0000] {sql.py:518} INFO - Rows affected: 1
[2024-10-08T05:28:28.905+0000] {base.py:84} INFO - Retrieving connection 'books_connection'
[2024-10-08T05:28:28.908+0000] {sql.py:509} INFO - Running statement: 
    INSERT INTO books (title, authors, price, rating)
    VALUES (%s, %s, %s, %s)
    , parameters: ('Data Engineering with Python: Work with massive datasets to design data models and automate data pipelines using Python', 'Paul Crickard', '37.', '4.1 out of 5 stars')
[2024-10-08T05:28:28.909+0000] {sql.py:518} INFO - Rows affected: 1
[2024-10-08T05:28:28.916+0000] {base.py:84} INFO - Retrieving connection 'books_connection'
[2024-10-08T05:28:28.921+0000] {sql.py:509} INFO - Running statement: 
    INSERT INTO books (title, authors, price, rating)
    VALUES (%s, %s, %s, %s)
    , parameters: ('Cracking the Data Engineering Interview: Land your dream job with the help of resume-building tips, over 100 mock questions, and a unique portfolio', 'Kedeisha Bryan', '26.', '4.4 out of 5 stars')
[2024-10-08T05:28:28.922+0000] {sql.py:518} INFO - Rows affected: 1
[2024-10-08T05:28:28.928+0000] {base.py:84} INFO - Retrieving connection 'books_connection'
[2024-10-08T05:28:28.931+0000] {sql.py:509} INFO - Running statement: 
    INSERT INTO books (title, authors, price, rating)
    VALUES (%s, %s, %s, %s)
    , parameters: ('Data Pipelines Pocket Reference: Moving and Processing Data for Analytics', 'James Densmore', '17.', '4.5 out of 5 stars')
[2024-10-08T05:28:28.933+0000] {sql.py:518} INFO - Rows affected: 1
[2024-10-08T05:28:28.937+0000] {base.py:84} INFO - Retrieving connection 'books_connection'
[2024-10-08T05:28:28.941+0000] {sql.py:509} INFO - Running statement: 
    INSERT INTO books (title, authors, price, rating)
    VALUES (%s, %s, %s, %s)
    , parameters: ('Ace the Data Science Interview: 201 Real Interview Questions Asked By FAANG, Tech Startups, & Wall Street', 'Nick Singh', '42.', '4.5 out of 5 stars')
[2024-10-08T05:28:28.942+0000] {sql.py:518} INFO - Rows affected: 1
[2024-10-08T05:28:28.949+0000] {base.py:84} INFO - Retrieving connection 'books_connection'
[2024-10-08T05:28:28.952+0000] {sql.py:509} INFO - Running statement: 
    INSERT INTO books (title, authors, price, rating)
    VALUES (%s, %s, %s, %s)
    , parameters: ('Ace the Data Engineering Interview: Questions and Answers for Python, SQL, Data Modeling and More', 'Sean Coyne', '24.', '3.8 out of 5 stars')
[2024-10-08T05:28:28.952+0000] {sql.py:518} INFO - Rows affected: 1
[2024-10-08T05:28:28.957+0000] {base.py:84} INFO - Retrieving connection 'books_connection'
[2024-10-08T05:28:28.959+0000] {sql.py:509} INFO - Running statement: 
    INSERT INTO books (title, authors, price, rating)
    VALUES (%s, %s, %s, %s)
    , parameters: ('Data Engineering with Databricks Cookbook: Build effective data and AI solutions using Apache Spark, Databricks, and Delta Lake', 'Pulkit Chadha', '49.', '4.3 out of 5 stars')
[2024-10-08T05:28:28.960+0000] {sql.py:518} INFO - Rows affected: 1
[2024-10-08T05:28:28.967+0000] {base.py:84} INFO - Retrieving connection 'books_connection'
[2024-10-08T05:28:28.971+0000] {sql.py:509} INFO - Running statement: 
    INSERT INTO books (title, authors, price, rating)
    VALUES (%s, %s, %s, %s)
    , parameters: ('Software Engineering for Data Scientists: From Notebooks to Scalable Systems', 'Catherine Nelson', '51.', '4.4 out of 5 stars')
[2024-10-08T05:28:28.973+0000] {sql.py:518} INFO - Rows affected: 1
[2024-10-08T05:28:28.983+0000] {base.py:84} INFO - Retrieving connection 'books_connection'
[2024-10-08T05:28:28.988+0000] {sql.py:509} INFO - Running statement: 
    INSERT INTO books (title, authors, price, rating)
    VALUES (%s, %s, %s, %s)
    , parameters: ('Essentials of Data Engineering', 'Dr. Mukesh Saini', '19.', '5.0 out of 5 stars')
[2024-10-08T05:28:28.989+0000] {sql.py:518} INFO - Rows affected: 1
[2024-10-08T05:28:28.996+0000] {base.py:84} INFO - Retrieving connection 'books_connection'
[2024-10-08T05:28:29.000+0000] {sql.py:509} INFO - Running statement: 
    INSERT INTO books (title, authors, price, rating)
    VALUES (%s, %s, %s, %s)
    , parameters: ('Data Engineering with AWS: Learn how to design and build cloud-based data transformation pipelines using AWS', 'Gareth Eagar', '49.', '4.4 out of 5 stars')
[2024-10-08T05:28:29.002+0000] {sql.py:518} INFO - Rows affected: 1
[2024-10-08T05:28:29.008+0000] {base.py:84} INFO - Retrieving connection 'books_connection'
[2024-10-08T05:28:29.011+0000] {sql.py:509} INFO - Running statement: 
    INSERT INTO books (title, authors, price, rating)
    VALUES (%s, %s, %s, %s)
    , parameters: ('Data Engineering with Python cookbook: Learn to build efficient data pipelines using the Modern Cloud Data Stack', 'Adithyan Ramanujakootam', '32.', '5.0 out of 5 stars')
[2024-10-08T05:28:29.011+0000] {sql.py:518} INFO - Rows affected: 1
[2024-10-08T05:28:29.017+0000] {base.py:84} INFO - Retrieving connection 'books_connection'
[2024-10-08T05:28:29.020+0000] {sql.py:509} INFO - Running statement: 
    INSERT INTO books (title, authors, price, rating)
    VALUES (%s, %s, %s, %s)
    , parameters: ("Data Quality Fundamentals: A Practitioner's Guide to Building Trustworthy Data Pipelines", 'Paperback', '45.', '4.1 out of 5 stars')
[2024-10-08T05:28:29.021+0000] {sql.py:518} INFO - Rows affected: 1
[2024-10-08T05:28:29.025+0000] {base.py:84} INFO - Retrieving connection 'books_connection'
[2024-10-08T05:28:29.028+0000] {sql.py:509} INFO - Running statement: 
    INSERT INTO books (title, authors, price, rating)
    VALUES (%s, %s, %s, %s)
    , parameters: ('Data Engineering with Google Cloud Platform: A practical guide to operationalizing scalable data analytics systems on GCP', 'Adi Wijaya', '41.', '4.7 out of 5 stars')
[2024-10-08T05:28:29.029+0000] {sql.py:518} INFO - Rows affected: 1
[2024-10-08T05:28:29.035+0000] {base.py:84} INFO - Retrieving connection 'books_connection'
[2024-10-08T05:28:29.039+0000] {sql.py:509} INFO - Running statement: 
    INSERT INTO books (title, authors, price, rating)
    VALUES (%s, %s, %s, %s)
    , parameters: ('DATA ENGINEERING AND AI FOR BEGINNERS: Revolutionizing Data Processing and Analytics by Leveraging Artificial Intelligence for Efficient Input Collection, Storage, and Transformation (World of AI)', 'Paperback', '13.', '4.3 out of 5 stars')
[2024-10-08T05:28:29.040+0000] {sql.py:518} INFO - Rows affected: 1
[2024-10-08T05:28:29.047+0000] {base.py:84} INFO - Retrieving connection 'books_connection'
[2024-10-08T05:28:29.054+0000] {sql.py:509} INFO - Running statement: 
    INSERT INTO books (title, authors, price, rating)
    VALUES (%s, %s, %s, %s)
    , parameters: ('Fundamentals of Data Engineering: A Comprehensive Guide to Designing, Building, and Managing Data Pipelines, Storage Solutions, and Processing Frameworks.', 'Paperback', '14.', '5.0 out of 5 stars')
[2024-10-08T05:28:29.058+0000] {sql.py:518} INFO - Rows affected: 1
[2024-10-08T05:28:29.075+0000] {base.py:84} INFO - Retrieving connection 'books_connection'
[2024-10-08T05:28:29.085+0000] {sql.py:509} INFO - Running statement: 
    INSERT INTO books (title, authors, price, rating)
    VALUES (%s, %s, %s, %s)
    , parameters: ('Data Privacy: A runbook for engineers', 'Nishant Bhajaria', '35.', '4.8 out of 5 stars')
[2024-10-08T05:28:29.087+0000] {sql.py:518} INFO - Rows affected: 1
[2024-10-08T05:28:29.096+0000] {base.py:84} INFO - Retrieving connection 'books_connection'
[2024-10-08T05:28:29.100+0000] {sql.py:509} INFO - Running statement: 
    INSERT INTO books (title, authors, price, rating)
    VALUES (%s, %s, %s, %s)
    , parameters: ('Data Engineering Fundamentals for Beginners: Mastering the Art of Building, Managing, and Scaling Data Systems', 'Paperback', '14.', '5.0 out of 5 stars')
[2024-10-08T05:28:29.101+0000] {sql.py:518} INFO - Rows affected: 1
[2024-10-08T05:28:29.109+0000] {base.py:84} INFO - Retrieving connection 'books_connection'
[2024-10-08T05:28:29.112+0000] {sql.py:509} INFO - Running statement: 
    INSERT INTO books (title, authors, price, rating)
    VALUES (%s, %s, %s, %s)
    , parameters: ("Engineering Data Mesh in Azure Cloud: Implement data mesh using Microsoft Azure's Cloud Adoption Framework", 'Paperback', '47.', '4.5 out of 5 stars')
[2024-10-08T05:28:29.114+0000] {sql.py:518} INFO - Rows affected: 1
[2024-10-08T05:28:29.123+0000] {base.py:84} INFO - Retrieving connection 'books_connection'
[2024-10-08T05:28:29.126+0000] {sql.py:509} INFO - Running statement: 
    INSERT INTO books (title, authors, price, rating)
    VALUES (%s, %s, %s, %s)
    , parameters: ('Data Engineering with Apache Spark, Delta Lake, and Lakehouse: Create scalable pipelines that ingest, curate, and aggregate complex data in a timely and secure way', 'Manoj Kukreja', '46.', '3.9 out of 5 stars')
[2024-10-08T05:28:29.127+0000] {sql.py:518} INFO - Rows affected: 1
[2024-10-08T05:28:29.134+0000] {base.py:84} INFO - Retrieving connection 'books_connection'
[2024-10-08T05:28:29.137+0000] {sql.py:509} INFO - Running statement: 
    INSERT INTO books (title, authors, price, rating)
    VALUES (%s, %s, %s, %s)
    , parameters: ('Data-Driven Science and Engineering: Machine Learning, Dynamical Systems, and Control', 'Steven L. Brunton', '64.', '4.8 out of 5 stars')
[2024-10-08T05:28:29.138+0000] {sql.py:518} INFO - Rows affected: 1
[2024-10-08T05:28:29.146+0000] {base.py:84} INFO - Retrieving connection 'books_connection'
[2024-10-08T05:28:29.149+0000] {sql.py:509} INFO - Running statement: 
    INSERT INTO books (title, authors, price, rating)
    VALUES (%s, %s, %s, %s)
    , parameters: ('Data Engineering with Google Cloud Platform: A guide to leveling up as a data engineer by building a scalable data platform with Google Cloud', 'Adi Wijaya', '40.', '4.8 out of 5 stars')
[2024-10-08T05:28:29.150+0000] {sql.py:518} INFO - Rows affected: 1
[2024-10-08T05:28:29.159+0000] {base.py:84} INFO - Retrieving connection 'books_connection'
[2024-10-08T05:28:29.163+0000] {sql.py:509} INFO - Running statement: 
    INSERT INTO books (title, authors, price, rating)
    VALUES (%s, %s, %s, %s)
    , parameters: ("Data: Principles To Practice - Volume 1 'Foundations': Essential Foundations: Key Concepts behind Data Architecture, Engineering and Analysis for Professionals", 'Mr Alex Holloway', '12.', '4.6 out of 5 stars')
[2024-10-08T05:28:29.164+0000] {sql.py:518} INFO - Rows affected: 1
[2024-10-08T05:28:29.171+0000] {base.py:84} INFO - Retrieving connection 'books_connection'
[2024-10-08T05:28:29.174+0000] {sql.py:509} INFO - Running statement: 
    INSERT INTO books (title, authors, price, rating)
    VALUES (%s, %s, %s, %s)
    , parameters: ('Data Engineering with AWS', 'May Sherry', '14.', '5.0 out of 5 stars')
[2024-10-08T05:28:29.175+0000] {sql.py:518} INFO - Rows affected: 1
[2024-10-08T05:28:29.181+0000] {base.py:84} INFO - Retrieving connection 'books_connection'
[2024-10-08T05:28:29.185+0000] {sql.py:509} INFO - Running statement: 
    INSERT INTO books (title, authors, price, rating)
    VALUES (%s, %s, %s, %s)
    , parameters: ('97 Things Every Data Engineer Should Know: Collective Wisdom from the Experts', 'Tobias Macey', '28.', '4.1 out of 5 stars')
[2024-10-08T05:28:29.188+0000] {sql.py:518} INFO - Rows affected: 1
[2024-10-08T05:28:29.195+0000] {base.py:84} INFO - Retrieving connection 'books_connection'
[2024-10-08T05:28:29.200+0000] {sql.py:509} INFO - Running statement: 
    INSERT INTO books (title, authors, price, rating)
    VALUES (%s, %s, %s, %s)
    , parameters: ('Python Data Engineering Resources: Forge Your Path to Success in Data Engineering, Machine Learning and AI', 'Vajo Lukic', '0.', '4.9 out of 5 stars')
[2024-10-08T05:28:29.201+0000] {sql.py:518} INFO - Rows affected: 1
[2024-10-08T05:28:29.206+0000] {base.py:84} INFO - Retrieving connection 'books_connection'
[2024-10-08T05:28:29.209+0000] {sql.py:509} INFO - Running statement: 
    INSERT INTO books (title, authors, price, rating)
    VALUES (%s, %s, %s, %s)
    , parameters: ('Analytics Engineering with SQL and dbt: Building Meaningful Data Models at Scale', 'Rui Pedro Machado', '41.', '3.9 out of 5 stars')
[2024-10-08T05:28:29.210+0000] {sql.py:518} INFO - Rows affected: 1
[2024-10-08T05:28:29.220+0000] {base.py:84} INFO - Retrieving connection 'books_connection'
[2024-10-08T05:28:29.224+0000] {sql.py:509} INFO - Running statement: 
    INSERT INTO books (title, authors, price, rating)
    VALUES (%s, %s, %s, %s)
    , parameters: ('Data Engineering with Scala and Spark: Build streaming and batch pipelines that process massive amounts of data using Scala', 'Eric Tome', '29.', '4.1 out of 5 stars')
[2024-10-08T05:28:29.226+0000] {sql.py:518} INFO - Rows affected: 1
[2024-10-08T05:28:29.235+0000] {base.py:84} INFO - Retrieving connection 'books_connection'
[2024-10-08T05:28:29.239+0000] {sql.py:509} INFO - Running statement: 
    INSERT INTO books (title, authors, price, rating)
    VALUES (%s, %s, %s, %s)
    , parameters: ('Storytelling with Data: A Data Visualization Guide for Business Professionals', 'Cole Nussbaumer Knaflic', '27.', '4.6 out of 5 stars')
[2024-10-08T05:28:29.240+0000] {sql.py:518} INFO - Rows affected: 1
[2024-10-08T05:28:29.246+0000] {base.py:84} INFO - Retrieving connection 'books_connection'
[2024-10-08T05:28:29.251+0000] {sql.py:509} INFO - Running statement: 
    INSERT INTO books (title, authors, price, rating)
    VALUES (%s, %s, %s, %s)
    , parameters: ('Data Mesh: Delivering Data-Driven Value at Scale', 'Zhamak Dehghani', '43.', '4.5 out of 5 stars')
[2024-10-08T05:28:29.251+0000] {sql.py:518} INFO - Rows affected: 1
[2024-10-08T05:28:29.256+0000] {base.py:84} INFO - Retrieving connection 'books_connection'
[2024-10-08T05:28:29.259+0000] {sql.py:509} INFO - Running statement: 
    INSERT INTO books (title, authors, price, rating)
    VALUES (%s, %s, %s, %s)
    , parameters: ('Data Engineering 101', 'Kindle', '0.', '3.9 out of 5 stars')
[2024-10-08T05:28:29.260+0000] {sql.py:518} INFO - Rows affected: 1
[2024-10-08T05:28:29.265+0000] {base.py:84} INFO - Retrieving connection 'books_connection'
[2024-10-08T05:28:29.268+0000] {sql.py:509} INFO - Running statement: 
    INSERT INTO books (title, authors, price, rating)
    VALUES (%s, %s, %s, %s)
    , parameters: ('Data Modeling with Snowflake: A practical guide to accelerating Snowflake development using universal data modeling techniques', 'Serge Gershkovich', '36.', '4.8 out of 5 stars')
[2024-10-08T05:28:29.269+0000] {sql.py:518} INFO - Rows affected: 1
[2024-10-08T05:28:29.275+0000] {base.py:84} INFO - Retrieving connection 'books_connection'
[2024-10-08T05:28:29.278+0000] {sql.py:509} INFO - Running statement: 
    INSERT INTO books (title, authors, price, rating)
    VALUES (%s, %s, %s, %s)
    , parameters: ('Official Google Cloud Certified Professional Data Engineer Study Guide', 'Dan Sullivan', '33.', '4.5 out of 5 stars')
[2024-10-08T05:28:29.279+0000] {sql.py:518} INFO - Rows affected: 1
[2024-10-08T05:28:29.284+0000] {base.py:84} INFO - Retrieving connection 'books_connection'
[2024-10-08T05:28:29.287+0000] {sql.py:509} INFO - Running statement: 
    INSERT INTO books (title, authors, price, rating)
    VALUES (%s, %s, %s, %s)
    , parameters: ('Machine Learning Engineering', 'Andriy Burkov', '39.', '4.7 out of 5 stars')
[2024-10-08T05:28:29.288+0000] {sql.py:518} INFO - Rows affected: 1
[2024-10-08T05:28:29.292+0000] {base.py:84} INFO - Retrieving connection 'books_connection'
[2024-10-08T05:28:29.295+0000] {sql.py:509} INFO - Running statement: 
    INSERT INTO books (title, authors, price, rating)
    VALUES (%s, %s, %s, %s)
    , parameters: ('Fundamentals of Data Observability: Implement Trustworthy End-to-End Data Solutions', 'Andy Petrella', '36.', '4.0 out of 5 stars')
[2024-10-08T05:28:29.295+0000] {sql.py:518} INFO - Rows affected: 1
[2024-10-08T05:28:29.300+0000] {base.py:84} INFO - Retrieving connection 'books_connection'
[2024-10-08T05:28:29.303+0000] {sql.py:509} INFO - Running statement: 
    INSERT INTO books (title, authors, price, rating)
    VALUES (%s, %s, %s, %s)
    , parameters: ('Modern Data Engineering with Apache Spark: A Hands-On Guide for Building Mission-Critical Streaming Applications', 'Scott Haines', '28.', '4.1 out of 5 stars')
[2024-10-08T05:28:29.304+0000] {sql.py:518} INFO - Rows affected: 1
[2024-10-08T05:28:29.308+0000] {base.py:84} INFO - Retrieving connection 'books_connection'
[2024-10-08T05:28:29.313+0000] {sql.py:509} INFO - Running statement: 
    INSERT INTO books (title, authors, price, rating)
    VALUES (%s, %s, %s, %s)
    , parameters: ('Python Feature Engineering Cookbook: A complete guide to crafting powerful features for your machine learning models', 'Soledad Galli', '44.', '5.0 out of 5 stars')
[2024-10-08T05:28:29.314+0000] {sql.py:518} INFO - Rows affected: 1
[2024-10-08T05:28:29.322+0000] {base.py:84} INFO - Retrieving connection 'books_connection'
[2024-10-08T05:28:29.325+0000] {sql.py:509} INFO - Running statement: 
    INSERT INTO books (title, authors, price, rating)
    VALUES (%s, %s, %s, %s)
    , parameters: ('Data Engineering with Databricks', 'Kindle', '0.', '3.4 out of 5 stars')
[2024-10-08T05:28:29.327+0000] {sql.py:518} INFO - Rows affected: 1
[2024-10-08T05:28:29.333+0000] {base.py:84} INFO - Retrieving connection 'books_connection'
[2024-10-08T05:28:29.337+0000] {sql.py:509} INFO - Running statement: 
    INSERT INTO books (title, authors, price, rating)
    VALUES (%s, %s, %s, %s)
    , parameters: ('Azure Data Factory by Example: Practical Implementation for Data Engineers', 'Richard Swinbank', '33.', '4.2 out of 5 stars')
[2024-10-08T05:28:29.338+0000] {sql.py:518} INFO - Rows affected: 1
[2024-10-08T05:28:29.344+0000] {base.py:84} INFO - Retrieving connection 'books_connection'
[2024-10-08T05:28:29.348+0000] {sql.py:509} INFO - Running statement: 
    INSERT INTO books (title, authors, price, rating)
    VALUES (%s, %s, %s, %s)
    , parameters: ('Data Quality Engineering in Financial Services: Applying Manufacturing Techniques to Data', 'Brian Buzzelli', '30.', '4.4 out of 5 stars')
[2024-10-08T05:28:29.349+0000] {sql.py:518} INFO - Rows affected: 1
[2024-10-08T05:28:29.361+0000] {base.py:84} INFO - Retrieving connection 'books_connection'
[2024-10-08T05:28:29.365+0000] {sql.py:509} INFO - Running statement: 
    INSERT INTO books (title, authors, price, rating)
    VALUES (%s, %s, %s, %s)
    , parameters: ('Prompt Engineering for Generative AI: Future-Proof Inputs for Reliable AI Outputs', 'James Phoenix', '53.', '4.5 out of 5 stars')
[2024-10-08T05:28:29.368+0000] {sql.py:518} INFO - Rows affected: 1
[2024-10-08T05:28:29.375+0000] {base.py:84} INFO - Retrieving connection 'books_connection'
[2024-10-08T05:28:29.381+0000] {sql.py:509} INFO - Running statement: 
    INSERT INTO books (title, authors, price, rating)
    VALUES (%s, %s, %s, %s)
    , parameters: ('Data Observability for Data Engineering: Proactive strategies for ensuring data accuracy and addressing broken data pipelines', 'Michele Pinto', '18.', '3.7 out of 5 stars')
[2024-10-08T05:28:29.382+0000] {sql.py:518} INFO - Rows affected: 1
[2024-10-08T05:28:29.388+0000] {base.py:84} INFO - Retrieving connection 'books_connection'
[2024-10-08T05:28:29.394+0000] {sql.py:509} INFO - Running statement: 
    INSERT INTO books (title, authors, price, rating)
    VALUES (%s, %s, %s, %s)
    , parameters: ('Better Data Visualizations: A Guide for Scholars, Researchers, and Wonks', 'Jonathan Schwabish', '26.', '4.5 out of 5 stars')
[2024-10-08T05:28:29.398+0000] {sql.py:518} INFO - Rows affected: 1
[2024-10-08T05:28:29.399+0000] {python.py:240} INFO - Done. Returned value was: None
[2024-10-08T05:28:29.411+0000] {taskinstance.py:340} INFO - ::group::Post task execution logs
[2024-10-08T05:28:29.412+0000] {taskinstance.py:352} INFO - Marking task as SUCCESS. dag_id=fetch_and_store_amazon_books, task_id=insert_book_data, run_id=scheduled__2024-08-02T00:00:00+00:00, execution_date=20240802T000000, start_date=20241008T052828, end_date=20241008T052829
[2024-10-08T05:28:29.424+0000] {logging_mixin.py:190} INFO - Task instance in success state
[2024-10-08T05:28:29.425+0000] {logging_mixin.py:190} INFO -  Previous state of the Task instance: running
[2024-10-08T05:28:29.425+0000] {logging_mixin.py:190} INFO - Dag name:fetch_and_store_amazon_books queued_at:2024-10-08 05:22:39.489320+00:00
[2024-10-08T05:28:29.425+0000] {logging_mixin.py:190} INFO - Task hostname:475658bd4f83 operator:PythonOperator
[2024-10-08T05:28:29.468+0000] {local_task_job_runner.py:261} INFO - Task exited with return code 0
[2024-10-08T05:28:29.498+0000] {taskinstance.py:3891} INFO - 0 downstream tasks scheduled from follow-on schedule check
[2024-10-08T05:28:29.501+0000] {local_task_job_runner.py:240} INFO - ::endgroup::
