[2024-10-08T05:30:12.804+0000] {local_task_job_runner.py:123} INFO - ::group::Pre task execution logs
[2024-10-08T05:30:12.812+0000] {taskinstance.py:2603} INFO - Dependencies all met for dep_context=non-requeueable deps ti=<TaskInstance: fetch_and_store_amazon_books.insert_book_data scheduled__2024-09-06T00:00:00+00:00 [queued]>
[2024-10-08T05:30:12.816+0000] {taskinstance.py:2603} INFO - Dependencies all met for dep_context=requeueable deps ti=<TaskInstance: fetch_and_store_amazon_books.insert_book_data scheduled__2024-09-06T00:00:00+00:00 [queued]>
[2024-10-08T05:30:12.816+0000] {taskinstance.py:2856} INFO - Starting attempt 1 of 2
[2024-10-08T05:30:12.822+0000] {taskinstance.py:2879} INFO - Executing <Task(PythonOperator): insert_book_data> on 2024-09-06 00:00:00+00:00
[2024-10-08T05:30:12.827+0000] {warnings.py:112} WARNING - /home/***/.local/lib/python3.12/site-packages/***/task/task_runner/standard_task_runner.py:70: DeprecationWarning: This process (pid=361) is multi-threaded, use of fork() may lead to deadlocks in the child.
  pid = os.fork()

[2024-10-08T05:30:12.828+0000] {standard_task_runner.py:72} INFO - Started process 369 to run task
[2024-10-08T05:30:12.830+0000] {standard_task_runner.py:104} INFO - Running: ['***', 'tasks', 'run', 'fetch_and_store_amazon_books', 'insert_book_data', 'scheduled__2024-09-06T00:00:00+00:00', '--job-id', '187', '--raw', '--subdir', 'DAGS_FOLDER/app.py', '--cfg-path', '/tmp/tmp5q31up1t']
[2024-10-08T05:30:12.831+0000] {standard_task_runner.py:105} INFO - Job 187: Subtask insert_book_data
[2024-10-08T05:30:12.881+0000] {task_command.py:467} INFO - Running <TaskInstance: fetch_and_store_amazon_books.insert_book_data scheduled__2024-09-06T00:00:00+00:00 [running]> on host 475658bd4f83
[2024-10-08T05:30:12.941+0000] {taskinstance.py:3122} INFO - Exporting env vars: AIRFLOW_CTX_DAG_OWNER='***' AIRFLOW_CTX_DAG_ID='fetch_and_store_amazon_books' AIRFLOW_CTX_TASK_ID='insert_book_data' AIRFLOW_CTX_EXECUTION_DATE='2024-09-06T00:00:00+00:00' AIRFLOW_CTX_TRY_NUMBER='1' AIRFLOW_CTX_DAG_RUN_ID='scheduled__2024-09-06T00:00:00+00:00'
[2024-10-08T05:30:12.943+0000] {logging_mixin.py:190} INFO - Task instance is in running state
[2024-10-08T05:30:12.943+0000] {logging_mixin.py:190} INFO -  Previous state of the Task instance: queued
[2024-10-08T05:30:12.943+0000] {logging_mixin.py:190} INFO - Current task name:insert_book_data state:running start_date:2024-10-08 05:30:12.812515+00:00
[2024-10-08T05:30:12.943+0000] {logging_mixin.py:190} INFO - Dag name:fetch_and_store_amazon_books and current dag run status:running
[2024-10-08T05:30:12.943+0000] {taskinstance.py:731} INFO - ::endgroup::
[2024-10-08T05:30:12.955+0000] {base.py:84} INFO - Retrieving connection 'books_connection'
[2024-10-08T05:30:12.958+0000] {sql.py:509} INFO - Running statement: 
    INSERT INTO books (title, authors, price, rating)
    VALUES (%s, %s, %s, %s)
    , parameters: ('Data Engineering with AWS - Second Edition: Acquire the skills to design and build AWS-based data transformation pipelines like a pro', 'Gareth Eagar', '41.', '4.4 out of 5 stars')
[2024-10-08T05:30:12.959+0000] {sql.py:518} INFO - Rows affected: 1
[2024-10-08T05:30:12.963+0000] {base.py:84} INFO - Retrieving connection 'books_connection'
[2024-10-08T05:30:12.965+0000] {sql.py:509} INFO - Running statement: 
    INSERT INTO books (title, authors, price, rating)
    VALUES (%s, %s, %s, %s)
    , parameters: ('Azure Data Engineer Associate Certification Guide: Ace the DP-203 exam with advanced data engineering skills', 'Giacinto Palmieri', '49.', '4.4 out of 5 stars')
[2024-10-08T05:30:12.965+0000] {sql.py:518} INFO - Rows affected: 1
[2024-10-08T05:30:12.969+0000] {base.py:84} INFO - Retrieving connection 'books_connection'
[2024-10-08T05:30:12.971+0000] {sql.py:509} INFO - Running statement: 
    INSERT INTO books (title, authors, price, rating)
    VALUES (%s, %s, %s, %s)
    , parameters: ("Azure Data Factory Cookbook: A data engineer's guide to building and managing ETL and ELT pipelines with data integration", 'Dmitry Foshin', '51.', '4.2 out of 5 stars')
[2024-10-08T05:30:12.971+0000] {sql.py:518} INFO - Rows affected: 1
[2024-10-08T05:30:12.974+0000] {base.py:84} INFO - Retrieving connection 'books_connection'
[2024-10-08T05:30:12.976+0000] {sql.py:509} INFO - Running statement: 
    INSERT INTO books (title, authors, price, rating)
    VALUES (%s, %s, %s, %s)
    , parameters: ('Fundamentals of Data Engineering: Plan and Build Robust Data Systems', 'Joe Reis', '25.', '4.7 out of 5 stars')
[2024-10-08T05:30:12.976+0000] {sql.py:518} INFO - Rows affected: 1
[2024-10-08T05:30:12.981+0000] {base.py:84} INFO - Retrieving connection 'books_connection'
[2024-10-08T05:30:12.983+0000] {sql.py:509} INFO - Running statement: 
    INSERT INTO books (title, authors, price, rating)
    VALUES (%s, %s, %s, %s)
    , parameters: ('Designing Data-Intensive Applications: The Big Ideas Behind Reliable, Scalable, and Maintainable Systems', 'Martin Kleppmann', '55.', '4.7 out of 5 stars')
[2024-10-08T05:30:12.983+0000] {sql.py:518} INFO - Rows affected: 1
[2024-10-08T05:30:12.987+0000] {base.py:84} INFO - Retrieving connection 'books_connection'
[2024-10-08T05:30:12.989+0000] {sql.py:509} INFO - Running statement: 
    INSERT INTO books (title, authors, price, rating)
    VALUES (%s, %s, %s, %s)
    , parameters: ('Fundamentals of Data Analytics: Learn Essential Skills, Embrace the Future, and Catapult Your Career in the Data-Driven World—A Comprehensive Guide to Data Literacy for Beginners', 'Russell Dawson', '17.', '4.8 out of 5 stars')
[2024-10-08T05:30:12.989+0000] {sql.py:518} INFO - Rows affected: 1
[2024-10-08T05:30:12.992+0000] {base.py:84} INFO - Retrieving connection 'books_connection'
[2024-10-08T05:30:12.994+0000] {sql.py:509} INFO - Running statement: 
    INSERT INTO books (title, authors, price, rating)
    VALUES (%s, %s, %s, %s)
    , parameters: ("Ultimate Data Engineering with Databricks: Develop Scalable Data Pipelines Using Data Engineering's Core Tenets Such as Delta Tables, Ingestion, ... Security, and Scalability (English Edition)", 'Mayank Malhotra', '37.', '4.1 out of 5 stars')
[2024-10-08T05:30:12.994+0000] {sql.py:518} INFO - Rows affected: 1
[2024-10-08T05:30:12.997+0000] {base.py:84} INFO - Retrieving connection 'books_connection'
[2024-10-08T05:30:12.999+0000] {sql.py:509} INFO - Running statement: 
    INSERT INTO books (title, authors, price, rating)
    VALUES (%s, %s, %s, %s)
    , parameters: ('Data Engineering with dbt: A practical guide to building a cloud-based, pragmatic, and dependable data platform with SQL', 'Roberto Zagni', '37.', '4.6 out of 5 stars')
[2024-10-08T05:30:13.000+0000] {sql.py:518} INFO - Rows affected: 1
[2024-10-08T05:30:13.002+0000] {base.py:84} INFO - Retrieving connection 'books_connection'
[2024-10-08T05:30:13.005+0000] {sql.py:509} INFO - Running statement: 
    INSERT INTO books (title, authors, price, rating)
    VALUES (%s, %s, %s, %s)
    , parameters: ('Data Engineering with Python: Work with massive datasets to design data models and automate data pipelines using Python', 'Paul Crickard', '37.', '4.1 out of 5 stars')
[2024-10-08T05:30:13.006+0000] {sql.py:518} INFO - Rows affected: 1
[2024-10-08T05:30:13.009+0000] {base.py:84} INFO - Retrieving connection 'books_connection'
[2024-10-08T05:30:13.010+0000] {sql.py:509} INFO - Running statement: 
    INSERT INTO books (title, authors, price, rating)
    VALUES (%s, %s, %s, %s)
    , parameters: ('Cracking the Data Engineering Interview: Land your dream job with the help of resume-building tips, over 100 mock questions, and a unique portfolio', 'Kedeisha Bryan', '26.', '4.4 out of 5 stars')
[2024-10-08T05:30:13.011+0000] {sql.py:518} INFO - Rows affected: 1
[2024-10-08T05:30:13.014+0000] {base.py:84} INFO - Retrieving connection 'books_connection'
[2024-10-08T05:30:13.016+0000] {sql.py:509} INFO - Running statement: 
    INSERT INTO books (title, authors, price, rating)
    VALUES (%s, %s, %s, %s)
    , parameters: ('Data Pipelines Pocket Reference: Moving and Processing Data for Analytics', 'James Densmore', '17.', '4.5 out of 5 stars')
[2024-10-08T05:30:13.016+0000] {sql.py:518} INFO - Rows affected: 1
[2024-10-08T05:30:13.019+0000] {base.py:84} INFO - Retrieving connection 'books_connection'
[2024-10-08T05:30:13.021+0000] {sql.py:509} INFO - Running statement: 
    INSERT INTO books (title, authors, price, rating)
    VALUES (%s, %s, %s, %s)
    , parameters: ('Ace the Data Science Interview: 201 Real Interview Questions Asked By FAANG, Tech Startups, & Wall Street', 'Nick Singh', '42.', '4.5 out of 5 stars')
[2024-10-08T05:30:13.021+0000] {sql.py:518} INFO - Rows affected: 1
[2024-10-08T05:30:13.024+0000] {base.py:84} INFO - Retrieving connection 'books_connection'
[2024-10-08T05:30:13.026+0000] {sql.py:509} INFO - Running statement: 
    INSERT INTO books (title, authors, price, rating)
    VALUES (%s, %s, %s, %s)
    , parameters: ('Ace the Data Engineering Interview: Questions and Answers for Python, SQL, Data Modeling and More', 'Sean Coyne', '24.', '3.8 out of 5 stars')
[2024-10-08T05:30:13.026+0000] {sql.py:518} INFO - Rows affected: 1
[2024-10-08T05:30:13.029+0000] {base.py:84} INFO - Retrieving connection 'books_connection'
[2024-10-08T05:30:13.031+0000] {sql.py:509} INFO - Running statement: 
    INSERT INTO books (title, authors, price, rating)
    VALUES (%s, %s, %s, %s)
    , parameters: ('Data Engineering with Databricks Cookbook: Build effective data and AI solutions using Apache Spark, Databricks, and Delta Lake', 'Pulkit Chadha', '49.', '4.3 out of 5 stars')
[2024-10-08T05:30:13.031+0000] {sql.py:518} INFO - Rows affected: 1
[2024-10-08T05:30:13.034+0000] {base.py:84} INFO - Retrieving connection 'books_connection'
[2024-10-08T05:30:13.038+0000] {sql.py:509} INFO - Running statement: 
    INSERT INTO books (title, authors, price, rating)
    VALUES (%s, %s, %s, %s)
    , parameters: ('Software Engineering for Data Scientists: From Notebooks to Scalable Systems', 'Catherine Nelson', '51.', '4.4 out of 5 stars')
[2024-10-08T05:30:13.038+0000] {sql.py:518} INFO - Rows affected: 1
[2024-10-08T05:30:13.045+0000] {base.py:84} INFO - Retrieving connection 'books_connection'
[2024-10-08T05:30:13.049+0000] {sql.py:509} INFO - Running statement: 
    INSERT INTO books (title, authors, price, rating)
    VALUES (%s, %s, %s, %s)
    , parameters: ('Python Data Engineering Resources: Forge Your Path to Success in Data Engineering, Machine Learning and AI', 'Vajo Lukic', '0.', '4.9 out of 5 stars')
[2024-10-08T05:30:13.050+0000] {sql.py:518} INFO - Rows affected: 1
[2024-10-08T05:30:13.055+0000] {base.py:84} INFO - Retrieving connection 'books_connection'
[2024-10-08T05:30:13.058+0000] {sql.py:509} INFO - Running statement: 
    INSERT INTO books (title, authors, price, rating)
    VALUES (%s, %s, %s, %s)
    , parameters: ('Getting Started with DuckDB: A practical guide for accelerating your data science, data analytics, and data engineering workflows', 'Simon Aubury', '54.', '5.0 out of 5 stars')
[2024-10-08T05:30:13.058+0000] {sql.py:518} INFO - Rows affected: 1
[2024-10-08T05:30:13.062+0000] {base.py:84} INFO - Retrieving connection 'books_connection'
[2024-10-08T05:30:13.065+0000] {sql.py:509} INFO - Running statement: 
    INSERT INTO books (title, authors, price, rating)
    VALUES (%s, %s, %s, %s)
    , parameters: ('Essentials of Data Engineering', 'Dr. Mukesh Saini', '19.', '5.0 out of 5 stars')
[2024-10-08T05:30:13.065+0000] {sql.py:518} INFO - Rows affected: 1
[2024-10-08T05:30:13.069+0000] {base.py:84} INFO - Retrieving connection 'books_connection'
[2024-10-08T05:30:13.071+0000] {sql.py:509} INFO - Running statement: 
    INSERT INTO books (title, authors, price, rating)
    VALUES (%s, %s, %s, %s)
    , parameters: ('Data Engineering with AWS: Learn how to design and build cloud-based data transformation pipelines using AWS', 'Gareth Eagar', '49.', '4.4 out of 5 stars')
[2024-10-08T05:30:13.071+0000] {sql.py:518} INFO - Rows affected: 1
[2024-10-08T05:30:13.074+0000] {base.py:84} INFO - Retrieving connection 'books_connection'
[2024-10-08T05:30:13.076+0000] {sql.py:509} INFO - Running statement: 
    INSERT INTO books (title, authors, price, rating)
    VALUES (%s, %s, %s, %s)
    , parameters: ('Data Engineering with Python cookbook: Learn to build efficient data pipelines using the Modern Cloud Data Stack', 'Adithyan Ramanujakootam', '32.', '5.0 out of 5 stars')
[2024-10-08T05:30:13.076+0000] {sql.py:518} INFO - Rows affected: 1
[2024-10-08T05:30:13.079+0000] {base.py:84} INFO - Retrieving connection 'books_connection'
[2024-10-08T05:30:13.080+0000] {sql.py:509} INFO - Running statement: 
    INSERT INTO books (title, authors, price, rating)
    VALUES (%s, %s, %s, %s)
    , parameters: ("Data Quality Fundamentals: A Practitioner's Guide to Building Trustworthy Data Pipelines", 'Paperback', '45.', '4.1 out of 5 stars')
[2024-10-08T05:30:13.081+0000] {sql.py:518} INFO - Rows affected: 1
[2024-10-08T05:30:13.084+0000] {base.py:84} INFO - Retrieving connection 'books_connection'
[2024-10-08T05:30:13.085+0000] {sql.py:509} INFO - Running statement: 
    INSERT INTO books (title, authors, price, rating)
    VALUES (%s, %s, %s, %s)
    , parameters: ('Mastering Databricks Lakehouse Platform: Perform Data Warehousing, Data Engineering, Machine Learning, DevOps, and BI into a Single Platform (English Edition)', 'Sagar Lad', '32.', '3.6 out of 5 stars')
[2024-10-08T05:30:13.086+0000] {sql.py:518} INFO - Rows affected: 1
[2024-10-08T05:30:13.089+0000] {base.py:84} INFO - Retrieving connection 'books_connection'
[2024-10-08T05:30:13.091+0000] {sql.py:509} INFO - Running statement: 
    INSERT INTO books (title, authors, price, rating)
    VALUES (%s, %s, %s, %s)
    , parameters: ("Data: Principles To Practice - Volume 1 'Foundations': Essential Foundations: Key Concepts behind Data Architecture, Engineering and Analysis for Professionals", 'Mr Alex Holloway', '12.', '4.6 out of 5 stars')
[2024-10-08T05:30:13.091+0000] {sql.py:518} INFO - Rows affected: 1
[2024-10-08T05:30:13.094+0000] {base.py:84} INFO - Retrieving connection 'books_connection'
[2024-10-08T05:30:13.096+0000] {sql.py:509} INFO - Running statement: 
    INSERT INTO books (title, authors, price, rating)
    VALUES (%s, %s, %s, %s)
    , parameters: ('Advanced Data Analytics with AWS: Explore Data Analysis Concepts in the Cloud to Gain Meaningful Insights and Build Robust Data Engineering Workflows Across Diverse Data Sources (English Edition)', 'Joseph Conley', '37.', '5.0 out of 5 stars')
[2024-10-08T05:30:13.097+0000] {sql.py:518} INFO - Rows affected: 1
[2024-10-08T05:30:13.100+0000] {base.py:84} INFO - Retrieving connection 'books_connection'
[2024-10-08T05:30:13.101+0000] {sql.py:509} INFO - Running statement: 
    INSERT INTO books (title, authors, price, rating)
    VALUES (%s, %s, %s, %s)
    , parameters: ('Fundamentals of Data Engineering: A Comprehensive Guide to Designing, Building, and Managing Data Pipelines, Storage Solutions, and Processing Frameworks.', 'Paperback', '14.', '5.0 out of 5 stars')
[2024-10-08T05:30:13.102+0000] {sql.py:518} INFO - Rows affected: 1
[2024-10-08T05:30:13.105+0000] {base.py:84} INFO - Retrieving connection 'books_connection'
[2024-10-08T05:30:13.106+0000] {sql.py:509} INFO - Running statement: 
    INSERT INTO books (title, authors, price, rating)
    VALUES (%s, %s, %s, %s)
    , parameters: ('Data Engineering with Google Cloud Platform: A practical guide to operationalizing scalable data analytics systems on GCP', 'Adi Wijaya', '41.', '4.7 out of 5 stars')
[2024-10-08T05:30:13.107+0000] {sql.py:518} INFO - Rows affected: 1
[2024-10-08T05:30:13.110+0000] {base.py:84} INFO - Retrieving connection 'books_connection'
[2024-10-08T05:30:13.112+0000] {sql.py:509} INFO - Running statement: 
    INSERT INTO books (title, authors, price, rating)
    VALUES (%s, %s, %s, %s)
    , parameters: ('DATA ENGINEERING AND AI FOR BEGINNERS: Revolutionizing Data Processing and Analytics by Leveraging Artificial Intelligence for Efficient Input Collection, Storage, and Transformation (World of AI)', 'Paperback', '13.', '4.3 out of 5 stars')
[2024-10-08T05:30:13.112+0000] {sql.py:518} INFO - Rows affected: 1
[2024-10-08T05:30:13.115+0000] {base.py:84} INFO - Retrieving connection 'books_connection'
[2024-10-08T05:30:13.117+0000] {sql.py:509} INFO - Running statement: 
    INSERT INTO books (title, authors, price, rating)
    VALUES (%s, %s, %s, %s)
    , parameters: ('Data Privacy: A runbook for engineers', 'Nishant Bhajaria', '35.', '4.8 out of 5 stars')
[2024-10-08T05:30:13.118+0000] {sql.py:518} INFO - Rows affected: 1
[2024-10-08T05:30:13.120+0000] {base.py:84} INFO - Retrieving connection 'books_connection'
[2024-10-08T05:30:13.122+0000] {sql.py:509} INFO - Running statement: 
    INSERT INTO books (title, authors, price, rating)
    VALUES (%s, %s, %s, %s)
    , parameters: ('Data Engineering Fundamentals for Beginners: Mastering the Art of Building, Managing, and Scaling Data Systems', 'Paperback', '14.', '5.0 out of 5 stars')
[2024-10-08T05:30:13.122+0000] {sql.py:518} INFO - Rows affected: 1
[2024-10-08T05:30:13.125+0000] {base.py:84} INFO - Retrieving connection 'books_connection'
[2024-10-08T05:30:13.127+0000] {sql.py:509} INFO - Running statement: 
    INSERT INTO books (title, authors, price, rating)
    VALUES (%s, %s, %s, %s)
    , parameters: ('Data Engineering with Apache Spark, Delta Lake, and Lakehouse: Create scalable pipelines that ingest, curate, and aggregate complex data in a timely and secure way', 'Manoj Kukreja', '46.', '3.9 out of 5 stars')
[2024-10-08T05:30:13.128+0000] {sql.py:518} INFO - Rows affected: 1
[2024-10-08T05:30:13.131+0000] {base.py:84} INFO - Retrieving connection 'books_connection'
[2024-10-08T05:30:13.132+0000] {sql.py:509} INFO - Running statement: 
    INSERT INTO books (title, authors, price, rating)
    VALUES (%s, %s, %s, %s)
    , parameters: ('Data-Driven Science and Engineering: Machine Learning, Dynamical Systems, and Control', 'Steven L. Brunton', '64.', '4.8 out of 5 stars')
[2024-10-08T05:30:13.133+0000] {sql.py:518} INFO - Rows affected: 1
[2024-10-08T05:30:13.136+0000] {base.py:84} INFO - Retrieving connection 'books_connection'
[2024-10-08T05:30:13.138+0000] {sql.py:509} INFO - Running statement: 
    INSERT INTO books (title, authors, price, rating)
    VALUES (%s, %s, %s, %s)
    , parameters: ('Data Engineering with Google Cloud Platform: A guide to leveling up as a data engineer by building a scalable data platform with Google Cloud', 'Adi Wijaya', '40.', '4.8 out of 5 stars')
[2024-10-08T05:30:13.138+0000] {sql.py:518} INFO - Rows affected: 1
[2024-10-08T05:30:13.141+0000] {base.py:84} INFO - Retrieving connection 'books_connection'
[2024-10-08T05:30:13.143+0000] {sql.py:509} INFO - Running statement: 
    INSERT INTO books (title, authors, price, rating)
    VALUES (%s, %s, %s, %s)
    , parameters: ('97 Things Every Data Engineer Should Know: Collective Wisdom from the Experts', 'Tobias Macey', '28.', '4.1 out of 5 stars')
[2024-10-08T05:30:13.143+0000] {sql.py:518} INFO - Rows affected: 1
[2024-10-08T05:30:13.146+0000] {base.py:84} INFO - Retrieving connection 'books_connection'
[2024-10-08T05:30:13.148+0000] {sql.py:509} INFO - Running statement: 
    INSERT INTO books (title, authors, price, rating)
    VALUES (%s, %s, %s, %s)
    , parameters: ('Analytics Engineering with SQL and dbt: Building Meaningful Data Models at Scale', 'Rui Pedro Machado', '41.', '3.9 out of 5 stars')
[2024-10-08T05:30:13.148+0000] {sql.py:518} INFO - Rows affected: 1
[2024-10-08T05:30:13.151+0000] {base.py:84} INFO - Retrieving connection 'books_connection'
[2024-10-08T05:30:13.153+0000] {sql.py:509} INFO - Running statement: 
    INSERT INTO books (title, authors, price, rating)
    VALUES (%s, %s, %s, %s)
    , parameters: ('Data Engineering with Scala and Spark: Build streaming and batch pipelines that process massive amounts of data using Scala', 'Eric Tome', '29.', '4.1 out of 5 stars')
[2024-10-08T05:30:13.153+0000] {sql.py:518} INFO - Rows affected: 1
[2024-10-08T05:30:13.156+0000] {base.py:84} INFO - Retrieving connection 'books_connection'
[2024-10-08T05:30:13.158+0000] {sql.py:509} INFO - Running statement: 
    INSERT INTO books (title, authors, price, rating)
    VALUES (%s, %s, %s, %s)
    , parameters: ('Storytelling with Data: A Data Visualization Guide for Business Professionals', 'Cole Nussbaumer Knaflic', '27.', '4.6 out of 5 stars')
[2024-10-08T05:30:13.159+0000] {sql.py:518} INFO - Rows affected: 1
[2024-10-08T05:30:13.162+0000] {base.py:84} INFO - Retrieving connection 'books_connection'
[2024-10-08T05:30:13.163+0000] {sql.py:509} INFO - Running statement: 
    INSERT INTO books (title, authors, price, rating)
    VALUES (%s, %s, %s, %s)
    , parameters: ('Data Mesh: Delivering Data-Driven Value at Scale', 'Zhamak Dehghani', '43.', '4.5 out of 5 stars')
[2024-10-08T05:30:13.164+0000] {sql.py:518} INFO - Rows affected: 1
[2024-10-08T05:30:13.167+0000] {base.py:84} INFO - Retrieving connection 'books_connection'
[2024-10-08T05:30:13.168+0000] {sql.py:509} INFO - Running statement: 
    INSERT INTO books (title, authors, price, rating)
    VALUES (%s, %s, %s, %s)
    , parameters: ('Data Engineering 101', 'Kindle', '0.', '3.9 out of 5 stars')
[2024-10-08T05:30:13.169+0000] {sql.py:518} INFO - Rows affected: 1
[2024-10-08T05:30:13.173+0000] {base.py:84} INFO - Retrieving connection 'books_connection'
[2024-10-08T05:30:13.176+0000] {sql.py:509} INFO - Running statement: 
    INSERT INTO books (title, authors, price, rating)
    VALUES (%s, %s, %s, %s)
    , parameters: ('Data Modeling with Snowflake: A practical guide to accelerating Snowflake development using universal data modeling techniques', 'Serge Gershkovich', '36.', '4.8 out of 5 stars')
[2024-10-08T05:30:13.177+0000] {sql.py:518} INFO - Rows affected: 1
[2024-10-08T05:30:13.181+0000] {base.py:84} INFO - Retrieving connection 'books_connection'
[2024-10-08T05:30:13.184+0000] {sql.py:509} INFO - Running statement: 
    INSERT INTO books (title, authors, price, rating)
    VALUES (%s, %s, %s, %s)
    , parameters: ('Official Google Cloud Certified Professional Data Engineer Study Guide', 'Dan Sullivan', '33.', '4.5 out of 5 stars')
[2024-10-08T05:30:13.185+0000] {sql.py:518} INFO - Rows affected: 1
[2024-10-08T05:30:13.193+0000] {base.py:84} INFO - Retrieving connection 'books_connection'
[2024-10-08T05:30:13.198+0000] {sql.py:509} INFO - Running statement: 
    INSERT INTO books (title, authors, price, rating)
    VALUES (%s, %s, %s, %s)
    , parameters: ('Machine Learning Engineering', 'Andriy Burkov', '39.', '4.7 out of 5 stars')
[2024-10-08T05:30:13.199+0000] {sql.py:518} INFO - Rows affected: 1
[2024-10-08T05:30:13.205+0000] {base.py:84} INFO - Retrieving connection 'books_connection'
[2024-10-08T05:30:13.210+0000] {sql.py:509} INFO - Running statement: 
    INSERT INTO books (title, authors, price, rating)
    VALUES (%s, %s, %s, %s)
    , parameters: ('Fundamentals of Data Observability: Implement Trustworthy End-to-End Data Solutions', 'Andy Petrella', '36.', '4.0 out of 5 stars')
[2024-10-08T05:30:13.215+0000] {sql.py:518} INFO - Rows affected: 1
[2024-10-08T05:30:13.231+0000] {base.py:84} INFO - Retrieving connection 'books_connection'
[2024-10-08T05:30:13.237+0000] {sql.py:509} INFO - Running statement: 
    INSERT INTO books (title, authors, price, rating)
    VALUES (%s, %s, %s, %s)
    , parameters: ('Modern Data Engineering with Apache Spark: A Hands-On Guide for Building Mission-Critical Streaming Applications', 'Scott Haines', '28.', '4.1 out of 5 stars')
[2024-10-08T05:30:13.239+0000] {sql.py:518} INFO - Rows affected: 1
[2024-10-08T05:30:13.247+0000] {base.py:84} INFO - Retrieving connection 'books_connection'
[2024-10-08T05:30:13.251+0000] {sql.py:509} INFO - Running statement: 
    INSERT INTO books (title, authors, price, rating)
    VALUES (%s, %s, %s, %s)
    , parameters: ('Python Feature Engineering Cookbook: A complete guide to crafting powerful features for your machine learning models', 'Soledad Galli', '44.', '5.0 out of 5 stars')
[2024-10-08T05:30:13.252+0000] {sql.py:518} INFO - Rows affected: 1
[2024-10-08T05:30:13.257+0000] {base.py:84} INFO - Retrieving connection 'books_connection'
[2024-10-08T05:30:13.260+0000] {sql.py:509} INFO - Running statement: 
    INSERT INTO books (title, authors, price, rating)
    VALUES (%s, %s, %s, %s)
    , parameters: ('Data Engineering with Databricks', 'Kindle', '0.', '3.4 out of 5 stars')
[2024-10-08T05:30:13.261+0000] {sql.py:518} INFO - Rows affected: 1
[2024-10-08T05:30:13.266+0000] {base.py:84} INFO - Retrieving connection 'books_connection'
[2024-10-08T05:30:13.268+0000] {sql.py:509} INFO - Running statement: 
    INSERT INTO books (title, authors, price, rating)
    VALUES (%s, %s, %s, %s)
    , parameters: ('Azure Data Factory by Example: Practical Implementation for Data Engineers', 'Richard Swinbank', '33.', '4.2 out of 5 stars')
[2024-10-08T05:30:13.269+0000] {sql.py:518} INFO - Rows affected: 1
[2024-10-08T05:30:13.274+0000] {base.py:84} INFO - Retrieving connection 'books_connection'
[2024-10-08T05:30:13.276+0000] {sql.py:509} INFO - Running statement: 
    INSERT INTO books (title, authors, price, rating)
    VALUES (%s, %s, %s, %s)
    , parameters: ('Data Quality Engineering in Financial Services: Applying Manufacturing Techniques to Data', 'Brian Buzzelli', '30.', '4.4 out of 5 stars')
[2024-10-08T05:30:13.277+0000] {sql.py:518} INFO - Rows affected: 1
[2024-10-08T05:30:13.282+0000] {base.py:84} INFO - Retrieving connection 'books_connection'
[2024-10-08T05:30:13.285+0000] {sql.py:509} INFO - Running statement: 
    INSERT INTO books (title, authors, price, rating)
    VALUES (%s, %s, %s, %s)
    , parameters: ('Prompt Engineering for Generative AI: Future-Proof Inputs for Reliable AI Outputs', 'James Phoenix', '53.', '4.5 out of 5 stars')
[2024-10-08T05:30:13.287+0000] {sql.py:518} INFO - Rows affected: 1
[2024-10-08T05:30:13.298+0000] {base.py:84} INFO - Retrieving connection 'books_connection'
[2024-10-08T05:30:13.303+0000] {sql.py:509} INFO - Running statement: 
    INSERT INTO books (title, authors, price, rating)
    VALUES (%s, %s, %s, %s)
    , parameters: ('Data Observability for Data Engineering: Proactive strategies for ensuring data accuracy and addressing broken data pipelines', 'Michele Pinto', '18.', '3.7 out of 5 stars')
[2024-10-08T05:30:13.304+0000] {sql.py:518} INFO - Rows affected: 1
[2024-10-08T05:30:13.310+0000] {base.py:84} INFO - Retrieving connection 'books_connection'
[2024-10-08T05:30:13.313+0000] {sql.py:509} INFO - Running statement: 
    INSERT INTO books (title, authors, price, rating)
    VALUES (%s, %s, %s, %s)
    , parameters: ('Better Data Visualizations: A Guide for Scholars, Researchers, and Wonks', 'Jonathan Schwabish', '26.', '4.5 out of 5 stars')
[2024-10-08T05:30:13.315+0000] {sql.py:518} INFO - Rows affected: 1
[2024-10-08T05:30:13.319+0000] {python.py:240} INFO - Done. Returned value was: None
[2024-10-08T05:30:13.327+0000] {taskinstance.py:340} INFO - ::group::Post task execution logs
[2024-10-08T05:30:13.328+0000] {taskinstance.py:352} INFO - Marking task as SUCCESS. dag_id=fetch_and_store_amazon_books, task_id=insert_book_data, run_id=scheduled__2024-09-06T00:00:00+00:00, execution_date=20240906T000000, start_date=20241008T053012, end_date=20241008T053013
[2024-10-08T05:30:13.335+0000] {logging_mixin.py:190} INFO - Task instance in success state
[2024-10-08T05:30:13.335+0000] {logging_mixin.py:190} INFO -  Previous state of the Task instance: running
[2024-10-08T05:30:13.336+0000] {logging_mixin.py:190} INFO - Dag name:fetch_and_store_amazon_books queued_at:2024-10-08 05:30:01.496208+00:00
[2024-10-08T05:30:13.336+0000] {logging_mixin.py:190} INFO - Task hostname:475658bd4f83 operator:PythonOperator
[2024-10-08T05:30:13.342+0000] {local_task_job_runner.py:261} INFO - Task exited with return code 0
[2024-10-08T05:30:13.355+0000] {taskinstance.py:3891} INFO - 0 downstream tasks scheduled from follow-on schedule check
[2024-10-08T05:30:13.357+0000] {local_task_job_runner.py:240} INFO - ::endgroup::
