[2024-10-08T05:30:16.322+0000] {local_task_job_runner.py:123} INFO - ::group::Pre task execution logs
[2024-10-08T05:30:16.366+0000] {taskinstance.py:2603} INFO - Dependencies all met for dep_context=non-requeueable deps ti=<TaskInstance: fetch_and_store_amazon_books.insert_book_data scheduled__2024-09-04T00:00:00+00:00 [queued]>
[2024-10-08T05:30:16.382+0000] {taskinstance.py:2603} INFO - Dependencies all met for dep_context=requeueable deps ti=<TaskInstance: fetch_and_store_amazon_books.insert_book_data scheduled__2024-09-04T00:00:00+00:00 [queued]>
[2024-10-08T05:30:16.385+0000] {taskinstance.py:2856} INFO - Starting attempt 1 of 2
[2024-10-08T05:30:16.424+0000] {taskinstance.py:2879} INFO - Executing <Task(PythonOperator): insert_book_data> on 2024-09-04 00:00:00+00:00
[2024-10-08T05:30:16.432+0000] {warnings.py:112} WARNING - /home/***/.local/lib/python3.12/site-packages/***/task/task_runner/standard_task_runner.py:70: DeprecationWarning: This process (pid=372) is multi-threaded, use of fork() may lead to deadlocks in the child.
  pid = os.fork()

[2024-10-08T05:30:16.435+0000] {standard_task_runner.py:72} INFO - Started process 383 to run task
[2024-10-08T05:30:16.438+0000] {standard_task_runner.py:104} INFO - Running: ['***', 'tasks', 'run', 'fetch_and_store_amazon_books', 'insert_book_data', 'scheduled__2024-09-04T00:00:00+00:00', '--job-id', '189', '--raw', '--subdir', 'DAGS_FOLDER/app.py', '--cfg-path', '/tmp/tmpr2sp7umm']
[2024-10-08T05:30:16.441+0000] {standard_task_runner.py:105} INFO - Job 189: Subtask insert_book_data
[2024-10-08T05:30:16.531+0000] {task_command.py:467} INFO - Running <TaskInstance: fetch_and_store_amazon_books.insert_book_data scheduled__2024-09-04T00:00:00+00:00 [running]> on host 475658bd4f83
[2024-10-08T05:30:16.660+0000] {taskinstance.py:3122} INFO - Exporting env vars: AIRFLOW_CTX_DAG_OWNER='***' AIRFLOW_CTX_DAG_ID='fetch_and_store_amazon_books' AIRFLOW_CTX_TASK_ID='insert_book_data' AIRFLOW_CTX_EXECUTION_DATE='2024-09-04T00:00:00+00:00' AIRFLOW_CTX_TRY_NUMBER='1' AIRFLOW_CTX_DAG_RUN_ID='scheduled__2024-09-04T00:00:00+00:00'
[2024-10-08T05:30:16.664+0000] {logging_mixin.py:190} INFO - Task instance is in running state
[2024-10-08T05:30:16.665+0000] {logging_mixin.py:190} INFO -  Previous state of the Task instance: queued
[2024-10-08T05:30:16.665+0000] {logging_mixin.py:190} INFO - Current task name:insert_book_data state:running start_date:2024-10-08 05:30:16.366750+00:00
[2024-10-08T05:30:16.666+0000] {logging_mixin.py:190} INFO - Dag name:fetch_and_store_amazon_books and current dag run status:running
[2024-10-08T05:30:16.666+0000] {taskinstance.py:731} INFO - ::endgroup::
[2024-10-08T05:30:16.689+0000] {base.py:84} INFO - Retrieving connection 'books_connection'
[2024-10-08T05:30:16.693+0000] {sql.py:509} INFO - Running statement: 
    INSERT INTO books (title, authors, price, rating)
    VALUES (%s, %s, %s, %s)
    , parameters: ('Data Engineering with AWS - Second Edition: Acquire the skills to design and build AWS-based data transformation pipelines like a pro', 'Gareth Eagar', '41.', '4.4 out of 5 stars')
[2024-10-08T05:30:16.695+0000] {sql.py:518} INFO - Rows affected: 1
[2024-10-08T05:30:16.703+0000] {base.py:84} INFO - Retrieving connection 'books_connection'
[2024-10-08T05:30:16.709+0000] {sql.py:509} INFO - Running statement: 
    INSERT INTO books (title, authors, price, rating)
    VALUES (%s, %s, %s, %s)
    , parameters: ('Azure Data Engineer Associate Certification Guide: Ace the DP-203 exam with advanced data engineering skills', 'Giacinto Palmieri', '49.', '4.4 out of 5 stars')
[2024-10-08T05:30:16.711+0000] {sql.py:518} INFO - Rows affected: 1
[2024-10-08T05:30:16.718+0000] {base.py:84} INFO - Retrieving connection 'books_connection'
[2024-10-08T05:30:16.726+0000] {sql.py:509} INFO - Running statement: 
    INSERT INTO books (title, authors, price, rating)
    VALUES (%s, %s, %s, %s)
    , parameters: ("Azure Data Factory Cookbook: A data engineer's guide to building and managing ETL and ELT pipelines with data integration", 'Dmitry Foshin', '51.', '4.2 out of 5 stars')
[2024-10-08T05:30:16.734+0000] {sql.py:518} INFO - Rows affected: 1
[2024-10-08T05:30:16.757+0000] {base.py:84} INFO - Retrieving connection 'books_connection'
[2024-10-08T05:30:16.769+0000] {sql.py:509} INFO - Running statement: 
    INSERT INTO books (title, authors, price, rating)
    VALUES (%s, %s, %s, %s)
    , parameters: ('Fundamentals of Data Engineering: Plan and Build Robust Data Systems', 'Joe Reis', '25.', '4.7 out of 5 stars')
[2024-10-08T05:30:16.773+0000] {sql.py:518} INFO - Rows affected: 1
[2024-10-08T05:30:16.784+0000] {base.py:84} INFO - Retrieving connection 'books_connection'
[2024-10-08T05:30:16.791+0000] {sql.py:509} INFO - Running statement: 
    INSERT INTO books (title, authors, price, rating)
    VALUES (%s, %s, %s, %s)
    , parameters: ('Designing Data-Intensive Applications: The Big Ideas Behind Reliable, Scalable, and Maintainable Systems', 'Martin Kleppmann', '55.', '4.7 out of 5 stars')
[2024-10-08T05:30:16.792+0000] {sql.py:518} INFO - Rows affected: 1
[2024-10-08T05:30:16.802+0000] {base.py:84} INFO - Retrieving connection 'books_connection'
[2024-10-08T05:30:16.807+0000] {sql.py:509} INFO - Running statement: 
    INSERT INTO books (title, authors, price, rating)
    VALUES (%s, %s, %s, %s)
    , parameters: ('Fundamentals of Data Analytics: Learn Essential Skills, Embrace the Future, and Catapult Your Career in the Data-Driven World—A Comprehensive Guide to Data Literacy for Beginners', 'Russell Dawson', '17.', '4.8 out of 5 stars')
[2024-10-08T05:30:16.808+0000] {sql.py:518} INFO - Rows affected: 1
[2024-10-08T05:30:16.817+0000] {base.py:84} INFO - Retrieving connection 'books_connection'
[2024-10-08T05:30:16.822+0000] {sql.py:509} INFO - Running statement: 
    INSERT INTO books (title, authors, price, rating)
    VALUES (%s, %s, %s, %s)
    , parameters: ("Ultimate Data Engineering with Databricks: Develop Scalable Data Pipelines Using Data Engineering's Core Tenets Such as Delta Tables, Ingestion, ... Security, and Scalability (English Edition)", 'Mayank Malhotra', '37.', '4.1 out of 5 stars')
[2024-10-08T05:30:16.823+0000] {sql.py:518} INFO - Rows affected: 1
[2024-10-08T05:30:16.833+0000] {base.py:84} INFO - Retrieving connection 'books_connection'
[2024-10-08T05:30:16.843+0000] {sql.py:509} INFO - Running statement: 
    INSERT INTO books (title, authors, price, rating)
    VALUES (%s, %s, %s, %s)
    , parameters: ('Data Analysis with Python and PySpark', 'Jonathan Rioux', '55.', '4.4 out of 5 stars')
[2024-10-08T05:30:16.846+0000] {sql.py:518} INFO - Rows affected: 1
[2024-10-08T05:30:16.863+0000] {base.py:84} INFO - Retrieving connection 'books_connection'
[2024-10-08T05:30:16.873+0000] {sql.py:509} INFO - Running statement: 
    INSERT INTO books (title, authors, price, rating)
    VALUES (%s, %s, %s, %s)
    , parameters: ('Data Engineering with Python: Work with massive datasets to design data models and automate data pipelines using Python', 'Paul Crickard', '37.', '4.1 out of 5 stars')
[2024-10-08T05:30:16.876+0000] {sql.py:518} INFO - Rows affected: 1
[2024-10-08T05:30:16.888+0000] {base.py:84} INFO - Retrieving connection 'books_connection'
[2024-10-08T05:30:16.905+0000] {sql.py:509} INFO - Running statement: 
    INSERT INTO books (title, authors, price, rating)
    VALUES (%s, %s, %s, %s)
    , parameters: ('Cracking the Data Engineering Interview: Land your dream job with the help of resume-building tips, over 100 mock questions, and a unique portfolio', 'Kedeisha Bryan', '26.', '4.4 out of 5 stars')
[2024-10-08T05:30:16.907+0000] {sql.py:518} INFO - Rows affected: 1
[2024-10-08T05:30:16.925+0000] {base.py:84} INFO - Retrieving connection 'books_connection'
[2024-10-08T05:30:16.930+0000] {sql.py:509} INFO - Running statement: 
    INSERT INTO books (title, authors, price, rating)
    VALUES (%s, %s, %s, %s)
    , parameters: ('Data Pipelines Pocket Reference: Moving and Processing Data for Analytics', 'James Densmore', '17.', '4.5 out of 5 stars')
[2024-10-08T05:30:16.933+0000] {sql.py:518} INFO - Rows affected: 1
[2024-10-08T05:30:16.953+0000] {base.py:84} INFO - Retrieving connection 'books_connection'
[2024-10-08T05:30:16.963+0000] {sql.py:509} INFO - Running statement: 
    INSERT INTO books (title, authors, price, rating)
    VALUES (%s, %s, %s, %s)
    , parameters: ('Ace the Data Science Interview: 201 Real Interview Questions Asked By FAANG, Tech Startups, & Wall Street', 'Nick Singh', '42.', '4.5 out of 5 stars')
[2024-10-08T05:30:16.966+0000] {sql.py:518} INFO - Rows affected: 1
[2024-10-08T05:30:16.976+0000] {base.py:84} INFO - Retrieving connection 'books_connection'
[2024-10-08T05:30:16.983+0000] {sql.py:509} INFO - Running statement: 
    INSERT INTO books (title, authors, price, rating)
    VALUES (%s, %s, %s, %s)
    , parameters: ('Ace the Data Engineering Interview: Questions and Answers for Python, SQL, Data Modeling and More', 'Sean Coyne', '24.', '3.8 out of 5 stars')
[2024-10-08T05:30:16.984+0000] {sql.py:518} INFO - Rows affected: 1
[2024-10-08T05:30:16.993+0000] {base.py:84} INFO - Retrieving connection 'books_connection'
[2024-10-08T05:30:16.998+0000] {sql.py:509} INFO - Running statement: 
    INSERT INTO books (title, authors, price, rating)
    VALUES (%s, %s, %s, %s)
    , parameters: ('Data Engineering with Databricks Cookbook: Build effective data and AI solutions using Apache Spark, Databricks, and Delta Lake', 'Pulkit Chadha', '49.', '4.3 out of 5 stars')
[2024-10-08T05:30:17.001+0000] {sql.py:518} INFO - Rows affected: 1
[2024-10-08T05:30:17.008+0000] {base.py:84} INFO - Retrieving connection 'books_connection'
[2024-10-08T05:30:17.012+0000] {sql.py:509} INFO - Running statement: 
    INSERT INTO books (title, authors, price, rating)
    VALUES (%s, %s, %s, %s)
    , parameters: ('Software Engineering for Data Scientists: From Notebooks to Scalable Systems', 'Catherine Nelson', '51.', '4.4 out of 5 stars')
[2024-10-08T05:30:17.015+0000] {sql.py:518} INFO - Rows affected: 1
[2024-10-08T05:30:17.036+0000] {base.py:84} INFO - Retrieving connection 'books_connection'
[2024-10-08T05:30:17.044+0000] {sql.py:509} INFO - Running statement: 
    INSERT INTO books (title, authors, price, rating)
    VALUES (%s, %s, %s, %s)
    , parameters: ('Data Engineering with dbt: A practical guide to building a cloud-based, pragmatic, and dependable data platform with SQL', 'Roberto Zagni', '37.', '4.6 out of 5 stars')
[2024-10-08T05:30:17.048+0000] {sql.py:518} INFO - Rows affected: 1
[2024-10-08T05:30:17.057+0000] {base.py:84} INFO - Retrieving connection 'books_connection'
[2024-10-08T05:30:17.062+0000] {sql.py:509} INFO - Running statement: 
    INSERT INTO books (title, authors, price, rating)
    VALUES (%s, %s, %s, %s)
    , parameters: ('Data Observability for Data Engineering: Proactive strategies for ensuring data accuracy and addressing broken data pipelines', 'Michele Pinto', '36.', '3.7 out of 5 stars')
[2024-10-08T05:30:17.064+0000] {sql.py:518} INFO - Rows affected: 1
[2024-10-08T05:30:17.074+0000] {base.py:84} INFO - Retrieving connection 'books_connection'
[2024-10-08T05:30:17.080+0000] {sql.py:509} INFO - Running statement: 
    INSERT INTO books (title, authors, price, rating)
    VALUES (%s, %s, %s, %s)
    , parameters: ('Essentials of Data Engineering', 'Dr. Mukesh Saini', '19.', '5.0 out of 5 stars')
[2024-10-08T05:30:17.082+0000] {sql.py:518} INFO - Rows affected: 1
[2024-10-08T05:30:17.093+0000] {base.py:84} INFO - Retrieving connection 'books_connection'
[2024-10-08T05:30:17.097+0000] {sql.py:509} INFO - Running statement: 
    INSERT INTO books (title, authors, price, rating)
    VALUES (%s, %s, %s, %s)
    , parameters: ('Data Engineering with AWS: Learn how to design and build cloud-based data transformation pipelines using AWS', 'Gareth Eagar', '49.', '4.4 out of 5 stars')
[2024-10-08T05:30:17.098+0000] {sql.py:518} INFO - Rows affected: 1
[2024-10-08T05:30:17.105+0000] {base.py:84} INFO - Retrieving connection 'books_connection'
[2024-10-08T05:30:17.115+0000] {sql.py:509} INFO - Running statement: 
    INSERT INTO books (title, authors, price, rating)
    VALUES (%s, %s, %s, %s)
    , parameters: ('Data Engineering with Python cookbook: Learn to build efficient data pipelines using the Modern Cloud Data Stack', 'Adithyan Ramanujakootam', '32.', '5.0 out of 5 stars')
[2024-10-08T05:30:17.120+0000] {sql.py:518} INFO - Rows affected: 1
[2024-10-08T05:30:17.134+0000] {base.py:84} INFO - Retrieving connection 'books_connection'
[2024-10-08T05:30:17.139+0000] {sql.py:509} INFO - Running statement: 
    INSERT INTO books (title, authors, price, rating)
    VALUES (%s, %s, %s, %s)
    , parameters: ("Data Quality Fundamentals: A Practitioner's Guide to Building Trustworthy Data Pipelines", 'Paperback', '45.', '4.1 out of 5 stars')
[2024-10-08T05:30:17.140+0000] {sql.py:518} INFO - Rows affected: 1
[2024-10-08T05:30:17.151+0000] {base.py:84} INFO - Retrieving connection 'books_connection'
[2024-10-08T05:30:17.156+0000] {sql.py:509} INFO - Running statement: 
    INSERT INTO books (title, authors, price, rating)
    VALUES (%s, %s, %s, %s)
    , parameters: ('Build a Career in Data Science', 'Emily Robinson', '35.', '4.6 out of 5 stars')
[2024-10-08T05:30:17.157+0000] {sql.py:518} INFO - Rows affected: 1
[2024-10-08T05:30:17.164+0000] {base.py:84} INFO - Retrieving connection 'books_connection'
[2024-10-08T05:30:17.169+0000] {sql.py:509} INFO - Running statement: 
    INSERT INTO books (title, authors, price, rating)
    VALUES (%s, %s, %s, %s)
    , parameters: ('Data Engineering with Google Cloud Platform: A practical guide to operationalizing scalable data analytics systems on GCP', 'Adi Wijaya', '41.', '4.7 out of 5 stars')
[2024-10-08T05:30:17.170+0000] {sql.py:518} INFO - Rows affected: 1
[2024-10-08T05:30:17.175+0000] {base.py:84} INFO - Retrieving connection 'books_connection'
[2024-10-08T05:30:17.179+0000] {sql.py:509} INFO - Running statement: 
    INSERT INTO books (title, authors, price, rating)
    VALUES (%s, %s, %s, %s)
    , parameters: ('DATA ENGINEERING AND AI FOR BEGINNERS: Revolutionizing Data Processing and Analytics by Leveraging Artificial Intelligence for Efficient Input Collection, Storage, and Transformation (World of AI)', 'Paperback', '13.', '4.3 out of 5 stars')
[2024-10-08T05:30:17.180+0000] {sql.py:518} INFO - Rows affected: 1
[2024-10-08T05:30:17.186+0000] {base.py:84} INFO - Retrieving connection 'books_connection'
[2024-10-08T05:30:17.190+0000] {sql.py:509} INFO - Running statement: 
    INSERT INTO books (title, authors, price, rating)
    VALUES (%s, %s, %s, %s)
    , parameters: ('Fundamentals of Data Engineering: A Comprehensive Guide to Designing, Building, and Managing Data Pipelines, Storage Solutions, and Processing Frameworks.', 'Paperback', '14.', '5.0 out of 5 stars')
[2024-10-08T05:30:17.191+0000] {sql.py:518} INFO - Rows affected: 1
[2024-10-08T05:30:17.201+0000] {base.py:84} INFO - Retrieving connection 'books_connection'
[2024-10-08T05:30:17.210+0000] {sql.py:509} INFO - Running statement: 
    INSERT INTO books (title, authors, price, rating)
    VALUES (%s, %s, %s, %s)
    , parameters: ('Data Privacy: A runbook for engineers', 'Nishant Bhajaria', '35.', '4.8 out of 5 stars')
[2024-10-08T05:30:17.212+0000] {sql.py:518} INFO - Rows affected: 1
[2024-10-08T05:30:17.228+0000] {base.py:84} INFO - Retrieving connection 'books_connection'
[2024-10-08T05:30:17.235+0000] {sql.py:509} INFO - Running statement: 
    INSERT INTO books (title, authors, price, rating)
    VALUES (%s, %s, %s, %s)
    , parameters: ('Data Engineering Fundamentals for Beginners: Mastering the Art of Building, Managing, and Scaling Data Systems', 'Paperback', '14.', '5.0 out of 5 stars')
[2024-10-08T05:30:17.237+0000] {sql.py:518} INFO - Rows affected: 1
[2024-10-08T05:30:17.244+0000] {base.py:84} INFO - Retrieving connection 'books_connection'
[2024-10-08T05:30:17.249+0000] {sql.py:509} INFO - Running statement: 
    INSERT INTO books (title, authors, price, rating)
    VALUES (%s, %s, %s, %s)
    , parameters: ("Engineering Data Mesh in Azure Cloud: Implement data mesh using Microsoft Azure's Cloud Adoption Framework", 'Paperback', '47.', '4.5 out of 5 stars')
[2024-10-08T05:30:17.251+0000] {sql.py:518} INFO - Rows affected: 1
[2024-10-08T05:30:17.260+0000] {base.py:84} INFO - Retrieving connection 'books_connection'
[2024-10-08T05:30:17.274+0000] {sql.py:509} INFO - Running statement: 
    INSERT INTO books (title, authors, price, rating)
    VALUES (%s, %s, %s, %s)
    , parameters: ('Data Engineering with Apache Spark, Delta Lake, and Lakehouse: Create scalable pipelines that ingest, curate, and aggregate complex data in a timely and secure way', 'Manoj Kukreja', '46.', '3.9 out of 5 stars')
[2024-10-08T05:30:17.277+0000] {sql.py:518} INFO - Rows affected: 1
[2024-10-08T05:30:17.295+0000] {base.py:84} INFO - Retrieving connection 'books_connection'
[2024-10-08T05:30:17.301+0000] {sql.py:509} INFO - Running statement: 
    INSERT INTO books (title, authors, price, rating)
    VALUES (%s, %s, %s, %s)
    , parameters: ('Data-Driven Science and Engineering: Machine Learning, Dynamical Systems, and Control', 'Steven L. Brunton', '64.', '4.8 out of 5 stars')
[2024-10-08T05:30:17.304+0000] {sql.py:518} INFO - Rows affected: 1
[2024-10-08T05:30:17.317+0000] {base.py:84} INFO - Retrieving connection 'books_connection'
[2024-10-08T05:30:17.326+0000] {sql.py:509} INFO - Running statement: 
    INSERT INTO books (title, authors, price, rating)
    VALUES (%s, %s, %s, %s)
    , parameters: ('Data Engineering with Google Cloud Platform: A guide to leveling up as a data engineer by building a scalable data platform with Google Cloud', 'Adi Wijaya', '40.', '4.8 out of 5 stars')
[2024-10-08T05:30:17.328+0000] {sql.py:518} INFO - Rows affected: 1
[2024-10-08T05:30:17.345+0000] {base.py:84} INFO - Retrieving connection 'books_connection'
[2024-10-08T05:30:17.366+0000] {sql.py:509} INFO - Running statement: 
    INSERT INTO books (title, authors, price, rating)
    VALUES (%s, %s, %s, %s)
    , parameters: ("Data: Principles To Practice - Volume 1 'Foundations': Essential Foundations: Key Concepts behind Data Architecture, Engineering and Analysis for Professionals", 'Mr Alex Holloway', '12.', '4.6 out of 5 stars')
[2024-10-08T05:30:17.370+0000] {sql.py:518} INFO - Rows affected: 1
[2024-10-08T05:30:17.393+0000] {base.py:84} INFO - Retrieving connection 'books_connection'
[2024-10-08T05:30:17.402+0000] {sql.py:509} INFO - Running statement: 
    INSERT INTO books (title, authors, price, rating)
    VALUES (%s, %s, %s, %s)
    , parameters: ('97 Things Every Data Engineer Should Know: Collective Wisdom from the Experts', 'Tobias Macey', '28.', '4.1 out of 5 stars')
[2024-10-08T05:30:17.406+0000] {sql.py:518} INFO - Rows affected: 1
[2024-10-08T05:30:17.427+0000] {base.py:84} INFO - Retrieving connection 'books_connection'
[2024-10-08T05:30:17.445+0000] {sql.py:509} INFO - Running statement: 
    INSERT INTO books (title, authors, price, rating)
    VALUES (%s, %s, %s, %s)
    , parameters: ('Python Data Engineering Resources: Forge Your Path to Success in Data Engineering, Machine Learning and AI', 'Vajo Lukic', '0.', '4.9 out of 5 stars')
[2024-10-08T05:30:17.449+0000] {sql.py:518} INFO - Rows affected: 1
[2024-10-08T05:30:17.466+0000] {base.py:84} INFO - Retrieving connection 'books_connection'
[2024-10-08T05:30:17.501+0000] {sql.py:509} INFO - Running statement: 
    INSERT INTO books (title, authors, price, rating)
    VALUES (%s, %s, %s, %s)
    , parameters: ('Analytics Engineering with SQL and dbt: Building Meaningful Data Models at Scale', 'Rui Pedro Machado', '41.', '3.9 out of 5 stars')
[2024-10-08T05:30:17.505+0000] {sql.py:518} INFO - Rows affected: 1
[2024-10-08T05:30:17.530+0000] {base.py:84} INFO - Retrieving connection 'books_connection'
[2024-10-08T05:30:17.538+0000] {sql.py:509} INFO - Running statement: 
    INSERT INTO books (title, authors, price, rating)
    VALUES (%s, %s, %s, %s)
    , parameters: ('Data Engineering with Scala and Spark: Build streaming and batch pipelines that process massive amounts of data using Scala', 'Eric Tome', '29.', '4.1 out of 5 stars')
[2024-10-08T05:30:17.541+0000] {sql.py:518} INFO - Rows affected: 1
[2024-10-08T05:30:17.573+0000] {base.py:84} INFO - Retrieving connection 'books_connection'
[2024-10-08T05:30:17.583+0000] {sql.py:509} INFO - Running statement: 
    INSERT INTO books (title, authors, price, rating)
    VALUES (%s, %s, %s, %s)
    , parameters: ('Storytelling with Data: A Data Visualization Guide for Business Professionals', 'Cole Nussbaumer Knaflic', '27.', '4.6 out of 5 stars')
[2024-10-08T05:30:17.586+0000] {sql.py:518} INFO - Rows affected: 1
[2024-10-08T05:30:17.601+0000] {base.py:84} INFO - Retrieving connection 'books_connection'
[2024-10-08T05:30:17.606+0000] {sql.py:509} INFO - Running statement: 
    INSERT INTO books (title, authors, price, rating)
    VALUES (%s, %s, %s, %s)
    , parameters: ('Data Mesh: Delivering Data-Driven Value at Scale', 'Zhamak Dehghani', '43.', '4.5 out of 5 stars')
[2024-10-08T05:30:17.608+0000] {sql.py:518} INFO - Rows affected: 1
[2024-10-08T05:30:17.624+0000] {base.py:84} INFO - Retrieving connection 'books_connection'
[2024-10-08T05:30:17.637+0000] {sql.py:509} INFO - Running statement: 
    INSERT INTO books (title, authors, price, rating)
    VALUES (%s, %s, %s, %s)
    , parameters: ('Data Engineering 101', 'Kindle', '0.', '3.9 out of 5 stars')
[2024-10-08T05:30:17.639+0000] {sql.py:518} INFO - Rows affected: 1
[2024-10-08T05:30:17.653+0000] {base.py:84} INFO - Retrieving connection 'books_connection'
[2024-10-08T05:30:17.663+0000] {sql.py:509} INFO - Running statement: 
    INSERT INTO books (title, authors, price, rating)
    VALUES (%s, %s, %s, %s)
    , parameters: ('Data Modeling with Snowflake: A practical guide to accelerating Snowflake development using universal data modeling techniques', 'Serge Gershkovich', '36.', '4.8 out of 5 stars')
[2024-10-08T05:30:17.664+0000] {sql.py:518} INFO - Rows affected: 1
[2024-10-08T05:30:17.685+0000] {base.py:84} INFO - Retrieving connection 'books_connection'
[2024-10-08T05:30:17.693+0000] {sql.py:509} INFO - Running statement: 
    INSERT INTO books (title, authors, price, rating)
    VALUES (%s, %s, %s, %s)
    , parameters: ('Official Google Cloud Certified Professional Data Engineer Study Guide', 'Dan Sullivan', '33.', '4.5 out of 5 stars')
[2024-10-08T05:30:17.696+0000] {sql.py:518} INFO - Rows affected: 1
[2024-10-08T05:30:17.711+0000] {base.py:84} INFO - Retrieving connection 'books_connection'
[2024-10-08T05:30:17.724+0000] {sql.py:509} INFO - Running statement: 
    INSERT INTO books (title, authors, price, rating)
    VALUES (%s, %s, %s, %s)
    , parameters: ('Machine Learning Engineering', 'Andriy Burkov', '39.', '4.7 out of 5 stars')
[2024-10-08T05:30:17.728+0000] {sql.py:518} INFO - Rows affected: 1
[2024-10-08T05:30:17.741+0000] {base.py:84} INFO - Retrieving connection 'books_connection'
[2024-10-08T05:30:17.746+0000] {sql.py:509} INFO - Running statement: 
    INSERT INTO books (title, authors, price, rating)
    VALUES (%s, %s, %s, %s)
    , parameters: ('Fundamentals of Data Observability: Implement Trustworthy End-to-End Data Solutions', 'Andy Petrella', '36.', '4.0 out of 5 stars')
[2024-10-08T05:30:17.747+0000] {sql.py:518} INFO - Rows affected: 1
[2024-10-08T05:30:17.758+0000] {base.py:84} INFO - Retrieving connection 'books_connection'
[2024-10-08T05:30:17.763+0000] {sql.py:509} INFO - Running statement: 
    INSERT INTO books (title, authors, price, rating)
    VALUES (%s, %s, %s, %s)
    , parameters: ('Modern Data Engineering with Apache Spark: A Hands-On Guide for Building Mission-Critical Streaming Applications', 'Scott Haines', '28.', '4.1 out of 5 stars')
[2024-10-08T05:30:17.764+0000] {sql.py:518} INFO - Rows affected: 1
[2024-10-08T05:30:17.774+0000] {base.py:84} INFO - Retrieving connection 'books_connection'
[2024-10-08T05:30:17.782+0000] {sql.py:509} INFO - Running statement: 
    INSERT INTO books (title, authors, price, rating)
    VALUES (%s, %s, %s, %s)
    , parameters: ('Python Feature Engineering Cookbook: A complete guide to crafting powerful features for your machine learning models', 'Soledad Galli', '44.', '5.0 out of 5 stars')
[2024-10-08T05:30:17.785+0000] {sql.py:518} INFO - Rows affected: 1
[2024-10-08T05:30:17.797+0000] {base.py:84} INFO - Retrieving connection 'books_connection'
[2024-10-08T05:30:17.802+0000] {sql.py:509} INFO - Running statement: 
    INSERT INTO books (title, authors, price, rating)
    VALUES (%s, %s, %s, %s)
    , parameters: ('Data Engineering with Databricks', 'Kindle', '0.', '3.4 out of 5 stars')
[2024-10-08T05:30:17.804+0000] {sql.py:518} INFO - Rows affected: 1
[2024-10-08T05:30:17.813+0000] {base.py:84} INFO - Retrieving connection 'books_connection'
[2024-10-08T05:30:17.818+0000] {sql.py:509} INFO - Running statement: 
    INSERT INTO books (title, authors, price, rating)
    VALUES (%s, %s, %s, %s)
    , parameters: ('Azure Data Factory by Example: Practical Implementation for Data Engineers', 'Richard Swinbank', '33.', '4.2 out of 5 stars')
[2024-10-08T05:30:17.820+0000] {sql.py:518} INFO - Rows affected: 1
[2024-10-08T05:30:17.826+0000] {base.py:84} INFO - Retrieving connection 'books_connection'
[2024-10-08T05:30:17.829+0000] {sql.py:509} INFO - Running statement: 
    INSERT INTO books (title, authors, price, rating)
    VALUES (%s, %s, %s, %s)
    , parameters: ('Data Quality Engineering in Financial Services: Applying Manufacturing Techniques to Data', 'Brian Buzzelli', '30.', '4.4 out of 5 stars')
[2024-10-08T05:30:17.830+0000] {sql.py:518} INFO - Rows affected: 1
[2024-10-08T05:30:17.837+0000] {base.py:84} INFO - Retrieving connection 'books_connection'
[2024-10-08T05:30:17.840+0000] {sql.py:509} INFO - Running statement: 
    INSERT INTO books (title, authors, price, rating)
    VALUES (%s, %s, %s, %s)
    , parameters: ('Prompt Engineering for Generative AI: Future-Proof Inputs for Reliable AI Outputs', 'James Phoenix', '53.', '4.5 out of 5 stars')
[2024-10-08T05:30:17.843+0000] {sql.py:518} INFO - Rows affected: 1
[2024-10-08T05:30:17.848+0000] {base.py:84} INFO - Retrieving connection 'books_connection'
[2024-10-08T05:30:17.852+0000] {sql.py:509} INFO - Running statement: 
    INSERT INTO books (title, authors, price, rating)
    VALUES (%s, %s, %s, %s)
    , parameters: ('Better Data Visualizations: A Guide for Scholars, Researchers, and Wonks', 'Jonathan Schwabish', '26.', '4.5 out of 5 stars')
[2024-10-08T05:30:17.852+0000] {sql.py:518} INFO - Rows affected: 1
[2024-10-08T05:30:17.854+0000] {python.py:240} INFO - Done. Returned value was: None
[2024-10-08T05:30:17.868+0000] {taskinstance.py:340} INFO - ::group::Post task execution logs
[2024-10-08T05:30:17.868+0000] {taskinstance.py:352} INFO - Marking task as SUCCESS. dag_id=fetch_and_store_amazon_books, task_id=insert_book_data, run_id=scheduled__2024-09-04T00:00:00+00:00, execution_date=20240904T000000, start_date=20241008T053016, end_date=20241008T053017
[2024-10-08T05:30:17.903+0000] {logging_mixin.py:190} INFO - Task instance in success state
[2024-10-08T05:30:17.908+0000] {logging_mixin.py:190} INFO -  Previous state of the Task instance: running
[2024-10-08T05:30:17.909+0000] {logging_mixin.py:190} INFO - Dag name:fetch_and_store_amazon_books queued_at:2024-10-08 05:30:00.816216+00:00
[2024-10-08T05:30:17.909+0000] {logging_mixin.py:190} INFO - Task hostname:475658bd4f83 operator:PythonOperator
[2024-10-08T05:30:17.937+0000] {local_task_job_runner.py:261} INFO - Task exited with return code 0
[2024-10-08T05:30:17.985+0000] {taskinstance.py:3891} INFO - 0 downstream tasks scheduled from follow-on schedule check
[2024-10-08T05:30:17.987+0000] {local_task_job_runner.py:240} INFO - ::endgroup::
