[2024-10-08T05:14:52.154+0000] {local_task_job_runner.py:123} INFO - ::group::Pre task execution logs
[2024-10-08T05:14:52.206+0000] {taskinstance.py:2603} INFO - Dependencies all met for dep_context=non-requeueable deps ti=<TaskInstance: fetch_and_store_amazon_books.insert_book_data scheduled__2024-07-03T00:00:00+00:00 [queued]>
[2024-10-08T05:14:52.219+0000] {taskinstance.py:2603} INFO - Dependencies all met for dep_context=requeueable deps ti=<TaskInstance: fetch_and_store_amazon_books.insert_book_data scheduled__2024-07-03T00:00:00+00:00 [queued]>
[2024-10-08T05:14:52.220+0000] {taskinstance.py:2856} INFO - Starting attempt 1 of 2
[2024-10-08T05:14:52.235+0000] {taskinstance.py:2879} INFO - Executing <Task(PythonOperator): insert_book_data> on 2024-07-03 00:00:00+00:00
[2024-10-08T05:14:52.278+0000] {standard_task_runner.py:104} INFO - Running: ['***', 'tasks', 'run', 'fetch_and_store_amazon_books', 'insert_book_data', 'scheduled__2024-07-03T00:00:00+00:00', '--job-id', '66', '--raw', '--subdir', 'DAGS_FOLDER/app.py', '--cfg-path', '/tmp/tmp7f61krqc']
[2024-10-08T05:14:52.267+0000] {warnings.py:112} WARNING - /home/***/.local/lib/python3.12/site-packages/***/task/task_runner/standard_task_runner.py:70: DeprecationWarning: This process (pid=1350) is multi-threaded, use of fork() may lead to deadlocks in the child.
  pid = os.fork()

[2024-10-08T05:14:52.283+0000] {standard_task_runner.py:105} INFO - Job 66: Subtask insert_book_data
[2024-10-08T05:14:52.285+0000] {standard_task_runner.py:72} INFO - Started process 1352 to run task
[2024-10-08T05:14:52.416+0000] {task_command.py:467} INFO - Running <TaskInstance: fetch_and_store_amazon_books.insert_book_data scheduled__2024-07-03T00:00:00+00:00 [running]> on host a344f6bef387
[2024-10-08T05:14:52.569+0000] {taskinstance.py:3122} INFO - Exporting env vars: AIRFLOW_CTX_DAG_OWNER='***' AIRFLOW_CTX_DAG_ID='fetch_and_store_amazon_books' AIRFLOW_CTX_TASK_ID='insert_book_data' AIRFLOW_CTX_EXECUTION_DATE='2024-07-03T00:00:00+00:00' AIRFLOW_CTX_TRY_NUMBER='1' AIRFLOW_CTX_DAG_RUN_ID='scheduled__2024-07-03T00:00:00+00:00'
[2024-10-08T05:14:52.574+0000] {logging_mixin.py:190} INFO - Task instance is in running state
[2024-10-08T05:14:52.574+0000] {logging_mixin.py:190} INFO -  Previous state of the Task instance: queued
[2024-10-08T05:14:52.575+0000] {logging_mixin.py:190} INFO - Current task name:insert_book_data state:running start_date:2024-10-08 05:14:52.206715+00:00
[2024-10-08T05:14:52.575+0000] {logging_mixin.py:190} INFO - Dag name:fetch_and_store_amazon_books and current dag run status:running
[2024-10-08T05:14:52.576+0000] {taskinstance.py:731} INFO - ::endgroup::
[2024-10-08T05:14:52.609+0000] {base.py:84} INFO - Retrieving connection 'books_connection'
[2024-10-08T05:14:52.627+0000] {sql.py:509} INFO - Running statement: 
    INSERT INTO books (title, authors, price, rating)
    VALUES (%s, %s, %s, %s)
    , parameters: ('Data Engineering with AWS - Second Edition: Acquire the skills to design and build AWS-based data transformation pipelines like a pro', 'Gareth Eagar', '41.', '4.4 out of 5 stars')
[2024-10-08T05:14:52.630+0000] {sql.py:518} INFO - Rows affected: 1
[2024-10-08T05:14:52.646+0000] {base.py:84} INFO - Retrieving connection 'books_connection'
[2024-10-08T05:14:52.655+0000] {sql.py:509} INFO - Running statement: 
    INSERT INTO books (title, authors, price, rating)
    VALUES (%s, %s, %s, %s)
    , parameters: ('Azure Data Engineer Associate Certification Guide: Ace the DP-203 exam with advanced data engineering skills', 'Giacinto Palmieri', '49.', '4.4 out of 5 stars')
[2024-10-08T05:14:52.657+0000] {sql.py:518} INFO - Rows affected: 1
[2024-10-08T05:14:52.670+0000] {base.py:84} INFO - Retrieving connection 'books_connection'
[2024-10-08T05:14:52.688+0000] {sql.py:509} INFO - Running statement: 
    INSERT INTO books (title, authors, price, rating)
    VALUES (%s, %s, %s, %s)
    , parameters: ("Azure Data Factory Cookbook: A data engineer's guide to building and managing ETL and ELT pipelines with data integration", 'Dmitry Foshin', '51.', '4.2 out of 5 stars')
[2024-10-08T05:14:52.694+0000] {sql.py:518} INFO - Rows affected: 1
[2024-10-08T05:14:52.709+0000] {base.py:84} INFO - Retrieving connection 'books_connection'
[2024-10-08T05:14:52.718+0000] {sql.py:509} INFO - Running statement: 
    INSERT INTO books (title, authors, price, rating)
    VALUES (%s, %s, %s, %s)
    , parameters: ('Fundamentals of Data Engineering: Plan and Build Robust Data Systems', 'Joe Reis', '25.', '4.7 out of 5 stars')
[2024-10-08T05:14:52.721+0000] {sql.py:518} INFO - Rows affected: 1
[2024-10-08T05:14:52.731+0000] {base.py:84} INFO - Retrieving connection 'books_connection'
[2024-10-08T05:14:52.735+0000] {sql.py:509} INFO - Running statement: 
    INSERT INTO books (title, authors, price, rating)
    VALUES (%s, %s, %s, %s)
    , parameters: ('Designing Data-Intensive Applications: The Big Ideas Behind Reliable, Scalable, and Maintainable Systems', 'Martin Kleppmann', '55.', '4.7 out of 5 stars')
[2024-10-08T05:14:52.737+0000] {sql.py:518} INFO - Rows affected: 1
[2024-10-08T05:14:52.758+0000] {base.py:84} INFO - Retrieving connection 'books_connection'
[2024-10-08T05:14:52.778+0000] {sql.py:509} INFO - Running statement: 
    INSERT INTO books (title, authors, price, rating)
    VALUES (%s, %s, %s, %s)
    , parameters: ('Fundamentals of Data Analytics: Learn Essential Skills, Embrace the Future, and Catapult Your Career in the Data-Driven World—A Comprehensive Guide to Data Literacy for Beginners', 'Russell Dawson', '17.', '4.8 out of 5 stars')
[2024-10-08T05:14:52.791+0000] {sql.py:518} INFO - Rows affected: 1
[2024-10-08T05:14:52.828+0000] {base.py:84} INFO - Retrieving connection 'books_connection'
[2024-10-08T05:14:52.847+0000] {sql.py:509} INFO - Running statement: 
    INSERT INTO books (title, authors, price, rating)
    VALUES (%s, %s, %s, %s)
    , parameters: ("Ultimate Data Engineering with Databricks: Develop Scalable Data Pipelines Using Data Engineering's Core Tenets Such as Delta Tables, Ingestion, ... Security, and Scalability (English Edition)", 'Mayank Malhotra', '37.', '4.1 out of 5 stars')
[2024-10-08T05:14:52.849+0000] {sql.py:518} INFO - Rows affected: 1
[2024-10-08T05:14:52.877+0000] {base.py:84} INFO - Retrieving connection 'books_connection'
[2024-10-08T05:14:52.903+0000] {sql.py:509} INFO - Running statement: 
    INSERT INTO books (title, authors, price, rating)
    VALUES (%s, %s, %s, %s)
    , parameters: ('Data Engineering with dbt: A practical guide to building a cloud-based, pragmatic, and dependable data platform with SQL', 'Roberto Zagni', '37.', '4.6 out of 5 stars')
[2024-10-08T05:14:52.912+0000] {sql.py:518} INFO - Rows affected: 1
[2024-10-08T05:14:52.944+0000] {base.py:84} INFO - Retrieving connection 'books_connection'
[2024-10-08T05:14:52.955+0000] {sql.py:509} INFO - Running statement: 
    INSERT INTO books (title, authors, price, rating)
    VALUES (%s, %s, %s, %s)
    , parameters: ('Data Engineering with Python: Work with massive datasets to design data models and automate data pipelines using Python', 'Paul Crickard', '37.', '4.1 out of 5 stars')
[2024-10-08T05:14:52.962+0000] {sql.py:518} INFO - Rows affected: 1
[2024-10-08T05:14:52.980+0000] {base.py:84} INFO - Retrieving connection 'books_connection'
[2024-10-08T05:14:52.986+0000] {sql.py:509} INFO - Running statement: 
    INSERT INTO books (title, authors, price, rating)
    VALUES (%s, %s, %s, %s)
    , parameters: ('Cracking the Data Engineering Interview: Land your dream job with the help of resume-building tips, over 100 mock questions, and a unique portfolio', 'Kedeisha Bryan', '26.', '4.4 out of 5 stars')
[2024-10-08T05:14:52.990+0000] {sql.py:518} INFO - Rows affected: 1
[2024-10-08T05:14:53.018+0000] {base.py:84} INFO - Retrieving connection 'books_connection'
[2024-10-08T05:14:53.031+0000] {sql.py:509} INFO - Running statement: 
    INSERT INTO books (title, authors, price, rating)
    VALUES (%s, %s, %s, %s)
    , parameters: ('Data Pipelines Pocket Reference: Moving and Processing Data for Analytics', 'James Densmore', '17.', '4.5 out of 5 stars')
[2024-10-08T05:14:53.033+0000] {sql.py:518} INFO - Rows affected: 1
[2024-10-08T05:14:53.051+0000] {base.py:84} INFO - Retrieving connection 'books_connection'
[2024-10-08T05:14:53.059+0000] {sql.py:509} INFO - Running statement: 
    INSERT INTO books (title, authors, price, rating)
    VALUES (%s, %s, %s, %s)
    , parameters: ('Ace the Data Science Interview: 201 Real Interview Questions Asked By FAANG, Tech Startups, & Wall Street', 'Nick Singh', '42.', '4.5 out of 5 stars')
[2024-10-08T05:14:53.062+0000] {sql.py:518} INFO - Rows affected: 1
[2024-10-08T05:14:53.088+0000] {base.py:84} INFO - Retrieving connection 'books_connection'
[2024-10-08T05:14:53.105+0000] {sql.py:509} INFO - Running statement: 
    INSERT INTO books (title, authors, price, rating)
    VALUES (%s, %s, %s, %s)
    , parameters: ('Ace the Data Engineering Interview: Questions and Answers for Python, SQL, Data Modeling and More', 'Sean Coyne', '24.', '3.8 out of 5 stars')
[2024-10-08T05:14:53.111+0000] {sql.py:518} INFO - Rows affected: 1
[2024-10-08T05:14:53.125+0000] {base.py:84} INFO - Retrieving connection 'books_connection'
[2024-10-08T05:14:53.134+0000] {sql.py:509} INFO - Running statement: 
    INSERT INTO books (title, authors, price, rating)
    VALUES (%s, %s, %s, %s)
    , parameters: ('Data Engineering with Databricks Cookbook: Build effective data and AI solutions using Apache Spark, Databricks, and Delta Lake', 'Pulkit Chadha', '49.', '4.3 out of 5 stars')
[2024-10-08T05:14:53.145+0000] {sql.py:518} INFO - Rows affected: 1
[2024-10-08T05:14:53.193+0000] {base.py:84} INFO - Retrieving connection 'books_connection'
[2024-10-08T05:14:53.201+0000] {sql.py:509} INFO - Running statement: 
    INSERT INTO books (title, authors, price, rating)
    VALUES (%s, %s, %s, %s)
    , parameters: ('Software Engineering for Data Scientists: From Notebooks to Scalable Systems', 'Catherine Nelson', '51.', '4.4 out of 5 stars')
[2024-10-08T05:14:53.206+0000] {sql.py:518} INFO - Rows affected: 1
[2024-10-08T05:14:53.219+0000] {base.py:84} INFO - Retrieving connection 'books_connection'
[2024-10-08T05:14:53.227+0000] {sql.py:509} INFO - Running statement: 
    INSERT INTO books (title, authors, price, rating)
    VALUES (%s, %s, %s, %s)
    , parameters: ('Essentials of Data Engineering', 'Dr. Mukesh Saini', '19.', '5.0 out of 5 stars')
[2024-10-08T05:14:53.230+0000] {sql.py:518} INFO - Rows affected: 1
[2024-10-08T05:14:53.271+0000] {base.py:84} INFO - Retrieving connection 'books_connection'
[2024-10-08T05:14:53.285+0000] {sql.py:509} INFO - Running statement: 
    INSERT INTO books (title, authors, price, rating)
    VALUES (%s, %s, %s, %s)
    , parameters: ('Data Engineering with AWS: Learn how to design and build cloud-based data transformation pipelines using AWS', 'Gareth Eagar', '49.', '4.4 out of 5 stars')
[2024-10-08T05:14:53.287+0000] {sql.py:518} INFO - Rows affected: 1
[2024-10-08T05:14:53.307+0000] {base.py:84} INFO - Retrieving connection 'books_connection'
[2024-10-08T05:14:53.318+0000] {sql.py:509} INFO - Running statement: 
    INSERT INTO books (title, authors, price, rating)
    VALUES (%s, %s, %s, %s)
    , parameters: ('Data Engineering with Python cookbook: Learn to build efficient data pipelines using the Modern Cloud Data Stack', 'Adithyan Ramanujakootam', '32.', '5.0 out of 5 stars')
[2024-10-08T05:14:53.323+0000] {sql.py:518} INFO - Rows affected: 1
[2024-10-08T05:14:53.341+0000] {base.py:84} INFO - Retrieving connection 'books_connection'
[2024-10-08T05:14:53.347+0000] {sql.py:509} INFO - Running statement: 
    INSERT INTO books (title, authors, price, rating)
    VALUES (%s, %s, %s, %s)
    , parameters: ("Data Quality Fundamentals: A Practitioner's Guide to Building Trustworthy Data Pipelines", 'Paperback', '45.', '4.1 out of 5 stars')
[2024-10-08T05:14:53.349+0000] {sql.py:518} INFO - Rows affected: 1
[2024-10-08T05:14:53.361+0000] {base.py:84} INFO - Retrieving connection 'books_connection'
[2024-10-08T05:14:53.365+0000] {sql.py:509} INFO - Running statement: 
    INSERT INTO books (title, authors, price, rating)
    VALUES (%s, %s, %s, %s)
    , parameters: ('Fundamentals of Data Engineering: A Comprehensive Guide to Designing, Building, and Managing Data Pipelines, Storage Solutions, and Processing Frameworks.', 'Paperback', '14.', '5.0 out of 5 stars')
[2024-10-08T05:14:53.371+0000] {sql.py:518} INFO - Rows affected: 1
[2024-10-08T05:14:53.396+0000] {base.py:84} INFO - Retrieving connection 'books_connection'
[2024-10-08T05:14:53.405+0000] {sql.py:509} INFO - Running statement: 
    INSERT INTO books (title, authors, price, rating)
    VALUES (%s, %s, %s, %s)
    , parameters: ('Data Engineering with Google Cloud Platform: A practical guide to operationalizing scalable data analytics systems on GCP', 'Adi Wijaya', '41.', '4.7 out of 5 stars')
[2024-10-08T05:14:53.406+0000] {sql.py:518} INFO - Rows affected: 1
[2024-10-08T05:14:53.420+0000] {base.py:84} INFO - Retrieving connection 'books_connection'
[2024-10-08T05:14:53.426+0000] {sql.py:509} INFO - Running statement: 
    INSERT INTO books (title, authors, price, rating)
    VALUES (%s, %s, %s, %s)
    , parameters: ('DATA ENGINEERING AND AI FOR BEGINNERS: Revolutionizing Data Processing and Analytics by Leveraging Artificial Intelligence for Efficient Input Collection, Storage, and Transformation (World of AI)', 'Paperback', '13.', '4.3 out of 5 stars')
[2024-10-08T05:14:53.428+0000] {sql.py:518} INFO - Rows affected: 1
[2024-10-08T05:14:53.438+0000] {base.py:84} INFO - Retrieving connection 'books_connection'
[2024-10-08T05:14:53.443+0000] {sql.py:509} INFO - Running statement: 
    INSERT INTO books (title, authors, price, rating)
    VALUES (%s, %s, %s, %s)
    , parameters: ('Data Privacy: A runbook for engineers', 'Nishant Bhajaria', '35.', '4.8 out of 5 stars')
[2024-10-08T05:14:53.445+0000] {sql.py:518} INFO - Rows affected: 1
[2024-10-08T05:14:53.458+0000] {base.py:84} INFO - Retrieving connection 'books_connection'
[2024-10-08T05:14:53.472+0000] {sql.py:509} INFO - Running statement: 
    INSERT INTO books (title, authors, price, rating)
    VALUES (%s, %s, %s, %s)
    , parameters: ("Data: Principles To Practice - Volume 1 'Foundations': Essential Foundations: Key Concepts behind Data Architecture, Engineering and Analysis for Professionals", 'Mr Alex Holloway', '12.', '4.6 out of 5 stars')
[2024-10-08T05:14:53.475+0000] {sql.py:518} INFO - Rows affected: 1
[2024-10-08T05:14:53.491+0000] {base.py:84} INFO - Retrieving connection 'books_connection'
[2024-10-08T05:14:53.498+0000] {sql.py:509} INFO - Running statement: 
    INSERT INTO books (title, authors, price, rating)
    VALUES (%s, %s, %s, %s)
    , parameters: ('Data Engineering Fundamentals for Beginners: Mastering the Art of Building, Managing, and Scaling Data Systems', 'Paperback', '14.', '5.0 out of 5 stars')
[2024-10-08T05:14:53.500+0000] {sql.py:518} INFO - Rows affected: 1
[2024-10-08T05:14:53.512+0000] {base.py:84} INFO - Retrieving connection 'books_connection'
[2024-10-08T05:14:53.518+0000] {sql.py:509} INFO - Running statement: 
    INSERT INTO books (title, authors, price, rating)
    VALUES (%s, %s, %s, %s)
    , parameters: ("Engineering Data Mesh in Azure Cloud: Implement data mesh using Microsoft Azure's Cloud Adoption Framework", 'Paperback', '47.', '4.5 out of 5 stars')
[2024-10-08T05:14:53.521+0000] {sql.py:518} INFO - Rows affected: 1
[2024-10-08T05:14:53.550+0000] {base.py:84} INFO - Retrieving connection 'books_connection'
[2024-10-08T05:14:53.561+0000] {sql.py:509} INFO - Running statement: 
    INSERT INTO books (title, authors, price, rating)
    VALUES (%s, %s, %s, %s)
    , parameters: ('Data Engineering with Apache Spark, Delta Lake, and Lakehouse: Create scalable pipelines that ingest, curate, and aggregate complex data in a timely and secure way', 'Manoj Kukreja', '46.', '3.9 out of 5 stars')
[2024-10-08T05:14:53.564+0000] {sql.py:518} INFO - Rows affected: 1
[2024-10-08T05:14:53.581+0000] {base.py:84} INFO - Retrieving connection 'books_connection'
[2024-10-08T05:14:53.588+0000] {sql.py:509} INFO - Running statement: 
    INSERT INTO books (title, authors, price, rating)
    VALUES (%s, %s, %s, %s)
    , parameters: ('Data-Driven Science and Engineering: Machine Learning, Dynamical Systems, and Control', 'Steven L. Brunton', '64.', '4.8 out of 5 stars')
[2024-10-08T05:14:53.591+0000] {sql.py:518} INFO - Rows affected: 1
[2024-10-08T05:14:53.606+0000] {base.py:84} INFO - Retrieving connection 'books_connection'
[2024-10-08T05:14:53.611+0000] {sql.py:509} INFO - Running statement: 
    INSERT INTO books (title, authors, price, rating)
    VALUES (%s, %s, %s, %s)
    , parameters: ('Data Engineering with Google Cloud Platform: A guide to leveling up as a data engineer by building a scalable data platform with Google Cloud', 'Adi Wijaya', '40.', '4.8 out of 5 stars')
[2024-10-08T05:14:53.613+0000] {sql.py:518} INFO - Rows affected: 1
[2024-10-08T05:14:53.627+0000] {base.py:84} INFO - Retrieving connection 'books_connection'
[2024-10-08T05:14:53.649+0000] {sql.py:509} INFO - Running statement: 
    INSERT INTO books (title, authors, price, rating)
    VALUES (%s, %s, %s, %s)
    , parameters: ('97 Things Every Data Engineer Should Know: Collective Wisdom from the Experts', 'Tobias Macey', '28.', '4.1 out of 5 stars')
[2024-10-08T05:14:53.655+0000] {sql.py:518} INFO - Rows affected: 1
[2024-10-08T05:14:53.671+0000] {base.py:84} INFO - Retrieving connection 'books_connection'
[2024-10-08T05:14:53.685+0000] {sql.py:509} INFO - Running statement: 
    INSERT INTO books (title, authors, price, rating)
    VALUES (%s, %s, %s, %s)
    , parameters: ('Python Data Engineering Resources: Forge Your Path to Success in Data Engineering, Machine Learning and AI', 'Vajo Lukic', '0.', '4.9 out of 5 stars')
[2024-10-08T05:14:53.687+0000] {sql.py:518} INFO - Rows affected: 1
[2024-10-08T05:14:53.703+0000] {base.py:84} INFO - Retrieving connection 'books_connection'
[2024-10-08T05:14:53.718+0000] {sql.py:509} INFO - Running statement: 
    INSERT INTO books (title, authors, price, rating)
    VALUES (%s, %s, %s, %s)
    , parameters: ('Analytics Engineering with SQL and dbt: Building Meaningful Data Models at Scale', 'Rui Pedro Machado', '41.', '3.9 out of 5 stars')
[2024-10-08T05:14:53.724+0000] {sql.py:518} INFO - Rows affected: 1
[2024-10-08T05:14:53.741+0000] {base.py:84} INFO - Retrieving connection 'books_connection'
[2024-10-08T05:14:53.755+0000] {sql.py:509} INFO - Running statement: 
    INSERT INTO books (title, authors, price, rating)
    VALUES (%s, %s, %s, %s)
    , parameters: ('Data Engineering with Scala and Spark: Build streaming and batch pipelines that process massive amounts of data using Scala', 'Eric Tome', '29.', '4.1 out of 5 stars')
[2024-10-08T05:14:53.759+0000] {sql.py:518} INFO - Rows affected: 1
[2024-10-08T05:14:53.780+0000] {base.py:84} INFO - Retrieving connection 'books_connection'
[2024-10-08T05:14:53.789+0000] {sql.py:509} INFO - Running statement: 
    INSERT INTO books (title, authors, price, rating)
    VALUES (%s, %s, %s, %s)
    , parameters: ('Storytelling with Data: A Data Visualization Guide for Business Professionals', 'Cole Nussbaumer Knaflic', '27.', '4.6 out of 5 stars')
[2024-10-08T05:14:53.796+0000] {sql.py:518} INFO - Rows affected: 1
[2024-10-08T05:14:53.815+0000] {base.py:84} INFO - Retrieving connection 'books_connection'
[2024-10-08T05:14:53.820+0000] {sql.py:509} INFO - Running statement: 
    INSERT INTO books (title, authors, price, rating)
    VALUES (%s, %s, %s, %s)
    , parameters: ('Data Mesh: Delivering Data-Driven Value at Scale', 'Zhamak Dehghani', '43.', '4.5 out of 5 stars')
[2024-10-08T05:14:53.822+0000] {sql.py:518} INFO - Rows affected: 1
[2024-10-08T05:14:53.843+0000] {base.py:84} INFO - Retrieving connection 'books_connection'
[2024-10-08T05:14:53.858+0000] {sql.py:509} INFO - Running statement: 
    INSERT INTO books (title, authors, price, rating)
    VALUES (%s, %s, %s, %s)
    , parameters: ('Data Engineering 101', 'Kindle', '0.', '3.9 out of 5 stars')
[2024-10-08T05:14:53.860+0000] {sql.py:518} INFO - Rows affected: 1
[2024-10-08T05:14:53.875+0000] {base.py:84} INFO - Retrieving connection 'books_connection'
[2024-10-08T05:14:53.884+0000] {sql.py:509} INFO - Running statement: 
    INSERT INTO books (title, authors, price, rating)
    VALUES (%s, %s, %s, %s)
    , parameters: ('Data Modeling with Snowflake: A practical guide to accelerating Snowflake development using universal data modeling techniques', 'Serge Gershkovich', '36.', '4.8 out of 5 stars')
[2024-10-08T05:14:53.888+0000] {sql.py:518} INFO - Rows affected: 1
[2024-10-08T05:14:53.909+0000] {base.py:84} INFO - Retrieving connection 'books_connection'
[2024-10-08T05:14:53.929+0000] {sql.py:509} INFO - Running statement: 
    INSERT INTO books (title, authors, price, rating)
    VALUES (%s, %s, %s, %s)
    , parameters: ('Official Google Cloud Certified Professional Data Engineer Study Guide', 'Dan Sullivan', '33.', '4.5 out of 5 stars')
[2024-10-08T05:14:53.935+0000] {sql.py:518} INFO - Rows affected: 1
[2024-10-08T05:14:53.947+0000] {base.py:84} INFO - Retrieving connection 'books_connection'
[2024-10-08T05:14:53.953+0000] {sql.py:509} INFO - Running statement: 
    INSERT INTO books (title, authors, price, rating)
    VALUES (%s, %s, %s, %s)
    , parameters: ('Machine Learning Engineering', 'Andriy Burkov', '39.', '4.7 out of 5 stars')
[2024-10-08T05:14:53.958+0000] {sql.py:518} INFO - Rows affected: 1
[2024-10-08T05:14:53.976+0000] {base.py:84} INFO - Retrieving connection 'books_connection'
[2024-10-08T05:14:53.989+0000] {sql.py:509} INFO - Running statement: 
    INSERT INTO books (title, authors, price, rating)
    VALUES (%s, %s, %s, %s)
    , parameters: ('Fundamentals of Data Observability: Implement Trustworthy End-to-End Data Solutions', 'Andy Petrella', '36.', '4.0 out of 5 stars')
[2024-10-08T05:14:53.991+0000] {sql.py:518} INFO - Rows affected: 1
[2024-10-08T05:14:54.004+0000] {base.py:84} INFO - Retrieving connection 'books_connection'
[2024-10-08T05:14:54.009+0000] {sql.py:509} INFO - Running statement: 
    INSERT INTO books (title, authors, price, rating)
    VALUES (%s, %s, %s, %s)
    , parameters: ('Modern Data Engineering with Apache Spark: A Hands-On Guide for Building Mission-Critical Streaming Applications', 'Scott Haines', '29.', '4.1 out of 5 stars')
[2024-10-08T05:14:54.012+0000] {sql.py:518} INFO - Rows affected: 1
[2024-10-08T05:14:54.020+0000] {base.py:84} INFO - Retrieving connection 'books_connection'
[2024-10-08T05:14:54.026+0000] {sql.py:509} INFO - Running statement: 
    INSERT INTO books (title, authors, price, rating)
    VALUES (%s, %s, %s, %s)
    , parameters: ('Python Feature Engineering Cookbook: A complete guide to crafting powerful features for your machine learning models', 'Soledad Galli', '44.', '5.0 out of 5 stars')
[2024-10-08T05:14:54.028+0000] {sql.py:518} INFO - Rows affected: 1
[2024-10-08T05:14:54.036+0000] {base.py:84} INFO - Retrieving connection 'books_connection'
[2024-10-08T05:14:54.040+0000] {sql.py:509} INFO - Running statement: 
    INSERT INTO books (title, authors, price, rating)
    VALUES (%s, %s, %s, %s)
    , parameters: ('Data Engineering with Databricks', 'Kindle', '0.', '3.4 out of 5 stars')
[2024-10-08T05:14:54.041+0000] {sql.py:518} INFO - Rows affected: 1
[2024-10-08T05:14:54.048+0000] {base.py:84} INFO - Retrieving connection 'books_connection'
[2024-10-08T05:14:54.051+0000] {sql.py:509} INFO - Running statement: 
    INSERT INTO books (title, authors, price, rating)
    VALUES (%s, %s, %s, %s)
    , parameters: ('Azure Data Factory by Example: Practical Implementation for Data Engineers', 'Richard Swinbank', '33.', '4.2 out of 5 stars')
[2024-10-08T05:14:54.053+0000] {sql.py:518} INFO - Rows affected: 1
[2024-10-08T05:14:54.059+0000] {base.py:84} INFO - Retrieving connection 'books_connection'
[2024-10-08T05:14:54.064+0000] {sql.py:509} INFO - Running statement: 
    INSERT INTO books (title, authors, price, rating)
    VALUES (%s, %s, %s, %s)
    , parameters: ('Data Quality Engineering in Financial Services: Applying Manufacturing Techniques to Data', 'Brian Buzzelli', '30.', '4.4 out of 5 stars')
[2024-10-08T05:14:54.065+0000] {sql.py:518} INFO - Rows affected: 1
[2024-10-08T05:14:54.071+0000] {base.py:84} INFO - Retrieving connection 'books_connection'
[2024-10-08T05:14:54.075+0000] {sql.py:509} INFO - Running statement: 
    INSERT INTO books (title, authors, price, rating)
    VALUES (%s, %s, %s, %s)
    , parameters: ('Prompt Engineering for Generative AI: Future-Proof Inputs for Reliable AI Outputs', 'James Phoenix', '53.', '4.5 out of 5 stars')
[2024-10-08T05:14:54.076+0000] {sql.py:518} INFO - Rows affected: 1
[2024-10-08T05:14:54.082+0000] {base.py:84} INFO - Retrieving connection 'books_connection'
[2024-10-08T05:14:54.085+0000] {sql.py:509} INFO - Running statement: 
    INSERT INTO books (title, authors, price, rating)
    VALUES (%s, %s, %s, %s)
    , parameters: ('Data Observability for Data Engineering: Proactive strategies for ensuring data accuracy and addressing broken data pipelines', 'Michele Pinto', '18.', '3.7 out of 5 stars')
[2024-10-08T05:14:54.086+0000] {sql.py:518} INFO - Rows affected: 1
[2024-10-08T05:14:54.092+0000] {base.py:84} INFO - Retrieving connection 'books_connection'
[2024-10-08T05:14:54.096+0000] {sql.py:509} INFO - Running statement: 
    INSERT INTO books (title, authors, price, rating)
    VALUES (%s, %s, %s, %s)
    , parameters: ('Better Data Visualizations: A Guide for Scholars, Researchers, and Wonks', 'Jonathan Schwabish', '26.', '4.5 out of 5 stars')
[2024-10-08T05:14:54.097+0000] {sql.py:518} INFO - Rows affected: 1
[2024-10-08T05:14:54.104+0000] {base.py:84} INFO - Retrieving connection 'books_connection'
[2024-10-08T05:14:54.107+0000] {sql.py:509} INFO - Running statement: 
    INSERT INTO books (title, authors, price, rating)
    VALUES (%s, %s, %s, %s)
    , parameters: ("Applied Machine Learning and AI for Engineers: Solve Business Problems That Can't Be Solved Algorithmically", 'Jeff Prosise', '70.', '4.5 out of 5 stars')
[2024-10-08T05:14:54.108+0000] {sql.py:518} INFO - Rows affected: 1
[2024-10-08T05:14:54.115+0000] {base.py:84} INFO - Retrieving connection 'books_connection'
[2024-10-08T05:14:54.120+0000] {sql.py:509} INFO - Running statement: 
    INSERT INTO books (title, authors, price, rating)
    VALUES (%s, %s, %s, %s)
    , parameters: ('Python Feature Engineering Cookbook: Over 70 recipes for creating, engineering, and transforming features to build machine learning models, 2nd Edition', 'Soledad Galli', '44.', '4.4 out of 5 stars')
[2024-10-08T05:14:54.121+0000] {sql.py:518} INFO - Rows affected: 1
[2024-10-08T05:14:54.125+0000] {python.py:240} INFO - Done. Returned value was: None
[2024-10-08T05:14:54.182+0000] {taskinstance.py:340} INFO - ::group::Post task execution logs
[2024-10-08T05:14:54.188+0000] {taskinstance.py:352} INFO - Marking task as SUCCESS. dag_id=fetch_and_store_amazon_books, task_id=insert_book_data, run_id=scheduled__2024-07-03T00:00:00+00:00, execution_date=20240703T000000, start_date=20241008T051452, end_date=20241008T051454
[2024-10-08T05:14:54.213+0000] {logging_mixin.py:190} INFO - Task instance in success state
[2024-10-08T05:14:54.213+0000] {logging_mixin.py:190} INFO -  Previous state of the Task instance: running
[2024-10-08T05:14:54.214+0000] {logging_mixin.py:190} INFO - Dag name:fetch_and_store_amazon_books queued_at:2024-10-08 05:08:31.517314+00:00
[2024-10-08T05:14:54.215+0000] {logging_mixin.py:190} INFO - Task hostname:a344f6bef387 operator:PythonOperator
[2024-10-08T05:14:54.259+0000] {local_task_job_runner.py:261} INFO - Task exited with return code 0
[2024-10-08T05:14:54.371+0000] {taskinstance.py:3891} INFO - 0 downstream tasks scheduled from follow-on schedule check
[2024-10-08T05:14:54.375+0000] {local_task_job_runner.py:240} INFO - ::endgroup::
