[2024-10-08T05:34:26.426+0000] {local_task_job_runner.py:123} INFO - ::group::Pre task execution logs
[2024-10-08T05:34:26.484+0000] {taskinstance.py:2603} INFO - Dependencies all met for dep_context=non-requeueable deps ti=<TaskInstance: fetch_and_store_amazon_books.insert_book_data scheduled__2024-09-27T00:00:00+00:00 [queued]>
[2024-10-08T05:34:26.513+0000] {taskinstance.py:2603} INFO - Dependencies all met for dep_context=requeueable deps ti=<TaskInstance: fetch_and_store_amazon_books.insert_book_data scheduled__2024-09-27T00:00:00+00:00 [queued]>
[2024-10-08T05:34:26.515+0000] {taskinstance.py:2856} INFO - Starting attempt 1 of 2
[2024-10-08T05:34:26.553+0000] {taskinstance.py:2879} INFO - Executing <Task(PythonOperator): insert_book_data> on 2024-09-27 00:00:00+00:00
[2024-10-08T05:34:26.579+0000] {warnings.py:112} WARNING - /home/***/.local/lib/python3.12/site-packages/***/task/task_runner/standard_task_runner.py:70: DeprecationWarning: This process (pid=154) is multi-threaded, use of fork() may lead to deadlocks in the child.
  pid = os.fork()

[2024-10-08T05:34:26.584+0000] {standard_task_runner.py:72} INFO - Started process 162 to run task
[2024-10-08T05:34:26.605+0000] {standard_task_runner.py:104} INFO - Running: ['***', 'tasks', 'run', 'fetch_and_store_amazon_books', 'insert_book_data', 'scheduled__2024-09-27T00:00:00+00:00', '--job-id', '255', '--raw', '--subdir', 'DAGS_FOLDER/app.py', '--cfg-path', '/tmp/tmp4hewb4zs']
[2024-10-08T05:34:26.610+0000] {standard_task_runner.py:105} INFO - Job 255: Subtask insert_book_data
[2024-10-08T05:34:26.793+0000] {task_command.py:467} INFO - Running <TaskInstance: fetch_and_store_amazon_books.insert_book_data scheduled__2024-09-27T00:00:00+00:00 [running]> on host 475658bd4f83
[2024-10-08T05:34:27.097+0000] {taskinstance.py:3122} INFO - Exporting env vars: AIRFLOW_CTX_DAG_OWNER='***' AIRFLOW_CTX_DAG_ID='fetch_and_store_amazon_books' AIRFLOW_CTX_TASK_ID='insert_book_data' AIRFLOW_CTX_EXECUTION_DATE='2024-09-27T00:00:00+00:00' AIRFLOW_CTX_TRY_NUMBER='1' AIRFLOW_CTX_DAG_RUN_ID='scheduled__2024-09-27T00:00:00+00:00'
[2024-10-08T05:34:27.110+0000] {logging_mixin.py:190} INFO - Task instance is in running state
[2024-10-08T05:34:27.110+0000] {logging_mixin.py:190} INFO -  Previous state of the Task instance: queued
[2024-10-08T05:34:27.114+0000] {logging_mixin.py:190} INFO - Current task name:insert_book_data state:running start_date:2024-10-08 05:34:26.486466+00:00
[2024-10-08T05:34:27.116+0000] {logging_mixin.py:190} INFO - Dag name:fetch_and_store_amazon_books and current dag run status:running
[2024-10-08T05:34:27.116+0000] {taskinstance.py:731} INFO - ::endgroup::
[2024-10-08T05:34:27.178+0000] {base.py:84} INFO - Retrieving connection 'books_connection'
[2024-10-08T05:34:27.200+0000] {sql.py:509} INFO - Running statement: 
    INSERT INTO books (title, authors, price, rating)
    VALUES (%s, %s, %s, %s)
    , parameters: ('Data Engineering with AWS - Second Edition: Acquire the skills to design and build AWS-based data transformation pipelines like a pro', 'Gareth Eagar', '41.', '4.4 out of 5 stars')
[2024-10-08T05:34:27.207+0000] {sql.py:518} INFO - Rows affected: 1
[2024-10-08T05:34:27.229+0000] {base.py:84} INFO - Retrieving connection 'books_connection'
[2024-10-08T05:34:27.247+0000] {sql.py:509} INFO - Running statement: 
    INSERT INTO books (title, authors, price, rating)
    VALUES (%s, %s, %s, %s)
    , parameters: ('Azure Data Engineer Associate Certification Guide: Ace the DP-203 exam with advanced data engineering skills', 'Giacinto Palmieri', '49.', '4.4 out of 5 stars')
[2024-10-08T05:34:27.253+0000] {sql.py:518} INFO - Rows affected: 1
[2024-10-08T05:34:27.285+0000] {base.py:84} INFO - Retrieving connection 'books_connection'
[2024-10-08T05:34:27.294+0000] {sql.py:509} INFO - Running statement: 
    INSERT INTO books (title, authors, price, rating)
    VALUES (%s, %s, %s, %s)
    , parameters: ("Azure Data Factory Cookbook: A data engineer's guide to building and managing ETL and ELT pipelines with data integration", 'Dmitry Foshin', '51.', '4.2 out of 5 stars')
[2024-10-08T05:34:27.297+0000] {sql.py:518} INFO - Rows affected: 1
[2024-10-08T05:34:27.310+0000] {base.py:84} INFO - Retrieving connection 'books_connection'
[2024-10-08T05:34:27.321+0000] {sql.py:509} INFO - Running statement: 
    INSERT INTO books (title, authors, price, rating)
    VALUES (%s, %s, %s, %s)
    , parameters: ('Fundamentals of Data Engineering: Plan and Build Robust Data Systems', 'Joe Reis', '25.', '4.7 out of 5 stars')
[2024-10-08T05:34:27.324+0000] {sql.py:518} INFO - Rows affected: 1
[2024-10-08T05:34:27.356+0000] {base.py:84} INFO - Retrieving connection 'books_connection'
[2024-10-08T05:34:27.364+0000] {sql.py:509} INFO - Running statement: 
    INSERT INTO books (title, authors, price, rating)
    VALUES (%s, %s, %s, %s)
    , parameters: ('Designing Data-Intensive Applications: The Big Ideas Behind Reliable, Scalable, and Maintainable Systems', 'Martin Kleppmann', '55.', '4.7 out of 5 stars')
[2024-10-08T05:34:27.366+0000] {sql.py:518} INFO - Rows affected: 1
[2024-10-08T05:34:27.392+0000] {base.py:84} INFO - Retrieving connection 'books_connection'
[2024-10-08T05:34:27.406+0000] {sql.py:509} INFO - Running statement: 
    INSERT INTO books (title, authors, price, rating)
    VALUES (%s, %s, %s, %s)
    , parameters: ('Fundamentals of Data Analytics: Learn Essential Skills, Embrace the Future, and Catapult Your Career in the Data-Driven World—A Comprehensive Guide to Data Literacy for Beginners', 'Russell Dawson', '17.', '4.8 out of 5 stars')
[2024-10-08T05:34:27.420+0000] {sql.py:518} INFO - Rows affected: 1
[2024-10-08T05:34:27.507+0000] {base.py:84} INFO - Retrieving connection 'books_connection'
[2024-10-08T05:34:27.567+0000] {sql.py:509} INFO - Running statement: 
    INSERT INTO books (title, authors, price, rating)
    VALUES (%s, %s, %s, %s)
    , parameters: ("Ultimate Data Engineering with Databricks: Develop Scalable Data Pipelines Using Data Engineering's Core Tenets Such as Delta Tables, Ingestion, ... Security, and Scalability (English Edition)", 'Mayank Malhotra', '37.', '4.1 out of 5 stars')
[2024-10-08T05:34:27.578+0000] {sql.py:518} INFO - Rows affected: 1
[2024-10-08T05:34:27.631+0000] {base.py:84} INFO - Retrieving connection 'books_connection'
[2024-10-08T05:34:27.683+0000] {sql.py:509} INFO - Running statement: 
    INSERT INTO books (title, authors, price, rating)
    VALUES (%s, %s, %s, %s)
    , parameters: ('Data Engineering with Python: Work with massive datasets to design data models and automate data pipelines using Python', 'Paul Crickard', '37.', '4.1 out of 5 stars')
[2024-10-08T05:34:27.685+0000] {sql.py:518} INFO - Rows affected: 1
[2024-10-08T05:34:27.703+0000] {base.py:84} INFO - Retrieving connection 'books_connection'
[2024-10-08T05:34:27.727+0000] {sql.py:509} INFO - Running statement: 
    INSERT INTO books (title, authors, price, rating)
    VALUES (%s, %s, %s, %s)
    , parameters: ('Cracking the Data Engineering Interview: Land your dream job with the help of resume-building tips, over 100 mock questions, and a unique portfolio', 'Kedeisha Bryan', '26.', '4.4 out of 5 stars')
[2024-10-08T05:34:27.737+0000] {sql.py:518} INFO - Rows affected: 1
[2024-10-08T05:34:27.774+0000] {base.py:84} INFO - Retrieving connection 'books_connection'
[2024-10-08T05:34:27.786+0000] {sql.py:509} INFO - Running statement: 
    INSERT INTO books (title, authors, price, rating)
    VALUES (%s, %s, %s, %s)
    , parameters: ('Data Pipelines Pocket Reference: Moving and Processing Data for Analytics', 'James Densmore', '17.', '4.5 out of 5 stars')
[2024-10-08T05:34:27.788+0000] {sql.py:518} INFO - Rows affected: 1
[2024-10-08T05:34:27.807+0000] {base.py:84} INFO - Retrieving connection 'books_connection'
[2024-10-08T05:34:27.832+0000] {sql.py:509} INFO - Running statement: 
    INSERT INTO books (title, authors, price, rating)
    VALUES (%s, %s, %s, %s)
    , parameters: ('Ace the Data Science Interview: 201 Real Interview Questions Asked By FAANG, Tech Startups, & Wall Street', 'Nick Singh', '42.', '4.5 out of 5 stars')
[2024-10-08T05:34:27.839+0000] {sql.py:518} INFO - Rows affected: 1
[2024-10-08T05:34:27.870+0000] {base.py:84} INFO - Retrieving connection 'books_connection'
[2024-10-08T05:34:27.899+0000] {sql.py:509} INFO - Running statement: 
    INSERT INTO books (title, authors, price, rating)
    VALUES (%s, %s, %s, %s)
    , parameters: ('Ace the Data Engineering Interview: Questions and Answers for Python, SQL, Data Modeling and More', 'Sean Coyne', '24.', '3.8 out of 5 stars')
[2024-10-08T05:34:27.904+0000] {sql.py:518} INFO - Rows affected: 1
[2024-10-08T05:34:27.924+0000] {base.py:84} INFO - Retrieving connection 'books_connection'
[2024-10-08T05:34:27.943+0000] {sql.py:509} INFO - Running statement: 
    INSERT INTO books (title, authors, price, rating)
    VALUES (%s, %s, %s, %s)
    , parameters: ('Data Engineering with Databricks Cookbook: Build effective data and AI solutions using Apache Spark, Databricks, and Delta Lake', 'Pulkit Chadha', '49.', '4.3 out of 5 stars')
[2024-10-08T05:34:27.949+0000] {sql.py:518} INFO - Rows affected: 1
[2024-10-08T05:34:27.971+0000] {base.py:84} INFO - Retrieving connection 'books_connection'
[2024-10-08T05:34:27.977+0000] {sql.py:509} INFO - Running statement: 
    INSERT INTO books (title, authors, price, rating)
    VALUES (%s, %s, %s, %s)
    , parameters: ('Software Engineering for Data Scientists: From Notebooks to Scalable Systems', 'Catherine Nelson', '51.', '4.4 out of 5 stars')
[2024-10-08T05:34:27.979+0000] {sql.py:518} INFO - Rows affected: 1
[2024-10-08T05:34:28.024+0000] {base.py:84} INFO - Retrieving connection 'books_connection'
[2024-10-08T05:34:28.061+0000] {sql.py:509} INFO - Running statement: 
    INSERT INTO books (title, authors, price, rating)
    VALUES (%s, %s, %s, %s)
    , parameters: ('Data Engineering with dbt: A practical guide to building a cloud-based, pragmatic, and dependable data platform with SQL', 'Roberto Zagni', '37.', '4.6 out of 5 stars')
[2024-10-08T05:34:28.089+0000] {sql.py:518} INFO - Rows affected: 1
[2024-10-08T05:34:28.138+0000] {base.py:84} INFO - Retrieving connection 'books_connection'
[2024-10-08T05:34:28.152+0000] {sql.py:509} INFO - Running statement: 
    INSERT INTO books (title, authors, price, rating)
    VALUES (%s, %s, %s, %s)
    , parameters: ('Data Privacy: A runbook for engineers', 'Nishant Bhajaria', '35.', '4.8 out of 5 stars')
[2024-10-08T05:34:28.163+0000] {sql.py:518} INFO - Rows affected: 1
[2024-10-08T05:34:28.185+0000] {base.py:84} INFO - Retrieving connection 'books_connection'
[2024-10-08T05:34:28.195+0000] {sql.py:509} INFO - Running statement: 
    INSERT INTO books (title, authors, price, rating)
    VALUES (%s, %s, %s, %s)
    , parameters: ("Data: Principles To Practice - Volume 1 'Foundations': Essential Foundations: Key Concepts behind Data Architecture, Engineering and Analysis for Professionals", 'Mr Alex Holloway', '12.', '4.6 out of 5 stars')
[2024-10-08T05:34:28.201+0000] {sql.py:518} INFO - Rows affected: 1
[2024-10-08T05:34:28.217+0000] {base.py:84} INFO - Retrieving connection 'books_connection'
[2024-10-08T05:34:28.225+0000] {sql.py:509} INFO - Running statement: 
    INSERT INTO books (title, authors, price, rating)
    VALUES (%s, %s, %s, %s)
    , parameters: ('Essentials of Data Engineering', 'Dr. Mukesh Saini', '19.', '5.0 out of 5 stars')
[2024-10-08T05:34:28.228+0000] {sql.py:518} INFO - Rows affected: 1
[2024-10-08T05:34:28.257+0000] {base.py:84} INFO - Retrieving connection 'books_connection'
[2024-10-08T05:34:28.268+0000] {sql.py:509} INFO - Running statement: 
    INSERT INTO books (title, authors, price, rating)
    VALUES (%s, %s, %s, %s)
    , parameters: ('Data Engineering with AWS: Learn how to design and build cloud-based data transformation pipelines using AWS', 'Gareth Eagar', '49.', '4.4 out of 5 stars')
[2024-10-08T05:34:28.272+0000] {sql.py:518} INFO - Rows affected: 1
[2024-10-08T05:34:28.308+0000] {base.py:84} INFO - Retrieving connection 'books_connection'
[2024-10-08T05:34:28.321+0000] {sql.py:509} INFO - Running statement: 
    INSERT INTO books (title, authors, price, rating)
    VALUES (%s, %s, %s, %s)
    , parameters: ('Data Engineering with Python cookbook: Learn to build efficient data pipelines using the Modern Cloud Data Stack', 'Adithyan Ramanujakootam', '32.', '5.0 out of 5 stars')
[2024-10-08T05:34:28.324+0000] {sql.py:518} INFO - Rows affected: 1
[2024-10-08T05:34:28.347+0000] {base.py:84} INFO - Retrieving connection 'books_connection'
[2024-10-08T05:34:28.380+0000] {sql.py:509} INFO - Running statement: 
    INSERT INTO books (title, authors, price, rating)
    VALUES (%s, %s, %s, %s)
    , parameters: ("Data Quality Fundamentals: A Practitioner's Guide to Building Trustworthy Data Pipelines", 'Paperback', '45.', '4.1 out of 5 stars')
[2024-10-08T05:34:28.393+0000] {sql.py:518} INFO - Rows affected: 1
[2024-10-08T05:34:28.453+0000] {base.py:84} INFO - Retrieving connection 'books_connection'
[2024-10-08T05:34:28.466+0000] {sql.py:509} INFO - Running statement: 
    INSERT INTO books (title, authors, price, rating)
    VALUES (%s, %s, %s, %s)
    , parameters: ('Fundamentals of Data Engineering: A Comprehensive Guide to Designing, Building, and Managing Data Pipelines, Storage Solutions, and Processing Frameworks.', 'Paperback', '14.', '5.0 out of 5 stars')
[2024-10-08T05:34:28.471+0000] {sql.py:518} INFO - Rows affected: 1
[2024-10-08T05:34:28.494+0000] {base.py:84} INFO - Retrieving connection 'books_connection'
[2024-10-08T05:34:28.517+0000] {sql.py:509} INFO - Running statement: 
    INSERT INTO books (title, authors, price, rating)
    VALUES (%s, %s, %s, %s)
    , parameters: ('Data Engineering Fundamentals for Beginners: Mastering the Art of Building, Managing, and Scaling Data Systems', 'Paperback', '14.', '5.0 out of 5 stars')
[2024-10-08T05:34:28.526+0000] {sql.py:518} INFO - Rows affected: 1
[2024-10-08T05:34:28.567+0000] {base.py:84} INFO - Retrieving connection 'books_connection'
[2024-10-08T05:34:28.580+0000] {sql.py:509} INFO - Running statement: 
    INSERT INTO books (title, authors, price, rating)
    VALUES (%s, %s, %s, %s)
    , parameters: ('Data Engineering with Google Cloud Platform: A practical guide to operationalizing scalable data analytics systems on GCP', 'Adi Wijaya', '41.', '4.7 out of 5 stars')
[2024-10-08T05:34:28.584+0000] {sql.py:518} INFO - Rows affected: 1
[2024-10-08T05:34:28.600+0000] {base.py:84} INFO - Retrieving connection 'books_connection'
[2024-10-08T05:34:28.608+0000] {sql.py:509} INFO - Running statement: 
    INSERT INTO books (title, authors, price, rating)
    VALUES (%s, %s, %s, %s)
    , parameters: ('DATA ENGINEERING AND AI FOR BEGINNERS: Revolutionizing Data Processing and Analytics by Leveraging Artificial Intelligence for Efficient Input Collection, Storage, and Transformation (World of AI)', 'Paperback', '13.', '4.3 out of 5 stars')
[2024-10-08T05:34:28.611+0000] {sql.py:518} INFO - Rows affected: 1
[2024-10-08T05:34:28.629+0000] {base.py:84} INFO - Retrieving connection 'books_connection'
[2024-10-08T05:34:28.635+0000] {sql.py:509} INFO - Running statement: 
    INSERT INTO books (title, authors, price, rating)
    VALUES (%s, %s, %s, %s)
    , parameters: ("Engineering Data Mesh in Azure Cloud: Implement data mesh using Microsoft Azure's Cloud Adoption Framework", 'Paperback', '47.', '4.5 out of 5 stars')
[2024-10-08T05:34:28.638+0000] {sql.py:518} INFO - Rows affected: 1
[2024-10-08T05:34:28.668+0000] {base.py:84} INFO - Retrieving connection 'books_connection'
[2024-10-08T05:34:28.679+0000] {sql.py:509} INFO - Running statement: 
    INSERT INTO books (title, authors, price, rating)
    VALUES (%s, %s, %s, %s)
    , parameters: ('Data Engineering with AWS', 'May Sherry', '14.', '5.0 out of 5 stars')
[2024-10-08T05:34:28.683+0000] {sql.py:518} INFO - Rows affected: 1
[2024-10-08T05:34:28.705+0000] {base.py:84} INFO - Retrieving connection 'books_connection'
[2024-10-08T05:34:28.720+0000] {sql.py:509} INFO - Running statement: 
    INSERT INTO books (title, authors, price, rating)
    VALUES (%s, %s, %s, %s)
    , parameters: ('Data Engineering with Apache Spark, Delta Lake, and Lakehouse: Create scalable pipelines that ingest, curate, and aggregate complex data in a timely and secure way', 'Manoj Kukreja', '46.', '3.9 out of 5 stars')
[2024-10-08T05:34:28.729+0000] {sql.py:518} INFO - Rows affected: 1
[2024-10-08T05:34:28.749+0000] {base.py:84} INFO - Retrieving connection 'books_connection'
[2024-10-08T05:34:28.755+0000] {sql.py:509} INFO - Running statement: 
    INSERT INTO books (title, authors, price, rating)
    VALUES (%s, %s, %s, %s)
    , parameters: ('Data-Driven Science and Engineering: Machine Learning, Dynamical Systems, and Control', 'Steven L. Brunton', '64.', '4.8 out of 5 stars')
[2024-10-08T05:34:28.760+0000] {sql.py:518} INFO - Rows affected: 1
[2024-10-08T05:34:28.775+0000] {base.py:84} INFO - Retrieving connection 'books_connection'
[2024-10-08T05:34:28.786+0000] {sql.py:509} INFO - Running statement: 
    INSERT INTO books (title, authors, price, rating)
    VALUES (%s, %s, %s, %s)
    , parameters: ('Data Engineering with Google Cloud Platform: A guide to leveling up as a data engineer by building a scalable data platform with Google Cloud', 'Adi Wijaya', '40.', '4.8 out of 5 stars')
[2024-10-08T05:34:28.794+0000] {sql.py:518} INFO - Rows affected: 1
[2024-10-08T05:34:28.813+0000] {base.py:84} INFO - Retrieving connection 'books_connection'
[2024-10-08T05:34:28.823+0000] {sql.py:509} INFO - Running statement: 
    INSERT INTO books (title, authors, price, rating)
    VALUES (%s, %s, %s, %s)
    , parameters: ('Python Data Engineering Resources: Forge Your Path to Success in Data Engineering, Machine Learning and AI', 'Vajo Lukic', '0.', '4.9 out of 5 stars')
[2024-10-08T05:34:28.829+0000] {sql.py:518} INFO - Rows affected: 1
[2024-10-08T05:34:28.848+0000] {base.py:84} INFO - Retrieving connection 'books_connection'
[2024-10-08T05:34:28.856+0000] {sql.py:509} INFO - Running statement: 
    INSERT INTO books (title, authors, price, rating)
    VALUES (%s, %s, %s, %s)
    , parameters: ('97 Things Every Data Engineer Should Know: Collective Wisdom from the Experts', 'Tobias Macey', '28.', '4.1 out of 5 stars')
[2024-10-08T05:34:28.859+0000] {sql.py:518} INFO - Rows affected: 1
[2024-10-08T05:34:28.901+0000] {base.py:84} INFO - Retrieving connection 'books_connection'
[2024-10-08T05:34:28.911+0000] {sql.py:509} INFO - Running statement: 
    INSERT INTO books (title, authors, price, rating)
    VALUES (%s, %s, %s, %s)
    , parameters: ('Analytics Engineering with SQL and dbt: Building Meaningful Data Models at Scale', 'Rui Pedro Machado', '41.', '3.9 out of 5 stars')
[2024-10-08T05:34:28.914+0000] {sql.py:518} INFO - Rows affected: 1
[2024-10-08T05:34:28.926+0000] {base.py:84} INFO - Retrieving connection 'books_connection'
[2024-10-08T05:34:28.934+0000] {sql.py:509} INFO - Running statement: 
    INSERT INTO books (title, authors, price, rating)
    VALUES (%s, %s, %s, %s)
    , parameters: ('Data Engineering with Scala and Spark: Build streaming and batch pipelines that process massive amounts of data using Scala', 'Eric Tome', '29.', '4.1 out of 5 stars')
[2024-10-08T05:34:28.939+0000] {sql.py:518} INFO - Rows affected: 1
[2024-10-08T05:34:28.961+0000] {base.py:84} INFO - Retrieving connection 'books_connection'
[2024-10-08T05:34:28.970+0000] {sql.py:509} INFO - Running statement: 
    INSERT INTO books (title, authors, price, rating)
    VALUES (%s, %s, %s, %s)
    , parameters: ('Storytelling with Data: A Data Visualization Guide for Business Professionals', 'Cole Nussbaumer Knaflic', '27.', '4.6 out of 5 stars')
[2024-10-08T05:34:28.975+0000] {sql.py:518} INFO - Rows affected: 1
[2024-10-08T05:34:28.991+0000] {base.py:84} INFO - Retrieving connection 'books_connection'
[2024-10-08T05:34:29.001+0000] {sql.py:509} INFO - Running statement: 
    INSERT INTO books (title, authors, price, rating)
    VALUES (%s, %s, %s, %s)
    , parameters: ('Data Mesh: Delivering Data-Driven Value at Scale', 'Zhamak Dehghani', '43.', '4.5 out of 5 stars')
[2024-10-08T05:34:29.013+0000] {sql.py:518} INFO - Rows affected: 1
[2024-10-08T05:34:29.147+0000] {base.py:84} INFO - Retrieving connection 'books_connection'
[2024-10-08T05:34:29.158+0000] {sql.py:509} INFO - Running statement: 
    INSERT INTO books (title, authors, price, rating)
    VALUES (%s, %s, %s, %s)
    , parameters: ('Data Engineering 101', 'Kindle', '0.', '3.9 out of 5 stars')
[2024-10-08T05:34:29.168+0000] {sql.py:518} INFO - Rows affected: 1
[2024-10-08T05:34:29.209+0000] {base.py:84} INFO - Retrieving connection 'books_connection'
[2024-10-08T05:34:29.244+0000] {sql.py:509} INFO - Running statement: 
    INSERT INTO books (title, authors, price, rating)
    VALUES (%s, %s, %s, %s)
    , parameters: ('Data Modeling with Snowflake: A practical guide to accelerating Snowflake development using universal data modeling techniques', 'Serge Gershkovich', '36.', '4.8 out of 5 stars')
[2024-10-08T05:34:29.248+0000] {sql.py:518} INFO - Rows affected: 1
[2024-10-08T05:34:29.272+0000] {base.py:84} INFO - Retrieving connection 'books_connection'
[2024-10-08T05:34:29.296+0000] {sql.py:509} INFO - Running statement: 
    INSERT INTO books (title, authors, price, rating)
    VALUES (%s, %s, %s, %s)
    , parameters: ('Official Google Cloud Certified Professional Data Engineer Study Guide', 'Dan Sullivan', '33.', '4.5 out of 5 stars')
[2024-10-08T05:34:29.306+0000] {sql.py:518} INFO - Rows affected: 1
[2024-10-08T05:34:29.324+0000] {base.py:84} INFO - Retrieving connection 'books_connection'
[2024-10-08T05:34:29.331+0000] {sql.py:509} INFO - Running statement: 
    INSERT INTO books (title, authors, price, rating)
    VALUES (%s, %s, %s, %s)
    , parameters: ('Machine Learning Engineering', 'Andriy Burkov', '39.', '4.7 out of 5 stars')
[2024-10-08T05:34:29.340+0000] {sql.py:518} INFO - Rows affected: 1
[2024-10-08T05:34:29.360+0000] {base.py:84} INFO - Retrieving connection 'books_connection'
[2024-10-08T05:34:29.372+0000] {sql.py:509} INFO - Running statement: 
    INSERT INTO books (title, authors, price, rating)
    VALUES (%s, %s, %s, %s)
    , parameters: ('Fundamentals of Data Observability: Implement Trustworthy End-to-End Data Solutions', 'Andy Petrella', '36.', '4.0 out of 5 stars')
[2024-10-08T05:34:29.374+0000] {sql.py:518} INFO - Rows affected: 1
[2024-10-08T05:34:29.387+0000] {base.py:84} INFO - Retrieving connection 'books_connection'
[2024-10-08T05:34:29.395+0000] {sql.py:509} INFO - Running statement: 
    INSERT INTO books (title, authors, price, rating)
    VALUES (%s, %s, %s, %s)
    , parameters: ('Modern Data Engineering with Apache Spark: A Hands-On Guide for Building Mission-Critical Streaming Applications', 'Scott Haines', '29.', '4.1 out of 5 stars')
[2024-10-08T05:34:29.396+0000] {sql.py:518} INFO - Rows affected: 1
[2024-10-08T05:34:29.409+0000] {base.py:84} INFO - Retrieving connection 'books_connection'
[2024-10-08T05:34:29.427+0000] {sql.py:509} INFO - Running statement: 
    INSERT INTO books (title, authors, price, rating)
    VALUES (%s, %s, %s, %s)
    , parameters: ('Python Feature Engineering Cookbook: A complete guide to crafting powerful features for your machine learning models', 'Soledad Galli', '44.', '5.0 out of 5 stars')
[2024-10-08T05:34:29.431+0000] {sql.py:518} INFO - Rows affected: 1
[2024-10-08T05:34:29.446+0000] {base.py:84} INFO - Retrieving connection 'books_connection'
[2024-10-08T05:34:29.455+0000] {sql.py:509} INFO - Running statement: 
    INSERT INTO books (title, authors, price, rating)
    VALUES (%s, %s, %s, %s)
    , parameters: ('Data Engineering with Databricks', 'Kindle', '0.', '3.4 out of 5 stars')
[2024-10-08T05:34:29.456+0000] {sql.py:518} INFO - Rows affected: 1
[2024-10-08T05:34:29.475+0000] {base.py:84} INFO - Retrieving connection 'books_connection'
[2024-10-08T05:34:29.486+0000] {sql.py:509} INFO - Running statement: 
    INSERT INTO books (title, authors, price, rating)
    VALUES (%s, %s, %s, %s)
    , parameters: ('Azure Data Factory by Example: Practical Implementation for Data Engineers', 'Richard Swinbank', '33.', '4.2 out of 5 stars')
[2024-10-08T05:34:29.489+0000] {sql.py:518} INFO - Rows affected: 1
[2024-10-08T05:34:29.503+0000] {base.py:84} INFO - Retrieving connection 'books_connection'
[2024-10-08T05:34:29.512+0000] {sql.py:509} INFO - Running statement: 
    INSERT INTO books (title, authors, price, rating)
    VALUES (%s, %s, %s, %s)
    , parameters: ('Data Quality Engineering in Financial Services: Applying Manufacturing Techniques to Data', 'Brian Buzzelli', '30.', '4.4 out of 5 stars')
[2024-10-08T05:34:29.517+0000] {sql.py:518} INFO - Rows affected: 1
[2024-10-08T05:34:29.536+0000] {base.py:84} INFO - Retrieving connection 'books_connection'
[2024-10-08T05:34:29.541+0000] {sql.py:509} INFO - Running statement: 
    INSERT INTO books (title, authors, price, rating)
    VALUES (%s, %s, %s, %s)
    , parameters: ('Prompt Engineering for Generative AI: Future-Proof Inputs for Reliable AI Outputs', 'James Phoenix', '53.', '4.5 out of 5 stars')
[2024-10-08T05:34:29.545+0000] {sql.py:518} INFO - Rows affected: 1
[2024-10-08T05:34:29.557+0000] {base.py:84} INFO - Retrieving connection 'books_connection'
[2024-10-08T05:34:29.562+0000] {sql.py:509} INFO - Running statement: 
    INSERT INTO books (title, authors, price, rating)
    VALUES (%s, %s, %s, %s)
    , parameters: ('Data Observability for Data Engineering: Proactive strategies for ensuring data accuracy and addressing broken data pipelines', 'Michele Pinto', '18.', '3.7 out of 5 stars')
[2024-10-08T05:34:29.565+0000] {sql.py:518} INFO - Rows affected: 1
[2024-10-08T05:34:29.577+0000] {base.py:84} INFO - Retrieving connection 'books_connection'
[2024-10-08T05:34:29.581+0000] {sql.py:509} INFO - Running statement: 
    INSERT INTO books (title, authors, price, rating)
    VALUES (%s, %s, %s, %s)
    , parameters: ('Better Data Visualizations: A Guide for Scholars, Researchers, and Wonks', 'Jonathan Schwabish', '26.', '4.5 out of 5 stars')
[2024-10-08T05:34:29.582+0000] {sql.py:518} INFO - Rows affected: 1
[2024-10-08T05:34:29.595+0000] {base.py:84} INFO - Retrieving connection 'books_connection'
[2024-10-08T05:34:29.603+0000] {sql.py:509} INFO - Running statement: 
    INSERT INTO books (title, authors, price, rating)
    VALUES (%s, %s, %s, %s)
    , parameters: ("Applied Machine Learning and AI for Engineers: Solve Business Problems That Can't Be Solved Algorithmically", 'Jeff Prosise', '73.', '4.5 out of 5 stars')
[2024-10-08T05:34:29.604+0000] {sql.py:518} INFO - Rows affected: 1
[2024-10-08T05:34:29.606+0000] {python.py:240} INFO - Done. Returned value was: None
[2024-10-08T05:34:29.623+0000] {taskinstance.py:340} INFO - ::group::Post task execution logs
[2024-10-08T05:34:29.625+0000] {taskinstance.py:352} INFO - Marking task as SUCCESS. dag_id=fetch_and_store_amazon_books, task_id=insert_book_data, run_id=scheduled__2024-09-27T00:00:00+00:00, execution_date=20240927T000000, start_date=20241008T053426, end_date=20241008T053429
[2024-10-08T05:34:29.641+0000] {logging_mixin.py:190} INFO - Task instance in success state
[2024-10-08T05:34:29.642+0000] {logging_mixin.py:190} INFO -  Previous state of the Task instance: running
[2024-10-08T05:34:29.642+0000] {logging_mixin.py:190} INFO - Dag name:fetch_and_store_amazon_books queued_at:2024-10-08 05:34:13.124183+00:00
[2024-10-08T05:34:29.643+0000] {logging_mixin.py:190} INFO - Task hostname:475658bd4f83 operator:PythonOperator
[2024-10-08T05:34:29.657+0000] {local_task_job_runner.py:261} INFO - Task exited with return code 0
[2024-10-08T05:34:29.705+0000] {taskinstance.py:3891} INFO - 0 downstream tasks scheduled from follow-on schedule check
[2024-10-08T05:34:29.706+0000] {local_task_job_runner.py:240} INFO - ::endgroup::
