[2024-10-08T05:11:22.898+0000] {local_task_job_runner.py:123} INFO - ::group::Pre task execution logs
[2024-10-08T05:11:22.914+0000] {taskinstance.py:2603} INFO - Dependencies all met for dep_context=non-requeueable deps ti=<TaskInstance: fetch_and_store_amazon_books.fetch_book_data scheduled__2024-07-11T00:00:00+00:00 [queued]>
[2024-10-08T05:11:22.918+0000] {taskinstance.py:2603} INFO - Dependencies all met for dep_context=requeueable deps ti=<TaskInstance: fetch_and_store_amazon_books.fetch_book_data scheduled__2024-07-11T00:00:00+00:00 [queued]>
[2024-10-08T05:11:22.919+0000] {taskinstance.py:2856} INFO - Starting attempt 1 of 2
[2024-10-08T05:11:22.925+0000] {taskinstance.py:2879} INFO - Executing <Task(PythonOperator): fetch_book_data> on 2024-07-11 00:00:00+00:00
[2024-10-08T05:11:22.931+0000] {warnings.py:112} WARNING - /home/***/.local/lib/python3.12/site-packages/***/task/task_runner/standard_task_runner.py:70: DeprecationWarning: This process (pid=1176) is multi-threaded, use of fork() may lead to deadlocks in the child.
  pid = os.fork()

[2024-10-08T05:11:22.932+0000] {standard_task_runner.py:72} INFO - Started process 1178 to run task
[2024-10-08T05:11:22.935+0000] {standard_task_runner.py:104} INFO - Running: ['***', 'tasks', 'run', 'fetch_and_store_amazon_books', 'fetch_book_data', 'scheduled__2024-07-11T00:00:00+00:00', '--job-id', '33', '--raw', '--subdir', 'DAGS_FOLDER/app.py', '--cfg-path', '/tmp/tmp9uhe3is4']
[2024-10-08T05:11:22.935+0000] {standard_task_runner.py:105} INFO - Job 33: Subtask fetch_book_data
[2024-10-08T05:11:22.982+0000] {task_command.py:467} INFO - Running <TaskInstance: fetch_and_store_amazon_books.fetch_book_data scheduled__2024-07-11T00:00:00+00:00 [running]> on host a344f6bef387
[2024-10-08T05:11:23.037+0000] {taskinstance.py:3122} INFO - Exporting env vars: AIRFLOW_CTX_DAG_OWNER='***' AIRFLOW_CTX_DAG_ID='fetch_and_store_amazon_books' AIRFLOW_CTX_TASK_ID='fetch_book_data' AIRFLOW_CTX_EXECUTION_DATE='2024-07-11T00:00:00+00:00' AIRFLOW_CTX_TRY_NUMBER='1' AIRFLOW_CTX_DAG_RUN_ID='scheduled__2024-07-11T00:00:00+00:00'
[2024-10-08T05:11:23.038+0000] {logging_mixin.py:190} INFO - Task instance is in running state
[2024-10-08T05:11:23.038+0000] {logging_mixin.py:190} INFO -  Previous state of the Task instance: queued
[2024-10-08T05:11:23.039+0000] {logging_mixin.py:190} INFO - Current task name:fetch_book_data state:running start_date:2024-10-08 05:11:22.914832+00:00
[2024-10-08T05:11:23.039+0000] {logging_mixin.py:190} INFO - Dag name:fetch_and_store_amazon_books and current dag run status:running
[2024-10-08T05:11:23.039+0000] {taskinstance.py:731} INFO - ::endgroup::
[2024-10-08T05:11:25.656+0000] {python.py:240} INFO - Done. Returned value was: None
[2024-10-08T05:11:25.668+0000] {taskinstance.py:340} INFO - ::group::Post task execution logs
[2024-10-08T05:11:25.668+0000] {taskinstance.py:352} INFO - Marking task as SUCCESS. dag_id=fetch_and_store_amazon_books, task_id=fetch_book_data, run_id=scheduled__2024-07-11T00:00:00+00:00, execution_date=20240711T000000, start_date=20241008T051122, end_date=20241008T051125
[2024-10-08T05:11:25.674+0000] {logging_mixin.py:190} INFO - Task instance in success state
[2024-10-08T05:11:25.675+0000] {logging_mixin.py:190} INFO -  Previous state of the Task instance: running
[2024-10-08T05:11:25.675+0000] {logging_mixin.py:190} INFO - Dag name:fetch_and_store_amazon_books queued_at:2024-10-08 05:11:21.464730+00:00
[2024-10-08T05:11:25.675+0000] {logging_mixin.py:190} INFO - Task hostname:a344f6bef387 operator:PythonOperator
[2024-10-08T05:11:25.697+0000] {local_task_job_runner.py:261} INFO - Task exited with return code 0
[2024-10-08T05:11:25.740+0000] {warnings.py:112} WARNING - /home/***/.local/lib/python3.12/site-packages/***/models/baseoperator.py:1378: AirflowProviderDeprecationWarning: Call to deprecated class PostgresOperator. (Please use `***.providers.common.sql.operators.sql.SQLExecuteQueryOperator`.Also, you can provide `hook_params={'schema': <database>}`.)
  result = cls.__new__(cls)

[2024-10-08T05:11:25.755+0000] {taskinstance.py:3891} INFO - 1 downstream tasks scheduled from follow-on schedule check
[2024-10-08T05:11:25.756+0000] {local_task_job_runner.py:240} INFO - ::endgroup::
