[2024-10-08T05:32:13.514+0000] {local_task_job_runner.py:123} INFO - ::group::Pre task execution logs
[2024-10-08T05:32:13.552+0000] {taskinstance.py:2603} INFO - Dependencies all met for dep_context=non-requeueable deps ti=<TaskInstance: fetch_and_store_amazon_books.create_table scheduled__2024-09-20T00:00:00+00:00 [queued]>
[2024-10-08T05:32:13.564+0000] {taskinstance.py:2603} INFO - Dependencies all met for dep_context=requeueable deps ti=<TaskInstance: fetch_and_store_amazon_books.create_table scheduled__2024-09-20T00:00:00+00:00 [queued]>
[2024-10-08T05:32:13.564+0000] {taskinstance.py:2856} INFO - Starting attempt 1 of 2
[2024-10-08T05:32:13.579+0000] {taskinstance.py:2879} INFO - Executing <Task(PostgresOperator): create_table> on 2024-09-20 00:00:00+00:00
[2024-10-08T05:32:13.589+0000] {warnings.py:112} WARNING - /home/***/.local/lib/python3.12/site-packages/***/task/task_runner/standard_task_runner.py:70: DeprecationWarning: This process (pid=537) is multi-threaded, use of fork() may lead to deadlocks in the child.
  pid = os.fork()

[2024-10-08T05:32:13.592+0000] {standard_task_runner.py:72} INFO - Started process 545 to run task
[2024-10-08T05:32:13.593+0000] {standard_task_runner.py:104} INFO - Running: ['***', 'tasks', 'run', 'fetch_and_store_amazon_books', 'create_table', 'scheduled__2024-09-20T00:00:00+00:00', '--job-id', '225', '--raw', '--subdir', 'DAGS_FOLDER/app.py', '--cfg-path', '/tmp/tmpr3_23odh']
[2024-10-08T05:32:13.599+0000] {standard_task_runner.py:105} INFO - Job 225: Subtask create_table
[2024-10-08T05:32:13.669+0000] {task_command.py:467} INFO - Running <TaskInstance: fetch_and_store_amazon_books.create_table scheduled__2024-09-20T00:00:00+00:00 [running]> on host 475658bd4f83
[2024-10-08T05:32:13.759+0000] {taskinstance.py:3122} INFO - Exporting env vars: AIRFLOW_CTX_DAG_OWNER='***' AIRFLOW_CTX_DAG_ID='fetch_and_store_amazon_books' AIRFLOW_CTX_TASK_ID='create_table' AIRFLOW_CTX_EXECUTION_DATE='2024-09-20T00:00:00+00:00' AIRFLOW_CTX_TRY_NUMBER='1' AIRFLOW_CTX_DAG_RUN_ID='scheduled__2024-09-20T00:00:00+00:00'
[2024-10-08T05:32:13.761+0000] {logging_mixin.py:190} INFO - Task instance is in running state
[2024-10-08T05:32:13.761+0000] {logging_mixin.py:190} INFO -  Previous state of the Task instance: queued
[2024-10-08T05:32:13.761+0000] {logging_mixin.py:190} INFO - Current task name:create_table state:running start_date:2024-10-08 05:32:13.555185+00:00
[2024-10-08T05:32:13.762+0000] {logging_mixin.py:190} INFO - Dag name:fetch_and_store_amazon_books and current dag run status:running
[2024-10-08T05:32:13.762+0000] {taskinstance.py:731} INFO - ::endgroup::
[2024-10-08T05:32:13.762+0000] {sql.py:282} INFO - Executing: 
    CREATE TABLE IF NOT EXISTS books (
        id SERIAL PRIMARY KEY,
        title TEXT NOT NULL,
        authors TEXT,
        price TEXT,
        rating TEXT
    );
    
[2024-10-08T05:32:13.769+0000] {base.py:84} INFO - Retrieving connection 'books_connection'
[2024-10-08T05:32:13.782+0000] {base.py:84} INFO - Retrieving connection 'books_connection'
[2024-10-08T05:32:13.792+0000] {sql.py:509} INFO - Running statement: 
    CREATE TABLE IF NOT EXISTS books (
        id SERIAL PRIMARY KEY,
        title TEXT NOT NULL,
        authors TEXT,
        price TEXT,
        rating TEXT
    );
    , parameters: None
[2024-10-08T05:32:13.809+0000] {taskinstance.py:340} INFO - ::group::Post task execution logs
[2024-10-08T05:32:13.809+0000] {taskinstance.py:352} INFO - Marking task as SUCCESS. dag_id=fetch_and_store_amazon_books, task_id=create_table, run_id=scheduled__2024-09-20T00:00:00+00:00, execution_date=20240920T000000, start_date=20241008T053213, end_date=20241008T053213
[2024-10-08T05:32:13.818+0000] {logging_mixin.py:190} INFO - Task instance in success state
[2024-10-08T05:32:13.818+0000] {logging_mixin.py:190} INFO -  Previous state of the Task instance: running
[2024-10-08T05:32:13.819+0000] {logging_mixin.py:190} INFO - Dag name:fetch_and_store_amazon_books queued_at:2024-10-08 05:32:03.225800+00:00
[2024-10-08T05:32:13.819+0000] {logging_mixin.py:190} INFO - Task hostname:475658bd4f83 operator:PostgresOperator
[2024-10-08T05:32:13.865+0000] {local_task_job_runner.py:261} INFO - Task exited with return code 0
[2024-10-08T05:32:13.874+0000] {warnings.py:112} WARNING - /home/***/.local/lib/python3.12/site-packages/***/models/baseoperator.py:1378: AirflowProviderDeprecationWarning: Call to deprecated class PostgresOperator. (Please use `***.providers.common.sql.operators.sql.SQLExecuteQueryOperator`.Also, you can provide `hook_params={'schema': <database>}`.)
  result = cls.__new__(cls)

[2024-10-08T05:32:13.887+0000] {taskinstance.py:3891} INFO - 1 downstream tasks scheduled from follow-on schedule check
[2024-10-08T05:32:13.890+0000] {local_task_job_runner.py:240} INFO - ::endgroup::
