[2024-10-07T21:28:10.872+0000] {processor.py:186} INFO - Started process (PID=65) to work on /home/airflow/.local/lib/python3.12/site-packages/airflow/example_dags/example_skip_dag.py
[2024-10-07T21:28:10.873+0000] {processor.py:914} INFO - Processing file /home/airflow/.local/lib/python3.12/site-packages/airflow/example_dags/example_skip_dag.py for tasks to queue
[2024-10-07T21:28:10.874+0000] {logging_mixin.py:190} INFO - [2024-10-07T21:28:10.874+0000] {dagbag.py:588} INFO - Filling up the DagBag from /home/airflow/.local/lib/python3.12/site-packages/airflow/example_dags/example_skip_dag.py
[2024-10-07T21:28:10.883+0000] {processor.py:925} INFO - DAG(s) 'example_skip_dag' retrieved from /home/airflow/.local/lib/python3.12/site-packages/airflow/example_dags/example_skip_dag.py
[2024-10-07T21:28:10.966+0000] {logging_mixin.py:190} INFO - [2024-10-07T21:28:10.965+0000] {override.py:1900} INFO - Created Permission View: can read on DAG:example_skip_dag
[2024-10-07T21:28:10.971+0000] {logging_mixin.py:190} INFO - [2024-10-07T21:28:10.971+0000] {override.py:1900} INFO - Created Permission View: can delete on DAG:example_skip_dag
[2024-10-07T21:28:10.975+0000] {logging_mixin.py:190} INFO - [2024-10-07T21:28:10.975+0000] {override.py:1900} INFO - Created Permission View: can edit on DAG:example_skip_dag
[2024-10-07T21:28:10.979+0000] {logging_mixin.py:190} INFO - [2024-10-07T21:28:10.979+0000] {override.py:1900} INFO - Created Permission View: can read on DAG Run:example_skip_dag
[2024-10-07T21:28:10.985+0000] {logging_mixin.py:190} INFO - [2024-10-07T21:28:10.984+0000] {override.py:1900} INFO - Created Permission View: can delete on DAG Run:example_skip_dag
[2024-10-07T21:28:10.992+0000] {logging_mixin.py:190} INFO - [2024-10-07T21:28:10.992+0000] {override.py:1900} INFO - Created Permission View: can create on DAG Run:example_skip_dag
[2024-10-07T21:28:10.997+0000] {logging_mixin.py:190} INFO - [2024-10-07T21:28:10.997+0000] {override.py:1900} INFO - Created Permission View: menu access on DAG Run:example_skip_dag
[2024-10-07T21:28:10.998+0000] {logging_mixin.py:190} INFO - [2024-10-07T21:28:10.998+0000] {dag.py:3239} INFO - Sync 1 DAGs
[2024-10-07T21:28:11.010+0000] {logging_mixin.py:190} INFO - [2024-10-07T21:28:11.010+0000] {dag.py:3262} INFO - Creating ORM DAG for example_skip_dag
[2024-10-07T21:28:11.019+0000] {logging_mixin.py:190} INFO - [2024-10-07T21:28:11.019+0000] {dag.py:4180} INFO - Setting next_dagrun for example_skip_dag to 2024-10-06 00:00:00+00:00, run_after=2024-10-07 00:00:00+00:00
[2024-10-07T21:28:11.035+0000] {processor.py:208} INFO - Processing /home/airflow/.local/lib/python3.12/site-packages/airflow/example_dags/example_skip_dag.py took 0.167 seconds
[2024-10-07T21:28:41.380+0000] {processor.py:186} INFO - Started process (PID=127) to work on /home/airflow/.local/lib/python3.12/site-packages/airflow/example_dags/example_skip_dag.py
[2024-10-07T21:28:41.382+0000] {processor.py:914} INFO - Processing file /home/airflow/.local/lib/python3.12/site-packages/airflow/example_dags/example_skip_dag.py for tasks to queue
[2024-10-07T21:28:41.386+0000] {logging_mixin.py:190} INFO - [2024-10-07T21:28:41.386+0000] {dagbag.py:588} INFO - Filling up the DagBag from /home/airflow/.local/lib/python3.12/site-packages/airflow/example_dags/example_skip_dag.py
[2024-10-07T21:28:41.390+0000] {processor.py:925} INFO - DAG(s) 'example_skip_dag' retrieved from /home/airflow/.local/lib/python3.12/site-packages/airflow/example_dags/example_skip_dag.py
[2024-10-07T21:28:41.402+0000] {logging_mixin.py:190} INFO - [2024-10-07T21:28:41.402+0000] {dag.py:3239} INFO - Sync 1 DAGs
[2024-10-07T21:28:41.413+0000] {logging_mixin.py:190} INFO - [2024-10-07T21:28:41.413+0000] {dag.py:4180} INFO - Setting next_dagrun for example_skip_dag to 2024-10-06 00:00:00+00:00, run_after=2024-10-07 00:00:00+00:00
[2024-10-07T21:28:41.424+0000] {processor.py:208} INFO - Processing /home/airflow/.local/lib/python3.12/site-packages/airflow/example_dags/example_skip_dag.py took 0.048 seconds
[2024-10-07T21:29:12.392+0000] {processor.py:186} INFO - Started process (PID=189) to work on /home/airflow/.local/lib/python3.12/site-packages/airflow/example_dags/example_skip_dag.py
[2024-10-07T21:29:12.392+0000] {processor.py:914} INFO - Processing file /home/airflow/.local/lib/python3.12/site-packages/airflow/example_dags/example_skip_dag.py for tasks to queue
[2024-10-07T21:29:12.394+0000] {logging_mixin.py:190} INFO - [2024-10-07T21:29:12.394+0000] {dagbag.py:588} INFO - Filling up the DagBag from /home/airflow/.local/lib/python3.12/site-packages/airflow/example_dags/example_skip_dag.py
[2024-10-07T21:29:12.398+0000] {processor.py:925} INFO - DAG(s) 'example_skip_dag' retrieved from /home/airflow/.local/lib/python3.12/site-packages/airflow/example_dags/example_skip_dag.py
[2024-10-07T21:29:12.408+0000] {logging_mixin.py:190} INFO - [2024-10-07T21:29:12.408+0000] {dag.py:3239} INFO - Sync 1 DAGs
[2024-10-07T21:29:12.419+0000] {logging_mixin.py:190} INFO - [2024-10-07T21:29:12.419+0000] {dag.py:4180} INFO - Setting next_dagrun for example_skip_dag to 2024-10-06 00:00:00+00:00, run_after=2024-10-07 00:00:00+00:00
[2024-10-07T21:29:12.427+0000] {processor.py:208} INFO - Processing /home/airflow/.local/lib/python3.12/site-packages/airflow/example_dags/example_skip_dag.py took 0.038 seconds
[2024-10-07T21:29:42.846+0000] {processor.py:186} INFO - Started process (PID=251) to work on /home/airflow/.local/lib/python3.12/site-packages/airflow/example_dags/example_skip_dag.py
[2024-10-07T21:29:42.848+0000] {processor.py:914} INFO - Processing file /home/airflow/.local/lib/python3.12/site-packages/airflow/example_dags/example_skip_dag.py for tasks to queue
[2024-10-07T21:29:42.850+0000] {logging_mixin.py:190} INFO - [2024-10-07T21:29:42.850+0000] {dagbag.py:588} INFO - Filling up the DagBag from /home/airflow/.local/lib/python3.12/site-packages/airflow/example_dags/example_skip_dag.py
[2024-10-07T21:29:42.856+0000] {processor.py:925} INFO - DAG(s) 'example_skip_dag' retrieved from /home/airflow/.local/lib/python3.12/site-packages/airflow/example_dags/example_skip_dag.py
[2024-10-07T21:29:42.869+0000] {logging_mixin.py:190} INFO - [2024-10-07T21:29:42.868+0000] {dag.py:3239} INFO - Sync 1 DAGs
[2024-10-07T21:29:42.880+0000] {logging_mixin.py:190} INFO - [2024-10-07T21:29:42.880+0000] {dag.py:4180} INFO - Setting next_dagrun for example_skip_dag to 2024-10-06 00:00:00+00:00, run_after=2024-10-07 00:00:00+00:00
[2024-10-07T21:29:42.889+0000] {processor.py:208} INFO - Processing /home/airflow/.local/lib/python3.12/site-packages/airflow/example_dags/example_skip_dag.py took 0.050 seconds
[2024-10-07T21:30:13.287+0000] {processor.py:186} INFO - Started process (PID=313) to work on /home/airflow/.local/lib/python3.12/site-packages/airflow/example_dags/example_skip_dag.py
[2024-10-07T21:30:13.288+0000] {processor.py:914} INFO - Processing file /home/airflow/.local/lib/python3.12/site-packages/airflow/example_dags/example_skip_dag.py for tasks to queue
[2024-10-07T21:30:13.290+0000] {logging_mixin.py:190} INFO - [2024-10-07T21:30:13.289+0000] {dagbag.py:588} INFO - Filling up the DagBag from /home/airflow/.local/lib/python3.12/site-packages/airflow/example_dags/example_skip_dag.py
[2024-10-07T21:30:13.294+0000] {processor.py:925} INFO - DAG(s) 'example_skip_dag' retrieved from /home/airflow/.local/lib/python3.12/site-packages/airflow/example_dags/example_skip_dag.py
[2024-10-07T21:30:13.306+0000] {logging_mixin.py:190} INFO - [2024-10-07T21:30:13.305+0000] {dag.py:3239} INFO - Sync 1 DAGs
[2024-10-07T21:30:13.317+0000] {logging_mixin.py:190} INFO - [2024-10-07T21:30:13.317+0000] {dag.py:4180} INFO - Setting next_dagrun for example_skip_dag to 2024-10-06 00:00:00+00:00, run_after=2024-10-07 00:00:00+00:00
[2024-10-07T21:30:13.326+0000] {processor.py:208} INFO - Processing /home/airflow/.local/lib/python3.12/site-packages/airflow/example_dags/example_skip_dag.py took 0.042 seconds
[2024-10-07T21:30:43.569+0000] {processor.py:186} INFO - Started process (PID=375) to work on /home/airflow/.local/lib/python3.12/site-packages/airflow/example_dags/example_skip_dag.py
[2024-10-07T21:30:43.571+0000] {processor.py:914} INFO - Processing file /home/airflow/.local/lib/python3.12/site-packages/airflow/example_dags/example_skip_dag.py for tasks to queue
[2024-10-07T21:30:43.574+0000] {logging_mixin.py:190} INFO - [2024-10-07T21:30:43.574+0000] {dagbag.py:588} INFO - Filling up the DagBag from /home/airflow/.local/lib/python3.12/site-packages/airflow/example_dags/example_skip_dag.py
[2024-10-07T21:30:43.578+0000] {processor.py:925} INFO - DAG(s) 'example_skip_dag' retrieved from /home/airflow/.local/lib/python3.12/site-packages/airflow/example_dags/example_skip_dag.py
[2024-10-07T21:30:43.591+0000] {logging_mixin.py:190} INFO - [2024-10-07T21:30:43.591+0000] {dag.py:3239} INFO - Sync 1 DAGs
[2024-10-07T21:30:43.603+0000] {logging_mixin.py:190} INFO - [2024-10-07T21:30:43.603+0000] {dag.py:4180} INFO - Setting next_dagrun for example_skip_dag to 2024-10-06 00:00:00+00:00, run_after=2024-10-07 00:00:00+00:00
[2024-10-07T21:30:43.611+0000] {processor.py:208} INFO - Processing /home/airflow/.local/lib/python3.12/site-packages/airflow/example_dags/example_skip_dag.py took 0.046 seconds
[2024-10-07T21:31:13.867+0000] {processor.py:186} INFO - Started process (PID=437) to work on /home/airflow/.local/lib/python3.12/site-packages/airflow/example_dags/example_skip_dag.py
[2024-10-07T21:31:13.867+0000] {processor.py:914} INFO - Processing file /home/airflow/.local/lib/python3.12/site-packages/airflow/example_dags/example_skip_dag.py for tasks to queue
[2024-10-07T21:31:13.868+0000] {logging_mixin.py:190} INFO - [2024-10-07T21:31:13.868+0000] {dagbag.py:588} INFO - Filling up the DagBag from /home/airflow/.local/lib/python3.12/site-packages/airflow/example_dags/example_skip_dag.py
[2024-10-07T21:31:13.872+0000] {processor.py:925} INFO - DAG(s) 'example_skip_dag' retrieved from /home/airflow/.local/lib/python3.12/site-packages/airflow/example_dags/example_skip_dag.py
[2024-10-07T21:31:13.881+0000] {logging_mixin.py:190} INFO - [2024-10-07T21:31:13.881+0000] {dag.py:3239} INFO - Sync 1 DAGs
[2024-10-07T21:31:13.895+0000] {logging_mixin.py:190} INFO - [2024-10-07T21:31:13.895+0000] {dag.py:4180} INFO - Setting next_dagrun for example_skip_dag to 2024-10-06 00:00:00+00:00, run_after=2024-10-07 00:00:00+00:00
[2024-10-07T21:31:13.902+0000] {processor.py:208} INFO - Processing /home/airflow/.local/lib/python3.12/site-packages/airflow/example_dags/example_skip_dag.py took 0.039 seconds
[2024-10-07T21:31:44.565+0000] {processor.py:186} INFO - Started process (PID=499) to work on /home/airflow/.local/lib/python3.12/site-packages/airflow/example_dags/example_skip_dag.py
[2024-10-07T21:31:44.566+0000] {processor.py:914} INFO - Processing file /home/airflow/.local/lib/python3.12/site-packages/airflow/example_dags/example_skip_dag.py for tasks to queue
[2024-10-07T21:31:44.570+0000] {logging_mixin.py:190} INFO - [2024-10-07T21:31:44.569+0000] {dagbag.py:588} INFO - Filling up the DagBag from /home/airflow/.local/lib/python3.12/site-packages/airflow/example_dags/example_skip_dag.py
[2024-10-07T21:31:44.574+0000] {processor.py:925} INFO - DAG(s) 'example_skip_dag' retrieved from /home/airflow/.local/lib/python3.12/site-packages/airflow/example_dags/example_skip_dag.py
[2024-10-07T21:31:44.585+0000] {logging_mixin.py:190} INFO - [2024-10-07T21:31:44.584+0000] {dag.py:3239} INFO - Sync 1 DAGs
[2024-10-07T21:31:44.596+0000] {logging_mixin.py:190} INFO - [2024-10-07T21:31:44.596+0000] {dag.py:4180} INFO - Setting next_dagrun for example_skip_dag to 2024-10-06 00:00:00+00:00, run_after=2024-10-07 00:00:00+00:00
[2024-10-07T21:31:44.606+0000] {processor.py:208} INFO - Processing /home/airflow/.local/lib/python3.12/site-packages/airflow/example_dags/example_skip_dag.py took 0.044 seconds
[2024-10-07T21:32:15.247+0000] {processor.py:186} INFO - Started process (PID=561) to work on /home/airflow/.local/lib/python3.12/site-packages/airflow/example_dags/example_skip_dag.py
[2024-10-07T21:32:15.248+0000] {processor.py:914} INFO - Processing file /home/airflow/.local/lib/python3.12/site-packages/airflow/example_dags/example_skip_dag.py for tasks to queue
[2024-10-07T21:32:15.249+0000] {logging_mixin.py:190} INFO - [2024-10-07T21:32:15.249+0000] {dagbag.py:588} INFO - Filling up the DagBag from /home/airflow/.local/lib/python3.12/site-packages/airflow/example_dags/example_skip_dag.py
[2024-10-07T21:32:15.255+0000] {processor.py:925} INFO - DAG(s) 'example_skip_dag' retrieved from /home/airflow/.local/lib/python3.12/site-packages/airflow/example_dags/example_skip_dag.py
[2024-10-07T21:32:15.266+0000] {logging_mixin.py:190} INFO - [2024-10-07T21:32:15.266+0000] {dag.py:3239} INFO - Sync 1 DAGs
[2024-10-07T21:32:15.278+0000] {logging_mixin.py:190} INFO - [2024-10-07T21:32:15.278+0000] {dag.py:4180} INFO - Setting next_dagrun for example_skip_dag to 2024-10-06 00:00:00+00:00, run_after=2024-10-07 00:00:00+00:00
[2024-10-07T21:32:15.290+0000] {processor.py:208} INFO - Processing /home/airflow/.local/lib/python3.12/site-packages/airflow/example_dags/example_skip_dag.py took 0.049 seconds
[2024-10-07T21:32:45.999+0000] {processor.py:186} INFO - Started process (PID=623) to work on /home/airflow/.local/lib/python3.12/site-packages/airflow/example_dags/example_skip_dag.py
[2024-10-07T21:32:45.999+0000] {processor.py:914} INFO - Processing file /home/airflow/.local/lib/python3.12/site-packages/airflow/example_dags/example_skip_dag.py for tasks to queue
[2024-10-07T21:32:46.001+0000] {logging_mixin.py:190} INFO - [2024-10-07T21:32:46.001+0000] {dagbag.py:588} INFO - Filling up the DagBag from /home/airflow/.local/lib/python3.12/site-packages/airflow/example_dags/example_skip_dag.py
[2024-10-07T21:32:46.005+0000] {processor.py:925} INFO - DAG(s) 'example_skip_dag' retrieved from /home/airflow/.local/lib/python3.12/site-packages/airflow/example_dags/example_skip_dag.py
[2024-10-07T21:32:46.019+0000] {logging_mixin.py:190} INFO - [2024-10-07T21:32:46.018+0000] {dag.py:3239} INFO - Sync 1 DAGs
[2024-10-07T21:32:46.029+0000] {logging_mixin.py:190} INFO - [2024-10-07T21:32:46.029+0000] {dag.py:4180} INFO - Setting next_dagrun for example_skip_dag to 2024-10-06 00:00:00+00:00, run_after=2024-10-07 00:00:00+00:00
[2024-10-07T21:32:46.039+0000] {processor.py:208} INFO - Processing /home/airflow/.local/lib/python3.12/site-packages/airflow/example_dags/example_skip_dag.py took 0.043 seconds
[2024-10-07T21:33:16.488+0000] {processor.py:186} INFO - Started process (PID=685) to work on /home/airflow/.local/lib/python3.12/site-packages/airflow/example_dags/example_skip_dag.py
[2024-10-07T21:33:16.489+0000] {processor.py:914} INFO - Processing file /home/airflow/.local/lib/python3.12/site-packages/airflow/example_dags/example_skip_dag.py for tasks to queue
[2024-10-07T21:33:16.491+0000] {logging_mixin.py:190} INFO - [2024-10-07T21:33:16.490+0000] {dagbag.py:588} INFO - Filling up the DagBag from /home/airflow/.local/lib/python3.12/site-packages/airflow/example_dags/example_skip_dag.py
[2024-10-07T21:33:16.498+0000] {processor.py:925} INFO - DAG(s) 'example_skip_dag' retrieved from /home/airflow/.local/lib/python3.12/site-packages/airflow/example_dags/example_skip_dag.py
[2024-10-07T21:33:16.511+0000] {logging_mixin.py:190} INFO - [2024-10-07T21:33:16.511+0000] {dag.py:3239} INFO - Sync 1 DAGs
[2024-10-07T21:33:16.523+0000] {logging_mixin.py:190} INFO - [2024-10-07T21:33:16.523+0000] {dag.py:4180} INFO - Setting next_dagrun for example_skip_dag to 2024-10-06 00:00:00+00:00, run_after=2024-10-07 00:00:00+00:00
[2024-10-07T21:33:16.532+0000] {processor.py:208} INFO - Processing /home/airflow/.local/lib/python3.12/site-packages/airflow/example_dags/example_skip_dag.py took 0.047 seconds
[2024-10-07T21:33:46.868+0000] {processor.py:186} INFO - Started process (PID=747) to work on /home/airflow/.local/lib/python3.12/site-packages/airflow/example_dags/example_skip_dag.py
[2024-10-07T21:33:46.869+0000] {processor.py:914} INFO - Processing file /home/airflow/.local/lib/python3.12/site-packages/airflow/example_dags/example_skip_dag.py for tasks to queue
[2024-10-07T21:33:46.870+0000] {logging_mixin.py:190} INFO - [2024-10-07T21:33:46.870+0000] {dagbag.py:588} INFO - Filling up the DagBag from /home/airflow/.local/lib/python3.12/site-packages/airflow/example_dags/example_skip_dag.py
[2024-10-07T21:33:46.877+0000] {processor.py:925} INFO - DAG(s) 'example_skip_dag' retrieved from /home/airflow/.local/lib/python3.12/site-packages/airflow/example_dags/example_skip_dag.py
[2024-10-07T21:33:46.888+0000] {logging_mixin.py:190} INFO - [2024-10-07T21:33:46.888+0000] {dag.py:3239} INFO - Sync 1 DAGs
[2024-10-07T21:33:46.899+0000] {logging_mixin.py:190} INFO - [2024-10-07T21:33:46.899+0000] {dag.py:4180} INFO - Setting next_dagrun for example_skip_dag to 2024-10-06 00:00:00+00:00, run_after=2024-10-07 00:00:00+00:00
[2024-10-07T21:33:46.909+0000] {processor.py:208} INFO - Processing /home/airflow/.local/lib/python3.12/site-packages/airflow/example_dags/example_skip_dag.py took 0.044 seconds
[2024-10-07T21:34:17.395+0000] {processor.py:186} INFO - Started process (PID=809) to work on /home/airflow/.local/lib/python3.12/site-packages/airflow/example_dags/example_skip_dag.py
[2024-10-07T21:34:17.396+0000] {processor.py:914} INFO - Processing file /home/airflow/.local/lib/python3.12/site-packages/airflow/example_dags/example_skip_dag.py for tasks to queue
[2024-10-07T21:34:17.397+0000] {logging_mixin.py:190} INFO - [2024-10-07T21:34:17.397+0000] {dagbag.py:588} INFO - Filling up the DagBag from /home/airflow/.local/lib/python3.12/site-packages/airflow/example_dags/example_skip_dag.py
[2024-10-07T21:34:17.401+0000] {processor.py:925} INFO - DAG(s) 'example_skip_dag' retrieved from /home/airflow/.local/lib/python3.12/site-packages/airflow/example_dags/example_skip_dag.py
[2024-10-07T21:34:17.411+0000] {logging_mixin.py:190} INFO - [2024-10-07T21:34:17.411+0000] {dag.py:3239} INFO - Sync 1 DAGs
[2024-10-07T21:34:17.424+0000] {logging_mixin.py:190} INFO - [2024-10-07T21:34:17.424+0000] {dag.py:4180} INFO - Setting next_dagrun for example_skip_dag to 2024-10-06 00:00:00+00:00, run_after=2024-10-07 00:00:00+00:00
[2024-10-07T21:34:17.432+0000] {processor.py:208} INFO - Processing /home/airflow/.local/lib/python3.12/site-packages/airflow/example_dags/example_skip_dag.py took 0.040 seconds
[2024-10-07T21:34:47.914+0000] {processor.py:186} INFO - Started process (PID=871) to work on /home/airflow/.local/lib/python3.12/site-packages/airflow/example_dags/example_skip_dag.py
[2024-10-07T21:34:47.918+0000] {processor.py:914} INFO - Processing file /home/airflow/.local/lib/python3.12/site-packages/airflow/example_dags/example_skip_dag.py for tasks to queue
[2024-10-07T21:34:47.919+0000] {logging_mixin.py:190} INFO - [2024-10-07T21:34:47.919+0000] {dagbag.py:588} INFO - Filling up the DagBag from /home/airflow/.local/lib/python3.12/site-packages/airflow/example_dags/example_skip_dag.py
[2024-10-07T21:34:47.923+0000] {processor.py:925} INFO - DAG(s) 'example_skip_dag' retrieved from /home/airflow/.local/lib/python3.12/site-packages/airflow/example_dags/example_skip_dag.py
[2024-10-07T21:34:47.935+0000] {logging_mixin.py:190} INFO - [2024-10-07T21:34:47.935+0000] {dag.py:3239} INFO - Sync 1 DAGs
[2024-10-07T21:34:47.947+0000] {logging_mixin.py:190} INFO - [2024-10-07T21:34:47.947+0000] {dag.py:4180} INFO - Setting next_dagrun for example_skip_dag to 2024-10-06 00:00:00+00:00, run_after=2024-10-07 00:00:00+00:00
[2024-10-07T21:34:47.956+0000] {processor.py:208} INFO - Processing /home/airflow/.local/lib/python3.12/site-packages/airflow/example_dags/example_skip_dag.py took 0.045 seconds
[2024-10-07T21:35:18.327+0000] {processor.py:186} INFO - Started process (PID=933) to work on /home/airflow/.local/lib/python3.12/site-packages/airflow/example_dags/example_skip_dag.py
[2024-10-07T21:35:18.328+0000] {processor.py:914} INFO - Processing file /home/airflow/.local/lib/python3.12/site-packages/airflow/example_dags/example_skip_dag.py for tasks to queue
[2024-10-07T21:35:18.329+0000] {logging_mixin.py:190} INFO - [2024-10-07T21:35:18.329+0000] {dagbag.py:588} INFO - Filling up the DagBag from /home/airflow/.local/lib/python3.12/site-packages/airflow/example_dags/example_skip_dag.py
[2024-10-07T21:35:18.333+0000] {processor.py:925} INFO - DAG(s) 'example_skip_dag' retrieved from /home/airflow/.local/lib/python3.12/site-packages/airflow/example_dags/example_skip_dag.py
[2024-10-07T21:35:18.343+0000] {logging_mixin.py:190} INFO - [2024-10-07T21:35:18.343+0000] {dag.py:3239} INFO - Sync 1 DAGs
[2024-10-07T21:35:18.354+0000] {logging_mixin.py:190} INFO - [2024-10-07T21:35:18.354+0000] {dag.py:4180} INFO - Setting next_dagrun for example_skip_dag to 2024-10-06 00:00:00+00:00, run_after=2024-10-07 00:00:00+00:00
[2024-10-07T21:35:18.362+0000] {processor.py:208} INFO - Processing /home/airflow/.local/lib/python3.12/site-packages/airflow/example_dags/example_skip_dag.py took 0.038 seconds
[2024-10-07T21:35:48.581+0000] {processor.py:186} INFO - Started process (PID=995) to work on /home/airflow/.local/lib/python3.12/site-packages/airflow/example_dags/example_skip_dag.py
[2024-10-07T21:35:48.582+0000] {processor.py:914} INFO - Processing file /home/airflow/.local/lib/python3.12/site-packages/airflow/example_dags/example_skip_dag.py for tasks to queue
[2024-10-07T21:35:48.584+0000] {logging_mixin.py:190} INFO - [2024-10-07T21:35:48.584+0000] {dagbag.py:588} INFO - Filling up the DagBag from /home/airflow/.local/lib/python3.12/site-packages/airflow/example_dags/example_skip_dag.py
[2024-10-07T21:35:48.588+0000] {processor.py:925} INFO - DAG(s) 'example_skip_dag' retrieved from /home/airflow/.local/lib/python3.12/site-packages/airflow/example_dags/example_skip_dag.py
[2024-10-07T21:35:48.600+0000] {logging_mixin.py:190} INFO - [2024-10-07T21:35:48.600+0000] {dag.py:3239} INFO - Sync 1 DAGs
[2024-10-07T21:35:48.612+0000] {logging_mixin.py:190} INFO - [2024-10-07T21:35:48.612+0000] {dag.py:4180} INFO - Setting next_dagrun for example_skip_dag to 2024-10-06 00:00:00+00:00, run_after=2024-10-07 00:00:00+00:00
[2024-10-07T21:35:48.621+0000] {processor.py:208} INFO - Processing /home/airflow/.local/lib/python3.12/site-packages/airflow/example_dags/example_skip_dag.py took 0.043 seconds
[2024-10-07T21:36:18.838+0000] {processor.py:186} INFO - Started process (PID=1057) to work on /home/airflow/.local/lib/python3.12/site-packages/airflow/example_dags/example_skip_dag.py
[2024-10-07T21:36:18.838+0000] {processor.py:914} INFO - Processing file /home/airflow/.local/lib/python3.12/site-packages/airflow/example_dags/example_skip_dag.py for tasks to queue
[2024-10-07T21:36:18.841+0000] {logging_mixin.py:190} INFO - [2024-10-07T21:36:18.840+0000] {dagbag.py:588} INFO - Filling up the DagBag from /home/airflow/.local/lib/python3.12/site-packages/airflow/example_dags/example_skip_dag.py
[2024-10-07T21:36:18.848+0000] {processor.py:925} INFO - DAG(s) 'example_skip_dag' retrieved from /home/airflow/.local/lib/python3.12/site-packages/airflow/example_dags/example_skip_dag.py
[2024-10-07T21:36:18.861+0000] {logging_mixin.py:190} INFO - [2024-10-07T21:36:18.861+0000] {dag.py:3239} INFO - Sync 1 DAGs
[2024-10-07T21:36:18.873+0000] {logging_mixin.py:190} INFO - [2024-10-07T21:36:18.873+0000] {dag.py:4180} INFO - Setting next_dagrun for example_skip_dag to 2024-10-06 00:00:00+00:00, run_after=2024-10-07 00:00:00+00:00
[2024-10-07T21:36:18.882+0000] {processor.py:208} INFO - Processing /home/airflow/.local/lib/python3.12/site-packages/airflow/example_dags/example_skip_dag.py took 0.047 seconds
[2024-10-07T21:36:49.094+0000] {processor.py:186} INFO - Started process (PID=1119) to work on /home/airflow/.local/lib/python3.12/site-packages/airflow/example_dags/example_skip_dag.py
[2024-10-07T21:36:49.094+0000] {processor.py:914} INFO - Processing file /home/airflow/.local/lib/python3.12/site-packages/airflow/example_dags/example_skip_dag.py for tasks to queue
[2024-10-07T21:36:49.096+0000] {logging_mixin.py:190} INFO - [2024-10-07T21:36:49.095+0000] {dagbag.py:588} INFO - Filling up the DagBag from /home/airflow/.local/lib/python3.12/site-packages/airflow/example_dags/example_skip_dag.py
[2024-10-07T21:36:49.099+0000] {processor.py:925} INFO - DAG(s) 'example_skip_dag' retrieved from /home/airflow/.local/lib/python3.12/site-packages/airflow/example_dags/example_skip_dag.py
[2024-10-07T21:36:49.110+0000] {logging_mixin.py:190} INFO - [2024-10-07T21:36:49.110+0000] {dag.py:3239} INFO - Sync 1 DAGs
[2024-10-07T21:36:49.121+0000] {logging_mixin.py:190} INFO - [2024-10-07T21:36:49.121+0000] {dag.py:4180} INFO - Setting next_dagrun for example_skip_dag to 2024-10-06 00:00:00+00:00, run_after=2024-10-07 00:00:00+00:00
[2024-10-07T21:36:49.129+0000] {processor.py:208} INFO - Processing /home/airflow/.local/lib/python3.12/site-packages/airflow/example_dags/example_skip_dag.py took 0.038 seconds
[2024-10-07T21:37:19.428+0000] {processor.py:186} INFO - Started process (PID=1181) to work on /home/airflow/.local/lib/python3.12/site-packages/airflow/example_dags/example_skip_dag.py
[2024-10-07T21:37:19.429+0000] {processor.py:914} INFO - Processing file /home/airflow/.local/lib/python3.12/site-packages/airflow/example_dags/example_skip_dag.py for tasks to queue
[2024-10-07T21:37:19.430+0000] {logging_mixin.py:190} INFO - [2024-10-07T21:37:19.430+0000] {dagbag.py:588} INFO - Filling up the DagBag from /home/airflow/.local/lib/python3.12/site-packages/airflow/example_dags/example_skip_dag.py
[2024-10-07T21:37:19.434+0000] {processor.py:925} INFO - DAG(s) 'example_skip_dag' retrieved from /home/airflow/.local/lib/python3.12/site-packages/airflow/example_dags/example_skip_dag.py
[2024-10-07T21:37:19.445+0000] {logging_mixin.py:190} INFO - [2024-10-07T21:37:19.444+0000] {dag.py:3239} INFO - Sync 1 DAGs
[2024-10-07T21:37:19.456+0000] {logging_mixin.py:190} INFO - [2024-10-07T21:37:19.456+0000] {dag.py:4180} INFO - Setting next_dagrun for example_skip_dag to 2024-10-06 00:00:00+00:00, run_after=2024-10-07 00:00:00+00:00
[2024-10-07T21:37:19.465+0000] {processor.py:208} INFO - Processing /home/airflow/.local/lib/python3.12/site-packages/airflow/example_dags/example_skip_dag.py took 0.040 seconds
[2024-10-07T21:37:49.731+0000] {processor.py:186} INFO - Started process (PID=1243) to work on /home/airflow/.local/lib/python3.12/site-packages/airflow/example_dags/example_skip_dag.py
[2024-10-07T21:37:49.733+0000] {processor.py:914} INFO - Processing file /home/airflow/.local/lib/python3.12/site-packages/airflow/example_dags/example_skip_dag.py for tasks to queue
[2024-10-07T21:37:49.734+0000] {logging_mixin.py:190} INFO - [2024-10-07T21:37:49.734+0000] {dagbag.py:588} INFO - Filling up the DagBag from /home/airflow/.local/lib/python3.12/site-packages/airflow/example_dags/example_skip_dag.py
[2024-10-07T21:37:49.739+0000] {processor.py:925} INFO - DAG(s) 'example_skip_dag' retrieved from /home/airflow/.local/lib/python3.12/site-packages/airflow/example_dags/example_skip_dag.py
[2024-10-07T21:37:49.751+0000] {logging_mixin.py:190} INFO - [2024-10-07T21:37:49.751+0000] {dag.py:3239} INFO - Sync 1 DAGs
[2024-10-07T21:37:49.764+0000] {logging_mixin.py:190} INFO - [2024-10-07T21:37:49.764+0000] {dag.py:4180} INFO - Setting next_dagrun for example_skip_dag to 2024-10-06 00:00:00+00:00, run_after=2024-10-07 00:00:00+00:00
[2024-10-07T21:37:49.772+0000] {processor.py:208} INFO - Processing /home/airflow/.local/lib/python3.12/site-packages/airflow/example_dags/example_skip_dag.py took 0.044 seconds
[2024-10-07T21:38:20.218+0000] {processor.py:186} INFO - Started process (PID=1305) to work on /home/airflow/.local/lib/python3.12/site-packages/airflow/example_dags/example_skip_dag.py
[2024-10-07T21:38:20.219+0000] {processor.py:914} INFO - Processing file /home/airflow/.local/lib/python3.12/site-packages/airflow/example_dags/example_skip_dag.py for tasks to queue
[2024-10-07T21:38:20.220+0000] {logging_mixin.py:190} INFO - [2024-10-07T21:38:20.220+0000] {dagbag.py:588} INFO - Filling up the DagBag from /home/airflow/.local/lib/python3.12/site-packages/airflow/example_dags/example_skip_dag.py
[2024-10-07T21:38:20.225+0000] {processor.py:925} INFO - DAG(s) 'example_skip_dag' retrieved from /home/airflow/.local/lib/python3.12/site-packages/airflow/example_dags/example_skip_dag.py
[2024-10-07T21:38:20.235+0000] {logging_mixin.py:190} INFO - [2024-10-07T21:38:20.235+0000] {dag.py:3239} INFO - Sync 1 DAGs
[2024-10-07T21:38:20.251+0000] {logging_mixin.py:190} INFO - [2024-10-07T21:38:20.250+0000] {dag.py:4180} INFO - Setting next_dagrun for example_skip_dag to 2024-10-06 00:00:00+00:00, run_after=2024-10-07 00:00:00+00:00
[2024-10-07T21:38:20.261+0000] {processor.py:208} INFO - Processing /home/airflow/.local/lib/python3.12/site-packages/airflow/example_dags/example_skip_dag.py took 0.046 seconds
[2024-10-07T21:38:50.668+0000] {processor.py:186} INFO - Started process (PID=1367) to work on /home/airflow/.local/lib/python3.12/site-packages/airflow/example_dags/example_skip_dag.py
[2024-10-07T21:38:50.669+0000] {processor.py:914} INFO - Processing file /home/airflow/.local/lib/python3.12/site-packages/airflow/example_dags/example_skip_dag.py for tasks to queue
[2024-10-07T21:38:50.671+0000] {logging_mixin.py:190} INFO - [2024-10-07T21:38:50.670+0000] {dagbag.py:588} INFO - Filling up the DagBag from /home/airflow/.local/lib/python3.12/site-packages/airflow/example_dags/example_skip_dag.py
[2024-10-07T21:38:50.676+0000] {processor.py:925} INFO - DAG(s) 'example_skip_dag' retrieved from /home/airflow/.local/lib/python3.12/site-packages/airflow/example_dags/example_skip_dag.py
[2024-10-07T21:38:50.688+0000] {logging_mixin.py:190} INFO - [2024-10-07T21:38:50.688+0000] {dag.py:3239} INFO - Sync 1 DAGs
[2024-10-07T21:38:50.702+0000] {logging_mixin.py:190} INFO - [2024-10-07T21:38:50.701+0000] {dag.py:4180} INFO - Setting next_dagrun for example_skip_dag to 2024-10-06 00:00:00+00:00, run_after=2024-10-07 00:00:00+00:00
[2024-10-07T21:38:50.713+0000] {processor.py:208} INFO - Processing /home/airflow/.local/lib/python3.12/site-packages/airflow/example_dags/example_skip_dag.py took 0.048 seconds
[2024-10-07T21:39:21.114+0000] {processor.py:186} INFO - Started process (PID=1429) to work on /home/airflow/.local/lib/python3.12/site-packages/airflow/example_dags/example_skip_dag.py
[2024-10-07T21:39:21.114+0000] {processor.py:914} INFO - Processing file /home/airflow/.local/lib/python3.12/site-packages/airflow/example_dags/example_skip_dag.py for tasks to queue
[2024-10-07T21:39:21.116+0000] {logging_mixin.py:190} INFO - [2024-10-07T21:39:21.116+0000] {dagbag.py:588} INFO - Filling up the DagBag from /home/airflow/.local/lib/python3.12/site-packages/airflow/example_dags/example_skip_dag.py
[2024-10-07T21:39:21.120+0000] {processor.py:925} INFO - DAG(s) 'example_skip_dag' retrieved from /home/airflow/.local/lib/python3.12/site-packages/airflow/example_dags/example_skip_dag.py
[2024-10-07T21:39:21.130+0000] {logging_mixin.py:190} INFO - [2024-10-07T21:39:21.130+0000] {dag.py:3239} INFO - Sync 1 DAGs
[2024-10-07T21:39:21.141+0000] {logging_mixin.py:190} INFO - [2024-10-07T21:39:21.141+0000] {dag.py:4180} INFO - Setting next_dagrun for example_skip_dag to 2024-10-06 00:00:00+00:00, run_after=2024-10-07 00:00:00+00:00
[2024-10-07T21:39:21.153+0000] {processor.py:208} INFO - Processing /home/airflow/.local/lib/python3.12/site-packages/airflow/example_dags/example_skip_dag.py took 0.043 seconds
[2024-10-07T21:39:51.552+0000] {processor.py:186} INFO - Started process (PID=1491) to work on /home/airflow/.local/lib/python3.12/site-packages/airflow/example_dags/example_skip_dag.py
[2024-10-07T21:39:51.553+0000] {processor.py:914} INFO - Processing file /home/airflow/.local/lib/python3.12/site-packages/airflow/example_dags/example_skip_dag.py for tasks to queue
[2024-10-07T21:39:51.555+0000] {logging_mixin.py:190} INFO - [2024-10-07T21:39:51.555+0000] {dagbag.py:588} INFO - Filling up the DagBag from /home/airflow/.local/lib/python3.12/site-packages/airflow/example_dags/example_skip_dag.py
[2024-10-07T21:39:51.560+0000] {processor.py:925} INFO - DAG(s) 'example_skip_dag' retrieved from /home/airflow/.local/lib/python3.12/site-packages/airflow/example_dags/example_skip_dag.py
[2024-10-07T21:39:51.573+0000] {logging_mixin.py:190} INFO - [2024-10-07T21:39:51.572+0000] {dag.py:3239} INFO - Sync 1 DAGs
[2024-10-07T21:39:51.586+0000] {logging_mixin.py:190} INFO - [2024-10-07T21:39:51.586+0000] {dag.py:4180} INFO - Setting next_dagrun for example_skip_dag to 2024-10-06 00:00:00+00:00, run_after=2024-10-07 00:00:00+00:00
[2024-10-07T21:39:51.597+0000] {processor.py:208} INFO - Processing /home/airflow/.local/lib/python3.12/site-packages/airflow/example_dags/example_skip_dag.py took 0.048 seconds
[2024-10-07T21:40:22.524+0000] {processor.py:186} INFO - Started process (PID=1552) to work on /home/airflow/.local/lib/python3.12/site-packages/airflow/example_dags/example_skip_dag.py
[2024-10-07T21:40:22.525+0000] {processor.py:914} INFO - Processing file /home/airflow/.local/lib/python3.12/site-packages/airflow/example_dags/example_skip_dag.py for tasks to queue
[2024-10-07T21:40:22.529+0000] {logging_mixin.py:190} INFO - [2024-10-07T21:40:22.529+0000] {dagbag.py:588} INFO - Filling up the DagBag from /home/airflow/.local/lib/python3.12/site-packages/airflow/example_dags/example_skip_dag.py
[2024-10-07T21:40:22.537+0000] {processor.py:925} INFO - DAG(s) 'example_skip_dag' retrieved from /home/airflow/.local/lib/python3.12/site-packages/airflow/example_dags/example_skip_dag.py
[2024-10-07T21:40:22.549+0000] {logging_mixin.py:190} INFO - [2024-10-07T21:40:22.549+0000] {dag.py:3239} INFO - Sync 1 DAGs
[2024-10-07T21:40:22.561+0000] {logging_mixin.py:190} INFO - [2024-10-07T21:40:22.561+0000] {dag.py:4180} INFO - Setting next_dagrun for example_skip_dag to 2024-10-06 00:00:00+00:00, run_after=2024-10-07 00:00:00+00:00
[2024-10-07T21:40:22.569+0000] {processor.py:208} INFO - Processing /home/airflow/.local/lib/python3.12/site-packages/airflow/example_dags/example_skip_dag.py took 0.049 seconds
[2024-10-07T21:40:53.278+0000] {processor.py:186} INFO - Started process (PID=1614) to work on /home/airflow/.local/lib/python3.12/site-packages/airflow/example_dags/example_skip_dag.py
[2024-10-07T21:40:53.278+0000] {processor.py:914} INFO - Processing file /home/airflow/.local/lib/python3.12/site-packages/airflow/example_dags/example_skip_dag.py for tasks to queue
[2024-10-07T21:40:53.279+0000] {logging_mixin.py:190} INFO - [2024-10-07T21:40:53.279+0000] {dagbag.py:588} INFO - Filling up the DagBag from /home/airflow/.local/lib/python3.12/site-packages/airflow/example_dags/example_skip_dag.py
[2024-10-07T21:40:53.285+0000] {processor.py:925} INFO - DAG(s) 'example_skip_dag' retrieved from /home/airflow/.local/lib/python3.12/site-packages/airflow/example_dags/example_skip_dag.py
[2024-10-07T21:40:53.301+0000] {logging_mixin.py:190} INFO - [2024-10-07T21:40:53.301+0000] {dag.py:3239} INFO - Sync 1 DAGs
[2024-10-07T21:40:53.313+0000] {logging_mixin.py:190} INFO - [2024-10-07T21:40:53.313+0000] {dag.py:4180} INFO - Setting next_dagrun for example_skip_dag to 2024-10-06 00:00:00+00:00, run_after=2024-10-07 00:00:00+00:00
[2024-10-07T21:40:53.323+0000] {processor.py:208} INFO - Processing /home/airflow/.local/lib/python3.12/site-packages/airflow/example_dags/example_skip_dag.py took 0.049 seconds
[2024-10-07T21:41:23.825+0000] {processor.py:186} INFO - Started process (PID=1676) to work on /home/airflow/.local/lib/python3.12/site-packages/airflow/example_dags/example_skip_dag.py
[2024-10-07T21:41:23.825+0000] {processor.py:914} INFO - Processing file /home/airflow/.local/lib/python3.12/site-packages/airflow/example_dags/example_skip_dag.py for tasks to queue
[2024-10-07T21:41:23.827+0000] {logging_mixin.py:190} INFO - [2024-10-07T21:41:23.827+0000] {dagbag.py:588} INFO - Filling up the DagBag from /home/airflow/.local/lib/python3.12/site-packages/airflow/example_dags/example_skip_dag.py
[2024-10-07T21:41:23.831+0000] {processor.py:925} INFO - DAG(s) 'example_skip_dag' retrieved from /home/airflow/.local/lib/python3.12/site-packages/airflow/example_dags/example_skip_dag.py
[2024-10-07T21:41:23.848+0000] {logging_mixin.py:190} INFO - [2024-10-07T21:41:23.848+0000] {dag.py:3239} INFO - Sync 1 DAGs
[2024-10-07T21:41:23.864+0000] {logging_mixin.py:190} INFO - [2024-10-07T21:41:23.863+0000] {dag.py:4180} INFO - Setting next_dagrun for example_skip_dag to 2024-10-06 00:00:00+00:00, run_after=2024-10-07 00:00:00+00:00
[2024-10-07T21:41:23.883+0000] {processor.py:208} INFO - Processing /home/airflow/.local/lib/python3.12/site-packages/airflow/example_dags/example_skip_dag.py took 0.062 seconds
[2024-10-07T21:41:54.581+0000] {processor.py:186} INFO - Started process (PID=1738) to work on /home/airflow/.local/lib/python3.12/site-packages/airflow/example_dags/example_skip_dag.py
[2024-10-07T21:41:54.582+0000] {processor.py:914} INFO - Processing file /home/airflow/.local/lib/python3.12/site-packages/airflow/example_dags/example_skip_dag.py for tasks to queue
[2024-10-07T21:41:54.583+0000] {logging_mixin.py:190} INFO - [2024-10-07T21:41:54.583+0000] {dagbag.py:588} INFO - Filling up the DagBag from /home/airflow/.local/lib/python3.12/site-packages/airflow/example_dags/example_skip_dag.py
[2024-10-07T21:41:54.588+0000] {processor.py:925} INFO - DAG(s) 'example_skip_dag' retrieved from /home/airflow/.local/lib/python3.12/site-packages/airflow/example_dags/example_skip_dag.py
[2024-10-07T21:41:54.599+0000] {logging_mixin.py:190} INFO - [2024-10-07T21:41:54.599+0000] {dag.py:3239} INFO - Sync 1 DAGs
[2024-10-07T21:41:54.614+0000] {logging_mixin.py:190} INFO - [2024-10-07T21:41:54.614+0000] {dag.py:4180} INFO - Setting next_dagrun for example_skip_dag to 2024-10-06 00:00:00+00:00, run_after=2024-10-07 00:00:00+00:00
[2024-10-07T21:41:54.628+0000] {processor.py:208} INFO - Processing /home/airflow/.local/lib/python3.12/site-packages/airflow/example_dags/example_skip_dag.py took 0.051 seconds
[2024-10-07T21:42:25.294+0000] {processor.py:186} INFO - Started process (PID=1800) to work on /home/airflow/.local/lib/python3.12/site-packages/airflow/example_dags/example_skip_dag.py
[2024-10-07T21:42:25.297+0000] {processor.py:914} INFO - Processing file /home/airflow/.local/lib/python3.12/site-packages/airflow/example_dags/example_skip_dag.py for tasks to queue
[2024-10-07T21:42:25.298+0000] {logging_mixin.py:190} INFO - [2024-10-07T21:42:25.298+0000] {dagbag.py:588} INFO - Filling up the DagBag from /home/airflow/.local/lib/python3.12/site-packages/airflow/example_dags/example_skip_dag.py
[2024-10-07T21:42:25.303+0000] {processor.py:925} INFO - DAG(s) 'example_skip_dag' retrieved from /home/airflow/.local/lib/python3.12/site-packages/airflow/example_dags/example_skip_dag.py
[2024-10-07T21:42:25.316+0000] {logging_mixin.py:190} INFO - [2024-10-07T21:42:25.316+0000] {dag.py:3239} INFO - Sync 1 DAGs
[2024-10-07T21:42:25.331+0000] {logging_mixin.py:190} INFO - [2024-10-07T21:42:25.331+0000] {dag.py:4180} INFO - Setting next_dagrun for example_skip_dag to 2024-10-06 00:00:00+00:00, run_after=2024-10-07 00:00:00+00:00
[2024-10-07T21:42:25.342+0000] {processor.py:208} INFO - Processing /home/airflow/.local/lib/python3.12/site-packages/airflow/example_dags/example_skip_dag.py took 0.052 seconds
[2024-10-07T21:42:56.080+0000] {processor.py:186} INFO - Started process (PID=1862) to work on /home/airflow/.local/lib/python3.12/site-packages/airflow/example_dags/example_skip_dag.py
[2024-10-07T21:42:56.084+0000] {processor.py:914} INFO - Processing file /home/airflow/.local/lib/python3.12/site-packages/airflow/example_dags/example_skip_dag.py for tasks to queue
[2024-10-07T21:42:56.088+0000] {logging_mixin.py:190} INFO - [2024-10-07T21:42:56.088+0000] {dagbag.py:588} INFO - Filling up the DagBag from /home/airflow/.local/lib/python3.12/site-packages/airflow/example_dags/example_skip_dag.py
[2024-10-07T21:42:56.093+0000] {processor.py:925} INFO - DAG(s) 'example_skip_dag' retrieved from /home/airflow/.local/lib/python3.12/site-packages/airflow/example_dags/example_skip_dag.py
[2024-10-07T21:42:56.108+0000] {logging_mixin.py:190} INFO - [2024-10-07T21:42:56.108+0000] {dag.py:3239} INFO - Sync 1 DAGs
[2024-10-07T21:42:56.120+0000] {logging_mixin.py:190} INFO - [2024-10-07T21:42:56.120+0000] {dag.py:4180} INFO - Setting next_dagrun for example_skip_dag to 2024-10-06 00:00:00+00:00, run_after=2024-10-07 00:00:00+00:00
[2024-10-07T21:42:56.130+0000] {processor.py:208} INFO - Processing /home/airflow/.local/lib/python3.12/site-packages/airflow/example_dags/example_skip_dag.py took 0.053 seconds
[2024-10-07T21:43:27.342+0000] {processor.py:186} INFO - Started process (PID=1924) to work on /home/airflow/.local/lib/python3.12/site-packages/airflow/example_dags/example_skip_dag.py
[2024-10-07T21:43:27.344+0000] {processor.py:914} INFO - Processing file /home/airflow/.local/lib/python3.12/site-packages/airflow/example_dags/example_skip_dag.py for tasks to queue
[2024-10-07T21:43:27.346+0000] {logging_mixin.py:190} INFO - [2024-10-07T21:43:27.345+0000] {dagbag.py:588} INFO - Filling up the DagBag from /home/airflow/.local/lib/python3.12/site-packages/airflow/example_dags/example_skip_dag.py
[2024-10-07T21:43:27.350+0000] {processor.py:925} INFO - DAG(s) 'example_skip_dag' retrieved from /home/airflow/.local/lib/python3.12/site-packages/airflow/example_dags/example_skip_dag.py
[2024-10-07T21:43:27.363+0000] {logging_mixin.py:190} INFO - [2024-10-07T21:43:27.363+0000] {dag.py:3239} INFO - Sync 1 DAGs
[2024-10-07T21:43:27.375+0000] {logging_mixin.py:190} INFO - [2024-10-07T21:43:27.374+0000] {dag.py:4180} INFO - Setting next_dagrun for example_skip_dag to 2024-10-06 00:00:00+00:00, run_after=2024-10-07 00:00:00+00:00
[2024-10-07T21:43:27.383+0000] {processor.py:208} INFO - Processing /home/airflow/.local/lib/python3.12/site-packages/airflow/example_dags/example_skip_dag.py took 0.045 seconds
[2024-10-07T21:43:58.357+0000] {processor.py:186} INFO - Started process (PID=1986) to work on /home/airflow/.local/lib/python3.12/site-packages/airflow/example_dags/example_skip_dag.py
[2024-10-07T21:43:58.359+0000] {processor.py:914} INFO - Processing file /home/airflow/.local/lib/python3.12/site-packages/airflow/example_dags/example_skip_dag.py for tasks to queue
[2024-10-07T21:43:58.360+0000] {logging_mixin.py:190} INFO - [2024-10-07T21:43:58.360+0000] {dagbag.py:588} INFO - Filling up the DagBag from /home/airflow/.local/lib/python3.12/site-packages/airflow/example_dags/example_skip_dag.py
[2024-10-07T21:43:58.364+0000] {processor.py:925} INFO - DAG(s) 'example_skip_dag' retrieved from /home/airflow/.local/lib/python3.12/site-packages/airflow/example_dags/example_skip_dag.py
[2024-10-07T21:43:58.377+0000] {logging_mixin.py:190} INFO - [2024-10-07T21:43:58.377+0000] {dag.py:3239} INFO - Sync 1 DAGs
[2024-10-07T21:43:58.389+0000] {logging_mixin.py:190} INFO - [2024-10-07T21:43:58.389+0000] {dag.py:4180} INFO - Setting next_dagrun for example_skip_dag to 2024-10-06 00:00:00+00:00, run_after=2024-10-07 00:00:00+00:00
[2024-10-07T21:43:58.398+0000] {processor.py:208} INFO - Processing /home/airflow/.local/lib/python3.12/site-packages/airflow/example_dags/example_skip_dag.py took 0.043 seconds
[2024-10-07T21:44:29.586+0000] {processor.py:186} INFO - Started process (PID=2048) to work on /home/airflow/.local/lib/python3.12/site-packages/airflow/example_dags/example_skip_dag.py
[2024-10-07T21:44:29.587+0000] {processor.py:914} INFO - Processing file /home/airflow/.local/lib/python3.12/site-packages/airflow/example_dags/example_skip_dag.py for tasks to queue
[2024-10-07T21:44:29.588+0000] {logging_mixin.py:190} INFO - [2024-10-07T21:44:29.588+0000] {dagbag.py:588} INFO - Filling up the DagBag from /home/airflow/.local/lib/python3.12/site-packages/airflow/example_dags/example_skip_dag.py
[2024-10-07T21:44:29.592+0000] {processor.py:925} INFO - DAG(s) 'example_skip_dag' retrieved from /home/airflow/.local/lib/python3.12/site-packages/airflow/example_dags/example_skip_dag.py
[2024-10-07T21:44:29.603+0000] {logging_mixin.py:190} INFO - [2024-10-07T21:44:29.603+0000] {dag.py:3239} INFO - Sync 1 DAGs
[2024-10-07T21:44:29.615+0000] {logging_mixin.py:190} INFO - [2024-10-07T21:44:29.615+0000] {dag.py:4180} INFO - Setting next_dagrun for example_skip_dag to 2024-10-06 00:00:00+00:00, run_after=2024-10-07 00:00:00+00:00
[2024-10-07T21:44:29.624+0000] {processor.py:208} INFO - Processing /home/airflow/.local/lib/python3.12/site-packages/airflow/example_dags/example_skip_dag.py took 0.041 seconds
[2024-10-07T21:45:00.353+0000] {processor.py:186} INFO - Started process (PID=2110) to work on /home/airflow/.local/lib/python3.12/site-packages/airflow/example_dags/example_skip_dag.py
[2024-10-07T21:45:00.354+0000] {processor.py:914} INFO - Processing file /home/airflow/.local/lib/python3.12/site-packages/airflow/example_dags/example_skip_dag.py for tasks to queue
[2024-10-07T21:45:00.355+0000] {logging_mixin.py:190} INFO - [2024-10-07T21:45:00.355+0000] {dagbag.py:588} INFO - Filling up the DagBag from /home/airflow/.local/lib/python3.12/site-packages/airflow/example_dags/example_skip_dag.py
[2024-10-07T21:45:00.359+0000] {processor.py:925} INFO - DAG(s) 'example_skip_dag' retrieved from /home/airflow/.local/lib/python3.12/site-packages/airflow/example_dags/example_skip_dag.py
[2024-10-07T21:45:00.376+0000] {logging_mixin.py:190} INFO - [2024-10-07T21:45:00.376+0000] {dag.py:3239} INFO - Sync 1 DAGs
[2024-10-07T21:45:00.390+0000] {logging_mixin.py:190} INFO - [2024-10-07T21:45:00.390+0000] {dag.py:4180} INFO - Setting next_dagrun for example_skip_dag to 2024-10-06 00:00:00+00:00, run_after=2024-10-07 00:00:00+00:00
[2024-10-07T21:45:00.401+0000] {processor.py:208} INFO - Processing /home/airflow/.local/lib/python3.12/site-packages/airflow/example_dags/example_skip_dag.py took 0.052 seconds
[2024-10-07T21:45:31.505+0000] {processor.py:186} INFO - Started process (PID=2172) to work on /home/airflow/.local/lib/python3.12/site-packages/airflow/example_dags/example_skip_dag.py
[2024-10-07T21:45:31.505+0000] {processor.py:914} INFO - Processing file /home/airflow/.local/lib/python3.12/site-packages/airflow/example_dags/example_skip_dag.py for tasks to queue
[2024-10-07T21:45:31.507+0000] {logging_mixin.py:190} INFO - [2024-10-07T21:45:31.507+0000] {dagbag.py:588} INFO - Filling up the DagBag from /home/airflow/.local/lib/python3.12/site-packages/airflow/example_dags/example_skip_dag.py
[2024-10-07T21:45:31.511+0000] {processor.py:925} INFO - DAG(s) 'example_skip_dag' retrieved from /home/airflow/.local/lib/python3.12/site-packages/airflow/example_dags/example_skip_dag.py
[2024-10-07T21:45:31.523+0000] {logging_mixin.py:190} INFO - [2024-10-07T21:45:31.523+0000] {dag.py:3239} INFO - Sync 1 DAGs
[2024-10-07T21:45:31.537+0000] {logging_mixin.py:190} INFO - [2024-10-07T21:45:31.537+0000] {dag.py:4180} INFO - Setting next_dagrun for example_skip_dag to 2024-10-06 00:00:00+00:00, run_after=2024-10-07 00:00:00+00:00
[2024-10-07T21:45:31.546+0000] {processor.py:208} INFO - Processing /home/airflow/.local/lib/python3.12/site-packages/airflow/example_dags/example_skip_dag.py took 0.045 seconds
[2024-10-07T21:46:02.785+0000] {processor.py:186} INFO - Started process (PID=2234) to work on /home/airflow/.local/lib/python3.12/site-packages/airflow/example_dags/example_skip_dag.py
[2024-10-07T21:46:02.787+0000] {processor.py:914} INFO - Processing file /home/airflow/.local/lib/python3.12/site-packages/airflow/example_dags/example_skip_dag.py for tasks to queue
[2024-10-07T21:46:02.790+0000] {logging_mixin.py:190} INFO - [2024-10-07T21:46:02.790+0000] {dagbag.py:588} INFO - Filling up the DagBag from /home/airflow/.local/lib/python3.12/site-packages/airflow/example_dags/example_skip_dag.py
[2024-10-07T21:46:02.794+0000] {processor.py:925} INFO - DAG(s) 'example_skip_dag' retrieved from /home/airflow/.local/lib/python3.12/site-packages/airflow/example_dags/example_skip_dag.py
[2024-10-07T21:46:02.805+0000] {logging_mixin.py:190} INFO - [2024-10-07T21:46:02.805+0000] {dag.py:3239} INFO - Sync 1 DAGs
[2024-10-07T21:46:02.817+0000] {logging_mixin.py:190} INFO - [2024-10-07T21:46:02.817+0000] {dag.py:4180} INFO - Setting next_dagrun for example_skip_dag to 2024-10-06 00:00:00+00:00, run_after=2024-10-07 00:00:00+00:00
[2024-10-07T21:46:02.826+0000] {processor.py:208} INFO - Processing /home/airflow/.local/lib/python3.12/site-packages/airflow/example_dags/example_skip_dag.py took 0.044 seconds
[2024-10-07T21:46:33.669+0000] {processor.py:186} INFO - Started process (PID=2296) to work on /home/airflow/.local/lib/python3.12/site-packages/airflow/example_dags/example_skip_dag.py
[2024-10-07T21:46:33.670+0000] {processor.py:914} INFO - Processing file /home/airflow/.local/lib/python3.12/site-packages/airflow/example_dags/example_skip_dag.py for tasks to queue
[2024-10-07T21:46:33.671+0000] {logging_mixin.py:190} INFO - [2024-10-07T21:46:33.671+0000] {dagbag.py:588} INFO - Filling up the DagBag from /home/airflow/.local/lib/python3.12/site-packages/airflow/example_dags/example_skip_dag.py
[2024-10-07T21:46:33.682+0000] {processor.py:925} INFO - DAG(s) 'example_skip_dag' retrieved from /home/airflow/.local/lib/python3.12/site-packages/airflow/example_dags/example_skip_dag.py
[2024-10-07T21:46:33.694+0000] {logging_mixin.py:190} INFO - [2024-10-07T21:46:33.694+0000] {dag.py:3239} INFO - Sync 1 DAGs
[2024-10-07T21:46:33.706+0000] {logging_mixin.py:190} INFO - [2024-10-07T21:46:33.706+0000] {dag.py:4180} INFO - Setting next_dagrun for example_skip_dag to 2024-10-06 00:00:00+00:00, run_after=2024-10-07 00:00:00+00:00
[2024-10-07T21:46:33.716+0000] {processor.py:208} INFO - Processing /home/airflow/.local/lib/python3.12/site-packages/airflow/example_dags/example_skip_dag.py took 0.051 seconds
[2024-10-07T21:47:04.373+0000] {processor.py:186} INFO - Started process (PID=2358) to work on /home/airflow/.local/lib/python3.12/site-packages/airflow/example_dags/example_skip_dag.py
[2024-10-07T21:47:04.374+0000] {processor.py:914} INFO - Processing file /home/airflow/.local/lib/python3.12/site-packages/airflow/example_dags/example_skip_dag.py for tasks to queue
[2024-10-07T21:47:04.375+0000] {logging_mixin.py:190} INFO - [2024-10-07T21:47:04.375+0000] {dagbag.py:588} INFO - Filling up the DagBag from /home/airflow/.local/lib/python3.12/site-packages/airflow/example_dags/example_skip_dag.py
[2024-10-07T21:47:04.379+0000] {processor.py:925} INFO - DAG(s) 'example_skip_dag' retrieved from /home/airflow/.local/lib/python3.12/site-packages/airflow/example_dags/example_skip_dag.py
[2024-10-07T21:47:04.392+0000] {logging_mixin.py:190} INFO - [2024-10-07T21:47:04.392+0000] {dag.py:3239} INFO - Sync 1 DAGs
[2024-10-07T21:47:04.404+0000] {logging_mixin.py:190} INFO - [2024-10-07T21:47:04.404+0000] {dag.py:4180} INFO - Setting next_dagrun for example_skip_dag to 2024-10-06 00:00:00+00:00, run_after=2024-10-07 00:00:00+00:00
[2024-10-07T21:47:04.413+0000] {processor.py:208} INFO - Processing /home/airflow/.local/lib/python3.12/site-packages/airflow/example_dags/example_skip_dag.py took 0.043 seconds
[2024-10-07T21:47:35.846+0000] {processor.py:186} INFO - Started process (PID=2420) to work on /home/airflow/.local/lib/python3.12/site-packages/airflow/example_dags/example_skip_dag.py
[2024-10-07T21:47:35.848+0000] {processor.py:914} INFO - Processing file /home/airflow/.local/lib/python3.12/site-packages/airflow/example_dags/example_skip_dag.py for tasks to queue
[2024-10-07T21:47:35.849+0000] {logging_mixin.py:190} INFO - [2024-10-07T21:47:35.849+0000] {dagbag.py:588} INFO - Filling up the DagBag from /home/airflow/.local/lib/python3.12/site-packages/airflow/example_dags/example_skip_dag.py
[2024-10-07T21:47:35.854+0000] {processor.py:925} INFO - DAG(s) 'example_skip_dag' retrieved from /home/airflow/.local/lib/python3.12/site-packages/airflow/example_dags/example_skip_dag.py
[2024-10-07T21:47:35.864+0000] {logging_mixin.py:190} INFO - [2024-10-07T21:47:35.864+0000] {dag.py:3239} INFO - Sync 1 DAGs
[2024-10-07T21:47:35.876+0000] {logging_mixin.py:190} INFO - [2024-10-07T21:47:35.876+0000] {dag.py:4180} INFO - Setting next_dagrun for example_skip_dag to 2024-10-06 00:00:00+00:00, run_after=2024-10-07 00:00:00+00:00
[2024-10-07T21:47:35.885+0000] {processor.py:208} INFO - Processing /home/airflow/.local/lib/python3.12/site-packages/airflow/example_dags/example_skip_dag.py took 0.042 seconds
[2024-10-07T21:48:07.119+0000] {processor.py:186} INFO - Started process (PID=2482) to work on /home/airflow/.local/lib/python3.12/site-packages/airflow/example_dags/example_skip_dag.py
[2024-10-07T21:48:07.120+0000] {processor.py:914} INFO - Processing file /home/airflow/.local/lib/python3.12/site-packages/airflow/example_dags/example_skip_dag.py for tasks to queue
[2024-10-07T21:48:07.122+0000] {logging_mixin.py:190} INFO - [2024-10-07T21:48:07.122+0000] {dagbag.py:588} INFO - Filling up the DagBag from /home/airflow/.local/lib/python3.12/site-packages/airflow/example_dags/example_skip_dag.py
[2024-10-07T21:48:07.126+0000] {processor.py:925} INFO - DAG(s) 'example_skip_dag' retrieved from /home/airflow/.local/lib/python3.12/site-packages/airflow/example_dags/example_skip_dag.py
[2024-10-07T21:48:07.138+0000] {logging_mixin.py:190} INFO - [2024-10-07T21:48:07.138+0000] {dag.py:3239} INFO - Sync 1 DAGs
[2024-10-07T21:48:07.152+0000] {logging_mixin.py:190} INFO - [2024-10-07T21:48:07.152+0000] {dag.py:4180} INFO - Setting next_dagrun for example_skip_dag to 2024-10-06 00:00:00+00:00, run_after=2024-10-07 00:00:00+00:00
[2024-10-07T21:48:07.162+0000] {processor.py:208} INFO - Processing /home/airflow/.local/lib/python3.12/site-packages/airflow/example_dags/example_skip_dag.py took 0.047 seconds
[2024-10-07T21:48:38.232+0000] {processor.py:186} INFO - Started process (PID=2544) to work on /home/airflow/.local/lib/python3.12/site-packages/airflow/example_dags/example_skip_dag.py
[2024-10-07T21:48:38.233+0000] {processor.py:914} INFO - Processing file /home/airflow/.local/lib/python3.12/site-packages/airflow/example_dags/example_skip_dag.py for tasks to queue
[2024-10-07T21:48:38.234+0000] {logging_mixin.py:190} INFO - [2024-10-07T21:48:38.234+0000] {dagbag.py:588} INFO - Filling up the DagBag from /home/airflow/.local/lib/python3.12/site-packages/airflow/example_dags/example_skip_dag.py
[2024-10-07T21:48:38.238+0000] {processor.py:925} INFO - DAG(s) 'example_skip_dag' retrieved from /home/airflow/.local/lib/python3.12/site-packages/airflow/example_dags/example_skip_dag.py
[2024-10-07T21:48:38.256+0000] {logging_mixin.py:190} INFO - [2024-10-07T21:48:38.255+0000] {dag.py:3239} INFO - Sync 1 DAGs
[2024-10-07T21:48:38.267+0000] {logging_mixin.py:190} INFO - [2024-10-07T21:48:38.266+0000] {dag.py:4180} INFO - Setting next_dagrun for example_skip_dag to 2024-10-06 00:00:00+00:00, run_after=2024-10-07 00:00:00+00:00
[2024-10-07T21:48:38.275+0000] {processor.py:208} INFO - Processing /home/airflow/.local/lib/python3.12/site-packages/airflow/example_dags/example_skip_dag.py took 0.046 seconds
[2024-10-07T21:49:09.075+0000] {processor.py:186} INFO - Started process (PID=2606) to work on /home/airflow/.local/lib/python3.12/site-packages/airflow/example_dags/example_skip_dag.py
[2024-10-07T21:49:09.078+0000] {processor.py:914} INFO - Processing file /home/airflow/.local/lib/python3.12/site-packages/airflow/example_dags/example_skip_dag.py for tasks to queue
[2024-10-07T21:49:09.080+0000] {logging_mixin.py:190} INFO - [2024-10-07T21:49:09.080+0000] {dagbag.py:588} INFO - Filling up the DagBag from /home/airflow/.local/lib/python3.12/site-packages/airflow/example_dags/example_skip_dag.py
[2024-10-07T21:49:09.085+0000] {processor.py:925} INFO - DAG(s) 'example_skip_dag' retrieved from /home/airflow/.local/lib/python3.12/site-packages/airflow/example_dags/example_skip_dag.py
[2024-10-07T21:49:09.099+0000] {logging_mixin.py:190} INFO - [2024-10-07T21:49:09.099+0000] {dag.py:3239} INFO - Sync 1 DAGs
[2024-10-07T21:49:09.110+0000] {logging_mixin.py:190} INFO - [2024-10-07T21:49:09.110+0000] {dag.py:4180} INFO - Setting next_dagrun for example_skip_dag to 2024-10-06 00:00:00+00:00, run_after=2024-10-07 00:00:00+00:00
[2024-10-07T21:49:09.119+0000] {processor.py:208} INFO - Processing /home/airflow/.local/lib/python3.12/site-packages/airflow/example_dags/example_skip_dag.py took 0.047 seconds
[2024-10-07T21:49:39.766+0000] {processor.py:186} INFO - Started process (PID=2668) to work on /home/airflow/.local/lib/python3.12/site-packages/airflow/example_dags/example_skip_dag.py
[2024-10-07T21:49:39.767+0000] {processor.py:914} INFO - Processing file /home/airflow/.local/lib/python3.12/site-packages/airflow/example_dags/example_skip_dag.py for tasks to queue
[2024-10-07T21:49:39.769+0000] {logging_mixin.py:190} INFO - [2024-10-07T21:49:39.769+0000] {dagbag.py:588} INFO - Filling up the DagBag from /home/airflow/.local/lib/python3.12/site-packages/airflow/example_dags/example_skip_dag.py
[2024-10-07T21:49:39.775+0000] {processor.py:925} INFO - DAG(s) 'example_skip_dag' retrieved from /home/airflow/.local/lib/python3.12/site-packages/airflow/example_dags/example_skip_dag.py
[2024-10-07T21:49:39.788+0000] {logging_mixin.py:190} INFO - [2024-10-07T21:49:39.788+0000] {dag.py:3239} INFO - Sync 1 DAGs
[2024-10-07T21:49:39.801+0000] {logging_mixin.py:190} INFO - [2024-10-07T21:49:39.801+0000] {dag.py:4180} INFO - Setting next_dagrun for example_skip_dag to 2024-10-06 00:00:00+00:00, run_after=2024-10-07 00:00:00+00:00
[2024-10-07T21:49:39.810+0000] {processor.py:208} INFO - Processing /home/airflow/.local/lib/python3.12/site-packages/airflow/example_dags/example_skip_dag.py took 0.049 seconds
[2024-10-07T21:50:10.921+0000] {processor.py:186} INFO - Started process (PID=2730) to work on /home/airflow/.local/lib/python3.12/site-packages/airflow/example_dags/example_skip_dag.py
[2024-10-07T21:50:10.922+0000] {processor.py:914} INFO - Processing file /home/airflow/.local/lib/python3.12/site-packages/airflow/example_dags/example_skip_dag.py for tasks to queue
[2024-10-07T21:50:10.924+0000] {logging_mixin.py:190} INFO - [2024-10-07T21:50:10.924+0000] {dagbag.py:588} INFO - Filling up the DagBag from /home/airflow/.local/lib/python3.12/site-packages/airflow/example_dags/example_skip_dag.py
[2024-10-07T21:50:10.931+0000] {processor.py:925} INFO - DAG(s) 'example_skip_dag' retrieved from /home/airflow/.local/lib/python3.12/site-packages/airflow/example_dags/example_skip_dag.py
[2024-10-07T21:50:10.952+0000] {logging_mixin.py:190} INFO - [2024-10-07T21:50:10.951+0000] {dag.py:3239} INFO - Sync 1 DAGs
[2024-10-07T21:50:10.968+0000] {logging_mixin.py:190} INFO - [2024-10-07T21:50:10.968+0000] {dag.py:4180} INFO - Setting next_dagrun for example_skip_dag to 2024-10-06 00:00:00+00:00, run_after=2024-10-07 00:00:00+00:00
[2024-10-07T21:50:10.980+0000] {processor.py:208} INFO - Processing /home/airflow/.local/lib/python3.12/site-packages/airflow/example_dags/example_skip_dag.py took 0.065 seconds
[2024-10-07T21:50:42.160+0000] {processor.py:186} INFO - Started process (PID=2792) to work on /home/airflow/.local/lib/python3.12/site-packages/airflow/example_dags/example_skip_dag.py
[2024-10-07T21:50:42.162+0000] {processor.py:914} INFO - Processing file /home/airflow/.local/lib/python3.12/site-packages/airflow/example_dags/example_skip_dag.py for tasks to queue
[2024-10-07T21:50:42.164+0000] {logging_mixin.py:190} INFO - [2024-10-07T21:50:42.163+0000] {dagbag.py:588} INFO - Filling up the DagBag from /home/airflow/.local/lib/python3.12/site-packages/airflow/example_dags/example_skip_dag.py
[2024-10-07T21:50:42.171+0000] {processor.py:925} INFO - DAG(s) 'example_skip_dag' retrieved from /home/airflow/.local/lib/python3.12/site-packages/airflow/example_dags/example_skip_dag.py
[2024-10-07T21:50:42.188+0000] {logging_mixin.py:190} INFO - [2024-10-07T21:50:42.188+0000] {dag.py:3239} INFO - Sync 1 DAGs
[2024-10-07T21:50:42.317+0000] {logging_mixin.py:190} INFO - [2024-10-07T21:50:42.316+0000] {dag.py:4180} INFO - Setting next_dagrun for example_skip_dag to 2024-10-06 00:00:00+00:00, run_after=2024-10-07 00:00:00+00:00
[2024-10-07T21:50:42.326+0000] {processor.py:208} INFO - Processing /home/airflow/.local/lib/python3.12/site-packages/airflow/example_dags/example_skip_dag.py took 0.170 seconds
[2024-10-07T21:51:12.659+0000] {processor.py:186} INFO - Started process (PID=2854) to work on /home/airflow/.local/lib/python3.12/site-packages/airflow/example_dags/example_skip_dag.py
[2024-10-07T21:51:12.660+0000] {processor.py:914} INFO - Processing file /home/airflow/.local/lib/python3.12/site-packages/airflow/example_dags/example_skip_dag.py for tasks to queue
[2024-10-07T21:51:12.663+0000] {logging_mixin.py:190} INFO - [2024-10-07T21:51:12.663+0000] {dagbag.py:588} INFO - Filling up the DagBag from /home/airflow/.local/lib/python3.12/site-packages/airflow/example_dags/example_skip_dag.py
[2024-10-07T21:51:12.669+0000] {processor.py:925} INFO - DAG(s) 'example_skip_dag' retrieved from /home/airflow/.local/lib/python3.12/site-packages/airflow/example_dags/example_skip_dag.py
[2024-10-07T21:51:12.684+0000] {logging_mixin.py:190} INFO - [2024-10-07T21:51:12.684+0000] {dag.py:3239} INFO - Sync 1 DAGs
[2024-10-07T21:51:12.825+0000] {logging_mixin.py:190} INFO - [2024-10-07T21:51:12.825+0000] {dag.py:4180} INFO - Setting next_dagrun for example_skip_dag to 2024-10-06 00:00:00+00:00, run_after=2024-10-07 00:00:00+00:00
[2024-10-07T21:51:12.841+0000] {processor.py:208} INFO - Processing /home/airflow/.local/lib/python3.12/site-packages/airflow/example_dags/example_skip_dag.py took 0.186 seconds
[2024-10-07T21:51:43.527+0000] {processor.py:186} INFO - Started process (PID=2916) to work on /home/airflow/.local/lib/python3.12/site-packages/airflow/example_dags/example_skip_dag.py
[2024-10-07T21:51:43.529+0000] {processor.py:914} INFO - Processing file /home/airflow/.local/lib/python3.12/site-packages/airflow/example_dags/example_skip_dag.py for tasks to queue
[2024-10-07T21:51:43.530+0000] {logging_mixin.py:190} INFO - [2024-10-07T21:51:43.530+0000] {dagbag.py:588} INFO - Filling up the DagBag from /home/airflow/.local/lib/python3.12/site-packages/airflow/example_dags/example_skip_dag.py
[2024-10-07T21:51:43.534+0000] {processor.py:925} INFO - DAG(s) 'example_skip_dag' retrieved from /home/airflow/.local/lib/python3.12/site-packages/airflow/example_dags/example_skip_dag.py
[2024-10-07T21:51:43.547+0000] {logging_mixin.py:190} INFO - [2024-10-07T21:51:43.547+0000] {dag.py:3239} INFO - Sync 1 DAGs
[2024-10-07T21:51:43.562+0000] {logging_mixin.py:190} INFO - [2024-10-07T21:51:43.562+0000] {dag.py:4180} INFO - Setting next_dagrun for example_skip_dag to 2024-10-06 00:00:00+00:00, run_after=2024-10-07 00:00:00+00:00
[2024-10-07T21:51:43.676+0000] {processor.py:208} INFO - Processing /home/airflow/.local/lib/python3.12/site-packages/airflow/example_dags/example_skip_dag.py took 0.152 seconds
[2024-10-07T21:52:14.550+0000] {processor.py:186} INFO - Started process (PID=2984) to work on /home/airflow/.local/lib/python3.12/site-packages/airflow/example_dags/example_skip_dag.py
[2024-10-07T21:52:14.553+0000] {processor.py:914} INFO - Processing file /home/airflow/.local/lib/python3.12/site-packages/airflow/example_dags/example_skip_dag.py for tasks to queue
[2024-10-07T21:52:14.555+0000] {logging_mixin.py:190} INFO - [2024-10-07T21:52:14.555+0000] {dagbag.py:588} INFO - Filling up the DagBag from /home/airflow/.local/lib/python3.12/site-packages/airflow/example_dags/example_skip_dag.py
[2024-10-07T21:52:14.560+0000] {processor.py:925} INFO - DAG(s) 'example_skip_dag' retrieved from /home/airflow/.local/lib/python3.12/site-packages/airflow/example_dags/example_skip_dag.py
[2024-10-07T21:52:14.574+0000] {logging_mixin.py:190} INFO - [2024-10-07T21:52:14.573+0000] {dag.py:3239} INFO - Sync 1 DAGs
[2024-10-07T21:52:14.586+0000] {logging_mixin.py:190} INFO - [2024-10-07T21:52:14.586+0000] {dag.py:4180} INFO - Setting next_dagrun for example_skip_dag to 2024-10-06 00:00:00+00:00, run_after=2024-10-07 00:00:00+00:00
[2024-10-07T21:52:14.595+0000] {processor.py:208} INFO - Processing /home/airflow/.local/lib/python3.12/site-packages/airflow/example_dags/example_skip_dag.py took 0.048 seconds
[2024-10-07T21:52:45.034+0000] {processor.py:186} INFO - Started process (PID=3046) to work on /home/airflow/.local/lib/python3.12/site-packages/airflow/example_dags/example_skip_dag.py
[2024-10-07T21:52:45.038+0000] {processor.py:914} INFO - Processing file /home/airflow/.local/lib/python3.12/site-packages/airflow/example_dags/example_skip_dag.py for tasks to queue
[2024-10-07T21:52:45.040+0000] {logging_mixin.py:190} INFO - [2024-10-07T21:52:45.040+0000] {dagbag.py:588} INFO - Filling up the DagBag from /home/airflow/.local/lib/python3.12/site-packages/airflow/example_dags/example_skip_dag.py
[2024-10-07T21:52:45.045+0000] {processor.py:925} INFO - DAG(s) 'example_skip_dag' retrieved from /home/airflow/.local/lib/python3.12/site-packages/airflow/example_dags/example_skip_dag.py
[2024-10-07T21:52:45.061+0000] {logging_mixin.py:190} INFO - [2024-10-07T21:52:45.061+0000] {dag.py:3239} INFO - Sync 1 DAGs
[2024-10-07T21:52:45.075+0000] {logging_mixin.py:190} INFO - [2024-10-07T21:52:45.075+0000] {dag.py:4180} INFO - Setting next_dagrun for example_skip_dag to 2024-10-06 00:00:00+00:00, run_after=2024-10-07 00:00:00+00:00
[2024-10-07T21:52:45.086+0000] {processor.py:208} INFO - Processing /home/airflow/.local/lib/python3.12/site-packages/airflow/example_dags/example_skip_dag.py took 0.055 seconds
[2024-10-07T21:53:15.685+0000] {processor.py:186} INFO - Started process (PID=3108) to work on /home/airflow/.local/lib/python3.12/site-packages/airflow/example_dags/example_skip_dag.py
[2024-10-07T21:53:15.687+0000] {processor.py:914} INFO - Processing file /home/airflow/.local/lib/python3.12/site-packages/airflow/example_dags/example_skip_dag.py for tasks to queue
[2024-10-07T21:53:15.688+0000] {logging_mixin.py:190} INFO - [2024-10-07T21:53:15.688+0000] {dagbag.py:588} INFO - Filling up the DagBag from /home/airflow/.local/lib/python3.12/site-packages/airflow/example_dags/example_skip_dag.py
[2024-10-07T21:53:15.693+0000] {processor.py:925} INFO - DAG(s) 'example_skip_dag' retrieved from /home/airflow/.local/lib/python3.12/site-packages/airflow/example_dags/example_skip_dag.py
[2024-10-07T21:53:15.706+0000] {logging_mixin.py:190} INFO - [2024-10-07T21:53:15.706+0000] {dag.py:3239} INFO - Sync 1 DAGs
[2024-10-07T21:53:15.718+0000] {logging_mixin.py:190} INFO - [2024-10-07T21:53:15.718+0000] {dag.py:4180} INFO - Setting next_dagrun for example_skip_dag to 2024-10-06 00:00:00+00:00, run_after=2024-10-07 00:00:00+00:00
[2024-10-07T21:53:15.726+0000] {processor.py:208} INFO - Processing /home/airflow/.local/lib/python3.12/site-packages/airflow/example_dags/example_skip_dag.py took 0.047 seconds
[2024-10-07T21:53:46.121+0000] {processor.py:186} INFO - Started process (PID=3170) to work on /home/airflow/.local/lib/python3.12/site-packages/airflow/example_dags/example_skip_dag.py
[2024-10-07T21:53:46.122+0000] {processor.py:914} INFO - Processing file /home/airflow/.local/lib/python3.12/site-packages/airflow/example_dags/example_skip_dag.py for tasks to queue
[2024-10-07T21:53:46.124+0000] {logging_mixin.py:190} INFO - [2024-10-07T21:53:46.124+0000] {dagbag.py:588} INFO - Filling up the DagBag from /home/airflow/.local/lib/python3.12/site-packages/airflow/example_dags/example_skip_dag.py
[2024-10-07T21:53:46.128+0000] {processor.py:925} INFO - DAG(s) 'example_skip_dag' retrieved from /home/airflow/.local/lib/python3.12/site-packages/airflow/example_dags/example_skip_dag.py
[2024-10-07T21:53:46.141+0000] {logging_mixin.py:190} INFO - [2024-10-07T21:53:46.141+0000] {dag.py:3239} INFO - Sync 1 DAGs
[2024-10-07T21:53:46.153+0000] {logging_mixin.py:190} INFO - [2024-10-07T21:53:46.153+0000] {dag.py:4180} INFO - Setting next_dagrun for example_skip_dag to 2024-10-06 00:00:00+00:00, run_after=2024-10-07 00:00:00+00:00
[2024-10-07T21:53:46.162+0000] {processor.py:208} INFO - Processing /home/airflow/.local/lib/python3.12/site-packages/airflow/example_dags/example_skip_dag.py took 0.043 seconds
[2024-10-07T21:54:16.569+0000] {processor.py:186} INFO - Started process (PID=3232) to work on /home/airflow/.local/lib/python3.12/site-packages/airflow/example_dags/example_skip_dag.py
[2024-10-07T21:54:16.570+0000] {processor.py:914} INFO - Processing file /home/airflow/.local/lib/python3.12/site-packages/airflow/example_dags/example_skip_dag.py for tasks to queue
[2024-10-07T21:54:16.572+0000] {logging_mixin.py:190} INFO - [2024-10-07T21:54:16.571+0000] {dagbag.py:588} INFO - Filling up the DagBag from /home/airflow/.local/lib/python3.12/site-packages/airflow/example_dags/example_skip_dag.py
[2024-10-07T21:54:16.576+0000] {processor.py:925} INFO - DAG(s) 'example_skip_dag' retrieved from /home/airflow/.local/lib/python3.12/site-packages/airflow/example_dags/example_skip_dag.py
[2024-10-07T21:54:16.594+0000] {logging_mixin.py:190} INFO - [2024-10-07T21:54:16.594+0000] {dag.py:3239} INFO - Sync 1 DAGs
[2024-10-07T21:54:16.608+0000] {logging_mixin.py:190} INFO - [2024-10-07T21:54:16.608+0000] {dag.py:4180} INFO - Setting next_dagrun for example_skip_dag to 2024-10-06 00:00:00+00:00, run_after=2024-10-07 00:00:00+00:00
[2024-10-07T21:54:16.616+0000] {processor.py:208} INFO - Processing /home/airflow/.local/lib/python3.12/site-packages/airflow/example_dags/example_skip_dag.py took 0.052 seconds
[2024-10-07T21:54:47.026+0000] {processor.py:186} INFO - Started process (PID=3294) to work on /home/airflow/.local/lib/python3.12/site-packages/airflow/example_dags/example_skip_dag.py
[2024-10-07T21:54:47.027+0000] {processor.py:914} INFO - Processing file /home/airflow/.local/lib/python3.12/site-packages/airflow/example_dags/example_skip_dag.py for tasks to queue
[2024-10-07T21:54:47.028+0000] {logging_mixin.py:190} INFO - [2024-10-07T21:54:47.028+0000] {dagbag.py:588} INFO - Filling up the DagBag from /home/airflow/.local/lib/python3.12/site-packages/airflow/example_dags/example_skip_dag.py
[2024-10-07T21:54:47.032+0000] {processor.py:925} INFO - DAG(s) 'example_skip_dag' retrieved from /home/airflow/.local/lib/python3.12/site-packages/airflow/example_dags/example_skip_dag.py
[2024-10-07T21:54:47.047+0000] {logging_mixin.py:190} INFO - [2024-10-07T21:54:47.047+0000] {dag.py:3239} INFO - Sync 1 DAGs
[2024-10-07T21:54:47.060+0000] {logging_mixin.py:190} INFO - [2024-10-07T21:54:47.060+0000] {dag.py:4180} INFO - Setting next_dagrun for example_skip_dag to 2024-10-06 00:00:00+00:00, run_after=2024-10-07 00:00:00+00:00
[2024-10-07T21:54:47.070+0000] {processor.py:208} INFO - Processing /home/airflow/.local/lib/python3.12/site-packages/airflow/example_dags/example_skip_dag.py took 0.048 seconds
[2024-10-07T21:55:17.336+0000] {processor.py:186} INFO - Started process (PID=3356) to work on /home/airflow/.local/lib/python3.12/site-packages/airflow/example_dags/example_skip_dag.py
[2024-10-07T21:55:17.337+0000] {processor.py:914} INFO - Processing file /home/airflow/.local/lib/python3.12/site-packages/airflow/example_dags/example_skip_dag.py for tasks to queue
[2024-10-07T21:55:17.339+0000] {logging_mixin.py:190} INFO - [2024-10-07T21:55:17.338+0000] {dagbag.py:588} INFO - Filling up the DagBag from /home/airflow/.local/lib/python3.12/site-packages/airflow/example_dags/example_skip_dag.py
[2024-10-07T21:55:17.343+0000] {processor.py:925} INFO - DAG(s) 'example_skip_dag' retrieved from /home/airflow/.local/lib/python3.12/site-packages/airflow/example_dags/example_skip_dag.py
[2024-10-07T21:55:17.355+0000] {logging_mixin.py:190} INFO - [2024-10-07T21:55:17.355+0000] {dag.py:3239} INFO - Sync 1 DAGs
[2024-10-07T21:55:17.366+0000] {logging_mixin.py:190} INFO - [2024-10-07T21:55:17.366+0000] {dag.py:4180} INFO - Setting next_dagrun for example_skip_dag to 2024-10-06 00:00:00+00:00, run_after=2024-10-07 00:00:00+00:00
[2024-10-07T21:55:17.375+0000] {processor.py:208} INFO - Processing /home/airflow/.local/lib/python3.12/site-packages/airflow/example_dags/example_skip_dag.py took 0.041 seconds
[2024-10-07T21:55:47.948+0000] {processor.py:186} INFO - Started process (PID=3418) to work on /home/airflow/.local/lib/python3.12/site-packages/airflow/example_dags/example_skip_dag.py
[2024-10-07T21:55:47.949+0000] {processor.py:914} INFO - Processing file /home/airflow/.local/lib/python3.12/site-packages/airflow/example_dags/example_skip_dag.py for tasks to queue
[2024-10-07T21:55:47.950+0000] {logging_mixin.py:190} INFO - [2024-10-07T21:55:47.950+0000] {dagbag.py:588} INFO - Filling up the DagBag from /home/airflow/.local/lib/python3.12/site-packages/airflow/example_dags/example_skip_dag.py
[2024-10-07T21:55:47.954+0000] {processor.py:925} INFO - DAG(s) 'example_skip_dag' retrieved from /home/airflow/.local/lib/python3.12/site-packages/airflow/example_dags/example_skip_dag.py
[2024-10-07T21:55:47.966+0000] {logging_mixin.py:190} INFO - [2024-10-07T21:55:47.965+0000] {dag.py:3239} INFO - Sync 1 DAGs
[2024-10-07T21:55:47.978+0000] {logging_mixin.py:190} INFO - [2024-10-07T21:55:47.978+0000] {dag.py:4180} INFO - Setting next_dagrun for example_skip_dag to 2024-10-06 00:00:00+00:00, run_after=2024-10-07 00:00:00+00:00
[2024-10-07T21:55:47.986+0000] {processor.py:208} INFO - Processing /home/airflow/.local/lib/python3.12/site-packages/airflow/example_dags/example_skip_dag.py took 0.042 seconds
[2024-10-07T21:56:18.400+0000] {processor.py:186} INFO - Started process (PID=3480) to work on /home/airflow/.local/lib/python3.12/site-packages/airflow/example_dags/example_skip_dag.py
[2024-10-07T21:56:18.401+0000] {processor.py:914} INFO - Processing file /home/airflow/.local/lib/python3.12/site-packages/airflow/example_dags/example_skip_dag.py for tasks to queue
[2024-10-07T21:56:18.403+0000] {logging_mixin.py:190} INFO - [2024-10-07T21:56:18.402+0000] {dagbag.py:588} INFO - Filling up the DagBag from /home/airflow/.local/lib/python3.12/site-packages/airflow/example_dags/example_skip_dag.py
[2024-10-07T21:56:18.407+0000] {processor.py:925} INFO - DAG(s) 'example_skip_dag' retrieved from /home/airflow/.local/lib/python3.12/site-packages/airflow/example_dags/example_skip_dag.py
[2024-10-07T21:56:18.423+0000] {logging_mixin.py:190} INFO - [2024-10-07T21:56:18.422+0000] {dag.py:3239} INFO - Sync 1 DAGs
[2024-10-07T21:56:18.437+0000] {logging_mixin.py:190} INFO - [2024-10-07T21:56:18.437+0000] {dag.py:4180} INFO - Setting next_dagrun for example_skip_dag to 2024-10-06 00:00:00+00:00, run_after=2024-10-07 00:00:00+00:00
[2024-10-07T21:56:18.447+0000] {processor.py:208} INFO - Processing /home/airflow/.local/lib/python3.12/site-packages/airflow/example_dags/example_skip_dag.py took 0.052 seconds
[2024-10-07T21:56:48.967+0000] {processor.py:186} INFO - Started process (PID=3542) to work on /home/airflow/.local/lib/python3.12/site-packages/airflow/example_dags/example_skip_dag.py
[2024-10-07T21:56:48.968+0000] {processor.py:914} INFO - Processing file /home/airflow/.local/lib/python3.12/site-packages/airflow/example_dags/example_skip_dag.py for tasks to queue
[2024-10-07T21:56:48.970+0000] {logging_mixin.py:190} INFO - [2024-10-07T21:56:48.970+0000] {dagbag.py:588} INFO - Filling up the DagBag from /home/airflow/.local/lib/python3.12/site-packages/airflow/example_dags/example_skip_dag.py
[2024-10-07T21:56:48.975+0000] {processor.py:925} INFO - DAG(s) 'example_skip_dag' retrieved from /home/airflow/.local/lib/python3.12/site-packages/airflow/example_dags/example_skip_dag.py
[2024-10-07T21:56:48.990+0000] {logging_mixin.py:190} INFO - [2024-10-07T21:56:48.990+0000] {dag.py:3239} INFO - Sync 1 DAGs
[2024-10-07T21:56:49.005+0000] {logging_mixin.py:190} INFO - [2024-10-07T21:56:49.005+0000] {dag.py:4180} INFO - Setting next_dagrun for example_skip_dag to 2024-10-06 00:00:00+00:00, run_after=2024-10-07 00:00:00+00:00
[2024-10-07T21:56:49.027+0000] {processor.py:208} INFO - Processing /home/airflow/.local/lib/python3.12/site-packages/airflow/example_dags/example_skip_dag.py took 0.063 seconds
[2024-10-07T21:57:19.373+0000] {processor.py:186} INFO - Started process (PID=3604) to work on /home/airflow/.local/lib/python3.12/site-packages/airflow/example_dags/example_skip_dag.py
[2024-10-07T21:57:19.373+0000] {processor.py:914} INFO - Processing file /home/airflow/.local/lib/python3.12/site-packages/airflow/example_dags/example_skip_dag.py for tasks to queue
[2024-10-07T21:57:19.376+0000] {logging_mixin.py:190} INFO - [2024-10-07T21:57:19.376+0000] {dagbag.py:588} INFO - Filling up the DagBag from /home/airflow/.local/lib/python3.12/site-packages/airflow/example_dags/example_skip_dag.py
[2024-10-07T21:57:19.382+0000] {processor.py:925} INFO - DAG(s) 'example_skip_dag' retrieved from /home/airflow/.local/lib/python3.12/site-packages/airflow/example_dags/example_skip_dag.py
[2024-10-07T21:57:19.406+0000] {logging_mixin.py:190} INFO - [2024-10-07T21:57:19.406+0000] {dag.py:3239} INFO - Sync 1 DAGs
[2024-10-07T21:57:19.425+0000] {logging_mixin.py:190} INFO - [2024-10-07T21:57:19.425+0000] {dag.py:4180} INFO - Setting next_dagrun for example_skip_dag to 2024-10-06 00:00:00+00:00, run_after=2024-10-07 00:00:00+00:00
[2024-10-07T21:57:19.443+0000] {processor.py:208} INFO - Processing /home/airflow/.local/lib/python3.12/site-packages/airflow/example_dags/example_skip_dag.py took 0.075 seconds
[2024-10-07T21:57:50.466+0000] {processor.py:186} INFO - Started process (PID=3666) to work on /home/airflow/.local/lib/python3.12/site-packages/airflow/example_dags/example_skip_dag.py
[2024-10-07T21:57:50.467+0000] {processor.py:914} INFO - Processing file /home/airflow/.local/lib/python3.12/site-packages/airflow/example_dags/example_skip_dag.py for tasks to queue
[2024-10-07T21:57:50.468+0000] {logging_mixin.py:190} INFO - [2024-10-07T21:57:50.468+0000] {dagbag.py:588} INFO - Filling up the DagBag from /home/airflow/.local/lib/python3.12/site-packages/airflow/example_dags/example_skip_dag.py
[2024-10-07T21:57:50.472+0000] {processor.py:925} INFO - DAG(s) 'example_skip_dag' retrieved from /home/airflow/.local/lib/python3.12/site-packages/airflow/example_dags/example_skip_dag.py
[2024-10-07T21:57:50.485+0000] {logging_mixin.py:190} INFO - [2024-10-07T21:57:50.485+0000] {dag.py:3239} INFO - Sync 1 DAGs
[2024-10-07T21:57:50.499+0000] {logging_mixin.py:190} INFO - [2024-10-07T21:57:50.499+0000] {dag.py:4180} INFO - Setting next_dagrun for example_skip_dag to 2024-10-06 00:00:00+00:00, run_after=2024-10-07 00:00:00+00:00
[2024-10-07T21:57:50.508+0000] {processor.py:208} INFO - Processing /home/airflow/.local/lib/python3.12/site-packages/airflow/example_dags/example_skip_dag.py took 0.046 seconds
[2024-10-07T21:58:21.441+0000] {processor.py:186} INFO - Started process (PID=3728) to work on /home/airflow/.local/lib/python3.12/site-packages/airflow/example_dags/example_skip_dag.py
[2024-10-07T21:58:21.442+0000] {processor.py:914} INFO - Processing file /home/airflow/.local/lib/python3.12/site-packages/airflow/example_dags/example_skip_dag.py for tasks to queue
[2024-10-07T21:58:21.443+0000] {logging_mixin.py:190} INFO - [2024-10-07T21:58:21.443+0000] {dagbag.py:588} INFO - Filling up the DagBag from /home/airflow/.local/lib/python3.12/site-packages/airflow/example_dags/example_skip_dag.py
[2024-10-07T21:58:21.447+0000] {processor.py:925} INFO - DAG(s) 'example_skip_dag' retrieved from /home/airflow/.local/lib/python3.12/site-packages/airflow/example_dags/example_skip_dag.py
[2024-10-07T21:58:21.464+0000] {logging_mixin.py:190} INFO - [2024-10-07T21:58:21.463+0000] {dag.py:3239} INFO - Sync 1 DAGs
[2024-10-07T21:58:21.476+0000] {logging_mixin.py:190} INFO - [2024-10-07T21:58:21.476+0000] {dag.py:4180} INFO - Setting next_dagrun for example_skip_dag to 2024-10-06 00:00:00+00:00, run_after=2024-10-07 00:00:00+00:00
[2024-10-07T21:58:21.490+0000] {processor.py:208} INFO - Processing /home/airflow/.local/lib/python3.12/site-packages/airflow/example_dags/example_skip_dag.py took 0.053 seconds
[2024-10-07T21:58:52.065+0000] {processor.py:186} INFO - Started process (PID=3790) to work on /home/airflow/.local/lib/python3.12/site-packages/airflow/example_dags/example_skip_dag.py
[2024-10-07T21:58:52.066+0000] {processor.py:914} INFO - Processing file /home/airflow/.local/lib/python3.12/site-packages/airflow/example_dags/example_skip_dag.py for tasks to queue
[2024-10-07T21:58:52.067+0000] {logging_mixin.py:190} INFO - [2024-10-07T21:58:52.067+0000] {dagbag.py:588} INFO - Filling up the DagBag from /home/airflow/.local/lib/python3.12/site-packages/airflow/example_dags/example_skip_dag.py
[2024-10-07T21:58:52.073+0000] {processor.py:925} INFO - DAG(s) 'example_skip_dag' retrieved from /home/airflow/.local/lib/python3.12/site-packages/airflow/example_dags/example_skip_dag.py
[2024-10-07T21:58:52.084+0000] {logging_mixin.py:190} INFO - [2024-10-07T21:58:52.084+0000] {dag.py:3239} INFO - Sync 1 DAGs
[2024-10-07T21:58:52.096+0000] {logging_mixin.py:190} INFO - [2024-10-07T21:58:52.095+0000] {dag.py:4180} INFO - Setting next_dagrun for example_skip_dag to 2024-10-06 00:00:00+00:00, run_after=2024-10-07 00:00:00+00:00
[2024-10-07T21:58:52.104+0000] {processor.py:208} INFO - Processing /home/airflow/.local/lib/python3.12/site-packages/airflow/example_dags/example_skip_dag.py took 0.043 seconds
[2024-10-07T21:59:22.787+0000] {processor.py:186} INFO - Started process (PID=3852) to work on /home/airflow/.local/lib/python3.12/site-packages/airflow/example_dags/example_skip_dag.py
[2024-10-07T21:59:22.790+0000] {processor.py:914} INFO - Processing file /home/airflow/.local/lib/python3.12/site-packages/airflow/example_dags/example_skip_dag.py for tasks to queue
[2024-10-07T21:59:22.792+0000] {logging_mixin.py:190} INFO - [2024-10-07T21:59:22.792+0000] {dagbag.py:588} INFO - Filling up the DagBag from /home/airflow/.local/lib/python3.12/site-packages/airflow/example_dags/example_skip_dag.py
[2024-10-07T21:59:22.797+0000] {processor.py:925} INFO - DAG(s) 'example_skip_dag' retrieved from /home/airflow/.local/lib/python3.12/site-packages/airflow/example_dags/example_skip_dag.py
[2024-10-07T21:59:22.812+0000] {logging_mixin.py:190} INFO - [2024-10-07T21:59:22.811+0000] {dag.py:3239} INFO - Sync 1 DAGs
[2024-10-07T21:59:22.823+0000] {logging_mixin.py:190} INFO - [2024-10-07T21:59:22.823+0000] {dag.py:4180} INFO - Setting next_dagrun for example_skip_dag to 2024-10-06 00:00:00+00:00, run_after=2024-10-07 00:00:00+00:00
[2024-10-07T21:59:22.832+0000] {processor.py:208} INFO - Processing /home/airflow/.local/lib/python3.12/site-packages/airflow/example_dags/example_skip_dag.py took 0.049 seconds
[2024-10-07T21:59:53.367+0000] {processor.py:186} INFO - Started process (PID=3914) to work on /home/airflow/.local/lib/python3.12/site-packages/airflow/example_dags/example_skip_dag.py
[2024-10-07T21:59:53.368+0000] {processor.py:914} INFO - Processing file /home/airflow/.local/lib/python3.12/site-packages/airflow/example_dags/example_skip_dag.py for tasks to queue
[2024-10-07T21:59:53.370+0000] {logging_mixin.py:190} INFO - [2024-10-07T21:59:53.369+0000] {dagbag.py:588} INFO - Filling up the DagBag from /home/airflow/.local/lib/python3.12/site-packages/airflow/example_dags/example_skip_dag.py
[2024-10-07T21:59:53.375+0000] {processor.py:925} INFO - DAG(s) 'example_skip_dag' retrieved from /home/airflow/.local/lib/python3.12/site-packages/airflow/example_dags/example_skip_dag.py
[2024-10-07T21:59:53.389+0000] {logging_mixin.py:190} INFO - [2024-10-07T21:59:53.389+0000] {dag.py:3239} INFO - Sync 1 DAGs
[2024-10-07T21:59:53.406+0000] {logging_mixin.py:190} INFO - [2024-10-07T21:59:53.405+0000] {dag.py:4180} INFO - Setting next_dagrun for example_skip_dag to 2024-10-06 00:00:00+00:00, run_after=2024-10-07 00:00:00+00:00
[2024-10-07T21:59:53.415+0000] {processor.py:208} INFO - Processing /home/airflow/.local/lib/python3.12/site-packages/airflow/example_dags/example_skip_dag.py took 0.052 seconds
[2024-10-07T22:00:23.929+0000] {processor.py:186} INFO - Started process (PID=3976) to work on /home/airflow/.local/lib/python3.12/site-packages/airflow/example_dags/example_skip_dag.py
[2024-10-07T22:00:23.930+0000] {processor.py:914} INFO - Processing file /home/airflow/.local/lib/python3.12/site-packages/airflow/example_dags/example_skip_dag.py for tasks to queue
[2024-10-07T22:00:23.931+0000] {logging_mixin.py:190} INFO - [2024-10-07T22:00:23.931+0000] {dagbag.py:588} INFO - Filling up the DagBag from /home/airflow/.local/lib/python3.12/site-packages/airflow/example_dags/example_skip_dag.py
[2024-10-07T22:00:23.937+0000] {processor.py:925} INFO - DAG(s) 'example_skip_dag' retrieved from /home/airflow/.local/lib/python3.12/site-packages/airflow/example_dags/example_skip_dag.py
[2024-10-07T22:00:23.955+0000] {logging_mixin.py:190} INFO - [2024-10-07T22:00:23.955+0000] {dag.py:3239} INFO - Sync 1 DAGs
[2024-10-07T22:00:23.970+0000] {logging_mixin.py:190} INFO - [2024-10-07T22:00:23.970+0000] {dag.py:4180} INFO - Setting next_dagrun for example_skip_dag to 2024-10-06 00:00:00+00:00, run_after=2024-10-07 00:00:00+00:00
[2024-10-07T22:00:23.979+0000] {processor.py:208} INFO - Processing /home/airflow/.local/lib/python3.12/site-packages/airflow/example_dags/example_skip_dag.py took 0.054 seconds
