[2024-10-07T21:28:10.877+0000] {processor.py:186} INFO - Started process (PID=66) to work on /home/airflow/.local/lib/python3.12/site-packages/airflow/example_dags/example_nested_branch_dag.py
[2024-10-07T21:28:10.879+0000] {processor.py:914} INFO - Processing file /home/airflow/.local/lib/python3.12/site-packages/airflow/example_dags/example_nested_branch_dag.py for tasks to queue
[2024-10-07T21:28:10.880+0000] {logging_mixin.py:190} INFO - [2024-10-07T21:28:10.880+0000] {dagbag.py:588} INFO - Filling up the DagBag from /home/airflow/.local/lib/python3.12/site-packages/airflow/example_dags/example_nested_branch_dag.py
[2024-10-07T21:28:10.895+0000] {processor.py:925} INFO - DAG(s) 'example_nested_branch_dag' retrieved from /home/airflow/.local/lib/python3.12/site-packages/airflow/example_dags/example_nested_branch_dag.py
[2024-10-07T21:28:10.972+0000] {logging_mixin.py:190} INFO - [2024-10-07T21:28:10.971+0000] {override.py:1900} INFO - Created Permission View: can read on DAG:example_nested_branch_dag
[2024-10-07T21:28:10.977+0000] {logging_mixin.py:190} INFO - [2024-10-07T21:28:10.977+0000] {override.py:1900} INFO - Created Permission View: can delete on DAG:example_nested_branch_dag
[2024-10-07T21:28:10.981+0000] {logging_mixin.py:190} INFO - [2024-10-07T21:28:10.980+0000] {override.py:1900} INFO - Created Permission View: can edit on DAG:example_nested_branch_dag
[2024-10-07T21:28:10.988+0000] {logging_mixin.py:190} INFO - [2024-10-07T21:28:10.988+0000] {override.py:1900} INFO - Created Permission View: can read on DAG Run:example_nested_branch_dag
[2024-10-07T21:28:10.993+0000] {logging_mixin.py:190} INFO - [2024-10-07T21:28:10.993+0000] {override.py:1900} INFO - Created Permission View: can delete on DAG Run:example_nested_branch_dag
[2024-10-07T21:28:10.997+0000] {logging_mixin.py:190} INFO - [2024-10-07T21:28:10.997+0000] {override.py:1900} INFO - Created Permission View: can create on DAG Run:example_nested_branch_dag
[2024-10-07T21:28:11.002+0000] {logging_mixin.py:190} INFO - [2024-10-07T21:28:11.002+0000] {override.py:1900} INFO - Created Permission View: menu access on DAG Run:example_nested_branch_dag
[2024-10-07T21:28:11.003+0000] {logging_mixin.py:190} INFO - [2024-10-07T21:28:11.002+0000] {dag.py:3239} INFO - Sync 1 DAGs
[2024-10-07T21:28:11.013+0000] {logging_mixin.py:190} INFO - [2024-10-07T21:28:11.012+0000] {dag.py:3262} INFO - Creating ORM DAG for example_nested_branch_dag
[2024-10-07T21:28:11.023+0000] {logging_mixin.py:190} INFO - [2024-10-07T21:28:11.023+0000] {dag.py:4180} INFO - Setting next_dagrun for example_nested_branch_dag to 2024-10-06 00:00:00+00:00, run_after=2024-10-07 00:00:00+00:00
[2024-10-07T21:28:11.035+0000] {processor.py:208} INFO - Processing /home/airflow/.local/lib/python3.12/site-packages/airflow/example_dags/example_nested_branch_dag.py took 0.163 seconds
[2024-10-07T21:28:41.420+0000] {processor.py:186} INFO - Started process (PID=128) to work on /home/airflow/.local/lib/python3.12/site-packages/airflow/example_dags/example_nested_branch_dag.py
[2024-10-07T21:28:41.421+0000] {processor.py:914} INFO - Processing file /home/airflow/.local/lib/python3.12/site-packages/airflow/example_dags/example_nested_branch_dag.py for tasks to queue
[2024-10-07T21:28:41.422+0000] {logging_mixin.py:190} INFO - [2024-10-07T21:28:41.422+0000] {dagbag.py:588} INFO - Filling up the DagBag from /home/airflow/.local/lib/python3.12/site-packages/airflow/example_dags/example_nested_branch_dag.py
[2024-10-07T21:28:41.428+0000] {processor.py:925} INFO - DAG(s) 'example_nested_branch_dag' retrieved from /home/airflow/.local/lib/python3.12/site-packages/airflow/example_dags/example_nested_branch_dag.py
[2024-10-07T21:28:41.443+0000] {logging_mixin.py:190} INFO - [2024-10-07T21:28:41.443+0000] {dag.py:3239} INFO - Sync 1 DAGs
[2024-10-07T21:28:41.455+0000] {logging_mixin.py:190} INFO - [2024-10-07T21:28:41.455+0000] {dag.py:4180} INFO - Setting next_dagrun for example_nested_branch_dag to 2024-10-06 00:00:00+00:00, run_after=2024-10-07 00:00:00+00:00
[2024-10-07T21:28:41.463+0000] {processor.py:208} INFO - Processing /home/airflow/.local/lib/python3.12/site-packages/airflow/example_dags/example_nested_branch_dag.py took 0.047 seconds
[2024-10-07T21:29:12.395+0000] {processor.py:186} INFO - Started process (PID=190) to work on /home/airflow/.local/lib/python3.12/site-packages/airflow/example_dags/example_nested_branch_dag.py
[2024-10-07T21:29:12.395+0000] {processor.py:914} INFO - Processing file /home/airflow/.local/lib/python3.12/site-packages/airflow/example_dags/example_nested_branch_dag.py for tasks to queue
[2024-10-07T21:29:12.396+0000] {logging_mixin.py:190} INFO - [2024-10-07T21:29:12.396+0000] {dagbag.py:588} INFO - Filling up the DagBag from /home/airflow/.local/lib/python3.12/site-packages/airflow/example_dags/example_nested_branch_dag.py
[2024-10-07T21:29:12.402+0000] {processor.py:925} INFO - DAG(s) 'example_nested_branch_dag' retrieved from /home/airflow/.local/lib/python3.12/site-packages/airflow/example_dags/example_nested_branch_dag.py
[2024-10-07T21:29:12.414+0000] {logging_mixin.py:190} INFO - [2024-10-07T21:29:12.413+0000] {dag.py:3239} INFO - Sync 1 DAGs
[2024-10-07T21:29:12.424+0000] {logging_mixin.py:190} INFO - [2024-10-07T21:29:12.424+0000] {dag.py:4180} INFO - Setting next_dagrun for example_nested_branch_dag to 2024-10-06 00:00:00+00:00, run_after=2024-10-07 00:00:00+00:00
[2024-10-07T21:29:12.433+0000] {processor.py:208} INFO - Processing /home/airflow/.local/lib/python3.12/site-packages/airflow/example_dags/example_nested_branch_dag.py took 0.041 seconds
[2024-10-07T21:29:42.889+0000] {processor.py:186} INFO - Started process (PID=252) to work on /home/airflow/.local/lib/python3.12/site-packages/airflow/example_dags/example_nested_branch_dag.py
[2024-10-07T21:29:42.889+0000] {processor.py:914} INFO - Processing file /home/airflow/.local/lib/python3.12/site-packages/airflow/example_dags/example_nested_branch_dag.py for tasks to queue
[2024-10-07T21:29:42.893+0000] {logging_mixin.py:190} INFO - [2024-10-07T21:29:42.893+0000] {dagbag.py:588} INFO - Filling up the DagBag from /home/airflow/.local/lib/python3.12/site-packages/airflow/example_dags/example_nested_branch_dag.py
[2024-10-07T21:29:42.902+0000] {processor.py:925} INFO - DAG(s) 'example_nested_branch_dag' retrieved from /home/airflow/.local/lib/python3.12/site-packages/airflow/example_dags/example_nested_branch_dag.py
[2024-10-07T21:29:42.913+0000] {logging_mixin.py:190} INFO - [2024-10-07T21:29:42.913+0000] {dag.py:3239} INFO - Sync 1 DAGs
[2024-10-07T21:29:42.925+0000] {logging_mixin.py:190} INFO - [2024-10-07T21:29:42.925+0000] {dag.py:4180} INFO - Setting next_dagrun for example_nested_branch_dag to 2024-10-06 00:00:00+00:00, run_after=2024-10-07 00:00:00+00:00
[2024-10-07T21:29:42.933+0000] {processor.py:208} INFO - Processing /home/airflow/.local/lib/python3.12/site-packages/airflow/example_dags/example_nested_branch_dag.py took 0.047 seconds
[2024-10-07T21:30:13.291+0000] {processor.py:186} INFO - Started process (PID=314) to work on /home/airflow/.local/lib/python3.12/site-packages/airflow/example_dags/example_nested_branch_dag.py
[2024-10-07T21:30:13.294+0000] {processor.py:914} INFO - Processing file /home/airflow/.local/lib/python3.12/site-packages/airflow/example_dags/example_nested_branch_dag.py for tasks to queue
[2024-10-07T21:30:13.296+0000] {logging_mixin.py:190} INFO - [2024-10-07T21:30:13.296+0000] {dagbag.py:588} INFO - Filling up the DagBag from /home/airflow/.local/lib/python3.12/site-packages/airflow/example_dags/example_nested_branch_dag.py
[2024-10-07T21:30:13.303+0000] {processor.py:925} INFO - DAG(s) 'example_nested_branch_dag' retrieved from /home/airflow/.local/lib/python3.12/site-packages/airflow/example_dags/example_nested_branch_dag.py
[2024-10-07T21:30:13.315+0000] {logging_mixin.py:190} INFO - [2024-10-07T21:30:13.315+0000] {dag.py:3239} INFO - Sync 1 DAGs
[2024-10-07T21:30:13.327+0000] {logging_mixin.py:190} INFO - [2024-10-07T21:30:13.327+0000] {dag.py:4180} INFO - Setting next_dagrun for example_nested_branch_dag to 2024-10-06 00:00:00+00:00, run_after=2024-10-07 00:00:00+00:00
[2024-10-07T21:30:13.338+0000] {processor.py:208} INFO - Processing /home/airflow/.local/lib/python3.12/site-packages/airflow/example_dags/example_nested_branch_dag.py took 0.051 seconds
[2024-10-07T21:30:43.613+0000] {processor.py:186} INFO - Started process (PID=376) to work on /home/airflow/.local/lib/python3.12/site-packages/airflow/example_dags/example_nested_branch_dag.py
[2024-10-07T21:30:43.615+0000] {processor.py:914} INFO - Processing file /home/airflow/.local/lib/python3.12/site-packages/airflow/example_dags/example_nested_branch_dag.py for tasks to queue
[2024-10-07T21:30:43.617+0000] {logging_mixin.py:190} INFO - [2024-10-07T21:30:43.617+0000] {dagbag.py:588} INFO - Filling up the DagBag from /home/airflow/.local/lib/python3.12/site-packages/airflow/example_dags/example_nested_branch_dag.py
[2024-10-07T21:30:43.623+0000] {processor.py:925} INFO - DAG(s) 'example_nested_branch_dag' retrieved from /home/airflow/.local/lib/python3.12/site-packages/airflow/example_dags/example_nested_branch_dag.py
[2024-10-07T21:30:43.634+0000] {logging_mixin.py:190} INFO - [2024-10-07T21:30:43.634+0000] {dag.py:3239} INFO - Sync 1 DAGs
[2024-10-07T21:30:43.647+0000] {logging_mixin.py:190} INFO - [2024-10-07T21:30:43.647+0000] {dag.py:4180} INFO - Setting next_dagrun for example_nested_branch_dag to 2024-10-06 00:00:00+00:00, run_after=2024-10-07 00:00:00+00:00
[2024-10-07T21:30:43.657+0000] {processor.py:208} INFO - Processing /home/airflow/.local/lib/python3.12/site-packages/airflow/example_dags/example_nested_branch_dag.py took 0.047 seconds
[2024-10-07T21:31:13.913+0000] {processor.py:186} INFO - Started process (PID=438) to work on /home/airflow/.local/lib/python3.12/site-packages/airflow/example_dags/example_nested_branch_dag.py
[2024-10-07T21:31:13.914+0000] {processor.py:914} INFO - Processing file /home/airflow/.local/lib/python3.12/site-packages/airflow/example_dags/example_nested_branch_dag.py for tasks to queue
[2024-10-07T21:31:13.915+0000] {logging_mixin.py:190} INFO - [2024-10-07T21:31:13.915+0000] {dagbag.py:588} INFO - Filling up the DagBag from /home/airflow/.local/lib/python3.12/site-packages/airflow/example_dags/example_nested_branch_dag.py
[2024-10-07T21:31:13.920+0000] {processor.py:925} INFO - DAG(s) 'example_nested_branch_dag' retrieved from /home/airflow/.local/lib/python3.12/site-packages/airflow/example_dags/example_nested_branch_dag.py
[2024-10-07T21:31:13.930+0000] {logging_mixin.py:190} INFO - [2024-10-07T21:31:13.930+0000] {dag.py:3239} INFO - Sync 1 DAGs
[2024-10-07T21:31:13.940+0000] {logging_mixin.py:190} INFO - [2024-10-07T21:31:13.940+0000] {dag.py:4180} INFO - Setting next_dagrun for example_nested_branch_dag to 2024-10-06 00:00:00+00:00, run_after=2024-10-07 00:00:00+00:00
[2024-10-07T21:31:13.947+0000] {processor.py:208} INFO - Processing /home/airflow/.local/lib/python3.12/site-packages/airflow/example_dags/example_nested_branch_dag.py took 0.037 seconds
[2024-10-07T21:31:44.602+0000] {processor.py:186} INFO - Started process (PID=500) to work on /home/airflow/.local/lib/python3.12/site-packages/airflow/example_dags/example_nested_branch_dag.py
[2024-10-07T21:31:44.602+0000] {processor.py:914} INFO - Processing file /home/airflow/.local/lib/python3.12/site-packages/airflow/example_dags/example_nested_branch_dag.py for tasks to queue
[2024-10-07T21:31:44.604+0000] {logging_mixin.py:190} INFO - [2024-10-07T21:31:44.603+0000] {dagbag.py:588} INFO - Filling up the DagBag from /home/airflow/.local/lib/python3.12/site-packages/airflow/example_dags/example_nested_branch_dag.py
[2024-10-07T21:31:44.610+0000] {processor.py:925} INFO - DAG(s) 'example_nested_branch_dag' retrieved from /home/airflow/.local/lib/python3.12/site-packages/airflow/example_dags/example_nested_branch_dag.py
[2024-10-07T21:31:44.624+0000] {logging_mixin.py:190} INFO - [2024-10-07T21:31:44.624+0000] {dag.py:3239} INFO - Sync 1 DAGs
[2024-10-07T21:31:44.635+0000] {logging_mixin.py:190} INFO - [2024-10-07T21:31:44.635+0000] {dag.py:4180} INFO - Setting next_dagrun for example_nested_branch_dag to 2024-10-06 00:00:00+00:00, run_after=2024-10-07 00:00:00+00:00
[2024-10-07T21:31:44.644+0000] {processor.py:208} INFO - Processing /home/airflow/.local/lib/python3.12/site-packages/airflow/example_dags/example_nested_branch_dag.py took 0.046 seconds
[2024-10-07T21:32:15.293+0000] {processor.py:186} INFO - Started process (PID=562) to work on /home/airflow/.local/lib/python3.12/site-packages/airflow/example_dags/example_nested_branch_dag.py
[2024-10-07T21:32:15.294+0000] {processor.py:914} INFO - Processing file /home/airflow/.local/lib/python3.12/site-packages/airflow/example_dags/example_nested_branch_dag.py for tasks to queue
[2024-10-07T21:32:15.296+0000] {logging_mixin.py:190} INFO - [2024-10-07T21:32:15.296+0000] {dagbag.py:588} INFO - Filling up the DagBag from /home/airflow/.local/lib/python3.12/site-packages/airflow/example_dags/example_nested_branch_dag.py
[2024-10-07T21:32:15.302+0000] {processor.py:925} INFO - DAG(s) 'example_nested_branch_dag' retrieved from /home/airflow/.local/lib/python3.12/site-packages/airflow/example_dags/example_nested_branch_dag.py
[2024-10-07T21:32:15.315+0000] {logging_mixin.py:190} INFO - [2024-10-07T21:32:15.315+0000] {dag.py:3239} INFO - Sync 1 DAGs
[2024-10-07T21:32:15.327+0000] {logging_mixin.py:190} INFO - [2024-10-07T21:32:15.327+0000] {dag.py:4180} INFO - Setting next_dagrun for example_nested_branch_dag to 2024-10-06 00:00:00+00:00, run_after=2024-10-07 00:00:00+00:00
[2024-10-07T21:32:15.335+0000] {processor.py:208} INFO - Processing /home/airflow/.local/lib/python3.12/site-packages/airflow/example_dags/example_nested_branch_dag.py took 0.047 seconds
[2024-10-07T21:32:46.041+0000] {processor.py:186} INFO - Started process (PID=624) to work on /home/airflow/.local/lib/python3.12/site-packages/airflow/example_dags/example_nested_branch_dag.py
[2024-10-07T21:32:46.043+0000] {processor.py:914} INFO - Processing file /home/airflow/.local/lib/python3.12/site-packages/airflow/example_dags/example_nested_branch_dag.py for tasks to queue
[2024-10-07T21:32:46.044+0000] {logging_mixin.py:190} INFO - [2024-10-07T21:32:46.044+0000] {dagbag.py:588} INFO - Filling up the DagBag from /home/airflow/.local/lib/python3.12/site-packages/airflow/example_dags/example_nested_branch_dag.py
[2024-10-07T21:32:46.050+0000] {processor.py:925} INFO - DAG(s) 'example_nested_branch_dag' retrieved from /home/airflow/.local/lib/python3.12/site-packages/airflow/example_dags/example_nested_branch_dag.py
[2024-10-07T21:32:46.065+0000] {logging_mixin.py:190} INFO - [2024-10-07T21:32:46.064+0000] {dag.py:3239} INFO - Sync 1 DAGs
[2024-10-07T21:32:46.077+0000] {logging_mixin.py:190} INFO - [2024-10-07T21:32:46.077+0000] {dag.py:4180} INFO - Setting next_dagrun for example_nested_branch_dag to 2024-10-06 00:00:00+00:00, run_after=2024-10-07 00:00:00+00:00
[2024-10-07T21:32:46.086+0000] {processor.py:208} INFO - Processing /home/airflow/.local/lib/python3.12/site-packages/airflow/example_dags/example_nested_branch_dag.py took 0.048 seconds
[2024-10-07T21:33:16.530+0000] {processor.py:186} INFO - Started process (PID=686) to work on /home/airflow/.local/lib/python3.12/site-packages/airflow/example_dags/example_nested_branch_dag.py
[2024-10-07T21:33:16.531+0000] {processor.py:914} INFO - Processing file /home/airflow/.local/lib/python3.12/site-packages/airflow/example_dags/example_nested_branch_dag.py for tasks to queue
[2024-10-07T21:33:16.536+0000] {logging_mixin.py:190} INFO - [2024-10-07T21:33:16.536+0000] {dagbag.py:588} INFO - Filling up the DagBag from /home/airflow/.local/lib/python3.12/site-packages/airflow/example_dags/example_nested_branch_dag.py
[2024-10-07T21:33:16.544+0000] {processor.py:925} INFO - DAG(s) 'example_nested_branch_dag' retrieved from /home/airflow/.local/lib/python3.12/site-packages/airflow/example_dags/example_nested_branch_dag.py
[2024-10-07T21:33:16.558+0000] {logging_mixin.py:190} INFO - [2024-10-07T21:33:16.558+0000] {dag.py:3239} INFO - Sync 1 DAGs
[2024-10-07T21:33:16.571+0000] {logging_mixin.py:190} INFO - [2024-10-07T21:33:16.571+0000] {dag.py:4180} INFO - Setting next_dagrun for example_nested_branch_dag to 2024-10-06 00:00:00+00:00, run_after=2024-10-07 00:00:00+00:00
[2024-10-07T21:33:16.580+0000] {processor.py:208} INFO - Processing /home/airflow/.local/lib/python3.12/site-packages/airflow/example_dags/example_nested_branch_dag.py took 0.053 seconds
[2024-10-07T21:33:46.905+0000] {processor.py:186} INFO - Started process (PID=748) to work on /home/airflow/.local/lib/python3.12/site-packages/airflow/example_dags/example_nested_branch_dag.py
[2024-10-07T21:33:46.905+0000] {processor.py:914} INFO - Processing file /home/airflow/.local/lib/python3.12/site-packages/airflow/example_dags/example_nested_branch_dag.py for tasks to queue
[2024-10-07T21:33:46.907+0000] {logging_mixin.py:190} INFO - [2024-10-07T21:33:46.906+0000] {dagbag.py:588} INFO - Filling up the DagBag from /home/airflow/.local/lib/python3.12/site-packages/airflow/example_dags/example_nested_branch_dag.py
[2024-10-07T21:33:46.912+0000] {processor.py:925} INFO - DAG(s) 'example_nested_branch_dag' retrieved from /home/airflow/.local/lib/python3.12/site-packages/airflow/example_dags/example_nested_branch_dag.py
[2024-10-07T21:33:46.924+0000] {logging_mixin.py:190} INFO - [2024-10-07T21:33:46.924+0000] {dag.py:3239} INFO - Sync 1 DAGs
[2024-10-07T21:33:46.936+0000] {logging_mixin.py:190} INFO - [2024-10-07T21:33:46.936+0000] {dag.py:4180} INFO - Setting next_dagrun for example_nested_branch_dag to 2024-10-06 00:00:00+00:00, run_after=2024-10-07 00:00:00+00:00
[2024-10-07T21:33:46.944+0000] {processor.py:208} INFO - Processing /home/airflow/.local/lib/python3.12/site-packages/airflow/example_dags/example_nested_branch_dag.py took 0.042 seconds
[2024-10-07T21:34:17.442+0000] {processor.py:186} INFO - Started process (PID=810) to work on /home/airflow/.local/lib/python3.12/site-packages/airflow/example_dags/example_nested_branch_dag.py
[2024-10-07T21:34:17.442+0000] {processor.py:914} INFO - Processing file /home/airflow/.local/lib/python3.12/site-packages/airflow/example_dags/example_nested_branch_dag.py for tasks to queue
[2024-10-07T21:34:17.444+0000] {logging_mixin.py:190} INFO - [2024-10-07T21:34:17.443+0000] {dagbag.py:588} INFO - Filling up the DagBag from /home/airflow/.local/lib/python3.12/site-packages/airflow/example_dags/example_nested_branch_dag.py
[2024-10-07T21:34:17.449+0000] {processor.py:925} INFO - DAG(s) 'example_nested_branch_dag' retrieved from /home/airflow/.local/lib/python3.12/site-packages/airflow/example_dags/example_nested_branch_dag.py
[2024-10-07T21:34:17.459+0000] {logging_mixin.py:190} INFO - [2024-10-07T21:34:17.459+0000] {dag.py:3239} INFO - Sync 1 DAGs
[2024-10-07T21:34:17.469+0000] {logging_mixin.py:190} INFO - [2024-10-07T21:34:17.469+0000] {dag.py:4180} INFO - Setting next_dagrun for example_nested_branch_dag to 2024-10-06 00:00:00+00:00, run_after=2024-10-07 00:00:00+00:00
[2024-10-07T21:34:17.476+0000] {processor.py:208} INFO - Processing /home/airflow/.local/lib/python3.12/site-packages/airflow/example_dags/example_nested_branch_dag.py took 0.037 seconds
[2024-10-07T21:34:47.954+0000] {processor.py:186} INFO - Started process (PID=872) to work on /home/airflow/.local/lib/python3.12/site-packages/airflow/example_dags/example_nested_branch_dag.py
[2024-10-07T21:34:47.954+0000] {processor.py:914} INFO - Processing file /home/airflow/.local/lib/python3.12/site-packages/airflow/example_dags/example_nested_branch_dag.py for tasks to queue
[2024-10-07T21:34:47.956+0000] {logging_mixin.py:190} INFO - [2024-10-07T21:34:47.956+0000] {dagbag.py:588} INFO - Filling up the DagBag from /home/airflow/.local/lib/python3.12/site-packages/airflow/example_dags/example_nested_branch_dag.py
[2024-10-07T21:34:47.963+0000] {processor.py:925} INFO - DAG(s) 'example_nested_branch_dag' retrieved from /home/airflow/.local/lib/python3.12/site-packages/airflow/example_dags/example_nested_branch_dag.py
[2024-10-07T21:34:47.975+0000] {logging_mixin.py:190} INFO - [2024-10-07T21:34:47.975+0000] {dag.py:3239} INFO - Sync 1 DAGs
[2024-10-07T21:34:47.988+0000] {logging_mixin.py:190} INFO - [2024-10-07T21:34:47.988+0000] {dag.py:4180} INFO - Setting next_dagrun for example_nested_branch_dag to 2024-10-06 00:00:00+00:00, run_after=2024-10-07 00:00:00+00:00
[2024-10-07T21:34:47.997+0000] {processor.py:208} INFO - Processing /home/airflow/.local/lib/python3.12/site-packages/airflow/example_dags/example_nested_branch_dag.py took 0.047 seconds
[2024-10-07T21:35:18.329+0000] {processor.py:186} INFO - Started process (PID=934) to work on /home/airflow/.local/lib/python3.12/site-packages/airflow/example_dags/example_nested_branch_dag.py
[2024-10-07T21:35:18.333+0000] {processor.py:914} INFO - Processing file /home/airflow/.local/lib/python3.12/site-packages/airflow/example_dags/example_nested_branch_dag.py for tasks to queue
[2024-10-07T21:35:18.335+0000] {logging_mixin.py:190} INFO - [2024-10-07T21:35:18.335+0000] {dagbag.py:588} INFO - Filling up the DagBag from /home/airflow/.local/lib/python3.12/site-packages/airflow/example_dags/example_nested_branch_dag.py
[2024-10-07T21:35:18.341+0000] {processor.py:925} INFO - DAG(s) 'example_nested_branch_dag' retrieved from /home/airflow/.local/lib/python3.12/site-packages/airflow/example_dags/example_nested_branch_dag.py
[2024-10-07T21:35:18.352+0000] {logging_mixin.py:190} INFO - [2024-10-07T21:35:18.352+0000] {dag.py:3239} INFO - Sync 1 DAGs
[2024-10-07T21:35:18.364+0000] {logging_mixin.py:190} INFO - [2024-10-07T21:35:18.364+0000] {dag.py:4180} INFO - Setting next_dagrun for example_nested_branch_dag to 2024-10-06 00:00:00+00:00, run_after=2024-10-07 00:00:00+00:00
[2024-10-07T21:35:18.374+0000] {processor.py:208} INFO - Processing /home/airflow/.local/lib/python3.12/site-packages/airflow/example_dags/example_nested_branch_dag.py took 0.047 seconds
[2024-10-07T21:35:48.625+0000] {processor.py:186} INFO - Started process (PID=996) to work on /home/airflow/.local/lib/python3.12/site-packages/airflow/example_dags/example_nested_branch_dag.py
[2024-10-07T21:35:48.626+0000] {processor.py:914} INFO - Processing file /home/airflow/.local/lib/python3.12/site-packages/airflow/example_dags/example_nested_branch_dag.py for tasks to queue
[2024-10-07T21:35:48.627+0000] {logging_mixin.py:190} INFO - [2024-10-07T21:35:48.627+0000] {dagbag.py:588} INFO - Filling up the DagBag from /home/airflow/.local/lib/python3.12/site-packages/airflow/example_dags/example_nested_branch_dag.py
[2024-10-07T21:35:48.634+0000] {processor.py:925} INFO - DAG(s) 'example_nested_branch_dag' retrieved from /home/airflow/.local/lib/python3.12/site-packages/airflow/example_dags/example_nested_branch_dag.py
[2024-10-07T21:35:48.644+0000] {logging_mixin.py:190} INFO - [2024-10-07T21:35:48.644+0000] {dag.py:3239} INFO - Sync 1 DAGs
[2024-10-07T21:35:48.655+0000] {logging_mixin.py:190} INFO - [2024-10-07T21:35:48.655+0000] {dag.py:4180} INFO - Setting next_dagrun for example_nested_branch_dag to 2024-10-06 00:00:00+00:00, run_after=2024-10-07 00:00:00+00:00
[2024-10-07T21:35:48.663+0000] {processor.py:208} INFO - Processing /home/airflow/.local/lib/python3.12/site-packages/airflow/example_dags/example_nested_branch_dag.py took 0.042 seconds
[2024-10-07T21:36:18.881+0000] {processor.py:186} INFO - Started process (PID=1058) to work on /home/airflow/.local/lib/python3.12/site-packages/airflow/example_dags/example_nested_branch_dag.py
[2024-10-07T21:36:18.881+0000] {processor.py:914} INFO - Processing file /home/airflow/.local/lib/python3.12/site-packages/airflow/example_dags/example_nested_branch_dag.py for tasks to queue
[2024-10-07T21:36:18.886+0000] {logging_mixin.py:190} INFO - [2024-10-07T21:36:18.886+0000] {dagbag.py:588} INFO - Filling up the DagBag from /home/airflow/.local/lib/python3.12/site-packages/airflow/example_dags/example_nested_branch_dag.py
[2024-10-07T21:36:18.892+0000] {processor.py:925} INFO - DAG(s) 'example_nested_branch_dag' retrieved from /home/airflow/.local/lib/python3.12/site-packages/airflow/example_dags/example_nested_branch_dag.py
[2024-10-07T21:36:18.903+0000] {logging_mixin.py:190} INFO - [2024-10-07T21:36:18.903+0000] {dag.py:3239} INFO - Sync 1 DAGs
[2024-10-07T21:36:18.915+0000] {logging_mixin.py:190} INFO - [2024-10-07T21:36:18.915+0000] {dag.py:4180} INFO - Setting next_dagrun for example_nested_branch_dag to 2024-10-06 00:00:00+00:00, run_after=2024-10-07 00:00:00+00:00
[2024-10-07T21:36:18.923+0000] {processor.py:208} INFO - Processing /home/airflow/.local/lib/python3.12/site-packages/airflow/example_dags/example_nested_branch_dag.py took 0.046 seconds
[2024-10-07T21:36:49.096+0000] {processor.py:186} INFO - Started process (PID=1120) to work on /home/airflow/.local/lib/python3.12/site-packages/airflow/example_dags/example_nested_branch_dag.py
[2024-10-07T21:36:49.100+0000] {processor.py:914} INFO - Processing file /home/airflow/.local/lib/python3.12/site-packages/airflow/example_dags/example_nested_branch_dag.py for tasks to queue
[2024-10-07T21:36:49.101+0000] {logging_mixin.py:190} INFO - [2024-10-07T21:36:49.101+0000] {dagbag.py:588} INFO - Filling up the DagBag from /home/airflow/.local/lib/python3.12/site-packages/airflow/example_dags/example_nested_branch_dag.py
[2024-10-07T21:36:49.108+0000] {processor.py:925} INFO - DAG(s) 'example_nested_branch_dag' retrieved from /home/airflow/.local/lib/python3.12/site-packages/airflow/example_dags/example_nested_branch_dag.py
[2024-10-07T21:36:49.118+0000] {logging_mixin.py:190} INFO - [2024-10-07T21:36:49.118+0000] {dag.py:3239} INFO - Sync 1 DAGs
[2024-10-07T21:36:49.130+0000] {logging_mixin.py:190} INFO - [2024-10-07T21:36:49.130+0000] {dag.py:4180} INFO - Setting next_dagrun for example_nested_branch_dag to 2024-10-06 00:00:00+00:00, run_after=2024-10-07 00:00:00+00:00
[2024-10-07T21:36:49.141+0000] {processor.py:208} INFO - Processing /home/airflow/.local/lib/python3.12/site-packages/airflow/example_dags/example_nested_branch_dag.py took 0.047 seconds
[2024-10-07T21:37:19.458+0000] {processor.py:186} INFO - Started process (PID=1182) to work on /home/airflow/.local/lib/python3.12/site-packages/airflow/example_dags/example_nested_branch_dag.py
[2024-10-07T21:37:19.460+0000] {processor.py:914} INFO - Processing file /home/airflow/.local/lib/python3.12/site-packages/airflow/example_dags/example_nested_branch_dag.py for tasks to queue
[2024-10-07T21:37:19.461+0000] {logging_mixin.py:190} INFO - [2024-10-07T21:37:19.461+0000] {dagbag.py:588} INFO - Filling up the DagBag from /home/airflow/.local/lib/python3.12/site-packages/airflow/example_dags/example_nested_branch_dag.py
[2024-10-07T21:37:19.468+0000] {processor.py:925} INFO - DAG(s) 'example_nested_branch_dag' retrieved from /home/airflow/.local/lib/python3.12/site-packages/airflow/example_dags/example_nested_branch_dag.py
[2024-10-07T21:37:19.479+0000] {logging_mixin.py:190} INFO - [2024-10-07T21:37:19.479+0000] {dag.py:3239} INFO - Sync 1 DAGs
[2024-10-07T21:37:19.492+0000] {logging_mixin.py:190} INFO - [2024-10-07T21:37:19.491+0000] {dag.py:4180} INFO - Setting next_dagrun for example_nested_branch_dag to 2024-10-06 00:00:00+00:00, run_after=2024-10-07 00:00:00+00:00
[2024-10-07T21:37:19.500+0000] {processor.py:208} INFO - Processing /home/airflow/.local/lib/python3.12/site-packages/airflow/example_dags/example_nested_branch_dag.py took 0.045 seconds
[2024-10-07T21:37:49.744+0000] {processor.py:186} INFO - Started process (PID=1244) to work on /home/airflow/.local/lib/python3.12/site-packages/airflow/example_dags/example_nested_branch_dag.py
[2024-10-07T21:37:49.749+0000] {processor.py:914} INFO - Processing file /home/airflow/.local/lib/python3.12/site-packages/airflow/example_dags/example_nested_branch_dag.py for tasks to queue
[2024-10-07T21:37:49.750+0000] {logging_mixin.py:190} INFO - [2024-10-07T21:37:49.750+0000] {dagbag.py:588} INFO - Filling up the DagBag from /home/airflow/.local/lib/python3.12/site-packages/airflow/example_dags/example_nested_branch_dag.py
[2024-10-07T21:37:49.757+0000] {processor.py:925} INFO - DAG(s) 'example_nested_branch_dag' retrieved from /home/airflow/.local/lib/python3.12/site-packages/airflow/example_dags/example_nested_branch_dag.py
[2024-10-07T21:37:49.768+0000] {logging_mixin.py:190} INFO - [2024-10-07T21:37:49.768+0000] {dag.py:3239} INFO - Sync 1 DAGs
[2024-10-07T21:37:49.781+0000] {logging_mixin.py:190} INFO - [2024-10-07T21:37:49.781+0000] {dag.py:4180} INFO - Setting next_dagrun for example_nested_branch_dag to 2024-10-06 00:00:00+00:00, run_after=2024-10-07 00:00:00+00:00
[2024-10-07T21:37:49.789+0000] {processor.py:208} INFO - Processing /home/airflow/.local/lib/python3.12/site-packages/airflow/example_dags/example_nested_branch_dag.py took 0.048 seconds
[2024-10-07T21:38:20.262+0000] {processor.py:186} INFO - Started process (PID=1306) to work on /home/airflow/.local/lib/python3.12/site-packages/airflow/example_dags/example_nested_branch_dag.py
[2024-10-07T21:38:20.264+0000] {processor.py:914} INFO - Processing file /home/airflow/.local/lib/python3.12/site-packages/airflow/example_dags/example_nested_branch_dag.py for tasks to queue
[2024-10-07T21:38:20.266+0000] {logging_mixin.py:190} INFO - [2024-10-07T21:38:20.265+0000] {dagbag.py:588} INFO - Filling up the DagBag from /home/airflow/.local/lib/python3.12/site-packages/airflow/example_dags/example_nested_branch_dag.py
[2024-10-07T21:38:20.272+0000] {processor.py:925} INFO - DAG(s) 'example_nested_branch_dag' retrieved from /home/airflow/.local/lib/python3.12/site-packages/airflow/example_dags/example_nested_branch_dag.py
[2024-10-07T21:38:20.283+0000] {logging_mixin.py:190} INFO - [2024-10-07T21:38:20.283+0000] {dag.py:3239} INFO - Sync 1 DAGs
[2024-10-07T21:38:20.295+0000] {logging_mixin.py:190} INFO - [2024-10-07T21:38:20.295+0000] {dag.py:4180} INFO - Setting next_dagrun for example_nested_branch_dag to 2024-10-06 00:00:00+00:00, run_after=2024-10-07 00:00:00+00:00
[2024-10-07T21:38:20.304+0000] {processor.py:208} INFO - Processing /home/airflow/.local/lib/python3.12/site-packages/airflow/example_dags/example_nested_branch_dag.py took 0.045 seconds
[2024-10-07T21:38:50.720+0000] {processor.py:186} INFO - Started process (PID=1368) to work on /home/airflow/.local/lib/python3.12/site-packages/airflow/example_dags/example_nested_branch_dag.py
[2024-10-07T21:38:50.721+0000] {processor.py:914} INFO - Processing file /home/airflow/.local/lib/python3.12/site-packages/airflow/example_dags/example_nested_branch_dag.py for tasks to queue
[2024-10-07T21:38:50.722+0000] {logging_mixin.py:190} INFO - [2024-10-07T21:38:50.722+0000] {dagbag.py:588} INFO - Filling up the DagBag from /home/airflow/.local/lib/python3.12/site-packages/airflow/example_dags/example_nested_branch_dag.py
[2024-10-07T21:38:50.728+0000] {processor.py:925} INFO - DAG(s) 'example_nested_branch_dag' retrieved from /home/airflow/.local/lib/python3.12/site-packages/airflow/example_dags/example_nested_branch_dag.py
[2024-10-07T21:38:50.740+0000] {logging_mixin.py:190} INFO - [2024-10-07T21:38:50.740+0000] {dag.py:3239} INFO - Sync 1 DAGs
[2024-10-07T21:38:50.752+0000] {logging_mixin.py:190} INFO - [2024-10-07T21:38:50.752+0000] {dag.py:4180} INFO - Setting next_dagrun for example_nested_branch_dag to 2024-10-06 00:00:00+00:00, run_after=2024-10-07 00:00:00+00:00
[2024-10-07T21:38:50.764+0000] {processor.py:208} INFO - Processing /home/airflow/.local/lib/python3.12/site-packages/airflow/example_dags/example_nested_branch_dag.py took 0.047 seconds
[2024-10-07T21:39:21.125+0000] {processor.py:186} INFO - Started process (PID=1430) to work on /home/airflow/.local/lib/python3.12/site-packages/airflow/example_dags/example_nested_branch_dag.py
[2024-10-07T21:39:21.129+0000] {processor.py:914} INFO - Processing file /home/airflow/.local/lib/python3.12/site-packages/airflow/example_dags/example_nested_branch_dag.py for tasks to queue
[2024-10-07T21:39:21.134+0000] {logging_mixin.py:190} INFO - [2024-10-07T21:39:21.134+0000] {dagbag.py:588} INFO - Filling up the DagBag from /home/airflow/.local/lib/python3.12/site-packages/airflow/example_dags/example_nested_branch_dag.py
[2024-10-07T21:39:21.141+0000] {processor.py:925} INFO - DAG(s) 'example_nested_branch_dag' retrieved from /home/airflow/.local/lib/python3.12/site-packages/airflow/example_dags/example_nested_branch_dag.py
[2024-10-07T21:39:21.155+0000] {logging_mixin.py:190} INFO - [2024-10-07T21:39:21.155+0000] {dag.py:3239} INFO - Sync 1 DAGs
[2024-10-07T21:39:21.167+0000] {logging_mixin.py:190} INFO - [2024-10-07T21:39:21.167+0000] {dag.py:4180} INFO - Setting next_dagrun for example_nested_branch_dag to 2024-10-06 00:00:00+00:00, run_after=2024-10-07 00:00:00+00:00
[2024-10-07T21:39:21.177+0000] {processor.py:208} INFO - Processing /home/airflow/.local/lib/python3.12/site-packages/airflow/example_dags/example_nested_branch_dag.py took 0.056 seconds
[2024-10-07T21:39:51.605+0000] {processor.py:186} INFO - Started process (PID=1492) to work on /home/airflow/.local/lib/python3.12/site-packages/airflow/example_dags/example_nested_branch_dag.py
[2024-10-07T21:39:51.606+0000] {processor.py:914} INFO - Processing file /home/airflow/.local/lib/python3.12/site-packages/airflow/example_dags/example_nested_branch_dag.py for tasks to queue
[2024-10-07T21:39:51.607+0000] {logging_mixin.py:190} INFO - [2024-10-07T21:39:51.607+0000] {dagbag.py:588} INFO - Filling up the DagBag from /home/airflow/.local/lib/python3.12/site-packages/airflow/example_dags/example_nested_branch_dag.py
[2024-10-07T21:39:51.613+0000] {processor.py:925} INFO - DAG(s) 'example_nested_branch_dag' retrieved from /home/airflow/.local/lib/python3.12/site-packages/airflow/example_dags/example_nested_branch_dag.py
[2024-10-07T21:39:51.622+0000] {logging_mixin.py:190} INFO - [2024-10-07T21:39:51.622+0000] {dag.py:3239} INFO - Sync 1 DAGs
[2024-10-07T21:39:51.632+0000] {logging_mixin.py:190} INFO - [2024-10-07T21:39:51.632+0000] {dag.py:4180} INFO - Setting next_dagrun for example_nested_branch_dag to 2024-10-06 00:00:00+00:00, run_after=2024-10-07 00:00:00+00:00
[2024-10-07T21:39:51.639+0000] {processor.py:208} INFO - Processing /home/airflow/.local/lib/python3.12/site-packages/airflow/example_dags/example_nested_branch_dag.py took 0.037 seconds
[2024-10-07T21:40:22.571+0000] {processor.py:186} INFO - Started process (PID=1553) to work on /home/airflow/.local/lib/python3.12/site-packages/airflow/example_dags/example_nested_branch_dag.py
[2024-10-07T21:40:22.573+0000] {processor.py:914} INFO - Processing file /home/airflow/.local/lib/python3.12/site-packages/airflow/example_dags/example_nested_branch_dag.py for tasks to queue
[2024-10-07T21:40:22.575+0000] {logging_mixin.py:190} INFO - [2024-10-07T21:40:22.575+0000] {dagbag.py:588} INFO - Filling up the DagBag from /home/airflow/.local/lib/python3.12/site-packages/airflow/example_dags/example_nested_branch_dag.py
[2024-10-07T21:40:22.581+0000] {processor.py:925} INFO - DAG(s) 'example_nested_branch_dag' retrieved from /home/airflow/.local/lib/python3.12/site-packages/airflow/example_dags/example_nested_branch_dag.py
[2024-10-07T21:40:22.593+0000] {logging_mixin.py:190} INFO - [2024-10-07T21:40:22.592+0000] {dag.py:3239} INFO - Sync 1 DAGs
[2024-10-07T21:40:22.605+0000] {logging_mixin.py:190} INFO - [2024-10-07T21:40:22.605+0000] {dag.py:4180} INFO - Setting next_dagrun for example_nested_branch_dag to 2024-10-06 00:00:00+00:00, run_after=2024-10-07 00:00:00+00:00
[2024-10-07T21:40:22.617+0000] {processor.py:208} INFO - Processing /home/airflow/.local/lib/python3.12/site-packages/airflow/example_dags/example_nested_branch_dag.py took 0.049 seconds
[2024-10-07T21:40:53.332+0000] {processor.py:186} INFO - Started process (PID=1615) to work on /home/airflow/.local/lib/python3.12/site-packages/airflow/example_dags/example_nested_branch_dag.py
[2024-10-07T21:40:53.333+0000] {processor.py:914} INFO - Processing file /home/airflow/.local/lib/python3.12/site-packages/airflow/example_dags/example_nested_branch_dag.py for tasks to queue
[2024-10-07T21:40:53.334+0000] {logging_mixin.py:190} INFO - [2024-10-07T21:40:53.334+0000] {dagbag.py:588} INFO - Filling up the DagBag from /home/airflow/.local/lib/python3.12/site-packages/airflow/example_dags/example_nested_branch_dag.py
[2024-10-07T21:40:53.340+0000] {processor.py:925} INFO - DAG(s) 'example_nested_branch_dag' retrieved from /home/airflow/.local/lib/python3.12/site-packages/airflow/example_dags/example_nested_branch_dag.py
[2024-10-07T21:40:53.350+0000] {logging_mixin.py:190} INFO - [2024-10-07T21:40:53.350+0000] {dag.py:3239} INFO - Sync 1 DAGs
[2024-10-07T21:40:53.361+0000] {logging_mixin.py:190} INFO - [2024-10-07T21:40:53.360+0000] {dag.py:4180} INFO - Setting next_dagrun for example_nested_branch_dag to 2024-10-06 00:00:00+00:00, run_after=2024-10-07 00:00:00+00:00
[2024-10-07T21:40:53.368+0000] {processor.py:208} INFO - Processing /home/airflow/.local/lib/python3.12/site-packages/airflow/example_dags/example_nested_branch_dag.py took 0.039 seconds
[2024-10-07T21:41:23.836+0000] {processor.py:186} INFO - Started process (PID=1677) to work on /home/airflow/.local/lib/python3.12/site-packages/airflow/example_dags/example_nested_branch_dag.py
[2024-10-07T21:41:23.837+0000] {processor.py:914} INFO - Processing file /home/airflow/.local/lib/python3.12/site-packages/airflow/example_dags/example_nested_branch_dag.py for tasks to queue
[2024-10-07T21:41:23.839+0000] {logging_mixin.py:190} INFO - [2024-10-07T21:41:23.839+0000] {dagbag.py:588} INFO - Filling up the DagBag from /home/airflow/.local/lib/python3.12/site-packages/airflow/example_dags/example_nested_branch_dag.py
[2024-10-07T21:41:23.847+0000] {processor.py:925} INFO - DAG(s) 'example_nested_branch_dag' retrieved from /home/airflow/.local/lib/python3.12/site-packages/airflow/example_dags/example_nested_branch_dag.py
[2024-10-07T21:41:23.862+0000] {logging_mixin.py:190} INFO - [2024-10-07T21:41:23.861+0000] {dag.py:3239} INFO - Sync 1 DAGs
[2024-10-07T21:41:23.878+0000] {logging_mixin.py:190} INFO - [2024-10-07T21:41:23.878+0000] {dag.py:4180} INFO - Setting next_dagrun for example_nested_branch_dag to 2024-10-06 00:00:00+00:00, run_after=2024-10-07 00:00:00+00:00
[2024-10-07T21:41:23.891+0000] {processor.py:208} INFO - Processing /home/airflow/.local/lib/python3.12/site-packages/airflow/example_dags/example_nested_branch_dag.py took 0.059 seconds
[2024-10-07T21:41:54.615+0000] {processor.py:186} INFO - Started process (PID=1739) to work on /home/airflow/.local/lib/python3.12/site-packages/airflow/example_dags/example_nested_branch_dag.py
[2024-10-07T21:41:54.616+0000] {processor.py:914} INFO - Processing file /home/airflow/.local/lib/python3.12/site-packages/airflow/example_dags/example_nested_branch_dag.py for tasks to queue
[2024-10-07T21:41:54.618+0000] {logging_mixin.py:190} INFO - [2024-10-07T21:41:54.618+0000] {dagbag.py:588} INFO - Filling up the DagBag from /home/airflow/.local/lib/python3.12/site-packages/airflow/example_dags/example_nested_branch_dag.py
[2024-10-07T21:41:54.624+0000] {processor.py:925} INFO - DAG(s) 'example_nested_branch_dag' retrieved from /home/airflow/.local/lib/python3.12/site-packages/airflow/example_dags/example_nested_branch_dag.py
[2024-10-07T21:41:54.639+0000] {logging_mixin.py:190} INFO - [2024-10-07T21:41:54.639+0000] {dag.py:3239} INFO - Sync 1 DAGs
[2024-10-07T21:41:54.651+0000] {logging_mixin.py:190} INFO - [2024-10-07T21:41:54.651+0000] {dag.py:4180} INFO - Setting next_dagrun for example_nested_branch_dag to 2024-10-06 00:00:00+00:00, run_after=2024-10-07 00:00:00+00:00
[2024-10-07T21:41:54.663+0000] {processor.py:208} INFO - Processing /home/airflow/.local/lib/python3.12/site-packages/airflow/example_dags/example_nested_branch_dag.py took 0.051 seconds
[2024-10-07T21:42:25.352+0000] {processor.py:186} INFO - Started process (PID=1801) to work on /home/airflow/.local/lib/python3.12/site-packages/airflow/example_dags/example_nested_branch_dag.py
[2024-10-07T21:42:25.352+0000] {processor.py:914} INFO - Processing file /home/airflow/.local/lib/python3.12/site-packages/airflow/example_dags/example_nested_branch_dag.py for tasks to queue
[2024-10-07T21:42:25.354+0000] {logging_mixin.py:190} INFO - [2024-10-07T21:42:25.354+0000] {dagbag.py:588} INFO - Filling up the DagBag from /home/airflow/.local/lib/python3.12/site-packages/airflow/example_dags/example_nested_branch_dag.py
[2024-10-07T21:42:25.362+0000] {processor.py:925} INFO - DAG(s) 'example_nested_branch_dag' retrieved from /home/airflow/.local/lib/python3.12/site-packages/airflow/example_dags/example_nested_branch_dag.py
[2024-10-07T21:42:25.377+0000] {logging_mixin.py:190} INFO - [2024-10-07T21:42:25.376+0000] {dag.py:3239} INFO - Sync 1 DAGs
[2024-10-07T21:42:25.391+0000] {logging_mixin.py:190} INFO - [2024-10-07T21:42:25.391+0000] {dag.py:4180} INFO - Setting next_dagrun for example_nested_branch_dag to 2024-10-06 00:00:00+00:00, run_after=2024-10-07 00:00:00+00:00
[2024-10-07T21:42:25.407+0000] {processor.py:208} INFO - Processing /home/airflow/.local/lib/python3.12/site-packages/airflow/example_dags/example_nested_branch_dag.py took 0.060 seconds
[2024-10-07T21:42:56.124+0000] {processor.py:186} INFO - Started process (PID=1863) to work on /home/airflow/.local/lib/python3.12/site-packages/airflow/example_dags/example_nested_branch_dag.py
[2024-10-07T21:42:56.125+0000] {processor.py:914} INFO - Processing file /home/airflow/.local/lib/python3.12/site-packages/airflow/example_dags/example_nested_branch_dag.py for tasks to queue
[2024-10-07T21:42:56.126+0000] {logging_mixin.py:190} INFO - [2024-10-07T21:42:56.126+0000] {dagbag.py:588} INFO - Filling up the DagBag from /home/airflow/.local/lib/python3.12/site-packages/airflow/example_dags/example_nested_branch_dag.py
[2024-10-07T21:42:56.132+0000] {processor.py:925} INFO - DAG(s) 'example_nested_branch_dag' retrieved from /home/airflow/.local/lib/python3.12/site-packages/airflow/example_dags/example_nested_branch_dag.py
[2024-10-07T21:42:56.145+0000] {logging_mixin.py:190} INFO - [2024-10-07T21:42:56.145+0000] {dag.py:3239} INFO - Sync 1 DAGs
[2024-10-07T21:42:56.160+0000] {logging_mixin.py:190} INFO - [2024-10-07T21:42:56.160+0000] {dag.py:4180} INFO - Setting next_dagrun for example_nested_branch_dag to 2024-10-06 00:00:00+00:00, run_after=2024-10-07 00:00:00+00:00
[2024-10-07T21:42:56.171+0000] {processor.py:208} INFO - Processing /home/airflow/.local/lib/python3.12/site-packages/airflow/example_dags/example_nested_branch_dag.py took 0.051 seconds
[2024-10-07T21:43:27.386+0000] {processor.py:186} INFO - Started process (PID=1925) to work on /home/airflow/.local/lib/python3.12/site-packages/airflow/example_dags/example_nested_branch_dag.py
[2024-10-07T21:43:27.387+0000] {processor.py:914} INFO - Processing file /home/airflow/.local/lib/python3.12/site-packages/airflow/example_dags/example_nested_branch_dag.py for tasks to queue
[2024-10-07T21:43:27.389+0000] {logging_mixin.py:190} INFO - [2024-10-07T21:43:27.389+0000] {dagbag.py:588} INFO - Filling up the DagBag from /home/airflow/.local/lib/python3.12/site-packages/airflow/example_dags/example_nested_branch_dag.py
[2024-10-07T21:43:27.396+0000] {processor.py:925} INFO - DAG(s) 'example_nested_branch_dag' retrieved from /home/airflow/.local/lib/python3.12/site-packages/airflow/example_dags/example_nested_branch_dag.py
[2024-10-07T21:43:27.406+0000] {logging_mixin.py:190} INFO - [2024-10-07T21:43:27.406+0000] {dag.py:3239} INFO - Sync 1 DAGs
[2024-10-07T21:43:27.418+0000] {logging_mixin.py:190} INFO - [2024-10-07T21:43:27.418+0000] {dag.py:4180} INFO - Setting next_dagrun for example_nested_branch_dag to 2024-10-06 00:00:00+00:00, run_after=2024-10-07 00:00:00+00:00
[2024-10-07T21:43:27.426+0000] {processor.py:208} INFO - Processing /home/airflow/.local/lib/python3.12/site-packages/airflow/example_dags/example_nested_branch_dag.py took 0.044 seconds
[2024-10-07T21:43:58.377+0000] {processor.py:186} INFO - Started process (PID=1987) to work on /home/airflow/.local/lib/python3.12/site-packages/airflow/example_dags/example_nested_branch_dag.py
[2024-10-07T21:43:58.381+0000] {processor.py:914} INFO - Processing file /home/airflow/.local/lib/python3.12/site-packages/airflow/example_dags/example_nested_branch_dag.py for tasks to queue
[2024-10-07T21:43:58.383+0000] {logging_mixin.py:190} INFO - [2024-10-07T21:43:58.383+0000] {dagbag.py:588} INFO - Filling up the DagBag from /home/airflow/.local/lib/python3.12/site-packages/airflow/example_dags/example_nested_branch_dag.py
[2024-10-07T21:43:58.389+0000] {processor.py:925} INFO - DAG(s) 'example_nested_branch_dag' retrieved from /home/airflow/.local/lib/python3.12/site-packages/airflow/example_dags/example_nested_branch_dag.py
[2024-10-07T21:43:58.400+0000] {logging_mixin.py:190} INFO - [2024-10-07T21:43:58.400+0000] {dag.py:3239} INFO - Sync 1 DAGs
[2024-10-07T21:43:58.415+0000] {logging_mixin.py:190} INFO - [2024-10-07T21:43:58.415+0000] {dag.py:4180} INFO - Setting next_dagrun for example_nested_branch_dag to 2024-10-06 00:00:00+00:00, run_after=2024-10-07 00:00:00+00:00
[2024-10-07T21:43:58.425+0000] {processor.py:208} INFO - Processing /home/airflow/.local/lib/python3.12/site-packages/airflow/example_dags/example_nested_branch_dag.py took 0.051 seconds
[2024-10-07T21:44:29.619+0000] {processor.py:186} INFO - Started process (PID=2049) to work on /home/airflow/.local/lib/python3.12/site-packages/airflow/example_dags/example_nested_branch_dag.py
[2024-10-07T21:44:29.620+0000] {processor.py:914} INFO - Processing file /home/airflow/.local/lib/python3.12/site-packages/airflow/example_dags/example_nested_branch_dag.py for tasks to queue
[2024-10-07T21:44:29.621+0000] {logging_mixin.py:190} INFO - [2024-10-07T21:44:29.621+0000] {dagbag.py:588} INFO - Filling up the DagBag from /home/airflow/.local/lib/python3.12/site-packages/airflow/example_dags/example_nested_branch_dag.py
[2024-10-07T21:44:29.627+0000] {processor.py:925} INFO - DAG(s) 'example_nested_branch_dag' retrieved from /home/airflow/.local/lib/python3.12/site-packages/airflow/example_dags/example_nested_branch_dag.py
[2024-10-07T21:44:29.638+0000] {logging_mixin.py:190} INFO - [2024-10-07T21:44:29.638+0000] {dag.py:3239} INFO - Sync 1 DAGs
[2024-10-07T21:44:29.653+0000] {logging_mixin.py:190} INFO - [2024-10-07T21:44:29.653+0000] {dag.py:4180} INFO - Setting next_dagrun for example_nested_branch_dag to 2024-10-06 00:00:00+00:00, run_after=2024-10-07 00:00:00+00:00
[2024-10-07T21:44:29.662+0000] {processor.py:208} INFO - Processing /home/airflow/.local/lib/python3.12/site-packages/airflow/example_dags/example_nested_branch_dag.py took 0.047 seconds
[2024-10-07T21:45:00.399+0000] {processor.py:186} INFO - Started process (PID=2111) to work on /home/airflow/.local/lib/python3.12/site-packages/airflow/example_dags/example_nested_branch_dag.py
[2024-10-07T21:45:00.400+0000] {processor.py:914} INFO - Processing file /home/airflow/.local/lib/python3.12/site-packages/airflow/example_dags/example_nested_branch_dag.py for tasks to queue
[2024-10-07T21:45:00.402+0000] {logging_mixin.py:190} INFO - [2024-10-07T21:45:00.402+0000] {dagbag.py:588} INFO - Filling up the DagBag from /home/airflow/.local/lib/python3.12/site-packages/airflow/example_dags/example_nested_branch_dag.py
[2024-10-07T21:45:00.413+0000] {processor.py:925} INFO - DAG(s) 'example_nested_branch_dag' retrieved from /home/airflow/.local/lib/python3.12/site-packages/airflow/example_dags/example_nested_branch_dag.py
[2024-10-07T21:45:00.429+0000] {logging_mixin.py:190} INFO - [2024-10-07T21:45:00.429+0000] {dag.py:3239} INFO - Sync 1 DAGs
[2024-10-07T21:45:00.445+0000] {logging_mixin.py:190} INFO - [2024-10-07T21:45:00.445+0000] {dag.py:4180} INFO - Setting next_dagrun for example_nested_branch_dag to 2024-10-06 00:00:00+00:00, run_after=2024-10-07 00:00:00+00:00
[2024-10-07T21:45:00.454+0000] {processor.py:208} INFO - Processing /home/airflow/.local/lib/python3.12/site-packages/airflow/example_dags/example_nested_branch_dag.py took 0.060 seconds
[2024-10-07T21:45:31.535+0000] {processor.py:186} INFO - Started process (PID=2173) to work on /home/airflow/.local/lib/python3.12/site-packages/airflow/example_dags/example_nested_branch_dag.py
[2024-10-07T21:45:31.536+0000] {processor.py:914} INFO - Processing file /home/airflow/.local/lib/python3.12/site-packages/airflow/example_dags/example_nested_branch_dag.py for tasks to queue
[2024-10-07T21:45:31.537+0000] {logging_mixin.py:190} INFO - [2024-10-07T21:45:31.537+0000] {dagbag.py:588} INFO - Filling up the DagBag from /home/airflow/.local/lib/python3.12/site-packages/airflow/example_dags/example_nested_branch_dag.py
[2024-10-07T21:45:31.543+0000] {processor.py:925} INFO - DAG(s) 'example_nested_branch_dag' retrieved from /home/airflow/.local/lib/python3.12/site-packages/airflow/example_dags/example_nested_branch_dag.py
[2024-10-07T21:45:31.555+0000] {logging_mixin.py:190} INFO - [2024-10-07T21:45:31.555+0000] {dag.py:3239} INFO - Sync 1 DAGs
[2024-10-07T21:45:31.567+0000] {logging_mixin.py:190} INFO - [2024-10-07T21:45:31.567+0000] {dag.py:4180} INFO - Setting next_dagrun for example_nested_branch_dag to 2024-10-06 00:00:00+00:00, run_after=2024-10-07 00:00:00+00:00
[2024-10-07T21:45:31.576+0000] {processor.py:208} INFO - Processing /home/airflow/.local/lib/python3.12/site-packages/airflow/example_dags/example_nested_branch_dag.py took 0.043 seconds
[2024-10-07T21:46:02.820+0000] {processor.py:186} INFO - Started process (PID=2235) to work on /home/airflow/.local/lib/python3.12/site-packages/airflow/example_dags/example_nested_branch_dag.py
[2024-10-07T21:46:02.821+0000] {processor.py:914} INFO - Processing file /home/airflow/.local/lib/python3.12/site-packages/airflow/example_dags/example_nested_branch_dag.py for tasks to queue
[2024-10-07T21:46:02.822+0000] {logging_mixin.py:190} INFO - [2024-10-07T21:46:02.822+0000] {dagbag.py:588} INFO - Filling up the DagBag from /home/airflow/.local/lib/python3.12/site-packages/airflow/example_dags/example_nested_branch_dag.py
[2024-10-07T21:46:02.828+0000] {processor.py:925} INFO - DAG(s) 'example_nested_branch_dag' retrieved from /home/airflow/.local/lib/python3.12/site-packages/airflow/example_dags/example_nested_branch_dag.py
[2024-10-07T21:46:02.844+0000] {logging_mixin.py:190} INFO - [2024-10-07T21:46:02.843+0000] {dag.py:3239} INFO - Sync 1 DAGs
[2024-10-07T21:46:02.855+0000] {logging_mixin.py:190} INFO - [2024-10-07T21:46:02.855+0000] {dag.py:4180} INFO - Setting next_dagrun for example_nested_branch_dag to 2024-10-06 00:00:00+00:00, run_after=2024-10-07 00:00:00+00:00
[2024-10-07T21:46:02.864+0000] {processor.py:208} INFO - Processing /home/airflow/.local/lib/python3.12/site-packages/airflow/example_dags/example_nested_branch_dag.py took 0.047 seconds
[2024-10-07T21:46:33.698+0000] {processor.py:186} INFO - Started process (PID=2297) to work on /home/airflow/.local/lib/python3.12/site-packages/airflow/example_dags/example_nested_branch_dag.py
[2024-10-07T21:46:33.700+0000] {processor.py:914} INFO - Processing file /home/airflow/.local/lib/python3.12/site-packages/airflow/example_dags/example_nested_branch_dag.py for tasks to queue
[2024-10-07T21:46:33.701+0000] {logging_mixin.py:190} INFO - [2024-10-07T21:46:33.701+0000] {dagbag.py:588} INFO - Filling up the DagBag from /home/airflow/.local/lib/python3.12/site-packages/airflow/example_dags/example_nested_branch_dag.py
[2024-10-07T21:46:33.707+0000] {processor.py:925} INFO - DAG(s) 'example_nested_branch_dag' retrieved from /home/airflow/.local/lib/python3.12/site-packages/airflow/example_dags/example_nested_branch_dag.py
[2024-10-07T21:46:33.718+0000] {logging_mixin.py:190} INFO - [2024-10-07T21:46:33.718+0000] {dag.py:3239} INFO - Sync 1 DAGs
[2024-10-07T21:46:33.731+0000] {logging_mixin.py:190} INFO - [2024-10-07T21:46:33.731+0000] {dag.py:4180} INFO - Setting next_dagrun for example_nested_branch_dag to 2024-10-06 00:00:00+00:00, run_after=2024-10-07 00:00:00+00:00
[2024-10-07T21:46:33.739+0000] {processor.py:208} INFO - Processing /home/airflow/.local/lib/python3.12/site-packages/airflow/example_dags/example_nested_branch_dag.py took 0.045 seconds
[2024-10-07T21:47:04.392+0000] {processor.py:186} INFO - Started process (PID=2359) to work on /home/airflow/.local/lib/python3.12/site-packages/airflow/example_dags/example_nested_branch_dag.py
[2024-10-07T21:47:04.396+0000] {processor.py:914} INFO - Processing file /home/airflow/.local/lib/python3.12/site-packages/airflow/example_dags/example_nested_branch_dag.py for tasks to queue
[2024-10-07T21:47:04.398+0000] {logging_mixin.py:190} INFO - [2024-10-07T21:47:04.398+0000] {dagbag.py:588} INFO - Filling up the DagBag from /home/airflow/.local/lib/python3.12/site-packages/airflow/example_dags/example_nested_branch_dag.py
[2024-10-07T21:47:04.404+0000] {processor.py:925} INFO - DAG(s) 'example_nested_branch_dag' retrieved from /home/airflow/.local/lib/python3.12/site-packages/airflow/example_dags/example_nested_branch_dag.py
[2024-10-07T21:47:04.414+0000] {logging_mixin.py:190} INFO - [2024-10-07T21:47:04.414+0000] {dag.py:3239} INFO - Sync 1 DAGs
[2024-10-07T21:47:04.427+0000] {logging_mixin.py:190} INFO - [2024-10-07T21:47:04.426+0000] {dag.py:4180} INFO - Setting next_dagrun for example_nested_branch_dag to 2024-10-06 00:00:00+00:00, run_after=2024-10-07 00:00:00+00:00
[2024-10-07T21:47:04.437+0000] {processor.py:208} INFO - Processing /home/airflow/.local/lib/python3.12/site-packages/airflow/example_dags/example_nested_branch_dag.py took 0.049 seconds
[2024-10-07T21:47:35.878+0000] {processor.py:186} INFO - Started process (PID=2421) to work on /home/airflow/.local/lib/python3.12/site-packages/airflow/example_dags/example_nested_branch_dag.py
[2024-10-07T21:47:35.880+0000] {processor.py:914} INFO - Processing file /home/airflow/.local/lib/python3.12/site-packages/airflow/example_dags/example_nested_branch_dag.py for tasks to queue
[2024-10-07T21:47:35.881+0000] {logging_mixin.py:190} INFO - [2024-10-07T21:47:35.881+0000] {dagbag.py:588} INFO - Filling up the DagBag from /home/airflow/.local/lib/python3.12/site-packages/airflow/example_dags/example_nested_branch_dag.py
[2024-10-07T21:47:35.888+0000] {processor.py:925} INFO - DAG(s) 'example_nested_branch_dag' retrieved from /home/airflow/.local/lib/python3.12/site-packages/airflow/example_dags/example_nested_branch_dag.py
[2024-10-07T21:47:35.899+0000] {logging_mixin.py:190} INFO - [2024-10-07T21:47:35.899+0000] {dag.py:3239} INFO - Sync 1 DAGs
[2024-10-07T21:47:35.912+0000] {logging_mixin.py:190} INFO - [2024-10-07T21:47:35.911+0000] {dag.py:4180} INFO - Setting next_dagrun for example_nested_branch_dag to 2024-10-06 00:00:00+00:00, run_after=2024-10-07 00:00:00+00:00
[2024-10-07T21:47:35.924+0000] {processor.py:208} INFO - Processing /home/airflow/.local/lib/python3.12/site-packages/airflow/example_dags/example_nested_branch_dag.py took 0.049 seconds
[2024-10-07T21:48:07.154+0000] {processor.py:186} INFO - Started process (PID=2483) to work on /home/airflow/.local/lib/python3.12/site-packages/airflow/example_dags/example_nested_branch_dag.py
[2024-10-07T21:48:07.155+0000] {processor.py:914} INFO - Processing file /home/airflow/.local/lib/python3.12/site-packages/airflow/example_dags/example_nested_branch_dag.py for tasks to queue
[2024-10-07T21:48:07.158+0000] {logging_mixin.py:190} INFO - [2024-10-07T21:48:07.157+0000] {dagbag.py:588} INFO - Filling up the DagBag from /home/airflow/.local/lib/python3.12/site-packages/airflow/example_dags/example_nested_branch_dag.py
[2024-10-07T21:48:07.164+0000] {processor.py:925} INFO - DAG(s) 'example_nested_branch_dag' retrieved from /home/airflow/.local/lib/python3.12/site-packages/airflow/example_dags/example_nested_branch_dag.py
[2024-10-07T21:48:07.177+0000] {logging_mixin.py:190} INFO - [2024-10-07T21:48:07.176+0000] {dag.py:3239} INFO - Sync 1 DAGs
[2024-10-07T21:48:07.189+0000] {logging_mixin.py:190} INFO - [2024-10-07T21:48:07.189+0000] {dag.py:4180} INFO - Setting next_dagrun for example_nested_branch_dag to 2024-10-06 00:00:00+00:00, run_after=2024-10-07 00:00:00+00:00
[2024-10-07T21:48:07.202+0000] {processor.py:208} INFO - Processing /home/airflow/.local/lib/python3.12/site-packages/airflow/example_dags/example_nested_branch_dag.py took 0.052 seconds
[2024-10-07T21:48:38.276+0000] {processor.py:186} INFO - Started process (PID=2545) to work on /home/airflow/.local/lib/python3.12/site-packages/airflow/example_dags/example_nested_branch_dag.py
[2024-10-07T21:48:38.277+0000] {processor.py:914} INFO - Processing file /home/airflow/.local/lib/python3.12/site-packages/airflow/example_dags/example_nested_branch_dag.py for tasks to queue
[2024-10-07T21:48:38.279+0000] {logging_mixin.py:190} INFO - [2024-10-07T21:48:38.279+0000] {dagbag.py:588} INFO - Filling up the DagBag from /home/airflow/.local/lib/python3.12/site-packages/airflow/example_dags/example_nested_branch_dag.py
[2024-10-07T21:48:38.287+0000] {processor.py:925} INFO - DAG(s) 'example_nested_branch_dag' retrieved from /home/airflow/.local/lib/python3.12/site-packages/airflow/example_dags/example_nested_branch_dag.py
[2024-10-07T21:48:38.301+0000] {logging_mixin.py:190} INFO - [2024-10-07T21:48:38.301+0000] {dag.py:3239} INFO - Sync 1 DAGs
[2024-10-07T21:48:38.315+0000] {logging_mixin.py:190} INFO - [2024-10-07T21:48:38.315+0000] {dag.py:4180} INFO - Setting next_dagrun for example_nested_branch_dag to 2024-10-06 00:00:00+00:00, run_after=2024-10-07 00:00:00+00:00
[2024-10-07T21:48:38.326+0000] {processor.py:208} INFO - Processing /home/airflow/.local/lib/python3.12/site-packages/airflow/example_dags/example_nested_branch_dag.py took 0.054 seconds
[2024-10-07T21:49:09.118+0000] {processor.py:186} INFO - Started process (PID=2607) to work on /home/airflow/.local/lib/python3.12/site-packages/airflow/example_dags/example_nested_branch_dag.py
[2024-10-07T21:49:09.119+0000] {processor.py:914} INFO - Processing file /home/airflow/.local/lib/python3.12/site-packages/airflow/example_dags/example_nested_branch_dag.py for tasks to queue
[2024-10-07T21:49:09.121+0000] {logging_mixin.py:190} INFO - [2024-10-07T21:49:09.121+0000] {dagbag.py:588} INFO - Filling up the DagBag from /home/airflow/.local/lib/python3.12/site-packages/airflow/example_dags/example_nested_branch_dag.py
[2024-10-07T21:49:09.128+0000] {processor.py:925} INFO - DAG(s) 'example_nested_branch_dag' retrieved from /home/airflow/.local/lib/python3.12/site-packages/airflow/example_dags/example_nested_branch_dag.py
[2024-10-07T21:49:09.141+0000] {logging_mixin.py:190} INFO - [2024-10-07T21:49:09.140+0000] {dag.py:3239} INFO - Sync 1 DAGs
[2024-10-07T21:49:09.152+0000] {logging_mixin.py:190} INFO - [2024-10-07T21:49:09.152+0000] {dag.py:4180} INFO - Setting next_dagrun for example_nested_branch_dag to 2024-10-06 00:00:00+00:00, run_after=2024-10-07 00:00:00+00:00
[2024-10-07T21:49:09.162+0000] {processor.py:208} INFO - Processing /home/airflow/.local/lib/python3.12/site-packages/airflow/example_dags/example_nested_branch_dag.py took 0.047 seconds
[2024-10-07T21:49:39.811+0000] {processor.py:186} INFO - Started process (PID=2669) to work on /home/airflow/.local/lib/python3.12/site-packages/airflow/example_dags/example_nested_branch_dag.py
[2024-10-07T21:49:39.813+0000] {processor.py:914} INFO - Processing file /home/airflow/.local/lib/python3.12/site-packages/airflow/example_dags/example_nested_branch_dag.py for tasks to queue
[2024-10-07T21:49:39.815+0000] {logging_mixin.py:190} INFO - [2024-10-07T21:49:39.815+0000] {dagbag.py:588} INFO - Filling up the DagBag from /home/airflow/.local/lib/python3.12/site-packages/airflow/example_dags/example_nested_branch_dag.py
[2024-10-07T21:49:39.821+0000] {processor.py:925} INFO - DAG(s) 'example_nested_branch_dag' retrieved from /home/airflow/.local/lib/python3.12/site-packages/airflow/example_dags/example_nested_branch_dag.py
[2024-10-07T21:49:39.832+0000] {logging_mixin.py:190} INFO - [2024-10-07T21:49:39.832+0000] {dag.py:3239} INFO - Sync 1 DAGs
[2024-10-07T21:49:39.844+0000] {logging_mixin.py:190} INFO - [2024-10-07T21:49:39.844+0000] {dag.py:4180} INFO - Setting next_dagrun for example_nested_branch_dag to 2024-10-06 00:00:00+00:00, run_after=2024-10-07 00:00:00+00:00
[2024-10-07T21:49:39.853+0000] {processor.py:208} INFO - Processing /home/airflow/.local/lib/python3.12/site-packages/airflow/example_dags/example_nested_branch_dag.py took 0.045 seconds
[2024-10-07T21:50:10.994+0000] {processor.py:186} INFO - Started process (PID=2731) to work on /home/airflow/.local/lib/python3.12/site-packages/airflow/example_dags/example_nested_branch_dag.py
[2024-10-07T21:50:10.995+0000] {processor.py:914} INFO - Processing file /home/airflow/.local/lib/python3.12/site-packages/airflow/example_dags/example_nested_branch_dag.py for tasks to queue
[2024-10-07T21:50:10.996+0000] {logging_mixin.py:190} INFO - [2024-10-07T21:50:10.996+0000] {dagbag.py:588} INFO - Filling up the DagBag from /home/airflow/.local/lib/python3.12/site-packages/airflow/example_dags/example_nested_branch_dag.py
[2024-10-07T21:50:11.002+0000] {processor.py:925} INFO - DAG(s) 'example_nested_branch_dag' retrieved from /home/airflow/.local/lib/python3.12/site-packages/airflow/example_dags/example_nested_branch_dag.py
[2024-10-07T21:50:11.012+0000] {logging_mixin.py:190} INFO - [2024-10-07T21:50:11.012+0000] {dag.py:3239} INFO - Sync 1 DAGs
[2024-10-07T21:50:11.022+0000] {logging_mixin.py:190} INFO - [2024-10-07T21:50:11.022+0000] {dag.py:4180} INFO - Setting next_dagrun for example_nested_branch_dag to 2024-10-06 00:00:00+00:00, run_after=2024-10-07 00:00:00+00:00
[2024-10-07T21:50:11.030+0000] {processor.py:208} INFO - Processing /home/airflow/.local/lib/python3.12/site-packages/airflow/example_dags/example_nested_branch_dag.py took 0.039 seconds
[2024-10-07T21:50:42.192+0000] {processor.py:186} INFO - Started process (PID=2793) to work on /home/airflow/.local/lib/python3.12/site-packages/airflow/example_dags/example_nested_branch_dag.py
[2024-10-07T21:50:42.193+0000] {processor.py:914} INFO - Processing file /home/airflow/.local/lib/python3.12/site-packages/airflow/example_dags/example_nested_branch_dag.py for tasks to queue
[2024-10-07T21:50:42.194+0000] {logging_mixin.py:190} INFO - [2024-10-07T21:50:42.194+0000] {dagbag.py:588} INFO - Filling up the DagBag from /home/airflow/.local/lib/python3.12/site-packages/airflow/example_dags/example_nested_branch_dag.py
[2024-10-07T21:50:42.201+0000] {processor.py:925} INFO - DAG(s) 'example_nested_branch_dag' retrieved from /home/airflow/.local/lib/python3.12/site-packages/airflow/example_dags/example_nested_branch_dag.py
[2024-10-07T21:50:42.214+0000] {logging_mixin.py:190} INFO - [2024-10-07T21:50:42.214+0000] {dag.py:3239} INFO - Sync 1 DAGs
[2024-10-07T21:50:42.338+0000] {logging_mixin.py:190} INFO - [2024-10-07T21:50:42.338+0000] {dag.py:4180} INFO - Setting next_dagrun for example_nested_branch_dag to 2024-10-06 00:00:00+00:00, run_after=2024-10-07 00:00:00+00:00
[2024-10-07T21:50:42.347+0000] {processor.py:208} INFO - Processing /home/airflow/.local/lib/python3.12/site-packages/airflow/example_dags/example_nested_branch_dag.py took 0.158 seconds
[2024-10-07T21:51:12.734+0000] {processor.py:186} INFO - Started process (PID=2855) to work on /home/airflow/.local/lib/python3.12/site-packages/airflow/example_dags/example_nested_branch_dag.py
[2024-10-07T21:51:12.735+0000] {processor.py:914} INFO - Processing file /home/airflow/.local/lib/python3.12/site-packages/airflow/example_dags/example_nested_branch_dag.py for tasks to queue
[2024-10-07T21:51:12.737+0000] {logging_mixin.py:190} INFO - [2024-10-07T21:51:12.736+0000] {dagbag.py:588} INFO - Filling up the DagBag from /home/airflow/.local/lib/python3.12/site-packages/airflow/example_dags/example_nested_branch_dag.py
[2024-10-07T21:51:12.745+0000] {processor.py:925} INFO - DAG(s) 'example_nested_branch_dag' retrieved from /home/airflow/.local/lib/python3.12/site-packages/airflow/example_dags/example_nested_branch_dag.py
[2024-10-07T21:51:12.760+0000] {logging_mixin.py:190} INFO - [2024-10-07T21:51:12.759+0000] {dag.py:3239} INFO - Sync 1 DAGs
[2024-10-07T21:51:12.774+0000] {logging_mixin.py:190} INFO - [2024-10-07T21:51:12.774+0000] {dag.py:4180} INFO - Setting next_dagrun for example_nested_branch_dag to 2024-10-06 00:00:00+00:00, run_after=2024-10-07 00:00:00+00:00
[2024-10-07T21:51:12.927+0000] {processor.py:208} INFO - Processing /home/airflow/.local/lib/python3.12/site-packages/airflow/example_dags/example_nested_branch_dag.py took 0.198 seconds
[2024-10-07T21:51:43.678+0000] {processor.py:186} INFO - Started process (PID=2917) to work on /home/airflow/.local/lib/python3.12/site-packages/airflow/example_dags/example_nested_branch_dag.py
[2024-10-07T21:51:43.680+0000] {processor.py:914} INFO - Processing file /home/airflow/.local/lib/python3.12/site-packages/airflow/example_dags/example_nested_branch_dag.py for tasks to queue
[2024-10-07T21:51:43.682+0000] {logging_mixin.py:190} INFO - [2024-10-07T21:51:43.681+0000] {dagbag.py:588} INFO - Filling up the DagBag from /home/airflow/.local/lib/python3.12/site-packages/airflow/example_dags/example_nested_branch_dag.py
[2024-10-07T21:51:43.687+0000] {processor.py:925} INFO - DAG(s) 'example_nested_branch_dag' retrieved from /home/airflow/.local/lib/python3.12/site-packages/airflow/example_dags/example_nested_branch_dag.py
[2024-10-07T21:51:43.698+0000] {logging_mixin.py:190} INFO - [2024-10-07T21:51:43.697+0000] {dag.py:3239} INFO - Sync 1 DAGs
[2024-10-07T21:51:43.709+0000] {logging_mixin.py:190} INFO - [2024-10-07T21:51:43.709+0000] {dag.py:4180} INFO - Setting next_dagrun for example_nested_branch_dag to 2024-10-06 00:00:00+00:00, run_after=2024-10-07 00:00:00+00:00
[2024-10-07T21:51:43.830+0000] {processor.py:208} INFO - Processing /home/airflow/.local/lib/python3.12/site-packages/airflow/example_dags/example_nested_branch_dag.py took 0.156 seconds
[2024-10-07T21:52:14.595+0000] {processor.py:186} INFO - Started process (PID=2985) to work on /home/airflow/.local/lib/python3.12/site-packages/airflow/example_dags/example_nested_branch_dag.py
[2024-10-07T21:52:14.597+0000] {processor.py:914} INFO - Processing file /home/airflow/.local/lib/python3.12/site-packages/airflow/example_dags/example_nested_branch_dag.py for tasks to queue
[2024-10-07T21:52:14.598+0000] {logging_mixin.py:190} INFO - [2024-10-07T21:52:14.598+0000] {dagbag.py:588} INFO - Filling up the DagBag from /home/airflow/.local/lib/python3.12/site-packages/airflow/example_dags/example_nested_branch_dag.py
[2024-10-07T21:52:14.606+0000] {processor.py:925} INFO - DAG(s) 'example_nested_branch_dag' retrieved from /home/airflow/.local/lib/python3.12/site-packages/airflow/example_dags/example_nested_branch_dag.py
[2024-10-07T21:52:14.618+0000] {logging_mixin.py:190} INFO - [2024-10-07T21:52:14.618+0000] {dag.py:3239} INFO - Sync 1 DAGs
[2024-10-07T21:52:14.630+0000] {logging_mixin.py:190} INFO - [2024-10-07T21:52:14.630+0000] {dag.py:4180} INFO - Setting next_dagrun for example_nested_branch_dag to 2024-10-06 00:00:00+00:00, run_after=2024-10-07 00:00:00+00:00
[2024-10-07T21:52:14.641+0000] {processor.py:208} INFO - Processing /home/airflow/.local/lib/python3.12/site-packages/airflow/example_dags/example_nested_branch_dag.py took 0.049 seconds
[2024-10-07T21:52:45.074+0000] {processor.py:186} INFO - Started process (PID=3047) to work on /home/airflow/.local/lib/python3.12/site-packages/airflow/example_dags/example_nested_branch_dag.py
[2024-10-07T21:52:45.075+0000] {processor.py:914} INFO - Processing file /home/airflow/.local/lib/python3.12/site-packages/airflow/example_dags/example_nested_branch_dag.py for tasks to queue
[2024-10-07T21:52:45.077+0000] {logging_mixin.py:190} INFO - [2024-10-07T21:52:45.077+0000] {dagbag.py:588} INFO - Filling up the DagBag from /home/airflow/.local/lib/python3.12/site-packages/airflow/example_dags/example_nested_branch_dag.py
[2024-10-07T21:52:45.087+0000] {processor.py:925} INFO - DAG(s) 'example_nested_branch_dag' retrieved from /home/airflow/.local/lib/python3.12/site-packages/airflow/example_dags/example_nested_branch_dag.py
[2024-10-07T21:52:45.101+0000] {logging_mixin.py:190} INFO - [2024-10-07T21:52:45.101+0000] {dag.py:3239} INFO - Sync 1 DAGs
[2024-10-07T21:52:45.113+0000] {logging_mixin.py:190} INFO - [2024-10-07T21:52:45.113+0000] {dag.py:4180} INFO - Setting next_dagrun for example_nested_branch_dag to 2024-10-06 00:00:00+00:00, run_after=2024-10-07 00:00:00+00:00
[2024-10-07T21:52:45.122+0000] {processor.py:208} INFO - Processing /home/airflow/.local/lib/python3.12/site-packages/airflow/example_dags/example_nested_branch_dag.py took 0.051 seconds
[2024-10-07T21:53:15.729+0000] {processor.py:186} INFO - Started process (PID=3109) to work on /home/airflow/.local/lib/python3.12/site-packages/airflow/example_dags/example_nested_branch_dag.py
[2024-10-07T21:53:15.730+0000] {processor.py:914} INFO - Processing file /home/airflow/.local/lib/python3.12/site-packages/airflow/example_dags/example_nested_branch_dag.py for tasks to queue
[2024-10-07T21:53:15.732+0000] {logging_mixin.py:190} INFO - [2024-10-07T21:53:15.731+0000] {dagbag.py:588} INFO - Filling up the DagBag from /home/airflow/.local/lib/python3.12/site-packages/airflow/example_dags/example_nested_branch_dag.py
[2024-10-07T21:53:15.738+0000] {processor.py:925} INFO - DAG(s) 'example_nested_branch_dag' retrieved from /home/airflow/.local/lib/python3.12/site-packages/airflow/example_dags/example_nested_branch_dag.py
[2024-10-07T21:53:15.749+0000] {logging_mixin.py:190} INFO - [2024-10-07T21:53:15.749+0000] {dag.py:3239} INFO - Sync 1 DAGs
[2024-10-07T21:53:15.762+0000] {logging_mixin.py:190} INFO - [2024-10-07T21:53:15.762+0000] {dag.py:4180} INFO - Setting next_dagrun for example_nested_branch_dag to 2024-10-06 00:00:00+00:00, run_after=2024-10-07 00:00:00+00:00
[2024-10-07T21:53:15.774+0000] {processor.py:208} INFO - Processing /home/airflow/.local/lib/python3.12/site-packages/airflow/example_dags/example_nested_branch_dag.py took 0.048 seconds
[2024-10-07T21:53:46.153+0000] {processor.py:186} INFO - Started process (PID=3171) to work on /home/airflow/.local/lib/python3.12/site-packages/airflow/example_dags/example_nested_branch_dag.py
[2024-10-07T21:53:46.154+0000] {processor.py:914} INFO - Processing file /home/airflow/.local/lib/python3.12/site-packages/airflow/example_dags/example_nested_branch_dag.py for tasks to queue
[2024-10-07T21:53:46.156+0000] {logging_mixin.py:190} INFO - [2024-10-07T21:53:46.156+0000] {dagbag.py:588} INFO - Filling up the DagBag from /home/airflow/.local/lib/python3.12/site-packages/airflow/example_dags/example_nested_branch_dag.py
[2024-10-07T21:53:46.162+0000] {processor.py:925} INFO - DAG(s) 'example_nested_branch_dag' retrieved from /home/airflow/.local/lib/python3.12/site-packages/airflow/example_dags/example_nested_branch_dag.py
[2024-10-07T21:53:46.175+0000] {logging_mixin.py:190} INFO - [2024-10-07T21:53:46.175+0000] {dag.py:3239} INFO - Sync 1 DAGs
[2024-10-07T21:53:46.192+0000] {logging_mixin.py:190} INFO - [2024-10-07T21:53:46.191+0000] {dag.py:4180} INFO - Setting next_dagrun for example_nested_branch_dag to 2024-10-06 00:00:00+00:00, run_after=2024-10-07 00:00:00+00:00
[2024-10-07T21:53:46.206+0000] {processor.py:208} INFO - Processing /home/airflow/.local/lib/python3.12/site-packages/airflow/example_dags/example_nested_branch_dag.py took 0.056 seconds
[2024-10-07T21:54:16.621+0000] {processor.py:186} INFO - Started process (PID=3233) to work on /home/airflow/.local/lib/python3.12/site-packages/airflow/example_dags/example_nested_branch_dag.py
[2024-10-07T21:54:16.622+0000] {processor.py:914} INFO - Processing file /home/airflow/.local/lib/python3.12/site-packages/airflow/example_dags/example_nested_branch_dag.py for tasks to queue
[2024-10-07T21:54:16.624+0000] {logging_mixin.py:190} INFO - [2024-10-07T21:54:16.623+0000] {dagbag.py:588} INFO - Filling up the DagBag from /home/airflow/.local/lib/python3.12/site-packages/airflow/example_dags/example_nested_branch_dag.py
[2024-10-07T21:54:16.630+0000] {processor.py:925} INFO - DAG(s) 'example_nested_branch_dag' retrieved from /home/airflow/.local/lib/python3.12/site-packages/airflow/example_dags/example_nested_branch_dag.py
[2024-10-07T21:54:16.643+0000] {logging_mixin.py:190} INFO - [2024-10-07T21:54:16.643+0000] {dag.py:3239} INFO - Sync 1 DAGs
[2024-10-07T21:54:16.655+0000] {logging_mixin.py:190} INFO - [2024-10-07T21:54:16.655+0000] {dag.py:4180} INFO - Setting next_dagrun for example_nested_branch_dag to 2024-10-06 00:00:00+00:00, run_after=2024-10-07 00:00:00+00:00
[2024-10-07T21:54:16.667+0000] {processor.py:208} INFO - Processing /home/airflow/.local/lib/python3.12/site-packages/airflow/example_dags/example_nested_branch_dag.py took 0.050 seconds
[2024-10-07T21:54:47.059+0000] {processor.py:186} INFO - Started process (PID=3295) to work on /home/airflow/.local/lib/python3.12/site-packages/airflow/example_dags/example_nested_branch_dag.py
[2024-10-07T21:54:47.060+0000] {processor.py:914} INFO - Processing file /home/airflow/.local/lib/python3.12/site-packages/airflow/example_dags/example_nested_branch_dag.py for tasks to queue
[2024-10-07T21:54:47.062+0000] {logging_mixin.py:190} INFO - [2024-10-07T21:54:47.062+0000] {dagbag.py:588} INFO - Filling up the DagBag from /home/airflow/.local/lib/python3.12/site-packages/airflow/example_dags/example_nested_branch_dag.py
[2024-10-07T21:54:47.069+0000] {processor.py:925} INFO - DAG(s) 'example_nested_branch_dag' retrieved from /home/airflow/.local/lib/python3.12/site-packages/airflow/example_dags/example_nested_branch_dag.py
[2024-10-07T21:54:47.082+0000] {logging_mixin.py:190} INFO - [2024-10-07T21:54:47.081+0000] {dag.py:3239} INFO - Sync 1 DAGs
[2024-10-07T21:54:47.094+0000] {logging_mixin.py:190} INFO - [2024-10-07T21:54:47.094+0000] {dag.py:4180} INFO - Setting next_dagrun for example_nested_branch_dag to 2024-10-06 00:00:00+00:00, run_after=2024-10-07 00:00:00+00:00
[2024-10-07T21:54:47.103+0000] {processor.py:208} INFO - Processing /home/airflow/.local/lib/python3.12/site-packages/airflow/example_dags/example_nested_branch_dag.py took 0.047 seconds
[2024-10-07T21:55:17.375+0000] {processor.py:186} INFO - Started process (PID=3357) to work on /home/airflow/.local/lib/python3.12/site-packages/airflow/example_dags/example_nested_branch_dag.py
[2024-10-07T21:55:17.376+0000] {processor.py:914} INFO - Processing file /home/airflow/.local/lib/python3.12/site-packages/airflow/example_dags/example_nested_branch_dag.py for tasks to queue
[2024-10-07T21:55:17.378+0000] {logging_mixin.py:190} INFO - [2024-10-07T21:55:17.378+0000] {dagbag.py:588} INFO - Filling up the DagBag from /home/airflow/.local/lib/python3.12/site-packages/airflow/example_dags/example_nested_branch_dag.py
[2024-10-07T21:55:17.384+0000] {processor.py:925} INFO - DAG(s) 'example_nested_branch_dag' retrieved from /home/airflow/.local/lib/python3.12/site-packages/airflow/example_dags/example_nested_branch_dag.py
[2024-10-07T21:55:17.397+0000] {logging_mixin.py:190} INFO - [2024-10-07T21:55:17.397+0000] {dag.py:3239} INFO - Sync 1 DAGs
[2024-10-07T21:55:17.408+0000] {logging_mixin.py:190} INFO - [2024-10-07T21:55:17.408+0000] {dag.py:4180} INFO - Setting next_dagrun for example_nested_branch_dag to 2024-10-06 00:00:00+00:00, run_after=2024-10-07 00:00:00+00:00
[2024-10-07T21:55:17.418+0000] {processor.py:208} INFO - Processing /home/airflow/.local/lib/python3.12/site-packages/airflow/example_dags/example_nested_branch_dag.py took 0.047 seconds
[2024-10-07T21:55:47.981+0000] {processor.py:186} INFO - Started process (PID=3419) to work on /home/airflow/.local/lib/python3.12/site-packages/airflow/example_dags/example_nested_branch_dag.py
[2024-10-07T21:55:47.982+0000] {processor.py:914} INFO - Processing file /home/airflow/.local/lib/python3.12/site-packages/airflow/example_dags/example_nested_branch_dag.py for tasks to queue
[2024-10-07T21:55:47.983+0000] {logging_mixin.py:190} INFO - [2024-10-07T21:55:47.983+0000] {dagbag.py:588} INFO - Filling up the DagBag from /home/airflow/.local/lib/python3.12/site-packages/airflow/example_dags/example_nested_branch_dag.py
[2024-10-07T21:55:47.989+0000] {processor.py:925} INFO - DAG(s) 'example_nested_branch_dag' retrieved from /home/airflow/.local/lib/python3.12/site-packages/airflow/example_dags/example_nested_branch_dag.py
[2024-10-07T21:55:48.001+0000] {logging_mixin.py:190} INFO - [2024-10-07T21:55:48.000+0000] {dag.py:3239} INFO - Sync 1 DAGs
[2024-10-07T21:55:48.012+0000] {logging_mixin.py:190} INFO - [2024-10-07T21:55:48.012+0000] {dag.py:4180} INFO - Setting next_dagrun for example_nested_branch_dag to 2024-10-06 00:00:00+00:00, run_after=2024-10-07 00:00:00+00:00
[2024-10-07T21:55:48.027+0000] {processor.py:208} INFO - Processing /home/airflow/.local/lib/python3.12/site-packages/airflow/example_dags/example_nested_branch_dag.py took 0.048 seconds
[2024-10-07T21:56:18.441+0000] {processor.py:186} INFO - Started process (PID=3481) to work on /home/airflow/.local/lib/python3.12/site-packages/airflow/example_dags/example_nested_branch_dag.py
[2024-10-07T21:56:18.442+0000] {processor.py:914} INFO - Processing file /home/airflow/.local/lib/python3.12/site-packages/airflow/example_dags/example_nested_branch_dag.py for tasks to queue
[2024-10-07T21:56:18.443+0000] {logging_mixin.py:190} INFO - [2024-10-07T21:56:18.443+0000] {dagbag.py:588} INFO - Filling up the DagBag from /home/airflow/.local/lib/python3.12/site-packages/airflow/example_dags/example_nested_branch_dag.py
[2024-10-07T21:56:18.450+0000] {processor.py:925} INFO - DAG(s) 'example_nested_branch_dag' retrieved from /home/airflow/.local/lib/python3.12/site-packages/airflow/example_dags/example_nested_branch_dag.py
[2024-10-07T21:56:18.463+0000] {logging_mixin.py:190} INFO - [2024-10-07T21:56:18.462+0000] {dag.py:3239} INFO - Sync 1 DAGs
[2024-10-07T21:56:18.476+0000] {logging_mixin.py:190} INFO - [2024-10-07T21:56:18.475+0000] {dag.py:4180} INFO - Setting next_dagrun for example_nested_branch_dag to 2024-10-06 00:00:00+00:00, run_after=2024-10-07 00:00:00+00:00
[2024-10-07T21:56:18.486+0000] {processor.py:208} INFO - Processing /home/airflow/.local/lib/python3.12/site-packages/airflow/example_dags/example_nested_branch_dag.py took 0.048 seconds
[2024-10-07T21:56:49.003+0000] {processor.py:186} INFO - Started process (PID=3543) to work on /home/airflow/.local/lib/python3.12/site-packages/airflow/example_dags/example_nested_branch_dag.py
[2024-10-07T21:56:49.004+0000] {processor.py:914} INFO - Processing file /home/airflow/.local/lib/python3.12/site-packages/airflow/example_dags/example_nested_branch_dag.py for tasks to queue
[2024-10-07T21:56:49.006+0000] {logging_mixin.py:190} INFO - [2024-10-07T21:56:49.006+0000] {dagbag.py:588} INFO - Filling up the DagBag from /home/airflow/.local/lib/python3.12/site-packages/airflow/example_dags/example_nested_branch_dag.py
[2024-10-07T21:56:49.019+0000] {processor.py:925} INFO - DAG(s) 'example_nested_branch_dag' retrieved from /home/airflow/.local/lib/python3.12/site-packages/airflow/example_dags/example_nested_branch_dag.py
[2024-10-07T21:56:49.038+0000] {logging_mixin.py:190} INFO - [2024-10-07T21:56:49.038+0000] {dag.py:3239} INFO - Sync 1 DAGs
[2024-10-07T21:56:49.055+0000] {logging_mixin.py:190} INFO - [2024-10-07T21:56:49.055+0000] {dag.py:4180} INFO - Setting next_dagrun for example_nested_branch_dag to 2024-10-06 00:00:00+00:00, run_after=2024-10-07 00:00:00+00:00
[2024-10-07T21:56:49.068+0000] {processor.py:208} INFO - Processing /home/airflow/.local/lib/python3.12/site-packages/airflow/example_dags/example_nested_branch_dag.py took 0.068 seconds
[2024-10-07T21:57:19.422+0000] {processor.py:186} INFO - Started process (PID=3605) to work on /home/airflow/.local/lib/python3.12/site-packages/airflow/example_dags/example_nested_branch_dag.py
[2024-10-07T21:57:19.423+0000] {processor.py:914} INFO - Processing file /home/airflow/.local/lib/python3.12/site-packages/airflow/example_dags/example_nested_branch_dag.py for tasks to queue
[2024-10-07T21:57:19.424+0000] {logging_mixin.py:190} INFO - [2024-10-07T21:57:19.424+0000] {dagbag.py:588} INFO - Filling up the DagBag from /home/airflow/.local/lib/python3.12/site-packages/airflow/example_dags/example_nested_branch_dag.py
[2024-10-07T21:57:19.431+0000] {processor.py:925} INFO - DAG(s) 'example_nested_branch_dag' retrieved from /home/airflow/.local/lib/python3.12/site-packages/airflow/example_dags/example_nested_branch_dag.py
[2024-10-07T21:57:19.450+0000] {logging_mixin.py:190} INFO - [2024-10-07T21:57:19.450+0000] {dag.py:3239} INFO - Sync 1 DAGs
[2024-10-07T21:57:19.469+0000] {logging_mixin.py:190} INFO - [2024-10-07T21:57:19.469+0000] {dag.py:4180} INFO - Setting next_dagrun for example_nested_branch_dag to 2024-10-06 00:00:00+00:00, run_after=2024-10-07 00:00:00+00:00
[2024-10-07T21:57:19.482+0000] {processor.py:208} INFO - Processing /home/airflow/.local/lib/python3.12/site-packages/airflow/example_dags/example_nested_branch_dag.py took 0.065 seconds
[2024-10-07T21:57:50.503+0000] {processor.py:186} INFO - Started process (PID=3667) to work on /home/airflow/.local/lib/python3.12/site-packages/airflow/example_dags/example_nested_branch_dag.py
[2024-10-07T21:57:50.504+0000] {processor.py:914} INFO - Processing file /home/airflow/.local/lib/python3.12/site-packages/airflow/example_dags/example_nested_branch_dag.py for tasks to queue
[2024-10-07T21:57:50.506+0000] {logging_mixin.py:190} INFO - [2024-10-07T21:57:50.506+0000] {dagbag.py:588} INFO - Filling up the DagBag from /home/airflow/.local/lib/python3.12/site-packages/airflow/example_dags/example_nested_branch_dag.py
[2024-10-07T21:57:50.512+0000] {processor.py:925} INFO - DAG(s) 'example_nested_branch_dag' retrieved from /home/airflow/.local/lib/python3.12/site-packages/airflow/example_dags/example_nested_branch_dag.py
[2024-10-07T21:57:50.523+0000] {logging_mixin.py:190} INFO - [2024-10-07T21:57:50.523+0000] {dag.py:3239} INFO - Sync 1 DAGs
[2024-10-07T21:57:50.536+0000] {logging_mixin.py:190} INFO - [2024-10-07T21:57:50.535+0000] {dag.py:4180} INFO - Setting next_dagrun for example_nested_branch_dag to 2024-10-06 00:00:00+00:00, run_after=2024-10-07 00:00:00+00:00
[2024-10-07T21:57:50.548+0000] {processor.py:208} INFO - Processing /home/airflow/.local/lib/python3.12/site-packages/airflow/example_dags/example_nested_branch_dag.py took 0.049 seconds
[2024-10-07T21:58:21.472+0000] {processor.py:186} INFO - Started process (PID=3729) to work on /home/airflow/.local/lib/python3.12/site-packages/airflow/example_dags/example_nested_branch_dag.py
[2024-10-07T21:58:21.473+0000] {processor.py:914} INFO - Processing file /home/airflow/.local/lib/python3.12/site-packages/airflow/example_dags/example_nested_branch_dag.py for tasks to queue
[2024-10-07T21:58:21.475+0000] {logging_mixin.py:190} INFO - [2024-10-07T21:58:21.474+0000] {dagbag.py:588} INFO - Filling up the DagBag from /home/airflow/.local/lib/python3.12/site-packages/airflow/example_dags/example_nested_branch_dag.py
[2024-10-07T21:58:21.480+0000] {processor.py:925} INFO - DAG(s) 'example_nested_branch_dag' retrieved from /home/airflow/.local/lib/python3.12/site-packages/airflow/example_dags/example_nested_branch_dag.py
[2024-10-07T21:58:21.493+0000] {logging_mixin.py:190} INFO - [2024-10-07T21:58:21.492+0000] {dag.py:3239} INFO - Sync 1 DAGs
[2024-10-07T21:58:21.507+0000] {logging_mixin.py:190} INFO - [2024-10-07T21:58:21.507+0000] {dag.py:4180} INFO - Setting next_dagrun for example_nested_branch_dag to 2024-10-06 00:00:00+00:00, run_after=2024-10-07 00:00:00+00:00
[2024-10-07T21:58:21.518+0000] {processor.py:208} INFO - Processing /home/airflow/.local/lib/python3.12/site-packages/airflow/example_dags/example_nested_branch_dag.py took 0.050 seconds
[2024-10-07T21:58:52.087+0000] {processor.py:186} INFO - Started process (PID=3791) to work on /home/airflow/.local/lib/python3.12/site-packages/airflow/example_dags/example_nested_branch_dag.py
[2024-10-07T21:58:52.088+0000] {processor.py:914} INFO - Processing file /home/airflow/.local/lib/python3.12/site-packages/airflow/example_dags/example_nested_branch_dag.py for tasks to queue
[2024-10-07T21:58:52.089+0000] {logging_mixin.py:190} INFO - [2024-10-07T21:58:52.089+0000] {dagbag.py:588} INFO - Filling up the DagBag from /home/airflow/.local/lib/python3.12/site-packages/airflow/example_dags/example_nested_branch_dag.py
[2024-10-07T21:58:52.095+0000] {processor.py:925} INFO - DAG(s) 'example_nested_branch_dag' retrieved from /home/airflow/.local/lib/python3.12/site-packages/airflow/example_dags/example_nested_branch_dag.py
[2024-10-07T21:58:52.111+0000] {logging_mixin.py:190} INFO - [2024-10-07T21:58:52.111+0000] {dag.py:3239} INFO - Sync 1 DAGs
[2024-10-07T21:58:52.124+0000] {logging_mixin.py:190} INFO - [2024-10-07T21:58:52.124+0000] {dag.py:4180} INFO - Setting next_dagrun for example_nested_branch_dag to 2024-10-06 00:00:00+00:00, run_after=2024-10-07 00:00:00+00:00
[2024-10-07T21:58:52.135+0000] {processor.py:208} INFO - Processing /home/airflow/.local/lib/python3.12/site-packages/airflow/example_dags/example_nested_branch_dag.py took 0.052 seconds
[2024-10-07T21:59:22.835+0000] {processor.py:186} INFO - Started process (PID=3853) to work on /home/airflow/.local/lib/python3.12/site-packages/airflow/example_dags/example_nested_branch_dag.py
[2024-10-07T21:59:22.836+0000] {processor.py:914} INFO - Processing file /home/airflow/.local/lib/python3.12/site-packages/airflow/example_dags/example_nested_branch_dag.py for tasks to queue
[2024-10-07T21:59:22.839+0000] {logging_mixin.py:190} INFO - [2024-10-07T21:59:22.839+0000] {dagbag.py:588} INFO - Filling up the DagBag from /home/airflow/.local/lib/python3.12/site-packages/airflow/example_dags/example_nested_branch_dag.py
[2024-10-07T21:59:22.845+0000] {processor.py:925} INFO - DAG(s) 'example_nested_branch_dag' retrieved from /home/airflow/.local/lib/python3.12/site-packages/airflow/example_dags/example_nested_branch_dag.py
[2024-10-07T21:59:22.859+0000] {logging_mixin.py:190} INFO - [2024-10-07T21:59:22.858+0000] {dag.py:3239} INFO - Sync 1 DAGs
[2024-10-07T21:59:22.870+0000] {logging_mixin.py:190} INFO - [2024-10-07T21:59:22.870+0000] {dag.py:4180} INFO - Setting next_dagrun for example_nested_branch_dag to 2024-10-06 00:00:00+00:00, run_after=2024-10-07 00:00:00+00:00
[2024-10-07T21:59:22.887+0000] {processor.py:208} INFO - Processing /home/airflow/.local/lib/python3.12/site-packages/airflow/example_dags/example_nested_branch_dag.py took 0.056 seconds
[2024-10-07T21:59:53.403+0000] {processor.py:186} INFO - Started process (PID=3915) to work on /home/airflow/.local/lib/python3.12/site-packages/airflow/example_dags/example_nested_branch_dag.py
[2024-10-07T21:59:53.404+0000] {processor.py:914} INFO - Processing file /home/airflow/.local/lib/python3.12/site-packages/airflow/example_dags/example_nested_branch_dag.py for tasks to queue
[2024-10-07T21:59:53.406+0000] {logging_mixin.py:190} INFO - [2024-10-07T21:59:53.406+0000] {dagbag.py:588} INFO - Filling up the DagBag from /home/airflow/.local/lib/python3.12/site-packages/airflow/example_dags/example_nested_branch_dag.py
[2024-10-07T21:59:53.414+0000] {processor.py:925} INFO - DAG(s) 'example_nested_branch_dag' retrieved from /home/airflow/.local/lib/python3.12/site-packages/airflow/example_dags/example_nested_branch_dag.py
[2024-10-07T21:59:53.427+0000] {logging_mixin.py:190} INFO - [2024-10-07T21:59:53.427+0000] {dag.py:3239} INFO - Sync 1 DAGs
[2024-10-07T21:59:53.441+0000] {logging_mixin.py:190} INFO - [2024-10-07T21:59:53.441+0000] {dag.py:4180} INFO - Setting next_dagrun for example_nested_branch_dag to 2024-10-06 00:00:00+00:00, run_after=2024-10-07 00:00:00+00:00
[2024-10-07T21:59:53.456+0000] {processor.py:208} INFO - Processing /home/airflow/.local/lib/python3.12/site-packages/airflow/example_dags/example_nested_branch_dag.py took 0.057 seconds
[2024-10-07T22:00:23.967+0000] {processor.py:186} INFO - Started process (PID=3977) to work on /home/airflow/.local/lib/python3.12/site-packages/airflow/example_dags/example_nested_branch_dag.py
[2024-10-07T22:00:23.969+0000] {processor.py:914} INFO - Processing file /home/airflow/.local/lib/python3.12/site-packages/airflow/example_dags/example_nested_branch_dag.py for tasks to queue
[2024-10-07T22:00:23.971+0000] {logging_mixin.py:190} INFO - [2024-10-07T22:00:23.970+0000] {dagbag.py:588} INFO - Filling up the DagBag from /home/airflow/.local/lib/python3.12/site-packages/airflow/example_dags/example_nested_branch_dag.py
[2024-10-07T22:00:23.981+0000] {processor.py:925} INFO - DAG(s) 'example_nested_branch_dag' retrieved from /home/airflow/.local/lib/python3.12/site-packages/airflow/example_dags/example_nested_branch_dag.py
[2024-10-07T22:00:23.994+0000] {logging_mixin.py:190} INFO - [2024-10-07T22:00:23.994+0000] {dag.py:3239} INFO - Sync 1 DAGs
[2024-10-07T22:00:24.007+0000] {logging_mixin.py:190} INFO - [2024-10-07T22:00:24.007+0000] {dag.py:4180} INFO - Setting next_dagrun for example_nested_branch_dag to 2024-10-06 00:00:00+00:00, run_after=2024-10-07 00:00:00+00:00
[2024-10-07T22:00:24.021+0000] {processor.py:208} INFO - Processing /home/airflow/.local/lib/python3.12/site-packages/airflow/example_dags/example_nested_branch_dag.py took 0.057 seconds
