[2024-10-07T21:28:08.421+0000] {processor.py:186} INFO - Started process (PID=50) to work on /home/airflow/.local/lib/python3.12/site-packages/airflow/example_dags/example_branch_operator.py
[2024-10-07T21:28:08.423+0000] {processor.py:914} INFO - Processing file /home/airflow/.local/lib/python3.12/site-packages/airflow/example_dags/example_branch_operator.py for tasks to queue
[2024-10-07T21:28:08.428+0000] {logging_mixin.py:190} INFO - [2024-10-07T21:28:08.428+0000] {dagbag.py:588} INFO - Filling up the DagBag from /home/airflow/.local/lib/python3.12/site-packages/airflow/example_dags/example_branch_operator.py
[2024-10-07T21:28:08.488+0000] {processor.py:925} INFO - DAG(s) 'example_branch_operator' retrieved from /home/airflow/.local/lib/python3.12/site-packages/airflow/example_dags/example_branch_operator.py
[2024-10-07T21:28:08.861+0000] {logging_mixin.py:190} INFO - [2024-10-07T21:28:08.860+0000] {override.py:1900} INFO - Created Permission View: can read on DAG:example_branch_operator
[2024-10-07T21:28:08.876+0000] {logging_mixin.py:190} INFO - [2024-10-07T21:28:08.875+0000] {override.py:1900} INFO - Created Permission View: can delete on DAG:example_branch_operator
[2024-10-07T21:28:08.884+0000] {logging_mixin.py:190} INFO - [2024-10-07T21:28:08.884+0000] {override.py:1900} INFO - Created Permission View: can edit on DAG:example_branch_operator
[2024-10-07T21:28:08.889+0000] {logging_mixin.py:190} INFO - [2024-10-07T21:28:08.888+0000] {override.py:1900} INFO - Created Permission View: can read on DAG Run:example_branch_operator
[2024-10-07T21:28:08.898+0000] {logging_mixin.py:190} INFO - [2024-10-07T21:28:08.898+0000] {override.py:1900} INFO - Created Permission View: can delete on DAG Run:example_branch_operator
[2024-10-07T21:28:08.903+0000] {logging_mixin.py:190} INFO - [2024-10-07T21:28:08.903+0000] {override.py:1900} INFO - Created Permission View: can create on DAG Run:example_branch_operator
[2024-10-07T21:28:08.907+0000] {logging_mixin.py:190} INFO - [2024-10-07T21:28:08.906+0000] {override.py:1900} INFO - Created Permission View: menu access on DAG Run:example_branch_operator
[2024-10-07T21:28:08.907+0000] {logging_mixin.py:190} INFO - [2024-10-07T21:28:08.907+0000] {dag.py:3239} INFO - Sync 1 DAGs
[2024-10-07T21:28:08.923+0000] {logging_mixin.py:190} INFO - [2024-10-07T21:28:08.922+0000] {dag.py:3262} INFO - Creating ORM DAG for example_branch_operator
[2024-10-07T21:28:08.933+0000] {logging_mixin.py:190} INFO - [2024-10-07T21:28:08.932+0000] {dag.py:4180} INFO - Setting next_dagrun for example_branch_operator to 2024-10-06 00:00:00+00:00, run_after=2024-10-07 00:00:00+00:00
[2024-10-07T21:28:08.951+0000] {processor.py:208} INFO - Processing /home/airflow/.local/lib/python3.12/site-packages/airflow/example_dags/example_branch_operator.py took 0.538 seconds
[2024-10-07T21:28:39.871+0000] {processor.py:186} INFO - Started process (PID=110) to work on /home/airflow/.local/lib/python3.12/site-packages/airflow/example_dags/example_branch_operator.py
[2024-10-07T21:28:39.873+0000] {processor.py:914} INFO - Processing file /home/airflow/.local/lib/python3.12/site-packages/airflow/example_dags/example_branch_operator.py for tasks to queue
[2024-10-07T21:28:39.877+0000] {logging_mixin.py:190} INFO - [2024-10-07T21:28:39.876+0000] {dagbag.py:588} INFO - Filling up the DagBag from /home/airflow/.local/lib/python3.12/site-packages/airflow/example_dags/example_branch_operator.py
[2024-10-07T21:28:39.902+0000] {processor.py:925} INFO - DAG(s) 'example_branch_operator' retrieved from /home/airflow/.local/lib/python3.12/site-packages/airflow/example_dags/example_branch_operator.py
[2024-10-07T21:28:39.920+0000] {logging_mixin.py:190} INFO - [2024-10-07T21:28:39.920+0000] {dag.py:3239} INFO - Sync 1 DAGs
[2024-10-07T21:28:39.934+0000] {logging_mixin.py:190} INFO - [2024-10-07T21:28:39.934+0000] {dag.py:4180} INFO - Setting next_dagrun for example_branch_operator to 2024-10-06 00:00:00+00:00, run_after=2024-10-07 00:00:00+00:00
[2024-10-07T21:28:39.944+0000] {processor.py:208} INFO - Processing /home/airflow/.local/lib/python3.12/site-packages/airflow/example_dags/example_branch_operator.py took 0.081 seconds
[2024-10-07T21:29:10.932+0000] {processor.py:186} INFO - Started process (PID=178) to work on /home/airflow/.local/lib/python3.12/site-packages/airflow/example_dags/example_branch_operator.py
[2024-10-07T21:29:10.935+0000] {processor.py:914} INFO - Processing file /home/airflow/.local/lib/python3.12/site-packages/airflow/example_dags/example_branch_operator.py for tasks to queue
[2024-10-07T21:29:10.940+0000] {logging_mixin.py:190} INFO - [2024-10-07T21:29:10.939+0000] {dagbag.py:588} INFO - Filling up the DagBag from /home/airflow/.local/lib/python3.12/site-packages/airflow/example_dags/example_branch_operator.py
[2024-10-07T21:29:10.957+0000] {processor.py:925} INFO - DAG(s) 'example_branch_operator' retrieved from /home/airflow/.local/lib/python3.12/site-packages/airflow/example_dags/example_branch_operator.py
[2024-10-07T21:29:10.972+0000] {logging_mixin.py:190} INFO - [2024-10-07T21:29:10.972+0000] {dag.py:3239} INFO - Sync 1 DAGs
[2024-10-07T21:29:10.987+0000] {logging_mixin.py:190} INFO - [2024-10-07T21:29:10.986+0000] {dag.py:4180} INFO - Setting next_dagrun for example_branch_operator to 2024-10-06 00:00:00+00:00, run_after=2024-10-07 00:00:00+00:00
[2024-10-07T21:29:10.998+0000] {processor.py:208} INFO - Processing /home/airflow/.local/lib/python3.12/site-packages/airflow/example_dags/example_branch_operator.py took 0.075 seconds
[2024-10-07T21:29:41.275+0000] {processor.py:186} INFO - Started process (PID=240) to work on /home/airflow/.local/lib/python3.12/site-packages/airflow/example_dags/example_branch_operator.py
[2024-10-07T21:29:41.276+0000] {processor.py:914} INFO - Processing file /home/airflow/.local/lib/python3.12/site-packages/airflow/example_dags/example_branch_operator.py for tasks to queue
[2024-10-07T21:29:41.280+0000] {logging_mixin.py:190} INFO - [2024-10-07T21:29:41.279+0000] {dagbag.py:588} INFO - Filling up the DagBag from /home/airflow/.local/lib/python3.12/site-packages/airflow/example_dags/example_branch_operator.py
[2024-10-07T21:29:41.302+0000] {processor.py:925} INFO - DAG(s) 'example_branch_operator' retrieved from /home/airflow/.local/lib/python3.12/site-packages/airflow/example_dags/example_branch_operator.py
[2024-10-07T21:29:41.345+0000] {logging_mixin.py:190} INFO - [2024-10-07T21:29:41.344+0000] {dag.py:3239} INFO - Sync 1 DAGs
[2024-10-07T21:29:41.371+0000] {logging_mixin.py:190} INFO - [2024-10-07T21:29:41.371+0000] {dag.py:4180} INFO - Setting next_dagrun for example_branch_operator to 2024-10-06 00:00:00+00:00, run_after=2024-10-07 00:00:00+00:00
[2024-10-07T21:29:41.399+0000] {processor.py:208} INFO - Processing /home/airflow/.local/lib/python3.12/site-packages/airflow/example_dags/example_branch_operator.py took 0.135 seconds
[2024-10-07T21:30:11.751+0000] {processor.py:186} INFO - Started process (PID=302) to work on /home/airflow/.local/lib/python3.12/site-packages/airflow/example_dags/example_branch_operator.py
[2024-10-07T21:30:11.754+0000] {processor.py:914} INFO - Processing file /home/airflow/.local/lib/python3.12/site-packages/airflow/example_dags/example_branch_operator.py for tasks to queue
[2024-10-07T21:30:11.759+0000] {logging_mixin.py:190} INFO - [2024-10-07T21:30:11.758+0000] {dagbag.py:588} INFO - Filling up the DagBag from /home/airflow/.local/lib/python3.12/site-packages/airflow/example_dags/example_branch_operator.py
[2024-10-07T21:30:11.781+0000] {processor.py:925} INFO - DAG(s) 'example_branch_operator' retrieved from /home/airflow/.local/lib/python3.12/site-packages/airflow/example_dags/example_branch_operator.py
[2024-10-07T21:30:11.805+0000] {logging_mixin.py:190} INFO - [2024-10-07T21:30:11.805+0000] {dag.py:3239} INFO - Sync 1 DAGs
[2024-10-07T21:30:11.824+0000] {logging_mixin.py:190} INFO - [2024-10-07T21:30:11.824+0000] {dag.py:4180} INFO - Setting next_dagrun for example_branch_operator to 2024-10-06 00:00:00+00:00, run_after=2024-10-07 00:00:00+00:00
[2024-10-07T21:30:11.838+0000] {processor.py:208} INFO - Processing /home/airflow/.local/lib/python3.12/site-packages/airflow/example_dags/example_branch_operator.py took 0.099 seconds
[2024-10-07T21:30:42.098+0000] {processor.py:186} INFO - Started process (PID=364) to work on /home/airflow/.local/lib/python3.12/site-packages/airflow/example_dags/example_branch_operator.py
[2024-10-07T21:30:42.104+0000] {processor.py:914} INFO - Processing file /home/airflow/.local/lib/python3.12/site-packages/airflow/example_dags/example_branch_operator.py for tasks to queue
[2024-10-07T21:30:42.116+0000] {logging_mixin.py:190} INFO - [2024-10-07T21:30:42.115+0000] {dagbag.py:588} INFO - Filling up the DagBag from /home/airflow/.local/lib/python3.12/site-packages/airflow/example_dags/example_branch_operator.py
[2024-10-07T21:30:42.148+0000] {processor.py:925} INFO - DAG(s) 'example_branch_operator' retrieved from /home/airflow/.local/lib/python3.12/site-packages/airflow/example_dags/example_branch_operator.py
[2024-10-07T21:30:42.168+0000] {logging_mixin.py:190} INFO - [2024-10-07T21:30:42.167+0000] {dag.py:3239} INFO - Sync 1 DAGs
[2024-10-07T21:30:42.184+0000] {logging_mixin.py:190} INFO - [2024-10-07T21:30:42.184+0000] {dag.py:4180} INFO - Setting next_dagrun for example_branch_operator to 2024-10-06 00:00:00+00:00, run_after=2024-10-07 00:00:00+00:00
[2024-10-07T21:30:42.196+0000] {processor.py:208} INFO - Processing /home/airflow/.local/lib/python3.12/site-packages/airflow/example_dags/example_branch_operator.py took 0.111 seconds
[2024-10-07T21:31:12.425+0000] {processor.py:186} INFO - Started process (PID=426) to work on /home/airflow/.local/lib/python3.12/site-packages/airflow/example_dags/example_branch_operator.py
[2024-10-07T21:31:12.427+0000] {processor.py:914} INFO - Processing file /home/airflow/.local/lib/python3.12/site-packages/airflow/example_dags/example_branch_operator.py for tasks to queue
[2024-10-07T21:31:12.432+0000] {logging_mixin.py:190} INFO - [2024-10-07T21:31:12.431+0000] {dagbag.py:588} INFO - Filling up the DagBag from /home/airflow/.local/lib/python3.12/site-packages/airflow/example_dags/example_branch_operator.py
[2024-10-07T21:31:12.458+0000] {processor.py:925} INFO - DAG(s) 'example_branch_operator' retrieved from /home/airflow/.local/lib/python3.12/site-packages/airflow/example_dags/example_branch_operator.py
[2024-10-07T21:31:12.485+0000] {logging_mixin.py:190} INFO - [2024-10-07T21:31:12.484+0000] {dag.py:3239} INFO - Sync 1 DAGs
[2024-10-07T21:31:12.502+0000] {logging_mixin.py:190} INFO - [2024-10-07T21:31:12.502+0000] {dag.py:4180} INFO - Setting next_dagrun for example_branch_operator to 2024-10-06 00:00:00+00:00, run_after=2024-10-07 00:00:00+00:00
[2024-10-07T21:31:12.514+0000] {processor.py:208} INFO - Processing /home/airflow/.local/lib/python3.12/site-packages/airflow/example_dags/example_branch_operator.py took 0.101 seconds
[2024-10-07T21:31:43.027+0000] {processor.py:186} INFO - Started process (PID=488) to work on /home/airflow/.local/lib/python3.12/site-packages/airflow/example_dags/example_branch_operator.py
[2024-10-07T21:31:43.030+0000] {processor.py:914} INFO - Processing file /home/airflow/.local/lib/python3.12/site-packages/airflow/example_dags/example_branch_operator.py for tasks to queue
[2024-10-07T21:31:43.044+0000] {logging_mixin.py:190} INFO - [2024-10-07T21:31:43.042+0000] {dagbag.py:588} INFO - Filling up the DagBag from /home/airflow/.local/lib/python3.12/site-packages/airflow/example_dags/example_branch_operator.py
[2024-10-07T21:31:43.084+0000] {processor.py:925} INFO - DAG(s) 'example_branch_operator' retrieved from /home/airflow/.local/lib/python3.12/site-packages/airflow/example_dags/example_branch_operator.py
[2024-10-07T21:31:43.120+0000] {logging_mixin.py:190} INFO - [2024-10-07T21:31:43.120+0000] {dag.py:3239} INFO - Sync 1 DAGs
[2024-10-07T21:31:43.140+0000] {logging_mixin.py:190} INFO - [2024-10-07T21:31:43.140+0000] {dag.py:4180} INFO - Setting next_dagrun for example_branch_operator to 2024-10-06 00:00:00+00:00, run_after=2024-10-07 00:00:00+00:00
[2024-10-07T21:31:43.160+0000] {processor.py:208} INFO - Processing /home/airflow/.local/lib/python3.12/site-packages/airflow/example_dags/example_branch_operator.py took 0.160 seconds
[2024-10-07T21:32:13.750+0000] {processor.py:186} INFO - Started process (PID=550) to work on /home/airflow/.local/lib/python3.12/site-packages/airflow/example_dags/example_branch_operator.py
[2024-10-07T21:32:13.753+0000] {processor.py:914} INFO - Processing file /home/airflow/.local/lib/python3.12/site-packages/airflow/example_dags/example_branch_operator.py for tasks to queue
[2024-10-07T21:32:13.758+0000] {logging_mixin.py:190} INFO - [2024-10-07T21:32:13.757+0000] {dagbag.py:588} INFO - Filling up the DagBag from /home/airflow/.local/lib/python3.12/site-packages/airflow/example_dags/example_branch_operator.py
[2024-10-07T21:32:13.795+0000] {processor.py:925} INFO - DAG(s) 'example_branch_operator' retrieved from /home/airflow/.local/lib/python3.12/site-packages/airflow/example_dags/example_branch_operator.py
[2024-10-07T21:32:13.816+0000] {logging_mixin.py:190} INFO - [2024-10-07T21:32:13.816+0000] {dag.py:3239} INFO - Sync 1 DAGs
[2024-10-07T21:32:13.836+0000] {logging_mixin.py:190} INFO - [2024-10-07T21:32:13.836+0000] {dag.py:4180} INFO - Setting next_dagrun for example_branch_operator to 2024-10-06 00:00:00+00:00, run_after=2024-10-07 00:00:00+00:00
[2024-10-07T21:32:13.849+0000] {processor.py:208} INFO - Processing /home/airflow/.local/lib/python3.12/site-packages/airflow/example_dags/example_branch_operator.py took 0.113 seconds
[2024-10-07T21:32:44.537+0000] {processor.py:186} INFO - Started process (PID=612) to work on /home/airflow/.local/lib/python3.12/site-packages/airflow/example_dags/example_branch_operator.py
[2024-10-07T21:32:44.540+0000] {processor.py:914} INFO - Processing file /home/airflow/.local/lib/python3.12/site-packages/airflow/example_dags/example_branch_operator.py for tasks to queue
[2024-10-07T21:32:44.545+0000] {logging_mixin.py:190} INFO - [2024-10-07T21:32:44.544+0000] {dagbag.py:588} INFO - Filling up the DagBag from /home/airflow/.local/lib/python3.12/site-packages/airflow/example_dags/example_branch_operator.py
[2024-10-07T21:32:44.576+0000] {processor.py:925} INFO - DAG(s) 'example_branch_operator' retrieved from /home/airflow/.local/lib/python3.12/site-packages/airflow/example_dags/example_branch_operator.py
[2024-10-07T21:32:44.597+0000] {logging_mixin.py:190} INFO - [2024-10-07T21:32:44.597+0000] {dag.py:3239} INFO - Sync 1 DAGs
[2024-10-07T21:32:44.615+0000] {logging_mixin.py:190} INFO - [2024-10-07T21:32:44.615+0000] {dag.py:4180} INFO - Setting next_dagrun for example_branch_operator to 2024-10-06 00:00:00+00:00, run_after=2024-10-07 00:00:00+00:00
[2024-10-07T21:32:44.626+0000] {processor.py:208} INFO - Processing /home/airflow/.local/lib/python3.12/site-packages/airflow/example_dags/example_branch_operator.py took 0.101 seconds
[2024-10-07T21:33:14.987+0000] {processor.py:186} INFO - Started process (PID=674) to work on /home/airflow/.local/lib/python3.12/site-packages/airflow/example_dags/example_branch_operator.py
[2024-10-07T21:33:14.990+0000] {processor.py:914} INFO - Processing file /home/airflow/.local/lib/python3.12/site-packages/airflow/example_dags/example_branch_operator.py for tasks to queue
[2024-10-07T21:33:15.001+0000] {logging_mixin.py:190} INFO - [2024-10-07T21:33:15.000+0000] {dagbag.py:588} INFO - Filling up the DagBag from /home/airflow/.local/lib/python3.12/site-packages/airflow/example_dags/example_branch_operator.py
[2024-10-07T21:33:15.023+0000] {processor.py:925} INFO - DAG(s) 'example_branch_operator' retrieved from /home/airflow/.local/lib/python3.12/site-packages/airflow/example_dags/example_branch_operator.py
[2024-10-07T21:33:15.042+0000] {logging_mixin.py:190} INFO - [2024-10-07T21:33:15.042+0000] {dag.py:3239} INFO - Sync 1 DAGs
[2024-10-07T21:33:15.063+0000] {logging_mixin.py:190} INFO - [2024-10-07T21:33:15.063+0000] {dag.py:4180} INFO - Setting next_dagrun for example_branch_operator to 2024-10-06 00:00:00+00:00, run_after=2024-10-07 00:00:00+00:00
[2024-10-07T21:33:15.075+0000] {processor.py:208} INFO - Processing /home/airflow/.local/lib/python3.12/site-packages/airflow/example_dags/example_branch_operator.py took 0.112 seconds
[2024-10-07T21:33:45.348+0000] {processor.py:186} INFO - Started process (PID=736) to work on /home/airflow/.local/lib/python3.12/site-packages/airflow/example_dags/example_branch_operator.py
[2024-10-07T21:33:45.349+0000] {processor.py:914} INFO - Processing file /home/airflow/.local/lib/python3.12/site-packages/airflow/example_dags/example_branch_operator.py for tasks to queue
[2024-10-07T21:33:45.353+0000] {logging_mixin.py:190} INFO - [2024-10-07T21:33:45.353+0000] {dagbag.py:588} INFO - Filling up the DagBag from /home/airflow/.local/lib/python3.12/site-packages/airflow/example_dags/example_branch_operator.py
[2024-10-07T21:33:45.383+0000] {processor.py:925} INFO - DAG(s) 'example_branch_operator' retrieved from /home/airflow/.local/lib/python3.12/site-packages/airflow/example_dags/example_branch_operator.py
[2024-10-07T21:33:45.411+0000] {logging_mixin.py:190} INFO - [2024-10-07T21:33:45.411+0000] {dag.py:3239} INFO - Sync 1 DAGs
[2024-10-07T21:33:45.438+0000] {logging_mixin.py:190} INFO - [2024-10-07T21:33:45.438+0000] {dag.py:4180} INFO - Setting next_dagrun for example_branch_operator to 2024-10-06 00:00:00+00:00, run_after=2024-10-07 00:00:00+00:00
[2024-10-07T21:33:45.450+0000] {processor.py:208} INFO - Processing /home/airflow/.local/lib/python3.12/site-packages/airflow/example_dags/example_branch_operator.py took 0.113 seconds
[2024-10-07T21:34:15.890+0000] {processor.py:186} INFO - Started process (PID=798) to work on /home/airflow/.local/lib/python3.12/site-packages/airflow/example_dags/example_branch_operator.py
[2024-10-07T21:34:15.891+0000] {processor.py:914} INFO - Processing file /home/airflow/.local/lib/python3.12/site-packages/airflow/example_dags/example_branch_operator.py for tasks to queue
[2024-10-07T21:34:15.896+0000] {logging_mixin.py:190} INFO - [2024-10-07T21:34:15.896+0000] {dagbag.py:588} INFO - Filling up the DagBag from /home/airflow/.local/lib/python3.12/site-packages/airflow/example_dags/example_branch_operator.py
[2024-10-07T21:34:15.918+0000] {processor.py:925} INFO - DAG(s) 'example_branch_operator' retrieved from /home/airflow/.local/lib/python3.12/site-packages/airflow/example_dags/example_branch_operator.py
[2024-10-07T21:34:15.959+0000] {logging_mixin.py:190} INFO - [2024-10-07T21:34:15.959+0000] {dag.py:3239} INFO - Sync 1 DAGs
[2024-10-07T21:34:15.990+0000] {logging_mixin.py:190} INFO - [2024-10-07T21:34:15.990+0000] {dag.py:4180} INFO - Setting next_dagrun for example_branch_operator to 2024-10-06 00:00:00+00:00, run_after=2024-10-07 00:00:00+00:00
[2024-10-07T21:34:16.002+0000] {processor.py:208} INFO - Processing /home/airflow/.local/lib/python3.12/site-packages/airflow/example_dags/example_branch_operator.py took 0.124 seconds
[2024-10-07T21:34:46.360+0000] {processor.py:186} INFO - Started process (PID=860) to work on /home/airflow/.local/lib/python3.12/site-packages/airflow/example_dags/example_branch_operator.py
[2024-10-07T21:34:46.361+0000] {processor.py:914} INFO - Processing file /home/airflow/.local/lib/python3.12/site-packages/airflow/example_dags/example_branch_operator.py for tasks to queue
[2024-10-07T21:34:46.366+0000] {logging_mixin.py:190} INFO - [2024-10-07T21:34:46.366+0000] {dagbag.py:588} INFO - Filling up the DagBag from /home/airflow/.local/lib/python3.12/site-packages/airflow/example_dags/example_branch_operator.py
[2024-10-07T21:34:46.386+0000] {processor.py:925} INFO - DAG(s) 'example_branch_operator' retrieved from /home/airflow/.local/lib/python3.12/site-packages/airflow/example_dags/example_branch_operator.py
[2024-10-07T21:34:46.426+0000] {logging_mixin.py:190} INFO - [2024-10-07T21:34:46.425+0000] {dag.py:3239} INFO - Sync 1 DAGs
[2024-10-07T21:34:46.461+0000] {logging_mixin.py:190} INFO - [2024-10-07T21:34:46.460+0000] {dag.py:4180} INFO - Setting next_dagrun for example_branch_operator to 2024-10-06 00:00:00+00:00, run_after=2024-10-07 00:00:00+00:00
[2024-10-07T21:34:46.475+0000] {processor.py:208} INFO - Processing /home/airflow/.local/lib/python3.12/site-packages/airflow/example_dags/example_branch_operator.py took 0.137 seconds
[2024-10-07T21:35:16.843+0000] {processor.py:186} INFO - Started process (PID=922) to work on /home/airflow/.local/lib/python3.12/site-packages/airflow/example_dags/example_branch_operator.py
[2024-10-07T21:35:16.845+0000] {processor.py:914} INFO - Processing file /home/airflow/.local/lib/python3.12/site-packages/airflow/example_dags/example_branch_operator.py for tasks to queue
[2024-10-07T21:35:16.852+0000] {logging_mixin.py:190} INFO - [2024-10-07T21:35:16.851+0000] {dagbag.py:588} INFO - Filling up the DagBag from /home/airflow/.local/lib/python3.12/site-packages/airflow/example_dags/example_branch_operator.py
[2024-10-07T21:35:16.870+0000] {processor.py:925} INFO - DAG(s) 'example_branch_operator' retrieved from /home/airflow/.local/lib/python3.12/site-packages/airflow/example_dags/example_branch_operator.py
[2024-10-07T21:35:16.887+0000] {logging_mixin.py:190} INFO - [2024-10-07T21:35:16.887+0000] {dag.py:3239} INFO - Sync 1 DAGs
[2024-10-07T21:35:16.905+0000] {logging_mixin.py:190} INFO - [2024-10-07T21:35:16.905+0000] {dag.py:4180} INFO - Setting next_dagrun for example_branch_operator to 2024-10-06 00:00:00+00:00, run_after=2024-10-07 00:00:00+00:00
[2024-10-07T21:35:16.915+0000] {processor.py:208} INFO - Processing /home/airflow/.local/lib/python3.12/site-packages/airflow/example_dags/example_branch_operator.py took 0.081 seconds
[2024-10-07T21:35:47.100+0000] {processor.py:186} INFO - Started process (PID=984) to work on /home/airflow/.local/lib/python3.12/site-packages/airflow/example_dags/example_branch_operator.py
[2024-10-07T21:35:47.102+0000] {processor.py:914} INFO - Processing file /home/airflow/.local/lib/python3.12/site-packages/airflow/example_dags/example_branch_operator.py for tasks to queue
[2024-10-07T21:35:47.106+0000] {logging_mixin.py:190} INFO - [2024-10-07T21:35:47.106+0000] {dagbag.py:588} INFO - Filling up the DagBag from /home/airflow/.local/lib/python3.12/site-packages/airflow/example_dags/example_branch_operator.py
[2024-10-07T21:35:47.127+0000] {processor.py:925} INFO - DAG(s) 'example_branch_operator' retrieved from /home/airflow/.local/lib/python3.12/site-packages/airflow/example_dags/example_branch_operator.py
[2024-10-07T21:35:47.143+0000] {logging_mixin.py:190} INFO - [2024-10-07T21:35:47.143+0000] {dag.py:3239} INFO - Sync 1 DAGs
[2024-10-07T21:35:47.165+0000] {logging_mixin.py:190} INFO - [2024-10-07T21:35:47.165+0000] {dag.py:4180} INFO - Setting next_dagrun for example_branch_operator to 2024-10-06 00:00:00+00:00, run_after=2024-10-07 00:00:00+00:00
[2024-10-07T21:35:47.176+0000] {processor.py:208} INFO - Processing /home/airflow/.local/lib/python3.12/site-packages/airflow/example_dags/example_branch_operator.py took 0.087 seconds
[2024-10-07T21:36:17.343+0000] {processor.py:186} INFO - Started process (PID=1046) to work on /home/airflow/.local/lib/python3.12/site-packages/airflow/example_dags/example_branch_operator.py
[2024-10-07T21:36:17.345+0000] {processor.py:914} INFO - Processing file /home/airflow/.local/lib/python3.12/site-packages/airflow/example_dags/example_branch_operator.py for tasks to queue
[2024-10-07T21:36:17.350+0000] {logging_mixin.py:190} INFO - [2024-10-07T21:36:17.349+0000] {dagbag.py:588} INFO - Filling up the DagBag from /home/airflow/.local/lib/python3.12/site-packages/airflow/example_dags/example_branch_operator.py
[2024-10-07T21:36:17.376+0000] {processor.py:925} INFO - DAG(s) 'example_branch_operator' retrieved from /home/airflow/.local/lib/python3.12/site-packages/airflow/example_dags/example_branch_operator.py
[2024-10-07T21:36:17.408+0000] {logging_mixin.py:190} INFO - [2024-10-07T21:36:17.408+0000] {dag.py:3239} INFO - Sync 1 DAGs
[2024-10-07T21:36:17.428+0000] {logging_mixin.py:190} INFO - [2024-10-07T21:36:17.428+0000] {dag.py:4180} INFO - Setting next_dagrun for example_branch_operator to 2024-10-06 00:00:00+00:00, run_after=2024-10-07 00:00:00+00:00
[2024-10-07T21:36:17.440+0000] {processor.py:208} INFO - Processing /home/airflow/.local/lib/python3.12/site-packages/airflow/example_dags/example_branch_operator.py took 0.108 seconds
[2024-10-07T21:36:47.585+0000] {processor.py:186} INFO - Started process (PID=1108) to work on /home/airflow/.local/lib/python3.12/site-packages/airflow/example_dags/example_branch_operator.py
[2024-10-07T21:36:47.586+0000] {processor.py:914} INFO - Processing file /home/airflow/.local/lib/python3.12/site-packages/airflow/example_dags/example_branch_operator.py for tasks to queue
[2024-10-07T21:36:47.591+0000] {logging_mixin.py:190} INFO - [2024-10-07T21:36:47.590+0000] {dagbag.py:588} INFO - Filling up the DagBag from /home/airflow/.local/lib/python3.12/site-packages/airflow/example_dags/example_branch_operator.py
[2024-10-07T21:36:47.611+0000] {processor.py:925} INFO - DAG(s) 'example_branch_operator' retrieved from /home/airflow/.local/lib/python3.12/site-packages/airflow/example_dags/example_branch_operator.py
[2024-10-07T21:36:47.654+0000] {logging_mixin.py:190} INFO - [2024-10-07T21:36:47.654+0000] {dag.py:3239} INFO - Sync 1 DAGs
[2024-10-07T21:36:47.676+0000] {logging_mixin.py:190} INFO - [2024-10-07T21:36:47.676+0000] {dag.py:4180} INFO - Setting next_dagrun for example_branch_operator to 2024-10-06 00:00:00+00:00, run_after=2024-10-07 00:00:00+00:00
[2024-10-07T21:36:47.687+0000] {processor.py:208} INFO - Processing /home/airflow/.local/lib/python3.12/site-packages/airflow/example_dags/example_branch_operator.py took 0.113 seconds
[2024-10-07T21:37:17.924+0000] {processor.py:186} INFO - Started process (PID=1170) to work on /home/airflow/.local/lib/python3.12/site-packages/airflow/example_dags/example_branch_operator.py
[2024-10-07T21:37:17.926+0000] {processor.py:914} INFO - Processing file /home/airflow/.local/lib/python3.12/site-packages/airflow/example_dags/example_branch_operator.py for tasks to queue
[2024-10-07T21:37:17.930+0000] {logging_mixin.py:190} INFO - [2024-10-07T21:37:17.930+0000] {dagbag.py:588} INFO - Filling up the DagBag from /home/airflow/.local/lib/python3.12/site-packages/airflow/example_dags/example_branch_operator.py
[2024-10-07T21:37:17.947+0000] {processor.py:925} INFO - DAG(s) 'example_branch_operator' retrieved from /home/airflow/.local/lib/python3.12/site-packages/airflow/example_dags/example_branch_operator.py
[2024-10-07T21:37:17.966+0000] {logging_mixin.py:190} INFO - [2024-10-07T21:37:17.965+0000] {dag.py:3239} INFO - Sync 1 DAGs
[2024-10-07T21:37:17.983+0000] {logging_mixin.py:190} INFO - [2024-10-07T21:37:17.983+0000] {dag.py:4180} INFO - Setting next_dagrun for example_branch_operator to 2024-10-06 00:00:00+00:00, run_after=2024-10-07 00:00:00+00:00
[2024-10-07T21:37:17.996+0000] {processor.py:208} INFO - Processing /home/airflow/.local/lib/python3.12/site-packages/airflow/example_dags/example_branch_operator.py took 0.081 seconds
[2024-10-07T21:37:48.203+0000] {processor.py:186} INFO - Started process (PID=1232) to work on /home/airflow/.local/lib/python3.12/site-packages/airflow/example_dags/example_branch_operator.py
[2024-10-07T21:37:48.205+0000] {processor.py:914} INFO - Processing file /home/airflow/.local/lib/python3.12/site-packages/airflow/example_dags/example_branch_operator.py for tasks to queue
[2024-10-07T21:37:48.210+0000] {logging_mixin.py:190} INFO - [2024-10-07T21:37:48.209+0000] {dagbag.py:588} INFO - Filling up the DagBag from /home/airflow/.local/lib/python3.12/site-packages/airflow/example_dags/example_branch_operator.py
[2024-10-07T21:37:48.244+0000] {processor.py:925} INFO - DAG(s) 'example_branch_operator' retrieved from /home/airflow/.local/lib/python3.12/site-packages/airflow/example_dags/example_branch_operator.py
[2024-10-07T21:37:48.267+0000] {logging_mixin.py:190} INFO - [2024-10-07T21:37:48.266+0000] {dag.py:3239} INFO - Sync 1 DAGs
[2024-10-07T21:37:48.281+0000] {logging_mixin.py:190} INFO - [2024-10-07T21:37:48.281+0000] {dag.py:4180} INFO - Setting next_dagrun for example_branch_operator to 2024-10-06 00:00:00+00:00, run_after=2024-10-07 00:00:00+00:00
[2024-10-07T21:37:48.294+0000] {processor.py:208} INFO - Processing /home/airflow/.local/lib/python3.12/site-packages/airflow/example_dags/example_branch_operator.py took 0.101 seconds
[2024-10-07T21:38:18.704+0000] {processor.py:186} INFO - Started process (PID=1294) to work on /home/airflow/.local/lib/python3.12/site-packages/airflow/example_dags/example_branch_operator.py
[2024-10-07T21:38:18.707+0000] {processor.py:914} INFO - Processing file /home/airflow/.local/lib/python3.12/site-packages/airflow/example_dags/example_branch_operator.py for tasks to queue
[2024-10-07T21:38:18.713+0000] {logging_mixin.py:190} INFO - [2024-10-07T21:38:18.713+0000] {dagbag.py:588} INFO - Filling up the DagBag from /home/airflow/.local/lib/python3.12/site-packages/airflow/example_dags/example_branch_operator.py
[2024-10-07T21:38:18.747+0000] {processor.py:925} INFO - DAG(s) 'example_branch_operator' retrieved from /home/airflow/.local/lib/python3.12/site-packages/airflow/example_dags/example_branch_operator.py
[2024-10-07T21:38:18.764+0000] {logging_mixin.py:190} INFO - [2024-10-07T21:38:18.764+0000] {dag.py:3239} INFO - Sync 1 DAGs
[2024-10-07T21:38:18.792+0000] {logging_mixin.py:190} INFO - [2024-10-07T21:38:18.792+0000] {dag.py:4180} INFO - Setting next_dagrun for example_branch_operator to 2024-10-06 00:00:00+00:00, run_after=2024-10-07 00:00:00+00:00
[2024-10-07T21:38:18.805+0000] {processor.py:208} INFO - Processing /home/airflow/.local/lib/python3.12/site-packages/airflow/example_dags/example_branch_operator.py took 0.112 seconds
[2024-10-07T21:38:49.153+0000] {processor.py:186} INFO - Started process (PID=1356) to work on /home/airflow/.local/lib/python3.12/site-packages/airflow/example_dags/example_branch_operator.py
[2024-10-07T21:38:49.156+0000] {processor.py:914} INFO - Processing file /home/airflow/.local/lib/python3.12/site-packages/airflow/example_dags/example_branch_operator.py for tasks to queue
[2024-10-07T21:38:49.160+0000] {logging_mixin.py:190} INFO - [2024-10-07T21:38:49.160+0000] {dagbag.py:588} INFO - Filling up the DagBag from /home/airflow/.local/lib/python3.12/site-packages/airflow/example_dags/example_branch_operator.py
[2024-10-07T21:38:49.183+0000] {processor.py:925} INFO - DAG(s) 'example_branch_operator' retrieved from /home/airflow/.local/lib/python3.12/site-packages/airflow/example_dags/example_branch_operator.py
[2024-10-07T21:38:49.202+0000] {logging_mixin.py:190} INFO - [2024-10-07T21:38:49.202+0000] {dag.py:3239} INFO - Sync 1 DAGs
[2024-10-07T21:38:49.215+0000] {logging_mixin.py:190} INFO - [2024-10-07T21:38:49.215+0000] {dag.py:4180} INFO - Setting next_dagrun for example_branch_operator to 2024-10-06 00:00:00+00:00, run_after=2024-10-07 00:00:00+00:00
[2024-10-07T21:38:49.226+0000] {processor.py:208} INFO - Processing /home/airflow/.local/lib/python3.12/site-packages/airflow/example_dags/example_branch_operator.py took 0.081 seconds
[2024-10-07T21:39:19.614+0000] {processor.py:186} INFO - Started process (PID=1418) to work on /home/airflow/.local/lib/python3.12/site-packages/airflow/example_dags/example_branch_operator.py
[2024-10-07T21:39:19.617+0000] {processor.py:914} INFO - Processing file /home/airflow/.local/lib/python3.12/site-packages/airflow/example_dags/example_branch_operator.py for tasks to queue
[2024-10-07T21:39:19.622+0000] {logging_mixin.py:190} INFO - [2024-10-07T21:39:19.622+0000] {dagbag.py:588} INFO - Filling up the DagBag from /home/airflow/.local/lib/python3.12/site-packages/airflow/example_dags/example_branch_operator.py
[2024-10-07T21:39:19.645+0000] {processor.py:925} INFO - DAG(s) 'example_branch_operator' retrieved from /home/airflow/.local/lib/python3.12/site-packages/airflow/example_dags/example_branch_operator.py
[2024-10-07T21:39:19.663+0000] {logging_mixin.py:190} INFO - [2024-10-07T21:39:19.663+0000] {dag.py:3239} INFO - Sync 1 DAGs
[2024-10-07T21:39:19.679+0000] {logging_mixin.py:190} INFO - [2024-10-07T21:39:19.679+0000] {dag.py:4180} INFO - Setting next_dagrun for example_branch_operator to 2024-10-06 00:00:00+00:00, run_after=2024-10-07 00:00:00+00:00
[2024-10-07T21:39:19.694+0000] {processor.py:208} INFO - Processing /home/airflow/.local/lib/python3.12/site-packages/airflow/example_dags/example_branch_operator.py took 0.089 seconds
[2024-10-07T21:39:50.052+0000] {processor.py:186} INFO - Started process (PID=1480) to work on /home/airflow/.local/lib/python3.12/site-packages/airflow/example_dags/example_branch_operator.py
[2024-10-07T21:39:50.054+0000] {processor.py:914} INFO - Processing file /home/airflow/.local/lib/python3.12/site-packages/airflow/example_dags/example_branch_operator.py for tasks to queue
[2024-10-07T21:39:50.060+0000] {logging_mixin.py:190} INFO - [2024-10-07T21:39:50.060+0000] {dagbag.py:588} INFO - Filling up the DagBag from /home/airflow/.local/lib/python3.12/site-packages/airflow/example_dags/example_branch_operator.py
[2024-10-07T21:39:50.091+0000] {processor.py:925} INFO - DAG(s) 'example_branch_operator' retrieved from /home/airflow/.local/lib/python3.12/site-packages/airflow/example_dags/example_branch_operator.py
[2024-10-07T21:39:50.124+0000] {logging_mixin.py:190} INFO - [2024-10-07T21:39:50.124+0000] {dag.py:3239} INFO - Sync 1 DAGs
[2024-10-07T21:39:50.145+0000] {logging_mixin.py:190} INFO - [2024-10-07T21:39:50.145+0000] {dag.py:4180} INFO - Setting next_dagrun for example_branch_operator to 2024-10-06 00:00:00+00:00, run_after=2024-10-07 00:00:00+00:00
[2024-10-07T21:39:50.156+0000] {processor.py:208} INFO - Processing /home/airflow/.local/lib/python3.12/site-packages/airflow/example_dags/example_branch_operator.py took 0.115 seconds
[2024-10-07T21:40:20.994+0000] {processor.py:186} INFO - Started process (PID=1541) to work on /home/airflow/.local/lib/python3.12/site-packages/airflow/example_dags/example_branch_operator.py
[2024-10-07T21:40:20.996+0000] {processor.py:914} INFO - Processing file /home/airflow/.local/lib/python3.12/site-packages/airflow/example_dags/example_branch_operator.py for tasks to queue
[2024-10-07T21:40:20.999+0000] {logging_mixin.py:190} INFO - [2024-10-07T21:40:20.999+0000] {dagbag.py:588} INFO - Filling up the DagBag from /home/airflow/.local/lib/python3.12/site-packages/airflow/example_dags/example_branch_operator.py
[2024-10-07T21:40:21.036+0000] {processor.py:925} INFO - DAG(s) 'example_branch_operator' retrieved from /home/airflow/.local/lib/python3.12/site-packages/airflow/example_dags/example_branch_operator.py
[2024-10-07T21:40:21.060+0000] {logging_mixin.py:190} INFO - [2024-10-07T21:40:21.060+0000] {dag.py:3239} INFO - Sync 1 DAGs
[2024-10-07T21:40:21.082+0000] {logging_mixin.py:190} INFO - [2024-10-07T21:40:21.082+0000] {dag.py:4180} INFO - Setting next_dagrun for example_branch_operator to 2024-10-06 00:00:00+00:00, run_after=2024-10-07 00:00:00+00:00
[2024-10-07T21:40:21.099+0000] {processor.py:208} INFO - Processing /home/airflow/.local/lib/python3.12/site-packages/airflow/example_dags/example_branch_operator.py took 0.114 seconds
[2024-10-07T21:40:51.677+0000] {processor.py:186} INFO - Started process (PID=1603) to work on /home/airflow/.local/lib/python3.12/site-packages/airflow/example_dags/example_branch_operator.py
[2024-10-07T21:40:51.679+0000] {processor.py:914} INFO - Processing file /home/airflow/.local/lib/python3.12/site-packages/airflow/example_dags/example_branch_operator.py for tasks to queue
[2024-10-07T21:40:51.686+0000] {logging_mixin.py:190} INFO - [2024-10-07T21:40:51.686+0000] {dagbag.py:588} INFO - Filling up the DagBag from /home/airflow/.local/lib/python3.12/site-packages/airflow/example_dags/example_branch_operator.py
[2024-10-07T21:40:51.709+0000] {processor.py:925} INFO - DAG(s) 'example_branch_operator' retrieved from /home/airflow/.local/lib/python3.12/site-packages/airflow/example_dags/example_branch_operator.py
[2024-10-07T21:40:51.733+0000] {logging_mixin.py:190} INFO - [2024-10-07T21:40:51.733+0000] {dag.py:3239} INFO - Sync 1 DAGs
[2024-10-07T21:40:51.756+0000] {logging_mixin.py:190} INFO - [2024-10-07T21:40:51.756+0000] {dag.py:4180} INFO - Setting next_dagrun for example_branch_operator to 2024-10-06 00:00:00+00:00, run_after=2024-10-07 00:00:00+00:00
[2024-10-07T21:40:51.771+0000] {processor.py:208} INFO - Processing /home/airflow/.local/lib/python3.12/site-packages/airflow/example_dags/example_branch_operator.py took 0.102 seconds
[2024-10-07T21:41:21.914+0000] {processor.py:186} INFO - Started process (PID=1665) to work on /home/airflow/.local/lib/python3.12/site-packages/airflow/example_dags/example_branch_operator.py
[2024-10-07T21:41:21.916+0000] {processor.py:914} INFO - Processing file /home/airflow/.local/lib/python3.12/site-packages/airflow/example_dags/example_branch_operator.py for tasks to queue
[2024-10-07T21:41:21.921+0000] {logging_mixin.py:190} INFO - [2024-10-07T21:41:21.920+0000] {dagbag.py:588} INFO - Filling up the DagBag from /home/airflow/.local/lib/python3.12/site-packages/airflow/example_dags/example_branch_operator.py
[2024-10-07T21:41:21.962+0000] {processor.py:925} INFO - DAG(s) 'example_branch_operator' retrieved from /home/airflow/.local/lib/python3.12/site-packages/airflow/example_dags/example_branch_operator.py
[2024-10-07T21:41:21.983+0000] {logging_mixin.py:190} INFO - [2024-10-07T21:41:21.982+0000] {dag.py:3239} INFO - Sync 1 DAGs
[2024-10-07T21:41:22.002+0000] {logging_mixin.py:190} INFO - [2024-10-07T21:41:22.002+0000] {dag.py:4180} INFO - Setting next_dagrun for example_branch_operator to 2024-10-06 00:00:00+00:00, run_after=2024-10-07 00:00:00+00:00
[2024-10-07T21:41:22.027+0000] {processor.py:208} INFO - Processing /home/airflow/.local/lib/python3.12/site-packages/airflow/example_dags/example_branch_operator.py took 0.120 seconds
[2024-10-07T21:41:52.768+0000] {processor.py:186} INFO - Started process (PID=1727) to work on /home/airflow/.local/lib/python3.12/site-packages/airflow/example_dags/example_branch_operator.py
[2024-10-07T21:41:52.773+0000] {processor.py:914} INFO - Processing file /home/airflow/.local/lib/python3.12/site-packages/airflow/example_dags/example_branch_operator.py for tasks to queue
[2024-10-07T21:41:52.778+0000] {logging_mixin.py:190} INFO - [2024-10-07T21:41:52.777+0000] {dagbag.py:588} INFO - Filling up the DagBag from /home/airflow/.local/lib/python3.12/site-packages/airflow/example_dags/example_branch_operator.py
[2024-10-07T21:41:52.819+0000] {processor.py:925} INFO - DAG(s) 'example_branch_operator' retrieved from /home/airflow/.local/lib/python3.12/site-packages/airflow/example_dags/example_branch_operator.py
[2024-10-07T21:41:52.856+0000] {logging_mixin.py:190} INFO - [2024-10-07T21:41:52.855+0000] {dag.py:3239} INFO - Sync 1 DAGs
[2024-10-07T21:41:52.895+0000] {logging_mixin.py:190} INFO - [2024-10-07T21:41:52.895+0000] {dag.py:4180} INFO - Setting next_dagrun for example_branch_operator to 2024-10-06 00:00:00+00:00, run_after=2024-10-07 00:00:00+00:00
[2024-10-07T21:41:52.908+0000] {processor.py:208} INFO - Processing /home/airflow/.local/lib/python3.12/site-packages/airflow/example_dags/example_branch_operator.py took 0.161 seconds
[2024-10-07T21:42:23.623+0000] {processor.py:186} INFO - Started process (PID=1789) to work on /home/airflow/.local/lib/python3.12/site-packages/airflow/example_dags/example_branch_operator.py
[2024-10-07T21:42:23.625+0000] {processor.py:914} INFO - Processing file /home/airflow/.local/lib/python3.12/site-packages/airflow/example_dags/example_branch_operator.py for tasks to queue
[2024-10-07T21:42:23.631+0000] {logging_mixin.py:190} INFO - [2024-10-07T21:42:23.630+0000] {dagbag.py:588} INFO - Filling up the DagBag from /home/airflow/.local/lib/python3.12/site-packages/airflow/example_dags/example_branch_operator.py
[2024-10-07T21:42:23.657+0000] {processor.py:925} INFO - DAG(s) 'example_branch_operator' retrieved from /home/airflow/.local/lib/python3.12/site-packages/airflow/example_dags/example_branch_operator.py
[2024-10-07T21:42:23.682+0000] {logging_mixin.py:190} INFO - [2024-10-07T21:42:23.682+0000] {dag.py:3239} INFO - Sync 1 DAGs
[2024-10-07T21:42:23.702+0000] {logging_mixin.py:190} INFO - [2024-10-07T21:42:23.702+0000] {dag.py:4180} INFO - Setting next_dagrun for example_branch_operator to 2024-10-06 00:00:00+00:00, run_after=2024-10-07 00:00:00+00:00
[2024-10-07T21:42:23.720+0000] {processor.py:208} INFO - Processing /home/airflow/.local/lib/python3.12/site-packages/airflow/example_dags/example_branch_operator.py took 0.108 seconds
[2024-10-07T21:42:54.424+0000] {processor.py:186} INFO - Started process (PID=1851) to work on /home/airflow/.local/lib/python3.12/site-packages/airflow/example_dags/example_branch_operator.py
[2024-10-07T21:42:54.426+0000] {processor.py:914} INFO - Processing file /home/airflow/.local/lib/python3.12/site-packages/airflow/example_dags/example_branch_operator.py for tasks to queue
[2024-10-07T21:42:54.431+0000] {logging_mixin.py:190} INFO - [2024-10-07T21:42:54.431+0000] {dagbag.py:588} INFO - Filling up the DagBag from /home/airflow/.local/lib/python3.12/site-packages/airflow/example_dags/example_branch_operator.py
[2024-10-07T21:42:54.453+0000] {processor.py:925} INFO - DAG(s) 'example_branch_operator' retrieved from /home/airflow/.local/lib/python3.12/site-packages/airflow/example_dags/example_branch_operator.py
[2024-10-07T21:42:54.495+0000] {logging_mixin.py:190} INFO - [2024-10-07T21:42:54.495+0000] {dag.py:3239} INFO - Sync 1 DAGs
[2024-10-07T21:42:54.516+0000] {logging_mixin.py:190} INFO - [2024-10-07T21:42:54.516+0000] {dag.py:4180} INFO - Setting next_dagrun for example_branch_operator to 2024-10-06 00:00:00+00:00, run_after=2024-10-07 00:00:00+00:00
[2024-10-07T21:42:54.531+0000] {processor.py:208} INFO - Processing /home/airflow/.local/lib/python3.12/site-packages/airflow/example_dags/example_branch_operator.py took 0.116 seconds
[2024-10-07T21:43:24.725+0000] {processor.py:186} INFO - Started process (PID=1913) to work on /home/airflow/.local/lib/python3.12/site-packages/airflow/example_dags/example_branch_operator.py
[2024-10-07T21:43:24.727+0000] {processor.py:914} INFO - Processing file /home/airflow/.local/lib/python3.12/site-packages/airflow/example_dags/example_branch_operator.py for tasks to queue
[2024-10-07T21:43:24.732+0000] {logging_mixin.py:190} INFO - [2024-10-07T21:43:24.731+0000] {dagbag.py:588} INFO - Filling up the DagBag from /home/airflow/.local/lib/python3.12/site-packages/airflow/example_dags/example_branch_operator.py
[2024-10-07T21:43:24.753+0000] {processor.py:925} INFO - DAG(s) 'example_branch_operator' retrieved from /home/airflow/.local/lib/python3.12/site-packages/airflow/example_dags/example_branch_operator.py
[2024-10-07T21:43:24.776+0000] {logging_mixin.py:190} INFO - [2024-10-07T21:43:24.776+0000] {dag.py:3239} INFO - Sync 1 DAGs
[2024-10-07T21:43:24.792+0000] {logging_mixin.py:190} INFO - [2024-10-07T21:43:24.792+0000] {dag.py:4180} INFO - Setting next_dagrun for example_branch_operator to 2024-10-06 00:00:00+00:00, run_after=2024-10-07 00:00:00+00:00
[2024-10-07T21:43:24.803+0000] {processor.py:208} INFO - Processing /home/airflow/.local/lib/python3.12/site-packages/airflow/example_dags/example_branch_operator.py took 0.091 seconds
[2024-10-07T21:43:55.542+0000] {processor.py:186} INFO - Started process (PID=1975) to work on /home/airflow/.local/lib/python3.12/site-packages/airflow/example_dags/example_branch_operator.py
[2024-10-07T21:43:55.545+0000] {processor.py:914} INFO - Processing file /home/airflow/.local/lib/python3.12/site-packages/airflow/example_dags/example_branch_operator.py for tasks to queue
[2024-10-07T21:43:55.550+0000] {logging_mixin.py:190} INFO - [2024-10-07T21:43:55.549+0000] {dagbag.py:588} INFO - Filling up the DagBag from /home/airflow/.local/lib/python3.12/site-packages/airflow/example_dags/example_branch_operator.py
[2024-10-07T21:43:55.569+0000] {processor.py:925} INFO - DAG(s) 'example_branch_operator' retrieved from /home/airflow/.local/lib/python3.12/site-packages/airflow/example_dags/example_branch_operator.py
[2024-10-07T21:43:55.605+0000] {logging_mixin.py:190} INFO - [2024-10-07T21:43:55.604+0000] {dag.py:3239} INFO - Sync 1 DAGs
[2024-10-07T21:43:55.624+0000] {logging_mixin.py:190} INFO - [2024-10-07T21:43:55.623+0000] {dag.py:4180} INFO - Setting next_dagrun for example_branch_operator to 2024-10-06 00:00:00+00:00, run_after=2024-10-07 00:00:00+00:00
[2024-10-07T21:43:55.634+0000] {processor.py:208} INFO - Processing /home/airflow/.local/lib/python3.12/site-packages/airflow/example_dags/example_branch_operator.py took 0.103 seconds
[2024-10-07T21:44:25.811+0000] {processor.py:186} INFO - Started process (PID=2037) to work on /home/airflow/.local/lib/python3.12/site-packages/airflow/example_dags/example_branch_operator.py
[2024-10-07T21:44:25.816+0000] {processor.py:914} INFO - Processing file /home/airflow/.local/lib/python3.12/site-packages/airflow/example_dags/example_branch_operator.py for tasks to queue
[2024-10-07T21:44:25.823+0000] {logging_mixin.py:190} INFO - [2024-10-07T21:44:25.822+0000] {dagbag.py:588} INFO - Filling up the DagBag from /home/airflow/.local/lib/python3.12/site-packages/airflow/example_dags/example_branch_operator.py
[2024-10-07T21:44:25.843+0000] {processor.py:925} INFO - DAG(s) 'example_branch_operator' retrieved from /home/airflow/.local/lib/python3.12/site-packages/airflow/example_dags/example_branch_operator.py
[2024-10-07T21:44:25.861+0000] {logging_mixin.py:190} INFO - [2024-10-07T21:44:25.861+0000] {dag.py:3239} INFO - Sync 1 DAGs
[2024-10-07T21:44:25.880+0000] {logging_mixin.py:190} INFO - [2024-10-07T21:44:25.880+0000] {dag.py:4180} INFO - Setting next_dagrun for example_branch_operator to 2024-10-06 00:00:00+00:00, run_after=2024-10-07 00:00:00+00:00
[2024-10-07T21:44:25.908+0000] {processor.py:208} INFO - Processing /home/airflow/.local/lib/python3.12/site-packages/airflow/example_dags/example_branch_operator.py took 0.121 seconds
[2024-10-07T21:44:56.472+0000] {processor.py:186} INFO - Started process (PID=2099) to work on /home/airflow/.local/lib/python3.12/site-packages/airflow/example_dags/example_branch_operator.py
[2024-10-07T21:44:56.475+0000] {processor.py:914} INFO - Processing file /home/airflow/.local/lib/python3.12/site-packages/airflow/example_dags/example_branch_operator.py for tasks to queue
[2024-10-07T21:44:56.480+0000] {logging_mixin.py:190} INFO - [2024-10-07T21:44:56.480+0000] {dagbag.py:588} INFO - Filling up the DagBag from /home/airflow/.local/lib/python3.12/site-packages/airflow/example_dags/example_branch_operator.py
[2024-10-07T21:44:56.519+0000] {processor.py:925} INFO - DAG(s) 'example_branch_operator' retrieved from /home/airflow/.local/lib/python3.12/site-packages/airflow/example_dags/example_branch_operator.py
[2024-10-07T21:44:56.543+0000] {logging_mixin.py:190} INFO - [2024-10-07T21:44:56.543+0000] {dag.py:3239} INFO - Sync 1 DAGs
[2024-10-07T21:44:56.558+0000] {logging_mixin.py:190} INFO - [2024-10-07T21:44:56.558+0000] {dag.py:4180} INFO - Setting next_dagrun for example_branch_operator to 2024-10-06 00:00:00+00:00, run_after=2024-10-07 00:00:00+00:00
[2024-10-07T21:44:56.568+0000] {processor.py:208} INFO - Processing /home/airflow/.local/lib/python3.12/site-packages/airflow/example_dags/example_branch_operator.py took 0.107 seconds
[2024-10-07T21:45:26.708+0000] {processor.py:186} INFO - Started process (PID=2161) to work on /home/airflow/.local/lib/python3.12/site-packages/airflow/example_dags/example_branch_operator.py
[2024-10-07T21:45:26.711+0000] {processor.py:914} INFO - Processing file /home/airflow/.local/lib/python3.12/site-packages/airflow/example_dags/example_branch_operator.py for tasks to queue
[2024-10-07T21:45:26.717+0000] {logging_mixin.py:190} INFO - [2024-10-07T21:45:26.716+0000] {dagbag.py:588} INFO - Filling up the DagBag from /home/airflow/.local/lib/python3.12/site-packages/airflow/example_dags/example_branch_operator.py
[2024-10-07T21:45:26.739+0000] {processor.py:925} INFO - DAG(s) 'example_branch_operator' retrieved from /home/airflow/.local/lib/python3.12/site-packages/airflow/example_dags/example_branch_operator.py
[2024-10-07T21:45:26.760+0000] {logging_mixin.py:190} INFO - [2024-10-07T21:45:26.760+0000] {dag.py:3239} INFO - Sync 1 DAGs
[2024-10-07T21:45:26.794+0000] {logging_mixin.py:190} INFO - [2024-10-07T21:45:26.793+0000] {dag.py:4180} INFO - Setting next_dagrun for example_branch_operator to 2024-10-06 00:00:00+00:00, run_after=2024-10-07 00:00:00+00:00
[2024-10-07T21:45:26.806+0000] {processor.py:208} INFO - Processing /home/airflow/.local/lib/python3.12/site-packages/airflow/example_dags/example_branch_operator.py took 0.109 seconds
[2024-10-07T21:45:56.908+0000] {processor.py:186} INFO - Started process (PID=2223) to work on /home/airflow/.local/lib/python3.12/site-packages/airflow/example_dags/example_branch_operator.py
[2024-10-07T21:45:56.909+0000] {processor.py:914} INFO - Processing file /home/airflow/.local/lib/python3.12/site-packages/airflow/example_dags/example_branch_operator.py for tasks to queue
[2024-10-07T21:45:56.914+0000] {logging_mixin.py:190} INFO - [2024-10-07T21:45:56.914+0000] {dagbag.py:588} INFO - Filling up the DagBag from /home/airflow/.local/lib/python3.12/site-packages/airflow/example_dags/example_branch_operator.py
[2024-10-07T21:45:56.934+0000] {processor.py:925} INFO - DAG(s) 'example_branch_operator' retrieved from /home/airflow/.local/lib/python3.12/site-packages/airflow/example_dags/example_branch_operator.py
[2024-10-07T21:45:56.956+0000] {logging_mixin.py:190} INFO - [2024-10-07T21:45:56.956+0000] {dag.py:3239} INFO - Sync 1 DAGs
[2024-10-07T21:45:56.985+0000] {logging_mixin.py:190} INFO - [2024-10-07T21:45:56.985+0000] {dag.py:4180} INFO - Setting next_dagrun for example_branch_operator to 2024-10-06 00:00:00+00:00, run_after=2024-10-07 00:00:00+00:00
[2024-10-07T21:45:56.996+0000] {processor.py:208} INFO - Processing /home/airflow/.local/lib/python3.12/site-packages/airflow/example_dags/example_branch_operator.py took 0.101 seconds
[2024-10-07T21:46:27.661+0000] {processor.py:186} INFO - Started process (PID=2285) to work on /home/airflow/.local/lib/python3.12/site-packages/airflow/example_dags/example_branch_operator.py
[2024-10-07T21:46:27.663+0000] {processor.py:914} INFO - Processing file /home/airflow/.local/lib/python3.12/site-packages/airflow/example_dags/example_branch_operator.py for tasks to queue
[2024-10-07T21:46:27.668+0000] {logging_mixin.py:190} INFO - [2024-10-07T21:46:27.668+0000] {dagbag.py:588} INFO - Filling up the DagBag from /home/airflow/.local/lib/python3.12/site-packages/airflow/example_dags/example_branch_operator.py
[2024-10-07T21:46:27.689+0000] {processor.py:925} INFO - DAG(s) 'example_branch_operator' retrieved from /home/airflow/.local/lib/python3.12/site-packages/airflow/example_dags/example_branch_operator.py
[2024-10-07T21:46:27.707+0000] {logging_mixin.py:190} INFO - [2024-10-07T21:46:27.706+0000] {dag.py:3239} INFO - Sync 1 DAGs
[2024-10-07T21:46:27.736+0000] {logging_mixin.py:190} INFO - [2024-10-07T21:46:27.736+0000] {dag.py:4180} INFO - Setting next_dagrun for example_branch_operator to 2024-10-06 00:00:00+00:00, run_after=2024-10-07 00:00:00+00:00
[2024-10-07T21:46:27.748+0000] {processor.py:208} INFO - Processing /home/airflow/.local/lib/python3.12/site-packages/airflow/example_dags/example_branch_operator.py took 0.116 seconds
[2024-10-07T21:46:58.508+0000] {processor.py:186} INFO - Started process (PID=2347) to work on /home/airflow/.local/lib/python3.12/site-packages/airflow/example_dags/example_branch_operator.py
[2024-10-07T21:46:58.510+0000] {processor.py:914} INFO - Processing file /home/airflow/.local/lib/python3.12/site-packages/airflow/example_dags/example_branch_operator.py for tasks to queue
[2024-10-07T21:46:58.529+0000] {logging_mixin.py:190} INFO - [2024-10-07T21:46:58.527+0000] {dagbag.py:588} INFO - Filling up the DagBag from /home/airflow/.local/lib/python3.12/site-packages/airflow/example_dags/example_branch_operator.py
[2024-10-07T21:46:58.558+0000] {processor.py:925} INFO - DAG(s) 'example_branch_operator' retrieved from /home/airflow/.local/lib/python3.12/site-packages/airflow/example_dags/example_branch_operator.py
[2024-10-07T21:46:58.577+0000] {logging_mixin.py:190} INFO - [2024-10-07T21:46:58.576+0000] {dag.py:3239} INFO - Sync 1 DAGs
[2024-10-07T21:46:58.599+0000] {logging_mixin.py:190} INFO - [2024-10-07T21:46:58.599+0000] {dag.py:4180} INFO - Setting next_dagrun for example_branch_operator to 2024-10-06 00:00:00+00:00, run_after=2024-10-07 00:00:00+00:00
[2024-10-07T21:46:58.623+0000] {processor.py:208} INFO - Processing /home/airflow/.local/lib/python3.12/site-packages/airflow/example_dags/example_branch_operator.py took 0.130 seconds
[2024-10-07T21:47:28.909+0000] {processor.py:186} INFO - Started process (PID=2409) to work on /home/airflow/.local/lib/python3.12/site-packages/airflow/example_dags/example_branch_operator.py
[2024-10-07T21:47:28.914+0000] {processor.py:914} INFO - Processing file /home/airflow/.local/lib/python3.12/site-packages/airflow/example_dags/example_branch_operator.py for tasks to queue
[2024-10-07T21:47:28.921+0000] {logging_mixin.py:190} INFO - [2024-10-07T21:47:28.920+0000] {dagbag.py:588} INFO - Filling up the DagBag from /home/airflow/.local/lib/python3.12/site-packages/airflow/example_dags/example_branch_operator.py
[2024-10-07T21:47:28.957+0000] {processor.py:925} INFO - DAG(s) 'example_branch_operator' retrieved from /home/airflow/.local/lib/python3.12/site-packages/airflow/example_dags/example_branch_operator.py
[2024-10-07T21:47:28.978+0000] {logging_mixin.py:190} INFO - [2024-10-07T21:47:28.977+0000] {dag.py:3239} INFO - Sync 1 DAGs
[2024-10-07T21:47:28.999+0000] {logging_mixin.py:190} INFO - [2024-10-07T21:47:28.999+0000] {dag.py:4180} INFO - Setting next_dagrun for example_branch_operator to 2024-10-06 00:00:00+00:00, run_after=2024-10-07 00:00:00+00:00
[2024-10-07T21:47:29.014+0000] {processor.py:208} INFO - Processing /home/airflow/.local/lib/python3.12/site-packages/airflow/example_dags/example_branch_operator.py took 0.114 seconds
[2024-10-07T21:47:59.159+0000] {processor.py:186} INFO - Started process (PID=2471) to work on /home/airflow/.local/lib/python3.12/site-packages/airflow/example_dags/example_branch_operator.py
[2024-10-07T21:47:59.161+0000] {processor.py:914} INFO - Processing file /home/airflow/.local/lib/python3.12/site-packages/airflow/example_dags/example_branch_operator.py for tasks to queue
[2024-10-07T21:47:59.169+0000] {logging_mixin.py:190} INFO - [2024-10-07T21:47:59.168+0000] {dagbag.py:588} INFO - Filling up the DagBag from /home/airflow/.local/lib/python3.12/site-packages/airflow/example_dags/example_branch_operator.py
[2024-10-07T21:47:59.212+0000] {processor.py:925} INFO - DAG(s) 'example_branch_operator' retrieved from /home/airflow/.local/lib/python3.12/site-packages/airflow/example_dags/example_branch_operator.py
[2024-10-07T21:47:59.232+0000] {logging_mixin.py:190} INFO - [2024-10-07T21:47:59.232+0000] {dag.py:3239} INFO - Sync 1 DAGs
[2024-10-07T21:47:59.248+0000] {logging_mixin.py:190} INFO - [2024-10-07T21:47:59.248+0000] {dag.py:4180} INFO - Setting next_dagrun for example_branch_operator to 2024-10-06 00:00:00+00:00, run_after=2024-10-07 00:00:00+00:00
[2024-10-07T21:47:59.259+0000] {processor.py:208} INFO - Processing /home/airflow/.local/lib/python3.12/site-packages/airflow/example_dags/example_branch_operator.py took 0.114 seconds
[2024-10-07T21:48:29.365+0000] {processor.py:186} INFO - Started process (PID=2533) to work on /home/airflow/.local/lib/python3.12/site-packages/airflow/example_dags/example_branch_operator.py
[2024-10-07T21:48:29.370+0000] {processor.py:914} INFO - Processing file /home/airflow/.local/lib/python3.12/site-packages/airflow/example_dags/example_branch_operator.py for tasks to queue
[2024-10-07T21:48:29.381+0000] {logging_mixin.py:190} INFO - [2024-10-07T21:48:29.381+0000] {dagbag.py:588} INFO - Filling up the DagBag from /home/airflow/.local/lib/python3.12/site-packages/airflow/example_dags/example_branch_operator.py
[2024-10-07T21:48:29.404+0000] {processor.py:925} INFO - DAG(s) 'example_branch_operator' retrieved from /home/airflow/.local/lib/python3.12/site-packages/airflow/example_dags/example_branch_operator.py
[2024-10-07T21:48:29.423+0000] {logging_mixin.py:190} INFO - [2024-10-07T21:48:29.423+0000] {dag.py:3239} INFO - Sync 1 DAGs
[2024-10-07T21:48:29.454+0000] {logging_mixin.py:190} INFO - [2024-10-07T21:48:29.454+0000] {dag.py:4180} INFO - Setting next_dagrun for example_branch_operator to 2024-10-06 00:00:00+00:00, run_after=2024-10-07 00:00:00+00:00
[2024-10-07T21:48:29.466+0000] {processor.py:208} INFO - Processing /home/airflow/.local/lib/python3.12/site-packages/airflow/example_dags/example_branch_operator.py took 0.137 seconds
[2024-10-07T21:49:00.115+0000] {processor.py:186} INFO - Started process (PID=2595) to work on /home/airflow/.local/lib/python3.12/site-packages/airflow/example_dags/example_branch_operator.py
[2024-10-07T21:49:00.117+0000] {processor.py:914} INFO - Processing file /home/airflow/.local/lib/python3.12/site-packages/airflow/example_dags/example_branch_operator.py for tasks to queue
[2024-10-07T21:49:00.131+0000] {logging_mixin.py:190} INFO - [2024-10-07T21:49:00.131+0000] {dagbag.py:588} INFO - Filling up the DagBag from /home/airflow/.local/lib/python3.12/site-packages/airflow/example_dags/example_branch_operator.py
[2024-10-07T21:49:00.153+0000] {processor.py:925} INFO - DAG(s) 'example_branch_operator' retrieved from /home/airflow/.local/lib/python3.12/site-packages/airflow/example_dags/example_branch_operator.py
[2024-10-07T21:49:00.193+0000] {logging_mixin.py:190} INFO - [2024-10-07T21:49:00.193+0000] {dag.py:3239} INFO - Sync 1 DAGs
[2024-10-07T21:49:00.226+0000] {logging_mixin.py:190} INFO - [2024-10-07T21:49:00.225+0000] {dag.py:4180} INFO - Setting next_dagrun for example_branch_operator to 2024-10-06 00:00:00+00:00, run_after=2024-10-07 00:00:00+00:00
[2024-10-07T21:49:00.242+0000] {processor.py:208} INFO - Processing /home/airflow/.local/lib/python3.12/site-packages/airflow/example_dags/example_branch_operator.py took 0.140 seconds
[2024-10-07T21:49:30.886+0000] {processor.py:186} INFO - Started process (PID=2657) to work on /home/airflow/.local/lib/python3.12/site-packages/airflow/example_dags/example_branch_operator.py
[2024-10-07T21:49:30.892+0000] {processor.py:914} INFO - Processing file /home/airflow/.local/lib/python3.12/site-packages/airflow/example_dags/example_branch_operator.py for tasks to queue
[2024-10-07T21:49:30.896+0000] {logging_mixin.py:190} INFO - [2024-10-07T21:49:30.896+0000] {dagbag.py:588} INFO - Filling up the DagBag from /home/airflow/.local/lib/python3.12/site-packages/airflow/example_dags/example_branch_operator.py
[2024-10-07T21:49:30.918+0000] {processor.py:925} INFO - DAG(s) 'example_branch_operator' retrieved from /home/airflow/.local/lib/python3.12/site-packages/airflow/example_dags/example_branch_operator.py
[2024-10-07T21:49:30.943+0000] {logging_mixin.py:190} INFO - [2024-10-07T21:49:30.943+0000] {dag.py:3239} INFO - Sync 1 DAGs
[2024-10-07T21:49:30.967+0000] {logging_mixin.py:190} INFO - [2024-10-07T21:49:30.967+0000] {dag.py:4180} INFO - Setting next_dagrun for example_branch_operator to 2024-10-06 00:00:00+00:00, run_after=2024-10-07 00:00:00+00:00
[2024-10-07T21:49:30.979+0000] {processor.py:208} INFO - Processing /home/airflow/.local/lib/python3.12/site-packages/airflow/example_dags/example_branch_operator.py took 0.129 seconds
[2024-10-07T21:50:01.123+0000] {processor.py:186} INFO - Started process (PID=2719) to work on /home/airflow/.local/lib/python3.12/site-packages/airflow/example_dags/example_branch_operator.py
[2024-10-07T21:50:01.126+0000] {processor.py:914} INFO - Processing file /home/airflow/.local/lib/python3.12/site-packages/airflow/example_dags/example_branch_operator.py for tasks to queue
[2024-10-07T21:50:01.139+0000] {logging_mixin.py:190} INFO - [2024-10-07T21:50:01.134+0000] {dagbag.py:588} INFO - Filling up the DagBag from /home/airflow/.local/lib/python3.12/site-packages/airflow/example_dags/example_branch_operator.py
[2024-10-07T21:50:01.179+0000] {processor.py:925} INFO - DAG(s) 'example_branch_operator' retrieved from /home/airflow/.local/lib/python3.12/site-packages/airflow/example_dags/example_branch_operator.py
[2024-10-07T21:50:01.221+0000] {logging_mixin.py:190} INFO - [2024-10-07T21:50:01.221+0000] {dag.py:3239} INFO - Sync 1 DAGs
[2024-10-07T21:50:01.909+0000] {logging_mixin.py:190} INFO - [2024-10-07T21:50:01.908+0000] {dag.py:4180} INFO - Setting next_dagrun for example_branch_operator to 2024-10-06 00:00:00+00:00, run_after=2024-10-07 00:00:00+00:00
[2024-10-07T21:50:01.926+0000] {processor.py:208} INFO - Processing /home/airflow/.local/lib/python3.12/site-packages/airflow/example_dags/example_branch_operator.py took 0.826 seconds
[2024-10-07T21:50:32.107+0000] {processor.py:186} INFO - Started process (PID=2781) to work on /home/airflow/.local/lib/python3.12/site-packages/airflow/example_dags/example_branch_operator.py
[2024-10-07T21:50:32.111+0000] {processor.py:914} INFO - Processing file /home/airflow/.local/lib/python3.12/site-packages/airflow/example_dags/example_branch_operator.py for tasks to queue
[2024-10-07T21:50:32.114+0000] {logging_mixin.py:190} INFO - [2024-10-07T21:50:32.113+0000] {dagbag.py:588} INFO - Filling up the DagBag from /home/airflow/.local/lib/python3.12/site-packages/airflow/example_dags/example_branch_operator.py
[2024-10-07T21:50:32.149+0000] {processor.py:925} INFO - DAG(s) 'example_branch_operator' retrieved from /home/airflow/.local/lib/python3.12/site-packages/airflow/example_dags/example_branch_operator.py
[2024-10-07T21:50:32.168+0000] {logging_mixin.py:190} INFO - [2024-10-07T21:50:32.168+0000] {dag.py:3239} INFO - Sync 1 DAGs
[2024-10-07T21:50:32.351+0000] {logging_mixin.py:190} INFO - [2024-10-07T21:50:32.351+0000] {dag.py:4180} INFO - Setting next_dagrun for example_branch_operator to 2024-10-06 00:00:00+00:00, run_after=2024-10-07 00:00:00+00:00
[2024-10-07T21:50:32.359+0000] {processor.py:208} INFO - Processing /home/airflow/.local/lib/python3.12/site-packages/airflow/example_dags/example_branch_operator.py took 0.262 seconds
[2024-10-07T21:51:02.462+0000] {processor.py:186} INFO - Started process (PID=2843) to work on /home/airflow/.local/lib/python3.12/site-packages/airflow/example_dags/example_branch_operator.py
[2024-10-07T21:51:02.465+0000] {processor.py:914} INFO - Processing file /home/airflow/.local/lib/python3.12/site-packages/airflow/example_dags/example_branch_operator.py for tasks to queue
[2024-10-07T21:51:02.470+0000] {logging_mixin.py:190} INFO - [2024-10-07T21:51:02.469+0000] {dagbag.py:588} INFO - Filling up the DagBag from /home/airflow/.local/lib/python3.12/site-packages/airflow/example_dags/example_branch_operator.py
[2024-10-07T21:51:02.492+0000] {processor.py:925} INFO - DAG(s) 'example_branch_operator' retrieved from /home/airflow/.local/lib/python3.12/site-packages/airflow/example_dags/example_branch_operator.py
[2024-10-07T21:51:02.513+0000] {logging_mixin.py:190} INFO - [2024-10-07T21:51:02.513+0000] {dag.py:3239} INFO - Sync 1 DAGs
[2024-10-07T21:51:02.538+0000] {logging_mixin.py:190} INFO - [2024-10-07T21:51:02.538+0000] {dag.py:4180} INFO - Setting next_dagrun for example_branch_operator to 2024-10-06 00:00:00+00:00, run_after=2024-10-07 00:00:00+00:00
[2024-10-07T21:51:02.785+0000] {processor.py:208} INFO - Processing /home/airflow/.local/lib/python3.12/site-packages/airflow/example_dags/example_branch_operator.py took 0.336 seconds
[2024-10-07T21:51:33.742+0000] {processor.py:186} INFO - Started process (PID=2907) to work on /home/airflow/.local/lib/python3.12/site-packages/airflow/example_dags/example_branch_operator.py
[2024-10-07T21:51:33.744+0000] {processor.py:914} INFO - Processing file /home/airflow/.local/lib/python3.12/site-packages/airflow/example_dags/example_branch_operator.py for tasks to queue
[2024-10-07T21:51:33.746+0000] {logging_mixin.py:190} INFO - [2024-10-07T21:51:33.745+0000] {dagbag.py:588} INFO - Filling up the DagBag from /home/airflow/.local/lib/python3.12/site-packages/airflow/example_dags/example_branch_operator.py
[2024-10-07T21:51:33.763+0000] {processor.py:925} INFO - DAG(s) 'example_branch_operator' retrieved from /home/airflow/.local/lib/python3.12/site-packages/airflow/example_dags/example_branch_operator.py
[2024-10-07T21:51:33.781+0000] {logging_mixin.py:190} INFO - [2024-10-07T21:51:33.781+0000] {dag.py:3239} INFO - Sync 1 DAGs
[2024-10-07T21:51:33.794+0000] {logging_mixin.py:190} INFO - [2024-10-07T21:51:33.794+0000] {dag.py:4180} INFO - Setting next_dagrun for example_branch_operator to 2024-10-06 00:00:00+00:00, run_after=2024-10-07 00:00:00+00:00
[2024-10-07T21:51:33.805+0000] {processor.py:208} INFO - Processing /home/airflow/.local/lib/python3.12/site-packages/airflow/example_dags/example_branch_operator.py took 0.068 seconds
[2024-10-07T21:52:03.941+0000] {processor.py:186} INFO - Started process (PID=2969) to work on /home/airflow/.local/lib/python3.12/site-packages/airflow/example_dags/example_branch_operator.py
[2024-10-07T21:52:03.945+0000] {processor.py:914} INFO - Processing file /home/airflow/.local/lib/python3.12/site-packages/airflow/example_dags/example_branch_operator.py for tasks to queue
[2024-10-07T21:52:03.950+0000] {logging_mixin.py:190} INFO - [2024-10-07T21:52:03.949+0000] {dagbag.py:588} INFO - Filling up the DagBag from /home/airflow/.local/lib/python3.12/site-packages/airflow/example_dags/example_branch_operator.py
[2024-10-07T21:52:03.976+0000] {processor.py:925} INFO - DAG(s) 'example_branch_operator' retrieved from /home/airflow/.local/lib/python3.12/site-packages/airflow/example_dags/example_branch_operator.py
[2024-10-07T21:52:03.996+0000] {logging_mixin.py:190} INFO - [2024-10-07T21:52:03.996+0000] {dag.py:3239} INFO - Sync 1 DAGs
[2024-10-07T21:52:04.014+0000] {logging_mixin.py:190} INFO - [2024-10-07T21:52:04.014+0000] {dag.py:4180} INFO - Setting next_dagrun for example_branch_operator to 2024-10-06 00:00:00+00:00, run_after=2024-10-07 00:00:00+00:00
[2024-10-07T21:52:04.025+0000] {processor.py:208} INFO - Processing /home/airflow/.local/lib/python3.12/site-packages/airflow/example_dags/example_branch_operator.py took 0.095 seconds
[2024-10-07T21:52:34.311+0000] {processor.py:186} INFO - Started process (PID=3031) to work on /home/airflow/.local/lib/python3.12/site-packages/airflow/example_dags/example_branch_operator.py
[2024-10-07T21:52:34.312+0000] {processor.py:914} INFO - Processing file /home/airflow/.local/lib/python3.12/site-packages/airflow/example_dags/example_branch_operator.py for tasks to queue
[2024-10-07T21:52:34.314+0000] {logging_mixin.py:190} INFO - [2024-10-07T21:52:34.314+0000] {dagbag.py:588} INFO - Filling up the DagBag from /home/airflow/.local/lib/python3.12/site-packages/airflow/example_dags/example_branch_operator.py
[2024-10-07T21:52:34.333+0000] {processor.py:925} INFO - DAG(s) 'example_branch_operator' retrieved from /home/airflow/.local/lib/python3.12/site-packages/airflow/example_dags/example_branch_operator.py
[2024-10-07T21:52:34.377+0000] {logging_mixin.py:190} INFO - [2024-10-07T21:52:34.377+0000] {dag.py:3239} INFO - Sync 1 DAGs
[2024-10-07T21:52:34.394+0000] {logging_mixin.py:190} INFO - [2024-10-07T21:52:34.394+0000] {dag.py:4180} INFO - Setting next_dagrun for example_branch_operator to 2024-10-06 00:00:00+00:00, run_after=2024-10-07 00:00:00+00:00
[2024-10-07T21:52:34.413+0000] {processor.py:208} INFO - Processing /home/airflow/.local/lib/python3.12/site-packages/airflow/example_dags/example_branch_operator.py took 0.109 seconds
[2024-10-07T21:53:04.999+0000] {processor.py:186} INFO - Started process (PID=3093) to work on /home/airflow/.local/lib/python3.12/site-packages/airflow/example_dags/example_branch_operator.py
[2024-10-07T21:53:05.000+0000] {processor.py:914} INFO - Processing file /home/airflow/.local/lib/python3.12/site-packages/airflow/example_dags/example_branch_operator.py for tasks to queue
[2024-10-07T21:53:05.001+0000] {logging_mixin.py:190} INFO - [2024-10-07T21:53:05.001+0000] {dagbag.py:588} INFO - Filling up the DagBag from /home/airflow/.local/lib/python3.12/site-packages/airflow/example_dags/example_branch_operator.py
[2024-10-07T21:53:05.013+0000] {processor.py:925} INFO - DAG(s) 'example_branch_operator' retrieved from /home/airflow/.local/lib/python3.12/site-packages/airflow/example_dags/example_branch_operator.py
[2024-10-07T21:53:05.046+0000] {logging_mixin.py:190} INFO - [2024-10-07T21:53:05.046+0000] {dag.py:3239} INFO - Sync 1 DAGs
[2024-10-07T21:53:05.066+0000] {logging_mixin.py:190} INFO - [2024-10-07T21:53:05.066+0000] {dag.py:4180} INFO - Setting next_dagrun for example_branch_operator to 2024-10-06 00:00:00+00:00, run_after=2024-10-07 00:00:00+00:00
[2024-10-07T21:53:05.083+0000] {processor.py:208} INFO - Processing /home/airflow/.local/lib/python3.12/site-packages/airflow/example_dags/example_branch_operator.py took 0.089 seconds
[2024-10-07T21:53:35.592+0000] {processor.py:186} INFO - Started process (PID=3155) to work on /home/airflow/.local/lib/python3.12/site-packages/airflow/example_dags/example_branch_operator.py
[2024-10-07T21:53:35.598+0000] {processor.py:914} INFO - Processing file /home/airflow/.local/lib/python3.12/site-packages/airflow/example_dags/example_branch_operator.py for tasks to queue
[2024-10-07T21:53:35.603+0000] {logging_mixin.py:190} INFO - [2024-10-07T21:53:35.602+0000] {dagbag.py:588} INFO - Filling up the DagBag from /home/airflow/.local/lib/python3.12/site-packages/airflow/example_dags/example_branch_operator.py
[2024-10-07T21:53:35.620+0000] {processor.py:925} INFO - DAG(s) 'example_branch_operator' retrieved from /home/airflow/.local/lib/python3.12/site-packages/airflow/example_dags/example_branch_operator.py
[2024-10-07T21:53:35.641+0000] {logging_mixin.py:190} INFO - [2024-10-07T21:53:35.641+0000] {dag.py:3239} INFO - Sync 1 DAGs
[2024-10-07T21:53:35.659+0000] {logging_mixin.py:190} INFO - [2024-10-07T21:53:35.658+0000] {dag.py:4180} INFO - Setting next_dagrun for example_branch_operator to 2024-10-06 00:00:00+00:00, run_after=2024-10-07 00:00:00+00:00
[2024-10-07T21:53:35.670+0000] {processor.py:208} INFO - Processing /home/airflow/.local/lib/python3.12/site-packages/airflow/example_dags/example_branch_operator.py took 0.087 seconds
[2024-10-07T21:54:06.056+0000] {processor.py:186} INFO - Started process (PID=3217) to work on /home/airflow/.local/lib/python3.12/site-packages/airflow/example_dags/example_branch_operator.py
[2024-10-07T21:54:06.058+0000] {processor.py:914} INFO - Processing file /home/airflow/.local/lib/python3.12/site-packages/airflow/example_dags/example_branch_operator.py for tasks to queue
[2024-10-07T21:54:06.060+0000] {logging_mixin.py:190} INFO - [2024-10-07T21:54:06.060+0000] {dagbag.py:588} INFO - Filling up the DagBag from /home/airflow/.local/lib/python3.12/site-packages/airflow/example_dags/example_branch_operator.py
[2024-10-07T21:54:06.079+0000] {processor.py:925} INFO - DAG(s) 'example_branch_operator' retrieved from /home/airflow/.local/lib/python3.12/site-packages/airflow/example_dags/example_branch_operator.py
[2024-10-07T21:54:06.100+0000] {logging_mixin.py:190} INFO - [2024-10-07T21:54:06.099+0000] {dag.py:3239} INFO - Sync 1 DAGs
[2024-10-07T21:54:06.114+0000] {logging_mixin.py:190} INFO - [2024-10-07T21:54:06.114+0000] {dag.py:4180} INFO - Setting next_dagrun for example_branch_operator to 2024-10-06 00:00:00+00:00, run_after=2024-10-07 00:00:00+00:00
[2024-10-07T21:54:06.136+0000] {processor.py:208} INFO - Processing /home/airflow/.local/lib/python3.12/site-packages/airflow/example_dags/example_branch_operator.py took 0.088 seconds
[2024-10-07T21:54:36.422+0000] {processor.py:186} INFO - Started process (PID=3279) to work on /home/airflow/.local/lib/python3.12/site-packages/airflow/example_dags/example_branch_operator.py
[2024-10-07T21:54:36.424+0000] {processor.py:914} INFO - Processing file /home/airflow/.local/lib/python3.12/site-packages/airflow/example_dags/example_branch_operator.py for tasks to queue
[2024-10-07T21:54:36.426+0000] {logging_mixin.py:190} INFO - [2024-10-07T21:54:36.426+0000] {dagbag.py:588} INFO - Filling up the DagBag from /home/airflow/.local/lib/python3.12/site-packages/airflow/example_dags/example_branch_operator.py
[2024-10-07T21:54:36.454+0000] {processor.py:925} INFO - DAG(s) 'example_branch_operator' retrieved from /home/airflow/.local/lib/python3.12/site-packages/airflow/example_dags/example_branch_operator.py
[2024-10-07T21:54:36.482+0000] {logging_mixin.py:190} INFO - [2024-10-07T21:54:36.481+0000] {dag.py:3239} INFO - Sync 1 DAGs
[2024-10-07T21:54:36.520+0000] {logging_mixin.py:190} INFO - [2024-10-07T21:54:36.520+0000] {dag.py:4180} INFO - Setting next_dagrun for example_branch_operator to 2024-10-06 00:00:00+00:00, run_after=2024-10-07 00:00:00+00:00
[2024-10-07T21:54:36.531+0000] {processor.py:208} INFO - Processing /home/airflow/.local/lib/python3.12/site-packages/airflow/example_dags/example_branch_operator.py took 0.117 seconds
[2024-10-07T21:55:06.812+0000] {processor.py:186} INFO - Started process (PID=3341) to work on /home/airflow/.local/lib/python3.12/site-packages/airflow/example_dags/example_branch_operator.py
[2024-10-07T21:55:06.814+0000] {processor.py:914} INFO - Processing file /home/airflow/.local/lib/python3.12/site-packages/airflow/example_dags/example_branch_operator.py for tasks to queue
[2024-10-07T21:55:06.816+0000] {logging_mixin.py:190} INFO - [2024-10-07T21:55:06.815+0000] {dagbag.py:588} INFO - Filling up the DagBag from /home/airflow/.local/lib/python3.12/site-packages/airflow/example_dags/example_branch_operator.py
[2024-10-07T21:55:06.832+0000] {processor.py:925} INFO - DAG(s) 'example_branch_operator' retrieved from /home/airflow/.local/lib/python3.12/site-packages/airflow/example_dags/example_branch_operator.py
[2024-10-07T21:55:06.852+0000] {logging_mixin.py:190} INFO - [2024-10-07T21:55:06.852+0000] {dag.py:3239} INFO - Sync 1 DAGs
[2024-10-07T21:55:06.873+0000] {logging_mixin.py:190} INFO - [2024-10-07T21:55:06.873+0000] {dag.py:4180} INFO - Setting next_dagrun for example_branch_operator to 2024-10-06 00:00:00+00:00, run_after=2024-10-07 00:00:00+00:00
[2024-10-07T21:55:06.888+0000] {processor.py:208} INFO - Processing /home/airflow/.local/lib/python3.12/site-packages/airflow/example_dags/example_branch_operator.py took 0.084 seconds
[2024-10-07T21:55:37.369+0000] {processor.py:186} INFO - Started process (PID=3403) to work on /home/airflow/.local/lib/python3.12/site-packages/airflow/example_dags/example_branch_operator.py
[2024-10-07T21:55:37.370+0000] {processor.py:914} INFO - Processing file /home/airflow/.local/lib/python3.12/site-packages/airflow/example_dags/example_branch_operator.py for tasks to queue
[2024-10-07T21:55:37.374+0000] {logging_mixin.py:190} INFO - [2024-10-07T21:55:37.374+0000] {dagbag.py:588} INFO - Filling up the DagBag from /home/airflow/.local/lib/python3.12/site-packages/airflow/example_dags/example_branch_operator.py
[2024-10-07T21:55:37.393+0000] {processor.py:925} INFO - DAG(s) 'example_branch_operator' retrieved from /home/airflow/.local/lib/python3.12/site-packages/airflow/example_dags/example_branch_operator.py
[2024-10-07T21:55:37.426+0000] {logging_mixin.py:190} INFO - [2024-10-07T21:55:37.426+0000] {dag.py:3239} INFO - Sync 1 DAGs
[2024-10-07T21:55:37.443+0000] {logging_mixin.py:190} INFO - [2024-10-07T21:55:37.443+0000] {dag.py:4180} INFO - Setting next_dagrun for example_branch_operator to 2024-10-06 00:00:00+00:00, run_after=2024-10-07 00:00:00+00:00
[2024-10-07T21:55:37.452+0000] {processor.py:208} INFO - Processing /home/airflow/.local/lib/python3.12/site-packages/airflow/example_dags/example_branch_operator.py took 0.090 seconds
[2024-10-07T21:56:07.810+0000] {processor.py:186} INFO - Started process (PID=3465) to work on /home/airflow/.local/lib/python3.12/site-packages/airflow/example_dags/example_branch_operator.py
[2024-10-07T21:56:07.811+0000] {processor.py:914} INFO - Processing file /home/airflow/.local/lib/python3.12/site-packages/airflow/example_dags/example_branch_operator.py for tasks to queue
[2024-10-07T21:56:07.815+0000] {logging_mixin.py:190} INFO - [2024-10-07T21:56:07.814+0000] {dagbag.py:588} INFO - Filling up the DagBag from /home/airflow/.local/lib/python3.12/site-packages/airflow/example_dags/example_branch_operator.py
[2024-10-07T21:56:07.837+0000] {processor.py:925} INFO - DAG(s) 'example_branch_operator' retrieved from /home/airflow/.local/lib/python3.12/site-packages/airflow/example_dags/example_branch_operator.py
[2024-10-07T21:56:07.859+0000] {logging_mixin.py:190} INFO - [2024-10-07T21:56:07.859+0000] {dag.py:3239} INFO - Sync 1 DAGs
[2024-10-07T21:56:07.879+0000] {logging_mixin.py:190} INFO - [2024-10-07T21:56:07.879+0000] {dag.py:4180} INFO - Setting next_dagrun for example_branch_operator to 2024-10-06 00:00:00+00:00, run_after=2024-10-07 00:00:00+00:00
[2024-10-07T21:56:07.897+0000] {processor.py:208} INFO - Processing /home/airflow/.local/lib/python3.12/site-packages/airflow/example_dags/example_branch_operator.py took 0.096 seconds
[2024-10-07T21:56:38.210+0000] {processor.py:186} INFO - Started process (PID=3527) to work on /home/airflow/.local/lib/python3.12/site-packages/airflow/example_dags/example_branch_operator.py
[2024-10-07T21:56:38.212+0000] {processor.py:914} INFO - Processing file /home/airflow/.local/lib/python3.12/site-packages/airflow/example_dags/example_branch_operator.py for tasks to queue
[2024-10-07T21:56:38.215+0000] {logging_mixin.py:190} INFO - [2024-10-07T21:56:38.214+0000] {dagbag.py:588} INFO - Filling up the DagBag from /home/airflow/.local/lib/python3.12/site-packages/airflow/example_dags/example_branch_operator.py
[2024-10-07T21:56:38.239+0000] {processor.py:925} INFO - DAG(s) 'example_branch_operator' retrieved from /home/airflow/.local/lib/python3.12/site-packages/airflow/example_dags/example_branch_operator.py
[2024-10-07T21:56:38.270+0000] {logging_mixin.py:190} INFO - [2024-10-07T21:56:38.270+0000] {dag.py:3239} INFO - Sync 1 DAGs
[2024-10-07T21:56:38.299+0000] {logging_mixin.py:190} INFO - [2024-10-07T21:56:38.299+0000] {dag.py:4180} INFO - Setting next_dagrun for example_branch_operator to 2024-10-06 00:00:00+00:00, run_after=2024-10-07 00:00:00+00:00
[2024-10-07T21:56:38.312+0000] {processor.py:208} INFO - Processing /home/airflow/.local/lib/python3.12/site-packages/airflow/example_dags/example_branch_operator.py took 0.112 seconds
[2024-10-07T21:57:08.597+0000] {processor.py:186} INFO - Started process (PID=3589) to work on /home/airflow/.local/lib/python3.12/site-packages/airflow/example_dags/example_branch_operator.py
[2024-10-07T21:57:08.599+0000] {processor.py:914} INFO - Processing file /home/airflow/.local/lib/python3.12/site-packages/airflow/example_dags/example_branch_operator.py for tasks to queue
[2024-10-07T21:57:08.601+0000] {logging_mixin.py:190} INFO - [2024-10-07T21:57:08.601+0000] {dagbag.py:588} INFO - Filling up the DagBag from /home/airflow/.local/lib/python3.12/site-packages/airflow/example_dags/example_branch_operator.py
[2024-10-07T21:57:08.621+0000] {processor.py:925} INFO - DAG(s) 'example_branch_operator' retrieved from /home/airflow/.local/lib/python3.12/site-packages/airflow/example_dags/example_branch_operator.py
[2024-10-07T21:57:08.648+0000] {logging_mixin.py:190} INFO - [2024-10-07T21:57:08.648+0000] {dag.py:3239} INFO - Sync 1 DAGs
[2024-10-07T21:57:08.666+0000] {logging_mixin.py:190} INFO - [2024-10-07T21:57:08.666+0000] {dag.py:4180} INFO - Setting next_dagrun for example_branch_operator to 2024-10-06 00:00:00+00:00, run_after=2024-10-07 00:00:00+00:00
[2024-10-07T21:57:08.681+0000] {processor.py:208} INFO - Processing /home/airflow/.local/lib/python3.12/site-packages/airflow/example_dags/example_branch_operator.py took 0.093 seconds
[2024-10-07T21:57:38.788+0000] {processor.py:186} INFO - Started process (PID=3651) to work on /home/airflow/.local/lib/python3.12/site-packages/airflow/example_dags/example_branch_operator.py
[2024-10-07T21:57:38.790+0000] {processor.py:914} INFO - Processing file /home/airflow/.local/lib/python3.12/site-packages/airflow/example_dags/example_branch_operator.py for tasks to queue
[2024-10-07T21:57:38.792+0000] {logging_mixin.py:190} INFO - [2024-10-07T21:57:38.792+0000] {dagbag.py:588} INFO - Filling up the DagBag from /home/airflow/.local/lib/python3.12/site-packages/airflow/example_dags/example_branch_operator.py
[2024-10-07T21:57:38.814+0000] {processor.py:925} INFO - DAG(s) 'example_branch_operator' retrieved from /home/airflow/.local/lib/python3.12/site-packages/airflow/example_dags/example_branch_operator.py
[2024-10-07T21:57:38.842+0000] {logging_mixin.py:190} INFO - [2024-10-07T21:57:38.841+0000] {dag.py:3239} INFO - Sync 1 DAGs
[2024-10-07T21:57:38.874+0000] {logging_mixin.py:190} INFO - [2024-10-07T21:57:38.874+0000] {dag.py:4180} INFO - Setting next_dagrun for example_branch_operator to 2024-10-06 00:00:00+00:00, run_after=2024-10-07 00:00:00+00:00
[2024-10-07T21:57:38.891+0000] {processor.py:208} INFO - Processing /home/airflow/.local/lib/python3.12/site-packages/airflow/example_dags/example_branch_operator.py took 0.111 seconds
[2024-10-07T21:58:09.706+0000] {processor.py:186} INFO - Started process (PID=3713) to work on /home/airflow/.local/lib/python3.12/site-packages/airflow/example_dags/example_branch_operator.py
[2024-10-07T21:58:09.707+0000] {processor.py:914} INFO - Processing file /home/airflow/.local/lib/python3.12/site-packages/airflow/example_dags/example_branch_operator.py for tasks to queue
[2024-10-07T21:58:09.713+0000] {logging_mixin.py:190} INFO - [2024-10-07T21:58:09.712+0000] {dagbag.py:588} INFO - Filling up the DagBag from /home/airflow/.local/lib/python3.12/site-packages/airflow/example_dags/example_branch_operator.py
[2024-10-07T21:58:09.749+0000] {processor.py:925} INFO - DAG(s) 'example_branch_operator' retrieved from /home/airflow/.local/lib/python3.12/site-packages/airflow/example_dags/example_branch_operator.py
[2024-10-07T21:58:09.781+0000] {logging_mixin.py:190} INFO - [2024-10-07T21:58:09.781+0000] {dag.py:3239} INFO - Sync 1 DAGs
[2024-10-07T21:58:09.800+0000] {logging_mixin.py:190} INFO - [2024-10-07T21:58:09.799+0000] {dag.py:4180} INFO - Setting next_dagrun for example_branch_operator to 2024-10-06 00:00:00+00:00, run_after=2024-10-07 00:00:00+00:00
[2024-10-07T21:58:09.814+0000] {processor.py:208} INFO - Processing /home/airflow/.local/lib/python3.12/site-packages/airflow/example_dags/example_branch_operator.py took 0.114 seconds
[2024-10-07T21:58:40.357+0000] {processor.py:186} INFO - Started process (PID=3775) to work on /home/airflow/.local/lib/python3.12/site-packages/airflow/example_dags/example_branch_operator.py
[2024-10-07T21:58:40.358+0000] {processor.py:914} INFO - Processing file /home/airflow/.local/lib/python3.12/site-packages/airflow/example_dags/example_branch_operator.py for tasks to queue
[2024-10-07T21:58:40.361+0000] {logging_mixin.py:190} INFO - [2024-10-07T21:58:40.360+0000] {dagbag.py:588} INFO - Filling up the DagBag from /home/airflow/.local/lib/python3.12/site-packages/airflow/example_dags/example_branch_operator.py
[2024-10-07T21:58:40.383+0000] {processor.py:925} INFO - DAG(s) 'example_branch_operator' retrieved from /home/airflow/.local/lib/python3.12/site-packages/airflow/example_dags/example_branch_operator.py
[2024-10-07T21:58:40.403+0000] {logging_mixin.py:190} INFO - [2024-10-07T21:58:40.403+0000] {dag.py:3239} INFO - Sync 1 DAGs
[2024-10-07T21:58:40.419+0000] {logging_mixin.py:190} INFO - [2024-10-07T21:58:40.419+0000] {dag.py:4180} INFO - Setting next_dagrun for example_branch_operator to 2024-10-06 00:00:00+00:00, run_after=2024-10-07 00:00:00+00:00
[2024-10-07T21:58:40.432+0000] {processor.py:208} INFO - Processing /home/airflow/.local/lib/python3.12/site-packages/airflow/example_dags/example_branch_operator.py took 0.084 seconds
[2024-10-07T21:59:10.992+0000] {processor.py:186} INFO - Started process (PID=3837) to work on /home/airflow/.local/lib/python3.12/site-packages/airflow/example_dags/example_branch_operator.py
[2024-10-07T21:59:10.994+0000] {processor.py:914} INFO - Processing file /home/airflow/.local/lib/python3.12/site-packages/airflow/example_dags/example_branch_operator.py for tasks to queue
[2024-10-07T21:59:10.996+0000] {logging_mixin.py:190} INFO - [2024-10-07T21:59:10.996+0000] {dagbag.py:588} INFO - Filling up the DagBag from /home/airflow/.local/lib/python3.12/site-packages/airflow/example_dags/example_branch_operator.py
[2024-10-07T21:59:11.015+0000] {processor.py:925} INFO - DAG(s) 'example_branch_operator' retrieved from /home/airflow/.local/lib/python3.12/site-packages/airflow/example_dags/example_branch_operator.py
[2024-10-07T21:59:11.039+0000] {logging_mixin.py:190} INFO - [2024-10-07T21:59:11.039+0000] {dag.py:3239} INFO - Sync 1 DAGs
[2024-10-07T21:59:11.054+0000] {logging_mixin.py:190} INFO - [2024-10-07T21:59:11.054+0000] {dag.py:4180} INFO - Setting next_dagrun for example_branch_operator to 2024-10-06 00:00:00+00:00, run_after=2024-10-07 00:00:00+00:00
[2024-10-07T21:59:11.071+0000] {processor.py:208} INFO - Processing /home/airflow/.local/lib/python3.12/site-packages/airflow/example_dags/example_branch_operator.py took 0.085 seconds
[2024-10-07T21:59:41.698+0000] {processor.py:186} INFO - Started process (PID=3899) to work on /home/airflow/.local/lib/python3.12/site-packages/airflow/example_dags/example_branch_operator.py
[2024-10-07T21:59:41.699+0000] {processor.py:914} INFO - Processing file /home/airflow/.local/lib/python3.12/site-packages/airflow/example_dags/example_branch_operator.py for tasks to queue
[2024-10-07T21:59:41.701+0000] {logging_mixin.py:190} INFO - [2024-10-07T21:59:41.701+0000] {dagbag.py:588} INFO - Filling up the DagBag from /home/airflow/.local/lib/python3.12/site-packages/airflow/example_dags/example_branch_operator.py
[2024-10-07T21:59:41.729+0000] {processor.py:925} INFO - DAG(s) 'example_branch_operator' retrieved from /home/airflow/.local/lib/python3.12/site-packages/airflow/example_dags/example_branch_operator.py
[2024-10-07T21:59:41.762+0000] {logging_mixin.py:190} INFO - [2024-10-07T21:59:41.762+0000] {dag.py:3239} INFO - Sync 1 DAGs
[2024-10-07T21:59:41.782+0000] {logging_mixin.py:190} INFO - [2024-10-07T21:59:41.782+0000] {dag.py:4180} INFO - Setting next_dagrun for example_branch_operator to 2024-10-06 00:00:00+00:00, run_after=2024-10-07 00:00:00+00:00
[2024-10-07T21:59:41.795+0000] {processor.py:208} INFO - Processing /home/airflow/.local/lib/python3.12/site-packages/airflow/example_dags/example_branch_operator.py took 0.105 seconds
[2024-10-07T22:00:12.229+0000] {processor.py:186} INFO - Started process (PID=3961) to work on /home/airflow/.local/lib/python3.12/site-packages/airflow/example_dags/example_branch_operator.py
[2024-10-07T22:00:12.231+0000] {processor.py:914} INFO - Processing file /home/airflow/.local/lib/python3.12/site-packages/airflow/example_dags/example_branch_operator.py for tasks to queue
[2024-10-07T22:00:12.234+0000] {logging_mixin.py:190} INFO - [2024-10-07T22:00:12.234+0000] {dagbag.py:588} INFO - Filling up the DagBag from /home/airflow/.local/lib/python3.12/site-packages/airflow/example_dags/example_branch_operator.py
[2024-10-07T22:00:12.257+0000] {processor.py:925} INFO - DAG(s) 'example_branch_operator' retrieved from /home/airflow/.local/lib/python3.12/site-packages/airflow/example_dags/example_branch_operator.py
[2024-10-07T22:00:12.286+0000] {logging_mixin.py:190} INFO - [2024-10-07T22:00:12.285+0000] {dag.py:3239} INFO - Sync 1 DAGs
[2024-10-07T22:00:12.307+0000] {logging_mixin.py:190} INFO - [2024-10-07T22:00:12.307+0000] {dag.py:4180} INFO - Setting next_dagrun for example_branch_operator to 2024-10-06 00:00:00+00:00, run_after=2024-10-07 00:00:00+00:00
[2024-10-07T22:00:12.319+0000] {processor.py:208} INFO - Processing /home/airflow/.local/lib/python3.12/site-packages/airflow/example_dags/example_branch_operator.py took 0.099 seconds
