[2024-10-07T21:28:15.162+0000] {processor.py:186} INFO - Started process (PID=104) to work on /home/airflow/.local/lib/python3.12/site-packages/airflow/example_dags/example_latest_only.py
[2024-10-07T21:28:15.164+0000] {processor.py:914} INFO - Processing file /home/airflow/.local/lib/python3.12/site-packages/airflow/example_dags/example_latest_only.py for tasks to queue
[2024-10-07T21:28:15.166+0000] {logging_mixin.py:190} INFO - [2024-10-07T21:28:15.166+0000] {dagbag.py:588} INFO - Filling up the DagBag from /home/airflow/.local/lib/python3.12/site-packages/airflow/example_dags/example_latest_only.py
[2024-10-07T21:28:15.172+0000] {processor.py:925} INFO - DAG(s) 'latest_only' retrieved from /home/airflow/.local/lib/python3.12/site-packages/airflow/example_dags/example_latest_only.py
[2024-10-07T21:28:15.239+0000] {logging_mixin.py:190} INFO - [2024-10-07T21:28:15.238+0000] {override.py:1900} INFO - Created Permission View: can read on DAG:latest_only
[2024-10-07T21:28:15.244+0000] {logging_mixin.py:190} INFO - [2024-10-07T21:28:15.244+0000] {override.py:1900} INFO - Created Permission View: can delete on DAG:latest_only
[2024-10-07T21:28:15.248+0000] {logging_mixin.py:190} INFO - [2024-10-07T21:28:15.248+0000] {override.py:1900} INFO - Created Permission View: can edit on DAG:latest_only
[2024-10-07T21:28:15.251+0000] {logging_mixin.py:190} INFO - [2024-10-07T21:28:15.251+0000] {override.py:1900} INFO - Created Permission View: can read on DAG Run:latest_only
[2024-10-07T21:28:15.254+0000] {logging_mixin.py:190} INFO - [2024-10-07T21:28:15.254+0000] {override.py:1900} INFO - Created Permission View: can delete on DAG Run:latest_only
[2024-10-07T21:28:15.257+0000] {logging_mixin.py:190} INFO - [2024-10-07T21:28:15.257+0000] {override.py:1900} INFO - Created Permission View: can create on DAG Run:latest_only
[2024-10-07T21:28:15.261+0000] {logging_mixin.py:190} INFO - [2024-10-07T21:28:15.260+0000] {override.py:1900} INFO - Created Permission View: menu access on DAG Run:latest_only
[2024-10-07T21:28:15.261+0000] {logging_mixin.py:190} INFO - [2024-10-07T21:28:15.261+0000] {dag.py:3239} INFO - Sync 1 DAGs
[2024-10-07T21:28:15.271+0000] {logging_mixin.py:190} INFO - [2024-10-07T21:28:15.271+0000] {dag.py:3262} INFO - Creating ORM DAG for latest_only
[2024-10-07T21:28:15.285+0000] {logging_mixin.py:190} INFO - [2024-10-07T21:28:15.285+0000] {dag.py:4180} INFO - Setting next_dagrun for latest_only to 2024-10-07 16:00:00+00:00, run_after=2024-10-07 20:00:00+00:00
[2024-10-07T21:28:15.318+0000] {processor.py:208} INFO - Processing /home/airflow/.local/lib/python3.12/site-packages/airflow/example_dags/example_latest_only.py took 0.162 seconds
[2024-10-07T21:28:45.376+0000] {processor.py:186} INFO - Started process (PID=165) to work on /home/airflow/.local/lib/python3.12/site-packages/airflow/example_dags/example_latest_only.py
[2024-10-07T21:28:45.377+0000] {processor.py:914} INFO - Processing file /home/airflow/.local/lib/python3.12/site-packages/airflow/example_dags/example_latest_only.py for tasks to queue
[2024-10-07T21:28:45.379+0000] {logging_mixin.py:190} INFO - [2024-10-07T21:28:45.379+0000] {dagbag.py:588} INFO - Filling up the DagBag from /home/airflow/.local/lib/python3.12/site-packages/airflow/example_dags/example_latest_only.py
[2024-10-07T21:28:45.384+0000] {processor.py:925} INFO - DAG(s) 'latest_only' retrieved from /home/airflow/.local/lib/python3.12/site-packages/airflow/example_dags/example_latest_only.py
[2024-10-07T21:28:45.395+0000] {logging_mixin.py:190} INFO - [2024-10-07T21:28:45.395+0000] {dag.py:3239} INFO - Sync 1 DAGs
[2024-10-07T21:28:45.406+0000] {logging_mixin.py:190} INFO - [2024-10-07T21:28:45.406+0000] {dag.py:4180} INFO - Setting next_dagrun for latest_only to 2024-10-07 16:00:00+00:00, run_after=2024-10-07 20:00:00+00:00
[2024-10-07T21:28:45.414+0000] {processor.py:208} INFO - Processing /home/airflow/.local/lib/python3.12/site-packages/airflow/example_dags/example_latest_only.py took 0.043 seconds
[2024-10-07T21:29:15.746+0000] {processor.py:186} INFO - Started process (PID=227) to work on /home/airflow/.local/lib/python3.12/site-packages/airflow/example_dags/example_latest_only.py
[2024-10-07T21:29:15.748+0000] {processor.py:914} INFO - Processing file /home/airflow/.local/lib/python3.12/site-packages/airflow/example_dags/example_latest_only.py for tasks to queue
[2024-10-07T21:29:15.752+0000] {logging_mixin.py:190} INFO - [2024-10-07T21:29:15.752+0000] {dagbag.py:588} INFO - Filling up the DagBag from /home/airflow/.local/lib/python3.12/site-packages/airflow/example_dags/example_latest_only.py
[2024-10-07T21:29:15.756+0000] {processor.py:925} INFO - DAG(s) 'latest_only' retrieved from /home/airflow/.local/lib/python3.12/site-packages/airflow/example_dags/example_latest_only.py
[2024-10-07T21:29:15.778+0000] {logging_mixin.py:190} INFO - [2024-10-07T21:29:15.778+0000] {dag.py:3239} INFO - Sync 1 DAGs
[2024-10-07T21:29:15.794+0000] {logging_mixin.py:190} INFO - [2024-10-07T21:29:15.794+0000] {dag.py:4180} INFO - Setting next_dagrun for latest_only to 2024-10-07 16:00:00+00:00, run_after=2024-10-07 20:00:00+00:00
[2024-10-07T21:29:15.805+0000] {processor.py:208} INFO - Processing /home/airflow/.local/lib/python3.12/site-packages/airflow/example_dags/example_latest_only.py took 0.063 seconds
[2024-10-07T21:29:46.093+0000] {processor.py:186} INFO - Started process (PID=289) to work on /home/airflow/.local/lib/python3.12/site-packages/airflow/example_dags/example_latest_only.py
[2024-10-07T21:29:46.095+0000] {processor.py:914} INFO - Processing file /home/airflow/.local/lib/python3.12/site-packages/airflow/example_dags/example_latest_only.py for tasks to queue
[2024-10-07T21:29:46.096+0000] {logging_mixin.py:190} INFO - [2024-10-07T21:29:46.096+0000] {dagbag.py:588} INFO - Filling up the DagBag from /home/airflow/.local/lib/python3.12/site-packages/airflow/example_dags/example_latest_only.py
[2024-10-07T21:29:46.100+0000] {processor.py:925} INFO - DAG(s) 'latest_only' retrieved from /home/airflow/.local/lib/python3.12/site-packages/airflow/example_dags/example_latest_only.py
[2024-10-07T21:29:46.110+0000] {logging_mixin.py:190} INFO - [2024-10-07T21:29:46.110+0000] {dag.py:3239} INFO - Sync 1 DAGs
[2024-10-07T21:29:46.122+0000] {logging_mixin.py:190} INFO - [2024-10-07T21:29:46.121+0000] {dag.py:4180} INFO - Setting next_dagrun for latest_only to 2024-10-07 16:00:00+00:00, run_after=2024-10-07 20:00:00+00:00
[2024-10-07T21:29:46.131+0000] {processor.py:208} INFO - Processing /home/airflow/.local/lib/python3.12/site-packages/airflow/example_dags/example_latest_only.py took 0.041 seconds
[2024-10-07T21:30:16.550+0000] {processor.py:186} INFO - Started process (PID=351) to work on /home/airflow/.local/lib/python3.12/site-packages/airflow/example_dags/example_latest_only.py
[2024-10-07T21:30:16.551+0000] {processor.py:914} INFO - Processing file /home/airflow/.local/lib/python3.12/site-packages/airflow/example_dags/example_latest_only.py for tasks to queue
[2024-10-07T21:30:16.552+0000] {logging_mixin.py:190} INFO - [2024-10-07T21:30:16.552+0000] {dagbag.py:588} INFO - Filling up the DagBag from /home/airflow/.local/lib/python3.12/site-packages/airflow/example_dags/example_latest_only.py
[2024-10-07T21:30:16.556+0000] {processor.py:925} INFO - DAG(s) 'latest_only' retrieved from /home/airflow/.local/lib/python3.12/site-packages/airflow/example_dags/example_latest_only.py
[2024-10-07T21:30:16.566+0000] {logging_mixin.py:190} INFO - [2024-10-07T21:30:16.566+0000] {dag.py:3239} INFO - Sync 1 DAGs
[2024-10-07T21:30:16.578+0000] {logging_mixin.py:190} INFO - [2024-10-07T21:30:16.578+0000] {dag.py:4180} INFO - Setting next_dagrun for latest_only to 2024-10-07 16:00:00+00:00, run_after=2024-10-07 20:00:00+00:00
[2024-10-07T21:30:16.586+0000] {processor.py:208} INFO - Processing /home/airflow/.local/lib/python3.12/site-packages/airflow/example_dags/example_latest_only.py took 0.039 seconds
[2024-10-07T21:30:46.876+0000] {processor.py:186} INFO - Started process (PID=413) to work on /home/airflow/.local/lib/python3.12/site-packages/airflow/example_dags/example_latest_only.py
[2024-10-07T21:30:46.879+0000] {processor.py:914} INFO - Processing file /home/airflow/.local/lib/python3.12/site-packages/airflow/example_dags/example_latest_only.py for tasks to queue
[2024-10-07T21:30:46.881+0000] {logging_mixin.py:190} INFO - [2024-10-07T21:30:46.881+0000] {dagbag.py:588} INFO - Filling up the DagBag from /home/airflow/.local/lib/python3.12/site-packages/airflow/example_dags/example_latest_only.py
[2024-10-07T21:30:46.884+0000] {processor.py:925} INFO - DAG(s) 'latest_only' retrieved from /home/airflow/.local/lib/python3.12/site-packages/airflow/example_dags/example_latest_only.py
[2024-10-07T21:30:46.898+0000] {logging_mixin.py:190} INFO - [2024-10-07T21:30:46.897+0000] {dag.py:3239} INFO - Sync 1 DAGs
[2024-10-07T21:30:46.909+0000] {logging_mixin.py:190} INFO - [2024-10-07T21:30:46.909+0000] {dag.py:4180} INFO - Setting next_dagrun for latest_only to 2024-10-07 16:00:00+00:00, run_after=2024-10-07 20:00:00+00:00
[2024-10-07T21:30:46.917+0000] {processor.py:208} INFO - Processing /home/airflow/.local/lib/python3.12/site-packages/airflow/example_dags/example_latest_only.py took 0.045 seconds
[2024-10-07T21:31:17.285+0000] {processor.py:186} INFO - Started process (PID=475) to work on /home/airflow/.local/lib/python3.12/site-packages/airflow/example_dags/example_latest_only.py
[2024-10-07T21:31:17.286+0000] {processor.py:914} INFO - Processing file /home/airflow/.local/lib/python3.12/site-packages/airflow/example_dags/example_latest_only.py for tasks to queue
[2024-10-07T21:31:17.288+0000] {logging_mixin.py:190} INFO - [2024-10-07T21:31:17.288+0000] {dagbag.py:588} INFO - Filling up the DagBag from /home/airflow/.local/lib/python3.12/site-packages/airflow/example_dags/example_latest_only.py
[2024-10-07T21:31:17.293+0000] {processor.py:925} INFO - DAG(s) 'latest_only' retrieved from /home/airflow/.local/lib/python3.12/site-packages/airflow/example_dags/example_latest_only.py
[2024-10-07T21:31:17.310+0000] {logging_mixin.py:190} INFO - [2024-10-07T21:31:17.309+0000] {dag.py:3239} INFO - Sync 1 DAGs
[2024-10-07T21:31:17.323+0000] {logging_mixin.py:190} INFO - [2024-10-07T21:31:17.323+0000] {dag.py:4180} INFO - Setting next_dagrun for latest_only to 2024-10-07 16:00:00+00:00, run_after=2024-10-07 20:00:00+00:00
[2024-10-07T21:31:17.337+0000] {processor.py:208} INFO - Processing /home/airflow/.local/lib/python3.12/site-packages/airflow/example_dags/example_latest_only.py took 0.056 seconds
[2024-10-07T21:31:48.162+0000] {processor.py:186} INFO - Started process (PID=537) to work on /home/airflow/.local/lib/python3.12/site-packages/airflow/example_dags/example_latest_only.py
[2024-10-07T21:31:48.163+0000] {processor.py:914} INFO - Processing file /home/airflow/.local/lib/python3.12/site-packages/airflow/example_dags/example_latest_only.py for tasks to queue
[2024-10-07T21:31:48.164+0000] {logging_mixin.py:190} INFO - [2024-10-07T21:31:48.164+0000] {dagbag.py:588} INFO - Filling up the DagBag from /home/airflow/.local/lib/python3.12/site-packages/airflow/example_dags/example_latest_only.py
[2024-10-07T21:31:48.168+0000] {processor.py:925} INFO - DAG(s) 'latest_only' retrieved from /home/airflow/.local/lib/python3.12/site-packages/airflow/example_dags/example_latest_only.py
[2024-10-07T21:31:48.179+0000] {logging_mixin.py:190} INFO - [2024-10-07T21:31:48.179+0000] {dag.py:3239} INFO - Sync 1 DAGs
[2024-10-07T21:31:48.191+0000] {logging_mixin.py:190} INFO - [2024-10-07T21:31:48.191+0000] {dag.py:4180} INFO - Setting next_dagrun for latest_only to 2024-10-07 16:00:00+00:00, run_after=2024-10-07 20:00:00+00:00
[2024-10-07T21:31:48.199+0000] {processor.py:208} INFO - Processing /home/airflow/.local/lib/python3.12/site-packages/airflow/example_dags/example_latest_only.py took 0.041 seconds
[2024-10-07T21:32:18.973+0000] {processor.py:186} INFO - Started process (PID=599) to work on /home/airflow/.local/lib/python3.12/site-packages/airflow/example_dags/example_latest_only.py
[2024-10-07T21:32:18.974+0000] {processor.py:914} INFO - Processing file /home/airflow/.local/lib/python3.12/site-packages/airflow/example_dags/example_latest_only.py for tasks to queue
[2024-10-07T21:32:18.975+0000] {logging_mixin.py:190} INFO - [2024-10-07T21:32:18.975+0000] {dagbag.py:588} INFO - Filling up the DagBag from /home/airflow/.local/lib/python3.12/site-packages/airflow/example_dags/example_latest_only.py
[2024-10-07T21:32:18.979+0000] {processor.py:925} INFO - DAG(s) 'latest_only' retrieved from /home/airflow/.local/lib/python3.12/site-packages/airflow/example_dags/example_latest_only.py
[2024-10-07T21:32:18.993+0000] {logging_mixin.py:190} INFO - [2024-10-07T21:32:18.993+0000] {dag.py:3239} INFO - Sync 1 DAGs
[2024-10-07T21:32:19.004+0000] {logging_mixin.py:190} INFO - [2024-10-07T21:32:19.004+0000] {dag.py:4180} INFO - Setting next_dagrun for latest_only to 2024-10-07 16:00:00+00:00, run_after=2024-10-07 20:00:00+00:00
[2024-10-07T21:32:19.014+0000] {processor.py:208} INFO - Processing /home/airflow/.local/lib/python3.12/site-packages/airflow/example_dags/example_latest_only.py took 0.044 seconds
[2024-10-07T21:32:49.413+0000] {processor.py:186} INFO - Started process (PID=662) to work on /home/airflow/.local/lib/python3.12/site-packages/airflow/example_dags/example_latest_only.py
[2024-10-07T21:32:49.414+0000] {processor.py:914} INFO - Processing file /home/airflow/.local/lib/python3.12/site-packages/airflow/example_dags/example_latest_only.py for tasks to queue
[2024-10-07T21:32:49.416+0000] {logging_mixin.py:190} INFO - [2024-10-07T21:32:49.416+0000] {dagbag.py:588} INFO - Filling up the DagBag from /home/airflow/.local/lib/python3.12/site-packages/airflow/example_dags/example_latest_only.py
[2024-10-07T21:32:49.420+0000] {processor.py:925} INFO - DAG(s) 'latest_only' retrieved from /home/airflow/.local/lib/python3.12/site-packages/airflow/example_dags/example_latest_only.py
[2024-10-07T21:32:49.429+0000] {logging_mixin.py:190} INFO - [2024-10-07T21:32:49.429+0000] {dag.py:3239} INFO - Sync 1 DAGs
[2024-10-07T21:32:49.440+0000] {logging_mixin.py:190} INFO - [2024-10-07T21:32:49.440+0000] {dag.py:4180} INFO - Setting next_dagrun for latest_only to 2024-10-07 16:00:00+00:00, run_after=2024-10-07 20:00:00+00:00
[2024-10-07T21:32:49.447+0000] {processor.py:208} INFO - Processing /home/airflow/.local/lib/python3.12/site-packages/airflow/example_dags/example_latest_only.py took 0.037 seconds
[2024-10-07T21:33:19.710+0000] {processor.py:186} INFO - Started process (PID=723) to work on /home/airflow/.local/lib/python3.12/site-packages/airflow/example_dags/example_latest_only.py
[2024-10-07T21:33:19.711+0000] {processor.py:914} INFO - Processing file /home/airflow/.local/lib/python3.12/site-packages/airflow/example_dags/example_latest_only.py for tasks to queue
[2024-10-07T21:33:19.712+0000] {logging_mixin.py:190} INFO - [2024-10-07T21:33:19.712+0000] {dagbag.py:588} INFO - Filling up the DagBag from /home/airflow/.local/lib/python3.12/site-packages/airflow/example_dags/example_latest_only.py
[2024-10-07T21:33:19.719+0000] {processor.py:925} INFO - DAG(s) 'latest_only' retrieved from /home/airflow/.local/lib/python3.12/site-packages/airflow/example_dags/example_latest_only.py
[2024-10-07T21:33:19.729+0000] {logging_mixin.py:190} INFO - [2024-10-07T21:33:19.729+0000] {dag.py:3239} INFO - Sync 1 DAGs
[2024-10-07T21:33:19.741+0000] {logging_mixin.py:190} INFO - [2024-10-07T21:33:19.741+0000] {dag.py:4180} INFO - Setting next_dagrun for latest_only to 2024-10-07 16:00:00+00:00, run_after=2024-10-07 20:00:00+00:00
[2024-10-07T21:33:19.749+0000] {processor.py:208} INFO - Processing /home/airflow/.local/lib/python3.12/site-packages/airflow/example_dags/example_latest_only.py took 0.043 seconds
[2024-10-07T21:33:50.317+0000] {processor.py:186} INFO - Started process (PID=785) to work on /home/airflow/.local/lib/python3.12/site-packages/airflow/example_dags/example_latest_only.py
[2024-10-07T21:33:50.320+0000] {processor.py:914} INFO - Processing file /home/airflow/.local/lib/python3.12/site-packages/airflow/example_dags/example_latest_only.py for tasks to queue
[2024-10-07T21:33:50.322+0000] {logging_mixin.py:190} INFO - [2024-10-07T21:33:50.322+0000] {dagbag.py:588} INFO - Filling up the DagBag from /home/airflow/.local/lib/python3.12/site-packages/airflow/example_dags/example_latest_only.py
[2024-10-07T21:33:50.326+0000] {processor.py:925} INFO - DAG(s) 'latest_only' retrieved from /home/airflow/.local/lib/python3.12/site-packages/airflow/example_dags/example_latest_only.py
[2024-10-07T21:33:50.336+0000] {logging_mixin.py:190} INFO - [2024-10-07T21:33:50.336+0000] {dag.py:3239} INFO - Sync 1 DAGs
[2024-10-07T21:33:50.347+0000] {logging_mixin.py:190} INFO - [2024-10-07T21:33:50.347+0000] {dag.py:4180} INFO - Setting next_dagrun for latest_only to 2024-10-07 16:00:00+00:00, run_after=2024-10-07 20:00:00+00:00
[2024-10-07T21:33:50.357+0000] {processor.py:208} INFO - Processing /home/airflow/.local/lib/python3.12/site-packages/airflow/example_dags/example_latest_only.py took 0.043 seconds
[2024-10-07T21:34:20.787+0000] {processor.py:186} INFO - Started process (PID=847) to work on /home/airflow/.local/lib/python3.12/site-packages/airflow/example_dags/example_latest_only.py
[2024-10-07T21:34:20.788+0000] {processor.py:914} INFO - Processing file /home/airflow/.local/lib/python3.12/site-packages/airflow/example_dags/example_latest_only.py for tasks to queue
[2024-10-07T21:34:20.789+0000] {logging_mixin.py:190} INFO - [2024-10-07T21:34:20.789+0000] {dagbag.py:588} INFO - Filling up the DagBag from /home/airflow/.local/lib/python3.12/site-packages/airflow/example_dags/example_latest_only.py
[2024-10-07T21:34:20.793+0000] {processor.py:925} INFO - DAG(s) 'latest_only' retrieved from /home/airflow/.local/lib/python3.12/site-packages/airflow/example_dags/example_latest_only.py
[2024-10-07T21:34:20.804+0000] {logging_mixin.py:190} INFO - [2024-10-07T21:34:20.803+0000] {dag.py:3239} INFO - Sync 1 DAGs
[2024-10-07T21:34:20.815+0000] {logging_mixin.py:190} INFO - [2024-10-07T21:34:20.815+0000] {dag.py:4180} INFO - Setting next_dagrun for latest_only to 2024-10-07 16:00:00+00:00, run_after=2024-10-07 20:00:00+00:00
[2024-10-07T21:34:20.824+0000] {processor.py:208} INFO - Processing /home/airflow/.local/lib/python3.12/site-packages/airflow/example_dags/example_latest_only.py took 0.041 seconds
[2024-10-07T21:34:51.245+0000] {processor.py:186} INFO - Started process (PID=909) to work on /home/airflow/.local/lib/python3.12/site-packages/airflow/example_dags/example_latest_only.py
[2024-10-07T21:34:51.246+0000] {processor.py:914} INFO - Processing file /home/airflow/.local/lib/python3.12/site-packages/airflow/example_dags/example_latest_only.py for tasks to queue
[2024-10-07T21:34:51.247+0000] {logging_mixin.py:190} INFO - [2024-10-07T21:34:51.247+0000] {dagbag.py:588} INFO - Filling up the DagBag from /home/airflow/.local/lib/python3.12/site-packages/airflow/example_dags/example_latest_only.py
[2024-10-07T21:34:51.251+0000] {processor.py:925} INFO - DAG(s) 'latest_only' retrieved from /home/airflow/.local/lib/python3.12/site-packages/airflow/example_dags/example_latest_only.py
[2024-10-07T21:34:51.261+0000] {logging_mixin.py:190} INFO - [2024-10-07T21:34:51.261+0000] {dag.py:3239} INFO - Sync 1 DAGs
[2024-10-07T21:34:51.276+0000] {logging_mixin.py:190} INFO - [2024-10-07T21:34:51.276+0000] {dag.py:4180} INFO - Setting next_dagrun for latest_only to 2024-10-07 16:00:00+00:00, run_after=2024-10-07 20:00:00+00:00
[2024-10-07T21:34:51.285+0000] {processor.py:208} INFO - Processing /home/airflow/.local/lib/python3.12/site-packages/airflow/example_dags/example_latest_only.py took 0.044 seconds
[2024-10-07T21:35:21.587+0000] {processor.py:186} INFO - Started process (PID=971) to work on /home/airflow/.local/lib/python3.12/site-packages/airflow/example_dags/example_latest_only.py
[2024-10-07T21:35:21.588+0000] {processor.py:914} INFO - Processing file /home/airflow/.local/lib/python3.12/site-packages/airflow/example_dags/example_latest_only.py for tasks to queue
[2024-10-07T21:35:21.589+0000] {logging_mixin.py:190} INFO - [2024-10-07T21:35:21.589+0000] {dagbag.py:588} INFO - Filling up the DagBag from /home/airflow/.local/lib/python3.12/site-packages/airflow/example_dags/example_latest_only.py
[2024-10-07T21:35:21.593+0000] {processor.py:925} INFO - DAG(s) 'latest_only' retrieved from /home/airflow/.local/lib/python3.12/site-packages/airflow/example_dags/example_latest_only.py
[2024-10-07T21:35:21.604+0000] {logging_mixin.py:190} INFO - [2024-10-07T21:35:21.604+0000] {dag.py:3239} INFO - Sync 1 DAGs
[2024-10-07T21:35:21.618+0000] {logging_mixin.py:190} INFO - [2024-10-07T21:35:21.618+0000] {dag.py:4180} INFO - Setting next_dagrun for latest_only to 2024-10-07 16:00:00+00:00, run_after=2024-10-07 20:00:00+00:00
[2024-10-07T21:35:21.628+0000] {processor.py:208} INFO - Processing /home/airflow/.local/lib/python3.12/site-packages/airflow/example_dags/example_latest_only.py took 0.045 seconds
[2024-10-07T21:35:51.817+0000] {processor.py:186} INFO - Started process (PID=1033) to work on /home/airflow/.local/lib/python3.12/site-packages/airflow/example_dags/example_latest_only.py
[2024-10-07T21:35:51.820+0000] {processor.py:914} INFO - Processing file /home/airflow/.local/lib/python3.12/site-packages/airflow/example_dags/example_latest_only.py for tasks to queue
[2024-10-07T21:35:51.822+0000] {logging_mixin.py:190} INFO - [2024-10-07T21:35:51.821+0000] {dagbag.py:588} INFO - Filling up the DagBag from /home/airflow/.local/lib/python3.12/site-packages/airflow/example_dags/example_latest_only.py
[2024-10-07T21:35:51.825+0000] {processor.py:925} INFO - DAG(s) 'latest_only' retrieved from /home/airflow/.local/lib/python3.12/site-packages/airflow/example_dags/example_latest_only.py
[2024-10-07T21:35:51.836+0000] {logging_mixin.py:190} INFO - [2024-10-07T21:35:51.836+0000] {dag.py:3239} INFO - Sync 1 DAGs
[2024-10-07T21:35:51.848+0000] {logging_mixin.py:190} INFO - [2024-10-07T21:35:51.848+0000] {dag.py:4180} INFO - Setting next_dagrun for latest_only to 2024-10-07 16:00:00+00:00, run_after=2024-10-07 20:00:00+00:00
[2024-10-07T21:35:51.856+0000] {processor.py:208} INFO - Processing /home/airflow/.local/lib/python3.12/site-packages/airflow/example_dags/example_latest_only.py took 0.042 seconds
[2024-10-07T21:36:22.093+0000] {processor.py:186} INFO - Started process (PID=1095) to work on /home/airflow/.local/lib/python3.12/site-packages/airflow/example_dags/example_latest_only.py
[2024-10-07T21:36:22.097+0000] {processor.py:914} INFO - Processing file /home/airflow/.local/lib/python3.12/site-packages/airflow/example_dags/example_latest_only.py for tasks to queue
[2024-10-07T21:36:22.098+0000] {logging_mixin.py:190} INFO - [2024-10-07T21:36:22.098+0000] {dagbag.py:588} INFO - Filling up the DagBag from /home/airflow/.local/lib/python3.12/site-packages/airflow/example_dags/example_latest_only.py
[2024-10-07T21:36:22.102+0000] {processor.py:925} INFO - DAG(s) 'latest_only' retrieved from /home/airflow/.local/lib/python3.12/site-packages/airflow/example_dags/example_latest_only.py
[2024-10-07T21:36:22.112+0000] {logging_mixin.py:190} INFO - [2024-10-07T21:36:22.112+0000] {dag.py:3239} INFO - Sync 1 DAGs
[2024-10-07T21:36:22.124+0000] {logging_mixin.py:190} INFO - [2024-10-07T21:36:22.123+0000] {dag.py:4180} INFO - Setting next_dagrun for latest_only to 2024-10-07 16:00:00+00:00, run_after=2024-10-07 20:00:00+00:00
[2024-10-07T21:36:22.133+0000] {processor.py:208} INFO - Processing /home/airflow/.local/lib/python3.12/site-packages/airflow/example_dags/example_latest_only.py took 0.043 seconds
[2024-10-07T21:36:52.426+0000] {processor.py:186} INFO - Started process (PID=1157) to work on /home/airflow/.local/lib/python3.12/site-packages/airflow/example_dags/example_latest_only.py
[2024-10-07T21:36:52.430+0000] {processor.py:914} INFO - Processing file /home/airflow/.local/lib/python3.12/site-packages/airflow/example_dags/example_latest_only.py for tasks to queue
[2024-10-07T21:36:52.431+0000] {logging_mixin.py:190} INFO - [2024-10-07T21:36:52.431+0000] {dagbag.py:588} INFO - Filling up the DagBag from /home/airflow/.local/lib/python3.12/site-packages/airflow/example_dags/example_latest_only.py
[2024-10-07T21:36:52.435+0000] {processor.py:925} INFO - DAG(s) 'latest_only' retrieved from /home/airflow/.local/lib/python3.12/site-packages/airflow/example_dags/example_latest_only.py
[2024-10-07T21:36:52.444+0000] {logging_mixin.py:190} INFO - [2024-10-07T21:36:52.444+0000] {dag.py:3239} INFO - Sync 1 DAGs
[2024-10-07T21:36:52.457+0000] {logging_mixin.py:190} INFO - [2024-10-07T21:36:52.457+0000] {dag.py:4180} INFO - Setting next_dagrun for latest_only to 2024-10-07 16:00:00+00:00, run_after=2024-10-07 20:00:00+00:00
[2024-10-07T21:36:52.466+0000] {processor.py:208} INFO - Processing /home/airflow/.local/lib/python3.12/site-packages/airflow/example_dags/example_latest_only.py took 0.044 seconds
[2024-10-07T21:37:22.737+0000] {processor.py:186} INFO - Started process (PID=1219) to work on /home/airflow/.local/lib/python3.12/site-packages/airflow/example_dags/example_latest_only.py
[2024-10-07T21:37:22.738+0000] {processor.py:914} INFO - Processing file /home/airflow/.local/lib/python3.12/site-packages/airflow/example_dags/example_latest_only.py for tasks to queue
[2024-10-07T21:37:22.739+0000] {logging_mixin.py:190} INFO - [2024-10-07T21:37:22.739+0000] {dagbag.py:588} INFO - Filling up the DagBag from /home/airflow/.local/lib/python3.12/site-packages/airflow/example_dags/example_latest_only.py
[2024-10-07T21:37:22.742+0000] {processor.py:925} INFO - DAG(s) 'latest_only' retrieved from /home/airflow/.local/lib/python3.12/site-packages/airflow/example_dags/example_latest_only.py
[2024-10-07T21:37:22.755+0000] {logging_mixin.py:190} INFO - [2024-10-07T21:37:22.754+0000] {dag.py:3239} INFO - Sync 1 DAGs
[2024-10-07T21:37:22.766+0000] {logging_mixin.py:190} INFO - [2024-10-07T21:37:22.766+0000] {dag.py:4180} INFO - Setting next_dagrun for latest_only to 2024-10-07 16:00:00+00:00, run_after=2024-10-07 20:00:00+00:00
[2024-10-07T21:37:22.775+0000] {processor.py:208} INFO - Processing /home/airflow/.local/lib/python3.12/site-packages/airflow/example_dags/example_latest_only.py took 0.041 seconds
[2024-10-07T21:37:53.115+0000] {processor.py:186} INFO - Started process (PID=1281) to work on /home/airflow/.local/lib/python3.12/site-packages/airflow/example_dags/example_latest_only.py
[2024-10-07T21:37:53.118+0000] {processor.py:914} INFO - Processing file /home/airflow/.local/lib/python3.12/site-packages/airflow/example_dags/example_latest_only.py for tasks to queue
[2024-10-07T21:37:53.119+0000] {logging_mixin.py:190} INFO - [2024-10-07T21:37:53.119+0000] {dagbag.py:588} INFO - Filling up the DagBag from /home/airflow/.local/lib/python3.12/site-packages/airflow/example_dags/example_latest_only.py
[2024-10-07T21:37:53.124+0000] {processor.py:925} INFO - DAG(s) 'latest_only' retrieved from /home/airflow/.local/lib/python3.12/site-packages/airflow/example_dags/example_latest_only.py
[2024-10-07T21:37:53.134+0000] {logging_mixin.py:190} INFO - [2024-10-07T21:37:53.134+0000] {dag.py:3239} INFO - Sync 1 DAGs
[2024-10-07T21:37:53.148+0000] {logging_mixin.py:190} INFO - [2024-10-07T21:37:53.148+0000] {dag.py:4180} INFO - Setting next_dagrun for latest_only to 2024-10-07 16:00:00+00:00, run_after=2024-10-07 20:00:00+00:00
[2024-10-07T21:37:53.157+0000] {processor.py:208} INFO - Processing /home/airflow/.local/lib/python3.12/site-packages/airflow/example_dags/example_latest_only.py took 0.045 seconds
[2024-10-07T21:38:23.563+0000] {processor.py:186} INFO - Started process (PID=1343) to work on /home/airflow/.local/lib/python3.12/site-packages/airflow/example_dags/example_latest_only.py
[2024-10-07T21:38:23.564+0000] {processor.py:914} INFO - Processing file /home/airflow/.local/lib/python3.12/site-packages/airflow/example_dags/example_latest_only.py for tasks to queue
[2024-10-07T21:38:23.568+0000] {logging_mixin.py:190} INFO - [2024-10-07T21:38:23.568+0000] {dagbag.py:588} INFO - Filling up the DagBag from /home/airflow/.local/lib/python3.12/site-packages/airflow/example_dags/example_latest_only.py
[2024-10-07T21:38:23.572+0000] {processor.py:925} INFO - DAG(s) 'latest_only' retrieved from /home/airflow/.local/lib/python3.12/site-packages/airflow/example_dags/example_latest_only.py
[2024-10-07T21:38:23.582+0000] {logging_mixin.py:190} INFO - [2024-10-07T21:38:23.581+0000] {dag.py:3239} INFO - Sync 1 DAGs
[2024-10-07T21:38:23.592+0000] {logging_mixin.py:190} INFO - [2024-10-07T21:38:23.592+0000] {dag.py:4180} INFO - Setting next_dagrun for latest_only to 2024-10-07 16:00:00+00:00, run_after=2024-10-07 20:00:00+00:00
[2024-10-07T21:38:23.603+0000] {processor.py:208} INFO - Processing /home/airflow/.local/lib/python3.12/site-packages/airflow/example_dags/example_latest_only.py took 0.043 seconds
[2024-10-07T21:38:54.004+0000] {processor.py:186} INFO - Started process (PID=1405) to work on /home/airflow/.local/lib/python3.12/site-packages/airflow/example_dags/example_latest_only.py
[2024-10-07T21:38:54.005+0000] {processor.py:914} INFO - Processing file /home/airflow/.local/lib/python3.12/site-packages/airflow/example_dags/example_latest_only.py for tasks to queue
[2024-10-07T21:38:54.007+0000] {logging_mixin.py:190} INFO - [2024-10-07T21:38:54.007+0000] {dagbag.py:588} INFO - Filling up the DagBag from /home/airflow/.local/lib/python3.12/site-packages/airflow/example_dags/example_latest_only.py
[2024-10-07T21:38:54.011+0000] {processor.py:925} INFO - DAG(s) 'latest_only' retrieved from /home/airflow/.local/lib/python3.12/site-packages/airflow/example_dags/example_latest_only.py
[2024-10-07T21:38:54.023+0000] {logging_mixin.py:190} INFO - [2024-10-07T21:38:54.023+0000] {dag.py:3239} INFO - Sync 1 DAGs
[2024-10-07T21:38:54.037+0000] {logging_mixin.py:190} INFO - [2024-10-07T21:38:54.037+0000] {dag.py:4180} INFO - Setting next_dagrun for latest_only to 2024-10-07 16:00:00+00:00, run_after=2024-10-07 20:00:00+00:00
[2024-10-07T21:38:54.048+0000] {processor.py:208} INFO - Processing /home/airflow/.local/lib/python3.12/site-packages/airflow/example_dags/example_latest_only.py took 0.047 seconds
[2024-10-07T21:39:24.565+0000] {processor.py:186} INFO - Started process (PID=1467) to work on /home/airflow/.local/lib/python3.12/site-packages/airflow/example_dags/example_latest_only.py
[2024-10-07T21:39:24.566+0000] {processor.py:914} INFO - Processing file /home/airflow/.local/lib/python3.12/site-packages/airflow/example_dags/example_latest_only.py for tasks to queue
[2024-10-07T21:39:24.567+0000] {logging_mixin.py:190} INFO - [2024-10-07T21:39:24.567+0000] {dagbag.py:588} INFO - Filling up the DagBag from /home/airflow/.local/lib/python3.12/site-packages/airflow/example_dags/example_latest_only.py
[2024-10-07T21:39:24.571+0000] {processor.py:925} INFO - DAG(s) 'latest_only' retrieved from /home/airflow/.local/lib/python3.12/site-packages/airflow/example_dags/example_latest_only.py
[2024-10-07T21:39:24.584+0000] {logging_mixin.py:190} INFO - [2024-10-07T21:39:24.584+0000] {dag.py:3239} INFO - Sync 1 DAGs
[2024-10-07T21:39:24.595+0000] {logging_mixin.py:190} INFO - [2024-10-07T21:39:24.595+0000] {dag.py:4180} INFO - Setting next_dagrun for latest_only to 2024-10-07 16:00:00+00:00, run_after=2024-10-07 20:00:00+00:00
[2024-10-07T21:39:24.605+0000] {processor.py:208} INFO - Processing /home/airflow/.local/lib/python3.12/site-packages/airflow/example_dags/example_latest_only.py took 0.044 seconds
[2024-10-07T21:39:55.109+0000] {processor.py:186} INFO - Started process (PID=1529) to work on /home/airflow/.local/lib/python3.12/site-packages/airflow/example_dags/example_latest_only.py
[2024-10-07T21:39:55.110+0000] {processor.py:914} INFO - Processing file /home/airflow/.local/lib/python3.12/site-packages/airflow/example_dags/example_latest_only.py for tasks to queue
[2024-10-07T21:39:55.113+0000] {logging_mixin.py:190} INFO - [2024-10-07T21:39:55.113+0000] {dagbag.py:588} INFO - Filling up the DagBag from /home/airflow/.local/lib/python3.12/site-packages/airflow/example_dags/example_latest_only.py
[2024-10-07T21:39:55.117+0000] {processor.py:925} INFO - DAG(s) 'latest_only' retrieved from /home/airflow/.local/lib/python3.12/site-packages/airflow/example_dags/example_latest_only.py
[2024-10-07T21:39:55.130+0000] {logging_mixin.py:190} INFO - [2024-10-07T21:39:55.130+0000] {dag.py:3239} INFO - Sync 1 DAGs
[2024-10-07T21:39:55.143+0000] {logging_mixin.py:190} INFO - [2024-10-07T21:39:55.143+0000] {dag.py:4180} INFO - Setting next_dagrun for latest_only to 2024-10-07 16:00:00+00:00, run_after=2024-10-07 20:00:00+00:00
[2024-10-07T21:39:55.153+0000] {processor.py:208} INFO - Processing /home/airflow/.local/lib/python3.12/site-packages/airflow/example_dags/example_latest_only.py took 0.048 seconds
[2024-10-07T21:40:26.202+0000] {processor.py:186} INFO - Started process (PID=1590) to work on /home/airflow/.local/lib/python3.12/site-packages/airflow/example_dags/example_latest_only.py
[2024-10-07T21:40:26.203+0000] {processor.py:914} INFO - Processing file /home/airflow/.local/lib/python3.12/site-packages/airflow/example_dags/example_latest_only.py for tasks to queue
[2024-10-07T21:40:26.204+0000] {logging_mixin.py:190} INFO - [2024-10-07T21:40:26.204+0000] {dagbag.py:588} INFO - Filling up the DagBag from /home/airflow/.local/lib/python3.12/site-packages/airflow/example_dags/example_latest_only.py
[2024-10-07T21:40:26.208+0000] {processor.py:925} INFO - DAG(s) 'latest_only' retrieved from /home/airflow/.local/lib/python3.12/site-packages/airflow/example_dags/example_latest_only.py
[2024-10-07T21:40:26.218+0000] {logging_mixin.py:190} INFO - [2024-10-07T21:40:26.218+0000] {dag.py:3239} INFO - Sync 1 DAGs
[2024-10-07T21:40:26.230+0000] {logging_mixin.py:190} INFO - [2024-10-07T21:40:26.230+0000] {dag.py:4180} INFO - Setting next_dagrun for latest_only to 2024-10-07 16:00:00+00:00, run_after=2024-10-07 20:00:00+00:00
[2024-10-07T21:40:26.243+0000] {processor.py:208} INFO - Processing /home/airflow/.local/lib/python3.12/site-packages/airflow/example_dags/example_latest_only.py took 0.044 seconds
[2024-10-07T21:40:56.926+0000] {processor.py:186} INFO - Started process (PID=1652) to work on /home/airflow/.local/lib/python3.12/site-packages/airflow/example_dags/example_latest_only.py
[2024-10-07T21:40:56.927+0000] {processor.py:914} INFO - Processing file /home/airflow/.local/lib/python3.12/site-packages/airflow/example_dags/example_latest_only.py for tasks to queue
[2024-10-07T21:40:56.929+0000] {logging_mixin.py:190} INFO - [2024-10-07T21:40:56.929+0000] {dagbag.py:588} INFO - Filling up the DagBag from /home/airflow/.local/lib/python3.12/site-packages/airflow/example_dags/example_latest_only.py
[2024-10-07T21:40:56.933+0000] {processor.py:925} INFO - DAG(s) 'latest_only' retrieved from /home/airflow/.local/lib/python3.12/site-packages/airflow/example_dags/example_latest_only.py
[2024-10-07T21:40:56.946+0000] {logging_mixin.py:190} INFO - [2024-10-07T21:40:56.946+0000] {dag.py:3239} INFO - Sync 1 DAGs
[2024-10-07T21:40:56.958+0000] {logging_mixin.py:190} INFO - [2024-10-07T21:40:56.958+0000] {dag.py:4180} INFO - Setting next_dagrun for latest_only to 2024-10-07 16:00:00+00:00, run_after=2024-10-07 20:00:00+00:00
[2024-10-07T21:40:56.967+0000] {processor.py:208} INFO - Processing /home/airflow/.local/lib/python3.12/site-packages/airflow/example_dags/example_latest_only.py took 0.045 seconds
[2024-10-07T21:41:27.214+0000] {processor.py:186} INFO - Started process (PID=1714) to work on /home/airflow/.local/lib/python3.12/site-packages/airflow/example_dags/example_latest_only.py
[2024-10-07T21:41:27.215+0000] {processor.py:914} INFO - Processing file /home/airflow/.local/lib/python3.12/site-packages/airflow/example_dags/example_latest_only.py for tasks to queue
[2024-10-07T21:41:27.217+0000] {logging_mixin.py:190} INFO - [2024-10-07T21:41:27.216+0000] {dagbag.py:588} INFO - Filling up the DagBag from /home/airflow/.local/lib/python3.12/site-packages/airflow/example_dags/example_latest_only.py
[2024-10-07T21:41:27.223+0000] {processor.py:925} INFO - DAG(s) 'latest_only' retrieved from /home/airflow/.local/lib/python3.12/site-packages/airflow/example_dags/example_latest_only.py
[2024-10-07T21:41:27.246+0000] {logging_mixin.py:190} INFO - [2024-10-07T21:41:27.246+0000] {dag.py:3239} INFO - Sync 1 DAGs
[2024-10-07T21:41:27.262+0000] {logging_mixin.py:190} INFO - [2024-10-07T21:41:27.262+0000] {dag.py:4180} INFO - Setting next_dagrun for latest_only to 2024-10-07 16:00:00+00:00, run_after=2024-10-07 20:00:00+00:00
[2024-10-07T21:41:27.273+0000] {processor.py:208} INFO - Processing /home/airflow/.local/lib/python3.12/site-packages/airflow/example_dags/example_latest_only.py took 0.064 seconds
[2024-10-07T21:41:58.091+0000] {processor.py:186} INFO - Started process (PID=1776) to work on /home/airflow/.local/lib/python3.12/site-packages/airflow/example_dags/example_latest_only.py
[2024-10-07T21:41:58.092+0000] {processor.py:914} INFO - Processing file /home/airflow/.local/lib/python3.12/site-packages/airflow/example_dags/example_latest_only.py for tasks to queue
[2024-10-07T21:41:58.093+0000] {logging_mixin.py:190} INFO - [2024-10-07T21:41:58.093+0000] {dagbag.py:588} INFO - Filling up the DagBag from /home/airflow/.local/lib/python3.12/site-packages/airflow/example_dags/example_latest_only.py
[2024-10-07T21:41:58.097+0000] {processor.py:925} INFO - DAG(s) 'latest_only' retrieved from /home/airflow/.local/lib/python3.12/site-packages/airflow/example_dags/example_latest_only.py
[2024-10-07T21:41:58.109+0000] {logging_mixin.py:190} INFO - [2024-10-07T21:41:58.108+0000] {dag.py:3239} INFO - Sync 1 DAGs
[2024-10-07T21:41:58.121+0000] {logging_mixin.py:190} INFO - [2024-10-07T21:41:58.121+0000] {dag.py:4180} INFO - Setting next_dagrun for latest_only to 2024-10-07 16:00:00+00:00, run_after=2024-10-07 20:00:00+00:00
[2024-10-07T21:41:58.131+0000] {processor.py:208} INFO - Processing /home/airflow/.local/lib/python3.12/site-packages/airflow/example_dags/example_latest_only.py took 0.043 seconds
[2024-10-07T21:42:28.903+0000] {processor.py:186} INFO - Started process (PID=1838) to work on /home/airflow/.local/lib/python3.12/site-packages/airflow/example_dags/example_latest_only.py
[2024-10-07T21:42:28.904+0000] {processor.py:914} INFO - Processing file /home/airflow/.local/lib/python3.12/site-packages/airflow/example_dags/example_latest_only.py for tasks to queue
[2024-10-07T21:42:28.905+0000] {logging_mixin.py:190} INFO - [2024-10-07T21:42:28.905+0000] {dagbag.py:588} INFO - Filling up the DagBag from /home/airflow/.local/lib/python3.12/site-packages/airflow/example_dags/example_latest_only.py
[2024-10-07T21:42:28.910+0000] {processor.py:925} INFO - DAG(s) 'latest_only' retrieved from /home/airflow/.local/lib/python3.12/site-packages/airflow/example_dags/example_latest_only.py
[2024-10-07T21:42:28.923+0000] {logging_mixin.py:190} INFO - [2024-10-07T21:42:28.923+0000] {dag.py:3239} INFO - Sync 1 DAGs
[2024-10-07T21:42:28.935+0000] {logging_mixin.py:190} INFO - [2024-10-07T21:42:28.935+0000] {dag.py:4180} INFO - Setting next_dagrun for latest_only to 2024-10-07 16:00:00+00:00, run_after=2024-10-07 20:00:00+00:00
[2024-10-07T21:42:28.944+0000] {processor.py:208} INFO - Processing /home/airflow/.local/lib/python3.12/site-packages/airflow/example_dags/example_latest_only.py took 0.046 seconds
[2024-10-07T21:42:59.857+0000] {processor.py:186} INFO - Started process (PID=1900) to work on /home/airflow/.local/lib/python3.12/site-packages/airflow/example_dags/example_latest_only.py
[2024-10-07T21:42:59.858+0000] {processor.py:914} INFO - Processing file /home/airflow/.local/lib/python3.12/site-packages/airflow/example_dags/example_latest_only.py for tasks to queue
[2024-10-07T21:42:59.859+0000] {logging_mixin.py:190} INFO - [2024-10-07T21:42:59.859+0000] {dagbag.py:588} INFO - Filling up the DagBag from /home/airflow/.local/lib/python3.12/site-packages/airflow/example_dags/example_latest_only.py
[2024-10-07T21:42:59.863+0000] {processor.py:925} INFO - DAG(s) 'latest_only' retrieved from /home/airflow/.local/lib/python3.12/site-packages/airflow/example_dags/example_latest_only.py
[2024-10-07T21:42:59.876+0000] {logging_mixin.py:190} INFO - [2024-10-07T21:42:59.876+0000] {dag.py:3239} INFO - Sync 1 DAGs
[2024-10-07T21:42:59.890+0000] {logging_mixin.py:190} INFO - [2024-10-07T21:42:59.890+0000] {dag.py:4180} INFO - Setting next_dagrun for latest_only to 2024-10-07 16:00:00+00:00, run_after=2024-10-07 20:00:00+00:00
[2024-10-07T21:42:59.907+0000] {processor.py:208} INFO - Processing /home/airflow/.local/lib/python3.12/site-packages/airflow/example_dags/example_latest_only.py took 0.053 seconds
[2024-10-07T21:43:31.000+0000] {processor.py:186} INFO - Started process (PID=1962) to work on /home/airflow/.local/lib/python3.12/site-packages/airflow/example_dags/example_latest_only.py
[2024-10-07T21:43:31.001+0000] {processor.py:914} INFO - Processing file /home/airflow/.local/lib/python3.12/site-packages/airflow/example_dags/example_latest_only.py for tasks to queue
[2024-10-07T21:43:31.002+0000] {logging_mixin.py:190} INFO - [2024-10-07T21:43:31.002+0000] {dagbag.py:588} INFO - Filling up the DagBag from /home/airflow/.local/lib/python3.12/site-packages/airflow/example_dags/example_latest_only.py
[2024-10-07T21:43:31.007+0000] {processor.py:925} INFO - DAG(s) 'latest_only' retrieved from /home/airflow/.local/lib/python3.12/site-packages/airflow/example_dags/example_latest_only.py
[2024-10-07T21:43:31.024+0000] {logging_mixin.py:190} INFO - [2024-10-07T21:43:31.024+0000] {dag.py:3239} INFO - Sync 1 DAGs
[2024-10-07T21:43:31.040+0000] {logging_mixin.py:190} INFO - [2024-10-07T21:43:31.040+0000] {dag.py:4180} INFO - Setting next_dagrun for latest_only to 2024-10-07 16:00:00+00:00, run_after=2024-10-07 20:00:00+00:00
[2024-10-07T21:43:31.052+0000] {processor.py:208} INFO - Processing /home/airflow/.local/lib/python3.12/site-packages/airflow/example_dags/example_latest_only.py took 0.056 seconds
[2024-10-07T21:44:02.288+0000] {processor.py:186} INFO - Started process (PID=2024) to work on /home/airflow/.local/lib/python3.12/site-packages/airflow/example_dags/example_latest_only.py
[2024-10-07T21:44:02.290+0000] {processor.py:914} INFO - Processing file /home/airflow/.local/lib/python3.12/site-packages/airflow/example_dags/example_latest_only.py for tasks to queue
[2024-10-07T21:44:02.292+0000] {logging_mixin.py:190} INFO - [2024-10-07T21:44:02.292+0000] {dagbag.py:588} INFO - Filling up the DagBag from /home/airflow/.local/lib/python3.12/site-packages/airflow/example_dags/example_latest_only.py
[2024-10-07T21:44:02.297+0000] {processor.py:925} INFO - DAG(s) 'latest_only' retrieved from /home/airflow/.local/lib/python3.12/site-packages/airflow/example_dags/example_latest_only.py
[2024-10-07T21:44:02.311+0000] {logging_mixin.py:190} INFO - [2024-10-07T21:44:02.311+0000] {dag.py:3239} INFO - Sync 1 DAGs
[2024-10-07T21:44:02.328+0000] {logging_mixin.py:190} INFO - [2024-10-07T21:44:02.328+0000] {dag.py:4180} INFO - Setting next_dagrun for latest_only to 2024-10-07 16:00:00+00:00, run_after=2024-10-07 20:00:00+00:00
[2024-10-07T21:44:02.341+0000] {processor.py:208} INFO - Processing /home/airflow/.local/lib/python3.12/site-packages/airflow/example_dags/example_latest_only.py took 0.058 seconds
[2024-10-07T21:44:33.040+0000] {processor.py:186} INFO - Started process (PID=2086) to work on /home/airflow/.local/lib/python3.12/site-packages/airflow/example_dags/example_latest_only.py
[2024-10-07T21:44:33.041+0000] {processor.py:914} INFO - Processing file /home/airflow/.local/lib/python3.12/site-packages/airflow/example_dags/example_latest_only.py for tasks to queue
[2024-10-07T21:44:33.046+0000] {logging_mixin.py:190} INFO - [2024-10-07T21:44:33.045+0000] {dagbag.py:588} INFO - Filling up the DagBag from /home/airflow/.local/lib/python3.12/site-packages/airflow/example_dags/example_latest_only.py
[2024-10-07T21:44:33.050+0000] {processor.py:925} INFO - DAG(s) 'latest_only' retrieved from /home/airflow/.local/lib/python3.12/site-packages/airflow/example_dags/example_latest_only.py
[2024-10-07T21:44:33.065+0000] {logging_mixin.py:190} INFO - [2024-10-07T21:44:33.065+0000] {dag.py:3239} INFO - Sync 1 DAGs
[2024-10-07T21:44:33.076+0000] {logging_mixin.py:190} INFO - [2024-10-07T21:44:33.076+0000] {dag.py:4180} INFO - Setting next_dagrun for latest_only to 2024-10-07 16:00:00+00:00, run_after=2024-10-07 20:00:00+00:00
[2024-10-07T21:44:33.091+0000] {processor.py:208} INFO - Processing /home/airflow/.local/lib/python3.12/site-packages/airflow/example_dags/example_latest_only.py took 0.055 seconds
[2024-10-07T21:45:04.041+0000] {processor.py:186} INFO - Started process (PID=2148) to work on /home/airflow/.local/lib/python3.12/site-packages/airflow/example_dags/example_latest_only.py
[2024-10-07T21:45:04.042+0000] {processor.py:914} INFO - Processing file /home/airflow/.local/lib/python3.12/site-packages/airflow/example_dags/example_latest_only.py for tasks to queue
[2024-10-07T21:45:04.044+0000] {logging_mixin.py:190} INFO - [2024-10-07T21:45:04.044+0000] {dagbag.py:588} INFO - Filling up the DagBag from /home/airflow/.local/lib/python3.12/site-packages/airflow/example_dags/example_latest_only.py
[2024-10-07T21:45:04.051+0000] {processor.py:925} INFO - DAG(s) 'latest_only' retrieved from /home/airflow/.local/lib/python3.12/site-packages/airflow/example_dags/example_latest_only.py
[2024-10-07T21:45:04.062+0000] {logging_mixin.py:190} INFO - [2024-10-07T21:45:04.062+0000] {dag.py:3239} INFO - Sync 1 DAGs
[2024-10-07T21:45:04.074+0000] {logging_mixin.py:190} INFO - [2024-10-07T21:45:04.074+0000] {dag.py:4180} INFO - Setting next_dagrun for latest_only to 2024-10-07 16:00:00+00:00, run_after=2024-10-07 20:00:00+00:00
[2024-10-07T21:45:04.083+0000] {processor.py:208} INFO - Processing /home/airflow/.local/lib/python3.12/site-packages/airflow/example_dags/example_latest_only.py took 0.045 seconds
[2024-10-07T21:45:34.854+0000] {processor.py:186} INFO - Started process (PID=2210) to work on /home/airflow/.local/lib/python3.12/site-packages/airflow/example_dags/example_latest_only.py
[2024-10-07T21:45:34.855+0000] {processor.py:914} INFO - Processing file /home/airflow/.local/lib/python3.12/site-packages/airflow/example_dags/example_latest_only.py for tasks to queue
[2024-10-07T21:45:34.856+0000] {logging_mixin.py:190} INFO - [2024-10-07T21:45:34.856+0000] {dagbag.py:588} INFO - Filling up the DagBag from /home/airflow/.local/lib/python3.12/site-packages/airflow/example_dags/example_latest_only.py
[2024-10-07T21:45:34.860+0000] {processor.py:925} INFO - DAG(s) 'latest_only' retrieved from /home/airflow/.local/lib/python3.12/site-packages/airflow/example_dags/example_latest_only.py
[2024-10-07T21:45:34.873+0000] {logging_mixin.py:190} INFO - [2024-10-07T21:45:34.873+0000] {dag.py:3239} INFO - Sync 1 DAGs
[2024-10-07T21:45:34.902+0000] {logging_mixin.py:190} INFO - [2024-10-07T21:45:34.901+0000] {dag.py:4180} INFO - Setting next_dagrun for latest_only to 2024-10-07 16:00:00+00:00, run_after=2024-10-07 20:00:00+00:00
[2024-10-07T21:45:34.980+0000] {processor.py:208} INFO - Processing /home/airflow/.local/lib/python3.12/site-packages/airflow/example_dags/example_latest_only.py took 0.129 seconds
[2024-10-07T21:46:05.203+0000] {processor.py:186} INFO - Started process (PID=2272) to work on /home/airflow/.local/lib/python3.12/site-packages/airflow/example_dags/example_latest_only.py
[2024-10-07T21:46:05.204+0000] {processor.py:914} INFO - Processing file /home/airflow/.local/lib/python3.12/site-packages/airflow/example_dags/example_latest_only.py for tasks to queue
[2024-10-07T21:46:05.205+0000] {logging_mixin.py:190} INFO - [2024-10-07T21:46:05.205+0000] {dagbag.py:588} INFO - Filling up the DagBag from /home/airflow/.local/lib/python3.12/site-packages/airflow/example_dags/example_latest_only.py
[2024-10-07T21:46:05.209+0000] {processor.py:925} INFO - DAG(s) 'latest_only' retrieved from /home/airflow/.local/lib/python3.12/site-packages/airflow/example_dags/example_latest_only.py
[2024-10-07T21:46:05.218+0000] {logging_mixin.py:190} INFO - [2024-10-07T21:46:05.218+0000] {dag.py:3239} INFO - Sync 1 DAGs
[2024-10-07T21:46:05.230+0000] {logging_mixin.py:190} INFO - [2024-10-07T21:46:05.230+0000] {dag.py:4180} INFO - Setting next_dagrun for latest_only to 2024-10-07 16:00:00+00:00, run_after=2024-10-07 20:00:00+00:00
[2024-10-07T21:46:05.238+0000] {processor.py:208} INFO - Processing /home/airflow/.local/lib/python3.12/site-packages/airflow/example_dags/example_latest_only.py took 0.038 seconds
[2024-10-07T21:46:36.265+0000] {processor.py:186} INFO - Started process (PID=2334) to work on /home/airflow/.local/lib/python3.12/site-packages/airflow/example_dags/example_latest_only.py
[2024-10-07T21:46:36.266+0000] {processor.py:914} INFO - Processing file /home/airflow/.local/lib/python3.12/site-packages/airflow/example_dags/example_latest_only.py for tasks to queue
[2024-10-07T21:46:36.268+0000] {logging_mixin.py:190} INFO - [2024-10-07T21:46:36.267+0000] {dagbag.py:588} INFO - Filling up the DagBag from /home/airflow/.local/lib/python3.12/site-packages/airflow/example_dags/example_latest_only.py
[2024-10-07T21:46:36.272+0000] {processor.py:925} INFO - DAG(s) 'latest_only' retrieved from /home/airflow/.local/lib/python3.12/site-packages/airflow/example_dags/example_latest_only.py
[2024-10-07T21:46:36.282+0000] {logging_mixin.py:190} INFO - [2024-10-07T21:46:36.282+0000] {dag.py:3239} INFO - Sync 1 DAGs
[2024-10-07T21:46:36.293+0000] {logging_mixin.py:190} INFO - [2024-10-07T21:46:36.293+0000] {dag.py:4180} INFO - Setting next_dagrun for latest_only to 2024-10-07 16:00:00+00:00, run_after=2024-10-07 20:00:00+00:00
[2024-10-07T21:46:36.305+0000] {processor.py:208} INFO - Processing /home/airflow/.local/lib/python3.12/site-packages/airflow/example_dags/example_latest_only.py took 0.043 seconds
[2024-10-07T21:47:07.048+0000] {processor.py:186} INFO - Started process (PID=2396) to work on /home/airflow/.local/lib/python3.12/site-packages/airflow/example_dags/example_latest_only.py
[2024-10-07T21:47:07.049+0000] {processor.py:914} INFO - Processing file /home/airflow/.local/lib/python3.12/site-packages/airflow/example_dags/example_latest_only.py for tasks to queue
[2024-10-07T21:47:07.050+0000] {logging_mixin.py:190} INFO - [2024-10-07T21:47:07.050+0000] {dagbag.py:588} INFO - Filling up the DagBag from /home/airflow/.local/lib/python3.12/site-packages/airflow/example_dags/example_latest_only.py
[2024-10-07T21:47:07.055+0000] {processor.py:925} INFO - DAG(s) 'latest_only' retrieved from /home/airflow/.local/lib/python3.12/site-packages/airflow/example_dags/example_latest_only.py
[2024-10-07T21:47:07.071+0000] {logging_mixin.py:190} INFO - [2024-10-07T21:47:07.070+0000] {dag.py:3239} INFO - Sync 1 DAGs
[2024-10-07T21:47:07.107+0000] {logging_mixin.py:190} INFO - [2024-10-07T21:47:07.107+0000] {dag.py:4180} INFO - Setting next_dagrun for latest_only to 2024-10-07 16:00:00+00:00, run_after=2024-10-07 20:00:00+00:00
[2024-10-07T21:47:07.122+0000] {processor.py:208} INFO - Processing /home/airflow/.local/lib/python3.12/site-packages/airflow/example_dags/example_latest_only.py took 0.078 seconds
[2024-10-07T21:47:38.381+0000] {processor.py:186} INFO - Started process (PID=2458) to work on /home/airflow/.local/lib/python3.12/site-packages/airflow/example_dags/example_latest_only.py
[2024-10-07T21:47:38.382+0000] {processor.py:914} INFO - Processing file /home/airflow/.local/lib/python3.12/site-packages/airflow/example_dags/example_latest_only.py for tasks to queue
[2024-10-07T21:47:38.384+0000] {logging_mixin.py:190} INFO - [2024-10-07T21:47:38.383+0000] {dagbag.py:588} INFO - Filling up the DagBag from /home/airflow/.local/lib/python3.12/site-packages/airflow/example_dags/example_latest_only.py
[2024-10-07T21:47:38.389+0000] {processor.py:925} INFO - DAG(s) 'latest_only' retrieved from /home/airflow/.local/lib/python3.12/site-packages/airflow/example_dags/example_latest_only.py
[2024-10-07T21:47:38.403+0000] {logging_mixin.py:190} INFO - [2024-10-07T21:47:38.403+0000] {dag.py:3239} INFO - Sync 1 DAGs
[2024-10-07T21:47:38.426+0000] {logging_mixin.py:190} INFO - [2024-10-07T21:47:38.426+0000] {dag.py:4180} INFO - Setting next_dagrun for latest_only to 2024-10-07 16:00:00+00:00, run_after=2024-10-07 20:00:00+00:00
[2024-10-07T21:47:38.442+0000] {processor.py:208} INFO - Processing /home/airflow/.local/lib/python3.12/site-packages/airflow/example_dags/example_latest_only.py took 0.065 seconds
[2024-10-07T21:48:09.510+0000] {processor.py:186} INFO - Started process (PID=2520) to work on /home/airflow/.local/lib/python3.12/site-packages/airflow/example_dags/example_latest_only.py
[2024-10-07T21:48:09.511+0000] {processor.py:914} INFO - Processing file /home/airflow/.local/lib/python3.12/site-packages/airflow/example_dags/example_latest_only.py for tasks to queue
[2024-10-07T21:48:09.513+0000] {logging_mixin.py:190} INFO - [2024-10-07T21:48:09.513+0000] {dagbag.py:588} INFO - Filling up the DagBag from /home/airflow/.local/lib/python3.12/site-packages/airflow/example_dags/example_latest_only.py
[2024-10-07T21:48:09.518+0000] {processor.py:925} INFO - DAG(s) 'latest_only' retrieved from /home/airflow/.local/lib/python3.12/site-packages/airflow/example_dags/example_latest_only.py
[2024-10-07T21:48:09.530+0000] {logging_mixin.py:190} INFO - [2024-10-07T21:48:09.530+0000] {dag.py:3239} INFO - Sync 1 DAGs
[2024-10-07T21:48:09.545+0000] {logging_mixin.py:190} INFO - [2024-10-07T21:48:09.545+0000] {dag.py:4180} INFO - Setting next_dagrun for latest_only to 2024-10-07 16:00:00+00:00, run_after=2024-10-07 20:00:00+00:00
[2024-10-07T21:48:09.554+0000] {processor.py:208} INFO - Processing /home/airflow/.local/lib/python3.12/site-packages/airflow/example_dags/example_latest_only.py took 0.047 seconds
[2024-10-07T21:48:40.717+0000] {processor.py:186} INFO - Started process (PID=2582) to work on /home/airflow/.local/lib/python3.12/site-packages/airflow/example_dags/example_latest_only.py
[2024-10-07T21:48:40.718+0000] {processor.py:914} INFO - Processing file /home/airflow/.local/lib/python3.12/site-packages/airflow/example_dags/example_latest_only.py for tasks to queue
[2024-10-07T21:48:40.720+0000] {logging_mixin.py:190} INFO - [2024-10-07T21:48:40.720+0000] {dagbag.py:588} INFO - Filling up the DagBag from /home/airflow/.local/lib/python3.12/site-packages/airflow/example_dags/example_latest_only.py
[2024-10-07T21:48:40.724+0000] {processor.py:925} INFO - DAG(s) 'latest_only' retrieved from /home/airflow/.local/lib/python3.12/site-packages/airflow/example_dags/example_latest_only.py
[2024-10-07T21:48:40.737+0000] {logging_mixin.py:190} INFO - [2024-10-07T21:48:40.737+0000] {dag.py:3239} INFO - Sync 1 DAGs
[2024-10-07T21:48:40.749+0000] {logging_mixin.py:190} INFO - [2024-10-07T21:48:40.749+0000] {dag.py:4180} INFO - Setting next_dagrun for latest_only to 2024-10-07 16:00:00+00:00, run_after=2024-10-07 20:00:00+00:00
[2024-10-07T21:48:40.757+0000] {processor.py:208} INFO - Processing /home/airflow/.local/lib/python3.12/site-packages/airflow/example_dags/example_latest_only.py took 0.043 seconds
[2024-10-07T21:49:11.485+0000] {processor.py:186} INFO - Started process (PID=2644) to work on /home/airflow/.local/lib/python3.12/site-packages/airflow/example_dags/example_latest_only.py
[2024-10-07T21:49:11.488+0000] {processor.py:914} INFO - Processing file /home/airflow/.local/lib/python3.12/site-packages/airflow/example_dags/example_latest_only.py for tasks to queue
[2024-10-07T21:49:11.490+0000] {logging_mixin.py:190} INFO - [2024-10-07T21:49:11.490+0000] {dagbag.py:588} INFO - Filling up the DagBag from /home/airflow/.local/lib/python3.12/site-packages/airflow/example_dags/example_latest_only.py
[2024-10-07T21:49:11.493+0000] {processor.py:925} INFO - DAG(s) 'latest_only' retrieved from /home/airflow/.local/lib/python3.12/site-packages/airflow/example_dags/example_latest_only.py
[2024-10-07T21:49:11.503+0000] {logging_mixin.py:190} INFO - [2024-10-07T21:49:11.503+0000] {dag.py:3239} INFO - Sync 1 DAGs
[2024-10-07T21:49:11.515+0000] {logging_mixin.py:190} INFO - [2024-10-07T21:49:11.515+0000] {dag.py:4180} INFO - Setting next_dagrun for latest_only to 2024-10-07 16:00:00+00:00, run_after=2024-10-07 20:00:00+00:00
[2024-10-07T21:49:11.525+0000] {processor.py:208} INFO - Processing /home/airflow/.local/lib/python3.12/site-packages/airflow/example_dags/example_latest_only.py took 0.042 seconds
[2024-10-07T21:49:42.293+0000] {processor.py:186} INFO - Started process (PID=2706) to work on /home/airflow/.local/lib/python3.12/site-packages/airflow/example_dags/example_latest_only.py
[2024-10-07T21:49:42.294+0000] {processor.py:914} INFO - Processing file /home/airflow/.local/lib/python3.12/site-packages/airflow/example_dags/example_latest_only.py for tasks to queue
[2024-10-07T21:49:42.295+0000] {logging_mixin.py:190} INFO - [2024-10-07T21:49:42.295+0000] {dagbag.py:588} INFO - Filling up the DagBag from /home/airflow/.local/lib/python3.12/site-packages/airflow/example_dags/example_latest_only.py
[2024-10-07T21:49:42.299+0000] {processor.py:925} INFO - DAG(s) 'latest_only' retrieved from /home/airflow/.local/lib/python3.12/site-packages/airflow/example_dags/example_latest_only.py
[2024-10-07T21:49:42.309+0000] {logging_mixin.py:190} INFO - [2024-10-07T21:49:42.309+0000] {dag.py:3239} INFO - Sync 1 DAGs
[2024-10-07T21:49:42.320+0000] {logging_mixin.py:190} INFO - [2024-10-07T21:49:42.320+0000] {dag.py:4180} INFO - Setting next_dagrun for latest_only to 2024-10-07 16:00:00+00:00, run_after=2024-10-07 20:00:00+00:00
[2024-10-07T21:49:42.328+0000] {processor.py:208} INFO - Processing /home/airflow/.local/lib/python3.12/site-packages/airflow/example_dags/example_latest_only.py took 0.039 seconds
[2024-10-07T21:50:12.732+0000] {processor.py:186} INFO - Started process (PID=2768) to work on /home/airflow/.local/lib/python3.12/site-packages/airflow/example_dags/example_latest_only.py
[2024-10-07T21:50:12.733+0000] {processor.py:914} INFO - Processing file /home/airflow/.local/lib/python3.12/site-packages/airflow/example_dags/example_latest_only.py for tasks to queue
[2024-10-07T21:50:12.734+0000] {logging_mixin.py:190} INFO - [2024-10-07T21:50:12.734+0000] {dagbag.py:588} INFO - Filling up the DagBag from /home/airflow/.local/lib/python3.12/site-packages/airflow/example_dags/example_latest_only.py
[2024-10-07T21:50:12.738+0000] {processor.py:925} INFO - DAG(s) 'latest_only' retrieved from /home/airflow/.local/lib/python3.12/site-packages/airflow/example_dags/example_latest_only.py
[2024-10-07T21:50:12.749+0000] {logging_mixin.py:190} INFO - [2024-10-07T21:50:12.749+0000] {dag.py:3239} INFO - Sync 1 DAGs
[2024-10-07T21:50:12.765+0000] {logging_mixin.py:190} INFO - [2024-10-07T21:50:12.765+0000] {dag.py:4180} INFO - Setting next_dagrun for latest_only to 2024-10-07 16:00:00+00:00, run_after=2024-10-07 20:00:00+00:00
[2024-10-07T21:50:12.778+0000] {processor.py:208} INFO - Processing /home/airflow/.local/lib/python3.12/site-packages/airflow/example_dags/example_latest_only.py took 0.049 seconds
[2024-10-07T21:50:44.812+0000] {processor.py:186} INFO - Started process (PID=2836) to work on /home/airflow/.local/lib/python3.12/site-packages/airflow/example_dags/example_latest_only.py
[2024-10-07T21:50:44.813+0000] {processor.py:914} INFO - Processing file /home/airflow/.local/lib/python3.12/site-packages/airflow/example_dags/example_latest_only.py for tasks to queue
[2024-10-07T21:50:44.815+0000] {logging_mixin.py:190} INFO - [2024-10-07T21:50:44.815+0000] {dagbag.py:588} INFO - Filling up the DagBag from /home/airflow/.local/lib/python3.12/site-packages/airflow/example_dags/example_latest_only.py
[2024-10-07T21:50:44.818+0000] {processor.py:925} INFO - DAG(s) 'latest_only' retrieved from /home/airflow/.local/lib/python3.12/site-packages/airflow/example_dags/example_latest_only.py
[2024-10-07T21:50:44.830+0000] {logging_mixin.py:190} INFO - [2024-10-07T21:50:44.830+0000] {dag.py:3239} INFO - Sync 1 DAGs
[2024-10-07T21:50:44.842+0000] {logging_mixin.py:190} INFO - [2024-10-07T21:50:44.842+0000] {dag.py:4180} INFO - Setting next_dagrun for latest_only to 2024-10-07 16:00:00+00:00, run_after=2024-10-07 20:00:00+00:00
[2024-10-07T21:50:44.853+0000] {processor.py:208} INFO - Processing /home/airflow/.local/lib/python3.12/site-packages/airflow/example_dags/example_latest_only.py took 0.043 seconds
[2024-10-07T21:51:16.270+0000] {processor.py:186} INFO - Started process (PID=2898) to work on /home/airflow/.local/lib/python3.12/site-packages/airflow/example_dags/example_latest_only.py
[2024-10-07T21:51:16.272+0000] {processor.py:914} INFO - Processing file /home/airflow/.local/lib/python3.12/site-packages/airflow/example_dags/example_latest_only.py for tasks to queue
[2024-10-07T21:51:16.273+0000] {logging_mixin.py:190} INFO - [2024-10-07T21:51:16.273+0000] {dagbag.py:588} INFO - Filling up the DagBag from /home/airflow/.local/lib/python3.12/site-packages/airflow/example_dags/example_latest_only.py
[2024-10-07T21:51:16.277+0000] {processor.py:925} INFO - DAG(s) 'latest_only' retrieved from /home/airflow/.local/lib/python3.12/site-packages/airflow/example_dags/example_latest_only.py
[2024-10-07T21:51:16.288+0000] {logging_mixin.py:190} INFO - [2024-10-07T21:51:16.288+0000] {dag.py:3239} INFO - Sync 1 DAGs
[2024-10-07T21:51:16.300+0000] {logging_mixin.py:190} INFO - [2024-10-07T21:51:16.300+0000] {dag.py:4180} INFO - Setting next_dagrun for latest_only to 2024-10-07 16:00:00+00:00, run_after=2024-10-07 20:00:00+00:00
[2024-10-07T21:51:16.310+0000] {processor.py:208} INFO - Processing /home/airflow/.local/lib/python3.12/site-packages/airflow/example_dags/example_latest_only.py took 0.043 seconds
[2024-10-07T21:51:47.018+0000] {processor.py:186} INFO - Started process (PID=2960) to work on /home/airflow/.local/lib/python3.12/site-packages/airflow/example_dags/example_latest_only.py
[2024-10-07T21:51:47.019+0000] {processor.py:914} INFO - Processing file /home/airflow/.local/lib/python3.12/site-packages/airflow/example_dags/example_latest_only.py for tasks to queue
[2024-10-07T21:51:47.020+0000] {logging_mixin.py:190} INFO - [2024-10-07T21:51:47.020+0000] {dagbag.py:588} INFO - Filling up the DagBag from /home/airflow/.local/lib/python3.12/site-packages/airflow/example_dags/example_latest_only.py
[2024-10-07T21:51:47.023+0000] {processor.py:925} INFO - DAG(s) 'latest_only' retrieved from /home/airflow/.local/lib/python3.12/site-packages/airflow/example_dags/example_latest_only.py
[2024-10-07T21:51:47.124+0000] {logging_mixin.py:190} INFO - [2024-10-07T21:51:47.124+0000] {dag.py:3239} INFO - Sync 1 DAGs
[2024-10-07T21:51:47.132+0000] {logging_mixin.py:190} INFO - [2024-10-07T21:51:47.132+0000] {dag.py:4180} INFO - Setting next_dagrun for latest_only to 2024-10-07 16:00:00+00:00, run_after=2024-10-07 20:00:00+00:00
[2024-10-07T21:51:47.139+0000] {processor.py:208} INFO - Processing /home/airflow/.local/lib/python3.12/site-packages/airflow/example_dags/example_latest_only.py took 0.124 seconds
[2024-10-07T21:52:17.873+0000] {processor.py:186} INFO - Started process (PID=3022) to work on /home/airflow/.local/lib/python3.12/site-packages/airflow/example_dags/example_latest_only.py
[2024-10-07T21:52:17.873+0000] {processor.py:914} INFO - Processing file /home/airflow/.local/lib/python3.12/site-packages/airflow/example_dags/example_latest_only.py for tasks to queue
[2024-10-07T21:52:17.875+0000] {logging_mixin.py:190} INFO - [2024-10-07T21:52:17.875+0000] {dagbag.py:588} INFO - Filling up the DagBag from /home/airflow/.local/lib/python3.12/site-packages/airflow/example_dags/example_latest_only.py
[2024-10-07T21:52:17.880+0000] {processor.py:925} INFO - DAG(s) 'latest_only' retrieved from /home/airflow/.local/lib/python3.12/site-packages/airflow/example_dags/example_latest_only.py
[2024-10-07T21:52:17.892+0000] {logging_mixin.py:190} INFO - [2024-10-07T21:52:17.892+0000] {dag.py:3239} INFO - Sync 1 DAGs
[2024-10-07T21:52:17.905+0000] {logging_mixin.py:190} INFO - [2024-10-07T21:52:17.905+0000] {dag.py:4180} INFO - Setting next_dagrun for latest_only to 2024-10-07 16:00:00+00:00, run_after=2024-10-07 20:00:00+00:00
[2024-10-07T21:52:17.916+0000] {processor.py:208} INFO - Processing /home/airflow/.local/lib/python3.12/site-packages/airflow/example_dags/example_latest_only.py took 0.047 seconds
[2024-10-07T21:52:48.437+0000] {processor.py:186} INFO - Started process (PID=3084) to work on /home/airflow/.local/lib/python3.12/site-packages/airflow/example_dags/example_latest_only.py
[2024-10-07T21:52:48.438+0000] {processor.py:914} INFO - Processing file /home/airflow/.local/lib/python3.12/site-packages/airflow/example_dags/example_latest_only.py for tasks to queue
[2024-10-07T21:52:48.440+0000] {logging_mixin.py:190} INFO - [2024-10-07T21:52:48.439+0000] {dagbag.py:588} INFO - Filling up the DagBag from /home/airflow/.local/lib/python3.12/site-packages/airflow/example_dags/example_latest_only.py
[2024-10-07T21:52:48.444+0000] {processor.py:925} INFO - DAG(s) 'latest_only' retrieved from /home/airflow/.local/lib/python3.12/site-packages/airflow/example_dags/example_latest_only.py
[2024-10-07T21:52:48.457+0000] {logging_mixin.py:190} INFO - [2024-10-07T21:52:48.457+0000] {dag.py:3239} INFO - Sync 1 DAGs
[2024-10-07T21:52:48.476+0000] {logging_mixin.py:190} INFO - [2024-10-07T21:52:48.476+0000] {dag.py:4180} INFO - Setting next_dagrun for latest_only to 2024-10-07 16:00:00+00:00, run_after=2024-10-07 20:00:00+00:00
[2024-10-07T21:52:48.499+0000] {processor.py:208} INFO - Processing /home/airflow/.local/lib/python3.12/site-packages/airflow/example_dags/example_latest_only.py took 0.067 seconds
[2024-10-07T21:53:19.111+0000] {processor.py:186} INFO - Started process (PID=3146) to work on /home/airflow/.local/lib/python3.12/site-packages/airflow/example_dags/example_latest_only.py
[2024-10-07T21:53:19.112+0000] {processor.py:914} INFO - Processing file /home/airflow/.local/lib/python3.12/site-packages/airflow/example_dags/example_latest_only.py for tasks to queue
[2024-10-07T21:53:19.114+0000] {logging_mixin.py:190} INFO - [2024-10-07T21:53:19.114+0000] {dagbag.py:588} INFO - Filling up the DagBag from /home/airflow/.local/lib/python3.12/site-packages/airflow/example_dags/example_latest_only.py
[2024-10-07T21:53:19.118+0000] {processor.py:925} INFO - DAG(s) 'latest_only' retrieved from /home/airflow/.local/lib/python3.12/site-packages/airflow/example_dags/example_latest_only.py
[2024-10-07T21:53:19.132+0000] {logging_mixin.py:190} INFO - [2024-10-07T21:53:19.132+0000] {dag.py:3239} INFO - Sync 1 DAGs
[2024-10-07T21:53:19.144+0000] {logging_mixin.py:190} INFO - [2024-10-07T21:53:19.144+0000] {dag.py:4180} INFO - Setting next_dagrun for latest_only to 2024-10-07 16:00:00+00:00, run_after=2024-10-07 20:00:00+00:00
[2024-10-07T21:53:19.156+0000] {processor.py:208} INFO - Processing /home/airflow/.local/lib/python3.12/site-packages/airflow/example_dags/example_latest_only.py took 0.048 seconds
[2024-10-07T21:53:49.520+0000] {processor.py:186} INFO - Started process (PID=3208) to work on /home/airflow/.local/lib/python3.12/site-packages/airflow/example_dags/example_latest_only.py
[2024-10-07T21:53:49.521+0000] {processor.py:914} INFO - Processing file /home/airflow/.local/lib/python3.12/site-packages/airflow/example_dags/example_latest_only.py for tasks to queue
[2024-10-07T21:53:49.524+0000] {logging_mixin.py:190} INFO - [2024-10-07T21:53:49.524+0000] {dagbag.py:588} INFO - Filling up the DagBag from /home/airflow/.local/lib/python3.12/site-packages/airflow/example_dags/example_latest_only.py
[2024-10-07T21:53:49.529+0000] {processor.py:925} INFO - DAG(s) 'latest_only' retrieved from /home/airflow/.local/lib/python3.12/site-packages/airflow/example_dags/example_latest_only.py
[2024-10-07T21:53:49.543+0000] {logging_mixin.py:190} INFO - [2024-10-07T21:53:49.543+0000] {dag.py:3239} INFO - Sync 1 DAGs
[2024-10-07T21:53:49.555+0000] {logging_mixin.py:190} INFO - [2024-10-07T21:53:49.555+0000] {dag.py:4180} INFO - Setting next_dagrun for latest_only to 2024-10-07 16:00:00+00:00, run_after=2024-10-07 20:00:00+00:00
[2024-10-07T21:53:49.565+0000] {processor.py:208} INFO - Processing /home/airflow/.local/lib/python3.12/site-packages/airflow/example_dags/example_latest_only.py took 0.050 seconds
[2024-10-07T21:54:19.944+0000] {processor.py:186} INFO - Started process (PID=3270) to work on /home/airflow/.local/lib/python3.12/site-packages/airflow/example_dags/example_latest_only.py
[2024-10-07T21:54:19.945+0000] {processor.py:914} INFO - Processing file /home/airflow/.local/lib/python3.12/site-packages/airflow/example_dags/example_latest_only.py for tasks to queue
[2024-10-07T21:54:19.947+0000] {logging_mixin.py:190} INFO - [2024-10-07T21:54:19.946+0000] {dagbag.py:588} INFO - Filling up the DagBag from /home/airflow/.local/lib/python3.12/site-packages/airflow/example_dags/example_latest_only.py
[2024-10-07T21:54:19.950+0000] {processor.py:925} INFO - DAG(s) 'latest_only' retrieved from /home/airflow/.local/lib/python3.12/site-packages/airflow/example_dags/example_latest_only.py
[2024-10-07T21:54:19.963+0000] {logging_mixin.py:190} INFO - [2024-10-07T21:54:19.963+0000] {dag.py:3239} INFO - Sync 1 DAGs
[2024-10-07T21:54:19.976+0000] {logging_mixin.py:190} INFO - [2024-10-07T21:54:19.976+0000] {dag.py:4180} INFO - Setting next_dagrun for latest_only to 2024-10-07 16:00:00+00:00, run_after=2024-10-07 20:00:00+00:00
[2024-10-07T21:54:19.986+0000] {processor.py:208} INFO - Processing /home/airflow/.local/lib/python3.12/site-packages/airflow/example_dags/example_latest_only.py took 0.046 seconds
[2024-10-07T21:54:50.337+0000] {processor.py:186} INFO - Started process (PID=3332) to work on /home/airflow/.local/lib/python3.12/site-packages/airflow/example_dags/example_latest_only.py
[2024-10-07T21:54:50.338+0000] {processor.py:914} INFO - Processing file /home/airflow/.local/lib/python3.12/site-packages/airflow/example_dags/example_latest_only.py for tasks to queue
[2024-10-07T21:54:50.339+0000] {logging_mixin.py:190} INFO - [2024-10-07T21:54:50.339+0000] {dagbag.py:588} INFO - Filling up the DagBag from /home/airflow/.local/lib/python3.12/site-packages/airflow/example_dags/example_latest_only.py
[2024-10-07T21:54:50.344+0000] {processor.py:925} INFO - DAG(s) 'latest_only' retrieved from /home/airflow/.local/lib/python3.12/site-packages/airflow/example_dags/example_latest_only.py
[2024-10-07T21:54:50.357+0000] {logging_mixin.py:190} INFO - [2024-10-07T21:54:50.357+0000] {dag.py:3239} INFO - Sync 1 DAGs
[2024-10-07T21:54:50.369+0000] {logging_mixin.py:190} INFO - [2024-10-07T21:54:50.369+0000] {dag.py:4180} INFO - Setting next_dagrun for latest_only to 2024-10-07 16:00:00+00:00, run_after=2024-10-07 20:00:00+00:00
[2024-10-07T21:54:50.381+0000] {processor.py:208} INFO - Processing /home/airflow/.local/lib/python3.12/site-packages/airflow/example_dags/example_latest_only.py took 0.047 seconds
[2024-10-07T21:55:20.809+0000] {processor.py:186} INFO - Started process (PID=3394) to work on /home/airflow/.local/lib/python3.12/site-packages/airflow/example_dags/example_latest_only.py
[2024-10-07T21:55:20.810+0000] {processor.py:914} INFO - Processing file /home/airflow/.local/lib/python3.12/site-packages/airflow/example_dags/example_latest_only.py for tasks to queue
[2024-10-07T21:55:20.812+0000] {logging_mixin.py:190} INFO - [2024-10-07T21:55:20.811+0000] {dagbag.py:588} INFO - Filling up the DagBag from /home/airflow/.local/lib/python3.12/site-packages/airflow/example_dags/example_latest_only.py
[2024-10-07T21:55:20.816+0000] {processor.py:925} INFO - DAG(s) 'latest_only' retrieved from /home/airflow/.local/lib/python3.12/site-packages/airflow/example_dags/example_latest_only.py
[2024-10-07T21:55:20.834+0000] {logging_mixin.py:190} INFO - [2024-10-07T21:55:20.834+0000] {dag.py:3239} INFO - Sync 1 DAGs
[2024-10-07T21:55:20.851+0000] {logging_mixin.py:190} INFO - [2024-10-07T21:55:20.851+0000] {dag.py:4180} INFO - Setting next_dagrun for latest_only to 2024-10-07 16:00:00+00:00, run_after=2024-10-07 20:00:00+00:00
[2024-10-07T21:55:20.864+0000] {processor.py:208} INFO - Processing /home/airflow/.local/lib/python3.12/site-packages/airflow/example_dags/example_latest_only.py took 0.059 seconds
[2024-10-07T21:55:51.359+0000] {processor.py:186} INFO - Started process (PID=3456) to work on /home/airflow/.local/lib/python3.12/site-packages/airflow/example_dags/example_latest_only.py
[2024-10-07T21:55:51.362+0000] {processor.py:914} INFO - Processing file /home/airflow/.local/lib/python3.12/site-packages/airflow/example_dags/example_latest_only.py for tasks to queue
[2024-10-07T21:55:51.364+0000] {logging_mixin.py:190} INFO - [2024-10-07T21:55:51.364+0000] {dagbag.py:588} INFO - Filling up the DagBag from /home/airflow/.local/lib/python3.12/site-packages/airflow/example_dags/example_latest_only.py
[2024-10-07T21:55:51.369+0000] {processor.py:925} INFO - DAG(s) 'latest_only' retrieved from /home/airflow/.local/lib/python3.12/site-packages/airflow/example_dags/example_latest_only.py
[2024-10-07T21:55:51.382+0000] {logging_mixin.py:190} INFO - [2024-10-07T21:55:51.382+0000] {dag.py:3239} INFO - Sync 1 DAGs
[2024-10-07T21:55:51.395+0000] {logging_mixin.py:190} INFO - [2024-10-07T21:55:51.395+0000] {dag.py:4180} INFO - Setting next_dagrun for latest_only to 2024-10-07 16:00:00+00:00, run_after=2024-10-07 20:00:00+00:00
[2024-10-07T21:55:51.408+0000] {processor.py:208} INFO - Processing /home/airflow/.local/lib/python3.12/site-packages/airflow/example_dags/example_latest_only.py took 0.052 seconds
[2024-10-07T21:56:21.767+0000] {processor.py:186} INFO - Started process (PID=3518) to work on /home/airflow/.local/lib/python3.12/site-packages/airflow/example_dags/example_latest_only.py
[2024-10-07T21:56:21.768+0000] {processor.py:914} INFO - Processing file /home/airflow/.local/lib/python3.12/site-packages/airflow/example_dags/example_latest_only.py for tasks to queue
[2024-10-07T21:56:21.771+0000] {logging_mixin.py:190} INFO - [2024-10-07T21:56:21.771+0000] {dagbag.py:588} INFO - Filling up the DagBag from /home/airflow/.local/lib/python3.12/site-packages/airflow/example_dags/example_latest_only.py
[2024-10-07T21:56:21.780+0000] {processor.py:925} INFO - DAG(s) 'latest_only' retrieved from /home/airflow/.local/lib/python3.12/site-packages/airflow/example_dags/example_latest_only.py
[2024-10-07T21:56:21.811+0000] {logging_mixin.py:190} INFO - [2024-10-07T21:56:21.811+0000] {dag.py:3239} INFO - Sync 1 DAGs
[2024-10-07T21:56:21.849+0000] {logging_mixin.py:190} INFO - [2024-10-07T21:56:21.848+0000] {dag.py:4180} INFO - Setting next_dagrun for latest_only to 2024-10-07 16:00:00+00:00, run_after=2024-10-07 20:00:00+00:00
[2024-10-07T21:56:21.870+0000] {processor.py:208} INFO - Processing /home/airflow/.local/lib/python3.12/site-packages/airflow/example_dags/example_latest_only.py took 0.108 seconds
[2024-10-07T21:56:52.664+0000] {processor.py:186} INFO - Started process (PID=3580) to work on /home/airflow/.local/lib/python3.12/site-packages/airflow/example_dags/example_latest_only.py
[2024-10-07T21:56:52.665+0000] {processor.py:914} INFO - Processing file /home/airflow/.local/lib/python3.12/site-packages/airflow/example_dags/example_latest_only.py for tasks to queue
[2024-10-07T21:56:52.667+0000] {logging_mixin.py:190} INFO - [2024-10-07T21:56:52.667+0000] {dagbag.py:588} INFO - Filling up the DagBag from /home/airflow/.local/lib/python3.12/site-packages/airflow/example_dags/example_latest_only.py
[2024-10-07T21:56:52.672+0000] {processor.py:925} INFO - DAG(s) 'latest_only' retrieved from /home/airflow/.local/lib/python3.12/site-packages/airflow/example_dags/example_latest_only.py
[2024-10-07T21:56:52.686+0000] {logging_mixin.py:190} INFO - [2024-10-07T21:56:52.686+0000] {dag.py:3239} INFO - Sync 1 DAGs
[2024-10-07T21:56:52.707+0000] {logging_mixin.py:190} INFO - [2024-10-07T21:56:52.707+0000] {dag.py:4180} INFO - Setting next_dagrun for latest_only to 2024-10-07 16:00:00+00:00, run_after=2024-10-07 20:00:00+00:00
[2024-10-07T21:56:52.720+0000] {processor.py:208} INFO - Processing /home/airflow/.local/lib/python3.12/site-packages/airflow/example_dags/example_latest_only.py took 0.062 seconds
[2024-10-07T21:57:23.360+0000] {processor.py:186} INFO - Started process (PID=3642) to work on /home/airflow/.local/lib/python3.12/site-packages/airflow/example_dags/example_latest_only.py
[2024-10-07T21:57:23.363+0000] {processor.py:914} INFO - Processing file /home/airflow/.local/lib/python3.12/site-packages/airflow/example_dags/example_latest_only.py for tasks to queue
[2024-10-07T21:57:23.366+0000] {logging_mixin.py:190} INFO - [2024-10-07T21:57:23.366+0000] {dagbag.py:588} INFO - Filling up the DagBag from /home/airflow/.local/lib/python3.12/site-packages/airflow/example_dags/example_latest_only.py
[2024-10-07T21:57:23.370+0000] {processor.py:925} INFO - DAG(s) 'latest_only' retrieved from /home/airflow/.local/lib/python3.12/site-packages/airflow/example_dags/example_latest_only.py
[2024-10-07T21:57:23.384+0000] {logging_mixin.py:190} INFO - [2024-10-07T21:57:23.383+0000] {dag.py:3239} INFO - Sync 1 DAGs
[2024-10-07T21:57:23.398+0000] {logging_mixin.py:190} INFO - [2024-10-07T21:57:23.397+0000] {dag.py:4180} INFO - Setting next_dagrun for latest_only to 2024-10-07 16:00:00+00:00, run_after=2024-10-07 20:00:00+00:00
[2024-10-07T21:57:23.411+0000] {processor.py:208} INFO - Processing /home/airflow/.local/lib/python3.12/site-packages/airflow/example_dags/example_latest_only.py took 0.054 seconds
[2024-10-07T21:57:54.006+0000] {processor.py:186} INFO - Started process (PID=3704) to work on /home/airflow/.local/lib/python3.12/site-packages/airflow/example_dags/example_latest_only.py
[2024-10-07T21:57:54.006+0000] {processor.py:914} INFO - Processing file /home/airflow/.local/lib/python3.12/site-packages/airflow/example_dags/example_latest_only.py for tasks to queue
[2024-10-07T21:57:54.008+0000] {logging_mixin.py:190} INFO - [2024-10-07T21:57:54.008+0000] {dagbag.py:588} INFO - Filling up the DagBag from /home/airflow/.local/lib/python3.12/site-packages/airflow/example_dags/example_latest_only.py
[2024-10-07T21:57:54.012+0000] {processor.py:925} INFO - DAG(s) 'latest_only' retrieved from /home/airflow/.local/lib/python3.12/site-packages/airflow/example_dags/example_latest_only.py
[2024-10-07T21:57:54.025+0000] {logging_mixin.py:190} INFO - [2024-10-07T21:57:54.025+0000] {dag.py:3239} INFO - Sync 1 DAGs
[2024-10-07T21:57:54.038+0000] {logging_mixin.py:190} INFO - [2024-10-07T21:57:54.038+0000] {dag.py:4180} INFO - Setting next_dagrun for latest_only to 2024-10-07 16:00:00+00:00, run_after=2024-10-07 20:00:00+00:00
[2024-10-07T21:57:54.047+0000] {processor.py:208} INFO - Processing /home/airflow/.local/lib/python3.12/site-packages/airflow/example_dags/example_latest_only.py took 0.045 seconds
[2024-10-07T21:58:24.949+0000] {processor.py:186} INFO - Started process (PID=3766) to work on /home/airflow/.local/lib/python3.12/site-packages/airflow/example_dags/example_latest_only.py
[2024-10-07T21:58:24.950+0000] {processor.py:914} INFO - Processing file /home/airflow/.local/lib/python3.12/site-packages/airflow/example_dags/example_latest_only.py for tasks to queue
[2024-10-07T21:58:24.952+0000] {logging_mixin.py:190} INFO - [2024-10-07T21:58:24.952+0000] {dagbag.py:588} INFO - Filling up the DagBag from /home/airflow/.local/lib/python3.12/site-packages/airflow/example_dags/example_latest_only.py
[2024-10-07T21:58:24.958+0000] {processor.py:925} INFO - DAG(s) 'latest_only' retrieved from /home/airflow/.local/lib/python3.12/site-packages/airflow/example_dags/example_latest_only.py
[2024-10-07T21:58:24.974+0000] {logging_mixin.py:190} INFO - [2024-10-07T21:58:24.973+0000] {dag.py:3239} INFO - Sync 1 DAGs
[2024-10-07T21:58:24.993+0000] {logging_mixin.py:190} INFO - [2024-10-07T21:58:24.993+0000] {dag.py:4180} INFO - Setting next_dagrun for latest_only to 2024-10-07 16:00:00+00:00, run_after=2024-10-07 20:00:00+00:00
[2024-10-07T21:58:25.014+0000] {processor.py:208} INFO - Processing /home/airflow/.local/lib/python3.12/site-packages/airflow/example_dags/example_latest_only.py took 0.070 seconds
[2024-10-07T21:58:55.477+0000] {processor.py:186} INFO - Started process (PID=3828) to work on /home/airflow/.local/lib/python3.12/site-packages/airflow/example_dags/example_latest_only.py
[2024-10-07T21:58:55.478+0000] {processor.py:914} INFO - Processing file /home/airflow/.local/lib/python3.12/site-packages/airflow/example_dags/example_latest_only.py for tasks to queue
[2024-10-07T21:58:55.480+0000] {logging_mixin.py:190} INFO - [2024-10-07T21:58:55.480+0000] {dagbag.py:588} INFO - Filling up the DagBag from /home/airflow/.local/lib/python3.12/site-packages/airflow/example_dags/example_latest_only.py
[2024-10-07T21:58:55.487+0000] {processor.py:925} INFO - DAG(s) 'latest_only' retrieved from /home/airflow/.local/lib/python3.12/site-packages/airflow/example_dags/example_latest_only.py
[2024-10-07T21:58:55.505+0000] {logging_mixin.py:190} INFO - [2024-10-07T21:58:55.505+0000] {dag.py:3239} INFO - Sync 1 DAGs
[2024-10-07T21:58:55.525+0000] {logging_mixin.py:190} INFO - [2024-10-07T21:58:55.525+0000] {dag.py:4180} INFO - Setting next_dagrun for latest_only to 2024-10-07 16:00:00+00:00, run_after=2024-10-07 20:00:00+00:00
[2024-10-07T21:58:55.539+0000] {processor.py:208} INFO - Processing /home/airflow/.local/lib/python3.12/site-packages/airflow/example_dags/example_latest_only.py took 0.067 seconds
[2024-10-07T21:59:26.251+0000] {processor.py:186} INFO - Started process (PID=3890) to work on /home/airflow/.local/lib/python3.12/site-packages/airflow/example_dags/example_latest_only.py
[2024-10-07T21:59:26.252+0000] {processor.py:914} INFO - Processing file /home/airflow/.local/lib/python3.12/site-packages/airflow/example_dags/example_latest_only.py for tasks to queue
[2024-10-07T21:59:26.254+0000] {logging_mixin.py:190} INFO - [2024-10-07T21:59:26.254+0000] {dagbag.py:588} INFO - Filling up the DagBag from /home/airflow/.local/lib/python3.12/site-packages/airflow/example_dags/example_latest_only.py
[2024-10-07T21:59:26.260+0000] {processor.py:925} INFO - DAG(s) 'latest_only' retrieved from /home/airflow/.local/lib/python3.12/site-packages/airflow/example_dags/example_latest_only.py
[2024-10-07T21:59:26.274+0000] {logging_mixin.py:190} INFO - [2024-10-07T21:59:26.274+0000] {dag.py:3239} INFO - Sync 1 DAGs
[2024-10-07T21:59:26.291+0000] {logging_mixin.py:190} INFO - [2024-10-07T21:59:26.290+0000] {dag.py:4180} INFO - Setting next_dagrun for latest_only to 2024-10-07 16:00:00+00:00, run_after=2024-10-07 20:00:00+00:00
[2024-10-07T21:59:26.300+0000] {processor.py:208} INFO - Processing /home/airflow/.local/lib/python3.12/site-packages/airflow/example_dags/example_latest_only.py took 0.053 seconds
[2024-10-07T21:59:56.713+0000] {processor.py:186} INFO - Started process (PID=3952) to work on /home/airflow/.local/lib/python3.12/site-packages/airflow/example_dags/example_latest_only.py
[2024-10-07T21:59:56.714+0000] {processor.py:914} INFO - Processing file /home/airflow/.local/lib/python3.12/site-packages/airflow/example_dags/example_latest_only.py for tasks to queue
[2024-10-07T21:59:56.715+0000] {logging_mixin.py:190} INFO - [2024-10-07T21:59:56.715+0000] {dagbag.py:588} INFO - Filling up the DagBag from /home/airflow/.local/lib/python3.12/site-packages/airflow/example_dags/example_latest_only.py
[2024-10-07T21:59:56.719+0000] {processor.py:925} INFO - DAG(s) 'latest_only' retrieved from /home/airflow/.local/lib/python3.12/site-packages/airflow/example_dags/example_latest_only.py
[2024-10-07T21:59:56.736+0000] {logging_mixin.py:190} INFO - [2024-10-07T21:59:56.735+0000] {dag.py:3239} INFO - Sync 1 DAGs
[2024-10-07T21:59:56.747+0000] {logging_mixin.py:190} INFO - [2024-10-07T21:59:56.747+0000] {dag.py:4180} INFO - Setting next_dagrun for latest_only to 2024-10-07 16:00:00+00:00, run_after=2024-10-07 20:00:00+00:00
[2024-10-07T21:59:56.758+0000] {processor.py:208} INFO - Processing /home/airflow/.local/lib/python3.12/site-packages/airflow/example_dags/example_latest_only.py took 0.049 seconds
