[2024-10-07T21:28:09.809+0000] {processor.py:186} INFO - Started process (PID=53) to work on /home/airflow/.local/lib/python3.12/site-packages/airflow/example_dags/example_branch_python_dop_operator_3.py
[2024-10-07T21:28:09.810+0000] {processor.py:914} INFO - Processing file /home/airflow/.local/lib/python3.12/site-packages/airflow/example_dags/example_branch_python_dop_operator_3.py for tasks to queue
[2024-10-07T21:28:09.813+0000] {logging_mixin.py:190} INFO - [2024-10-07T21:28:09.812+0000] {dagbag.py:588} INFO - Filling up the DagBag from /home/airflow/.local/lib/python3.12/site-packages/airflow/example_dags/example_branch_python_dop_operator_3.py
[2024-10-07T21:28:09.824+0000] {processor.py:925} INFO - DAG(s) 'example_branch_dop_operator_v3' retrieved from /home/airflow/.local/lib/python3.12/site-packages/airflow/example_dags/example_branch_python_dop_operator_3.py
[2024-10-07T21:28:09.933+0000] {logging_mixin.py:190} INFO - [2024-10-07T21:28:09.933+0000] {override.py:1900} INFO - Created Permission View: can read on DAG:example_branch_dop_operator_v3
[2024-10-07T21:28:09.938+0000] {logging_mixin.py:190} INFO - [2024-10-07T21:28:09.938+0000] {override.py:1900} INFO - Created Permission View: can delete on DAG:example_branch_dop_operator_v3
[2024-10-07T21:28:09.942+0000] {logging_mixin.py:190} INFO - [2024-10-07T21:28:09.942+0000] {override.py:1900} INFO - Created Permission View: can edit on DAG:example_branch_dop_operator_v3
[2024-10-07T21:28:09.945+0000] {logging_mixin.py:190} INFO - [2024-10-07T21:28:09.945+0000] {override.py:1900} INFO - Created Permission View: can read on DAG Run:example_branch_dop_operator_v3
[2024-10-07T21:28:09.950+0000] {logging_mixin.py:190} INFO - [2024-10-07T21:28:09.950+0000] {override.py:1900} INFO - Created Permission View: can delete on DAG Run:example_branch_dop_operator_v3
[2024-10-07T21:28:09.954+0000] {logging_mixin.py:190} INFO - [2024-10-07T21:28:09.954+0000] {override.py:1900} INFO - Created Permission View: can create on DAG Run:example_branch_dop_operator_v3
[2024-10-07T21:28:09.968+0000] {logging_mixin.py:190} INFO - [2024-10-07T21:28:09.967+0000] {override.py:1900} INFO - Created Permission View: menu access on DAG Run:example_branch_dop_operator_v3
[2024-10-07T21:28:09.969+0000] {logging_mixin.py:190} INFO - [2024-10-07T21:28:09.968+0000] {dag.py:3239} INFO - Sync 1 DAGs
[2024-10-07T21:28:09.995+0000] {logging_mixin.py:190} INFO - [2024-10-07T21:28:09.995+0000] {dag.py:3262} INFO - Creating ORM DAG for example_branch_dop_operator_v3
[2024-10-07T21:28:10.006+0000] {logging_mixin.py:190} INFO - [2024-10-07T21:28:10.006+0000] {dag.py:4180} INFO - Setting next_dagrun for example_branch_dop_operator_v3 to 2024-10-07 21:27:00+00:00, run_after=2024-10-07 21:28:00+00:00
[2024-10-07T21:28:10.018+0000] {processor.py:208} INFO - Processing /home/airflow/.local/lib/python3.12/site-packages/airflow/example_dags/example_branch_python_dop_operator_3.py took 0.214 seconds
[2024-10-07T21:28:40.999+0000] {processor.py:186} INFO - Started process (PID=120) to work on /home/airflow/.local/lib/python3.12/site-packages/airflow/example_dags/example_branch_python_dop_operator_3.py
[2024-10-07T21:28:41.000+0000] {processor.py:914} INFO - Processing file /home/airflow/.local/lib/python3.12/site-packages/airflow/example_dags/example_branch_python_dop_operator_3.py for tasks to queue
[2024-10-07T21:28:41.002+0000] {logging_mixin.py:190} INFO - [2024-10-07T21:28:41.002+0000] {dagbag.py:588} INFO - Filling up the DagBag from /home/airflow/.local/lib/python3.12/site-packages/airflow/example_dags/example_branch_python_dop_operator_3.py
[2024-10-07T21:28:41.015+0000] {processor.py:925} INFO - DAG(s) 'example_branch_dop_operator_v3' retrieved from /home/airflow/.local/lib/python3.12/site-packages/airflow/example_dags/example_branch_python_dop_operator_3.py
[2024-10-07T21:28:41.034+0000] {logging_mixin.py:190} INFO - [2024-10-07T21:28:41.034+0000] {dag.py:3239} INFO - Sync 1 DAGs
[2024-10-07T21:28:41.054+0000] {logging_mixin.py:190} INFO - [2024-10-07T21:28:41.053+0000] {dag.py:4180} INFO - Setting next_dagrun for example_branch_dop_operator_v3 to 2024-10-07 21:27:00+00:00, run_after=2024-10-07 21:28:00+00:00
[2024-10-07T21:28:41.064+0000] {processor.py:208} INFO - Processing /home/airflow/.local/lib/python3.12/site-packages/airflow/example_dags/example_branch_python_dop_operator_3.py took 0.076 seconds
[2024-10-07T21:29:12.052+0000] {processor.py:186} INFO - Started process (PID=182) to work on /home/airflow/.local/lib/python3.12/site-packages/airflow/example_dags/example_branch_python_dop_operator_3.py
[2024-10-07T21:29:12.053+0000] {processor.py:914} INFO - Processing file /home/airflow/.local/lib/python3.12/site-packages/airflow/example_dags/example_branch_python_dop_operator_3.py for tasks to queue
[2024-10-07T21:29:12.058+0000] {logging_mixin.py:190} INFO - [2024-10-07T21:29:12.057+0000] {dagbag.py:588} INFO - Filling up the DagBag from /home/airflow/.local/lib/python3.12/site-packages/airflow/example_dags/example_branch_python_dop_operator_3.py
[2024-10-07T21:29:12.067+0000] {processor.py:925} INFO - DAG(s) 'example_branch_dop_operator_v3' retrieved from /home/airflow/.local/lib/python3.12/site-packages/airflow/example_dags/example_branch_python_dop_operator_3.py
[2024-10-07T21:29:12.082+0000] {logging_mixin.py:190} INFO - [2024-10-07T21:29:12.082+0000] {dag.py:3239} INFO - Sync 1 DAGs
[2024-10-07T21:29:12.100+0000] {logging_mixin.py:190} INFO - [2024-10-07T21:29:12.100+0000] {dag.py:4180} INFO - Setting next_dagrun for example_branch_dop_operator_v3 to 2024-10-07 21:28:00+00:00, run_after=2024-10-07 21:29:00+00:00
[2024-10-07T21:29:12.109+0000] {processor.py:208} INFO - Processing /home/airflow/.local/lib/python3.12/site-packages/airflow/example_dags/example_branch_python_dop_operator_3.py took 0.063 seconds
[2024-10-07T21:29:42.447+0000] {processor.py:186} INFO - Started process (PID=244) to work on /home/airflow/.local/lib/python3.12/site-packages/airflow/example_dags/example_branch_python_dop_operator_3.py
[2024-10-07T21:29:42.448+0000] {processor.py:914} INFO - Processing file /home/airflow/.local/lib/python3.12/site-packages/airflow/example_dags/example_branch_python_dop_operator_3.py for tasks to queue
[2024-10-07T21:29:42.452+0000] {logging_mixin.py:190} INFO - [2024-10-07T21:29:42.452+0000] {dagbag.py:588} INFO - Filling up the DagBag from /home/airflow/.local/lib/python3.12/site-packages/airflow/example_dags/example_branch_python_dop_operator_3.py
[2024-10-07T21:29:42.465+0000] {processor.py:925} INFO - DAG(s) 'example_branch_dop_operator_v3' retrieved from /home/airflow/.local/lib/python3.12/site-packages/airflow/example_dags/example_branch_python_dop_operator_3.py
[2024-10-07T21:29:42.483+0000] {logging_mixin.py:190} INFO - [2024-10-07T21:29:42.483+0000] {dag.py:3239} INFO - Sync 1 DAGs
[2024-10-07T21:29:42.501+0000] {logging_mixin.py:190} INFO - [2024-10-07T21:29:42.501+0000] {dag.py:4180} INFO - Setting next_dagrun for example_branch_dop_operator_v3 to 2024-10-07 21:28:00+00:00, run_after=2024-10-07 21:29:00+00:00
[2024-10-07T21:29:42.513+0000] {processor.py:208} INFO - Processing /home/airflow/.local/lib/python3.12/site-packages/airflow/example_dags/example_branch_python_dop_operator_3.py took 0.071 seconds
[2024-10-07T21:30:12.873+0000] {processor.py:186} INFO - Started process (PID=306) to work on /home/airflow/.local/lib/python3.12/site-packages/airflow/example_dags/example_branch_python_dop_operator_3.py
[2024-10-07T21:30:12.875+0000] {processor.py:914} INFO - Processing file /home/airflow/.local/lib/python3.12/site-packages/airflow/example_dags/example_branch_python_dop_operator_3.py for tasks to queue
[2024-10-07T21:30:12.877+0000] {logging_mixin.py:190} INFO - [2024-10-07T21:30:12.877+0000] {dagbag.py:588} INFO - Filling up the DagBag from /home/airflow/.local/lib/python3.12/site-packages/airflow/example_dags/example_branch_python_dop_operator_3.py
[2024-10-07T21:30:12.886+0000] {processor.py:925} INFO - DAG(s) 'example_branch_dop_operator_v3' retrieved from /home/airflow/.local/lib/python3.12/site-packages/airflow/example_dags/example_branch_python_dop_operator_3.py
[2024-10-07T21:30:12.901+0000] {logging_mixin.py:190} INFO - [2024-10-07T21:30:12.900+0000] {dag.py:3239} INFO - Sync 1 DAGs
[2024-10-07T21:30:12.917+0000] {logging_mixin.py:190} INFO - [2024-10-07T21:30:12.917+0000] {dag.py:4180} INFO - Setting next_dagrun for example_branch_dop_operator_v3 to 2024-10-07 21:29:00+00:00, run_after=2024-10-07 21:30:00+00:00
[2024-10-07T21:30:12.928+0000] {processor.py:208} INFO - Processing /home/airflow/.local/lib/python3.12/site-packages/airflow/example_dags/example_branch_python_dop_operator_3.py took 0.061 seconds
[2024-10-07T21:30:43.249+0000] {processor.py:186} INFO - Started process (PID=368) to work on /home/airflow/.local/lib/python3.12/site-packages/airflow/example_dags/example_branch_python_dop_operator_3.py
[2024-10-07T21:30:43.253+0000] {processor.py:914} INFO - Processing file /home/airflow/.local/lib/python3.12/site-packages/airflow/example_dags/example_branch_python_dop_operator_3.py for tasks to queue
[2024-10-07T21:30:43.256+0000] {logging_mixin.py:190} INFO - [2024-10-07T21:30:43.255+0000] {dagbag.py:588} INFO - Filling up the DagBag from /home/airflow/.local/lib/python3.12/site-packages/airflow/example_dags/example_branch_python_dop_operator_3.py
[2024-10-07T21:30:43.265+0000] {processor.py:925} INFO - DAG(s) 'example_branch_dop_operator_v3' retrieved from /home/airflow/.local/lib/python3.12/site-packages/airflow/example_dags/example_branch_python_dop_operator_3.py
[2024-10-07T21:30:43.280+0000] {logging_mixin.py:190} INFO - [2024-10-07T21:30:43.280+0000] {dag.py:3239} INFO - Sync 1 DAGs
[2024-10-07T21:30:43.296+0000] {logging_mixin.py:190} INFO - [2024-10-07T21:30:43.296+0000] {dag.py:4180} INFO - Setting next_dagrun for example_branch_dop_operator_v3 to 2024-10-07 21:29:00+00:00, run_after=2024-10-07 21:30:00+00:00
[2024-10-07T21:30:43.307+0000] {processor.py:208} INFO - Processing /home/airflow/.local/lib/python3.12/site-packages/airflow/example_dags/example_branch_python_dop_operator_3.py took 0.064 seconds
[2024-10-07T21:31:13.562+0000] {processor.py:186} INFO - Started process (PID=430) to work on /home/airflow/.local/lib/python3.12/site-packages/airflow/example_dags/example_branch_python_dop_operator_3.py
[2024-10-07T21:31:13.563+0000] {processor.py:914} INFO - Processing file /home/airflow/.local/lib/python3.12/site-packages/airflow/example_dags/example_branch_python_dop_operator_3.py for tasks to queue
[2024-10-07T21:31:13.565+0000] {logging_mixin.py:190} INFO - [2024-10-07T21:31:13.565+0000] {dagbag.py:588} INFO - Filling up the DagBag from /home/airflow/.local/lib/python3.12/site-packages/airflow/example_dags/example_branch_python_dop_operator_3.py
[2024-10-07T21:31:13.576+0000] {processor.py:925} INFO - DAG(s) 'example_branch_dop_operator_v3' retrieved from /home/airflow/.local/lib/python3.12/site-packages/airflow/example_dags/example_branch_python_dop_operator_3.py
[2024-10-07T21:31:13.595+0000] {logging_mixin.py:190} INFO - [2024-10-07T21:31:13.595+0000] {dag.py:3239} INFO - Sync 1 DAGs
[2024-10-07T21:31:13.611+0000] {logging_mixin.py:190} INFO - [2024-10-07T21:31:13.610+0000] {dag.py:4180} INFO - Setting next_dagrun for example_branch_dop_operator_v3 to 2024-10-07 21:30:00+00:00, run_after=2024-10-07 21:31:00+00:00
[2024-10-07T21:31:13.622+0000] {processor.py:208} INFO - Processing /home/airflow/.local/lib/python3.12/site-packages/airflow/example_dags/example_branch_python_dop_operator_3.py took 0.069 seconds
[2024-10-07T21:31:44.224+0000] {processor.py:186} INFO - Started process (PID=492) to work on /home/airflow/.local/lib/python3.12/site-packages/airflow/example_dags/example_branch_python_dop_operator_3.py
[2024-10-07T21:31:44.225+0000] {processor.py:914} INFO - Processing file /home/airflow/.local/lib/python3.12/site-packages/airflow/example_dags/example_branch_python_dop_operator_3.py for tasks to queue
[2024-10-07T21:31:44.228+0000] {logging_mixin.py:190} INFO - [2024-10-07T21:31:44.227+0000] {dagbag.py:588} INFO - Filling up the DagBag from /home/airflow/.local/lib/python3.12/site-packages/airflow/example_dags/example_branch_python_dop_operator_3.py
[2024-10-07T21:31:44.237+0000] {processor.py:925} INFO - DAG(s) 'example_branch_dop_operator_v3' retrieved from /home/airflow/.local/lib/python3.12/site-packages/airflow/example_dags/example_branch_python_dop_operator_3.py
[2024-10-07T21:31:44.253+0000] {logging_mixin.py:190} INFO - [2024-10-07T21:31:44.253+0000] {dag.py:3239} INFO - Sync 1 DAGs
[2024-10-07T21:31:44.269+0000] {logging_mixin.py:190} INFO - [2024-10-07T21:31:44.269+0000] {dag.py:4180} INFO - Setting next_dagrun for example_branch_dop_operator_v3 to 2024-10-07 21:30:00+00:00, run_after=2024-10-07 21:31:00+00:00
[2024-10-07T21:31:44.279+0000] {processor.py:208} INFO - Processing /home/airflow/.local/lib/python3.12/site-packages/airflow/example_dags/example_branch_python_dop_operator_3.py took 0.064 seconds
[2024-10-07T21:32:14.894+0000] {processor.py:186} INFO - Started process (PID=554) to work on /home/airflow/.local/lib/python3.12/site-packages/airflow/example_dags/example_branch_python_dop_operator_3.py
[2024-10-07T21:32:14.896+0000] {processor.py:914} INFO - Processing file /home/airflow/.local/lib/python3.12/site-packages/airflow/example_dags/example_branch_python_dop_operator_3.py for tasks to queue
[2024-10-07T21:32:14.900+0000] {logging_mixin.py:190} INFO - [2024-10-07T21:32:14.899+0000] {dagbag.py:588} INFO - Filling up the DagBag from /home/airflow/.local/lib/python3.12/site-packages/airflow/example_dags/example_branch_python_dop_operator_3.py
[2024-10-07T21:32:14.915+0000] {processor.py:925} INFO - DAG(s) 'example_branch_dop_operator_v3' retrieved from /home/airflow/.local/lib/python3.12/site-packages/airflow/example_dags/example_branch_python_dop_operator_3.py
[2024-10-07T21:32:14.939+0000] {logging_mixin.py:190} INFO - [2024-10-07T21:32:14.939+0000] {dag.py:3239} INFO - Sync 1 DAGs
[2024-10-07T21:32:14.958+0000] {logging_mixin.py:190} INFO - [2024-10-07T21:32:14.957+0000] {dag.py:4180} INFO - Setting next_dagrun for example_branch_dop_operator_v3 to 2024-10-07 21:31:00+00:00, run_after=2024-10-07 21:32:00+00:00
[2024-10-07T21:32:14.968+0000] {processor.py:208} INFO - Processing /home/airflow/.local/lib/python3.12/site-packages/airflow/example_dags/example_branch_python_dop_operator_3.py took 0.079 seconds
[2024-10-07T21:32:45.659+0000] {processor.py:186} INFO - Started process (PID=616) to work on /home/airflow/.local/lib/python3.12/site-packages/airflow/example_dags/example_branch_python_dop_operator_3.py
[2024-10-07T21:32:45.661+0000] {processor.py:914} INFO - Processing file /home/airflow/.local/lib/python3.12/site-packages/airflow/example_dags/example_branch_python_dop_operator_3.py for tasks to queue
[2024-10-07T21:32:45.667+0000] {logging_mixin.py:190} INFO - [2024-10-07T21:32:45.667+0000] {dagbag.py:588} INFO - Filling up the DagBag from /home/airflow/.local/lib/python3.12/site-packages/airflow/example_dags/example_branch_python_dop_operator_3.py
[2024-10-07T21:32:45.678+0000] {processor.py:925} INFO - DAG(s) 'example_branch_dop_operator_v3' retrieved from /home/airflow/.local/lib/python3.12/site-packages/airflow/example_dags/example_branch_python_dop_operator_3.py
[2024-10-07T21:32:45.695+0000] {logging_mixin.py:190} INFO - [2024-10-07T21:32:45.695+0000] {dag.py:3239} INFO - Sync 1 DAGs
[2024-10-07T21:32:45.713+0000] {logging_mixin.py:190} INFO - [2024-10-07T21:32:45.713+0000] {dag.py:4180} INFO - Setting next_dagrun for example_branch_dop_operator_v3 to 2024-10-07 21:31:00+00:00, run_after=2024-10-07 21:32:00+00:00
[2024-10-07T21:32:45.726+0000] {processor.py:208} INFO - Processing /home/airflow/.local/lib/python3.12/site-packages/airflow/example_dags/example_branch_python_dop_operator_3.py took 0.071 seconds
[2024-10-07T21:33:16.130+0000] {processor.py:186} INFO - Started process (PID=678) to work on /home/airflow/.local/lib/python3.12/site-packages/airflow/example_dags/example_branch_python_dop_operator_3.py
[2024-10-07T21:33:16.132+0000] {processor.py:914} INFO - Processing file /home/airflow/.local/lib/python3.12/site-packages/airflow/example_dags/example_branch_python_dop_operator_3.py for tasks to queue
[2024-10-07T21:33:16.134+0000] {logging_mixin.py:190} INFO - [2024-10-07T21:33:16.134+0000] {dagbag.py:588} INFO - Filling up the DagBag from /home/airflow/.local/lib/python3.12/site-packages/airflow/example_dags/example_branch_python_dop_operator_3.py
[2024-10-07T21:33:16.144+0000] {processor.py:925} INFO - DAG(s) 'example_branch_dop_operator_v3' retrieved from /home/airflow/.local/lib/python3.12/site-packages/airflow/example_dags/example_branch_python_dop_operator_3.py
[2024-10-07T21:33:16.163+0000] {logging_mixin.py:190} INFO - [2024-10-07T21:33:16.162+0000] {dag.py:3239} INFO - Sync 1 DAGs
[2024-10-07T21:33:16.190+0000] {logging_mixin.py:190} INFO - [2024-10-07T21:33:16.190+0000] {dag.py:4180} INFO - Setting next_dagrun for example_branch_dop_operator_v3 to 2024-10-07 21:32:00+00:00, run_after=2024-10-07 21:33:00+00:00
[2024-10-07T21:33:16.205+0000] {processor.py:208} INFO - Processing /home/airflow/.local/lib/python3.12/site-packages/airflow/example_dags/example_branch_python_dop_operator_3.py took 0.081 seconds
[2024-10-07T21:33:46.502+0000] {processor.py:186} INFO - Started process (PID=740) to work on /home/airflow/.local/lib/python3.12/site-packages/airflow/example_dags/example_branch_python_dop_operator_3.py
[2024-10-07T21:33:46.504+0000] {processor.py:914} INFO - Processing file /home/airflow/.local/lib/python3.12/site-packages/airflow/example_dags/example_branch_python_dop_operator_3.py for tasks to queue
[2024-10-07T21:33:46.506+0000] {logging_mixin.py:190} INFO - [2024-10-07T21:33:46.506+0000] {dagbag.py:588} INFO - Filling up the DagBag from /home/airflow/.local/lib/python3.12/site-packages/airflow/example_dags/example_branch_python_dop_operator_3.py
[2024-10-07T21:33:46.515+0000] {processor.py:925} INFO - DAG(s) 'example_branch_dop_operator_v3' retrieved from /home/airflow/.local/lib/python3.12/site-packages/airflow/example_dags/example_branch_python_dop_operator_3.py
[2024-10-07T21:33:46.548+0000] {logging_mixin.py:190} INFO - [2024-10-07T21:33:46.547+0000] {dag.py:3239} INFO - Sync 1 DAGs
[2024-10-07T21:33:46.569+0000] {logging_mixin.py:190} INFO - [2024-10-07T21:33:46.569+0000] {dag.py:4180} INFO - Setting next_dagrun for example_branch_dop_operator_v3 to 2024-10-07 21:32:00+00:00, run_after=2024-10-07 21:33:00+00:00
[2024-10-07T21:33:46.581+0000] {processor.py:208} INFO - Processing /home/airflow/.local/lib/python3.12/site-packages/airflow/example_dags/example_branch_python_dop_operator_3.py took 0.086 seconds
[2024-10-07T21:34:17.044+0000] {processor.py:186} INFO - Started process (PID=802) to work on /home/airflow/.local/lib/python3.12/site-packages/airflow/example_dags/example_branch_python_dop_operator_3.py
[2024-10-07T21:34:17.046+0000] {processor.py:914} INFO - Processing file /home/airflow/.local/lib/python3.12/site-packages/airflow/example_dags/example_branch_python_dop_operator_3.py for tasks to queue
[2024-10-07T21:34:17.048+0000] {logging_mixin.py:190} INFO - [2024-10-07T21:34:17.047+0000] {dagbag.py:588} INFO - Filling up the DagBag from /home/airflow/.local/lib/python3.12/site-packages/airflow/example_dags/example_branch_python_dop_operator_3.py
[2024-10-07T21:34:17.064+0000] {processor.py:925} INFO - DAG(s) 'example_branch_dop_operator_v3' retrieved from /home/airflow/.local/lib/python3.12/site-packages/airflow/example_dags/example_branch_python_dop_operator_3.py
[2024-10-07T21:34:17.085+0000] {logging_mixin.py:190} INFO - [2024-10-07T21:34:17.085+0000] {dag.py:3239} INFO - Sync 1 DAGs
[2024-10-07T21:34:17.115+0000] {logging_mixin.py:190} INFO - [2024-10-07T21:34:17.115+0000] {dag.py:4180} INFO - Setting next_dagrun for example_branch_dop_operator_v3 to 2024-10-07 21:33:00+00:00, run_after=2024-10-07 21:34:00+00:00
[2024-10-07T21:34:17.128+0000] {processor.py:208} INFO - Processing /home/airflow/.local/lib/python3.12/site-packages/airflow/example_dags/example_branch_python_dop_operator_3.py took 0.090 seconds
[2024-10-07T21:34:47.525+0000] {processor.py:186} INFO - Started process (PID=864) to work on /home/airflow/.local/lib/python3.12/site-packages/airflow/example_dags/example_branch_python_dop_operator_3.py
[2024-10-07T21:34:47.529+0000] {processor.py:914} INFO - Processing file /home/airflow/.local/lib/python3.12/site-packages/airflow/example_dags/example_branch_python_dop_operator_3.py for tasks to queue
[2024-10-07T21:34:47.532+0000] {logging_mixin.py:190} INFO - [2024-10-07T21:34:47.531+0000] {dagbag.py:588} INFO - Filling up the DagBag from /home/airflow/.local/lib/python3.12/site-packages/airflow/example_dags/example_branch_python_dop_operator_3.py
[2024-10-07T21:34:47.542+0000] {processor.py:925} INFO - DAG(s) 'example_branch_dop_operator_v3' retrieved from /home/airflow/.local/lib/python3.12/site-packages/airflow/example_dags/example_branch_python_dop_operator_3.py
[2024-10-07T21:34:47.569+0000] {logging_mixin.py:190} INFO - [2024-10-07T21:34:47.568+0000] {dag.py:3239} INFO - Sync 1 DAGs
[2024-10-07T21:34:47.590+0000] {logging_mixin.py:190} INFO - [2024-10-07T21:34:47.590+0000] {dag.py:4180} INFO - Setting next_dagrun for example_branch_dop_operator_v3 to 2024-10-07 21:33:00+00:00, run_after=2024-10-07 21:34:00+00:00
[2024-10-07T21:34:47.602+0000] {processor.py:208} INFO - Processing /home/airflow/.local/lib/python3.12/site-packages/airflow/example_dags/example_branch_python_dop_operator_3.py took 0.084 seconds
[2024-10-07T21:35:17.962+0000] {processor.py:186} INFO - Started process (PID=926) to work on /home/airflow/.local/lib/python3.12/site-packages/airflow/example_dags/example_branch_python_dop_operator_3.py
[2024-10-07T21:35:17.964+0000] {processor.py:914} INFO - Processing file /home/airflow/.local/lib/python3.12/site-packages/airflow/example_dags/example_branch_python_dop_operator_3.py for tasks to queue
[2024-10-07T21:35:17.966+0000] {logging_mixin.py:190} INFO - [2024-10-07T21:35:17.966+0000] {dagbag.py:588} INFO - Filling up the DagBag from /home/airflow/.local/lib/python3.12/site-packages/airflow/example_dags/example_branch_python_dop_operator_3.py
[2024-10-07T21:35:17.974+0000] {processor.py:925} INFO - DAG(s) 'example_branch_dop_operator_v3' retrieved from /home/airflow/.local/lib/python3.12/site-packages/airflow/example_dags/example_branch_python_dop_operator_3.py
[2024-10-07T21:35:17.988+0000] {logging_mixin.py:190} INFO - [2024-10-07T21:35:17.988+0000] {dag.py:3239} INFO - Sync 1 DAGs
[2024-10-07T21:35:18.003+0000] {logging_mixin.py:190} INFO - [2024-10-07T21:35:18.003+0000] {dag.py:4180} INFO - Setting next_dagrun for example_branch_dop_operator_v3 to 2024-10-07 21:34:00+00:00, run_after=2024-10-07 21:35:00+00:00
[2024-10-07T21:35:18.013+0000] {processor.py:208} INFO - Processing /home/airflow/.local/lib/python3.12/site-packages/airflow/example_dags/example_branch_python_dop_operator_3.py took 0.057 seconds
[2024-10-07T21:35:48.226+0000] {processor.py:186} INFO - Started process (PID=988) to work on /home/airflow/.local/lib/python3.12/site-packages/airflow/example_dags/example_branch_python_dop_operator_3.py
[2024-10-07T21:35:48.227+0000] {processor.py:914} INFO - Processing file /home/airflow/.local/lib/python3.12/site-packages/airflow/example_dags/example_branch_python_dop_operator_3.py for tasks to queue
[2024-10-07T21:35:48.232+0000] {logging_mixin.py:190} INFO - [2024-10-07T21:35:48.232+0000] {dagbag.py:588} INFO - Filling up the DagBag from /home/airflow/.local/lib/python3.12/site-packages/airflow/example_dags/example_branch_python_dop_operator_3.py
[2024-10-07T21:35:48.242+0000] {processor.py:925} INFO - DAG(s) 'example_branch_dop_operator_v3' retrieved from /home/airflow/.local/lib/python3.12/site-packages/airflow/example_dags/example_branch_python_dop_operator_3.py
[2024-10-07T21:35:48.259+0000] {logging_mixin.py:190} INFO - [2024-10-07T21:35:48.259+0000] {dag.py:3239} INFO - Sync 1 DAGs
[2024-10-07T21:35:48.286+0000] {logging_mixin.py:190} INFO - [2024-10-07T21:35:48.286+0000] {dag.py:4180} INFO - Setting next_dagrun for example_branch_dop_operator_v3 to 2024-10-07 21:34:00+00:00, run_after=2024-10-07 21:35:00+00:00
[2024-10-07T21:35:48.297+0000] {processor.py:208} INFO - Processing /home/airflow/.local/lib/python3.12/site-packages/airflow/example_dags/example_branch_python_dop_operator_3.py took 0.077 seconds
[2024-10-07T21:36:18.482+0000] {processor.py:186} INFO - Started process (PID=1050) to work on /home/airflow/.local/lib/python3.12/site-packages/airflow/example_dags/example_branch_python_dop_operator_3.py
[2024-10-07T21:36:18.483+0000] {processor.py:914} INFO - Processing file /home/airflow/.local/lib/python3.12/site-packages/airflow/example_dags/example_branch_python_dop_operator_3.py for tasks to queue
[2024-10-07T21:36:18.485+0000] {logging_mixin.py:190} INFO - [2024-10-07T21:36:18.484+0000] {dagbag.py:588} INFO - Filling up the DagBag from /home/airflow/.local/lib/python3.12/site-packages/airflow/example_dags/example_branch_python_dop_operator_3.py
[2024-10-07T21:36:18.495+0000] {processor.py:925} INFO - DAG(s) 'example_branch_dop_operator_v3' retrieved from /home/airflow/.local/lib/python3.12/site-packages/airflow/example_dags/example_branch_python_dop_operator_3.py
[2024-10-07T21:36:18.511+0000] {logging_mixin.py:190} INFO - [2024-10-07T21:36:18.511+0000] {dag.py:3239} INFO - Sync 1 DAGs
[2024-10-07T21:36:18.528+0000] {logging_mixin.py:190} INFO - [2024-10-07T21:36:18.528+0000] {dag.py:4180} INFO - Setting next_dagrun for example_branch_dop_operator_v3 to 2024-10-07 21:35:00+00:00, run_after=2024-10-07 21:36:00+00:00
[2024-10-07T21:36:18.540+0000] {processor.py:208} INFO - Processing /home/airflow/.local/lib/python3.12/site-packages/airflow/example_dags/example_branch_python_dop_operator_3.py took 0.064 seconds
[2024-10-07T21:36:48.735+0000] {processor.py:186} INFO - Started process (PID=1112) to work on /home/airflow/.local/lib/python3.12/site-packages/airflow/example_dags/example_branch_python_dop_operator_3.py
[2024-10-07T21:36:48.736+0000] {processor.py:914} INFO - Processing file /home/airflow/.local/lib/python3.12/site-packages/airflow/example_dags/example_branch_python_dop_operator_3.py for tasks to queue
[2024-10-07T21:36:48.741+0000] {logging_mixin.py:190} INFO - [2024-10-07T21:36:48.741+0000] {dagbag.py:588} INFO - Filling up the DagBag from /home/airflow/.local/lib/python3.12/site-packages/airflow/example_dags/example_branch_python_dop_operator_3.py
[2024-10-07T21:36:48.755+0000] {processor.py:925} INFO - DAG(s) 'example_branch_dop_operator_v3' retrieved from /home/airflow/.local/lib/python3.12/site-packages/airflow/example_dags/example_branch_python_dop_operator_3.py
[2024-10-07T21:36:48.774+0000] {logging_mixin.py:190} INFO - [2024-10-07T21:36:48.774+0000] {dag.py:3239} INFO - Sync 1 DAGs
[2024-10-07T21:36:48.793+0000] {logging_mixin.py:190} INFO - [2024-10-07T21:36:48.793+0000] {dag.py:4180} INFO - Setting next_dagrun for example_branch_dop_operator_v3 to 2024-10-07 21:35:00+00:00, run_after=2024-10-07 21:36:00+00:00
[2024-10-07T21:36:48.803+0000] {processor.py:208} INFO - Processing /home/airflow/.local/lib/python3.12/site-packages/airflow/example_dags/example_branch_python_dop_operator_3.py took 0.075 seconds
[2024-10-07T21:37:19.060+0000] {processor.py:186} INFO - Started process (PID=1174) to work on /home/airflow/.local/lib/python3.12/site-packages/airflow/example_dags/example_branch_python_dop_operator_3.py
[2024-10-07T21:37:19.061+0000] {processor.py:914} INFO - Processing file /home/airflow/.local/lib/python3.12/site-packages/airflow/example_dags/example_branch_python_dop_operator_3.py for tasks to queue
[2024-10-07T21:37:19.067+0000] {logging_mixin.py:190} INFO - [2024-10-07T21:37:19.067+0000] {dagbag.py:588} INFO - Filling up the DagBag from /home/airflow/.local/lib/python3.12/site-packages/airflow/example_dags/example_branch_python_dop_operator_3.py
[2024-10-07T21:37:19.078+0000] {processor.py:925} INFO - DAG(s) 'example_branch_dop_operator_v3' retrieved from /home/airflow/.local/lib/python3.12/site-packages/airflow/example_dags/example_branch_python_dop_operator_3.py
[2024-10-07T21:37:19.099+0000] {logging_mixin.py:190} INFO - [2024-10-07T21:37:19.099+0000] {dag.py:3239} INFO - Sync 1 DAGs
[2024-10-07T21:37:19.118+0000] {logging_mixin.py:190} INFO - [2024-10-07T21:37:19.118+0000] {dag.py:4180} INFO - Setting next_dagrun for example_branch_dop_operator_v3 to 2024-10-07 21:36:00+00:00, run_after=2024-10-07 21:37:00+00:00
[2024-10-07T21:37:19.130+0000] {processor.py:208} INFO - Processing /home/airflow/.local/lib/python3.12/site-packages/airflow/example_dags/example_branch_python_dop_operator_3.py took 0.078 seconds
[2024-10-07T21:37:49.341+0000] {processor.py:186} INFO - Started process (PID=1236) to work on /home/airflow/.local/lib/python3.12/site-packages/airflow/example_dags/example_branch_python_dop_operator_3.py
[2024-10-07T21:37:49.342+0000] {processor.py:914} INFO - Processing file /home/airflow/.local/lib/python3.12/site-packages/airflow/example_dags/example_branch_python_dop_operator_3.py for tasks to queue
[2024-10-07T21:37:49.348+0000] {logging_mixin.py:190} INFO - [2024-10-07T21:37:49.347+0000] {dagbag.py:588} INFO - Filling up the DagBag from /home/airflow/.local/lib/python3.12/site-packages/airflow/example_dags/example_branch_python_dop_operator_3.py
[2024-10-07T21:37:49.359+0000] {processor.py:925} INFO - DAG(s) 'example_branch_dop_operator_v3' retrieved from /home/airflow/.local/lib/python3.12/site-packages/airflow/example_dags/example_branch_python_dop_operator_3.py
[2024-10-07T21:37:49.376+0000] {logging_mixin.py:190} INFO - [2024-10-07T21:37:49.376+0000] {dag.py:3239} INFO - Sync 1 DAGs
[2024-10-07T21:37:49.397+0000] {logging_mixin.py:190} INFO - [2024-10-07T21:37:49.397+0000] {dag.py:4180} INFO - Setting next_dagrun for example_branch_dop_operator_v3 to 2024-10-07 21:36:00+00:00, run_after=2024-10-07 21:37:00+00:00
[2024-10-07T21:37:49.409+0000] {processor.py:208} INFO - Processing /home/airflow/.local/lib/python3.12/site-packages/airflow/example_dags/example_branch_python_dop_operator_3.py took 0.076 seconds
[2024-10-07T21:38:19.851+0000] {processor.py:186} INFO - Started process (PID=1298) to work on /home/airflow/.local/lib/python3.12/site-packages/airflow/example_dags/example_branch_python_dop_operator_3.py
[2024-10-07T21:38:19.852+0000] {processor.py:914} INFO - Processing file /home/airflow/.local/lib/python3.12/site-packages/airflow/example_dags/example_branch_python_dop_operator_3.py for tasks to queue
[2024-10-07T21:38:19.855+0000] {logging_mixin.py:190} INFO - [2024-10-07T21:38:19.855+0000] {dagbag.py:588} INFO - Filling up the DagBag from /home/airflow/.local/lib/python3.12/site-packages/airflow/example_dags/example_branch_python_dop_operator_3.py
[2024-10-07T21:38:19.865+0000] {processor.py:925} INFO - DAG(s) 'example_branch_dop_operator_v3' retrieved from /home/airflow/.local/lib/python3.12/site-packages/airflow/example_dags/example_branch_python_dop_operator_3.py
[2024-10-07T21:38:19.886+0000] {logging_mixin.py:190} INFO - [2024-10-07T21:38:19.886+0000] {dag.py:3239} INFO - Sync 1 DAGs
[2024-10-07T21:38:19.907+0000] {logging_mixin.py:190} INFO - [2024-10-07T21:38:19.907+0000] {dag.py:4180} INFO - Setting next_dagrun for example_branch_dop_operator_v3 to 2024-10-07 21:37:00+00:00, run_after=2024-10-07 21:38:00+00:00
[2024-10-07T21:38:19.918+0000] {processor.py:208} INFO - Processing /home/airflow/.local/lib/python3.12/site-packages/airflow/example_dags/example_branch_python_dop_operator_3.py took 0.075 seconds
[2024-10-07T21:38:50.278+0000] {processor.py:186} INFO - Started process (PID=1360) to work on /home/airflow/.local/lib/python3.12/site-packages/airflow/example_dags/example_branch_python_dop_operator_3.py
[2024-10-07T21:38:50.282+0000] {processor.py:914} INFO - Processing file /home/airflow/.local/lib/python3.12/site-packages/airflow/example_dags/example_branch_python_dop_operator_3.py for tasks to queue
[2024-10-07T21:38:50.285+0000] {logging_mixin.py:190} INFO - [2024-10-07T21:38:50.285+0000] {dagbag.py:588} INFO - Filling up the DagBag from /home/airflow/.local/lib/python3.12/site-packages/airflow/example_dags/example_branch_python_dop_operator_3.py
[2024-10-07T21:38:50.293+0000] {processor.py:925} INFO - DAG(s) 'example_branch_dop_operator_v3' retrieved from /home/airflow/.local/lib/python3.12/site-packages/airflow/example_dags/example_branch_python_dop_operator_3.py
[2024-10-07T21:38:50.307+0000] {logging_mixin.py:190} INFO - [2024-10-07T21:38:50.307+0000] {dag.py:3239} INFO - Sync 1 DAGs
[2024-10-07T21:38:50.323+0000] {logging_mixin.py:190} INFO - [2024-10-07T21:38:50.322+0000] {dag.py:4180} INFO - Setting next_dagrun for example_branch_dop_operator_v3 to 2024-10-07 21:37:00+00:00, run_after=2024-10-07 21:38:00+00:00
[2024-10-07T21:38:50.334+0000] {processor.py:208} INFO - Processing /home/airflow/.local/lib/python3.12/site-packages/airflow/example_dags/example_branch_python_dop_operator_3.py took 0.062 seconds
[2024-10-07T21:39:20.736+0000] {processor.py:186} INFO - Started process (PID=1422) to work on /home/airflow/.local/lib/python3.12/site-packages/airflow/example_dags/example_branch_python_dop_operator_3.py
[2024-10-07T21:39:20.737+0000] {processor.py:914} INFO - Processing file /home/airflow/.local/lib/python3.12/site-packages/airflow/example_dags/example_branch_python_dop_operator_3.py for tasks to queue
[2024-10-07T21:39:20.739+0000] {logging_mixin.py:190} INFO - [2024-10-07T21:39:20.738+0000] {dagbag.py:588} INFO - Filling up the DagBag from /home/airflow/.local/lib/python3.12/site-packages/airflow/example_dags/example_branch_python_dop_operator_3.py
[2024-10-07T21:39:20.748+0000] {processor.py:925} INFO - DAG(s) 'example_branch_dop_operator_v3' retrieved from /home/airflow/.local/lib/python3.12/site-packages/airflow/example_dags/example_branch_python_dop_operator_3.py
[2024-10-07T21:39:20.762+0000] {logging_mixin.py:190} INFO - [2024-10-07T21:39:20.762+0000] {dag.py:3239} INFO - Sync 1 DAGs
[2024-10-07T21:39:20.776+0000] {logging_mixin.py:190} INFO - [2024-10-07T21:39:20.776+0000] {dag.py:4180} INFO - Setting next_dagrun for example_branch_dop_operator_v3 to 2024-10-07 21:38:00+00:00, run_after=2024-10-07 21:39:00+00:00
[2024-10-07T21:39:20.786+0000] {processor.py:208} INFO - Processing /home/airflow/.local/lib/python3.12/site-packages/airflow/example_dags/example_branch_python_dop_operator_3.py took 0.056 seconds
[2024-10-07T21:39:51.204+0000] {processor.py:186} INFO - Started process (PID=1484) to work on /home/airflow/.local/lib/python3.12/site-packages/airflow/example_dags/example_branch_python_dop_operator_3.py
[2024-10-07T21:39:51.206+0000] {processor.py:914} INFO - Processing file /home/airflow/.local/lib/python3.12/site-packages/airflow/example_dags/example_branch_python_dop_operator_3.py for tasks to queue
[2024-10-07T21:39:51.212+0000] {logging_mixin.py:190} INFO - [2024-10-07T21:39:51.212+0000] {dagbag.py:588} INFO - Filling up the DagBag from /home/airflow/.local/lib/python3.12/site-packages/airflow/example_dags/example_branch_python_dop_operator_3.py
[2024-10-07T21:39:51.223+0000] {processor.py:925} INFO - DAG(s) 'example_branch_dop_operator_v3' retrieved from /home/airflow/.local/lib/python3.12/site-packages/airflow/example_dags/example_branch_python_dop_operator_3.py
[2024-10-07T21:39:51.243+0000] {logging_mixin.py:190} INFO - [2024-10-07T21:39:51.243+0000] {dag.py:3239} INFO - Sync 1 DAGs
[2024-10-07T21:39:51.263+0000] {logging_mixin.py:190} INFO - [2024-10-07T21:39:51.263+0000] {dag.py:4180} INFO - Setting next_dagrun for example_branch_dop_operator_v3 to 2024-10-07 21:38:00+00:00, run_after=2024-10-07 21:39:00+00:00
[2024-10-07T21:39:51.273+0000] {processor.py:208} INFO - Processing /home/airflow/.local/lib/python3.12/site-packages/airflow/example_dags/example_branch_python_dop_operator_3.py took 0.075 seconds
[2024-10-07T21:40:22.140+0000] {processor.py:186} INFO - Started process (PID=1545) to work on /home/airflow/.local/lib/python3.12/site-packages/airflow/example_dags/example_branch_python_dop_operator_3.py
[2024-10-07T21:40:22.146+0000] {processor.py:914} INFO - Processing file /home/airflow/.local/lib/python3.12/site-packages/airflow/example_dags/example_branch_python_dop_operator_3.py for tasks to queue
[2024-10-07T21:40:22.152+0000] {logging_mixin.py:190} INFO - [2024-10-07T21:40:22.152+0000] {dagbag.py:588} INFO - Filling up the DagBag from /home/airflow/.local/lib/python3.12/site-packages/airflow/example_dags/example_branch_python_dop_operator_3.py
[2024-10-07T21:40:22.162+0000] {processor.py:925} INFO - DAG(s) 'example_branch_dop_operator_v3' retrieved from /home/airflow/.local/lib/python3.12/site-packages/airflow/example_dags/example_branch_python_dop_operator_3.py
[2024-10-07T21:40:22.182+0000] {logging_mixin.py:190} INFO - [2024-10-07T21:40:22.181+0000] {dag.py:3239} INFO - Sync 1 DAGs
[2024-10-07T21:40:22.199+0000] {logging_mixin.py:190} INFO - [2024-10-07T21:40:22.199+0000] {dag.py:4180} INFO - Setting next_dagrun for example_branch_dop_operator_v3 to 2024-10-07 21:39:00+00:00, run_after=2024-10-07 21:40:00+00:00
[2024-10-07T21:40:22.213+0000] {processor.py:208} INFO - Processing /home/airflow/.local/lib/python3.12/site-packages/airflow/example_dags/example_branch_python_dop_operator_3.py took 0.081 seconds
[2024-10-07T21:40:52.814+0000] {processor.py:186} INFO - Started process (PID=1607) to work on /home/airflow/.local/lib/python3.12/site-packages/airflow/example_dags/example_branch_python_dop_operator_3.py
[2024-10-07T21:40:52.819+0000] {processor.py:914} INFO - Processing file /home/airflow/.local/lib/python3.12/site-packages/airflow/example_dags/example_branch_python_dop_operator_3.py for tasks to queue
[2024-10-07T21:40:52.821+0000] {logging_mixin.py:190} INFO - [2024-10-07T21:40:52.821+0000] {dagbag.py:588} INFO - Filling up the DagBag from /home/airflow/.local/lib/python3.12/site-packages/airflow/example_dags/example_branch_python_dop_operator_3.py
[2024-10-07T21:40:52.831+0000] {processor.py:925} INFO - DAG(s) 'example_branch_dop_operator_v3' retrieved from /home/airflow/.local/lib/python3.12/site-packages/airflow/example_dags/example_branch_python_dop_operator_3.py
[2024-10-07T21:40:52.853+0000] {logging_mixin.py:190} INFO - [2024-10-07T21:40:52.852+0000] {dag.py:3239} INFO - Sync 1 DAGs
[2024-10-07T21:40:52.874+0000] {logging_mixin.py:190} INFO - [2024-10-07T21:40:52.874+0000] {dag.py:4180} INFO - Setting next_dagrun for example_branch_dop_operator_v3 to 2024-10-07 21:39:00+00:00, run_after=2024-10-07 21:40:00+00:00
[2024-10-07T21:40:52.886+0000] {processor.py:208} INFO - Processing /home/airflow/.local/lib/python3.12/site-packages/airflow/example_dags/example_branch_python_dop_operator_3.py took 0.076 seconds
[2024-10-07T21:41:23.049+0000] {processor.py:186} INFO - Started process (PID=1668) to work on /home/airflow/.local/lib/python3.12/site-packages/airflow/example_dags/example_branch_python_dop_operator_3.py
[2024-10-07T21:41:23.052+0000] {processor.py:914} INFO - Processing file /home/airflow/.local/lib/python3.12/site-packages/airflow/example_dags/example_branch_python_dop_operator_3.py for tasks to queue
[2024-10-07T21:41:23.054+0000] {logging_mixin.py:190} INFO - [2024-10-07T21:41:23.054+0000] {dagbag.py:588} INFO - Filling up the DagBag from /home/airflow/.local/lib/python3.12/site-packages/airflow/example_dags/example_branch_python_dop_operator_3.py
[2024-10-07T21:41:23.060+0000] {processor.py:925} INFO - DAG(s) 'example_branch_dop_operator_v3' retrieved from /home/airflow/.local/lib/python3.12/site-packages/airflow/example_dags/example_branch_python_dop_operator_3.py
[2024-10-07T21:41:23.074+0000] {logging_mixin.py:190} INFO - [2024-10-07T21:41:23.074+0000] {dag.py:3239} INFO - Sync 1 DAGs
[2024-10-07T21:41:23.090+0000] {logging_mixin.py:190} INFO - [2024-10-07T21:41:23.089+0000] {dag.py:4180} INFO - Setting next_dagrun for example_branch_dop_operator_v3 to 2024-10-07 21:40:00+00:00, run_after=2024-10-07 21:41:00+00:00
[2024-10-07T21:41:23.108+0000] {processor.py:208} INFO - Processing /home/airflow/.local/lib/python3.12/site-packages/airflow/example_dags/example_branch_python_dop_operator_3.py took 0.063 seconds
[2024-10-07T21:41:53.939+0000] {processor.py:186} INFO - Started process (PID=1731) to work on /home/airflow/.local/lib/python3.12/site-packages/airflow/example_dags/example_branch_python_dop_operator_3.py
[2024-10-07T21:41:53.944+0000] {processor.py:914} INFO - Processing file /home/airflow/.local/lib/python3.12/site-packages/airflow/example_dags/example_branch_python_dop_operator_3.py for tasks to queue
[2024-10-07T21:41:53.947+0000] {logging_mixin.py:190} INFO - [2024-10-07T21:41:53.947+0000] {dagbag.py:588} INFO - Filling up the DagBag from /home/airflow/.local/lib/python3.12/site-packages/airflow/example_dags/example_branch_python_dop_operator_3.py
[2024-10-07T21:41:53.958+0000] {processor.py:925} INFO - DAG(s) 'example_branch_dop_operator_v3' retrieved from /home/airflow/.local/lib/python3.12/site-packages/airflow/example_dags/example_branch_python_dop_operator_3.py
[2024-10-07T21:41:53.982+0000] {logging_mixin.py:190} INFO - [2024-10-07T21:41:53.982+0000] {dag.py:3239} INFO - Sync 1 DAGs
[2024-10-07T21:41:54.018+0000] {logging_mixin.py:190} INFO - [2024-10-07T21:41:54.018+0000] {dag.py:4180} INFO - Setting next_dagrun for example_branch_dop_operator_v3 to 2024-10-07 21:40:00+00:00, run_after=2024-10-07 21:41:00+00:00
[2024-10-07T21:41:54.035+0000] {processor.py:208} INFO - Processing /home/airflow/.local/lib/python3.12/site-packages/airflow/example_dags/example_branch_python_dop_operator_3.py took 0.100 seconds
[2024-10-07T21:42:24.765+0000] {processor.py:186} INFO - Started process (PID=1793) to work on /home/airflow/.local/lib/python3.12/site-packages/airflow/example_dags/example_branch_python_dop_operator_3.py
[2024-10-07T21:42:24.770+0000] {processor.py:914} INFO - Processing file /home/airflow/.local/lib/python3.12/site-packages/airflow/example_dags/example_branch_python_dop_operator_3.py for tasks to queue
[2024-10-07T21:42:24.773+0000] {logging_mixin.py:190} INFO - [2024-10-07T21:42:24.773+0000] {dagbag.py:588} INFO - Filling up the DagBag from /home/airflow/.local/lib/python3.12/site-packages/airflow/example_dags/example_branch_python_dop_operator_3.py
[2024-10-07T21:42:24.794+0000] {processor.py:925} INFO - DAG(s) 'example_branch_dop_operator_v3' retrieved from /home/airflow/.local/lib/python3.12/site-packages/airflow/example_dags/example_branch_python_dop_operator_3.py
[2024-10-07T21:42:24.816+0000] {logging_mixin.py:190} INFO - [2024-10-07T21:42:24.816+0000] {dag.py:3239} INFO - Sync 1 DAGs
[2024-10-07T21:42:24.837+0000] {logging_mixin.py:190} INFO - [2024-10-07T21:42:24.836+0000] {dag.py:4180} INFO - Setting next_dagrun for example_branch_dop_operator_v3 to 2024-10-07 21:41:00+00:00, run_after=2024-10-07 21:42:00+00:00
[2024-10-07T21:42:24.854+0000] {processor.py:208} INFO - Processing /home/airflow/.local/lib/python3.12/site-packages/airflow/example_dags/example_branch_python_dop_operator_3.py took 0.096 seconds
[2024-10-07T21:42:55.572+0000] {processor.py:186} INFO - Started process (PID=1855) to work on /home/airflow/.local/lib/python3.12/site-packages/airflow/example_dags/example_branch_python_dop_operator_3.py
[2024-10-07T21:42:55.578+0000] {processor.py:914} INFO - Processing file /home/airflow/.local/lib/python3.12/site-packages/airflow/example_dags/example_branch_python_dop_operator_3.py for tasks to queue
[2024-10-07T21:42:55.583+0000] {logging_mixin.py:190} INFO - [2024-10-07T21:42:55.583+0000] {dagbag.py:588} INFO - Filling up the DagBag from /home/airflow/.local/lib/python3.12/site-packages/airflow/example_dags/example_branch_python_dop_operator_3.py
[2024-10-07T21:42:55.596+0000] {processor.py:925} INFO - DAG(s) 'example_branch_dop_operator_v3' retrieved from /home/airflow/.local/lib/python3.12/site-packages/airflow/example_dags/example_branch_python_dop_operator_3.py
[2024-10-07T21:42:55.613+0000] {logging_mixin.py:190} INFO - [2024-10-07T21:42:55.612+0000] {dag.py:3239} INFO - Sync 1 DAGs
[2024-10-07T21:42:55.636+0000] {logging_mixin.py:190} INFO - [2024-10-07T21:42:55.636+0000] {dag.py:4180} INFO - Setting next_dagrun for example_branch_dop_operator_v3 to 2024-10-07 21:41:00+00:00, run_after=2024-10-07 21:42:00+00:00
[2024-10-07T21:42:55.649+0000] {processor.py:208} INFO - Processing /home/airflow/.local/lib/python3.12/site-packages/airflow/example_dags/example_branch_python_dop_operator_3.py took 0.085 seconds
[2024-10-07T21:43:25.843+0000] {processor.py:186} INFO - Started process (PID=1916) to work on /home/airflow/.local/lib/python3.12/site-packages/airflow/example_dags/example_branch_python_dop_operator_3.py
[2024-10-07T21:43:25.845+0000] {processor.py:914} INFO - Processing file /home/airflow/.local/lib/python3.12/site-packages/airflow/example_dags/example_branch_python_dop_operator_3.py for tasks to queue
[2024-10-07T21:43:25.850+0000] {logging_mixin.py:190} INFO - [2024-10-07T21:43:25.849+0000] {dagbag.py:588} INFO - Filling up the DagBag from /home/airflow/.local/lib/python3.12/site-packages/airflow/example_dags/example_branch_python_dop_operator_3.py
[2024-10-07T21:43:25.859+0000] {processor.py:925} INFO - DAG(s) 'example_branch_dop_operator_v3' retrieved from /home/airflow/.local/lib/python3.12/site-packages/airflow/example_dags/example_branch_python_dop_operator_3.py
[2024-10-07T21:43:25.875+0000] {logging_mixin.py:190} INFO - [2024-10-07T21:43:25.875+0000] {dag.py:3239} INFO - Sync 1 DAGs
[2024-10-07T21:43:25.893+0000] {logging_mixin.py:190} INFO - [2024-10-07T21:43:25.892+0000] {dag.py:4180} INFO - Setting next_dagrun for example_branch_dop_operator_v3 to 2024-10-07 21:42:00+00:00, run_after=2024-10-07 21:43:00+00:00
[2024-10-07T21:43:25.902+0000] {processor.py:208} INFO - Processing /home/airflow/.local/lib/python3.12/site-packages/airflow/example_dags/example_branch_python_dop_operator_3.py took 0.067 seconds
[2024-10-07T21:43:56.682+0000] {processor.py:186} INFO - Started process (PID=1978) to work on /home/airflow/.local/lib/python3.12/site-packages/airflow/example_dags/example_branch_python_dop_operator_3.py
[2024-10-07T21:43:56.685+0000] {processor.py:914} INFO - Processing file /home/airflow/.local/lib/python3.12/site-packages/airflow/example_dags/example_branch_python_dop_operator_3.py for tasks to queue
[2024-10-07T21:43:56.687+0000] {logging_mixin.py:190} INFO - [2024-10-07T21:43:56.687+0000] {dagbag.py:588} INFO - Filling up the DagBag from /home/airflow/.local/lib/python3.12/site-packages/airflow/example_dags/example_branch_python_dop_operator_3.py
[2024-10-07T21:43:56.696+0000] {processor.py:925} INFO - DAG(s) 'example_branch_dop_operator_v3' retrieved from /home/airflow/.local/lib/python3.12/site-packages/airflow/example_dags/example_branch_python_dop_operator_3.py
[2024-10-07T21:43:56.713+0000] {logging_mixin.py:190} INFO - [2024-10-07T21:43:56.712+0000] {dag.py:3239} INFO - Sync 1 DAGs
[2024-10-07T21:43:56.729+0000] {logging_mixin.py:190} INFO - [2024-10-07T21:43:56.729+0000] {dag.py:4180} INFO - Setting next_dagrun for example_branch_dop_operator_v3 to 2024-10-07 21:42:00+00:00, run_after=2024-10-07 21:43:00+00:00
[2024-10-07T21:43:56.738+0000] {processor.py:208} INFO - Processing /home/airflow/.local/lib/python3.12/site-packages/airflow/example_dags/example_branch_python_dop_operator_3.py took 0.063 seconds
[2024-10-07T21:44:26.945+0000] {processor.py:186} INFO - Started process (PID=2040) to work on /home/airflow/.local/lib/python3.12/site-packages/airflow/example_dags/example_branch_python_dop_operator_3.py
[2024-10-07T21:44:26.947+0000] {processor.py:914} INFO - Processing file /home/airflow/.local/lib/python3.12/site-packages/airflow/example_dags/example_branch_python_dop_operator_3.py for tasks to queue
[2024-10-07T21:44:26.949+0000] {logging_mixin.py:190} INFO - [2024-10-07T21:44:26.948+0000] {dagbag.py:588} INFO - Filling up the DagBag from /home/airflow/.local/lib/python3.12/site-packages/airflow/example_dags/example_branch_python_dop_operator_3.py
[2024-10-07T21:44:26.956+0000] {processor.py:925} INFO - DAG(s) 'example_branch_dop_operator_v3' retrieved from /home/airflow/.local/lib/python3.12/site-packages/airflow/example_dags/example_branch_python_dop_operator_3.py
[2024-10-07T21:44:26.969+0000] {logging_mixin.py:190} INFO - [2024-10-07T21:44:26.969+0000] {dag.py:3239} INFO - Sync 1 DAGs
[2024-10-07T21:44:26.983+0000] {logging_mixin.py:190} INFO - [2024-10-07T21:44:26.983+0000] {dag.py:4180} INFO - Setting next_dagrun for example_branch_dop_operator_v3 to 2024-10-07 21:43:00+00:00, run_after=2024-10-07 21:44:00+00:00
[2024-10-07T21:44:26.994+0000] {processor.py:208} INFO - Processing /home/airflow/.local/lib/python3.12/site-packages/airflow/example_dags/example_branch_python_dop_operator_3.py took 0.055 seconds
[2024-10-07T21:44:57.615+0000] {processor.py:186} INFO - Started process (PID=2102) to work on /home/airflow/.local/lib/python3.12/site-packages/airflow/example_dags/example_branch_python_dop_operator_3.py
[2024-10-07T21:44:57.618+0000] {processor.py:914} INFO - Processing file /home/airflow/.local/lib/python3.12/site-packages/airflow/example_dags/example_branch_python_dop_operator_3.py for tasks to queue
[2024-10-07T21:44:57.622+0000] {logging_mixin.py:190} INFO - [2024-10-07T21:44:57.621+0000] {dagbag.py:588} INFO - Filling up the DagBag from /home/airflow/.local/lib/python3.12/site-packages/airflow/example_dags/example_branch_python_dop_operator_3.py
[2024-10-07T21:44:57.631+0000] {processor.py:925} INFO - DAG(s) 'example_branch_dop_operator_v3' retrieved from /home/airflow/.local/lib/python3.12/site-packages/airflow/example_dags/example_branch_python_dop_operator_3.py
[2024-10-07T21:44:57.646+0000] {logging_mixin.py:190} INFO - [2024-10-07T21:44:57.646+0000] {dag.py:3239} INFO - Sync 1 DAGs
[2024-10-07T21:44:57.665+0000] {logging_mixin.py:190} INFO - [2024-10-07T21:44:57.665+0000] {dag.py:4180} INFO - Setting next_dagrun for example_branch_dop_operator_v3 to 2024-10-07 21:43:00+00:00, run_after=2024-10-07 21:44:00+00:00
[2024-10-07T21:44:57.676+0000] {processor.py:208} INFO - Processing /home/airflow/.local/lib/python3.12/site-packages/airflow/example_dags/example_branch_python_dop_operator_3.py took 0.069 seconds
[2024-10-07T21:45:27.847+0000] {processor.py:186} INFO - Started process (PID=2164) to work on /home/airflow/.local/lib/python3.12/site-packages/airflow/example_dags/example_branch_python_dop_operator_3.py
[2024-10-07T21:45:27.849+0000] {processor.py:914} INFO - Processing file /home/airflow/.local/lib/python3.12/site-packages/airflow/example_dags/example_branch_python_dop_operator_3.py for tasks to queue
[2024-10-07T21:45:27.851+0000] {logging_mixin.py:190} INFO - [2024-10-07T21:45:27.851+0000] {dagbag.py:588} INFO - Filling up the DagBag from /home/airflow/.local/lib/python3.12/site-packages/airflow/example_dags/example_branch_python_dop_operator_3.py
[2024-10-07T21:45:27.861+0000] {processor.py:925} INFO - DAG(s) 'example_branch_dop_operator_v3' retrieved from /home/airflow/.local/lib/python3.12/site-packages/airflow/example_dags/example_branch_python_dop_operator_3.py
[2024-10-07T21:45:27.877+0000] {logging_mixin.py:190} INFO - [2024-10-07T21:45:27.877+0000] {dag.py:3239} INFO - Sync 1 DAGs
[2024-10-07T21:45:27.893+0000] {logging_mixin.py:190} INFO - [2024-10-07T21:45:27.893+0000] {dag.py:4180} INFO - Setting next_dagrun for example_branch_dop_operator_v3 to 2024-10-07 21:44:00+00:00, run_after=2024-10-07 21:45:00+00:00
[2024-10-07T21:45:27.906+0000] {processor.py:208} INFO - Processing /home/airflow/.local/lib/python3.12/site-packages/airflow/example_dags/example_branch_python_dop_operator_3.py took 0.066 seconds
[2024-10-07T21:45:58.042+0000] {processor.py:186} INFO - Started process (PID=2226) to work on /home/airflow/.local/lib/python3.12/site-packages/airflow/example_dags/example_branch_python_dop_operator_3.py
[2024-10-07T21:45:58.044+0000] {processor.py:914} INFO - Processing file /home/airflow/.local/lib/python3.12/site-packages/airflow/example_dags/example_branch_python_dop_operator_3.py for tasks to queue
[2024-10-07T21:45:58.047+0000] {logging_mixin.py:190} INFO - [2024-10-07T21:45:58.046+0000] {dagbag.py:588} INFO - Filling up the DagBag from /home/airflow/.local/lib/python3.12/site-packages/airflow/example_dags/example_branch_python_dop_operator_3.py
[2024-10-07T21:45:58.058+0000] {processor.py:925} INFO - DAG(s) 'example_branch_dop_operator_v3' retrieved from /home/airflow/.local/lib/python3.12/site-packages/airflow/example_dags/example_branch_python_dop_operator_3.py
[2024-10-07T21:45:58.100+0000] {logging_mixin.py:190} INFO - [2024-10-07T21:45:58.100+0000] {dag.py:3239} INFO - Sync 1 DAGs
[2024-10-07T21:45:58.119+0000] {logging_mixin.py:190} INFO - [2024-10-07T21:45:58.119+0000] {dag.py:4180} INFO - Setting next_dagrun for example_branch_dop_operator_v3 to 2024-10-07 21:44:00+00:00, run_after=2024-10-07 21:45:00+00:00
[2024-10-07T21:45:58.131+0000] {processor.py:208} INFO - Processing /home/airflow/.local/lib/python3.12/site-packages/airflow/example_dags/example_branch_python_dop_operator_3.py took 0.097 seconds
[2024-10-07T21:46:28.791+0000] {processor.py:186} INFO - Started process (PID=2288) to work on /home/airflow/.local/lib/python3.12/site-packages/airflow/example_dags/example_branch_python_dop_operator_3.py
[2024-10-07T21:46:28.793+0000] {processor.py:914} INFO - Processing file /home/airflow/.local/lib/python3.12/site-packages/airflow/example_dags/example_branch_python_dop_operator_3.py for tasks to queue
[2024-10-07T21:46:28.795+0000] {logging_mixin.py:190} INFO - [2024-10-07T21:46:28.795+0000] {dagbag.py:588} INFO - Filling up the DagBag from /home/airflow/.local/lib/python3.12/site-packages/airflow/example_dags/example_branch_python_dop_operator_3.py
[2024-10-07T21:46:28.807+0000] {processor.py:925} INFO - DAG(s) 'example_branch_dop_operator_v3' retrieved from /home/airflow/.local/lib/python3.12/site-packages/airflow/example_dags/example_branch_python_dop_operator_3.py
[2024-10-07T21:46:28.822+0000] {logging_mixin.py:190} INFO - [2024-10-07T21:46:28.822+0000] {dag.py:3239} INFO - Sync 1 DAGs
[2024-10-07T21:46:28.855+0000] {logging_mixin.py:190} INFO - [2024-10-07T21:46:28.854+0000] {dag.py:4180} INFO - Setting next_dagrun for example_branch_dop_operator_v3 to 2024-10-07 21:45:00+00:00, run_after=2024-10-07 21:46:00+00:00
[2024-10-07T21:46:28.870+0000] {processor.py:208} INFO - Processing /home/airflow/.local/lib/python3.12/site-packages/airflow/example_dags/example_branch_python_dop_operator_3.py took 0.086 seconds
[2024-10-07T21:46:59.670+0000] {processor.py:186} INFO - Started process (PID=2350) to work on /home/airflow/.local/lib/python3.12/site-packages/airflow/example_dags/example_branch_python_dop_operator_3.py
[2024-10-07T21:46:59.674+0000] {processor.py:914} INFO - Processing file /home/airflow/.local/lib/python3.12/site-packages/airflow/example_dags/example_branch_python_dop_operator_3.py for tasks to queue
[2024-10-07T21:46:59.676+0000] {logging_mixin.py:190} INFO - [2024-10-07T21:46:59.676+0000] {dagbag.py:588} INFO - Filling up the DagBag from /home/airflow/.local/lib/python3.12/site-packages/airflow/example_dags/example_branch_python_dop_operator_3.py
[2024-10-07T21:46:59.686+0000] {processor.py:925} INFO - DAG(s) 'example_branch_dop_operator_v3' retrieved from /home/airflow/.local/lib/python3.12/site-packages/airflow/example_dags/example_branch_python_dop_operator_3.py
[2024-10-07T21:46:59.702+0000] {logging_mixin.py:190} INFO - [2024-10-07T21:46:59.701+0000] {dag.py:3239} INFO - Sync 1 DAGs
[2024-10-07T21:46:59.718+0000] {logging_mixin.py:190} INFO - [2024-10-07T21:46:59.718+0000] {dag.py:4180} INFO - Setting next_dagrun for example_branch_dop_operator_v3 to 2024-10-07 21:45:00+00:00, run_after=2024-10-07 21:46:00+00:00
[2024-10-07T21:46:59.728+0000] {processor.py:208} INFO - Processing /home/airflow/.local/lib/python3.12/site-packages/airflow/example_dags/example_branch_python_dop_operator_3.py took 0.064 seconds
[2024-10-07T21:47:30.050+0000] {processor.py:186} INFO - Started process (PID=2412) to work on /home/airflow/.local/lib/python3.12/site-packages/airflow/example_dags/example_branch_python_dop_operator_3.py
[2024-10-07T21:47:30.051+0000] {processor.py:914} INFO - Processing file /home/airflow/.local/lib/python3.12/site-packages/airflow/example_dags/example_branch_python_dop_operator_3.py for tasks to queue
[2024-10-07T21:47:30.053+0000] {logging_mixin.py:190} INFO - [2024-10-07T21:47:30.053+0000] {dagbag.py:588} INFO - Filling up the DagBag from /home/airflow/.local/lib/python3.12/site-packages/airflow/example_dags/example_branch_python_dop_operator_3.py
[2024-10-07T21:47:30.060+0000] {processor.py:925} INFO - DAG(s) 'example_branch_dop_operator_v3' retrieved from /home/airflow/.local/lib/python3.12/site-packages/airflow/example_dags/example_branch_python_dop_operator_3.py
[2024-10-07T21:47:30.075+0000] {logging_mixin.py:190} INFO - [2024-10-07T21:47:30.075+0000] {dag.py:3239} INFO - Sync 1 DAGs
[2024-10-07T21:47:30.091+0000] {logging_mixin.py:190} INFO - [2024-10-07T21:47:30.090+0000] {dag.py:4180} INFO - Setting next_dagrun for example_branch_dop_operator_v3 to 2024-10-07 21:46:00+00:00, run_after=2024-10-07 21:47:00+00:00
[2024-10-07T21:47:30.102+0000] {processor.py:208} INFO - Processing /home/airflow/.local/lib/python3.12/site-packages/airflow/example_dags/example_branch_python_dop_operator_3.py took 0.056 seconds
[2024-10-07T21:48:00.320+0000] {processor.py:186} INFO - Started process (PID=2474) to work on /home/airflow/.local/lib/python3.12/site-packages/airflow/example_dags/example_branch_python_dop_operator_3.py
[2024-10-07T21:48:00.323+0000] {processor.py:914} INFO - Processing file /home/airflow/.local/lib/python3.12/site-packages/airflow/example_dags/example_branch_python_dop_operator_3.py for tasks to queue
[2024-10-07T21:48:00.327+0000] {logging_mixin.py:190} INFO - [2024-10-07T21:48:00.327+0000] {dagbag.py:588} INFO - Filling up the DagBag from /home/airflow/.local/lib/python3.12/site-packages/airflow/example_dags/example_branch_python_dop_operator_3.py
[2024-10-07T21:48:00.336+0000] {processor.py:925} INFO - DAG(s) 'example_branch_dop_operator_v3' retrieved from /home/airflow/.local/lib/python3.12/site-packages/airflow/example_dags/example_branch_python_dop_operator_3.py
[2024-10-07T21:48:00.366+0000] {logging_mixin.py:190} INFO - [2024-10-07T21:48:00.366+0000] {dag.py:3239} INFO - Sync 1 DAGs
[2024-10-07T21:48:00.397+0000] {logging_mixin.py:190} INFO - [2024-10-07T21:48:00.396+0000] {dag.py:4180} INFO - Setting next_dagrun for example_branch_dop_operator_v3 to 2024-10-07 21:47:00+00:00, run_after=2024-10-07 21:48:00+00:00
[2024-10-07T21:48:00.419+0000] {processor.py:208} INFO - Processing /home/airflow/.local/lib/python3.12/site-packages/airflow/example_dags/example_branch_python_dop_operator_3.py took 0.108 seconds
[2024-10-07T21:48:30.509+0000] {processor.py:186} INFO - Started process (PID=2536) to work on /home/airflow/.local/lib/python3.12/site-packages/airflow/example_dags/example_branch_python_dop_operator_3.py
[2024-10-07T21:48:30.512+0000] {processor.py:914} INFO - Processing file /home/airflow/.local/lib/python3.12/site-packages/airflow/example_dags/example_branch_python_dop_operator_3.py for tasks to queue
[2024-10-07T21:48:30.514+0000] {logging_mixin.py:190} INFO - [2024-10-07T21:48:30.514+0000] {dagbag.py:588} INFO - Filling up the DagBag from /home/airflow/.local/lib/python3.12/site-packages/airflow/example_dags/example_branch_python_dop_operator_3.py
[2024-10-07T21:48:30.525+0000] {processor.py:925} INFO - DAG(s) 'example_branch_dop_operator_v3' retrieved from /home/airflow/.local/lib/python3.12/site-packages/airflow/example_dags/example_branch_python_dop_operator_3.py
[2024-10-07T21:48:30.544+0000] {logging_mixin.py:190} INFO - [2024-10-07T21:48:30.544+0000] {dag.py:3239} INFO - Sync 1 DAGs
[2024-10-07T21:48:30.561+0000] {logging_mixin.py:190} INFO - [2024-10-07T21:48:30.561+0000] {dag.py:4180} INFO - Setting next_dagrun for example_branch_dop_operator_v3 to 2024-10-07 21:47:00+00:00, run_after=2024-10-07 21:48:00+00:00
[2024-10-07T21:48:30.573+0000] {processor.py:208} INFO - Processing /home/airflow/.local/lib/python3.12/site-packages/airflow/example_dags/example_branch_python_dop_operator_3.py took 0.071 seconds
[2024-10-07T21:49:01.325+0000] {processor.py:186} INFO - Started process (PID=2598) to work on /home/airflow/.local/lib/python3.12/site-packages/airflow/example_dags/example_branch_python_dop_operator_3.py
[2024-10-07T21:49:01.326+0000] {processor.py:914} INFO - Processing file /home/airflow/.local/lib/python3.12/site-packages/airflow/example_dags/example_branch_python_dop_operator_3.py for tasks to queue
[2024-10-07T21:49:01.328+0000] {logging_mixin.py:190} INFO - [2024-10-07T21:49:01.328+0000] {dagbag.py:588} INFO - Filling up the DagBag from /home/airflow/.local/lib/python3.12/site-packages/airflow/example_dags/example_branch_python_dop_operator_3.py
[2024-10-07T21:49:01.338+0000] {processor.py:925} INFO - DAG(s) 'example_branch_dop_operator_v3' retrieved from /home/airflow/.local/lib/python3.12/site-packages/airflow/example_dags/example_branch_python_dop_operator_3.py
[2024-10-07T21:49:01.356+0000] {logging_mixin.py:190} INFO - [2024-10-07T21:49:01.356+0000] {dag.py:3239} INFO - Sync 1 DAGs
[2024-10-07T21:49:01.377+0000] {logging_mixin.py:190} INFO - [2024-10-07T21:49:01.377+0000] {dag.py:4180} INFO - Setting next_dagrun for example_branch_dop_operator_v3 to 2024-10-07 21:48:00+00:00, run_after=2024-10-07 21:49:00+00:00
[2024-10-07T21:49:01.392+0000] {processor.py:208} INFO - Processing /home/airflow/.local/lib/python3.12/site-packages/airflow/example_dags/example_branch_python_dop_operator_3.py took 0.093 seconds
[2024-10-07T21:49:32.029+0000] {processor.py:186} INFO - Started process (PID=2660) to work on /home/airflow/.local/lib/python3.12/site-packages/airflow/example_dags/example_branch_python_dop_operator_3.py
[2024-10-07T21:49:32.030+0000] {processor.py:914} INFO - Processing file /home/airflow/.local/lib/python3.12/site-packages/airflow/example_dags/example_branch_python_dop_operator_3.py for tasks to queue
[2024-10-07T21:49:32.033+0000] {logging_mixin.py:190} INFO - [2024-10-07T21:49:32.033+0000] {dagbag.py:588} INFO - Filling up the DagBag from /home/airflow/.local/lib/python3.12/site-packages/airflow/example_dags/example_branch_python_dop_operator_3.py
[2024-10-07T21:49:32.041+0000] {processor.py:925} INFO - DAG(s) 'example_branch_dop_operator_v3' retrieved from /home/airflow/.local/lib/python3.12/site-packages/airflow/example_dags/example_branch_python_dop_operator_3.py
[2024-10-07T21:49:32.054+0000] {logging_mixin.py:190} INFO - [2024-10-07T21:49:32.053+0000] {dag.py:3239} INFO - Sync 1 DAGs
[2024-10-07T21:49:32.068+0000] {logging_mixin.py:190} INFO - [2024-10-07T21:49:32.067+0000] {dag.py:4180} INFO - Setting next_dagrun for example_branch_dop_operator_v3 to 2024-10-07 21:48:00+00:00, run_after=2024-10-07 21:49:00+00:00
[2024-10-07T21:49:32.077+0000] {processor.py:208} INFO - Processing /home/airflow/.local/lib/python3.12/site-packages/airflow/example_dags/example_branch_python_dop_operator_3.py took 0.073 seconds
[2024-10-07T21:50:02.975+0000] {processor.py:186} INFO - Started process (PID=2722) to work on /home/airflow/.local/lib/python3.12/site-packages/airflow/example_dags/example_branch_python_dop_operator_3.py
[2024-10-07T21:50:02.978+0000] {processor.py:914} INFO - Processing file /home/airflow/.local/lib/python3.12/site-packages/airflow/example_dags/example_branch_python_dop_operator_3.py for tasks to queue
[2024-10-07T21:50:02.982+0000] {logging_mixin.py:190} INFO - [2024-10-07T21:50:02.981+0000] {dagbag.py:588} INFO - Filling up the DagBag from /home/airflow/.local/lib/python3.12/site-packages/airflow/example_dags/example_branch_python_dop_operator_3.py
[2024-10-07T21:50:02.996+0000] {processor.py:925} INFO - DAG(s) 'example_branch_dop_operator_v3' retrieved from /home/airflow/.local/lib/python3.12/site-packages/airflow/example_dags/example_branch_python_dop_operator_3.py
[2024-10-07T21:50:03.012+0000] {logging_mixin.py:190} INFO - [2024-10-07T21:50:03.012+0000] {dag.py:3239} INFO - Sync 1 DAGs
[2024-10-07T21:50:03.029+0000] {logging_mixin.py:190} INFO - [2024-10-07T21:50:03.029+0000] {dag.py:4180} INFO - Setting next_dagrun for example_branch_dop_operator_v3 to 2024-10-07 21:49:00+00:00, run_after=2024-10-07 21:50:00+00:00
[2024-10-07T21:50:03.153+0000] {processor.py:208} INFO - Processing /home/airflow/.local/lib/python3.12/site-packages/airflow/example_dags/example_branch_python_dop_operator_3.py took 0.187 seconds
[2024-10-07T21:50:33.293+0000] {processor.py:186} INFO - Started process (PID=2784) to work on /home/airflow/.local/lib/python3.12/site-packages/airflow/example_dags/example_branch_python_dop_operator_3.py
[2024-10-07T21:50:33.296+0000] {processor.py:914} INFO - Processing file /home/airflow/.local/lib/python3.12/site-packages/airflow/example_dags/example_branch_python_dop_operator_3.py for tasks to queue
[2024-10-07T21:50:33.299+0000] {logging_mixin.py:190} INFO - [2024-10-07T21:50:33.298+0000] {dagbag.py:588} INFO - Filling up the DagBag from /home/airflow/.local/lib/python3.12/site-packages/airflow/example_dags/example_branch_python_dop_operator_3.py
[2024-10-07T21:50:33.311+0000] {processor.py:925} INFO - DAG(s) 'example_branch_dop_operator_v3' retrieved from /home/airflow/.local/lib/python3.12/site-packages/airflow/example_dags/example_branch_python_dop_operator_3.py
[2024-10-07T21:50:33.328+0000] {logging_mixin.py:190} INFO - [2024-10-07T21:50:33.328+0000] {dag.py:3239} INFO - Sync 1 DAGs
[2024-10-07T21:50:33.344+0000] {logging_mixin.py:190} INFO - [2024-10-07T21:50:33.344+0000] {dag.py:4180} INFO - Setting next_dagrun for example_branch_dop_operator_v3 to 2024-10-07 21:49:00+00:00, run_after=2024-10-07 21:50:00+00:00
[2024-10-07T21:50:33.470+0000] {processor.py:208} INFO - Processing /home/airflow/.local/lib/python3.12/site-packages/airflow/example_dags/example_branch_python_dop_operator_3.py took 0.184 seconds
[2024-10-07T21:51:03.698+0000] {processor.py:186} INFO - Started process (PID=2846) to work on /home/airflow/.local/lib/python3.12/site-packages/airflow/example_dags/example_branch_python_dop_operator_3.py
[2024-10-07T21:51:03.699+0000] {processor.py:914} INFO - Processing file /home/airflow/.local/lib/python3.12/site-packages/airflow/example_dags/example_branch_python_dop_operator_3.py for tasks to queue
[2024-10-07T21:51:03.702+0000] {logging_mixin.py:190} INFO - [2024-10-07T21:51:03.702+0000] {dagbag.py:588} INFO - Filling up the DagBag from /home/airflow/.local/lib/python3.12/site-packages/airflow/example_dags/example_branch_python_dop_operator_3.py
[2024-10-07T21:51:03.717+0000] {processor.py:925} INFO - DAG(s) 'example_branch_dop_operator_v3' retrieved from /home/airflow/.local/lib/python3.12/site-packages/airflow/example_dags/example_branch_python_dop_operator_3.py
[2024-10-07T21:51:03.741+0000] {logging_mixin.py:190} INFO - [2024-10-07T21:51:03.741+0000] {dag.py:3239} INFO - Sync 1 DAGs
[2024-10-07T21:51:03.760+0000] {logging_mixin.py:190} INFO - [2024-10-07T21:51:03.760+0000] {dag.py:4180} INFO - Setting next_dagrun for example_branch_dop_operator_v3 to 2024-10-07 21:50:00+00:00, run_after=2024-10-07 21:51:00+00:00
[2024-10-07T21:51:03.774+0000] {processor.py:208} INFO - Processing /home/airflow/.local/lib/python3.12/site-packages/airflow/example_dags/example_branch_python_dop_operator_3.py took 0.085 seconds
[2024-10-07T21:51:33.821+0000] {processor.py:186} INFO - Started process (PID=2908) to work on /home/airflow/.local/lib/python3.12/site-packages/airflow/example_dags/example_branch_python_dop_operator_3.py
[2024-10-07T21:51:33.822+0000] {processor.py:914} INFO - Processing file /home/airflow/.local/lib/python3.12/site-packages/airflow/example_dags/example_branch_python_dop_operator_3.py for tasks to queue
[2024-10-07T21:51:33.823+0000] {logging_mixin.py:190} INFO - [2024-10-07T21:51:33.823+0000] {dagbag.py:588} INFO - Filling up the DagBag from /home/airflow/.local/lib/python3.12/site-packages/airflow/example_dags/example_branch_python_dop_operator_3.py
[2024-10-07T21:51:33.829+0000] {processor.py:925} INFO - DAG(s) 'example_branch_dop_operator_v3' retrieved from /home/airflow/.local/lib/python3.12/site-packages/airflow/example_dags/example_branch_python_dop_operator_3.py
[2024-10-07T21:51:33.841+0000] {logging_mixin.py:190} INFO - [2024-10-07T21:51:33.841+0000] {dag.py:3239} INFO - Sync 1 DAGs
[2024-10-07T21:51:33.857+0000] {logging_mixin.py:190} INFO - [2024-10-07T21:51:33.857+0000] {dag.py:4180} INFO - Setting next_dagrun for example_branch_dop_operator_v3 to 2024-10-07 21:50:00+00:00, run_after=2024-10-07 21:51:00+00:00
[2024-10-07T21:51:33.872+0000] {processor.py:208} INFO - Processing /home/airflow/.local/lib/python3.12/site-packages/airflow/example_dags/example_branch_python_dop_operator_3.py took 0.055 seconds
[2024-10-07T21:52:03.951+0000] {processor.py:186} INFO - Started process (PID=2970) to work on /home/airflow/.local/lib/python3.12/site-packages/airflow/example_dags/example_branch_python_dop_operator_3.py
[2024-10-07T21:52:03.954+0000] {processor.py:914} INFO - Processing file /home/airflow/.local/lib/python3.12/site-packages/airflow/example_dags/example_branch_python_dop_operator_3.py for tasks to queue
[2024-10-07T21:52:03.959+0000] {logging_mixin.py:190} INFO - [2024-10-07T21:52:03.959+0000] {dagbag.py:588} INFO - Filling up the DagBag from /home/airflow/.local/lib/python3.12/site-packages/airflow/example_dags/example_branch_python_dop_operator_3.py
[2024-10-07T21:52:03.969+0000] {processor.py:925} INFO - DAG(s) 'example_branch_dop_operator_v3' retrieved from /home/airflow/.local/lib/python3.12/site-packages/airflow/example_dags/example_branch_python_dop_operator_3.py
[2024-10-07T21:52:03.988+0000] {logging_mixin.py:190} INFO - [2024-10-07T21:52:03.988+0000] {dag.py:3239} INFO - Sync 1 DAGs
[2024-10-07T21:52:04.004+0000] {logging_mixin.py:190} INFO - [2024-10-07T21:52:04.004+0000] {dag.py:4180} INFO - Setting next_dagrun for example_branch_dop_operator_v3 to 2024-10-07 21:51:00+00:00, run_after=2024-10-07 21:52:00+00:00
[2024-10-07T21:52:04.017+0000] {processor.py:208} INFO - Processing /home/airflow/.local/lib/python3.12/site-packages/airflow/example_dags/example_branch_python_dop_operator_3.py took 0.077 seconds
[2024-10-07T21:52:34.328+0000] {processor.py:186} INFO - Started process (PID=3032) to work on /home/airflow/.local/lib/python3.12/site-packages/airflow/example_dags/example_branch_python_dop_operator_3.py
[2024-10-07T21:52:34.329+0000] {processor.py:914} INFO - Processing file /home/airflow/.local/lib/python3.12/site-packages/airflow/example_dags/example_branch_python_dop_operator_3.py for tasks to queue
[2024-10-07T21:52:34.334+0000] {logging_mixin.py:190} INFO - [2024-10-07T21:52:34.334+0000] {dagbag.py:588} INFO - Filling up the DagBag from /home/airflow/.local/lib/python3.12/site-packages/airflow/example_dags/example_branch_python_dop_operator_3.py
[2024-10-07T21:52:34.357+0000] {processor.py:925} INFO - DAG(s) 'example_branch_dop_operator_v3' retrieved from /home/airflow/.local/lib/python3.12/site-packages/airflow/example_dags/example_branch_python_dop_operator_3.py
[2024-10-07T21:52:34.377+0000] {logging_mixin.py:190} INFO - [2024-10-07T21:52:34.377+0000] {dag.py:3239} INFO - Sync 1 DAGs
[2024-10-07T21:52:34.397+0000] {logging_mixin.py:190} INFO - [2024-10-07T21:52:34.397+0000] {dag.py:4180} INFO - Setting next_dagrun for example_branch_dop_operator_v3 to 2024-10-07 21:51:00+00:00, run_after=2024-10-07 21:52:00+00:00
[2024-10-07T21:52:34.413+0000] {processor.py:208} INFO - Processing /home/airflow/.local/lib/python3.12/site-packages/airflow/example_dags/example_branch_python_dop_operator_3.py took 0.096 seconds
[2024-10-07T21:53:05.005+0000] {processor.py:186} INFO - Started process (PID=3094) to work on /home/airflow/.local/lib/python3.12/site-packages/airflow/example_dags/example_branch_python_dop_operator_3.py
[2024-10-07T21:53:05.012+0000] {processor.py:914} INFO - Processing file /home/airflow/.local/lib/python3.12/site-packages/airflow/example_dags/example_branch_python_dop_operator_3.py for tasks to queue
[2024-10-07T21:53:05.014+0000] {logging_mixin.py:190} INFO - [2024-10-07T21:53:05.013+0000] {dagbag.py:588} INFO - Filling up the DagBag from /home/airflow/.local/lib/python3.12/site-packages/airflow/example_dags/example_branch_python_dop_operator_3.py
[2024-10-07T21:53:05.032+0000] {processor.py:925} INFO - DAG(s) 'example_branch_dop_operator_v3' retrieved from /home/airflow/.local/lib/python3.12/site-packages/airflow/example_dags/example_branch_python_dop_operator_3.py
[2024-10-07T21:53:05.051+0000] {logging_mixin.py:190} INFO - [2024-10-07T21:53:05.051+0000] {dag.py:3239} INFO - Sync 1 DAGs
[2024-10-07T21:53:05.067+0000] {logging_mixin.py:190} INFO - [2024-10-07T21:53:05.067+0000] {dag.py:4180} INFO - Setting next_dagrun for example_branch_dop_operator_v3 to 2024-10-07 21:52:00+00:00, run_after=2024-10-07 21:53:00+00:00
[2024-10-07T21:53:05.084+0000] {processor.py:208} INFO - Processing /home/airflow/.local/lib/python3.12/site-packages/airflow/example_dags/example_branch_python_dop_operator_3.py took 0.084 seconds
[2024-10-07T21:53:35.597+0000] {processor.py:186} INFO - Started process (PID=3156) to work on /home/airflow/.local/lib/python3.12/site-packages/airflow/example_dags/example_branch_python_dop_operator_3.py
[2024-10-07T21:53:35.600+0000] {processor.py:914} INFO - Processing file /home/airflow/.local/lib/python3.12/site-packages/airflow/example_dags/example_branch_python_dop_operator_3.py for tasks to queue
[2024-10-07T21:53:35.602+0000] {logging_mixin.py:190} INFO - [2024-10-07T21:53:35.601+0000] {dagbag.py:588} INFO - Filling up the DagBag from /home/airflow/.local/lib/python3.12/site-packages/airflow/example_dags/example_branch_python_dop_operator_3.py
[2024-10-07T21:53:35.613+0000] {processor.py:925} INFO - DAG(s) 'example_branch_dop_operator_v3' retrieved from /home/airflow/.local/lib/python3.12/site-packages/airflow/example_dags/example_branch_python_dop_operator_3.py
[2024-10-07T21:53:35.634+0000] {logging_mixin.py:190} INFO - [2024-10-07T21:53:35.633+0000] {dag.py:3239} INFO - Sync 1 DAGs
[2024-10-07T21:53:35.649+0000] {logging_mixin.py:190} INFO - [2024-10-07T21:53:35.649+0000] {dag.py:4180} INFO - Setting next_dagrun for example_branch_dop_operator_v3 to 2024-10-07 21:52:00+00:00, run_after=2024-10-07 21:53:00+00:00
[2024-10-07T21:53:35.662+0000] {processor.py:208} INFO - Processing /home/airflow/.local/lib/python3.12/site-packages/airflow/example_dags/example_branch_python_dop_operator_3.py took 0.071 seconds
[2024-10-07T21:54:06.061+0000] {processor.py:186} INFO - Started process (PID=3218) to work on /home/airflow/.local/lib/python3.12/site-packages/airflow/example_dags/example_branch_python_dop_operator_3.py
[2024-10-07T21:54:06.065+0000] {processor.py:914} INFO - Processing file /home/airflow/.local/lib/python3.12/site-packages/airflow/example_dags/example_branch_python_dop_operator_3.py for tasks to queue
[2024-10-07T21:54:06.069+0000] {logging_mixin.py:190} INFO - [2024-10-07T21:54:06.068+0000] {dagbag.py:588} INFO - Filling up the DagBag from /home/airflow/.local/lib/python3.12/site-packages/airflow/example_dags/example_branch_python_dop_operator_3.py
[2024-10-07T21:54:06.083+0000] {processor.py:925} INFO - DAG(s) 'example_branch_dop_operator_v3' retrieved from /home/airflow/.local/lib/python3.12/site-packages/airflow/example_dags/example_branch_python_dop_operator_3.py
[2024-10-07T21:54:06.102+0000] {logging_mixin.py:190} INFO - [2024-10-07T21:54:06.101+0000] {dag.py:3239} INFO - Sync 1 DAGs
[2024-10-07T21:54:06.124+0000] {logging_mixin.py:190} INFO - [2024-10-07T21:54:06.124+0000] {dag.py:4180} INFO - Setting next_dagrun for example_branch_dop_operator_v3 to 2024-10-07 21:53:00+00:00, run_after=2024-10-07 21:54:00+00:00
[2024-10-07T21:54:06.142+0000] {processor.py:208} INFO - Processing /home/airflow/.local/lib/python3.12/site-packages/airflow/example_dags/example_branch_python_dop_operator_3.py took 0.089 seconds
[2024-10-07T21:54:36.426+0000] {processor.py:186} INFO - Started process (PID=3280) to work on /home/airflow/.local/lib/python3.12/site-packages/airflow/example_dags/example_branch_python_dop_operator_3.py
[2024-10-07T21:54:36.433+0000] {processor.py:914} INFO - Processing file /home/airflow/.local/lib/python3.12/site-packages/airflow/example_dags/example_branch_python_dop_operator_3.py for tasks to queue
[2024-10-07T21:54:36.439+0000] {logging_mixin.py:190} INFO - [2024-10-07T21:54:36.438+0000] {dagbag.py:588} INFO - Filling up the DagBag from /home/airflow/.local/lib/python3.12/site-packages/airflow/example_dags/example_branch_python_dop_operator_3.py
[2024-10-07T21:54:36.456+0000] {processor.py:925} INFO - DAG(s) 'example_branch_dop_operator_v3' retrieved from /home/airflow/.local/lib/python3.12/site-packages/airflow/example_dags/example_branch_python_dop_operator_3.py
[2024-10-07T21:54:36.474+0000] {logging_mixin.py:190} INFO - [2024-10-07T21:54:36.474+0000] {dag.py:3239} INFO - Sync 1 DAGs
[2024-10-07T21:54:36.510+0000] {logging_mixin.py:190} INFO - [2024-10-07T21:54:36.510+0000] {dag.py:4180} INFO - Setting next_dagrun for example_branch_dop_operator_v3 to 2024-10-07 21:53:00+00:00, run_after=2024-10-07 21:54:00+00:00
[2024-10-07T21:54:36.525+0000] {processor.py:208} INFO - Processing /home/airflow/.local/lib/python3.12/site-packages/airflow/example_dags/example_branch_python_dop_operator_3.py took 0.104 seconds
[2024-10-07T21:55:06.816+0000] {processor.py:186} INFO - Started process (PID=3342) to work on /home/airflow/.local/lib/python3.12/site-packages/airflow/example_dags/example_branch_python_dop_operator_3.py
[2024-10-07T21:55:06.823+0000] {processor.py:914} INFO - Processing file /home/airflow/.local/lib/python3.12/site-packages/airflow/example_dags/example_branch_python_dop_operator_3.py for tasks to queue
[2024-10-07T21:55:06.826+0000] {logging_mixin.py:190} INFO - [2024-10-07T21:55:06.825+0000] {dagbag.py:588} INFO - Filling up the DagBag from /home/airflow/.local/lib/python3.12/site-packages/airflow/example_dags/example_branch_python_dop_operator_3.py
[2024-10-07T21:55:06.833+0000] {processor.py:925} INFO - DAG(s) 'example_branch_dop_operator_v3' retrieved from /home/airflow/.local/lib/python3.12/site-packages/airflow/example_dags/example_branch_python_dop_operator_3.py
[2024-10-07T21:55:06.850+0000] {logging_mixin.py:190} INFO - [2024-10-07T21:55:06.850+0000] {dag.py:3239} INFO - Sync 1 DAGs
[2024-10-07T21:55:06.874+0000] {logging_mixin.py:190} INFO - [2024-10-07T21:55:06.874+0000] {dag.py:4180} INFO - Setting next_dagrun for example_branch_dop_operator_v3 to 2024-10-07 21:54:00+00:00, run_after=2024-10-07 21:55:00+00:00
[2024-10-07T21:55:06.889+0000] {processor.py:208} INFO - Processing /home/airflow/.local/lib/python3.12/site-packages/airflow/example_dags/example_branch_python_dop_operator_3.py took 0.079 seconds
[2024-10-07T21:55:37.370+0000] {processor.py:186} INFO - Started process (PID=3404) to work on /home/airflow/.local/lib/python3.12/site-packages/airflow/example_dags/example_branch_python_dop_operator_3.py
[2024-10-07T21:55:37.372+0000] {processor.py:914} INFO - Processing file /home/airflow/.local/lib/python3.12/site-packages/airflow/example_dags/example_branch_python_dop_operator_3.py for tasks to queue
[2024-10-07T21:55:37.377+0000] {logging_mixin.py:190} INFO - [2024-10-07T21:55:37.377+0000] {dagbag.py:588} INFO - Filling up the DagBag from /home/airflow/.local/lib/python3.12/site-packages/airflow/example_dags/example_branch_python_dop_operator_3.py
[2024-10-07T21:55:37.385+0000] {processor.py:925} INFO - DAG(s) 'example_branch_dop_operator_v3' retrieved from /home/airflow/.local/lib/python3.12/site-packages/airflow/example_dags/example_branch_python_dop_operator_3.py
[2024-10-07T21:55:37.401+0000] {logging_mixin.py:190} INFO - [2024-10-07T21:55:37.401+0000] {dag.py:3239} INFO - Sync 1 DAGs
[2024-10-07T21:55:37.421+0000] {logging_mixin.py:190} INFO - [2024-10-07T21:55:37.421+0000] {dag.py:4180} INFO - Setting next_dagrun for example_branch_dop_operator_v3 to 2024-10-07 21:54:00+00:00, run_after=2024-10-07 21:55:00+00:00
[2024-10-07T21:55:37.434+0000] {processor.py:208} INFO - Processing /home/airflow/.local/lib/python3.12/site-packages/airflow/example_dags/example_branch_python_dop_operator_3.py took 0.070 seconds
[2024-10-07T21:56:07.822+0000] {processor.py:186} INFO - Started process (PID=3466) to work on /home/airflow/.local/lib/python3.12/site-packages/airflow/example_dags/example_branch_python_dop_operator_3.py
[2024-10-07T21:56:07.828+0000] {processor.py:914} INFO - Processing file /home/airflow/.local/lib/python3.12/site-packages/airflow/example_dags/example_branch_python_dop_operator_3.py for tasks to queue
[2024-10-07T21:56:07.830+0000] {logging_mixin.py:190} INFO - [2024-10-07T21:56:07.829+0000] {dagbag.py:588} INFO - Filling up the DagBag from /home/airflow/.local/lib/python3.12/site-packages/airflow/example_dags/example_branch_python_dop_operator_3.py
[2024-10-07T21:56:07.838+0000] {processor.py:925} INFO - DAG(s) 'example_branch_dop_operator_v3' retrieved from /home/airflow/.local/lib/python3.12/site-packages/airflow/example_dags/example_branch_python_dop_operator_3.py
[2024-10-07T21:56:07.853+0000] {logging_mixin.py:190} INFO - [2024-10-07T21:56:07.853+0000] {dag.py:3239} INFO - Sync 1 DAGs
[2024-10-07T21:56:07.874+0000] {logging_mixin.py:190} INFO - [2024-10-07T21:56:07.874+0000] {dag.py:4180} INFO - Setting next_dagrun for example_branch_dop_operator_v3 to 2024-10-07 21:55:00+00:00, run_after=2024-10-07 21:56:00+00:00
[2024-10-07T21:56:07.892+0000] {processor.py:208} INFO - Processing /home/airflow/.local/lib/python3.12/site-packages/airflow/example_dags/example_branch_python_dop_operator_3.py took 0.078 seconds
[2024-10-07T21:56:38.215+0000] {processor.py:186} INFO - Started process (PID=3528) to work on /home/airflow/.local/lib/python3.12/site-packages/airflow/example_dags/example_branch_python_dop_operator_3.py
[2024-10-07T21:56:38.222+0000] {processor.py:914} INFO - Processing file /home/airflow/.local/lib/python3.12/site-packages/airflow/example_dags/example_branch_python_dop_operator_3.py for tasks to queue
[2024-10-07T21:56:38.226+0000] {logging_mixin.py:190} INFO - [2024-10-07T21:56:38.226+0000] {dagbag.py:588} INFO - Filling up the DagBag from /home/airflow/.local/lib/python3.12/site-packages/airflow/example_dags/example_branch_python_dop_operator_3.py
[2024-10-07T21:56:38.235+0000] {processor.py:925} INFO - DAG(s) 'example_branch_dop_operator_v3' retrieved from /home/airflow/.local/lib/python3.12/site-packages/airflow/example_dags/example_branch_python_dop_operator_3.py
[2024-10-07T21:56:38.254+0000] {logging_mixin.py:190} INFO - [2024-10-07T21:56:38.254+0000] {dag.py:3239} INFO - Sync 1 DAGs
[2024-10-07T21:56:38.286+0000] {logging_mixin.py:190} INFO - [2024-10-07T21:56:38.286+0000] {dag.py:4180} INFO - Setting next_dagrun for example_branch_dop_operator_v3 to 2024-10-07 21:55:00+00:00, run_after=2024-10-07 21:56:00+00:00
[2024-10-07T21:56:38.305+0000] {processor.py:208} INFO - Processing /home/airflow/.local/lib/python3.12/site-packages/airflow/example_dags/example_branch_python_dop_operator_3.py took 0.096 seconds
[2024-10-07T21:57:08.609+0000] {processor.py:186} INFO - Started process (PID=3590) to work on /home/airflow/.local/lib/python3.12/site-packages/airflow/example_dags/example_branch_python_dop_operator_3.py
[2024-10-07T21:57:08.616+0000] {processor.py:914} INFO - Processing file /home/airflow/.local/lib/python3.12/site-packages/airflow/example_dags/example_branch_python_dop_operator_3.py for tasks to queue
[2024-10-07T21:57:08.620+0000] {logging_mixin.py:190} INFO - [2024-10-07T21:57:08.620+0000] {dagbag.py:588} INFO - Filling up the DagBag from /home/airflow/.local/lib/python3.12/site-packages/airflow/example_dags/example_branch_python_dop_operator_3.py
[2024-10-07T21:57:08.632+0000] {processor.py:925} INFO - DAG(s) 'example_branch_dop_operator_v3' retrieved from /home/airflow/.local/lib/python3.12/site-packages/airflow/example_dags/example_branch_python_dop_operator_3.py
[2024-10-07T21:57:08.652+0000] {logging_mixin.py:190} INFO - [2024-10-07T21:57:08.652+0000] {dag.py:3239} INFO - Sync 1 DAGs
[2024-10-07T21:57:08.668+0000] {logging_mixin.py:190} INFO - [2024-10-07T21:57:08.668+0000] {dag.py:4180} INFO - Setting next_dagrun for example_branch_dop_operator_v3 to 2024-10-07 21:56:00+00:00, run_after=2024-10-07 21:57:00+00:00
[2024-10-07T21:57:08.681+0000] {processor.py:208} INFO - Processing /home/airflow/.local/lib/python3.12/site-packages/airflow/example_dags/example_branch_python_dop_operator_3.py took 0.080 seconds
[2024-10-07T21:57:38.794+0000] {processor.py:186} INFO - Started process (PID=3652) to work on /home/airflow/.local/lib/python3.12/site-packages/airflow/example_dags/example_branch_python_dop_operator_3.py
[2024-10-07T21:57:38.796+0000] {processor.py:914} INFO - Processing file /home/airflow/.local/lib/python3.12/site-packages/airflow/example_dags/example_branch_python_dop_operator_3.py for tasks to queue
[2024-10-07T21:57:38.801+0000] {logging_mixin.py:190} INFO - [2024-10-07T21:57:38.801+0000] {dagbag.py:588} INFO - Filling up the DagBag from /home/airflow/.local/lib/python3.12/site-packages/airflow/example_dags/example_branch_python_dop_operator_3.py
[2024-10-07T21:57:38.810+0000] {processor.py:925} INFO - DAG(s) 'example_branch_dop_operator_v3' retrieved from /home/airflow/.local/lib/python3.12/site-packages/airflow/example_dags/example_branch_python_dop_operator_3.py
[2024-10-07T21:57:38.830+0000] {logging_mixin.py:190} INFO - [2024-10-07T21:57:38.830+0000] {dag.py:3239} INFO - Sync 1 DAGs
[2024-10-07T21:57:38.866+0000] {logging_mixin.py:190} INFO - [2024-10-07T21:57:38.866+0000] {dag.py:4180} INFO - Setting next_dagrun for example_branch_dop_operator_v3 to 2024-10-07 21:56:00+00:00, run_after=2024-10-07 21:57:00+00:00
[2024-10-07T21:57:38.885+0000] {processor.py:208} INFO - Processing /home/airflow/.local/lib/python3.12/site-packages/airflow/example_dags/example_branch_python_dop_operator_3.py took 0.097 seconds
[2024-10-07T21:58:09.730+0000] {processor.py:186} INFO - Started process (PID=3714) to work on /home/airflow/.local/lib/python3.12/site-packages/airflow/example_dags/example_branch_python_dop_operator_3.py
[2024-10-07T21:58:09.739+0000] {processor.py:914} INFO - Processing file /home/airflow/.local/lib/python3.12/site-packages/airflow/example_dags/example_branch_python_dop_operator_3.py for tasks to queue
[2024-10-07T21:58:09.744+0000] {logging_mixin.py:190} INFO - [2024-10-07T21:58:09.744+0000] {dagbag.py:588} INFO - Filling up the DagBag from /home/airflow/.local/lib/python3.12/site-packages/airflow/example_dags/example_branch_python_dop_operator_3.py
[2024-10-07T21:58:09.755+0000] {processor.py:925} INFO - DAG(s) 'example_branch_dop_operator_v3' retrieved from /home/airflow/.local/lib/python3.12/site-packages/airflow/example_dags/example_branch_python_dop_operator_3.py
[2024-10-07T21:58:09.781+0000] {logging_mixin.py:190} INFO - [2024-10-07T21:58:09.781+0000] {dag.py:3239} INFO - Sync 1 DAGs
[2024-10-07T21:58:09.801+0000] {logging_mixin.py:190} INFO - [2024-10-07T21:58:09.801+0000] {dag.py:4180} INFO - Setting next_dagrun for example_branch_dop_operator_v3 to 2024-10-07 21:57:00+00:00, run_after=2024-10-07 21:58:00+00:00
[2024-10-07T21:58:09.818+0000] {processor.py:208} INFO - Processing /home/airflow/.local/lib/python3.12/site-packages/airflow/example_dags/example_branch_python_dop_operator_3.py took 0.110 seconds
[2024-10-07T21:58:40.362+0000] {processor.py:186} INFO - Started process (PID=3776) to work on /home/airflow/.local/lib/python3.12/site-packages/airflow/example_dags/example_branch_python_dop_operator_3.py
[2024-10-07T21:58:40.365+0000] {processor.py:914} INFO - Processing file /home/airflow/.local/lib/python3.12/site-packages/airflow/example_dags/example_branch_python_dop_operator_3.py for tasks to queue
[2024-10-07T21:58:40.369+0000] {logging_mixin.py:190} INFO - [2024-10-07T21:58:40.369+0000] {dagbag.py:588} INFO - Filling up the DagBag from /home/airflow/.local/lib/python3.12/site-packages/airflow/example_dags/example_branch_python_dop_operator_3.py
[2024-10-07T21:58:40.377+0000] {processor.py:925} INFO - DAG(s) 'example_branch_dop_operator_v3' retrieved from /home/airflow/.local/lib/python3.12/site-packages/airflow/example_dags/example_branch_python_dop_operator_3.py
[2024-10-07T21:58:40.395+0000] {logging_mixin.py:190} INFO - [2024-10-07T21:58:40.395+0000] {dag.py:3239} INFO - Sync 1 DAGs
[2024-10-07T21:58:40.411+0000] {logging_mixin.py:190} INFO - [2024-10-07T21:58:40.411+0000] {dag.py:4180} INFO - Setting next_dagrun for example_branch_dop_operator_v3 to 2024-10-07 21:57:00+00:00, run_after=2024-10-07 21:58:00+00:00
[2024-10-07T21:58:40.424+0000] {processor.py:208} INFO - Processing /home/airflow/.local/lib/python3.12/site-packages/airflow/example_dags/example_branch_python_dop_operator_3.py took 0.070 seconds
[2024-10-07T21:59:10.999+0000] {processor.py:186} INFO - Started process (PID=3838) to work on /home/airflow/.local/lib/python3.12/site-packages/airflow/example_dags/example_branch_python_dop_operator_3.py
[2024-10-07T21:59:11.007+0000] {processor.py:914} INFO - Processing file /home/airflow/.local/lib/python3.12/site-packages/airflow/example_dags/example_branch_python_dop_operator_3.py for tasks to queue
[2024-10-07T21:59:11.009+0000] {logging_mixin.py:190} INFO - [2024-10-07T21:59:11.009+0000] {dagbag.py:588} INFO - Filling up the DagBag from /home/airflow/.local/lib/python3.12/site-packages/airflow/example_dags/example_branch_python_dop_operator_3.py
[2024-10-07T21:59:11.020+0000] {processor.py:925} INFO - DAG(s) 'example_branch_dop_operator_v3' retrieved from /home/airflow/.local/lib/python3.12/site-packages/airflow/example_dags/example_branch_python_dop_operator_3.py
[2024-10-07T21:59:11.035+0000] {logging_mixin.py:190} INFO - [2024-10-07T21:59:11.035+0000] {dag.py:3239} INFO - Sync 1 DAGs
[2024-10-07T21:59:11.055+0000] {logging_mixin.py:190} INFO - [2024-10-07T21:59:11.055+0000] {dag.py:4180} INFO - Setting next_dagrun for example_branch_dop_operator_v3 to 2024-10-07 21:58:00+00:00, run_after=2024-10-07 21:59:00+00:00
[2024-10-07T21:59:11.072+0000] {processor.py:208} INFO - Processing /home/airflow/.local/lib/python3.12/site-packages/airflow/example_dags/example_branch_python_dop_operator_3.py took 0.077 seconds
[2024-10-07T21:59:41.705+0000] {processor.py:186} INFO - Started process (PID=3900) to work on /home/airflow/.local/lib/python3.12/site-packages/airflow/example_dags/example_branch_python_dop_operator_3.py
[2024-10-07T21:59:41.709+0000] {processor.py:914} INFO - Processing file /home/airflow/.local/lib/python3.12/site-packages/airflow/example_dags/example_branch_python_dop_operator_3.py for tasks to queue
[2024-10-07T21:59:41.718+0000] {logging_mixin.py:190} INFO - [2024-10-07T21:59:41.718+0000] {dagbag.py:588} INFO - Filling up the DagBag from /home/airflow/.local/lib/python3.12/site-packages/airflow/example_dags/example_branch_python_dop_operator_3.py
[2024-10-07T21:59:41.731+0000] {processor.py:925} INFO - DAG(s) 'example_branch_dop_operator_v3' retrieved from /home/airflow/.local/lib/python3.12/site-packages/airflow/example_dags/example_branch_python_dop_operator_3.py
[2024-10-07T21:59:41.756+0000] {logging_mixin.py:190} INFO - [2024-10-07T21:59:41.756+0000] {dag.py:3239} INFO - Sync 1 DAGs
[2024-10-07T21:59:41.777+0000] {logging_mixin.py:190} INFO - [2024-10-07T21:59:41.776+0000] {dag.py:4180} INFO - Setting next_dagrun for example_branch_dop_operator_v3 to 2024-10-07 21:58:00+00:00, run_after=2024-10-07 21:59:00+00:00
[2024-10-07T21:59:41.789+0000] {processor.py:208} INFO - Processing /home/airflow/.local/lib/python3.12/site-packages/airflow/example_dags/example_branch_python_dop_operator_3.py took 0.092 seconds
[2024-10-07T22:00:12.237+0000] {processor.py:186} INFO - Started process (PID=3962) to work on /home/airflow/.local/lib/python3.12/site-packages/airflow/example_dags/example_branch_python_dop_operator_3.py
[2024-10-07T22:00:12.242+0000] {processor.py:914} INFO - Processing file /home/airflow/.local/lib/python3.12/site-packages/airflow/example_dags/example_branch_python_dop_operator_3.py for tasks to queue
[2024-10-07T22:00:12.246+0000] {logging_mixin.py:190} INFO - [2024-10-07T22:00:12.246+0000] {dagbag.py:588} INFO - Filling up the DagBag from /home/airflow/.local/lib/python3.12/site-packages/airflow/example_dags/example_branch_python_dop_operator_3.py
[2024-10-07T22:00:12.254+0000] {processor.py:925} INFO - DAG(s) 'example_branch_dop_operator_v3' retrieved from /home/airflow/.local/lib/python3.12/site-packages/airflow/example_dags/example_branch_python_dop_operator_3.py
[2024-10-07T22:00:12.274+0000] {logging_mixin.py:190} INFO - [2024-10-07T22:00:12.274+0000] {dag.py:3239} INFO - Sync 1 DAGs
[2024-10-07T22:00:12.303+0000] {logging_mixin.py:190} INFO - [2024-10-07T22:00:12.303+0000] {dag.py:4180} INFO - Setting next_dagrun for example_branch_dop_operator_v3 to 2024-10-07 21:59:00+00:00, run_after=2024-10-07 22:00:00+00:00
[2024-10-07T22:00:12.319+0000] {processor.py:208} INFO - Processing /home/airflow/.local/lib/python3.12/site-packages/airflow/example_dags/example_branch_python_dop_operator_3.py took 0.091 seconds
