[2024-10-07T21:28:11.811+0000] {processor.py:186} INFO - Started process (PID=74) to work on /home/airflow/.local/lib/python3.12/site-packages/airflow/example_dags/example_display_name.py
[2024-10-07T21:28:11.815+0000] {processor.py:914} INFO - Processing file /home/airflow/.local/lib/python3.12/site-packages/airflow/example_dags/example_display_name.py for tasks to queue
[2024-10-07T21:28:11.821+0000] {logging_mixin.py:190} INFO - [2024-10-07T21:28:11.820+0000] {dagbag.py:588} INFO - Filling up the DagBag from /home/airflow/.local/lib/python3.12/site-packages/airflow/example_dags/example_display_name.py
[2024-10-07T21:28:11.837+0000] {processor.py:925} INFO - DAG(s) 'example_display_name' retrieved from /home/airflow/.local/lib/python3.12/site-packages/airflow/example_dags/example_display_name.py
[2024-10-07T21:28:11.908+0000] {logging_mixin.py:190} INFO - [2024-10-07T21:28:11.908+0000] {override.py:1900} INFO - Created Permission View: can read on DAG:example_display_name
[2024-10-07T21:28:11.914+0000] {logging_mixin.py:190} INFO - [2024-10-07T21:28:11.914+0000] {override.py:1900} INFO - Created Permission View: can delete on DAG:example_display_name
[2024-10-07T21:28:11.917+0000] {logging_mixin.py:190} INFO - [2024-10-07T21:28:11.917+0000] {override.py:1900} INFO - Created Permission View: can edit on DAG:example_display_name
[2024-10-07T21:28:11.920+0000] {logging_mixin.py:190} INFO - [2024-10-07T21:28:11.920+0000] {override.py:1900} INFO - Created Permission View: can read on DAG Run:example_display_name
[2024-10-07T21:28:11.923+0000] {logging_mixin.py:190} INFO - [2024-10-07T21:28:11.923+0000] {override.py:1900} INFO - Created Permission View: can delete on DAG Run:example_display_name
[2024-10-07T21:28:11.926+0000] {logging_mixin.py:190} INFO - [2024-10-07T21:28:11.926+0000] {override.py:1900} INFO - Created Permission View: can create on DAG Run:example_display_name
[2024-10-07T21:28:11.929+0000] {logging_mixin.py:190} INFO - [2024-10-07T21:28:11.929+0000] {override.py:1900} INFO - Created Permission View: menu access on DAG Run:example_display_name
[2024-10-07T21:28:11.933+0000] {logging_mixin.py:190} INFO - [2024-10-07T21:28:11.933+0000] {dag.py:3239} INFO - Sync 1 DAGs
[2024-10-07T21:28:11.946+0000] {logging_mixin.py:190} INFO - [2024-10-07T21:28:11.945+0000] {dag.py:3262} INFO - Creating ORM DAG for example_display_name
[2024-10-07T21:28:11.947+0000] {logging_mixin.py:190} INFO - [2024-10-07T21:28:11.947+0000] {dag.py:4180} INFO - Setting next_dagrun for example_display_name to None, run_after=None
[2024-10-07T21:28:11.962+0000] {processor.py:208} INFO - Processing /home/airflow/.local/lib/python3.12/site-packages/airflow/example_dags/example_display_name.py took 0.158 seconds
[2024-10-07T21:28:42.679+0000] {processor.py:186} INFO - Started process (PID=136) to work on /home/airflow/.local/lib/python3.12/site-packages/airflow/example_dags/example_display_name.py
[2024-10-07T21:28:42.680+0000] {processor.py:914} INFO - Processing file /home/airflow/.local/lib/python3.12/site-packages/airflow/example_dags/example_display_name.py for tasks to queue
[2024-10-07T21:28:42.681+0000] {logging_mixin.py:190} INFO - [2024-10-07T21:28:42.681+0000] {dagbag.py:588} INFO - Filling up the DagBag from /home/airflow/.local/lib/python3.12/site-packages/airflow/example_dags/example_display_name.py
[2024-10-07T21:28:42.685+0000] {processor.py:925} INFO - DAG(s) 'example_display_name' retrieved from /home/airflow/.local/lib/python3.12/site-packages/airflow/example_dags/example_display_name.py
[2024-10-07T21:28:42.695+0000] {logging_mixin.py:190} INFO - [2024-10-07T21:28:42.695+0000] {dag.py:3239} INFO - Sync 1 DAGs
[2024-10-07T21:28:42.702+0000] {logging_mixin.py:190} INFO - [2024-10-07T21:28:42.701+0000] {dag.py:4180} INFO - Setting next_dagrun for example_display_name to None, run_after=None
[2024-10-07T21:28:42.710+0000] {processor.py:208} INFO - Processing /home/airflow/.local/lib/python3.12/site-packages/airflow/example_dags/example_display_name.py took 0.034 seconds
[2024-10-07T21:29:13.664+0000] {processor.py:186} INFO - Started process (PID=198) to work on /home/airflow/.local/lib/python3.12/site-packages/airflow/example_dags/example_display_name.py
[2024-10-07T21:29:13.665+0000] {processor.py:914} INFO - Processing file /home/airflow/.local/lib/python3.12/site-packages/airflow/example_dags/example_display_name.py for tasks to queue
[2024-10-07T21:29:13.666+0000] {logging_mixin.py:190} INFO - [2024-10-07T21:29:13.666+0000] {dagbag.py:588} INFO - Filling up the DagBag from /home/airflow/.local/lib/python3.12/site-packages/airflow/example_dags/example_display_name.py
[2024-10-07T21:29:13.670+0000] {processor.py:925} INFO - DAG(s) 'example_display_name' retrieved from /home/airflow/.local/lib/python3.12/site-packages/airflow/example_dags/example_display_name.py
[2024-10-07T21:29:13.681+0000] {logging_mixin.py:190} INFO - [2024-10-07T21:29:13.681+0000] {dag.py:3239} INFO - Sync 1 DAGs
[2024-10-07T21:29:13.688+0000] {logging_mixin.py:190} INFO - [2024-10-07T21:29:13.688+0000] {dag.py:4180} INFO - Setting next_dagrun for example_display_name to None, run_after=None
[2024-10-07T21:29:13.698+0000] {processor.py:208} INFO - Processing /home/airflow/.local/lib/python3.12/site-packages/airflow/example_dags/example_display_name.py took 0.037 seconds
[2024-10-07T21:29:44.144+0000] {processor.py:186} INFO - Started process (PID=260) to work on /home/airflow/.local/lib/python3.12/site-packages/airflow/example_dags/example_display_name.py
[2024-10-07T21:29:44.144+0000] {processor.py:914} INFO - Processing file /home/airflow/.local/lib/python3.12/site-packages/airflow/example_dags/example_display_name.py for tasks to queue
[2024-10-07T21:29:44.146+0000] {logging_mixin.py:190} INFO - [2024-10-07T21:29:44.146+0000] {dagbag.py:588} INFO - Filling up the DagBag from /home/airflow/.local/lib/python3.12/site-packages/airflow/example_dags/example_display_name.py
[2024-10-07T21:29:44.153+0000] {processor.py:925} INFO - DAG(s) 'example_display_name' retrieved from /home/airflow/.local/lib/python3.12/site-packages/airflow/example_dags/example_display_name.py
[2024-10-07T21:29:44.163+0000] {logging_mixin.py:190} INFO - [2024-10-07T21:29:44.163+0000] {dag.py:3239} INFO - Sync 1 DAGs
[2024-10-07T21:29:44.170+0000] {logging_mixin.py:190} INFO - [2024-10-07T21:29:44.170+0000] {dag.py:4180} INFO - Setting next_dagrun for example_display_name to None, run_after=None
[2024-10-07T21:29:44.178+0000] {processor.py:208} INFO - Processing /home/airflow/.local/lib/python3.12/site-packages/airflow/example_dags/example_display_name.py took 0.038 seconds
[2024-10-07T21:30:14.567+0000] {processor.py:186} INFO - Started process (PID=322) to work on /home/airflow/.local/lib/python3.12/site-packages/airflow/example_dags/example_display_name.py
[2024-10-07T21:30:14.568+0000] {processor.py:914} INFO - Processing file /home/airflow/.local/lib/python3.12/site-packages/airflow/example_dags/example_display_name.py for tasks to queue
[2024-10-07T21:30:14.570+0000] {logging_mixin.py:190} INFO - [2024-10-07T21:30:14.569+0000] {dagbag.py:588} INFO - Filling up the DagBag from /home/airflow/.local/lib/python3.12/site-packages/airflow/example_dags/example_display_name.py
[2024-10-07T21:30:14.574+0000] {processor.py:925} INFO - DAG(s) 'example_display_name' retrieved from /home/airflow/.local/lib/python3.12/site-packages/airflow/example_dags/example_display_name.py
[2024-10-07T21:30:14.586+0000] {logging_mixin.py:190} INFO - [2024-10-07T21:30:14.586+0000] {dag.py:3239} INFO - Sync 1 DAGs
[2024-10-07T21:30:14.593+0000] {logging_mixin.py:190} INFO - [2024-10-07T21:30:14.593+0000] {dag.py:4180} INFO - Setting next_dagrun for example_display_name to None, run_after=None
[2024-10-07T21:30:14.602+0000] {processor.py:208} INFO - Processing /home/airflow/.local/lib/python3.12/site-packages/airflow/example_dags/example_display_name.py took 0.038 seconds
[2024-10-07T21:30:44.870+0000] {processor.py:186} INFO - Started process (PID=384) to work on /home/airflow/.local/lib/python3.12/site-packages/airflow/example_dags/example_display_name.py
[2024-10-07T21:30:44.871+0000] {processor.py:914} INFO - Processing file /home/airflow/.local/lib/python3.12/site-packages/airflow/example_dags/example_display_name.py for tasks to queue
[2024-10-07T21:30:44.872+0000] {logging_mixin.py:190} INFO - [2024-10-07T21:30:44.872+0000] {dagbag.py:588} INFO - Filling up the DagBag from /home/airflow/.local/lib/python3.12/site-packages/airflow/example_dags/example_display_name.py
[2024-10-07T21:30:44.875+0000] {processor.py:925} INFO - DAG(s) 'example_display_name' retrieved from /home/airflow/.local/lib/python3.12/site-packages/airflow/example_dags/example_display_name.py
[2024-10-07T21:30:44.885+0000] {logging_mixin.py:190} INFO - [2024-10-07T21:30:44.885+0000] {dag.py:3239} INFO - Sync 1 DAGs
[2024-10-07T21:30:44.892+0000] {logging_mixin.py:190} INFO - [2024-10-07T21:30:44.892+0000] {dag.py:4180} INFO - Setting next_dagrun for example_display_name to None, run_after=None
[2024-10-07T21:30:44.902+0000] {processor.py:208} INFO - Processing /home/airflow/.local/lib/python3.12/site-packages/airflow/example_dags/example_display_name.py took 0.035 seconds
[2024-10-07T21:31:15.171+0000] {processor.py:186} INFO - Started process (PID=446) to work on /home/airflow/.local/lib/python3.12/site-packages/airflow/example_dags/example_display_name.py
[2024-10-07T21:31:15.172+0000] {processor.py:914} INFO - Processing file /home/airflow/.local/lib/python3.12/site-packages/airflow/example_dags/example_display_name.py for tasks to queue
[2024-10-07T21:31:15.173+0000] {logging_mixin.py:190} INFO - [2024-10-07T21:31:15.173+0000] {dagbag.py:588} INFO - Filling up the DagBag from /home/airflow/.local/lib/python3.12/site-packages/airflow/example_dags/example_display_name.py
[2024-10-07T21:31:15.176+0000] {processor.py:925} INFO - DAG(s) 'example_display_name' retrieved from /home/airflow/.local/lib/python3.12/site-packages/airflow/example_dags/example_display_name.py
[2024-10-07T21:31:15.185+0000] {logging_mixin.py:190} INFO - [2024-10-07T21:31:15.185+0000] {dag.py:3239} INFO - Sync 1 DAGs
[2024-10-07T21:31:15.192+0000] {logging_mixin.py:190} INFO - [2024-10-07T21:31:15.191+0000] {dag.py:4180} INFO - Setting next_dagrun for example_display_name to None, run_after=None
[2024-10-07T21:31:15.201+0000] {processor.py:208} INFO - Processing /home/airflow/.local/lib/python3.12/site-packages/airflow/example_dags/example_display_name.py took 0.032 seconds
[2024-10-07T21:31:45.861+0000] {processor.py:186} INFO - Started process (PID=508) to work on /home/airflow/.local/lib/python3.12/site-packages/airflow/example_dags/example_display_name.py
[2024-10-07T21:31:45.862+0000] {processor.py:914} INFO - Processing file /home/airflow/.local/lib/python3.12/site-packages/airflow/example_dags/example_display_name.py for tasks to queue
[2024-10-07T21:31:45.863+0000] {logging_mixin.py:190} INFO - [2024-10-07T21:31:45.863+0000] {dagbag.py:588} INFO - Filling up the DagBag from /home/airflow/.local/lib/python3.12/site-packages/airflow/example_dags/example_display_name.py
[2024-10-07T21:31:45.868+0000] {processor.py:925} INFO - DAG(s) 'example_display_name' retrieved from /home/airflow/.local/lib/python3.12/site-packages/airflow/example_dags/example_display_name.py
[2024-10-07T21:31:45.878+0000] {logging_mixin.py:190} INFO - [2024-10-07T21:31:45.878+0000] {dag.py:3239} INFO - Sync 1 DAGs
[2024-10-07T21:31:45.885+0000] {logging_mixin.py:190} INFO - [2024-10-07T21:31:45.885+0000] {dag.py:4180} INFO - Setting next_dagrun for example_display_name to None, run_after=None
[2024-10-07T21:31:45.894+0000] {processor.py:208} INFO - Processing /home/airflow/.local/lib/python3.12/site-packages/airflow/example_dags/example_display_name.py took 0.035 seconds
[2024-10-07T21:32:16.560+0000] {processor.py:186} INFO - Started process (PID=570) to work on /home/airflow/.local/lib/python3.12/site-packages/airflow/example_dags/example_display_name.py
[2024-10-07T21:32:16.561+0000] {processor.py:914} INFO - Processing file /home/airflow/.local/lib/python3.12/site-packages/airflow/example_dags/example_display_name.py for tasks to queue
[2024-10-07T21:32:16.562+0000] {logging_mixin.py:190} INFO - [2024-10-07T21:32:16.562+0000] {dagbag.py:588} INFO - Filling up the DagBag from /home/airflow/.local/lib/python3.12/site-packages/airflow/example_dags/example_display_name.py
[2024-10-07T21:32:16.567+0000] {processor.py:925} INFO - DAG(s) 'example_display_name' retrieved from /home/airflow/.local/lib/python3.12/site-packages/airflow/example_dags/example_display_name.py
[2024-10-07T21:32:16.578+0000] {logging_mixin.py:190} INFO - [2024-10-07T21:32:16.578+0000] {dag.py:3239} INFO - Sync 1 DAGs
[2024-10-07T21:32:16.585+0000] {logging_mixin.py:190} INFO - [2024-10-07T21:32:16.585+0000] {dag.py:4180} INFO - Setting next_dagrun for example_display_name to None, run_after=None
[2024-10-07T21:32:16.594+0000] {processor.py:208} INFO - Processing /home/airflow/.local/lib/python3.12/site-packages/airflow/example_dags/example_display_name.py took 0.038 seconds
[2024-10-07T21:32:47.327+0000] {processor.py:186} INFO - Started process (PID=632) to work on /home/airflow/.local/lib/python3.12/site-packages/airflow/example_dags/example_display_name.py
[2024-10-07T21:32:47.329+0000] {processor.py:914} INFO - Processing file /home/airflow/.local/lib/python3.12/site-packages/airflow/example_dags/example_display_name.py for tasks to queue
[2024-10-07T21:32:47.331+0000] {logging_mixin.py:190} INFO - [2024-10-07T21:32:47.331+0000] {dagbag.py:588} INFO - Filling up the DagBag from /home/airflow/.local/lib/python3.12/site-packages/airflow/example_dags/example_display_name.py
[2024-10-07T21:32:47.336+0000] {processor.py:925} INFO - DAG(s) 'example_display_name' retrieved from /home/airflow/.local/lib/python3.12/site-packages/airflow/example_dags/example_display_name.py
[2024-10-07T21:32:47.347+0000] {logging_mixin.py:190} INFO - [2024-10-07T21:32:47.347+0000] {dag.py:3239} INFO - Sync 1 DAGs
[2024-10-07T21:32:47.356+0000] {logging_mixin.py:190} INFO - [2024-10-07T21:32:47.356+0000] {dag.py:4180} INFO - Setting next_dagrun for example_display_name to None, run_after=None
[2024-10-07T21:32:47.365+0000] {processor.py:208} INFO - Processing /home/airflow/.local/lib/python3.12/site-packages/airflow/example_dags/example_display_name.py took 0.042 seconds
[2024-10-07T21:33:17.777+0000] {processor.py:186} INFO - Started process (PID=694) to work on /home/airflow/.local/lib/python3.12/site-packages/airflow/example_dags/example_display_name.py
[2024-10-07T21:33:17.778+0000] {processor.py:914} INFO - Processing file /home/airflow/.local/lib/python3.12/site-packages/airflow/example_dags/example_display_name.py for tasks to queue
[2024-10-07T21:33:17.780+0000] {logging_mixin.py:190} INFO - [2024-10-07T21:33:17.780+0000] {dagbag.py:588} INFO - Filling up the DagBag from /home/airflow/.local/lib/python3.12/site-packages/airflow/example_dags/example_display_name.py
[2024-10-07T21:33:17.784+0000] {processor.py:925} INFO - DAG(s) 'example_display_name' retrieved from /home/airflow/.local/lib/python3.12/site-packages/airflow/example_dags/example_display_name.py
[2024-10-07T21:33:17.793+0000] {logging_mixin.py:190} INFO - [2024-10-07T21:33:17.793+0000] {dag.py:3239} INFO - Sync 1 DAGs
[2024-10-07T21:33:17.801+0000] {logging_mixin.py:190} INFO - [2024-10-07T21:33:17.801+0000] {dag.py:4180} INFO - Setting next_dagrun for example_display_name to None, run_after=None
[2024-10-07T21:33:17.809+0000] {processor.py:208} INFO - Processing /home/airflow/.local/lib/python3.12/site-packages/airflow/example_dags/example_display_name.py took 0.036 seconds
[2024-10-07T21:33:48.126+0000] {processor.py:186} INFO - Started process (PID=756) to work on /home/airflow/.local/lib/python3.12/site-packages/airflow/example_dags/example_display_name.py
[2024-10-07T21:33:48.126+0000] {processor.py:914} INFO - Processing file /home/airflow/.local/lib/python3.12/site-packages/airflow/example_dags/example_display_name.py for tasks to queue
[2024-10-07T21:33:48.128+0000] {logging_mixin.py:190} INFO - [2024-10-07T21:33:48.127+0000] {dagbag.py:588} INFO - Filling up the DagBag from /home/airflow/.local/lib/python3.12/site-packages/airflow/example_dags/example_display_name.py
[2024-10-07T21:33:48.131+0000] {processor.py:925} INFO - DAG(s) 'example_display_name' retrieved from /home/airflow/.local/lib/python3.12/site-packages/airflow/example_dags/example_display_name.py
[2024-10-07T21:33:48.140+0000] {logging_mixin.py:190} INFO - [2024-10-07T21:33:48.140+0000] {dag.py:3239} INFO - Sync 1 DAGs
[2024-10-07T21:33:48.146+0000] {logging_mixin.py:190} INFO - [2024-10-07T21:33:48.146+0000] {dag.py:4180} INFO - Setting next_dagrun for example_display_name to None, run_after=None
[2024-10-07T21:33:48.153+0000] {processor.py:208} INFO - Processing /home/airflow/.local/lib/python3.12/site-packages/airflow/example_dags/example_display_name.py took 0.030 seconds
[2024-10-07T21:34:18.701+0000] {processor.py:186} INFO - Started process (PID=818) to work on /home/airflow/.local/lib/python3.12/site-packages/airflow/example_dags/example_display_name.py
[2024-10-07T21:34:18.702+0000] {processor.py:914} INFO - Processing file /home/airflow/.local/lib/python3.12/site-packages/airflow/example_dags/example_display_name.py for tasks to queue
[2024-10-07T21:34:18.703+0000] {logging_mixin.py:190} INFO - [2024-10-07T21:34:18.703+0000] {dagbag.py:588} INFO - Filling up the DagBag from /home/airflow/.local/lib/python3.12/site-packages/airflow/example_dags/example_display_name.py
[2024-10-07T21:34:18.707+0000] {processor.py:925} INFO - DAG(s) 'example_display_name' retrieved from /home/airflow/.local/lib/python3.12/site-packages/airflow/example_dags/example_display_name.py
[2024-10-07T21:34:18.716+0000] {logging_mixin.py:190} INFO - [2024-10-07T21:34:18.716+0000] {dag.py:3239} INFO - Sync 1 DAGs
[2024-10-07T21:34:18.722+0000] {logging_mixin.py:190} INFO - [2024-10-07T21:34:18.722+0000] {dag.py:4180} INFO - Setting next_dagrun for example_display_name to None, run_after=None
[2024-10-07T21:34:18.729+0000] {processor.py:208} INFO - Processing /home/airflow/.local/lib/python3.12/site-packages/airflow/example_dags/example_display_name.py took 0.031 seconds
[2024-10-07T21:34:49.225+0000] {processor.py:186} INFO - Started process (PID=880) to work on /home/airflow/.local/lib/python3.12/site-packages/airflow/example_dags/example_display_name.py
[2024-10-07T21:34:49.226+0000] {processor.py:914} INFO - Processing file /home/airflow/.local/lib/python3.12/site-packages/airflow/example_dags/example_display_name.py for tasks to queue
[2024-10-07T21:34:49.227+0000] {logging_mixin.py:190} INFO - [2024-10-07T21:34:49.227+0000] {dagbag.py:588} INFO - Filling up the DagBag from /home/airflow/.local/lib/python3.12/site-packages/airflow/example_dags/example_display_name.py
[2024-10-07T21:34:49.233+0000] {processor.py:925} INFO - DAG(s) 'example_display_name' retrieved from /home/airflow/.local/lib/python3.12/site-packages/airflow/example_dags/example_display_name.py
[2024-10-07T21:34:49.245+0000] {logging_mixin.py:190} INFO - [2024-10-07T21:34:49.244+0000] {dag.py:3239} INFO - Sync 1 DAGs
[2024-10-07T21:34:49.254+0000] {logging_mixin.py:190} INFO - [2024-10-07T21:34:49.254+0000] {dag.py:4180} INFO - Setting next_dagrun for example_display_name to None, run_after=None
[2024-10-07T21:34:49.269+0000] {processor.py:208} INFO - Processing /home/airflow/.local/lib/python3.12/site-packages/airflow/example_dags/example_display_name.py took 0.047 seconds
[2024-10-07T21:35:19.603+0000] {processor.py:186} INFO - Started process (PID=942) to work on /home/airflow/.local/lib/python3.12/site-packages/airflow/example_dags/example_display_name.py
[2024-10-07T21:35:19.603+0000] {processor.py:914} INFO - Processing file /home/airflow/.local/lib/python3.12/site-packages/airflow/example_dags/example_display_name.py for tasks to queue
[2024-10-07T21:35:19.604+0000] {logging_mixin.py:190} INFO - [2024-10-07T21:35:19.604+0000] {dagbag.py:588} INFO - Filling up the DagBag from /home/airflow/.local/lib/python3.12/site-packages/airflow/example_dags/example_display_name.py
[2024-10-07T21:35:19.608+0000] {processor.py:925} INFO - DAG(s) 'example_display_name' retrieved from /home/airflow/.local/lib/python3.12/site-packages/airflow/example_dags/example_display_name.py
[2024-10-07T21:35:19.617+0000] {logging_mixin.py:190} INFO - [2024-10-07T21:35:19.617+0000] {dag.py:3239} INFO - Sync 1 DAGs
[2024-10-07T21:35:19.624+0000] {logging_mixin.py:190} INFO - [2024-10-07T21:35:19.624+0000] {dag.py:4180} INFO - Setting next_dagrun for example_display_name to None, run_after=None
[2024-10-07T21:35:19.631+0000] {processor.py:208} INFO - Processing /home/airflow/.local/lib/python3.12/site-packages/airflow/example_dags/example_display_name.py took 0.032 seconds
[2024-10-07T21:35:49.885+0000] {processor.py:186} INFO - Started process (PID=1004) to work on /home/airflow/.local/lib/python3.12/site-packages/airflow/example_dags/example_display_name.py
[2024-10-07T21:35:49.887+0000] {processor.py:914} INFO - Processing file /home/airflow/.local/lib/python3.12/site-packages/airflow/example_dags/example_display_name.py for tasks to queue
[2024-10-07T21:35:49.889+0000] {logging_mixin.py:190} INFO - [2024-10-07T21:35:49.889+0000] {dagbag.py:588} INFO - Filling up the DagBag from /home/airflow/.local/lib/python3.12/site-packages/airflow/example_dags/example_display_name.py
[2024-10-07T21:35:49.893+0000] {processor.py:925} INFO - DAG(s) 'example_display_name' retrieved from /home/airflow/.local/lib/python3.12/site-packages/airflow/example_dags/example_display_name.py
[2024-10-07T21:35:49.903+0000] {logging_mixin.py:190} INFO - [2024-10-07T21:35:49.903+0000] {dag.py:3239} INFO - Sync 1 DAGs
[2024-10-07T21:35:49.910+0000] {logging_mixin.py:190} INFO - [2024-10-07T21:35:49.910+0000] {dag.py:4180} INFO - Setting next_dagrun for example_display_name to None, run_after=None
[2024-10-07T21:35:49.919+0000] {processor.py:208} INFO - Processing /home/airflow/.local/lib/python3.12/site-packages/airflow/example_dags/example_display_name.py took 0.037 seconds
[2024-10-07T21:36:20.158+0000] {processor.py:186} INFO - Started process (PID=1066) to work on /home/airflow/.local/lib/python3.12/site-packages/airflow/example_dags/example_display_name.py
[2024-10-07T21:36:20.160+0000] {processor.py:914} INFO - Processing file /home/airflow/.local/lib/python3.12/site-packages/airflow/example_dags/example_display_name.py for tasks to queue
[2024-10-07T21:36:20.161+0000] {logging_mixin.py:190} INFO - [2024-10-07T21:36:20.161+0000] {dagbag.py:588} INFO - Filling up the DagBag from /home/airflow/.local/lib/python3.12/site-packages/airflow/example_dags/example_display_name.py
[2024-10-07T21:36:20.165+0000] {processor.py:925} INFO - DAG(s) 'example_display_name' retrieved from /home/airflow/.local/lib/python3.12/site-packages/airflow/example_dags/example_display_name.py
[2024-10-07T21:36:20.177+0000] {logging_mixin.py:190} INFO - [2024-10-07T21:36:20.176+0000] {dag.py:3239} INFO - Sync 1 DAGs
[2024-10-07T21:36:20.186+0000] {logging_mixin.py:190} INFO - [2024-10-07T21:36:20.185+0000] {dag.py:4180} INFO - Setting next_dagrun for example_display_name to None, run_after=None
[2024-10-07T21:36:20.196+0000] {processor.py:208} INFO - Processing /home/airflow/.local/lib/python3.12/site-packages/airflow/example_dags/example_display_name.py took 0.042 seconds
[2024-10-07T21:36:50.374+0000] {processor.py:186} INFO - Started process (PID=1128) to work on /home/airflow/.local/lib/python3.12/site-packages/airflow/example_dags/example_display_name.py
[2024-10-07T21:36:50.374+0000] {processor.py:914} INFO - Processing file /home/airflow/.local/lib/python3.12/site-packages/airflow/example_dags/example_display_name.py for tasks to queue
[2024-10-07T21:36:50.375+0000] {logging_mixin.py:190} INFO - [2024-10-07T21:36:50.375+0000] {dagbag.py:588} INFO - Filling up the DagBag from /home/airflow/.local/lib/python3.12/site-packages/airflow/example_dags/example_display_name.py
[2024-10-07T21:36:50.379+0000] {processor.py:925} INFO - DAG(s) 'example_display_name' retrieved from /home/airflow/.local/lib/python3.12/site-packages/airflow/example_dags/example_display_name.py
[2024-10-07T21:36:50.388+0000] {logging_mixin.py:190} INFO - [2024-10-07T21:36:50.388+0000] {dag.py:3239} INFO - Sync 1 DAGs
[2024-10-07T21:36:50.395+0000] {logging_mixin.py:190} INFO - [2024-10-07T21:36:50.395+0000] {dag.py:4180} INFO - Setting next_dagrun for example_display_name to None, run_after=None
[2024-10-07T21:36:50.402+0000] {processor.py:208} INFO - Processing /home/airflow/.local/lib/python3.12/site-packages/airflow/example_dags/example_display_name.py took 0.031 seconds
[2024-10-07T21:37:20.733+0000] {processor.py:186} INFO - Started process (PID=1190) to work on /home/airflow/.local/lib/python3.12/site-packages/airflow/example_dags/example_display_name.py
[2024-10-07T21:37:20.736+0000] {processor.py:914} INFO - Processing file /home/airflow/.local/lib/python3.12/site-packages/airflow/example_dags/example_display_name.py for tasks to queue
[2024-10-07T21:37:20.737+0000] {logging_mixin.py:190} INFO - [2024-10-07T21:37:20.737+0000] {dagbag.py:588} INFO - Filling up the DagBag from /home/airflow/.local/lib/python3.12/site-packages/airflow/example_dags/example_display_name.py
[2024-10-07T21:37:20.743+0000] {processor.py:925} INFO - DAG(s) 'example_display_name' retrieved from /home/airflow/.local/lib/python3.12/site-packages/airflow/example_dags/example_display_name.py
[2024-10-07T21:37:20.753+0000] {logging_mixin.py:190} INFO - [2024-10-07T21:37:20.753+0000] {dag.py:3239} INFO - Sync 1 DAGs
[2024-10-07T21:37:20.763+0000] {logging_mixin.py:190} INFO - [2024-10-07T21:37:20.763+0000] {dag.py:4180} INFO - Setting next_dagrun for example_display_name to None, run_after=None
[2024-10-07T21:37:20.773+0000] {processor.py:208} INFO - Processing /home/airflow/.local/lib/python3.12/site-packages/airflow/example_dags/example_display_name.py took 0.046 seconds
[2024-10-07T21:37:51.008+0000] {processor.py:186} INFO - Started process (PID=1252) to work on /home/airflow/.local/lib/python3.12/site-packages/airflow/example_dags/example_display_name.py
[2024-10-07T21:37:51.009+0000] {processor.py:914} INFO - Processing file /home/airflow/.local/lib/python3.12/site-packages/airflow/example_dags/example_display_name.py for tasks to queue
[2024-10-07T21:37:51.010+0000] {logging_mixin.py:190} INFO - [2024-10-07T21:37:51.010+0000] {dagbag.py:588} INFO - Filling up the DagBag from /home/airflow/.local/lib/python3.12/site-packages/airflow/example_dags/example_display_name.py
[2024-10-07T21:37:51.014+0000] {processor.py:925} INFO - DAG(s) 'example_display_name' retrieved from /home/airflow/.local/lib/python3.12/site-packages/airflow/example_dags/example_display_name.py
[2024-10-07T21:37:51.023+0000] {logging_mixin.py:190} INFO - [2024-10-07T21:37:51.023+0000] {dag.py:3239} INFO - Sync 1 DAGs
[2024-10-07T21:37:51.029+0000] {logging_mixin.py:190} INFO - [2024-10-07T21:37:51.029+0000] {dag.py:4180} INFO - Setting next_dagrun for example_display_name to None, run_after=None
[2024-10-07T21:37:51.037+0000] {processor.py:208} INFO - Processing /home/airflow/.local/lib/python3.12/site-packages/airflow/example_dags/example_display_name.py took 0.032 seconds
[2024-10-07T21:38:21.552+0000] {processor.py:186} INFO - Started process (PID=1314) to work on /home/airflow/.local/lib/python3.12/site-packages/airflow/example_dags/example_display_name.py
[2024-10-07T21:38:21.553+0000] {processor.py:914} INFO - Processing file /home/airflow/.local/lib/python3.12/site-packages/airflow/example_dags/example_display_name.py for tasks to queue
[2024-10-07T21:38:21.555+0000] {logging_mixin.py:190} INFO - [2024-10-07T21:38:21.555+0000] {dagbag.py:588} INFO - Filling up the DagBag from /home/airflow/.local/lib/python3.12/site-packages/airflow/example_dags/example_display_name.py
[2024-10-07T21:38:21.563+0000] {processor.py:925} INFO - DAG(s) 'example_display_name' retrieved from /home/airflow/.local/lib/python3.12/site-packages/airflow/example_dags/example_display_name.py
[2024-10-07T21:38:21.575+0000] {logging_mixin.py:190} INFO - [2024-10-07T21:38:21.574+0000] {dag.py:3239} INFO - Sync 1 DAGs
[2024-10-07T21:38:21.583+0000] {logging_mixin.py:190} INFO - [2024-10-07T21:38:21.582+0000] {dag.py:4180} INFO - Setting next_dagrun for example_display_name to None, run_after=None
[2024-10-07T21:38:21.592+0000] {processor.py:208} INFO - Processing /home/airflow/.local/lib/python3.12/site-packages/airflow/example_dags/example_display_name.py took 0.043 seconds
[2024-10-07T21:38:51.951+0000] {processor.py:186} INFO - Started process (PID=1376) to work on /home/airflow/.local/lib/python3.12/site-packages/airflow/example_dags/example_display_name.py
[2024-10-07T21:38:51.953+0000] {processor.py:914} INFO - Processing file /home/airflow/.local/lib/python3.12/site-packages/airflow/example_dags/example_display_name.py for tasks to queue
[2024-10-07T21:38:51.955+0000] {logging_mixin.py:190} INFO - [2024-10-07T21:38:51.955+0000] {dagbag.py:588} INFO - Filling up the DagBag from /home/airflow/.local/lib/python3.12/site-packages/airflow/example_dags/example_display_name.py
[2024-10-07T21:38:51.962+0000] {processor.py:925} INFO - DAG(s) 'example_display_name' retrieved from /home/airflow/.local/lib/python3.12/site-packages/airflow/example_dags/example_display_name.py
[2024-10-07T21:38:51.975+0000] {logging_mixin.py:190} INFO - [2024-10-07T21:38:51.975+0000] {dag.py:3239} INFO - Sync 1 DAGs
[2024-10-07T21:38:51.986+0000] {logging_mixin.py:190} INFO - [2024-10-07T21:38:51.986+0000] {dag.py:4180} INFO - Setting next_dagrun for example_display_name to None, run_after=None
[2024-10-07T21:38:51.996+0000] {processor.py:208} INFO - Processing /home/airflow/.local/lib/python3.12/site-packages/airflow/example_dags/example_display_name.py took 0.049 seconds
[2024-10-07T21:39:22.425+0000] {processor.py:186} INFO - Started process (PID=1438) to work on /home/airflow/.local/lib/python3.12/site-packages/airflow/example_dags/example_display_name.py
[2024-10-07T21:39:22.426+0000] {processor.py:914} INFO - Processing file /home/airflow/.local/lib/python3.12/site-packages/airflow/example_dags/example_display_name.py for tasks to queue
[2024-10-07T21:39:22.428+0000] {logging_mixin.py:190} INFO - [2024-10-07T21:39:22.428+0000] {dagbag.py:588} INFO - Filling up the DagBag from /home/airflow/.local/lib/python3.12/site-packages/airflow/example_dags/example_display_name.py
[2024-10-07T21:39:22.433+0000] {processor.py:925} INFO - DAG(s) 'example_display_name' retrieved from /home/airflow/.local/lib/python3.12/site-packages/airflow/example_dags/example_display_name.py
[2024-10-07T21:39:22.444+0000] {logging_mixin.py:190} INFO - [2024-10-07T21:39:22.444+0000] {dag.py:3239} INFO - Sync 1 DAGs
[2024-10-07T21:39:22.451+0000] {logging_mixin.py:190} INFO - [2024-10-07T21:39:22.451+0000] {dag.py:4180} INFO - Setting next_dagrun for example_display_name to None, run_after=None
[2024-10-07T21:39:22.461+0000] {processor.py:208} INFO - Processing /home/airflow/.local/lib/python3.12/site-packages/airflow/example_dags/example_display_name.py took 0.040 seconds
[2024-10-07T21:39:53.031+0000] {processor.py:186} INFO - Started process (PID=1500) to work on /home/airflow/.local/lib/python3.12/site-packages/airflow/example_dags/example_display_name.py
[2024-10-07T21:39:53.034+0000] {processor.py:914} INFO - Processing file /home/airflow/.local/lib/python3.12/site-packages/airflow/example_dags/example_display_name.py for tasks to queue
[2024-10-07T21:39:53.036+0000] {logging_mixin.py:190} INFO - [2024-10-07T21:39:53.036+0000] {dagbag.py:588} INFO - Filling up the DagBag from /home/airflow/.local/lib/python3.12/site-packages/airflow/example_dags/example_display_name.py
[2024-10-07T21:39:53.044+0000] {processor.py:925} INFO - DAG(s) 'example_display_name' retrieved from /home/airflow/.local/lib/python3.12/site-packages/airflow/example_dags/example_display_name.py
[2024-10-07T21:39:53.058+0000] {logging_mixin.py:190} INFO - [2024-10-07T21:39:53.058+0000] {dag.py:3239} INFO - Sync 1 DAGs
[2024-10-07T21:39:53.070+0000] {logging_mixin.py:190} INFO - [2024-10-07T21:39:53.070+0000] {dag.py:4180} INFO - Setting next_dagrun for example_display_name to None, run_after=None
[2024-10-07T21:39:53.082+0000] {processor.py:208} INFO - Processing /home/airflow/.local/lib/python3.12/site-packages/airflow/example_dags/example_display_name.py took 0.056 seconds
[2024-10-07T21:40:23.874+0000] {processor.py:186} INFO - Started process (PID=1561) to work on /home/airflow/.local/lib/python3.12/site-packages/airflow/example_dags/example_display_name.py
[2024-10-07T21:40:23.874+0000] {processor.py:914} INFO - Processing file /home/airflow/.local/lib/python3.12/site-packages/airflow/example_dags/example_display_name.py for tasks to queue
[2024-10-07T21:40:23.877+0000] {logging_mixin.py:190} INFO - [2024-10-07T21:40:23.877+0000] {dagbag.py:588} INFO - Filling up the DagBag from /home/airflow/.local/lib/python3.12/site-packages/airflow/example_dags/example_display_name.py
[2024-10-07T21:40:23.881+0000] {processor.py:925} INFO - DAG(s) 'example_display_name' retrieved from /home/airflow/.local/lib/python3.12/site-packages/airflow/example_dags/example_display_name.py
[2024-10-07T21:40:23.895+0000] {logging_mixin.py:190} INFO - [2024-10-07T21:40:23.894+0000] {dag.py:3239} INFO - Sync 1 DAGs
[2024-10-07T21:40:23.915+0000] {logging_mixin.py:190} INFO - [2024-10-07T21:40:23.914+0000] {dag.py:4180} INFO - Setting next_dagrun for example_display_name to None, run_after=None
[2024-10-07T21:40:23.934+0000] {processor.py:208} INFO - Processing /home/airflow/.local/lib/python3.12/site-packages/airflow/example_dags/example_display_name.py took 0.064 seconds
[2024-10-07T21:40:54.654+0000] {processor.py:186} INFO - Started process (PID=1623) to work on /home/airflow/.local/lib/python3.12/site-packages/airflow/example_dags/example_display_name.py
[2024-10-07T21:40:54.658+0000] {processor.py:914} INFO - Processing file /home/airflow/.local/lib/python3.12/site-packages/airflow/example_dags/example_display_name.py for tasks to queue
[2024-10-07T21:40:54.659+0000] {logging_mixin.py:190} INFO - [2024-10-07T21:40:54.659+0000] {dagbag.py:588} INFO - Filling up the DagBag from /home/airflow/.local/lib/python3.12/site-packages/airflow/example_dags/example_display_name.py
[2024-10-07T21:40:54.667+0000] {processor.py:925} INFO - DAG(s) 'example_display_name' retrieved from /home/airflow/.local/lib/python3.12/site-packages/airflow/example_dags/example_display_name.py
[2024-10-07T21:40:54.682+0000] {logging_mixin.py:190} INFO - [2024-10-07T21:40:54.682+0000] {dag.py:3239} INFO - Sync 1 DAGs
[2024-10-07T21:40:54.694+0000] {logging_mixin.py:190} INFO - [2024-10-07T21:40:54.694+0000] {dag.py:4180} INFO - Setting next_dagrun for example_display_name to None, run_after=None
[2024-10-07T21:40:54.715+0000] {processor.py:208} INFO - Processing /home/airflow/.local/lib/python3.12/site-packages/airflow/example_dags/example_display_name.py took 0.066 seconds
[2024-10-07T21:41:25.148+0000] {processor.py:186} INFO - Started process (PID=1685) to work on /home/airflow/.local/lib/python3.12/site-packages/airflow/example_dags/example_display_name.py
[2024-10-07T21:41:25.149+0000] {processor.py:914} INFO - Processing file /home/airflow/.local/lib/python3.12/site-packages/airflow/example_dags/example_display_name.py for tasks to queue
[2024-10-07T21:41:25.150+0000] {logging_mixin.py:190} INFO - [2024-10-07T21:41:25.150+0000] {dagbag.py:588} INFO - Filling up the DagBag from /home/airflow/.local/lib/python3.12/site-packages/airflow/example_dags/example_display_name.py
[2024-10-07T21:41:25.165+0000] {processor.py:925} INFO - DAG(s) 'example_display_name' retrieved from /home/airflow/.local/lib/python3.12/site-packages/airflow/example_dags/example_display_name.py
[2024-10-07T21:41:25.184+0000] {logging_mixin.py:190} INFO - [2024-10-07T21:41:25.183+0000] {dag.py:3239} INFO - Sync 1 DAGs
[2024-10-07T21:41:25.192+0000] {logging_mixin.py:190} INFO - [2024-10-07T21:41:25.192+0000] {dag.py:4180} INFO - Setting next_dagrun for example_display_name to None, run_after=None
[2024-10-07T21:41:25.202+0000] {processor.py:208} INFO - Processing /home/airflow/.local/lib/python3.12/site-packages/airflow/example_dags/example_display_name.py took 0.057 seconds
[2024-10-07T21:41:55.913+0000] {processor.py:186} INFO - Started process (PID=1747) to work on /home/airflow/.local/lib/python3.12/site-packages/airflow/example_dags/example_display_name.py
[2024-10-07T21:41:55.916+0000] {processor.py:914} INFO - Processing file /home/airflow/.local/lib/python3.12/site-packages/airflow/example_dags/example_display_name.py for tasks to queue
[2024-10-07T21:41:55.917+0000] {logging_mixin.py:190} INFO - [2024-10-07T21:41:55.917+0000] {dagbag.py:588} INFO - Filling up the DagBag from /home/airflow/.local/lib/python3.12/site-packages/airflow/example_dags/example_display_name.py
[2024-10-07T21:41:55.922+0000] {processor.py:925} INFO - DAG(s) 'example_display_name' retrieved from /home/airflow/.local/lib/python3.12/site-packages/airflow/example_dags/example_display_name.py
[2024-10-07T21:41:55.935+0000] {logging_mixin.py:190} INFO - [2024-10-07T21:41:55.935+0000] {dag.py:3239} INFO - Sync 1 DAGs
[2024-10-07T21:41:55.943+0000] {logging_mixin.py:190} INFO - [2024-10-07T21:41:55.943+0000] {dag.py:4180} INFO - Setting next_dagrun for example_display_name to None, run_after=None
[2024-10-07T21:41:55.957+0000] {processor.py:208} INFO - Processing /home/airflow/.local/lib/python3.12/site-packages/airflow/example_dags/example_display_name.py took 0.047 seconds
[2024-10-07T21:42:26.651+0000] {processor.py:186} INFO - Started process (PID=1809) to work on /home/airflow/.local/lib/python3.12/site-packages/airflow/example_dags/example_display_name.py
[2024-10-07T21:42:26.651+0000] {processor.py:914} INFO - Processing file /home/airflow/.local/lib/python3.12/site-packages/airflow/example_dags/example_display_name.py for tasks to queue
[2024-10-07T21:42:26.653+0000] {logging_mixin.py:190} INFO - [2024-10-07T21:42:26.652+0000] {dagbag.py:588} INFO - Filling up the DagBag from /home/airflow/.local/lib/python3.12/site-packages/airflow/example_dags/example_display_name.py
[2024-10-07T21:42:26.657+0000] {processor.py:925} INFO - DAG(s) 'example_display_name' retrieved from /home/airflow/.local/lib/python3.12/site-packages/airflow/example_dags/example_display_name.py
[2024-10-07T21:42:26.668+0000] {logging_mixin.py:190} INFO - [2024-10-07T21:42:26.668+0000] {dag.py:3239} INFO - Sync 1 DAGs
[2024-10-07T21:42:26.678+0000] {logging_mixin.py:190} INFO - [2024-10-07T21:42:26.677+0000] {dag.py:4180} INFO - Setting next_dagrun for example_display_name to None, run_after=None
[2024-10-07T21:42:26.689+0000] {processor.py:208} INFO - Processing /home/airflow/.local/lib/python3.12/site-packages/airflow/example_dags/example_display_name.py took 0.042 seconds
[2024-10-07T21:42:57.446+0000] {processor.py:186} INFO - Started process (PID=1871) to work on /home/airflow/.local/lib/python3.12/site-packages/airflow/example_dags/example_display_name.py
[2024-10-07T21:42:57.447+0000] {processor.py:914} INFO - Processing file /home/airflow/.local/lib/python3.12/site-packages/airflow/example_dags/example_display_name.py for tasks to queue
[2024-10-07T21:42:57.449+0000] {logging_mixin.py:190} INFO - [2024-10-07T21:42:57.449+0000] {dagbag.py:588} INFO - Filling up the DagBag from /home/airflow/.local/lib/python3.12/site-packages/airflow/example_dags/example_display_name.py
[2024-10-07T21:42:57.455+0000] {processor.py:925} INFO - DAG(s) 'example_display_name' retrieved from /home/airflow/.local/lib/python3.12/site-packages/airflow/example_dags/example_display_name.py
[2024-10-07T21:42:57.468+0000] {logging_mixin.py:190} INFO - [2024-10-07T21:42:57.467+0000] {dag.py:3239} INFO - Sync 1 DAGs
[2024-10-07T21:42:57.477+0000] {logging_mixin.py:190} INFO - [2024-10-07T21:42:57.477+0000] {dag.py:4180} INFO - Setting next_dagrun for example_display_name to None, run_after=None
[2024-10-07T21:42:57.489+0000] {processor.py:208} INFO - Processing /home/airflow/.local/lib/python3.12/site-packages/airflow/example_dags/example_display_name.py took 0.047 seconds
[2024-10-07T21:43:27.618+0000] {processor.py:186} INFO - Started process (PID=1933) to work on /home/airflow/.local/lib/python3.12/site-packages/airflow/example_dags/example_display_name.py
[2024-10-07T21:43:27.619+0000] {processor.py:914} INFO - Processing file /home/airflow/.local/lib/python3.12/site-packages/airflow/example_dags/example_display_name.py for tasks to queue
[2024-10-07T21:43:27.621+0000] {logging_mixin.py:190} INFO - [2024-10-07T21:43:27.621+0000] {dagbag.py:588} INFO - Filling up the DagBag from /home/airflow/.local/lib/python3.12/site-packages/airflow/example_dags/example_display_name.py
[2024-10-07T21:43:27.625+0000] {processor.py:925} INFO - DAG(s) 'example_display_name' retrieved from /home/airflow/.local/lib/python3.12/site-packages/airflow/example_dags/example_display_name.py
[2024-10-07T21:43:27.635+0000] {logging_mixin.py:190} INFO - [2024-10-07T21:43:27.634+0000] {dag.py:3239} INFO - Sync 1 DAGs
[2024-10-07T21:43:27.643+0000] {logging_mixin.py:190} INFO - [2024-10-07T21:43:27.643+0000] {dag.py:4180} INFO - Setting next_dagrun for example_display_name to None, run_after=None
[2024-10-07T21:43:27.655+0000] {processor.py:208} INFO - Processing /home/airflow/.local/lib/python3.12/site-packages/airflow/example_dags/example_display_name.py took 0.040 seconds
[2024-10-07T21:43:58.626+0000] {processor.py:186} INFO - Started process (PID=1995) to work on /home/airflow/.local/lib/python3.12/site-packages/airflow/example_dags/example_display_name.py
[2024-10-07T21:43:58.628+0000] {processor.py:914} INFO - Processing file /home/airflow/.local/lib/python3.12/site-packages/airflow/example_dags/example_display_name.py for tasks to queue
[2024-10-07T21:43:58.630+0000] {logging_mixin.py:190} INFO - [2024-10-07T21:43:58.629+0000] {dagbag.py:588} INFO - Filling up the DagBag from /home/airflow/.local/lib/python3.12/site-packages/airflow/example_dags/example_display_name.py
[2024-10-07T21:43:58.634+0000] {processor.py:925} INFO - DAG(s) 'example_display_name' retrieved from /home/airflow/.local/lib/python3.12/site-packages/airflow/example_dags/example_display_name.py
[2024-10-07T21:43:58.648+0000] {logging_mixin.py:190} INFO - [2024-10-07T21:43:58.648+0000] {dag.py:3239} INFO - Sync 1 DAGs
[2024-10-07T21:43:58.657+0000] {logging_mixin.py:190} INFO - [2024-10-07T21:43:58.657+0000] {dag.py:4180} INFO - Setting next_dagrun for example_display_name to None, run_after=None
[2024-10-07T21:43:58.665+0000] {processor.py:208} INFO - Processing /home/airflow/.local/lib/python3.12/site-packages/airflow/example_dags/example_display_name.py took 0.043 seconds
[2024-10-07T21:44:29.849+0000] {processor.py:186} INFO - Started process (PID=2057) to work on /home/airflow/.local/lib/python3.12/site-packages/airflow/example_dags/example_display_name.py
[2024-10-07T21:44:29.850+0000] {processor.py:914} INFO - Processing file /home/airflow/.local/lib/python3.12/site-packages/airflow/example_dags/example_display_name.py for tasks to queue
[2024-10-07T21:44:29.852+0000] {logging_mixin.py:190} INFO - [2024-10-07T21:44:29.852+0000] {dagbag.py:588} INFO - Filling up the DagBag from /home/airflow/.local/lib/python3.12/site-packages/airflow/example_dags/example_display_name.py
[2024-10-07T21:44:29.856+0000] {processor.py:925} INFO - DAG(s) 'example_display_name' retrieved from /home/airflow/.local/lib/python3.12/site-packages/airflow/example_dags/example_display_name.py
[2024-10-07T21:44:29.867+0000] {logging_mixin.py:190} INFO - [2024-10-07T21:44:29.867+0000] {dag.py:3239} INFO - Sync 1 DAGs
[2024-10-07T21:44:29.874+0000] {logging_mixin.py:190} INFO - [2024-10-07T21:44:29.874+0000] {dag.py:4180} INFO - Setting next_dagrun for example_display_name to None, run_after=None
[2024-10-07T21:44:29.885+0000] {processor.py:208} INFO - Processing /home/airflow/.local/lib/python3.12/site-packages/airflow/example_dags/example_display_name.py took 0.041 seconds
[2024-10-07T21:45:00.691+0000] {processor.py:186} INFO - Started process (PID=2119) to work on /home/airflow/.local/lib/python3.12/site-packages/airflow/example_dags/example_display_name.py
[2024-10-07T21:45:00.702+0000] {processor.py:914} INFO - Processing file /home/airflow/.local/lib/python3.12/site-packages/airflow/example_dags/example_display_name.py for tasks to queue
[2024-10-07T21:45:00.706+0000] {logging_mixin.py:190} INFO - [2024-10-07T21:45:00.705+0000] {dagbag.py:588} INFO - Filling up the DagBag from /home/airflow/.local/lib/python3.12/site-packages/airflow/example_dags/example_display_name.py
[2024-10-07T21:45:00.715+0000] {processor.py:925} INFO - DAG(s) 'example_display_name' retrieved from /home/airflow/.local/lib/python3.12/site-packages/airflow/example_dags/example_display_name.py
[2024-10-07T21:45:00.731+0000] {logging_mixin.py:190} INFO - [2024-10-07T21:45:00.731+0000] {dag.py:3239} INFO - Sync 1 DAGs
[2024-10-07T21:45:00.740+0000] {logging_mixin.py:190} INFO - [2024-10-07T21:45:00.740+0000] {dag.py:4180} INFO - Setting next_dagrun for example_display_name to None, run_after=None
[2024-10-07T21:45:00.750+0000] {processor.py:208} INFO - Processing /home/airflow/.local/lib/python3.12/site-packages/airflow/example_dags/example_display_name.py took 0.063 seconds
[2024-10-07T21:45:31.770+0000] {processor.py:186} INFO - Started process (PID=2181) to work on /home/airflow/.local/lib/python3.12/site-packages/airflow/example_dags/example_display_name.py
[2024-10-07T21:45:31.771+0000] {processor.py:914} INFO - Processing file /home/airflow/.local/lib/python3.12/site-packages/airflow/example_dags/example_display_name.py for tasks to queue
[2024-10-07T21:45:31.773+0000] {logging_mixin.py:190} INFO - [2024-10-07T21:45:31.773+0000] {dagbag.py:588} INFO - Filling up the DagBag from /home/airflow/.local/lib/python3.12/site-packages/airflow/example_dags/example_display_name.py
[2024-10-07T21:45:31.776+0000] {processor.py:925} INFO - DAG(s) 'example_display_name' retrieved from /home/airflow/.local/lib/python3.12/site-packages/airflow/example_dags/example_display_name.py
[2024-10-07T21:45:31.786+0000] {logging_mixin.py:190} INFO - [2024-10-07T21:45:31.786+0000] {dag.py:3239} INFO - Sync 1 DAGs
[2024-10-07T21:45:31.794+0000] {logging_mixin.py:190} INFO - [2024-10-07T21:45:31.794+0000] {dag.py:4180} INFO - Setting next_dagrun for example_display_name to None, run_after=None
[2024-10-07T21:45:31.803+0000] {processor.py:208} INFO - Processing /home/airflow/.local/lib/python3.12/site-packages/airflow/example_dags/example_display_name.py took 0.036 seconds
[2024-10-07T21:46:03.050+0000] {processor.py:186} INFO - Started process (PID=2243) to work on /home/airflow/.local/lib/python3.12/site-packages/airflow/example_dags/example_display_name.py
[2024-10-07T21:46:03.051+0000] {processor.py:914} INFO - Processing file /home/airflow/.local/lib/python3.12/site-packages/airflow/example_dags/example_display_name.py for tasks to queue
[2024-10-07T21:46:03.052+0000] {logging_mixin.py:190} INFO - [2024-10-07T21:46:03.052+0000] {dagbag.py:588} INFO - Filling up the DagBag from /home/airflow/.local/lib/python3.12/site-packages/airflow/example_dags/example_display_name.py
[2024-10-07T21:46:03.056+0000] {processor.py:925} INFO - DAG(s) 'example_display_name' retrieved from /home/airflow/.local/lib/python3.12/site-packages/airflow/example_dags/example_display_name.py
[2024-10-07T21:46:03.067+0000] {logging_mixin.py:190} INFO - [2024-10-07T21:46:03.066+0000] {dag.py:3239} INFO - Sync 1 DAGs
[2024-10-07T21:46:03.074+0000] {logging_mixin.py:190} INFO - [2024-10-07T21:46:03.073+0000] {dag.py:4180} INFO - Setting next_dagrun for example_display_name to None, run_after=None
[2024-10-07T21:46:03.081+0000] {processor.py:208} INFO - Processing /home/airflow/.local/lib/python3.12/site-packages/airflow/example_dags/example_display_name.py took 0.035 seconds
[2024-10-07T21:46:33.937+0000] {processor.py:186} INFO - Started process (PID=2305) to work on /home/airflow/.local/lib/python3.12/site-packages/airflow/example_dags/example_display_name.py
[2024-10-07T21:46:33.938+0000] {processor.py:914} INFO - Processing file /home/airflow/.local/lib/python3.12/site-packages/airflow/example_dags/example_display_name.py for tasks to queue
[2024-10-07T21:46:33.939+0000] {logging_mixin.py:190} INFO - [2024-10-07T21:46:33.939+0000] {dagbag.py:588} INFO - Filling up the DagBag from /home/airflow/.local/lib/python3.12/site-packages/airflow/example_dags/example_display_name.py
[2024-10-07T21:46:33.943+0000] {processor.py:925} INFO - DAG(s) 'example_display_name' retrieved from /home/airflow/.local/lib/python3.12/site-packages/airflow/example_dags/example_display_name.py
[2024-10-07T21:46:33.956+0000] {logging_mixin.py:190} INFO - [2024-10-07T21:46:33.955+0000] {dag.py:3239} INFO - Sync 1 DAGs
[2024-10-07T21:46:33.969+0000] {logging_mixin.py:190} INFO - [2024-10-07T21:46:33.969+0000] {dag.py:4180} INFO - Setting next_dagrun for example_display_name to None, run_after=None
[2024-10-07T21:46:33.981+0000] {processor.py:208} INFO - Processing /home/airflow/.local/lib/python3.12/site-packages/airflow/example_dags/example_display_name.py took 0.048 seconds
[2024-10-07T21:47:04.639+0000] {processor.py:186} INFO - Started process (PID=2367) to work on /home/airflow/.local/lib/python3.12/site-packages/airflow/example_dags/example_display_name.py
[2024-10-07T21:47:04.641+0000] {processor.py:914} INFO - Processing file /home/airflow/.local/lib/python3.12/site-packages/airflow/example_dags/example_display_name.py for tasks to queue
[2024-10-07T21:47:04.642+0000] {logging_mixin.py:190} INFO - [2024-10-07T21:47:04.642+0000] {dagbag.py:588} INFO - Filling up the DagBag from /home/airflow/.local/lib/python3.12/site-packages/airflow/example_dags/example_display_name.py
[2024-10-07T21:47:04.646+0000] {processor.py:925} INFO - DAG(s) 'example_display_name' retrieved from /home/airflow/.local/lib/python3.12/site-packages/airflow/example_dags/example_display_name.py
[2024-10-07T21:47:04.658+0000] {logging_mixin.py:190} INFO - [2024-10-07T21:47:04.658+0000] {dag.py:3239} INFO - Sync 1 DAGs
[2024-10-07T21:47:04.665+0000] {logging_mixin.py:190} INFO - [2024-10-07T21:47:04.665+0000] {dag.py:4180} INFO - Setting next_dagrun for example_display_name to None, run_after=None
[2024-10-07T21:47:04.674+0000] {processor.py:208} INFO - Processing /home/airflow/.local/lib/python3.12/site-packages/airflow/example_dags/example_display_name.py took 0.038 seconds
[2024-10-07T21:47:36.119+0000] {processor.py:186} INFO - Started process (PID=2429) to work on /home/airflow/.local/lib/python3.12/site-packages/airflow/example_dags/example_display_name.py
[2024-10-07T21:47:36.120+0000] {processor.py:914} INFO - Processing file /home/airflow/.local/lib/python3.12/site-packages/airflow/example_dags/example_display_name.py for tasks to queue
[2024-10-07T21:47:36.122+0000] {logging_mixin.py:190} INFO - [2024-10-07T21:47:36.121+0000] {dagbag.py:588} INFO - Filling up the DagBag from /home/airflow/.local/lib/python3.12/site-packages/airflow/example_dags/example_display_name.py
[2024-10-07T21:47:36.126+0000] {processor.py:925} INFO - DAG(s) 'example_display_name' retrieved from /home/airflow/.local/lib/python3.12/site-packages/airflow/example_dags/example_display_name.py
[2024-10-07T21:47:36.137+0000] {logging_mixin.py:190} INFO - [2024-10-07T21:47:36.137+0000] {dag.py:3239} INFO - Sync 1 DAGs
[2024-10-07T21:47:36.145+0000] {logging_mixin.py:190} INFO - [2024-10-07T21:47:36.145+0000] {dag.py:4180} INFO - Setting next_dagrun for example_display_name to None, run_after=None
[2024-10-07T21:47:36.154+0000] {processor.py:208} INFO - Processing /home/airflow/.local/lib/python3.12/site-packages/airflow/example_dags/example_display_name.py took 0.039 seconds
[2024-10-07T21:48:07.393+0000] {processor.py:186} INFO - Started process (PID=2491) to work on /home/airflow/.local/lib/python3.12/site-packages/airflow/example_dags/example_display_name.py
[2024-10-07T21:48:07.394+0000] {processor.py:914} INFO - Processing file /home/airflow/.local/lib/python3.12/site-packages/airflow/example_dags/example_display_name.py for tasks to queue
[2024-10-07T21:48:07.395+0000] {logging_mixin.py:190} INFO - [2024-10-07T21:48:07.395+0000] {dagbag.py:588} INFO - Filling up the DagBag from /home/airflow/.local/lib/python3.12/site-packages/airflow/example_dags/example_display_name.py
[2024-10-07T21:48:07.399+0000] {processor.py:925} INFO - DAG(s) 'example_display_name' retrieved from /home/airflow/.local/lib/python3.12/site-packages/airflow/example_dags/example_display_name.py
[2024-10-07T21:48:07.409+0000] {logging_mixin.py:190} INFO - [2024-10-07T21:48:07.409+0000] {dag.py:3239} INFO - Sync 1 DAGs
[2024-10-07T21:48:07.417+0000] {logging_mixin.py:190} INFO - [2024-10-07T21:48:07.416+0000] {dag.py:4180} INFO - Setting next_dagrun for example_display_name to None, run_after=None
[2024-10-07T21:48:07.428+0000] {processor.py:208} INFO - Processing /home/airflow/.local/lib/python3.12/site-packages/airflow/example_dags/example_display_name.py took 0.038 seconds
[2024-10-07T21:48:38.509+0000] {processor.py:186} INFO - Started process (PID=2553) to work on /home/airflow/.local/lib/python3.12/site-packages/airflow/example_dags/example_display_name.py
[2024-10-07T21:48:38.510+0000] {processor.py:914} INFO - Processing file /home/airflow/.local/lib/python3.12/site-packages/airflow/example_dags/example_display_name.py for tasks to queue
[2024-10-07T21:48:38.511+0000] {logging_mixin.py:190} INFO - [2024-10-07T21:48:38.511+0000] {dagbag.py:588} INFO - Filling up the DagBag from /home/airflow/.local/lib/python3.12/site-packages/airflow/example_dags/example_display_name.py
[2024-10-07T21:48:38.515+0000] {processor.py:925} INFO - DAG(s) 'example_display_name' retrieved from /home/airflow/.local/lib/python3.12/site-packages/airflow/example_dags/example_display_name.py
[2024-10-07T21:48:38.524+0000] {logging_mixin.py:190} INFO - [2024-10-07T21:48:38.524+0000] {dag.py:3239} INFO - Sync 1 DAGs
[2024-10-07T21:48:38.530+0000] {logging_mixin.py:190} INFO - [2024-10-07T21:48:38.530+0000] {dag.py:4180} INFO - Setting next_dagrun for example_display_name to None, run_after=None
[2024-10-07T21:48:38.537+0000] {processor.py:208} INFO - Processing /home/airflow/.local/lib/python3.12/site-packages/airflow/example_dags/example_display_name.py took 0.031 seconds
[2024-10-07T21:49:09.353+0000] {processor.py:186} INFO - Started process (PID=2615) to work on /home/airflow/.local/lib/python3.12/site-packages/airflow/example_dags/example_display_name.py
[2024-10-07T21:49:09.353+0000] {processor.py:914} INFO - Processing file /home/airflow/.local/lib/python3.12/site-packages/airflow/example_dags/example_display_name.py for tasks to queue
[2024-10-07T21:49:09.354+0000] {logging_mixin.py:190} INFO - [2024-10-07T21:49:09.354+0000] {dagbag.py:588} INFO - Filling up the DagBag from /home/airflow/.local/lib/python3.12/site-packages/airflow/example_dags/example_display_name.py
[2024-10-07T21:49:09.360+0000] {processor.py:925} INFO - DAG(s) 'example_display_name' retrieved from /home/airflow/.local/lib/python3.12/site-packages/airflow/example_dags/example_display_name.py
[2024-10-07T21:49:09.370+0000] {logging_mixin.py:190} INFO - [2024-10-07T21:49:09.370+0000] {dag.py:3239} INFO - Sync 1 DAGs
[2024-10-07T21:49:09.377+0000] {logging_mixin.py:190} INFO - [2024-10-07T21:49:09.377+0000] {dag.py:4180} INFO - Setting next_dagrun for example_display_name to None, run_after=None
[2024-10-07T21:49:09.387+0000] {processor.py:208} INFO - Processing /home/airflow/.local/lib/python3.12/site-packages/airflow/example_dags/example_display_name.py took 0.038 seconds
[2024-10-07T21:49:40.062+0000] {processor.py:186} INFO - Started process (PID=2677) to work on /home/airflow/.local/lib/python3.12/site-packages/airflow/example_dags/example_display_name.py
[2024-10-07T21:49:40.063+0000] {processor.py:914} INFO - Processing file /home/airflow/.local/lib/python3.12/site-packages/airflow/example_dags/example_display_name.py for tasks to queue
[2024-10-07T21:49:40.064+0000] {logging_mixin.py:190} INFO - [2024-10-07T21:49:40.064+0000] {dagbag.py:588} INFO - Filling up the DagBag from /home/airflow/.local/lib/python3.12/site-packages/airflow/example_dags/example_display_name.py
[2024-10-07T21:49:40.068+0000] {processor.py:925} INFO - DAG(s) 'example_display_name' retrieved from /home/airflow/.local/lib/python3.12/site-packages/airflow/example_dags/example_display_name.py
[2024-10-07T21:49:40.078+0000] {logging_mixin.py:190} INFO - [2024-10-07T21:49:40.078+0000] {dag.py:3239} INFO - Sync 1 DAGs
[2024-10-07T21:49:40.087+0000] {logging_mixin.py:190} INFO - [2024-10-07T21:49:40.087+0000] {dag.py:4180} INFO - Setting next_dagrun for example_display_name to None, run_after=None
[2024-10-07T21:49:40.098+0000] {processor.py:208} INFO - Processing /home/airflow/.local/lib/python3.12/site-packages/airflow/example_dags/example_display_name.py took 0.039 seconds
[2024-10-07T21:50:11.231+0000] {processor.py:186} INFO - Started process (PID=2739) to work on /home/airflow/.local/lib/python3.12/site-packages/airflow/example_dags/example_display_name.py
[2024-10-07T21:50:11.233+0000] {processor.py:914} INFO - Processing file /home/airflow/.local/lib/python3.12/site-packages/airflow/example_dags/example_display_name.py for tasks to queue
[2024-10-07T21:50:11.236+0000] {logging_mixin.py:190} INFO - [2024-10-07T21:50:11.236+0000] {dagbag.py:588} INFO - Filling up the DagBag from /home/airflow/.local/lib/python3.12/site-packages/airflow/example_dags/example_display_name.py
[2024-10-07T21:50:11.240+0000] {processor.py:925} INFO - DAG(s) 'example_display_name' retrieved from /home/airflow/.local/lib/python3.12/site-packages/airflow/example_dags/example_display_name.py
[2024-10-07T21:50:11.250+0000] {logging_mixin.py:190} INFO - [2024-10-07T21:50:11.250+0000] {dag.py:3239} INFO - Sync 1 DAGs
[2024-10-07T21:50:11.257+0000] {logging_mixin.py:190} INFO - [2024-10-07T21:50:11.257+0000] {dag.py:4180} INFO - Setting next_dagrun for example_display_name to None, run_after=None
[2024-10-07T21:50:11.266+0000] {processor.py:208} INFO - Processing /home/airflow/.local/lib/python3.12/site-packages/airflow/example_dags/example_display_name.py took 0.039 seconds
[2024-10-07T21:50:42.860+0000] {processor.py:186} INFO - Started process (PID=2801) to work on /home/airflow/.local/lib/python3.12/site-packages/airflow/example_dags/example_display_name.py
[2024-10-07T21:50:42.862+0000] {processor.py:914} INFO - Processing file /home/airflow/.local/lib/python3.12/site-packages/airflow/example_dags/example_display_name.py for tasks to queue
[2024-10-07T21:50:42.864+0000] {logging_mixin.py:190} INFO - [2024-10-07T21:50:42.864+0000] {dagbag.py:588} INFO - Filling up the DagBag from /home/airflow/.local/lib/python3.12/site-packages/airflow/example_dags/example_display_name.py
[2024-10-07T21:50:42.869+0000] {processor.py:925} INFO - DAG(s) 'example_display_name' retrieved from /home/airflow/.local/lib/python3.12/site-packages/airflow/example_dags/example_display_name.py
[2024-10-07T21:50:42.880+0000] {logging_mixin.py:190} INFO - [2024-10-07T21:50:42.880+0000] {dag.py:3239} INFO - Sync 1 DAGs
[2024-10-07T21:50:42.989+0000] {logging_mixin.py:190} INFO - [2024-10-07T21:50:42.989+0000] {dag.py:4180} INFO - Setting next_dagrun for example_display_name to None, run_after=None
[2024-10-07T21:50:42.999+0000] {processor.py:208} INFO - Processing /home/airflow/.local/lib/python3.12/site-packages/airflow/example_dags/example_display_name.py took 0.142 seconds
[2024-10-07T21:51:13.449+0000] {processor.py:186} INFO - Started process (PID=2863) to work on /home/airflow/.local/lib/python3.12/site-packages/airflow/example_dags/example_display_name.py
[2024-10-07T21:51:13.450+0000] {processor.py:914} INFO - Processing file /home/airflow/.local/lib/python3.12/site-packages/airflow/example_dags/example_display_name.py for tasks to queue
[2024-10-07T21:51:13.451+0000] {logging_mixin.py:190} INFO - [2024-10-07T21:51:13.450+0000] {dagbag.py:588} INFO - Filling up the DagBag from /home/airflow/.local/lib/python3.12/site-packages/airflow/example_dags/example_display_name.py
[2024-10-07T21:51:13.454+0000] {processor.py:925} INFO - DAG(s) 'example_display_name' retrieved from /home/airflow/.local/lib/python3.12/site-packages/airflow/example_dags/example_display_name.py
[2024-10-07T21:51:13.463+0000] {logging_mixin.py:190} INFO - [2024-10-07T21:51:13.463+0000] {dag.py:3239} INFO - Sync 1 DAGs
[2024-10-07T21:51:13.470+0000] {logging_mixin.py:190} INFO - [2024-10-07T21:51:13.470+0000] {dag.py:4180} INFO - Setting next_dagrun for example_display_name to None, run_after=None
[2024-10-07T21:51:13.567+0000] {processor.py:208} INFO - Processing /home/airflow/.local/lib/python3.12/site-packages/airflow/example_dags/example_display_name.py took 0.121 seconds
[2024-10-07T21:51:44.258+0000] {processor.py:186} INFO - Started process (PID=2931) to work on /home/airflow/.local/lib/python3.12/site-packages/airflow/example_dags/example_display_name.py
[2024-10-07T21:51:44.258+0000] {processor.py:914} INFO - Processing file /home/airflow/.local/lib/python3.12/site-packages/airflow/example_dags/example_display_name.py for tasks to queue
[2024-10-07T21:51:44.259+0000] {logging_mixin.py:190} INFO - [2024-10-07T21:51:44.259+0000] {dagbag.py:588} INFO - Filling up the DagBag from /home/airflow/.local/lib/python3.12/site-packages/airflow/example_dags/example_display_name.py
[2024-10-07T21:51:44.263+0000] {processor.py:925} INFO - DAG(s) 'example_display_name' retrieved from /home/airflow/.local/lib/python3.12/site-packages/airflow/example_dags/example_display_name.py
[2024-10-07T21:51:44.272+0000] {logging_mixin.py:190} INFO - [2024-10-07T21:51:44.272+0000] {dag.py:3239} INFO - Sync 1 DAGs
[2024-10-07T21:51:44.278+0000] {logging_mixin.py:190} INFO - [2024-10-07T21:51:44.278+0000] {dag.py:4180} INFO - Setting next_dagrun for example_display_name to None, run_after=None
[2024-10-07T21:51:44.286+0000] {processor.py:208} INFO - Processing /home/airflow/.local/lib/python3.12/site-packages/airflow/example_dags/example_display_name.py took 0.031 seconds
[2024-10-07T21:52:14.858+0000] {processor.py:186} INFO - Started process (PID=2993) to work on /home/airflow/.local/lib/python3.12/site-packages/airflow/example_dags/example_display_name.py
[2024-10-07T21:52:14.859+0000] {processor.py:914} INFO - Processing file /home/airflow/.local/lib/python3.12/site-packages/airflow/example_dags/example_display_name.py for tasks to queue
[2024-10-07T21:52:14.860+0000] {logging_mixin.py:190} INFO - [2024-10-07T21:52:14.860+0000] {dagbag.py:588} INFO - Filling up the DagBag from /home/airflow/.local/lib/python3.12/site-packages/airflow/example_dags/example_display_name.py
[2024-10-07T21:52:14.864+0000] {processor.py:925} INFO - DAG(s) 'example_display_name' retrieved from /home/airflow/.local/lib/python3.12/site-packages/airflow/example_dags/example_display_name.py
[2024-10-07T21:52:14.874+0000] {logging_mixin.py:190} INFO - [2024-10-07T21:52:14.874+0000] {dag.py:3239} INFO - Sync 1 DAGs
[2024-10-07T21:52:14.881+0000] {logging_mixin.py:190} INFO - [2024-10-07T21:52:14.881+0000] {dag.py:4180} INFO - Setting next_dagrun for example_display_name to None, run_after=None
[2024-10-07T21:52:14.893+0000] {processor.py:208} INFO - Processing /home/airflow/.local/lib/python3.12/site-packages/airflow/example_dags/example_display_name.py took 0.038 seconds
[2024-10-07T21:52:45.314+0000] {processor.py:186} INFO - Started process (PID=3055) to work on /home/airflow/.local/lib/python3.12/site-packages/airflow/example_dags/example_display_name.py
[2024-10-07T21:52:45.315+0000] {processor.py:914} INFO - Processing file /home/airflow/.local/lib/python3.12/site-packages/airflow/example_dags/example_display_name.py for tasks to queue
[2024-10-07T21:52:45.316+0000] {logging_mixin.py:190} INFO - [2024-10-07T21:52:45.316+0000] {dagbag.py:588} INFO - Filling up the DagBag from /home/airflow/.local/lib/python3.12/site-packages/airflow/example_dags/example_display_name.py
[2024-10-07T21:52:45.320+0000] {processor.py:925} INFO - DAG(s) 'example_display_name' retrieved from /home/airflow/.local/lib/python3.12/site-packages/airflow/example_dags/example_display_name.py
[2024-10-07T21:52:45.332+0000] {logging_mixin.py:190} INFO - [2024-10-07T21:52:45.332+0000] {dag.py:3239} INFO - Sync 1 DAGs
[2024-10-07T21:52:45.339+0000] {logging_mixin.py:190} INFO - [2024-10-07T21:52:45.339+0000] {dag.py:4180} INFO - Setting next_dagrun for example_display_name to None, run_after=None
[2024-10-07T21:52:45.348+0000] {processor.py:208} INFO - Processing /home/airflow/.local/lib/python3.12/site-packages/airflow/example_dags/example_display_name.py took 0.038 seconds
[2024-10-07T21:53:15.977+0000] {processor.py:186} INFO - Started process (PID=3117) to work on /home/airflow/.local/lib/python3.12/site-packages/airflow/example_dags/example_display_name.py
[2024-10-07T21:53:15.978+0000] {processor.py:914} INFO - Processing file /home/airflow/.local/lib/python3.12/site-packages/airflow/example_dags/example_display_name.py for tasks to queue
[2024-10-07T21:53:15.980+0000] {logging_mixin.py:190} INFO - [2024-10-07T21:53:15.979+0000] {dagbag.py:588} INFO - Filling up the DagBag from /home/airflow/.local/lib/python3.12/site-packages/airflow/example_dags/example_display_name.py
[2024-10-07T21:53:15.983+0000] {processor.py:925} INFO - DAG(s) 'example_display_name' retrieved from /home/airflow/.local/lib/python3.12/site-packages/airflow/example_dags/example_display_name.py
[2024-10-07T21:53:15.993+0000] {logging_mixin.py:190} INFO - [2024-10-07T21:53:15.993+0000] {dag.py:3239} INFO - Sync 1 DAGs
[2024-10-07T21:53:16.000+0000] {logging_mixin.py:190} INFO - [2024-10-07T21:53:16.000+0000] {dag.py:4180} INFO - Setting next_dagrun for example_display_name to None, run_after=None
[2024-10-07T21:53:16.012+0000] {processor.py:208} INFO - Processing /home/airflow/.local/lib/python3.12/site-packages/airflow/example_dags/example_display_name.py took 0.038 seconds
[2024-10-07T21:53:46.410+0000] {processor.py:186} INFO - Started process (PID=3179) to work on /home/airflow/.local/lib/python3.12/site-packages/airflow/example_dags/example_display_name.py
[2024-10-07T21:53:46.411+0000] {processor.py:914} INFO - Processing file /home/airflow/.local/lib/python3.12/site-packages/airflow/example_dags/example_display_name.py for tasks to queue
[2024-10-07T21:53:46.413+0000] {logging_mixin.py:190} INFO - [2024-10-07T21:53:46.413+0000] {dagbag.py:588} INFO - Filling up the DagBag from /home/airflow/.local/lib/python3.12/site-packages/airflow/example_dags/example_display_name.py
[2024-10-07T21:53:46.417+0000] {processor.py:925} INFO - DAG(s) 'example_display_name' retrieved from /home/airflow/.local/lib/python3.12/site-packages/airflow/example_dags/example_display_name.py
[2024-10-07T21:53:46.426+0000] {logging_mixin.py:190} INFO - [2024-10-07T21:53:46.426+0000] {dag.py:3239} INFO - Sync 1 DAGs
[2024-10-07T21:53:46.435+0000] {logging_mixin.py:190} INFO - [2024-10-07T21:53:46.435+0000] {dag.py:4180} INFO - Setting next_dagrun for example_display_name to None, run_after=None
[2024-10-07T21:53:46.450+0000] {processor.py:208} INFO - Processing /home/airflow/.local/lib/python3.12/site-packages/airflow/example_dags/example_display_name.py took 0.042 seconds
[2024-10-07T21:54:16.894+0000] {processor.py:186} INFO - Started process (PID=3241) to work on /home/airflow/.local/lib/python3.12/site-packages/airflow/example_dags/example_display_name.py
[2024-10-07T21:54:16.898+0000] {processor.py:914} INFO - Processing file /home/airflow/.local/lib/python3.12/site-packages/airflow/example_dags/example_display_name.py for tasks to queue
[2024-10-07T21:54:16.899+0000] {logging_mixin.py:190} INFO - [2024-10-07T21:54:16.899+0000] {dagbag.py:588} INFO - Filling up the DagBag from /home/airflow/.local/lib/python3.12/site-packages/airflow/example_dags/example_display_name.py
[2024-10-07T21:54:16.904+0000] {processor.py:925} INFO - DAG(s) 'example_display_name' retrieved from /home/airflow/.local/lib/python3.12/site-packages/airflow/example_dags/example_display_name.py
[2024-10-07T21:54:16.917+0000] {logging_mixin.py:190} INFO - [2024-10-07T21:54:16.916+0000] {dag.py:3239} INFO - Sync 1 DAGs
[2024-10-07T21:54:16.925+0000] {logging_mixin.py:190} INFO - [2024-10-07T21:54:16.925+0000] {dag.py:4180} INFO - Setting next_dagrun for example_display_name to None, run_after=None
[2024-10-07T21:54:16.937+0000] {processor.py:208} INFO - Processing /home/airflow/.local/lib/python3.12/site-packages/airflow/example_dags/example_display_name.py took 0.046 seconds
[2024-10-07T21:54:47.300+0000] {processor.py:186} INFO - Started process (PID=3303) to work on /home/airflow/.local/lib/python3.12/site-packages/airflow/example_dags/example_display_name.py
[2024-10-07T21:54:47.301+0000] {processor.py:914} INFO - Processing file /home/airflow/.local/lib/python3.12/site-packages/airflow/example_dags/example_display_name.py for tasks to queue
[2024-10-07T21:54:47.302+0000] {logging_mixin.py:190} INFO - [2024-10-07T21:54:47.302+0000] {dagbag.py:588} INFO - Filling up the DagBag from /home/airflow/.local/lib/python3.12/site-packages/airflow/example_dags/example_display_name.py
[2024-10-07T21:54:47.306+0000] {processor.py:925} INFO - DAG(s) 'example_display_name' retrieved from /home/airflow/.local/lib/python3.12/site-packages/airflow/example_dags/example_display_name.py
[2024-10-07T21:54:47.315+0000] {logging_mixin.py:190} INFO - [2024-10-07T21:54:47.315+0000] {dag.py:3239} INFO - Sync 1 DAGs
[2024-10-07T21:54:47.323+0000] {logging_mixin.py:190} INFO - [2024-10-07T21:54:47.323+0000] {dag.py:4180} INFO - Setting next_dagrun for example_display_name to None, run_after=None
[2024-10-07T21:54:47.336+0000] {processor.py:208} INFO - Processing /home/airflow/.local/lib/python3.12/site-packages/airflow/example_dags/example_display_name.py took 0.039 seconds
[2024-10-07T21:55:17.611+0000] {processor.py:186} INFO - Started process (PID=3365) to work on /home/airflow/.local/lib/python3.12/site-packages/airflow/example_dags/example_display_name.py
[2024-10-07T21:55:17.612+0000] {processor.py:914} INFO - Processing file /home/airflow/.local/lib/python3.12/site-packages/airflow/example_dags/example_display_name.py for tasks to queue
[2024-10-07T21:55:17.613+0000] {logging_mixin.py:190} INFO - [2024-10-07T21:55:17.613+0000] {dagbag.py:588} INFO - Filling up the DagBag from /home/airflow/.local/lib/python3.12/site-packages/airflow/example_dags/example_display_name.py
[2024-10-07T21:55:17.617+0000] {processor.py:925} INFO - DAG(s) 'example_display_name' retrieved from /home/airflow/.local/lib/python3.12/site-packages/airflow/example_dags/example_display_name.py
[2024-10-07T21:55:17.626+0000] {logging_mixin.py:190} INFO - [2024-10-07T21:55:17.626+0000] {dag.py:3239} INFO - Sync 1 DAGs
[2024-10-07T21:55:17.632+0000] {logging_mixin.py:190} INFO - [2024-10-07T21:55:17.632+0000] {dag.py:4180} INFO - Setting next_dagrun for example_display_name to None, run_after=None
[2024-10-07T21:55:17.639+0000] {processor.py:208} INFO - Processing /home/airflow/.local/lib/python3.12/site-packages/airflow/example_dags/example_display_name.py took 0.031 seconds
[2024-10-07T21:55:48.220+0000] {processor.py:186} INFO - Started process (PID=3427) to work on /home/airflow/.local/lib/python3.12/site-packages/airflow/example_dags/example_display_name.py
[2024-10-07T21:55:48.220+0000] {processor.py:914} INFO - Processing file /home/airflow/.local/lib/python3.12/site-packages/airflow/example_dags/example_display_name.py for tasks to queue
[2024-10-07T21:55:48.222+0000] {logging_mixin.py:190} INFO - [2024-10-07T21:55:48.222+0000] {dagbag.py:588} INFO - Filling up the DagBag from /home/airflow/.local/lib/python3.12/site-packages/airflow/example_dags/example_display_name.py
[2024-10-07T21:55:48.227+0000] {processor.py:925} INFO - DAG(s) 'example_display_name' retrieved from /home/airflow/.local/lib/python3.12/site-packages/airflow/example_dags/example_display_name.py
[2024-10-07T21:55:48.236+0000] {logging_mixin.py:190} INFO - [2024-10-07T21:55:48.236+0000] {dag.py:3239} INFO - Sync 1 DAGs
[2024-10-07T21:55:48.243+0000] {logging_mixin.py:190} INFO - [2024-10-07T21:55:48.243+0000] {dag.py:4180} INFO - Setting next_dagrun for example_display_name to None, run_after=None
[2024-10-07T21:55:48.255+0000] {processor.py:208} INFO - Processing /home/airflow/.local/lib/python3.12/site-packages/airflow/example_dags/example_display_name.py took 0.039 seconds
[2024-10-07T21:56:18.682+0000] {processor.py:186} INFO - Started process (PID=3489) to work on /home/airflow/.local/lib/python3.12/site-packages/airflow/example_dags/example_display_name.py
[2024-10-07T21:56:18.682+0000] {processor.py:914} INFO - Processing file /home/airflow/.local/lib/python3.12/site-packages/airflow/example_dags/example_display_name.py for tasks to queue
[2024-10-07T21:56:18.684+0000] {logging_mixin.py:190} INFO - [2024-10-07T21:56:18.683+0000] {dagbag.py:588} INFO - Filling up the DagBag from /home/airflow/.local/lib/python3.12/site-packages/airflow/example_dags/example_display_name.py
[2024-10-07T21:56:18.688+0000] {processor.py:925} INFO - DAG(s) 'example_display_name' retrieved from /home/airflow/.local/lib/python3.12/site-packages/airflow/example_dags/example_display_name.py
[2024-10-07T21:56:18.700+0000] {logging_mixin.py:190} INFO - [2024-10-07T21:56:18.700+0000] {dag.py:3239} INFO - Sync 1 DAGs
[2024-10-07T21:56:18.706+0000] {logging_mixin.py:190} INFO - [2024-10-07T21:56:18.706+0000] {dag.py:4180} INFO - Setting next_dagrun for example_display_name to None, run_after=None
[2024-10-07T21:56:18.715+0000] {processor.py:208} INFO - Processing /home/airflow/.local/lib/python3.12/site-packages/airflow/example_dags/example_display_name.py took 0.036 seconds
[2024-10-07T21:56:49.319+0000] {processor.py:186} INFO - Started process (PID=3551) to work on /home/airflow/.local/lib/python3.12/site-packages/airflow/example_dags/example_display_name.py
[2024-10-07T21:56:49.321+0000] {processor.py:914} INFO - Processing file /home/airflow/.local/lib/python3.12/site-packages/airflow/example_dags/example_display_name.py for tasks to queue
[2024-10-07T21:56:49.324+0000] {logging_mixin.py:190} INFO - [2024-10-07T21:56:49.323+0000] {dagbag.py:588} INFO - Filling up the DagBag from /home/airflow/.local/lib/python3.12/site-packages/airflow/example_dags/example_display_name.py
[2024-10-07T21:56:49.331+0000] {processor.py:925} INFO - DAG(s) 'example_display_name' retrieved from /home/airflow/.local/lib/python3.12/site-packages/airflow/example_dags/example_display_name.py
[2024-10-07T21:56:49.347+0000] {logging_mixin.py:190} INFO - [2024-10-07T21:56:49.346+0000] {dag.py:3239} INFO - Sync 1 DAGs
[2024-10-07T21:56:49.356+0000] {logging_mixin.py:190} INFO - [2024-10-07T21:56:49.355+0000] {dag.py:4180} INFO - Setting next_dagrun for example_display_name to None, run_after=None
[2024-10-07T21:56:49.368+0000] {processor.py:208} INFO - Processing /home/airflow/.local/lib/python3.12/site-packages/airflow/example_dags/example_display_name.py took 0.054 seconds
[2024-10-07T21:57:19.726+0000] {processor.py:186} INFO - Started process (PID=3613) to work on /home/airflow/.local/lib/python3.12/site-packages/airflow/example_dags/example_display_name.py
[2024-10-07T21:57:19.727+0000] {processor.py:914} INFO - Processing file /home/airflow/.local/lib/python3.12/site-packages/airflow/example_dags/example_display_name.py for tasks to queue
[2024-10-07T21:57:19.728+0000] {logging_mixin.py:190} INFO - [2024-10-07T21:57:19.728+0000] {dagbag.py:588} INFO - Filling up the DagBag from /home/airflow/.local/lib/python3.12/site-packages/airflow/example_dags/example_display_name.py
[2024-10-07T21:57:19.733+0000] {processor.py:925} INFO - DAG(s) 'example_display_name' retrieved from /home/airflow/.local/lib/python3.12/site-packages/airflow/example_dags/example_display_name.py
[2024-10-07T21:57:19.744+0000] {logging_mixin.py:190} INFO - [2024-10-07T21:57:19.743+0000] {dag.py:3239} INFO - Sync 1 DAGs
[2024-10-07T21:57:19.751+0000] {logging_mixin.py:190} INFO - [2024-10-07T21:57:19.751+0000] {dag.py:4180} INFO - Setting next_dagrun for example_display_name to None, run_after=None
[2024-10-07T21:57:19.767+0000] {processor.py:208} INFO - Processing /home/airflow/.local/lib/python3.12/site-packages/airflow/example_dags/example_display_name.py took 0.045 seconds
[2024-10-07T21:57:50.783+0000] {processor.py:186} INFO - Started process (PID=3675) to work on /home/airflow/.local/lib/python3.12/site-packages/airflow/example_dags/example_display_name.py
[2024-10-07T21:57:50.784+0000] {processor.py:914} INFO - Processing file /home/airflow/.local/lib/python3.12/site-packages/airflow/example_dags/example_display_name.py for tasks to queue
[2024-10-07T21:57:50.785+0000] {logging_mixin.py:190} INFO - [2024-10-07T21:57:50.785+0000] {dagbag.py:588} INFO - Filling up the DagBag from /home/airflow/.local/lib/python3.12/site-packages/airflow/example_dags/example_display_name.py
[2024-10-07T21:57:50.790+0000] {processor.py:925} INFO - DAG(s) 'example_display_name' retrieved from /home/airflow/.local/lib/python3.12/site-packages/airflow/example_dags/example_display_name.py
[2024-10-07T21:57:50.799+0000] {logging_mixin.py:190} INFO - [2024-10-07T21:57:50.799+0000] {dag.py:3239} INFO - Sync 1 DAGs
[2024-10-07T21:57:50.807+0000] {logging_mixin.py:190} INFO - [2024-10-07T21:57:50.807+0000] {dag.py:4180} INFO - Setting next_dagrun for example_display_name to None, run_after=None
[2024-10-07T21:57:50.815+0000] {processor.py:208} INFO - Processing /home/airflow/.local/lib/python3.12/site-packages/airflow/example_dags/example_display_name.py took 0.034 seconds
[2024-10-07T21:58:21.726+0000] {processor.py:186} INFO - Started process (PID=3737) to work on /home/airflow/.local/lib/python3.12/site-packages/airflow/example_dags/example_display_name.py
[2024-10-07T21:58:21.727+0000] {processor.py:914} INFO - Processing file /home/airflow/.local/lib/python3.12/site-packages/airflow/example_dags/example_display_name.py for tasks to queue
[2024-10-07T21:58:21.728+0000] {logging_mixin.py:190} INFO - [2024-10-07T21:58:21.728+0000] {dagbag.py:588} INFO - Filling up the DagBag from /home/airflow/.local/lib/python3.12/site-packages/airflow/example_dags/example_display_name.py
[2024-10-07T21:58:21.733+0000] {processor.py:925} INFO - DAG(s) 'example_display_name' retrieved from /home/airflow/.local/lib/python3.12/site-packages/airflow/example_dags/example_display_name.py
[2024-10-07T21:58:21.742+0000] {logging_mixin.py:190} INFO - [2024-10-07T21:58:21.742+0000] {dag.py:3239} INFO - Sync 1 DAGs
[2024-10-07T21:58:21.750+0000] {logging_mixin.py:190} INFO - [2024-10-07T21:58:21.750+0000] {dag.py:4180} INFO - Setting next_dagrun for example_display_name to None, run_after=None
[2024-10-07T21:58:21.765+0000] {processor.py:208} INFO - Processing /home/airflow/.local/lib/python3.12/site-packages/airflow/example_dags/example_display_name.py took 0.042 seconds
[2024-10-07T21:58:52.346+0000] {processor.py:186} INFO - Started process (PID=3799) to work on /home/airflow/.local/lib/python3.12/site-packages/airflow/example_dags/example_display_name.py
[2024-10-07T21:58:52.347+0000] {processor.py:914} INFO - Processing file /home/airflow/.local/lib/python3.12/site-packages/airflow/example_dags/example_display_name.py for tasks to queue
[2024-10-07T21:58:52.348+0000] {logging_mixin.py:190} INFO - [2024-10-07T21:58:52.348+0000] {dagbag.py:588} INFO - Filling up the DagBag from /home/airflow/.local/lib/python3.12/site-packages/airflow/example_dags/example_display_name.py
[2024-10-07T21:58:52.352+0000] {processor.py:925} INFO - DAG(s) 'example_display_name' retrieved from /home/airflow/.local/lib/python3.12/site-packages/airflow/example_dags/example_display_name.py
[2024-10-07T21:58:52.366+0000] {logging_mixin.py:190} INFO - [2024-10-07T21:58:52.366+0000] {dag.py:3239} INFO - Sync 1 DAGs
[2024-10-07T21:58:52.373+0000] {logging_mixin.py:190} INFO - [2024-10-07T21:58:52.373+0000] {dag.py:4180} INFO - Setting next_dagrun for example_display_name to None, run_after=None
[2024-10-07T21:58:52.386+0000] {processor.py:208} INFO - Processing /home/airflow/.local/lib/python3.12/site-packages/airflow/example_dags/example_display_name.py took 0.044 seconds
[2024-10-07T21:59:23.144+0000] {processor.py:186} INFO - Started process (PID=3861) to work on /home/airflow/.local/lib/python3.12/site-packages/airflow/example_dags/example_display_name.py
[2024-10-07T21:59:23.146+0000] {processor.py:914} INFO - Processing file /home/airflow/.local/lib/python3.12/site-packages/airflow/example_dags/example_display_name.py for tasks to queue
[2024-10-07T21:59:23.147+0000] {logging_mixin.py:190} INFO - [2024-10-07T21:59:23.147+0000] {dagbag.py:588} INFO - Filling up the DagBag from /home/airflow/.local/lib/python3.12/site-packages/airflow/example_dags/example_display_name.py
[2024-10-07T21:59:23.151+0000] {processor.py:925} INFO - DAG(s) 'example_display_name' retrieved from /home/airflow/.local/lib/python3.12/site-packages/airflow/example_dags/example_display_name.py
[2024-10-07T21:59:23.161+0000] {logging_mixin.py:190} INFO - [2024-10-07T21:59:23.161+0000] {dag.py:3239} INFO - Sync 1 DAGs
[2024-10-07T21:59:23.169+0000] {logging_mixin.py:190} INFO - [2024-10-07T21:59:23.168+0000] {dag.py:4180} INFO - Setting next_dagrun for example_display_name to None, run_after=None
[2024-10-07T21:59:23.179+0000] {processor.py:208} INFO - Processing /home/airflow/.local/lib/python3.12/site-packages/airflow/example_dags/example_display_name.py took 0.038 seconds
[2024-10-07T21:59:53.658+0000] {processor.py:186} INFO - Started process (PID=3923) to work on /home/airflow/.local/lib/python3.12/site-packages/airflow/example_dags/example_display_name.py
[2024-10-07T21:59:53.660+0000] {processor.py:914} INFO - Processing file /home/airflow/.local/lib/python3.12/site-packages/airflow/example_dags/example_display_name.py for tasks to queue
[2024-10-07T21:59:53.661+0000] {logging_mixin.py:190} INFO - [2024-10-07T21:59:53.661+0000] {dagbag.py:588} INFO - Filling up the DagBag from /home/airflow/.local/lib/python3.12/site-packages/airflow/example_dags/example_display_name.py
[2024-10-07T21:59:53.665+0000] {processor.py:925} INFO - DAG(s) 'example_display_name' retrieved from /home/airflow/.local/lib/python3.12/site-packages/airflow/example_dags/example_display_name.py
[2024-10-07T21:59:53.676+0000] {logging_mixin.py:190} INFO - [2024-10-07T21:59:53.676+0000] {dag.py:3239} INFO - Sync 1 DAGs
[2024-10-07T21:59:53.685+0000] {logging_mixin.py:190} INFO - [2024-10-07T21:59:53.685+0000] {dag.py:4180} INFO - Setting next_dagrun for example_display_name to None, run_after=None
[2024-10-07T21:59:53.702+0000] {processor.py:208} INFO - Processing /home/airflow/.local/lib/python3.12/site-packages/airflow/example_dags/example_display_name.py took 0.047 seconds
[2024-10-07T22:00:24.216+0000] {processor.py:186} INFO - Started process (PID=3985) to work on /home/airflow/.local/lib/python3.12/site-packages/airflow/example_dags/example_display_name.py
[2024-10-07T22:00:24.217+0000] {processor.py:914} INFO - Processing file /home/airflow/.local/lib/python3.12/site-packages/airflow/example_dags/example_display_name.py for tasks to queue
[2024-10-07T22:00:24.218+0000] {logging_mixin.py:190} INFO - [2024-10-07T22:00:24.218+0000] {dagbag.py:588} INFO - Filling up the DagBag from /home/airflow/.local/lib/python3.12/site-packages/airflow/example_dags/example_display_name.py
[2024-10-07T22:00:24.222+0000] {processor.py:925} INFO - DAG(s) 'example_display_name' retrieved from /home/airflow/.local/lib/python3.12/site-packages/airflow/example_dags/example_display_name.py
[2024-10-07T22:00:24.232+0000] {logging_mixin.py:190} INFO - [2024-10-07T22:00:24.232+0000] {dag.py:3239} INFO - Sync 1 DAGs
[2024-10-07T22:00:24.244+0000] {logging_mixin.py:190} INFO - [2024-10-07T22:00:24.243+0000] {dag.py:4180} INFO - Setting next_dagrun for example_display_name to None, run_after=None
[2024-10-07T22:00:24.264+0000] {processor.py:208} INFO - Processing /home/airflow/.local/lib/python3.12/site-packages/airflow/example_dags/example_display_name.py took 0.051 seconds
