[2024-10-07T21:28:12.185+0000] {processor.py:186} INFO - Started process (PID=76) to work on /home/airflow/.local/lib/python3.12/site-packages/airflow/example_dags/example_sla_dag.py
[2024-10-07T21:28:12.186+0000] {processor.py:914} INFO - Processing file /home/airflow/.local/lib/python3.12/site-packages/airflow/example_dags/example_sla_dag.py for tasks to queue
[2024-10-07T21:28:12.188+0000] {logging_mixin.py:190} INFO - [2024-10-07T21:28:12.188+0000] {dagbag.py:588} INFO - Filling up the DagBag from /home/airflow/.local/lib/python3.12/site-packages/airflow/example_dags/example_sla_dag.py
[2024-10-07T21:28:12.203+0000] {processor.py:925} INFO - DAG(s) 'example_sla_dag' retrieved from /home/airflow/.local/lib/python3.12/site-packages/airflow/example_dags/example_sla_dag.py
[2024-10-07T21:28:12.334+0000] {logging_mixin.py:190} INFO - [2024-10-07T21:28:12.333+0000] {override.py:1900} INFO - Created Permission View: can read on DAG:example_sla_dag
[2024-10-07T21:28:12.340+0000] {logging_mixin.py:190} INFO - [2024-10-07T21:28:12.339+0000] {override.py:1900} INFO - Created Permission View: can delete on DAG:example_sla_dag
[2024-10-07T21:28:12.343+0000] {logging_mixin.py:190} INFO - [2024-10-07T21:28:12.343+0000] {override.py:1900} INFO - Created Permission View: can edit on DAG:example_sla_dag
[2024-10-07T21:28:12.348+0000] {logging_mixin.py:190} INFO - [2024-10-07T21:28:12.348+0000] {override.py:1900} INFO - Created Permission View: can read on DAG Run:example_sla_dag
[2024-10-07T21:28:12.352+0000] {logging_mixin.py:190} INFO - [2024-10-07T21:28:12.351+0000] {override.py:1900} INFO - Created Permission View: can delete on DAG Run:example_sla_dag
[2024-10-07T21:28:12.355+0000] {logging_mixin.py:190} INFO - [2024-10-07T21:28:12.355+0000] {override.py:1900} INFO - Created Permission View: can create on DAG Run:example_sla_dag
[2024-10-07T21:28:12.359+0000] {logging_mixin.py:190} INFO - [2024-10-07T21:28:12.359+0000] {override.py:1900} INFO - Created Permission View: menu access on DAG Run:example_sla_dag
[2024-10-07T21:28:12.360+0000] {logging_mixin.py:190} INFO - [2024-10-07T21:28:12.360+0000] {dag.py:3239} INFO - Sync 1 DAGs
[2024-10-07T21:28:12.371+0000] {logging_mixin.py:190} INFO - [2024-10-07T21:28:12.371+0000] {dag.py:3262} INFO - Creating ORM DAG for example_sla_dag
[2024-10-07T21:28:12.381+0000] {logging_mixin.py:190} INFO - [2024-10-07T21:28:12.380+0000] {dag.py:4180} INFO - Setting next_dagrun for example_sla_dag to 2024-10-07 21:26:00+00:00, run_after=2024-10-07 21:28:00+00:00
[2024-10-07T21:28:12.394+0000] {processor.py:208} INFO - Processing /home/airflow/.local/lib/python3.12/site-packages/airflow/example_dags/example_sla_dag.py took 0.214 seconds
[2024-10-07T21:28:42.728+0000] {processor.py:186} INFO - Started process (PID=138) to work on /home/airflow/.local/lib/python3.12/site-packages/airflow/example_dags/example_sla_dag.py
[2024-10-07T21:28:42.731+0000] {processor.py:914} INFO - Processing file /home/airflow/.local/lib/python3.12/site-packages/airflow/example_dags/example_sla_dag.py for tasks to queue
[2024-10-07T21:28:42.733+0000] {logging_mixin.py:190} INFO - [2024-10-07T21:28:42.733+0000] {dagbag.py:588} INFO - Filling up the DagBag from /home/airflow/.local/lib/python3.12/site-packages/airflow/example_dags/example_sla_dag.py
[2024-10-07T21:28:42.771+0000] {processor.py:925} INFO - DAG(s) 'example_sla_dag' retrieved from /home/airflow/.local/lib/python3.12/site-packages/airflow/example_dags/example_sla_dag.py
[2024-10-07T21:28:42.894+0000] {logging_mixin.py:190} INFO - [2024-10-07T21:28:42.892+0000] {dag.py:3239} INFO - Sync 1 DAGs
[2024-10-07T21:28:42.921+0000] {logging_mixin.py:190} INFO - [2024-10-07T21:28:42.921+0000] {dag.py:4180} INFO - Setting next_dagrun for example_sla_dag to 2024-10-07 21:26:00+00:00, run_after=2024-10-07 21:28:00+00:00
[2024-10-07T21:28:42.937+0000] {processor.py:208} INFO - Processing /home/airflow/.local/lib/python3.12/site-packages/airflow/example_dags/example_sla_dag.py took 0.213 seconds
[2024-10-07T21:29:13.712+0000] {processor.py:186} INFO - Started process (PID=200) to work on /home/airflow/.local/lib/python3.12/site-packages/airflow/example_dags/example_sla_dag.py
[2024-10-07T21:29:13.714+0000] {processor.py:914} INFO - Processing file /home/airflow/.local/lib/python3.12/site-packages/airflow/example_dags/example_sla_dag.py for tasks to queue
[2024-10-07T21:29:13.715+0000] {logging_mixin.py:190} INFO - [2024-10-07T21:29:13.715+0000] {dagbag.py:588} INFO - Filling up the DagBag from /home/airflow/.local/lib/python3.12/site-packages/airflow/example_dags/example_sla_dag.py
[2024-10-07T21:29:13.721+0000] {processor.py:925} INFO - DAG(s) 'example_sla_dag' retrieved from /home/airflow/.local/lib/python3.12/site-packages/airflow/example_dags/example_sla_dag.py
[2024-10-07T21:29:13.731+0000] {logging_mixin.py:190} INFO - [2024-10-07T21:29:13.731+0000] {dag.py:3239} INFO - Sync 1 DAGs
[2024-10-07T21:29:13.748+0000] {logging_mixin.py:190} INFO - [2024-10-07T21:29:13.748+0000] {dag.py:4180} INFO - Setting next_dagrun for example_sla_dag to 2024-10-07 21:26:00+00:00, run_after=2024-10-07 21:28:00+00:00
[2024-10-07T21:29:13.756+0000] {processor.py:208} INFO - Processing /home/airflow/.local/lib/python3.12/site-packages/airflow/example_dags/example_sla_dag.py took 0.048 seconds
[2024-10-07T21:29:44.196+0000] {processor.py:186} INFO - Started process (PID=262) to work on /home/airflow/.local/lib/python3.12/site-packages/airflow/example_dags/example_sla_dag.py
[2024-10-07T21:29:44.196+0000] {processor.py:914} INFO - Processing file /home/airflow/.local/lib/python3.12/site-packages/airflow/example_dags/example_sla_dag.py for tasks to queue
[2024-10-07T21:29:44.198+0000] {logging_mixin.py:190} INFO - [2024-10-07T21:29:44.197+0000] {dagbag.py:588} INFO - Filling up the DagBag from /home/airflow/.local/lib/python3.12/site-packages/airflow/example_dags/example_sla_dag.py
[2024-10-07T21:29:44.203+0000] {processor.py:925} INFO - DAG(s) 'example_sla_dag' retrieved from /home/airflow/.local/lib/python3.12/site-packages/airflow/example_dags/example_sla_dag.py
[2024-10-07T21:29:44.213+0000] {logging_mixin.py:190} INFO - [2024-10-07T21:29:44.213+0000] {dag.py:3239} INFO - Sync 1 DAGs
[2024-10-07T21:29:44.225+0000] {logging_mixin.py:190} INFO - [2024-10-07T21:29:44.225+0000] {dag.py:4180} INFO - Setting next_dagrun for example_sla_dag to 2024-10-07 21:26:00+00:00, run_after=2024-10-07 21:28:00+00:00
[2024-10-07T21:29:44.235+0000] {processor.py:208} INFO - Processing /home/airflow/.local/lib/python3.12/site-packages/airflow/example_dags/example_sla_dag.py took 0.042 seconds
[2024-10-07T21:30:14.616+0000] {processor.py:186} INFO - Started process (PID=324) to work on /home/airflow/.local/lib/python3.12/site-packages/airflow/example_dags/example_sla_dag.py
[2024-10-07T21:30:14.618+0000] {processor.py:914} INFO - Processing file /home/airflow/.local/lib/python3.12/site-packages/airflow/example_dags/example_sla_dag.py for tasks to queue
[2024-10-07T21:30:14.620+0000] {logging_mixin.py:190} INFO - [2024-10-07T21:30:14.620+0000] {dagbag.py:588} INFO - Filling up the DagBag from /home/airflow/.local/lib/python3.12/site-packages/airflow/example_dags/example_sla_dag.py
[2024-10-07T21:30:14.626+0000] {processor.py:925} INFO - DAG(s) 'example_sla_dag' retrieved from /home/airflow/.local/lib/python3.12/site-packages/airflow/example_dags/example_sla_dag.py
[2024-10-07T21:30:14.640+0000] {logging_mixin.py:190} INFO - [2024-10-07T21:30:14.640+0000] {dag.py:3239} INFO - Sync 1 DAGs
[2024-10-07T21:30:14.657+0000] {logging_mixin.py:190} INFO - [2024-10-07T21:30:14.656+0000] {dag.py:4180} INFO - Setting next_dagrun for example_sla_dag to 2024-10-07 21:28:00+00:00, run_after=2024-10-07 21:30:00+00:00
[2024-10-07T21:30:14.665+0000] {processor.py:208} INFO - Processing /home/airflow/.local/lib/python3.12/site-packages/airflow/example_dags/example_sla_dag.py took 0.052 seconds
[2024-10-07T21:30:44.919+0000] {processor.py:186} INFO - Started process (PID=386) to work on /home/airflow/.local/lib/python3.12/site-packages/airflow/example_dags/example_sla_dag.py
[2024-10-07T21:30:44.920+0000] {processor.py:914} INFO - Processing file /home/airflow/.local/lib/python3.12/site-packages/airflow/example_dags/example_sla_dag.py for tasks to queue
[2024-10-07T21:30:44.921+0000] {logging_mixin.py:190} INFO - [2024-10-07T21:30:44.921+0000] {dagbag.py:588} INFO - Filling up the DagBag from /home/airflow/.local/lib/python3.12/site-packages/airflow/example_dags/example_sla_dag.py
[2024-10-07T21:30:44.926+0000] {processor.py:925} INFO - DAG(s) 'example_sla_dag' retrieved from /home/airflow/.local/lib/python3.12/site-packages/airflow/example_dags/example_sla_dag.py
[2024-10-07T21:30:44.938+0000] {logging_mixin.py:190} INFO - [2024-10-07T21:30:44.938+0000] {dag.py:3239} INFO - Sync 1 DAGs
[2024-10-07T21:30:44.952+0000] {logging_mixin.py:190} INFO - [2024-10-07T21:30:44.952+0000] {dag.py:4180} INFO - Setting next_dagrun for example_sla_dag to 2024-10-07 21:28:00+00:00, run_after=2024-10-07 21:30:00+00:00
[2024-10-07T21:30:44.963+0000] {processor.py:208} INFO - Processing /home/airflow/.local/lib/python3.12/site-packages/airflow/example_dags/example_sla_dag.py took 0.046 seconds
[2024-10-07T21:31:15.215+0000] {processor.py:186} INFO - Started process (PID=448) to work on /home/airflow/.local/lib/python3.12/site-packages/airflow/example_dags/example_sla_dag.py
[2024-10-07T21:31:15.216+0000] {processor.py:914} INFO - Processing file /home/airflow/.local/lib/python3.12/site-packages/airflow/example_dags/example_sla_dag.py for tasks to queue
[2024-10-07T21:31:15.217+0000] {logging_mixin.py:190} INFO - [2024-10-07T21:31:15.217+0000] {dagbag.py:588} INFO - Filling up the DagBag from /home/airflow/.local/lib/python3.12/site-packages/airflow/example_dags/example_sla_dag.py
[2024-10-07T21:31:15.222+0000] {processor.py:925} INFO - DAG(s) 'example_sla_dag' retrieved from /home/airflow/.local/lib/python3.12/site-packages/airflow/example_dags/example_sla_dag.py
[2024-10-07T21:31:15.231+0000] {logging_mixin.py:190} INFO - [2024-10-07T21:31:15.231+0000] {dag.py:3239} INFO - Sync 1 DAGs
[2024-10-07T21:31:15.243+0000] {logging_mixin.py:190} INFO - [2024-10-07T21:31:15.243+0000] {dag.py:4180} INFO - Setting next_dagrun for example_sla_dag to 2024-10-07 21:28:00+00:00, run_after=2024-10-07 21:30:00+00:00
[2024-10-07T21:31:15.251+0000] {processor.py:208} INFO - Processing /home/airflow/.local/lib/python3.12/site-packages/airflow/example_dags/example_sla_dag.py took 0.039 seconds
[2024-10-07T21:31:45.908+0000] {processor.py:186} INFO - Started process (PID=510) to work on /home/airflow/.local/lib/python3.12/site-packages/airflow/example_dags/example_sla_dag.py
[2024-10-07T21:31:45.909+0000] {processor.py:914} INFO - Processing file /home/airflow/.local/lib/python3.12/site-packages/airflow/example_dags/example_sla_dag.py for tasks to queue
[2024-10-07T21:31:45.911+0000] {logging_mixin.py:190} INFO - [2024-10-07T21:31:45.911+0000] {dagbag.py:588} INFO - Filling up the DagBag from /home/airflow/.local/lib/python3.12/site-packages/airflow/example_dags/example_sla_dag.py
[2024-10-07T21:31:45.916+0000] {processor.py:925} INFO - DAG(s) 'example_sla_dag' retrieved from /home/airflow/.local/lib/python3.12/site-packages/airflow/example_dags/example_sla_dag.py
[2024-10-07T21:31:45.931+0000] {logging_mixin.py:190} INFO - [2024-10-07T21:31:45.931+0000] {dag.py:3239} INFO - Sync 1 DAGs
[2024-10-07T21:31:45.944+0000] {logging_mixin.py:190} INFO - [2024-10-07T21:31:45.944+0000] {dag.py:4180} INFO - Setting next_dagrun for example_sla_dag to 2024-10-07 21:28:00+00:00, run_after=2024-10-07 21:30:00+00:00
[2024-10-07T21:31:45.953+0000] {processor.py:208} INFO - Processing /home/airflow/.local/lib/python3.12/site-packages/airflow/example_dags/example_sla_dag.py took 0.048 seconds
[2024-10-07T21:32:16.610+0000] {processor.py:186} INFO - Started process (PID=572) to work on /home/airflow/.local/lib/python3.12/site-packages/airflow/example_dags/example_sla_dag.py
[2024-10-07T21:32:16.612+0000] {processor.py:914} INFO - Processing file /home/airflow/.local/lib/python3.12/site-packages/airflow/example_dags/example_sla_dag.py for tasks to queue
[2024-10-07T21:32:16.613+0000] {logging_mixin.py:190} INFO - [2024-10-07T21:32:16.613+0000] {dagbag.py:588} INFO - Filling up the DagBag from /home/airflow/.local/lib/python3.12/site-packages/airflow/example_dags/example_sla_dag.py
[2024-10-07T21:32:16.619+0000] {processor.py:925} INFO - DAG(s) 'example_sla_dag' retrieved from /home/airflow/.local/lib/python3.12/site-packages/airflow/example_dags/example_sla_dag.py
[2024-10-07T21:32:16.630+0000] {logging_mixin.py:190} INFO - [2024-10-07T21:32:16.630+0000] {dag.py:3239} INFO - Sync 1 DAGs
[2024-10-07T21:32:16.642+0000] {logging_mixin.py:190} INFO - [2024-10-07T21:32:16.642+0000] {dag.py:4180} INFO - Setting next_dagrun for example_sla_dag to 2024-10-07 21:30:00+00:00, run_after=2024-10-07 21:32:00+00:00
[2024-10-07T21:32:16.651+0000] {processor.py:208} INFO - Processing /home/airflow/.local/lib/python3.12/site-packages/airflow/example_dags/example_sla_dag.py took 0.045 seconds
[2024-10-07T21:32:47.382+0000] {processor.py:186} INFO - Started process (PID=634) to work on /home/airflow/.local/lib/python3.12/site-packages/airflow/example_dags/example_sla_dag.py
[2024-10-07T21:32:47.383+0000] {processor.py:914} INFO - Processing file /home/airflow/.local/lib/python3.12/site-packages/airflow/example_dags/example_sla_dag.py for tasks to queue
[2024-10-07T21:32:47.385+0000] {logging_mixin.py:190} INFO - [2024-10-07T21:32:47.384+0000] {dagbag.py:588} INFO - Filling up the DagBag from /home/airflow/.local/lib/python3.12/site-packages/airflow/example_dags/example_sla_dag.py
[2024-10-07T21:32:47.392+0000] {processor.py:925} INFO - DAG(s) 'example_sla_dag' retrieved from /home/airflow/.local/lib/python3.12/site-packages/airflow/example_dags/example_sla_dag.py
[2024-10-07T21:32:47.402+0000] {logging_mixin.py:190} INFO - [2024-10-07T21:32:47.402+0000] {dag.py:3239} INFO - Sync 1 DAGs
[2024-10-07T21:32:47.417+0000] {logging_mixin.py:190} INFO - [2024-10-07T21:32:47.417+0000] {dag.py:4180} INFO - Setting next_dagrun for example_sla_dag to 2024-10-07 21:30:00+00:00, run_after=2024-10-07 21:32:00+00:00
[2024-10-07T21:32:47.426+0000] {processor.py:208} INFO - Processing /home/airflow/.local/lib/python3.12/site-packages/airflow/example_dags/example_sla_dag.py took 0.048 seconds
[2024-10-07T21:33:17.826+0000] {processor.py:186} INFO - Started process (PID=696) to work on /home/airflow/.local/lib/python3.12/site-packages/airflow/example_dags/example_sla_dag.py
[2024-10-07T21:33:17.827+0000] {processor.py:914} INFO - Processing file /home/airflow/.local/lib/python3.12/site-packages/airflow/example_dags/example_sla_dag.py for tasks to queue
[2024-10-07T21:33:17.828+0000] {logging_mixin.py:190} INFO - [2024-10-07T21:33:17.828+0000] {dagbag.py:588} INFO - Filling up the DagBag from /home/airflow/.local/lib/python3.12/site-packages/airflow/example_dags/example_sla_dag.py
[2024-10-07T21:33:17.834+0000] {processor.py:925} INFO - DAG(s) 'example_sla_dag' retrieved from /home/airflow/.local/lib/python3.12/site-packages/airflow/example_dags/example_sla_dag.py
[2024-10-07T21:33:17.844+0000] {logging_mixin.py:190} INFO - [2024-10-07T21:33:17.844+0000] {dag.py:3239} INFO - Sync 1 DAGs
[2024-10-07T21:33:17.856+0000] {logging_mixin.py:190} INFO - [2024-10-07T21:33:17.856+0000] {dag.py:4180} INFO - Setting next_dagrun for example_sla_dag to 2024-10-07 21:30:00+00:00, run_after=2024-10-07 21:32:00+00:00
[2024-10-07T21:33:17.865+0000] {processor.py:208} INFO - Processing /home/airflow/.local/lib/python3.12/site-packages/airflow/example_dags/example_sla_dag.py took 0.042 seconds
[2024-10-07T21:33:48.168+0000] {processor.py:186} INFO - Started process (PID=758) to work on /home/airflow/.local/lib/python3.12/site-packages/airflow/example_dags/example_sla_dag.py
[2024-10-07T21:33:48.169+0000] {processor.py:914} INFO - Processing file /home/airflow/.local/lib/python3.12/site-packages/airflow/example_dags/example_sla_dag.py for tasks to queue
[2024-10-07T21:33:48.170+0000] {logging_mixin.py:190} INFO - [2024-10-07T21:33:48.170+0000] {dagbag.py:588} INFO - Filling up the DagBag from /home/airflow/.local/lib/python3.12/site-packages/airflow/example_dags/example_sla_dag.py
[2024-10-07T21:33:48.175+0000] {processor.py:925} INFO - DAG(s) 'example_sla_dag' retrieved from /home/airflow/.local/lib/python3.12/site-packages/airflow/example_dags/example_sla_dag.py
[2024-10-07T21:33:48.186+0000] {logging_mixin.py:190} INFO - [2024-10-07T21:33:48.186+0000] {dag.py:3239} INFO - Sync 1 DAGs
[2024-10-07T21:33:48.200+0000] {logging_mixin.py:190} INFO - [2024-10-07T21:33:48.200+0000] {dag.py:4180} INFO - Setting next_dagrun for example_sla_dag to 2024-10-07 21:30:00+00:00, run_after=2024-10-07 21:32:00+00:00
[2024-10-07T21:33:48.209+0000] {processor.py:208} INFO - Processing /home/airflow/.local/lib/python3.12/site-packages/airflow/example_dags/example_sla_dag.py took 0.044 seconds
[2024-10-07T21:34:18.753+0000] {processor.py:186} INFO - Started process (PID=820) to work on /home/airflow/.local/lib/python3.12/site-packages/airflow/example_dags/example_sla_dag.py
[2024-10-07T21:34:18.755+0000] {processor.py:914} INFO - Processing file /home/airflow/.local/lib/python3.12/site-packages/airflow/example_dags/example_sla_dag.py for tasks to queue
[2024-10-07T21:34:18.757+0000] {logging_mixin.py:190} INFO - [2024-10-07T21:34:18.757+0000] {dagbag.py:588} INFO - Filling up the DagBag from /home/airflow/.local/lib/python3.12/site-packages/airflow/example_dags/example_sla_dag.py
[2024-10-07T21:34:18.763+0000] {processor.py:925} INFO - DAG(s) 'example_sla_dag' retrieved from /home/airflow/.local/lib/python3.12/site-packages/airflow/example_dags/example_sla_dag.py
[2024-10-07T21:34:18.775+0000] {logging_mixin.py:190} INFO - [2024-10-07T21:34:18.775+0000] {dag.py:3239} INFO - Sync 1 DAGs
[2024-10-07T21:34:18.788+0000] {logging_mixin.py:190} INFO - [2024-10-07T21:34:18.788+0000] {dag.py:4180} INFO - Setting next_dagrun for example_sla_dag to 2024-10-07 21:32:00+00:00, run_after=2024-10-07 21:34:00+00:00
[2024-10-07T21:34:18.797+0000] {processor.py:208} INFO - Processing /home/airflow/.local/lib/python3.12/site-packages/airflow/example_dags/example_sla_dag.py took 0.048 seconds
[2024-10-07T21:34:49.286+0000] {processor.py:186} INFO - Started process (PID=882) to work on /home/airflow/.local/lib/python3.12/site-packages/airflow/example_dags/example_sla_dag.py
[2024-10-07T21:34:49.289+0000] {processor.py:914} INFO - Processing file /home/airflow/.local/lib/python3.12/site-packages/airflow/example_dags/example_sla_dag.py for tasks to queue
[2024-10-07T21:34:49.292+0000] {logging_mixin.py:190} INFO - [2024-10-07T21:34:49.291+0000] {dagbag.py:588} INFO - Filling up the DagBag from /home/airflow/.local/lib/python3.12/site-packages/airflow/example_dags/example_sla_dag.py
[2024-10-07T21:34:49.298+0000] {processor.py:925} INFO - DAG(s) 'example_sla_dag' retrieved from /home/airflow/.local/lib/python3.12/site-packages/airflow/example_dags/example_sla_dag.py
[2024-10-07T21:34:49.311+0000] {logging_mixin.py:190} INFO - [2024-10-07T21:34:49.311+0000] {dag.py:3239} INFO - Sync 1 DAGs
[2024-10-07T21:34:49.351+0000] {logging_mixin.py:190} INFO - [2024-10-07T21:34:49.350+0000] {dag.py:4180} INFO - Setting next_dagrun for example_sla_dag to 2024-10-07 21:32:00+00:00, run_after=2024-10-07 21:34:00+00:00
[2024-10-07T21:34:49.369+0000] {processor.py:208} INFO - Processing /home/airflow/.local/lib/python3.12/site-packages/airflow/example_dags/example_sla_dag.py took 0.087 seconds
[2024-10-07T21:35:19.646+0000] {processor.py:186} INFO - Started process (PID=944) to work on /home/airflow/.local/lib/python3.12/site-packages/airflow/example_dags/example_sla_dag.py
[2024-10-07T21:35:19.649+0000] {processor.py:914} INFO - Processing file /home/airflow/.local/lib/python3.12/site-packages/airflow/example_dags/example_sla_dag.py for tasks to queue
[2024-10-07T21:35:19.650+0000] {logging_mixin.py:190} INFO - [2024-10-07T21:35:19.650+0000] {dagbag.py:588} INFO - Filling up the DagBag from /home/airflow/.local/lib/python3.12/site-packages/airflow/example_dags/example_sla_dag.py
[2024-10-07T21:35:19.656+0000] {processor.py:925} INFO - DAG(s) 'example_sla_dag' retrieved from /home/airflow/.local/lib/python3.12/site-packages/airflow/example_dags/example_sla_dag.py
[2024-10-07T21:35:19.667+0000] {logging_mixin.py:190} INFO - [2024-10-07T21:35:19.666+0000] {dag.py:3239} INFO - Sync 1 DAGs
[2024-10-07T21:35:19.680+0000] {logging_mixin.py:190} INFO - [2024-10-07T21:35:19.680+0000] {dag.py:4180} INFO - Setting next_dagrun for example_sla_dag to 2024-10-07 21:32:00+00:00, run_after=2024-10-07 21:34:00+00:00
[2024-10-07T21:35:19.689+0000] {processor.py:208} INFO - Processing /home/airflow/.local/lib/python3.12/site-packages/airflow/example_dags/example_sla_dag.py took 0.046 seconds
[2024-10-07T21:35:49.933+0000] {processor.py:186} INFO - Started process (PID=1006) to work on /home/airflow/.local/lib/python3.12/site-packages/airflow/example_dags/example_sla_dag.py
[2024-10-07T21:35:49.935+0000] {processor.py:914} INFO - Processing file /home/airflow/.local/lib/python3.12/site-packages/airflow/example_dags/example_sla_dag.py for tasks to queue
[2024-10-07T21:35:49.937+0000] {logging_mixin.py:190} INFO - [2024-10-07T21:35:49.937+0000] {dagbag.py:588} INFO - Filling up the DagBag from /home/airflow/.local/lib/python3.12/site-packages/airflow/example_dags/example_sla_dag.py
[2024-10-07T21:35:49.942+0000] {processor.py:925} INFO - DAG(s) 'example_sla_dag' retrieved from /home/airflow/.local/lib/python3.12/site-packages/airflow/example_dags/example_sla_dag.py
[2024-10-07T21:35:49.952+0000] {logging_mixin.py:190} INFO - [2024-10-07T21:35:49.952+0000] {dag.py:3239} INFO - Sync 1 DAGs
[2024-10-07T21:35:49.964+0000] {logging_mixin.py:190} INFO - [2024-10-07T21:35:49.964+0000] {dag.py:4180} INFO - Setting next_dagrun for example_sla_dag to 2024-10-07 21:32:00+00:00, run_after=2024-10-07 21:34:00+00:00
[2024-10-07T21:35:49.974+0000] {processor.py:208} INFO - Processing /home/airflow/.local/lib/python3.12/site-packages/airflow/example_dags/example_sla_dag.py took 0.045 seconds
[2024-10-07T21:36:20.219+0000] {processor.py:186} INFO - Started process (PID=1068) to work on /home/airflow/.local/lib/python3.12/site-packages/airflow/example_dags/example_sla_dag.py
[2024-10-07T21:36:20.219+0000] {processor.py:914} INFO - Processing file /home/airflow/.local/lib/python3.12/site-packages/airflow/example_dags/example_sla_dag.py for tasks to queue
[2024-10-07T21:36:20.221+0000] {logging_mixin.py:190} INFO - [2024-10-07T21:36:20.221+0000] {dagbag.py:588} INFO - Filling up the DagBag from /home/airflow/.local/lib/python3.12/site-packages/airflow/example_dags/example_sla_dag.py
[2024-10-07T21:36:20.229+0000] {processor.py:925} INFO - DAG(s) 'example_sla_dag' retrieved from /home/airflow/.local/lib/python3.12/site-packages/airflow/example_dags/example_sla_dag.py
[2024-10-07T21:36:20.243+0000] {logging_mixin.py:190} INFO - [2024-10-07T21:36:20.242+0000] {dag.py:3239} INFO - Sync 1 DAGs
[2024-10-07T21:36:20.256+0000] {logging_mixin.py:190} INFO - [2024-10-07T21:36:20.255+0000] {dag.py:4180} INFO - Setting next_dagrun for example_sla_dag to 2024-10-07 21:34:00+00:00, run_after=2024-10-07 21:36:00+00:00
[2024-10-07T21:36:20.264+0000] {processor.py:208} INFO - Processing /home/airflow/.local/lib/python3.12/site-packages/airflow/example_dags/example_sla_dag.py took 0.048 seconds
[2024-10-07T21:36:50.417+0000] {processor.py:186} INFO - Started process (PID=1130) to work on /home/airflow/.local/lib/python3.12/site-packages/airflow/example_dags/example_sla_dag.py
[2024-10-07T21:36:50.418+0000] {processor.py:914} INFO - Processing file /home/airflow/.local/lib/python3.12/site-packages/airflow/example_dags/example_sla_dag.py for tasks to queue
[2024-10-07T21:36:50.419+0000] {logging_mixin.py:190} INFO - [2024-10-07T21:36:50.419+0000] {dagbag.py:588} INFO - Filling up the DagBag from /home/airflow/.local/lib/python3.12/site-packages/airflow/example_dags/example_sla_dag.py
[2024-10-07T21:36:50.424+0000] {processor.py:925} INFO - DAG(s) 'example_sla_dag' retrieved from /home/airflow/.local/lib/python3.12/site-packages/airflow/example_dags/example_sla_dag.py
[2024-10-07T21:36:50.434+0000] {logging_mixin.py:190} INFO - [2024-10-07T21:36:50.434+0000] {dag.py:3239} INFO - Sync 1 DAGs
[2024-10-07T21:36:50.447+0000] {logging_mixin.py:190} INFO - [2024-10-07T21:36:50.447+0000] {dag.py:4180} INFO - Setting next_dagrun for example_sla_dag to 2024-10-07 21:34:00+00:00, run_after=2024-10-07 21:36:00+00:00
[2024-10-07T21:36:50.456+0000] {processor.py:208} INFO - Processing /home/airflow/.local/lib/python3.12/site-packages/airflow/example_dags/example_sla_dag.py took 0.041 seconds
[2024-10-07T21:37:20.836+0000] {processor.py:186} INFO - Started process (PID=1192) to work on /home/airflow/.local/lib/python3.12/site-packages/airflow/example_dags/example_sla_dag.py
[2024-10-07T21:37:20.836+0000] {processor.py:914} INFO - Processing file /home/airflow/.local/lib/python3.12/site-packages/airflow/example_dags/example_sla_dag.py for tasks to queue
[2024-10-07T21:37:20.838+0000] {logging_mixin.py:190} INFO - [2024-10-07T21:37:20.837+0000] {dagbag.py:588} INFO - Filling up the DagBag from /home/airflow/.local/lib/python3.12/site-packages/airflow/example_dags/example_sla_dag.py
[2024-10-07T21:37:20.843+0000] {processor.py:925} INFO - DAG(s) 'example_sla_dag' retrieved from /home/airflow/.local/lib/python3.12/site-packages/airflow/example_dags/example_sla_dag.py
[2024-10-07T21:37:20.853+0000] {logging_mixin.py:190} INFO - [2024-10-07T21:37:20.853+0000] {dag.py:3239} INFO - Sync 1 DAGs
[2024-10-07T21:37:20.866+0000] {logging_mixin.py:190} INFO - [2024-10-07T21:37:20.866+0000] {dag.py:4180} INFO - Setting next_dagrun for example_sla_dag to 2024-10-07 21:34:00+00:00, run_after=2024-10-07 21:36:00+00:00
[2024-10-07T21:37:20.874+0000] {processor.py:208} INFO - Processing /home/airflow/.local/lib/python3.12/site-packages/airflow/example_dags/example_sla_dag.py took 0.042 seconds
[2024-10-07T21:37:51.101+0000] {processor.py:186} INFO - Started process (PID=1254) to work on /home/airflow/.local/lib/python3.12/site-packages/airflow/example_dags/example_sla_dag.py
[2024-10-07T21:37:51.102+0000] {processor.py:914} INFO - Processing file /home/airflow/.local/lib/python3.12/site-packages/airflow/example_dags/example_sla_dag.py for tasks to queue
[2024-10-07T21:37:51.103+0000] {logging_mixin.py:190} INFO - [2024-10-07T21:37:51.103+0000] {dagbag.py:588} INFO - Filling up the DagBag from /home/airflow/.local/lib/python3.12/site-packages/airflow/example_dags/example_sla_dag.py
[2024-10-07T21:37:51.109+0000] {processor.py:925} INFO - DAG(s) 'example_sla_dag' retrieved from /home/airflow/.local/lib/python3.12/site-packages/airflow/example_dags/example_sla_dag.py
[2024-10-07T21:37:51.118+0000] {logging_mixin.py:190} INFO - [2024-10-07T21:37:51.118+0000] {dag.py:3239} INFO - Sync 1 DAGs
[2024-10-07T21:37:51.130+0000] {logging_mixin.py:190} INFO - [2024-10-07T21:37:51.130+0000] {dag.py:4180} INFO - Setting next_dagrun for example_sla_dag to 2024-10-07 21:34:00+00:00, run_after=2024-10-07 21:36:00+00:00
[2024-10-07T21:37:51.138+0000] {processor.py:208} INFO - Processing /home/airflow/.local/lib/python3.12/site-packages/airflow/example_dags/example_sla_dag.py took 0.039 seconds
[2024-10-07T21:38:21.615+0000] {processor.py:186} INFO - Started process (PID=1316) to work on /home/airflow/.local/lib/python3.12/site-packages/airflow/example_dags/example_sla_dag.py
[2024-10-07T21:38:21.616+0000] {processor.py:914} INFO - Processing file /home/airflow/.local/lib/python3.12/site-packages/airflow/example_dags/example_sla_dag.py for tasks to queue
[2024-10-07T21:38:21.617+0000] {logging_mixin.py:190} INFO - [2024-10-07T21:38:21.617+0000] {dagbag.py:588} INFO - Filling up the DagBag from /home/airflow/.local/lib/python3.12/site-packages/airflow/example_dags/example_sla_dag.py
[2024-10-07T21:38:21.623+0000] {processor.py:925} INFO - DAG(s) 'example_sla_dag' retrieved from /home/airflow/.local/lib/python3.12/site-packages/airflow/example_dags/example_sla_dag.py
[2024-10-07T21:38:21.633+0000] {logging_mixin.py:190} INFO - [2024-10-07T21:38:21.632+0000] {dag.py:3239} INFO - Sync 1 DAGs
[2024-10-07T21:38:21.648+0000] {logging_mixin.py:190} INFO - [2024-10-07T21:38:21.648+0000] {dag.py:4180} INFO - Setting next_dagrun for example_sla_dag to 2024-10-07 21:36:00+00:00, run_after=2024-10-07 21:38:00+00:00
[2024-10-07T21:38:21.656+0000] {processor.py:208} INFO - Processing /home/airflow/.local/lib/python3.12/site-packages/airflow/example_dags/example_sla_dag.py took 0.044 seconds
[2024-10-07T21:38:52.054+0000] {processor.py:186} INFO - Started process (PID=1378) to work on /home/airflow/.local/lib/python3.12/site-packages/airflow/example_dags/example_sla_dag.py
[2024-10-07T21:38:52.055+0000] {processor.py:914} INFO - Processing file /home/airflow/.local/lib/python3.12/site-packages/airflow/example_dags/example_sla_dag.py for tasks to queue
[2024-10-07T21:38:52.056+0000] {logging_mixin.py:190} INFO - [2024-10-07T21:38:52.056+0000] {dagbag.py:588} INFO - Filling up the DagBag from /home/airflow/.local/lib/python3.12/site-packages/airflow/example_dags/example_sla_dag.py
[2024-10-07T21:38:52.062+0000] {processor.py:925} INFO - DAG(s) 'example_sla_dag' retrieved from /home/airflow/.local/lib/python3.12/site-packages/airflow/example_dags/example_sla_dag.py
[2024-10-07T21:38:52.073+0000] {logging_mixin.py:190} INFO - [2024-10-07T21:38:52.073+0000] {dag.py:3239} INFO - Sync 1 DAGs
[2024-10-07T21:38:52.085+0000] {logging_mixin.py:190} INFO - [2024-10-07T21:38:52.085+0000] {dag.py:4180} INFO - Setting next_dagrun for example_sla_dag to 2024-10-07 21:36:00+00:00, run_after=2024-10-07 21:38:00+00:00
[2024-10-07T21:38:52.094+0000] {processor.py:208} INFO - Processing /home/airflow/.local/lib/python3.12/site-packages/airflow/example_dags/example_sla_dag.py took 0.043 seconds
[2024-10-07T21:39:22.532+0000] {processor.py:186} INFO - Started process (PID=1440) to work on /home/airflow/.local/lib/python3.12/site-packages/airflow/example_dags/example_sla_dag.py
[2024-10-07T21:39:22.532+0000] {processor.py:914} INFO - Processing file /home/airflow/.local/lib/python3.12/site-packages/airflow/example_dags/example_sla_dag.py for tasks to queue
[2024-10-07T21:39:22.534+0000] {logging_mixin.py:190} INFO - [2024-10-07T21:39:22.533+0000] {dagbag.py:588} INFO - Filling up the DagBag from /home/airflow/.local/lib/python3.12/site-packages/airflow/example_dags/example_sla_dag.py
[2024-10-07T21:39:22.541+0000] {processor.py:925} INFO - DAG(s) 'example_sla_dag' retrieved from /home/airflow/.local/lib/python3.12/site-packages/airflow/example_dags/example_sla_dag.py
[2024-10-07T21:39:22.557+0000] {logging_mixin.py:190} INFO - [2024-10-07T21:39:22.557+0000] {dag.py:3239} INFO - Sync 1 DAGs
[2024-10-07T21:39:22.574+0000] {logging_mixin.py:190} INFO - [2024-10-07T21:39:22.574+0000] {dag.py:4180} INFO - Setting next_dagrun for example_sla_dag to 2024-10-07 21:36:00+00:00, run_after=2024-10-07 21:38:00+00:00
[2024-10-07T21:39:22.585+0000] {processor.py:208} INFO - Processing /home/airflow/.local/lib/python3.12/site-packages/airflow/example_dags/example_sla_dag.py took 0.057 seconds
[2024-10-07T21:39:53.103+0000] {processor.py:186} INFO - Started process (PID=1502) to work on /home/airflow/.local/lib/python3.12/site-packages/airflow/example_dags/example_sla_dag.py
[2024-10-07T21:39:53.104+0000] {processor.py:914} INFO - Processing file /home/airflow/.local/lib/python3.12/site-packages/airflow/example_dags/example_sla_dag.py for tasks to queue
[2024-10-07T21:39:53.105+0000] {logging_mixin.py:190} INFO - [2024-10-07T21:39:53.105+0000] {dagbag.py:588} INFO - Filling up the DagBag from /home/airflow/.local/lib/python3.12/site-packages/airflow/example_dags/example_sla_dag.py
[2024-10-07T21:39:53.111+0000] {processor.py:925} INFO - DAG(s) 'example_sla_dag' retrieved from /home/airflow/.local/lib/python3.12/site-packages/airflow/example_dags/example_sla_dag.py
[2024-10-07T21:39:53.124+0000] {logging_mixin.py:190} INFO - [2024-10-07T21:39:53.124+0000] {dag.py:3239} INFO - Sync 1 DAGs
[2024-10-07T21:39:53.139+0000] {logging_mixin.py:190} INFO - [2024-10-07T21:39:53.139+0000] {dag.py:4180} INFO - Setting next_dagrun for example_sla_dag to 2024-10-07 21:36:00+00:00, run_after=2024-10-07 21:38:00+00:00
[2024-10-07T21:39:53.149+0000] {processor.py:208} INFO - Processing /home/airflow/.local/lib/python3.12/site-packages/airflow/example_dags/example_sla_dag.py took 0.050 seconds
[2024-10-07T21:40:23.956+0000] {processor.py:186} INFO - Started process (PID=1563) to work on /home/airflow/.local/lib/python3.12/site-packages/airflow/example_dags/example_sla_dag.py
[2024-10-07T21:40:23.961+0000] {processor.py:914} INFO - Processing file /home/airflow/.local/lib/python3.12/site-packages/airflow/example_dags/example_sla_dag.py for tasks to queue
[2024-10-07T21:40:23.963+0000] {logging_mixin.py:190} INFO - [2024-10-07T21:40:23.963+0000] {dagbag.py:588} INFO - Filling up the DagBag from /home/airflow/.local/lib/python3.12/site-packages/airflow/example_dags/example_sla_dag.py
[2024-10-07T21:40:23.970+0000] {processor.py:925} INFO - DAG(s) 'example_sla_dag' retrieved from /home/airflow/.local/lib/python3.12/site-packages/airflow/example_dags/example_sla_dag.py
[2024-10-07T21:40:23.984+0000] {logging_mixin.py:190} INFO - [2024-10-07T21:40:23.984+0000] {dag.py:3239} INFO - Sync 1 DAGs
[2024-10-07T21:40:24.004+0000] {logging_mixin.py:190} INFO - [2024-10-07T21:40:24.003+0000] {dag.py:4180} INFO - Setting next_dagrun for example_sla_dag to 2024-10-07 21:38:00+00:00, run_after=2024-10-07 21:40:00+00:00
[2024-10-07T21:40:24.019+0000] {processor.py:208} INFO - Processing /home/airflow/.local/lib/python3.12/site-packages/airflow/example_dags/example_sla_dag.py took 0.068 seconds
[2024-10-07T21:40:54.799+0000] {processor.py:186} INFO - Started process (PID=1625) to work on /home/airflow/.local/lib/python3.12/site-packages/airflow/example_dags/example_sla_dag.py
[2024-10-07T21:40:54.801+0000] {processor.py:914} INFO - Processing file /home/airflow/.local/lib/python3.12/site-packages/airflow/example_dags/example_sla_dag.py for tasks to queue
[2024-10-07T21:40:54.802+0000] {logging_mixin.py:190} INFO - [2024-10-07T21:40:54.802+0000] {dagbag.py:588} INFO - Filling up the DagBag from /home/airflow/.local/lib/python3.12/site-packages/airflow/example_dags/example_sla_dag.py
[2024-10-07T21:40:54.810+0000] {processor.py:925} INFO - DAG(s) 'example_sla_dag' retrieved from /home/airflow/.local/lib/python3.12/site-packages/airflow/example_dags/example_sla_dag.py
[2024-10-07T21:40:54.827+0000] {logging_mixin.py:190} INFO - [2024-10-07T21:40:54.827+0000] {dag.py:3239} INFO - Sync 1 DAGs
[2024-10-07T21:40:54.852+0000] {logging_mixin.py:190} INFO - [2024-10-07T21:40:54.852+0000] {dag.py:4180} INFO - Setting next_dagrun for example_sla_dag to 2024-10-07 21:38:00+00:00, run_after=2024-10-07 21:40:00+00:00
[2024-10-07T21:40:54.864+0000] {processor.py:208} INFO - Processing /home/airflow/.local/lib/python3.12/site-packages/airflow/example_dags/example_sla_dag.py took 0.070 seconds
[2024-10-07T21:41:25.224+0000] {processor.py:186} INFO - Started process (PID=1687) to work on /home/airflow/.local/lib/python3.12/site-packages/airflow/example_dags/example_sla_dag.py
[2024-10-07T21:41:25.226+0000] {processor.py:914} INFO - Processing file /home/airflow/.local/lib/python3.12/site-packages/airflow/example_dags/example_sla_dag.py for tasks to queue
[2024-10-07T21:41:25.228+0000] {logging_mixin.py:190} INFO - [2024-10-07T21:41:25.228+0000] {dagbag.py:588} INFO - Filling up the DagBag from /home/airflow/.local/lib/python3.12/site-packages/airflow/example_dags/example_sla_dag.py
[2024-10-07T21:41:25.235+0000] {processor.py:925} INFO - DAG(s) 'example_sla_dag' retrieved from /home/airflow/.local/lib/python3.12/site-packages/airflow/example_dags/example_sla_dag.py
[2024-10-07T21:41:25.247+0000] {logging_mixin.py:190} INFO - [2024-10-07T21:41:25.247+0000] {dag.py:3239} INFO - Sync 1 DAGs
[2024-10-07T21:41:25.261+0000] {logging_mixin.py:190} INFO - [2024-10-07T21:41:25.260+0000] {dag.py:4180} INFO - Setting next_dagrun for example_sla_dag to 2024-10-07 21:38:00+00:00, run_after=2024-10-07 21:40:00+00:00
[2024-10-07T21:41:25.272+0000] {processor.py:208} INFO - Processing /home/airflow/.local/lib/python3.12/site-packages/airflow/example_dags/example_sla_dag.py took 0.052 seconds
[2024-10-07T21:41:55.970+0000] {processor.py:186} INFO - Started process (PID=1749) to work on /home/airflow/.local/lib/python3.12/site-packages/airflow/example_dags/example_sla_dag.py
[2024-10-07T21:41:55.971+0000] {processor.py:914} INFO - Processing file /home/airflow/.local/lib/python3.12/site-packages/airflow/example_dags/example_sla_dag.py for tasks to queue
[2024-10-07T21:41:55.972+0000] {logging_mixin.py:190} INFO - [2024-10-07T21:41:55.972+0000] {dagbag.py:588} INFO - Filling up the DagBag from /home/airflow/.local/lib/python3.12/site-packages/airflow/example_dags/example_sla_dag.py
[2024-10-07T21:41:55.978+0000] {processor.py:925} INFO - DAG(s) 'example_sla_dag' retrieved from /home/airflow/.local/lib/python3.12/site-packages/airflow/example_dags/example_sla_dag.py
[2024-10-07T21:41:55.995+0000] {logging_mixin.py:190} INFO - [2024-10-07T21:41:55.995+0000] {dag.py:3239} INFO - Sync 1 DAGs
[2024-10-07T21:41:56.010+0000] {logging_mixin.py:190} INFO - [2024-10-07T21:41:56.010+0000] {dag.py:4180} INFO - Setting next_dagrun for example_sla_dag to 2024-10-07 21:38:00+00:00, run_after=2024-10-07 21:40:00+00:00
[2024-10-07T21:41:56.021+0000] {processor.py:208} INFO - Processing /home/airflow/.local/lib/python3.12/site-packages/airflow/example_dags/example_sla_dag.py took 0.054 seconds
[2024-10-07T21:42:26.710+0000] {processor.py:186} INFO - Started process (PID=1811) to work on /home/airflow/.local/lib/python3.12/site-packages/airflow/example_dags/example_sla_dag.py
[2024-10-07T21:42:26.713+0000] {processor.py:914} INFO - Processing file /home/airflow/.local/lib/python3.12/site-packages/airflow/example_dags/example_sla_dag.py for tasks to queue
[2024-10-07T21:42:26.716+0000] {logging_mixin.py:190} INFO - [2024-10-07T21:42:26.716+0000] {dagbag.py:588} INFO - Filling up the DagBag from /home/airflow/.local/lib/python3.12/site-packages/airflow/example_dags/example_sla_dag.py
[2024-10-07T21:42:26.723+0000] {processor.py:925} INFO - DAG(s) 'example_sla_dag' retrieved from /home/airflow/.local/lib/python3.12/site-packages/airflow/example_dags/example_sla_dag.py
[2024-10-07T21:42:26.736+0000] {logging_mixin.py:190} INFO - [2024-10-07T21:42:26.736+0000] {dag.py:3239} INFO - Sync 1 DAGs
[2024-10-07T21:42:26.751+0000] {logging_mixin.py:190} INFO - [2024-10-07T21:42:26.751+0000] {dag.py:4180} INFO - Setting next_dagrun for example_sla_dag to 2024-10-07 21:40:00+00:00, run_after=2024-10-07 21:42:00+00:00
[2024-10-07T21:42:26.762+0000] {processor.py:208} INFO - Processing /home/airflow/.local/lib/python3.12/site-packages/airflow/example_dags/example_sla_dag.py took 0.055 seconds
[2024-10-07T21:42:57.510+0000] {processor.py:186} INFO - Started process (PID=1873) to work on /home/airflow/.local/lib/python3.12/site-packages/airflow/example_dags/example_sla_dag.py
[2024-10-07T21:42:57.514+0000] {processor.py:914} INFO - Processing file /home/airflow/.local/lib/python3.12/site-packages/airflow/example_dags/example_sla_dag.py for tasks to queue
[2024-10-07T21:42:57.516+0000] {logging_mixin.py:190} INFO - [2024-10-07T21:42:57.516+0000] {dagbag.py:588} INFO - Filling up the DagBag from /home/airflow/.local/lib/python3.12/site-packages/airflow/example_dags/example_sla_dag.py
[2024-10-07T21:42:57.526+0000] {processor.py:925} INFO - DAG(s) 'example_sla_dag' retrieved from /home/airflow/.local/lib/python3.12/site-packages/airflow/example_dags/example_sla_dag.py
[2024-10-07T21:42:57.542+0000] {logging_mixin.py:190} INFO - [2024-10-07T21:42:57.542+0000] {dag.py:3239} INFO - Sync 1 DAGs
[2024-10-07T21:42:57.559+0000] {logging_mixin.py:190} INFO - [2024-10-07T21:42:57.559+0000] {dag.py:4180} INFO - Setting next_dagrun for example_sla_dag to 2024-10-07 21:40:00+00:00, run_after=2024-10-07 21:42:00+00:00
[2024-10-07T21:42:57.574+0000] {processor.py:208} INFO - Processing /home/airflow/.local/lib/python3.12/site-packages/airflow/example_dags/example_sla_dag.py took 0.068 seconds
[2024-10-07T21:43:27.673+0000] {processor.py:186} INFO - Started process (PID=1935) to work on /home/airflow/.local/lib/python3.12/site-packages/airflow/example_dags/example_sla_dag.py
[2024-10-07T21:43:27.674+0000] {processor.py:914} INFO - Processing file /home/airflow/.local/lib/python3.12/site-packages/airflow/example_dags/example_sla_dag.py for tasks to queue
[2024-10-07T21:43:27.675+0000] {logging_mixin.py:190} INFO - [2024-10-07T21:43:27.675+0000] {dagbag.py:588} INFO - Filling up the DagBag from /home/airflow/.local/lib/python3.12/site-packages/airflow/example_dags/example_sla_dag.py
[2024-10-07T21:43:27.682+0000] {processor.py:925} INFO - DAG(s) 'example_sla_dag' retrieved from /home/airflow/.local/lib/python3.12/site-packages/airflow/example_dags/example_sla_dag.py
[2024-10-07T21:43:27.695+0000] {logging_mixin.py:190} INFO - [2024-10-07T21:43:27.694+0000] {dag.py:3239} INFO - Sync 1 DAGs
[2024-10-07T21:43:27.707+0000] {logging_mixin.py:190} INFO - [2024-10-07T21:43:27.707+0000] {dag.py:4180} INFO - Setting next_dagrun for example_sla_dag to 2024-10-07 21:40:00+00:00, run_after=2024-10-07 21:42:00+00:00
[2024-10-07T21:43:27.715+0000] {processor.py:208} INFO - Processing /home/airflow/.local/lib/python3.12/site-packages/airflow/example_dags/example_sla_dag.py took 0.046 seconds
[2024-10-07T21:43:58.680+0000] {processor.py:186} INFO - Started process (PID=1997) to work on /home/airflow/.local/lib/python3.12/site-packages/airflow/example_dags/example_sla_dag.py
[2024-10-07T21:43:58.680+0000] {processor.py:914} INFO - Processing file /home/airflow/.local/lib/python3.12/site-packages/airflow/example_dags/example_sla_dag.py for tasks to queue
[2024-10-07T21:43:58.683+0000] {logging_mixin.py:190} INFO - [2024-10-07T21:43:58.683+0000] {dagbag.py:588} INFO - Filling up the DagBag from /home/airflow/.local/lib/python3.12/site-packages/airflow/example_dags/example_sla_dag.py
[2024-10-07T21:43:58.689+0000] {processor.py:925} INFO - DAG(s) 'example_sla_dag' retrieved from /home/airflow/.local/lib/python3.12/site-packages/airflow/example_dags/example_sla_dag.py
[2024-10-07T21:43:58.700+0000] {logging_mixin.py:190} INFO - [2024-10-07T21:43:58.700+0000] {dag.py:3239} INFO - Sync 1 DAGs
[2024-10-07T21:43:58.713+0000] {logging_mixin.py:190} INFO - [2024-10-07T21:43:58.713+0000] {dag.py:4180} INFO - Setting next_dagrun for example_sla_dag to 2024-10-07 21:40:00+00:00, run_after=2024-10-07 21:42:00+00:00
[2024-10-07T21:43:58.722+0000] {processor.py:208} INFO - Processing /home/airflow/.local/lib/python3.12/site-packages/airflow/example_dags/example_sla_dag.py took 0.046 seconds
[2024-10-07T21:44:29.900+0000] {processor.py:186} INFO - Started process (PID=2059) to work on /home/airflow/.local/lib/python3.12/site-packages/airflow/example_dags/example_sla_dag.py
[2024-10-07T21:44:29.902+0000] {processor.py:914} INFO - Processing file /home/airflow/.local/lib/python3.12/site-packages/airflow/example_dags/example_sla_dag.py for tasks to queue
[2024-10-07T21:44:29.904+0000] {logging_mixin.py:190} INFO - [2024-10-07T21:44:29.904+0000] {dagbag.py:588} INFO - Filling up the DagBag from /home/airflow/.local/lib/python3.12/site-packages/airflow/example_dags/example_sla_dag.py
[2024-10-07T21:44:29.909+0000] {processor.py:925} INFO - DAG(s) 'example_sla_dag' retrieved from /home/airflow/.local/lib/python3.12/site-packages/airflow/example_dags/example_sla_dag.py
[2024-10-07T21:44:29.924+0000] {logging_mixin.py:190} INFO - [2024-10-07T21:44:29.924+0000] {dag.py:3239} INFO - Sync 1 DAGs
[2024-10-07T21:44:29.941+0000] {logging_mixin.py:190} INFO - [2024-10-07T21:44:29.941+0000] {dag.py:4180} INFO - Setting next_dagrun for example_sla_dag to 2024-10-07 21:42:00+00:00, run_after=2024-10-07 21:44:00+00:00
[2024-10-07T21:44:29.950+0000] {processor.py:208} INFO - Processing /home/airflow/.local/lib/python3.12/site-packages/airflow/example_dags/example_sla_dag.py took 0.054 seconds
[2024-10-07T21:45:00.768+0000] {processor.py:186} INFO - Started process (PID=2121) to work on /home/airflow/.local/lib/python3.12/site-packages/airflow/example_dags/example_sla_dag.py
[2024-10-07T21:45:00.770+0000] {processor.py:914} INFO - Processing file /home/airflow/.local/lib/python3.12/site-packages/airflow/example_dags/example_sla_dag.py for tasks to queue
[2024-10-07T21:45:00.771+0000] {logging_mixin.py:190} INFO - [2024-10-07T21:45:00.771+0000] {dagbag.py:588} INFO - Filling up the DagBag from /home/airflow/.local/lib/python3.12/site-packages/airflow/example_dags/example_sla_dag.py
[2024-10-07T21:45:00.778+0000] {processor.py:925} INFO - DAG(s) 'example_sla_dag' retrieved from /home/airflow/.local/lib/python3.12/site-packages/airflow/example_dags/example_sla_dag.py
[2024-10-07T21:45:00.790+0000] {logging_mixin.py:190} INFO - [2024-10-07T21:45:00.790+0000] {dag.py:3239} INFO - Sync 1 DAGs
[2024-10-07T21:45:00.804+0000] {logging_mixin.py:190} INFO - [2024-10-07T21:45:00.804+0000] {dag.py:4180} INFO - Setting next_dagrun for example_sla_dag to 2024-10-07 21:42:00+00:00, run_after=2024-10-07 21:44:00+00:00
[2024-10-07T21:45:00.816+0000] {processor.py:208} INFO - Processing /home/airflow/.local/lib/python3.12/site-packages/airflow/example_dags/example_sla_dag.py took 0.053 seconds
[2024-10-07T21:45:31.817+0000] {processor.py:186} INFO - Started process (PID=2183) to work on /home/airflow/.local/lib/python3.12/site-packages/airflow/example_dags/example_sla_dag.py
[2024-10-07T21:45:31.818+0000] {processor.py:914} INFO - Processing file /home/airflow/.local/lib/python3.12/site-packages/airflow/example_dags/example_sla_dag.py for tasks to queue
[2024-10-07T21:45:31.819+0000] {logging_mixin.py:190} INFO - [2024-10-07T21:45:31.819+0000] {dagbag.py:588} INFO - Filling up the DagBag from /home/airflow/.local/lib/python3.12/site-packages/airflow/example_dags/example_sla_dag.py
[2024-10-07T21:45:31.828+0000] {processor.py:925} INFO - DAG(s) 'example_sla_dag' retrieved from /home/airflow/.local/lib/python3.12/site-packages/airflow/example_dags/example_sla_dag.py
[2024-10-07T21:45:31.840+0000] {logging_mixin.py:190} INFO - [2024-10-07T21:45:31.840+0000] {dag.py:3239} INFO - Sync 1 DAGs
[2024-10-07T21:45:31.853+0000] {logging_mixin.py:190} INFO - [2024-10-07T21:45:31.853+0000] {dag.py:4180} INFO - Setting next_dagrun for example_sla_dag to 2024-10-07 21:42:00+00:00, run_after=2024-10-07 21:44:00+00:00
[2024-10-07T21:45:31.862+0000] {processor.py:208} INFO - Processing /home/airflow/.local/lib/python3.12/site-packages/airflow/example_dags/example_sla_dag.py took 0.047 seconds
[2024-10-07T21:46:03.095+0000] {processor.py:186} INFO - Started process (PID=2245) to work on /home/airflow/.local/lib/python3.12/site-packages/airflow/example_dags/example_sla_dag.py
[2024-10-07T21:46:03.096+0000] {processor.py:914} INFO - Processing file /home/airflow/.local/lib/python3.12/site-packages/airflow/example_dags/example_sla_dag.py for tasks to queue
[2024-10-07T21:46:03.097+0000] {logging_mixin.py:190} INFO - [2024-10-07T21:46:03.097+0000] {dagbag.py:588} INFO - Filling up the DagBag from /home/airflow/.local/lib/python3.12/site-packages/airflow/example_dags/example_sla_dag.py
[2024-10-07T21:46:03.103+0000] {processor.py:925} INFO - DAG(s) 'example_sla_dag' retrieved from /home/airflow/.local/lib/python3.12/site-packages/airflow/example_dags/example_sla_dag.py
[2024-10-07T21:46:03.112+0000] {logging_mixin.py:190} INFO - [2024-10-07T21:46:03.112+0000] {dag.py:3239} INFO - Sync 1 DAGs
[2024-10-07T21:46:03.124+0000] {logging_mixin.py:190} INFO - [2024-10-07T21:46:03.124+0000] {dag.py:4180} INFO - Setting next_dagrun for example_sla_dag to 2024-10-07 21:44:00+00:00, run_after=2024-10-07 21:46:00+00:00
[2024-10-07T21:46:03.134+0000] {processor.py:208} INFO - Processing /home/airflow/.local/lib/python3.12/site-packages/airflow/example_dags/example_sla_dag.py took 0.042 seconds
[2024-10-07T21:46:33.996+0000] {processor.py:186} INFO - Started process (PID=2307) to work on /home/airflow/.local/lib/python3.12/site-packages/airflow/example_dags/example_sla_dag.py
[2024-10-07T21:46:33.997+0000] {processor.py:914} INFO - Processing file /home/airflow/.local/lib/python3.12/site-packages/airflow/example_dags/example_sla_dag.py for tasks to queue
[2024-10-07T21:46:34.001+0000] {logging_mixin.py:190} INFO - [2024-10-07T21:46:34.000+0000] {dagbag.py:588} INFO - Filling up the DagBag from /home/airflow/.local/lib/python3.12/site-packages/airflow/example_dags/example_sla_dag.py
[2024-10-07T21:46:34.008+0000] {processor.py:925} INFO - DAG(s) 'example_sla_dag' retrieved from /home/airflow/.local/lib/python3.12/site-packages/airflow/example_dags/example_sla_dag.py
[2024-10-07T21:46:34.020+0000] {logging_mixin.py:190} INFO - [2024-10-07T21:46:34.020+0000] {dag.py:3239} INFO - Sync 1 DAGs
[2024-10-07T21:46:34.037+0000] {logging_mixin.py:190} INFO - [2024-10-07T21:46:34.037+0000] {dag.py:4180} INFO - Setting next_dagrun for example_sla_dag to 2024-10-07 21:44:00+00:00, run_after=2024-10-07 21:46:00+00:00
[2024-10-07T21:46:34.054+0000] {processor.py:208} INFO - Processing /home/airflow/.local/lib/python3.12/site-packages/airflow/example_dags/example_sla_dag.py took 0.062 seconds
[2024-10-07T21:47:04.687+0000] {processor.py:186} INFO - Started process (PID=2369) to work on /home/airflow/.local/lib/python3.12/site-packages/airflow/example_dags/example_sla_dag.py
[2024-10-07T21:47:04.689+0000] {processor.py:914} INFO - Processing file /home/airflow/.local/lib/python3.12/site-packages/airflow/example_dags/example_sla_dag.py for tasks to queue
[2024-10-07T21:47:04.690+0000] {logging_mixin.py:190} INFO - [2024-10-07T21:47:04.690+0000] {dagbag.py:588} INFO - Filling up the DagBag from /home/airflow/.local/lib/python3.12/site-packages/airflow/example_dags/example_sla_dag.py
[2024-10-07T21:47:04.695+0000] {processor.py:925} INFO - DAG(s) 'example_sla_dag' retrieved from /home/airflow/.local/lib/python3.12/site-packages/airflow/example_dags/example_sla_dag.py
[2024-10-07T21:47:04.705+0000] {logging_mixin.py:190} INFO - [2024-10-07T21:47:04.705+0000] {dag.py:3239} INFO - Sync 1 DAGs
[2024-10-07T21:47:04.718+0000] {logging_mixin.py:190} INFO - [2024-10-07T21:47:04.718+0000] {dag.py:4180} INFO - Setting next_dagrun for example_sla_dag to 2024-10-07 21:44:00+00:00, run_after=2024-10-07 21:46:00+00:00
[2024-10-07T21:47:04.726+0000] {processor.py:208} INFO - Processing /home/airflow/.local/lib/python3.12/site-packages/airflow/example_dags/example_sla_dag.py took 0.042 seconds
[2024-10-07T21:47:36.170+0000] {processor.py:186} INFO - Started process (PID=2431) to work on /home/airflow/.local/lib/python3.12/site-packages/airflow/example_dags/example_sla_dag.py
[2024-10-07T21:47:36.171+0000] {processor.py:914} INFO - Processing file /home/airflow/.local/lib/python3.12/site-packages/airflow/example_dags/example_sla_dag.py for tasks to queue
[2024-10-07T21:47:36.172+0000] {logging_mixin.py:190} INFO - [2024-10-07T21:47:36.172+0000] {dagbag.py:588} INFO - Filling up the DagBag from /home/airflow/.local/lib/python3.12/site-packages/airflow/example_dags/example_sla_dag.py
[2024-10-07T21:47:36.178+0000] {processor.py:925} INFO - DAG(s) 'example_sla_dag' retrieved from /home/airflow/.local/lib/python3.12/site-packages/airflow/example_dags/example_sla_dag.py
[2024-10-07T21:47:36.193+0000] {logging_mixin.py:190} INFO - [2024-10-07T21:47:36.192+0000] {dag.py:3239} INFO - Sync 1 DAGs
[2024-10-07T21:47:36.206+0000] {logging_mixin.py:190} INFO - [2024-10-07T21:47:36.206+0000] {dag.py:4180} INFO - Setting next_dagrun for example_sla_dag to 2024-10-07 21:44:00+00:00, run_after=2024-10-07 21:46:00+00:00
[2024-10-07T21:47:36.216+0000] {processor.py:208} INFO - Processing /home/airflow/.local/lib/python3.12/site-packages/airflow/example_dags/example_sla_dag.py took 0.049 seconds
[2024-10-07T21:48:07.446+0000] {processor.py:186} INFO - Started process (PID=2493) to work on /home/airflow/.local/lib/python3.12/site-packages/airflow/example_dags/example_sla_dag.py
[2024-10-07T21:48:07.450+0000] {processor.py:914} INFO - Processing file /home/airflow/.local/lib/python3.12/site-packages/airflow/example_dags/example_sla_dag.py for tasks to queue
[2024-10-07T21:48:07.451+0000] {logging_mixin.py:190} INFO - [2024-10-07T21:48:07.451+0000] {dagbag.py:588} INFO - Filling up the DagBag from /home/airflow/.local/lib/python3.12/site-packages/airflow/example_dags/example_sla_dag.py
[2024-10-07T21:48:07.457+0000] {processor.py:925} INFO - DAG(s) 'example_sla_dag' retrieved from /home/airflow/.local/lib/python3.12/site-packages/airflow/example_dags/example_sla_dag.py
[2024-10-07T21:48:07.468+0000] {logging_mixin.py:190} INFO - [2024-10-07T21:48:07.468+0000] {dag.py:3239} INFO - Sync 1 DAGs
[2024-10-07T21:48:07.482+0000] {logging_mixin.py:190} INFO - [2024-10-07T21:48:07.482+0000] {dag.py:4180} INFO - Setting next_dagrun for example_sla_dag to 2024-10-07 21:46:00+00:00, run_after=2024-10-07 21:48:00+00:00
[2024-10-07T21:48:07.493+0000] {processor.py:208} INFO - Processing /home/airflow/.local/lib/python3.12/site-packages/airflow/example_dags/example_sla_dag.py took 0.050 seconds
[2024-10-07T21:48:38.553+0000] {processor.py:186} INFO - Started process (PID=2555) to work on /home/airflow/.local/lib/python3.12/site-packages/airflow/example_dags/example_sla_dag.py
[2024-10-07T21:48:38.554+0000] {processor.py:914} INFO - Processing file /home/airflow/.local/lib/python3.12/site-packages/airflow/example_dags/example_sla_dag.py for tasks to queue
[2024-10-07T21:48:38.556+0000] {logging_mixin.py:190} INFO - [2024-10-07T21:48:38.556+0000] {dagbag.py:588} INFO - Filling up the DagBag from /home/airflow/.local/lib/python3.12/site-packages/airflow/example_dags/example_sla_dag.py
[2024-10-07T21:48:38.562+0000] {processor.py:925} INFO - DAG(s) 'example_sla_dag' retrieved from /home/airflow/.local/lib/python3.12/site-packages/airflow/example_dags/example_sla_dag.py
[2024-10-07T21:48:38.572+0000] {logging_mixin.py:190} INFO - [2024-10-07T21:48:38.571+0000] {dag.py:3239} INFO - Sync 1 DAGs
[2024-10-07T21:48:38.583+0000] {logging_mixin.py:190} INFO - [2024-10-07T21:48:38.583+0000] {dag.py:4180} INFO - Setting next_dagrun for example_sla_dag to 2024-10-07 21:46:00+00:00, run_after=2024-10-07 21:48:00+00:00
[2024-10-07T21:48:38.598+0000] {processor.py:208} INFO - Processing /home/airflow/.local/lib/python3.12/site-packages/airflow/example_dags/example_sla_dag.py took 0.048 seconds
[2024-10-07T21:49:09.447+0000] {processor.py:186} INFO - Started process (PID=2617) to work on /home/airflow/.local/lib/python3.12/site-packages/airflow/example_dags/example_sla_dag.py
[2024-10-07T21:49:09.448+0000] {processor.py:914} INFO - Processing file /home/airflow/.local/lib/python3.12/site-packages/airflow/example_dags/example_sla_dag.py for tasks to queue
[2024-10-07T21:49:09.449+0000] {logging_mixin.py:190} INFO - [2024-10-07T21:49:09.449+0000] {dagbag.py:588} INFO - Filling up the DagBag from /home/airflow/.local/lib/python3.12/site-packages/airflow/example_dags/example_sla_dag.py
[2024-10-07T21:49:09.455+0000] {processor.py:925} INFO - DAG(s) 'example_sla_dag' retrieved from /home/airflow/.local/lib/python3.12/site-packages/airflow/example_dags/example_sla_dag.py
[2024-10-07T21:49:09.465+0000] {logging_mixin.py:190} INFO - [2024-10-07T21:49:09.465+0000] {dag.py:3239} INFO - Sync 1 DAGs
[2024-10-07T21:49:09.477+0000] {logging_mixin.py:190} INFO - [2024-10-07T21:49:09.477+0000] {dag.py:4180} INFO - Setting next_dagrun for example_sla_dag to 2024-10-07 21:46:00+00:00, run_after=2024-10-07 21:48:00+00:00
[2024-10-07T21:49:09.488+0000] {processor.py:208} INFO - Processing /home/airflow/.local/lib/python3.12/site-packages/airflow/example_dags/example_sla_dag.py took 0.045 seconds
[2024-10-07T21:49:40.115+0000] {processor.py:186} INFO - Started process (PID=2679) to work on /home/airflow/.local/lib/python3.12/site-packages/airflow/example_dags/example_sla_dag.py
[2024-10-07T21:49:40.117+0000] {processor.py:914} INFO - Processing file /home/airflow/.local/lib/python3.12/site-packages/airflow/example_dags/example_sla_dag.py for tasks to queue
[2024-10-07T21:49:40.118+0000] {logging_mixin.py:190} INFO - [2024-10-07T21:49:40.118+0000] {dagbag.py:588} INFO - Filling up the DagBag from /home/airflow/.local/lib/python3.12/site-packages/airflow/example_dags/example_sla_dag.py
[2024-10-07T21:49:40.124+0000] {processor.py:925} INFO - DAG(s) 'example_sla_dag' retrieved from /home/airflow/.local/lib/python3.12/site-packages/airflow/example_dags/example_sla_dag.py
[2024-10-07T21:49:40.135+0000] {logging_mixin.py:190} INFO - [2024-10-07T21:49:40.135+0000] {dag.py:3239} INFO - Sync 1 DAGs
[2024-10-07T21:49:40.147+0000] {logging_mixin.py:190} INFO - [2024-10-07T21:49:40.147+0000] {dag.py:4180} INFO - Setting next_dagrun for example_sla_dag to 2024-10-07 21:46:00+00:00, run_after=2024-10-07 21:48:00+00:00
[2024-10-07T21:49:40.158+0000] {processor.py:208} INFO - Processing /home/airflow/.local/lib/python3.12/site-packages/airflow/example_dags/example_sla_dag.py took 0.046 seconds
[2024-10-07T21:50:11.282+0000] {processor.py:186} INFO - Started process (PID=2741) to work on /home/airflow/.local/lib/python3.12/site-packages/airflow/example_dags/example_sla_dag.py
[2024-10-07T21:50:11.283+0000] {processor.py:914} INFO - Processing file /home/airflow/.local/lib/python3.12/site-packages/airflow/example_dags/example_sla_dag.py for tasks to queue
[2024-10-07T21:50:11.285+0000] {logging_mixin.py:190} INFO - [2024-10-07T21:50:11.285+0000] {dagbag.py:588} INFO - Filling up the DagBag from /home/airflow/.local/lib/python3.12/site-packages/airflow/example_dags/example_sla_dag.py
[2024-10-07T21:50:11.293+0000] {processor.py:925} INFO - DAG(s) 'example_sla_dag' retrieved from /home/airflow/.local/lib/python3.12/site-packages/airflow/example_dags/example_sla_dag.py
[2024-10-07T21:50:11.309+0000] {logging_mixin.py:190} INFO - [2024-10-07T21:50:11.308+0000] {dag.py:3239} INFO - Sync 1 DAGs
[2024-10-07T21:50:11.326+0000] {logging_mixin.py:190} INFO - [2024-10-07T21:50:11.326+0000] {dag.py:4180} INFO - Setting next_dagrun for example_sla_dag to 2024-10-07 21:48:00+00:00, run_after=2024-10-07 21:50:00+00:00
[2024-10-07T21:50:11.338+0000] {processor.py:208} INFO - Processing /home/airflow/.local/lib/python3.12/site-packages/airflow/example_dags/example_sla_dag.py took 0.059 seconds
[2024-10-07T21:50:43.172+0000] {processor.py:186} INFO - Started process (PID=2803) to work on /home/airflow/.local/lib/python3.12/site-packages/airflow/example_dags/example_sla_dag.py
[2024-10-07T21:50:43.174+0000] {processor.py:914} INFO - Processing file /home/airflow/.local/lib/python3.12/site-packages/airflow/example_dags/example_sla_dag.py for tasks to queue
[2024-10-07T21:50:43.176+0000] {logging_mixin.py:190} INFO - [2024-10-07T21:50:43.176+0000] {dagbag.py:588} INFO - Filling up the DagBag from /home/airflow/.local/lib/python3.12/site-packages/airflow/example_dags/example_sla_dag.py
[2024-10-07T21:50:43.183+0000] {processor.py:925} INFO - DAG(s) 'example_sla_dag' retrieved from /home/airflow/.local/lib/python3.12/site-packages/airflow/example_dags/example_sla_dag.py
[2024-10-07T21:50:43.195+0000] {logging_mixin.py:190} INFO - [2024-10-07T21:50:43.195+0000] {dag.py:3239} INFO - Sync 1 DAGs
[2024-10-07T21:50:43.320+0000] {logging_mixin.py:190} INFO - [2024-10-07T21:50:43.320+0000] {dag.py:4180} INFO - Setting next_dagrun for example_sla_dag to 2024-10-07 21:48:00+00:00, run_after=2024-10-07 21:50:00+00:00
[2024-10-07T21:50:43.328+0000] {processor.py:208} INFO - Processing /home/airflow/.local/lib/python3.12/site-packages/airflow/example_dags/example_sla_dag.py took 0.160 seconds
[2024-10-07T21:51:13.733+0000] {processor.py:186} INFO - Started process (PID=2865) to work on /home/airflow/.local/lib/python3.12/site-packages/airflow/example_dags/example_sla_dag.py
[2024-10-07T21:51:13.736+0000] {processor.py:914} INFO - Processing file /home/airflow/.local/lib/python3.12/site-packages/airflow/example_dags/example_sla_dag.py for tasks to queue
[2024-10-07T21:51:13.738+0000] {logging_mixin.py:190} INFO - [2024-10-07T21:51:13.738+0000] {dagbag.py:588} INFO - Filling up the DagBag from /home/airflow/.local/lib/python3.12/site-packages/airflow/example_dags/example_sla_dag.py
[2024-10-07T21:51:13.746+0000] {processor.py:925} INFO - DAG(s) 'example_sla_dag' retrieved from /home/airflow/.local/lib/python3.12/site-packages/airflow/example_dags/example_sla_dag.py
[2024-10-07T21:51:13.759+0000] {logging_mixin.py:190} INFO - [2024-10-07T21:51:13.759+0000] {dag.py:3239} INFO - Sync 1 DAGs
[2024-10-07T21:51:13.880+0000] {logging_mixin.py:190} INFO - [2024-10-07T21:51:13.880+0000] {dag.py:4180} INFO - Setting next_dagrun for example_sla_dag to 2024-10-07 21:48:00+00:00, run_after=2024-10-07 21:50:00+00:00
[2024-10-07T21:51:13.891+0000] {processor.py:208} INFO - Processing /home/airflow/.local/lib/python3.12/site-packages/airflow/example_dags/example_sla_dag.py took 0.161 seconds
[2024-10-07T21:51:44.439+0000] {processor.py:186} INFO - Started process (PID=2933) to work on /home/airflow/.local/lib/python3.12/site-packages/airflow/example_dags/example_sla_dag.py
[2024-10-07T21:51:44.441+0000] {processor.py:914} INFO - Processing file /home/airflow/.local/lib/python3.12/site-packages/airflow/example_dags/example_sla_dag.py for tasks to queue
[2024-10-07T21:51:44.443+0000] {logging_mixin.py:190} INFO - [2024-10-07T21:51:44.443+0000] {dagbag.py:588} INFO - Filling up the DagBag from /home/airflow/.local/lib/python3.12/site-packages/airflow/example_dags/example_sla_dag.py
[2024-10-07T21:51:44.448+0000] {processor.py:925} INFO - DAG(s) 'example_sla_dag' retrieved from /home/airflow/.local/lib/python3.12/site-packages/airflow/example_dags/example_sla_dag.py
[2024-10-07T21:51:44.460+0000] {logging_mixin.py:190} INFO - [2024-10-07T21:51:44.460+0000] {dag.py:3239} INFO - Sync 1 DAGs
[2024-10-07T21:51:44.472+0000] {logging_mixin.py:190} INFO - [2024-10-07T21:51:44.472+0000] {dag.py:4180} INFO - Setting next_dagrun for example_sla_dag to 2024-10-07 21:48:00+00:00, run_after=2024-10-07 21:50:00+00:00
[2024-10-07T21:51:44.585+0000] {processor.py:208} INFO - Processing /home/airflow/.local/lib/python3.12/site-packages/airflow/example_dags/example_sla_dag.py took 0.150 seconds
[2024-10-07T21:52:14.910+0000] {processor.py:186} INFO - Started process (PID=2995) to work on /home/airflow/.local/lib/python3.12/site-packages/airflow/example_dags/example_sla_dag.py
[2024-10-07T21:52:14.910+0000] {processor.py:914} INFO - Processing file /home/airflow/.local/lib/python3.12/site-packages/airflow/example_dags/example_sla_dag.py for tasks to queue
[2024-10-07T21:52:14.912+0000] {logging_mixin.py:190} INFO - [2024-10-07T21:52:14.912+0000] {dagbag.py:588} INFO - Filling up the DagBag from /home/airflow/.local/lib/python3.12/site-packages/airflow/example_dags/example_sla_dag.py
[2024-10-07T21:52:14.919+0000] {processor.py:925} INFO - DAG(s) 'example_sla_dag' retrieved from /home/airflow/.local/lib/python3.12/site-packages/airflow/example_dags/example_sla_dag.py
[2024-10-07T21:52:14.930+0000] {logging_mixin.py:190} INFO - [2024-10-07T21:52:14.930+0000] {dag.py:3239} INFO - Sync 1 DAGs
[2024-10-07T21:52:14.944+0000] {logging_mixin.py:190} INFO - [2024-10-07T21:52:14.944+0000] {dag.py:4180} INFO - Setting next_dagrun for example_sla_dag to 2024-10-07 21:50:00+00:00, run_after=2024-10-07 21:52:00+00:00
[2024-10-07T21:52:14.956+0000] {processor.py:208} INFO - Processing /home/airflow/.local/lib/python3.12/site-packages/airflow/example_dags/example_sla_dag.py took 0.049 seconds
[2024-10-07T21:52:45.372+0000] {processor.py:186} INFO - Started process (PID=3057) to work on /home/airflow/.local/lib/python3.12/site-packages/airflow/example_dags/example_sla_dag.py
[2024-10-07T21:52:45.374+0000] {processor.py:914} INFO - Processing file /home/airflow/.local/lib/python3.12/site-packages/airflow/example_dags/example_sla_dag.py for tasks to queue
[2024-10-07T21:52:45.376+0000] {logging_mixin.py:190} INFO - [2024-10-07T21:52:45.375+0000] {dagbag.py:588} INFO - Filling up the DagBag from /home/airflow/.local/lib/python3.12/site-packages/airflow/example_dags/example_sla_dag.py
[2024-10-07T21:52:45.382+0000] {processor.py:925} INFO - DAG(s) 'example_sla_dag' retrieved from /home/airflow/.local/lib/python3.12/site-packages/airflow/example_dags/example_sla_dag.py
[2024-10-07T21:52:45.393+0000] {logging_mixin.py:190} INFO - [2024-10-07T21:52:45.393+0000] {dag.py:3239} INFO - Sync 1 DAGs
[2024-10-07T21:52:45.407+0000] {logging_mixin.py:190} INFO - [2024-10-07T21:52:45.407+0000] {dag.py:4180} INFO - Setting next_dagrun for example_sla_dag to 2024-10-07 21:50:00+00:00, run_after=2024-10-07 21:52:00+00:00
[2024-10-07T21:52:45.418+0000] {processor.py:208} INFO - Processing /home/airflow/.local/lib/python3.12/site-packages/airflow/example_dags/example_sla_dag.py took 0.052 seconds
[2024-10-07T21:53:16.037+0000] {processor.py:186} INFO - Started process (PID=3119) to work on /home/airflow/.local/lib/python3.12/site-packages/airflow/example_dags/example_sla_dag.py
[2024-10-07T21:53:16.040+0000] {processor.py:914} INFO - Processing file /home/airflow/.local/lib/python3.12/site-packages/airflow/example_dags/example_sla_dag.py for tasks to queue
[2024-10-07T21:53:16.042+0000] {logging_mixin.py:190} INFO - [2024-10-07T21:53:16.041+0000] {dagbag.py:588} INFO - Filling up the DagBag from /home/airflow/.local/lib/python3.12/site-packages/airflow/example_dags/example_sla_dag.py
[2024-10-07T21:53:16.047+0000] {processor.py:925} INFO - DAG(s) 'example_sla_dag' retrieved from /home/airflow/.local/lib/python3.12/site-packages/airflow/example_dags/example_sla_dag.py
[2024-10-07T21:53:16.057+0000] {logging_mixin.py:190} INFO - [2024-10-07T21:53:16.057+0000] {dag.py:3239} INFO - Sync 1 DAGs
[2024-10-07T21:53:16.074+0000] {logging_mixin.py:190} INFO - [2024-10-07T21:53:16.073+0000] {dag.py:4180} INFO - Setting next_dagrun for example_sla_dag to 2024-10-07 21:50:00+00:00, run_after=2024-10-07 21:52:00+00:00
[2024-10-07T21:53:16.088+0000] {processor.py:208} INFO - Processing /home/airflow/.local/lib/python3.12/site-packages/airflow/example_dags/example_sla_dag.py took 0.054 seconds
[2024-10-07T21:53:46.465+0000] {processor.py:186} INFO - Started process (PID=3181) to work on /home/airflow/.local/lib/python3.12/site-packages/airflow/example_dags/example_sla_dag.py
[2024-10-07T21:53:46.466+0000] {processor.py:914} INFO - Processing file /home/airflow/.local/lib/python3.12/site-packages/airflow/example_dags/example_sla_dag.py for tasks to queue
[2024-10-07T21:53:46.468+0000] {logging_mixin.py:190} INFO - [2024-10-07T21:53:46.468+0000] {dagbag.py:588} INFO - Filling up the DagBag from /home/airflow/.local/lib/python3.12/site-packages/airflow/example_dags/example_sla_dag.py
[2024-10-07T21:53:46.476+0000] {processor.py:925} INFO - DAG(s) 'example_sla_dag' retrieved from /home/airflow/.local/lib/python3.12/site-packages/airflow/example_dags/example_sla_dag.py
[2024-10-07T21:53:46.491+0000] {logging_mixin.py:190} INFO - [2024-10-07T21:53:46.490+0000] {dag.py:3239} INFO - Sync 1 DAGs
[2024-10-07T21:53:46.510+0000] {logging_mixin.py:190} INFO - [2024-10-07T21:53:46.510+0000] {dag.py:4180} INFO - Setting next_dagrun for example_sla_dag to 2024-10-07 21:50:00+00:00, run_after=2024-10-07 21:52:00+00:00
[2024-10-07T21:53:46.524+0000] {processor.py:208} INFO - Processing /home/airflow/.local/lib/python3.12/site-packages/airflow/example_dags/example_sla_dag.py took 0.062 seconds
[2024-10-07T21:54:16.953+0000] {processor.py:186} INFO - Started process (PID=3243) to work on /home/airflow/.local/lib/python3.12/site-packages/airflow/example_dags/example_sla_dag.py
[2024-10-07T21:54:16.953+0000] {processor.py:914} INFO - Processing file /home/airflow/.local/lib/python3.12/site-packages/airflow/example_dags/example_sla_dag.py for tasks to queue
[2024-10-07T21:54:16.955+0000] {logging_mixin.py:190} INFO - [2024-10-07T21:54:16.954+0000] {dagbag.py:588} INFO - Filling up the DagBag from /home/airflow/.local/lib/python3.12/site-packages/airflow/example_dags/example_sla_dag.py
[2024-10-07T21:54:16.960+0000] {processor.py:925} INFO - DAG(s) 'example_sla_dag' retrieved from /home/airflow/.local/lib/python3.12/site-packages/airflow/example_dags/example_sla_dag.py
[2024-10-07T21:54:16.973+0000] {logging_mixin.py:190} INFO - [2024-10-07T21:54:16.973+0000] {dag.py:3239} INFO - Sync 1 DAGs
[2024-10-07T21:54:16.990+0000] {logging_mixin.py:190} INFO - [2024-10-07T21:54:16.990+0000] {dag.py:4180} INFO - Setting next_dagrun for example_sla_dag to 2024-10-07 21:52:00+00:00, run_after=2024-10-07 21:54:00+00:00
[2024-10-07T21:54:16.999+0000] {processor.py:208} INFO - Processing /home/airflow/.local/lib/python3.12/site-packages/airflow/example_dags/example_sla_dag.py took 0.050 seconds
[2024-10-07T21:54:47.355+0000] {processor.py:186} INFO - Started process (PID=3305) to work on /home/airflow/.local/lib/python3.12/site-packages/airflow/example_dags/example_sla_dag.py
[2024-10-07T21:54:47.356+0000] {processor.py:914} INFO - Processing file /home/airflow/.local/lib/python3.12/site-packages/airflow/example_dags/example_sla_dag.py for tasks to queue
[2024-10-07T21:54:47.358+0000] {logging_mixin.py:190} INFO - [2024-10-07T21:54:47.357+0000] {dagbag.py:588} INFO - Filling up the DagBag from /home/airflow/.local/lib/python3.12/site-packages/airflow/example_dags/example_sla_dag.py
[2024-10-07T21:54:47.363+0000] {processor.py:925} INFO - DAG(s) 'example_sla_dag' retrieved from /home/airflow/.local/lib/python3.12/site-packages/airflow/example_dags/example_sla_dag.py
[2024-10-07T21:54:47.373+0000] {logging_mixin.py:190} INFO - [2024-10-07T21:54:47.373+0000] {dag.py:3239} INFO - Sync 1 DAGs
[2024-10-07T21:54:47.386+0000] {logging_mixin.py:190} INFO - [2024-10-07T21:54:47.386+0000] {dag.py:4180} INFO - Setting next_dagrun for example_sla_dag to 2024-10-07 21:52:00+00:00, run_after=2024-10-07 21:54:00+00:00
[2024-10-07T21:54:47.395+0000] {processor.py:208} INFO - Processing /home/airflow/.local/lib/python3.12/site-packages/airflow/example_dags/example_sla_dag.py took 0.043 seconds
[2024-10-07T21:55:17.657+0000] {processor.py:186} INFO - Started process (PID=3367) to work on /home/airflow/.local/lib/python3.12/site-packages/airflow/example_dags/example_sla_dag.py
[2024-10-07T21:55:17.658+0000] {processor.py:914} INFO - Processing file /home/airflow/.local/lib/python3.12/site-packages/airflow/example_dags/example_sla_dag.py for tasks to queue
[2024-10-07T21:55:17.659+0000] {logging_mixin.py:190} INFO - [2024-10-07T21:55:17.659+0000] {dagbag.py:588} INFO - Filling up the DagBag from /home/airflow/.local/lib/python3.12/site-packages/airflow/example_dags/example_sla_dag.py
[2024-10-07T21:55:17.665+0000] {processor.py:925} INFO - DAG(s) 'example_sla_dag' retrieved from /home/airflow/.local/lib/python3.12/site-packages/airflow/example_dags/example_sla_dag.py
[2024-10-07T21:55:17.675+0000] {logging_mixin.py:190} INFO - [2024-10-07T21:55:17.675+0000] {dag.py:3239} INFO - Sync 1 DAGs
[2024-10-07T21:55:17.687+0000] {logging_mixin.py:190} INFO - [2024-10-07T21:55:17.687+0000] {dag.py:4180} INFO - Setting next_dagrun for example_sla_dag to 2024-10-07 21:52:00+00:00, run_after=2024-10-07 21:54:00+00:00
[2024-10-07T21:55:17.696+0000] {processor.py:208} INFO - Processing /home/airflow/.local/lib/python3.12/site-packages/airflow/example_dags/example_sla_dag.py took 0.043 seconds
[2024-10-07T21:55:48.275+0000] {processor.py:186} INFO - Started process (PID=3429) to work on /home/airflow/.local/lib/python3.12/site-packages/airflow/example_dags/example_sla_dag.py
[2024-10-07T21:55:48.276+0000] {processor.py:914} INFO - Processing file /home/airflow/.local/lib/python3.12/site-packages/airflow/example_dags/example_sla_dag.py for tasks to queue
[2024-10-07T21:55:48.278+0000] {logging_mixin.py:190} INFO - [2024-10-07T21:55:48.277+0000] {dagbag.py:588} INFO - Filling up the DagBag from /home/airflow/.local/lib/python3.12/site-packages/airflow/example_dags/example_sla_dag.py
[2024-10-07T21:55:48.284+0000] {processor.py:925} INFO - DAG(s) 'example_sla_dag' retrieved from /home/airflow/.local/lib/python3.12/site-packages/airflow/example_dags/example_sla_dag.py
[2024-10-07T21:55:48.297+0000] {logging_mixin.py:190} INFO - [2024-10-07T21:55:48.296+0000] {dag.py:3239} INFO - Sync 1 DAGs
[2024-10-07T21:55:48.309+0000] {logging_mixin.py:190} INFO - [2024-10-07T21:55:48.309+0000] {dag.py:4180} INFO - Setting next_dagrun for example_sla_dag to 2024-10-07 21:52:00+00:00, run_after=2024-10-07 21:54:00+00:00
[2024-10-07T21:55:48.317+0000] {processor.py:208} INFO - Processing /home/airflow/.local/lib/python3.12/site-packages/airflow/example_dags/example_sla_dag.py took 0.046 seconds
[2024-10-07T21:56:18.729+0000] {processor.py:186} INFO - Started process (PID=3491) to work on /home/airflow/.local/lib/python3.12/site-packages/airflow/example_dags/example_sla_dag.py
[2024-10-07T21:56:18.731+0000] {processor.py:914} INFO - Processing file /home/airflow/.local/lib/python3.12/site-packages/airflow/example_dags/example_sla_dag.py for tasks to queue
[2024-10-07T21:56:18.733+0000] {logging_mixin.py:190} INFO - [2024-10-07T21:56:18.732+0000] {dagbag.py:588} INFO - Filling up the DagBag from /home/airflow/.local/lib/python3.12/site-packages/airflow/example_dags/example_sla_dag.py
[2024-10-07T21:56:18.738+0000] {processor.py:925} INFO - DAG(s) 'example_sla_dag' retrieved from /home/airflow/.local/lib/python3.12/site-packages/airflow/example_dags/example_sla_dag.py
[2024-10-07T21:56:18.750+0000] {logging_mixin.py:190} INFO - [2024-10-07T21:56:18.750+0000] {dag.py:3239} INFO - Sync 1 DAGs
[2024-10-07T21:56:18.765+0000] {logging_mixin.py:190} INFO - [2024-10-07T21:56:18.765+0000] {dag.py:4180} INFO - Setting next_dagrun for example_sla_dag to 2024-10-07 21:54:00+00:00, run_after=2024-10-07 21:56:00+00:00
[2024-10-07T21:56:18.774+0000] {processor.py:208} INFO - Processing /home/airflow/.local/lib/python3.12/site-packages/airflow/example_dags/example_sla_dag.py took 0.049 seconds
[2024-10-07T21:56:49.386+0000] {processor.py:186} INFO - Started process (PID=3553) to work on /home/airflow/.local/lib/python3.12/site-packages/airflow/example_dags/example_sla_dag.py
[2024-10-07T21:56:49.387+0000] {processor.py:914} INFO - Processing file /home/airflow/.local/lib/python3.12/site-packages/airflow/example_dags/example_sla_dag.py for tasks to queue
[2024-10-07T21:56:49.389+0000] {logging_mixin.py:190} INFO - [2024-10-07T21:56:49.389+0000] {dagbag.py:588} INFO - Filling up the DagBag from /home/airflow/.local/lib/python3.12/site-packages/airflow/example_dags/example_sla_dag.py
[2024-10-07T21:56:49.398+0000] {processor.py:925} INFO - DAG(s) 'example_sla_dag' retrieved from /home/airflow/.local/lib/python3.12/site-packages/airflow/example_dags/example_sla_dag.py
[2024-10-07T21:56:49.420+0000] {logging_mixin.py:190} INFO - [2024-10-07T21:56:49.420+0000] {dag.py:3239} INFO - Sync 1 DAGs
[2024-10-07T21:56:49.438+0000] {logging_mixin.py:190} INFO - [2024-10-07T21:56:49.438+0000] {dag.py:4180} INFO - Setting next_dagrun for example_sla_dag to 2024-10-07 21:54:00+00:00, run_after=2024-10-07 21:56:00+00:00
[2024-10-07T21:56:49.451+0000] {processor.py:208} INFO - Processing /home/airflow/.local/lib/python3.12/site-packages/airflow/example_dags/example_sla_dag.py took 0.069 seconds
[2024-10-07T21:57:19.813+0000] {processor.py:186} INFO - Started process (PID=3615) to work on /home/airflow/.local/lib/python3.12/site-packages/airflow/example_dags/example_sla_dag.py
[2024-10-07T21:57:19.815+0000] {processor.py:914} INFO - Processing file /home/airflow/.local/lib/python3.12/site-packages/airflow/example_dags/example_sla_dag.py for tasks to queue
[2024-10-07T21:57:19.818+0000] {logging_mixin.py:190} INFO - [2024-10-07T21:57:19.818+0000] {dagbag.py:588} INFO - Filling up the DagBag from /home/airflow/.local/lib/python3.12/site-packages/airflow/example_dags/example_sla_dag.py
[2024-10-07T21:57:19.827+0000] {processor.py:925} INFO - DAG(s) 'example_sla_dag' retrieved from /home/airflow/.local/lib/python3.12/site-packages/airflow/example_dags/example_sla_dag.py
[2024-10-07T21:57:19.847+0000] {logging_mixin.py:190} INFO - [2024-10-07T21:57:19.847+0000] {dag.py:3239} INFO - Sync 1 DAGs
[2024-10-07T21:57:19.866+0000] {logging_mixin.py:190} INFO - [2024-10-07T21:57:19.866+0000] {dag.py:4180} INFO - Setting next_dagrun for example_sla_dag to 2024-10-07 21:54:00+00:00, run_after=2024-10-07 21:56:00+00:00
[2024-10-07T21:57:19.878+0000] {processor.py:208} INFO - Processing /home/airflow/.local/lib/python3.12/site-packages/airflow/example_dags/example_sla_dag.py took 0.071 seconds
[2024-10-07T21:57:50.834+0000] {processor.py:186} INFO - Started process (PID=3677) to work on /home/airflow/.local/lib/python3.12/site-packages/airflow/example_dags/example_sla_dag.py
[2024-10-07T21:57:50.837+0000] {processor.py:914} INFO - Processing file /home/airflow/.local/lib/python3.12/site-packages/airflow/example_dags/example_sla_dag.py for tasks to queue
[2024-10-07T21:57:50.838+0000] {logging_mixin.py:190} INFO - [2024-10-07T21:57:50.838+0000] {dagbag.py:588} INFO - Filling up the DagBag from /home/airflow/.local/lib/python3.12/site-packages/airflow/example_dags/example_sla_dag.py
[2024-10-07T21:57:50.844+0000] {processor.py:925} INFO - DAG(s) 'example_sla_dag' retrieved from /home/airflow/.local/lib/python3.12/site-packages/airflow/example_dags/example_sla_dag.py
[2024-10-07T21:57:50.856+0000] {logging_mixin.py:190} INFO - [2024-10-07T21:57:50.855+0000] {dag.py:3239} INFO - Sync 1 DAGs
[2024-10-07T21:57:50.869+0000] {logging_mixin.py:190} INFO - [2024-10-07T21:57:50.869+0000] {dag.py:4180} INFO - Setting next_dagrun for example_sla_dag to 2024-10-07 21:54:00+00:00, run_after=2024-10-07 21:56:00+00:00
[2024-10-07T21:57:50.879+0000] {processor.py:208} INFO - Processing /home/airflow/.local/lib/python3.12/site-packages/airflow/example_dags/example_sla_dag.py took 0.049 seconds
[2024-10-07T21:58:21.783+0000] {processor.py:186} INFO - Started process (PID=3739) to work on /home/airflow/.local/lib/python3.12/site-packages/airflow/example_dags/example_sla_dag.py
[2024-10-07T21:58:21.785+0000] {processor.py:914} INFO - Processing file /home/airflow/.local/lib/python3.12/site-packages/airflow/example_dags/example_sla_dag.py for tasks to queue
[2024-10-07T21:58:21.786+0000] {logging_mixin.py:190} INFO - [2024-10-07T21:58:21.786+0000] {dagbag.py:588} INFO - Filling up the DagBag from /home/airflow/.local/lib/python3.12/site-packages/airflow/example_dags/example_sla_dag.py
[2024-10-07T21:58:21.791+0000] {processor.py:925} INFO - DAG(s) 'example_sla_dag' retrieved from /home/airflow/.local/lib/python3.12/site-packages/airflow/example_dags/example_sla_dag.py
[2024-10-07T21:58:21.803+0000] {logging_mixin.py:190} INFO - [2024-10-07T21:58:21.803+0000] {dag.py:3239} INFO - Sync 1 DAGs
[2024-10-07T21:58:21.819+0000] {logging_mixin.py:190} INFO - [2024-10-07T21:58:21.819+0000] {dag.py:4180} INFO - Setting next_dagrun for example_sla_dag to 2024-10-07 21:56:00+00:00, run_after=2024-10-07 21:58:00+00:00
[2024-10-07T21:58:21.833+0000] {processor.py:208} INFO - Processing /home/airflow/.local/lib/python3.12/site-packages/airflow/example_dags/example_sla_dag.py took 0.054 seconds
[2024-10-07T21:58:52.400+0000] {processor.py:186} INFO - Started process (PID=3801) to work on /home/airflow/.local/lib/python3.12/site-packages/airflow/example_dags/example_sla_dag.py
[2024-10-07T21:58:52.401+0000] {processor.py:914} INFO - Processing file /home/airflow/.local/lib/python3.12/site-packages/airflow/example_dags/example_sla_dag.py for tasks to queue
[2024-10-07T21:58:52.403+0000] {logging_mixin.py:190} INFO - [2024-10-07T21:58:52.403+0000] {dagbag.py:588} INFO - Filling up the DagBag from /home/airflow/.local/lib/python3.12/site-packages/airflow/example_dags/example_sla_dag.py
[2024-10-07T21:58:52.409+0000] {processor.py:925} INFO - DAG(s) 'example_sla_dag' retrieved from /home/airflow/.local/lib/python3.12/site-packages/airflow/example_dags/example_sla_dag.py
[2024-10-07T21:58:52.422+0000] {logging_mixin.py:190} INFO - [2024-10-07T21:58:52.422+0000] {dag.py:3239} INFO - Sync 1 DAGs
[2024-10-07T21:58:52.435+0000] {logging_mixin.py:190} INFO - [2024-10-07T21:58:52.435+0000] {dag.py:4180} INFO - Setting next_dagrun for example_sla_dag to 2024-10-07 21:56:00+00:00, run_after=2024-10-07 21:58:00+00:00
[2024-10-07T21:58:52.447+0000] {processor.py:208} INFO - Processing /home/airflow/.local/lib/python3.12/site-packages/airflow/example_dags/example_sla_dag.py took 0.050 seconds
[2024-10-07T21:59:23.198+0000] {processor.py:186} INFO - Started process (PID=3863) to work on /home/airflow/.local/lib/python3.12/site-packages/airflow/example_dags/example_sla_dag.py
[2024-10-07T21:59:23.200+0000] {processor.py:914} INFO - Processing file /home/airflow/.local/lib/python3.12/site-packages/airflow/example_dags/example_sla_dag.py for tasks to queue
[2024-10-07T21:59:23.201+0000] {logging_mixin.py:190} INFO - [2024-10-07T21:59:23.201+0000] {dagbag.py:588} INFO - Filling up the DagBag from /home/airflow/.local/lib/python3.12/site-packages/airflow/example_dags/example_sla_dag.py
[2024-10-07T21:59:23.206+0000] {processor.py:925} INFO - DAG(s) 'example_sla_dag' retrieved from /home/airflow/.local/lib/python3.12/site-packages/airflow/example_dags/example_sla_dag.py
[2024-10-07T21:59:23.217+0000] {logging_mixin.py:190} INFO - [2024-10-07T21:59:23.217+0000] {dag.py:3239} INFO - Sync 1 DAGs
[2024-10-07T21:59:23.236+0000] {logging_mixin.py:190} INFO - [2024-10-07T21:59:23.236+0000] {dag.py:4180} INFO - Setting next_dagrun for example_sla_dag to 2024-10-07 21:56:00+00:00, run_after=2024-10-07 21:58:00+00:00
[2024-10-07T21:59:23.247+0000] {processor.py:208} INFO - Processing /home/airflow/.local/lib/python3.12/site-packages/airflow/example_dags/example_sla_dag.py took 0.052 seconds
[2024-10-07T21:59:53.723+0000] {processor.py:186} INFO - Started process (PID=3925) to work on /home/airflow/.local/lib/python3.12/site-packages/airflow/example_dags/example_sla_dag.py
[2024-10-07T21:59:53.727+0000] {processor.py:914} INFO - Processing file /home/airflow/.local/lib/python3.12/site-packages/airflow/example_dags/example_sla_dag.py for tasks to queue
[2024-10-07T21:59:53.728+0000] {logging_mixin.py:190} INFO - [2024-10-07T21:59:53.728+0000] {dagbag.py:588} INFO - Filling up the DagBag from /home/airflow/.local/lib/python3.12/site-packages/airflow/example_dags/example_sla_dag.py
[2024-10-07T21:59:53.734+0000] {processor.py:925} INFO - DAG(s) 'example_sla_dag' retrieved from /home/airflow/.local/lib/python3.12/site-packages/airflow/example_dags/example_sla_dag.py
[2024-10-07T21:59:53.744+0000] {logging_mixin.py:190} INFO - [2024-10-07T21:59:53.744+0000] {dag.py:3239} INFO - Sync 1 DAGs
[2024-10-07T21:59:53.757+0000] {logging_mixin.py:190} INFO - [2024-10-07T21:59:53.757+0000] {dag.py:4180} INFO - Setting next_dagrun for example_sla_dag to 2024-10-07 21:56:00+00:00, run_after=2024-10-07 21:58:00+00:00
[2024-10-07T21:59:53.767+0000] {processor.py:208} INFO - Processing /home/airflow/.local/lib/python3.12/site-packages/airflow/example_dags/example_sla_dag.py took 0.048 seconds
[2024-10-07T22:00:24.287+0000] {processor.py:186} INFO - Started process (PID=3987) to work on /home/airflow/.local/lib/python3.12/site-packages/airflow/example_dags/example_sla_dag.py
[2024-10-07T22:00:24.288+0000] {processor.py:914} INFO - Processing file /home/airflow/.local/lib/python3.12/site-packages/airflow/example_dags/example_sla_dag.py for tasks to queue
[2024-10-07T22:00:24.290+0000] {logging_mixin.py:190} INFO - [2024-10-07T22:00:24.289+0000] {dagbag.py:588} INFO - Filling up the DagBag from /home/airflow/.local/lib/python3.12/site-packages/airflow/example_dags/example_sla_dag.py
[2024-10-07T22:00:24.298+0000] {processor.py:925} INFO - DAG(s) 'example_sla_dag' retrieved from /home/airflow/.local/lib/python3.12/site-packages/airflow/example_dags/example_sla_dag.py
[2024-10-07T22:00:24.315+0000] {logging_mixin.py:190} INFO - [2024-10-07T22:00:24.315+0000] {dag.py:3239} INFO - Sync 1 DAGs
[2024-10-07T22:00:24.337+0000] {logging_mixin.py:190} INFO - [2024-10-07T22:00:24.337+0000] {dag.py:4180} INFO - Setting next_dagrun for example_sla_dag to 2024-10-07 21:58:00+00:00, run_after=2024-10-07 22:00:00+00:00
[2024-10-07T22:00:24.351+0000] {processor.py:208} INFO - Processing /home/airflow/.local/lib/python3.12/site-packages/airflow/example_dags/example_sla_dag.py took 0.068 seconds
