[2024-10-07T21:28:14.456+0000] {processor.py:186} INFO - Started process (PID=98) to work on /home/airflow/.local/lib/python3.12/site-packages/airflow/example_dags/example_bash_operator.py
[2024-10-07T21:28:14.456+0000] {processor.py:914} INFO - Processing file /home/airflow/.local/lib/python3.12/site-packages/airflow/example_dags/example_bash_operator.py for tasks to queue
[2024-10-07T21:28:14.458+0000] {logging_mixin.py:190} INFO - [2024-10-07T21:28:14.457+0000] {dagbag.py:588} INFO - Filling up the DagBag from /home/airflow/.local/lib/python3.12/site-packages/airflow/example_dags/example_bash_operator.py
[2024-10-07T21:28:14.466+0000] {processor.py:925} INFO - DAG(s) 'example_bash_operator' retrieved from /home/airflow/.local/lib/python3.12/site-packages/airflow/example_dags/example_bash_operator.py
[2024-10-07T21:28:14.527+0000] {logging_mixin.py:190} INFO - [2024-10-07T21:28:14.527+0000] {override.py:1900} INFO - Created Permission View: can read on DAG:example_bash_operator
[2024-10-07T21:28:14.536+0000] {logging_mixin.py:190} INFO - [2024-10-07T21:28:14.536+0000] {override.py:1900} INFO - Created Permission View: can delete on DAG:example_bash_operator
[2024-10-07T21:28:14.539+0000] {logging_mixin.py:190} INFO - [2024-10-07T21:28:14.539+0000] {override.py:1900} INFO - Created Permission View: can edit on DAG:example_bash_operator
[2024-10-07T21:28:14.542+0000] {logging_mixin.py:190} INFO - [2024-10-07T21:28:14.542+0000] {override.py:1900} INFO - Created Permission View: can read on DAG Run:example_bash_operator
[2024-10-07T21:28:14.544+0000] {logging_mixin.py:190} INFO - [2024-10-07T21:28:14.544+0000] {override.py:1900} INFO - Created Permission View: can delete on DAG Run:example_bash_operator
[2024-10-07T21:28:14.547+0000] {logging_mixin.py:190} INFO - [2024-10-07T21:28:14.547+0000] {override.py:1900} INFO - Created Permission View: can create on DAG Run:example_bash_operator
[2024-10-07T21:28:14.551+0000] {logging_mixin.py:190} INFO - [2024-10-07T21:28:14.551+0000] {override.py:1900} INFO - Created Permission View: menu access on DAG Run:example_bash_operator
[2024-10-07T21:28:14.551+0000] {logging_mixin.py:190} INFO - [2024-10-07T21:28:14.551+0000] {dag.py:3239} INFO - Sync 1 DAGs
[2024-10-07T21:28:14.557+0000] {logging_mixin.py:190} INFO - [2024-10-07T21:28:14.557+0000] {dag.py:3262} INFO - Creating ORM DAG for example_bash_operator
[2024-10-07T21:28:14.566+0000] {logging_mixin.py:190} INFO - [2024-10-07T21:28:14.566+0000] {dag.py:4180} INFO - Setting next_dagrun for example_bash_operator to 2024-10-06 00:00:00+00:00, run_after=2024-10-07 00:00:00+00:00
[2024-10-07T21:28:14.579+0000] {processor.py:208} INFO - Processing /home/airflow/.local/lib/python3.12/site-packages/airflow/example_dags/example_bash_operator.py took 0.127 seconds
[2024-10-07T21:28:45.146+0000] {processor.py:186} INFO - Started process (PID=160) to work on /home/airflow/.local/lib/python3.12/site-packages/airflow/example_dags/example_bash_operator.py
[2024-10-07T21:28:45.148+0000] {processor.py:914} INFO - Processing file /home/airflow/.local/lib/python3.12/site-packages/airflow/example_dags/example_bash_operator.py for tasks to queue
[2024-10-07T21:28:45.149+0000] {logging_mixin.py:190} INFO - [2024-10-07T21:28:45.149+0000] {dagbag.py:588} INFO - Filling up the DagBag from /home/airflow/.local/lib/python3.12/site-packages/airflow/example_dags/example_bash_operator.py
[2024-10-07T21:28:45.156+0000] {processor.py:925} INFO - DAG(s) 'example_bash_operator' retrieved from /home/airflow/.local/lib/python3.12/site-packages/airflow/example_dags/example_bash_operator.py
[2024-10-07T21:28:45.178+0000] {logging_mixin.py:190} INFO - [2024-10-07T21:28:45.178+0000] {dag.py:3239} INFO - Sync 1 DAGs
[2024-10-07T21:28:45.192+0000] {logging_mixin.py:190} INFO - [2024-10-07T21:28:45.192+0000] {dag.py:4180} INFO - Setting next_dagrun for example_bash_operator to 2024-10-06 00:00:00+00:00, run_after=2024-10-07 00:00:00+00:00
[2024-10-07T21:28:45.203+0000] {processor.py:208} INFO - Processing /home/airflow/.local/lib/python3.12/site-packages/airflow/example_dags/example_bash_operator.py took 0.061 seconds
[2024-10-07T21:29:15.566+0000] {processor.py:186} INFO - Started process (PID=222) to work on /home/airflow/.local/lib/python3.12/site-packages/airflow/example_dags/example_bash_operator.py
[2024-10-07T21:29:15.567+0000] {processor.py:914} INFO - Processing file /home/airflow/.local/lib/python3.12/site-packages/airflow/example_dags/example_bash_operator.py for tasks to queue
[2024-10-07T21:29:15.570+0000] {logging_mixin.py:190} INFO - [2024-10-07T21:29:15.570+0000] {dagbag.py:588} INFO - Filling up the DagBag from /home/airflow/.local/lib/python3.12/site-packages/airflow/example_dags/example_bash_operator.py
[2024-10-07T21:29:15.578+0000] {processor.py:925} INFO - DAG(s) 'example_bash_operator' retrieved from /home/airflow/.local/lib/python3.12/site-packages/airflow/example_dags/example_bash_operator.py
[2024-10-07T21:29:15.591+0000] {logging_mixin.py:190} INFO - [2024-10-07T21:29:15.591+0000] {dag.py:3239} INFO - Sync 1 DAGs
[2024-10-07T21:29:15.604+0000] {logging_mixin.py:190} INFO - [2024-10-07T21:29:15.604+0000] {dag.py:4180} INFO - Setting next_dagrun for example_bash_operator to 2024-10-06 00:00:00+00:00, run_after=2024-10-07 00:00:00+00:00
[2024-10-07T21:29:15.619+0000] {processor.py:208} INFO - Processing /home/airflow/.local/lib/python3.12/site-packages/airflow/example_dags/example_bash_operator.py took 0.056 seconds
[2024-10-07T21:29:45.943+0000] {processor.py:186} INFO - Started process (PID=284) to work on /home/airflow/.local/lib/python3.12/site-packages/airflow/example_dags/example_bash_operator.py
[2024-10-07T21:29:45.943+0000] {processor.py:914} INFO - Processing file /home/airflow/.local/lib/python3.12/site-packages/airflow/example_dags/example_bash_operator.py for tasks to queue
[2024-10-07T21:29:45.945+0000] {logging_mixin.py:190} INFO - [2024-10-07T21:29:45.945+0000] {dagbag.py:588} INFO - Filling up the DagBag from /home/airflow/.local/lib/python3.12/site-packages/airflow/example_dags/example_bash_operator.py
[2024-10-07T21:29:45.951+0000] {processor.py:925} INFO - DAG(s) 'example_bash_operator' retrieved from /home/airflow/.local/lib/python3.12/site-packages/airflow/example_dags/example_bash_operator.py
[2024-10-07T21:29:45.964+0000] {logging_mixin.py:190} INFO - [2024-10-07T21:29:45.964+0000] {dag.py:3239} INFO - Sync 1 DAGs
[2024-10-07T21:29:45.977+0000] {logging_mixin.py:190} INFO - [2024-10-07T21:29:45.977+0000] {dag.py:4180} INFO - Setting next_dagrun for example_bash_operator to 2024-10-06 00:00:00+00:00, run_after=2024-10-07 00:00:00+00:00
[2024-10-07T21:29:45.990+0000] {processor.py:208} INFO - Processing /home/airflow/.local/lib/python3.12/site-packages/airflow/example_dags/example_bash_operator.py took 0.050 seconds
[2024-10-07T21:30:16.383+0000] {processor.py:186} INFO - Started process (PID=346) to work on /home/airflow/.local/lib/python3.12/site-packages/airflow/example_dags/example_bash_operator.py
[2024-10-07T21:30:16.384+0000] {processor.py:914} INFO - Processing file /home/airflow/.local/lib/python3.12/site-packages/airflow/example_dags/example_bash_operator.py for tasks to queue
[2024-10-07T21:30:16.386+0000] {logging_mixin.py:190} INFO - [2024-10-07T21:30:16.385+0000] {dagbag.py:588} INFO - Filling up the DagBag from /home/airflow/.local/lib/python3.12/site-packages/airflow/example_dags/example_bash_operator.py
[2024-10-07T21:30:16.393+0000] {processor.py:925} INFO - DAG(s) 'example_bash_operator' retrieved from /home/airflow/.local/lib/python3.12/site-packages/airflow/example_dags/example_bash_operator.py
[2024-10-07T21:30:16.407+0000] {logging_mixin.py:190} INFO - [2024-10-07T21:30:16.407+0000] {dag.py:3239} INFO - Sync 1 DAGs
[2024-10-07T21:30:16.421+0000] {logging_mixin.py:190} INFO - [2024-10-07T21:30:16.421+0000] {dag.py:4180} INFO - Setting next_dagrun for example_bash_operator to 2024-10-06 00:00:00+00:00, run_after=2024-10-07 00:00:00+00:00
[2024-10-07T21:30:16.432+0000] {processor.py:208} INFO - Processing /home/airflow/.local/lib/python3.12/site-packages/airflow/example_dags/example_bash_operator.py took 0.051 seconds
[2024-10-07T21:30:46.734+0000] {processor.py:186} INFO - Started process (PID=408) to work on /home/airflow/.local/lib/python3.12/site-packages/airflow/example_dags/example_bash_operator.py
[2024-10-07T21:30:46.735+0000] {processor.py:914} INFO - Processing file /home/airflow/.local/lib/python3.12/site-packages/airflow/example_dags/example_bash_operator.py for tasks to queue
[2024-10-07T21:30:46.739+0000] {logging_mixin.py:190} INFO - [2024-10-07T21:30:46.739+0000] {dagbag.py:588} INFO - Filling up the DagBag from /home/airflow/.local/lib/python3.12/site-packages/airflow/example_dags/example_bash_operator.py
[2024-10-07T21:30:46.748+0000] {processor.py:925} INFO - DAG(s) 'example_bash_operator' retrieved from /home/airflow/.local/lib/python3.12/site-packages/airflow/example_dags/example_bash_operator.py
[2024-10-07T21:30:46.762+0000] {logging_mixin.py:190} INFO - [2024-10-07T21:30:46.761+0000] {dag.py:3239} INFO - Sync 1 DAGs
[2024-10-07T21:30:46.773+0000] {logging_mixin.py:190} INFO - [2024-10-07T21:30:46.773+0000] {dag.py:4180} INFO - Setting next_dagrun for example_bash_operator to 2024-10-06 00:00:00+00:00, run_after=2024-10-07 00:00:00+00:00
[2024-10-07T21:30:46.781+0000] {processor.py:208} INFO - Processing /home/airflow/.local/lib/python3.12/site-packages/airflow/example_dags/example_bash_operator.py took 0.050 seconds
[2024-10-07T21:31:17.143+0000] {processor.py:186} INFO - Started process (PID=470) to work on /home/airflow/.local/lib/python3.12/site-packages/airflow/example_dags/example_bash_operator.py
[2024-10-07T21:31:17.144+0000] {processor.py:914} INFO - Processing file /home/airflow/.local/lib/python3.12/site-packages/airflow/example_dags/example_bash_operator.py for tasks to queue
[2024-10-07T21:31:17.145+0000] {logging_mixin.py:190} INFO - [2024-10-07T21:31:17.145+0000] {dagbag.py:588} INFO - Filling up the DagBag from /home/airflow/.local/lib/python3.12/site-packages/airflow/example_dags/example_bash_operator.py
[2024-10-07T21:31:17.152+0000] {processor.py:925} INFO - DAG(s) 'example_bash_operator' retrieved from /home/airflow/.local/lib/python3.12/site-packages/airflow/example_dags/example_bash_operator.py
[2024-10-07T21:31:17.165+0000] {logging_mixin.py:190} INFO - [2024-10-07T21:31:17.165+0000] {dag.py:3239} INFO - Sync 1 DAGs
[2024-10-07T21:31:17.177+0000] {logging_mixin.py:190} INFO - [2024-10-07T21:31:17.177+0000] {dag.py:4180} INFO - Setting next_dagrun for example_bash_operator to 2024-10-06 00:00:00+00:00, run_after=2024-10-07 00:00:00+00:00
[2024-10-07T21:31:17.185+0000] {processor.py:208} INFO - Processing /home/airflow/.local/lib/python3.12/site-packages/airflow/example_dags/example_bash_operator.py took 0.045 seconds
[2024-10-07T21:31:48.023+0000] {processor.py:186} INFO - Started process (PID=532) to work on /home/airflow/.local/lib/python3.12/site-packages/airflow/example_dags/example_bash_operator.py
[2024-10-07T21:31:48.023+0000] {processor.py:914} INFO - Processing file /home/airflow/.local/lib/python3.12/site-packages/airflow/example_dags/example_bash_operator.py for tasks to queue
[2024-10-07T21:31:48.025+0000] {logging_mixin.py:190} INFO - [2024-10-07T21:31:48.025+0000] {dagbag.py:588} INFO - Filling up the DagBag from /home/airflow/.local/lib/python3.12/site-packages/airflow/example_dags/example_bash_operator.py
[2024-10-07T21:31:48.037+0000] {processor.py:925} INFO - DAG(s) 'example_bash_operator' retrieved from /home/airflow/.local/lib/python3.12/site-packages/airflow/example_dags/example_bash_operator.py
[2024-10-07T21:31:48.051+0000] {logging_mixin.py:190} INFO - [2024-10-07T21:31:48.051+0000] {dag.py:3239} INFO - Sync 1 DAGs
[2024-10-07T21:31:48.063+0000] {logging_mixin.py:190} INFO - [2024-10-07T21:31:48.063+0000] {dag.py:4180} INFO - Setting next_dagrun for example_bash_operator to 2024-10-06 00:00:00+00:00, run_after=2024-10-07 00:00:00+00:00
[2024-10-07T21:31:48.078+0000] {processor.py:208} INFO - Processing /home/airflow/.local/lib/python3.12/site-packages/airflow/example_dags/example_bash_operator.py took 0.060 seconds
[2024-10-07T21:32:18.822+0000] {processor.py:186} INFO - Started process (PID=594) to work on /home/airflow/.local/lib/python3.12/site-packages/airflow/example_dags/example_bash_operator.py
[2024-10-07T21:32:18.823+0000] {processor.py:914} INFO - Processing file /home/airflow/.local/lib/python3.12/site-packages/airflow/example_dags/example_bash_operator.py for tasks to queue
[2024-10-07T21:32:18.825+0000] {logging_mixin.py:190} INFO - [2024-10-07T21:32:18.825+0000] {dagbag.py:588} INFO - Filling up the DagBag from /home/airflow/.local/lib/python3.12/site-packages/airflow/example_dags/example_bash_operator.py
[2024-10-07T21:32:18.832+0000] {processor.py:925} INFO - DAG(s) 'example_bash_operator' retrieved from /home/airflow/.local/lib/python3.12/site-packages/airflow/example_dags/example_bash_operator.py
[2024-10-07T21:32:18.845+0000] {logging_mixin.py:190} INFO - [2024-10-07T21:32:18.844+0000] {dag.py:3239} INFO - Sync 1 DAGs
[2024-10-07T21:32:18.856+0000] {logging_mixin.py:190} INFO - [2024-10-07T21:32:18.855+0000] {dag.py:4180} INFO - Setting next_dagrun for example_bash_operator to 2024-10-06 00:00:00+00:00, run_after=2024-10-07 00:00:00+00:00
[2024-10-07T21:32:18.864+0000] {processor.py:208} INFO - Processing /home/airflow/.local/lib/python3.12/site-packages/airflow/example_dags/example_bash_operator.py took 0.045 seconds
[2024-10-07T21:32:49.254+0000] {processor.py:186} INFO - Started process (PID=656) to work on /home/airflow/.local/lib/python3.12/site-packages/airflow/example_dags/example_bash_operator.py
[2024-10-07T21:32:49.255+0000] {processor.py:914} INFO - Processing file /home/airflow/.local/lib/python3.12/site-packages/airflow/example_dags/example_bash_operator.py for tasks to queue
[2024-10-07T21:32:49.257+0000] {logging_mixin.py:190} INFO - [2024-10-07T21:32:49.257+0000] {dagbag.py:588} INFO - Filling up the DagBag from /home/airflow/.local/lib/python3.12/site-packages/airflow/example_dags/example_bash_operator.py
[2024-10-07T21:32:49.264+0000] {processor.py:925} INFO - DAG(s) 'example_bash_operator' retrieved from /home/airflow/.local/lib/python3.12/site-packages/airflow/example_dags/example_bash_operator.py
[2024-10-07T21:32:49.281+0000] {logging_mixin.py:190} INFO - [2024-10-07T21:32:49.281+0000] {dag.py:3239} INFO - Sync 1 DAGs
[2024-10-07T21:32:49.294+0000] {logging_mixin.py:190} INFO - [2024-10-07T21:32:49.294+0000] {dag.py:4180} INFO - Setting next_dagrun for example_bash_operator to 2024-10-06 00:00:00+00:00, run_after=2024-10-07 00:00:00+00:00
[2024-10-07T21:32:49.302+0000] {processor.py:208} INFO - Processing /home/airflow/.local/lib/python3.12/site-packages/airflow/example_dags/example_bash_operator.py took 0.052 seconds
[2024-10-07T21:33:19.570+0000] {processor.py:186} INFO - Started process (PID=718) to work on /home/airflow/.local/lib/python3.12/site-packages/airflow/example_dags/example_bash_operator.py
[2024-10-07T21:33:19.571+0000] {processor.py:914} INFO - Processing file /home/airflow/.local/lib/python3.12/site-packages/airflow/example_dags/example_bash_operator.py for tasks to queue
[2024-10-07T21:33:19.572+0000] {logging_mixin.py:190} INFO - [2024-10-07T21:33:19.572+0000] {dagbag.py:588} INFO - Filling up the DagBag from /home/airflow/.local/lib/python3.12/site-packages/airflow/example_dags/example_bash_operator.py
[2024-10-07T21:33:19.579+0000] {processor.py:925} INFO - DAG(s) 'example_bash_operator' retrieved from /home/airflow/.local/lib/python3.12/site-packages/airflow/example_dags/example_bash_operator.py
[2024-10-07T21:33:19.597+0000] {logging_mixin.py:190} INFO - [2024-10-07T21:33:19.597+0000] {dag.py:3239} INFO - Sync 1 DAGs
[2024-10-07T21:33:19.609+0000] {logging_mixin.py:190} INFO - [2024-10-07T21:33:19.609+0000] {dag.py:4180} INFO - Setting next_dagrun for example_bash_operator to 2024-10-06 00:00:00+00:00, run_after=2024-10-07 00:00:00+00:00
[2024-10-07T21:33:19.618+0000] {processor.py:208} INFO - Processing /home/airflow/.local/lib/python3.12/site-packages/airflow/example_dags/example_bash_operator.py took 0.052 seconds
[2024-10-07T21:33:50.168+0000] {processor.py:186} INFO - Started process (PID=780) to work on /home/airflow/.local/lib/python3.12/site-packages/airflow/example_dags/example_bash_operator.py
[2024-10-07T21:33:50.169+0000] {processor.py:914} INFO - Processing file /home/airflow/.local/lib/python3.12/site-packages/airflow/example_dags/example_bash_operator.py for tasks to queue
[2024-10-07T21:33:50.171+0000] {logging_mixin.py:190} INFO - [2024-10-07T21:33:50.170+0000] {dagbag.py:588} INFO - Filling up the DagBag from /home/airflow/.local/lib/python3.12/site-packages/airflow/example_dags/example_bash_operator.py
[2024-10-07T21:33:50.177+0000] {processor.py:925} INFO - DAG(s) 'example_bash_operator' retrieved from /home/airflow/.local/lib/python3.12/site-packages/airflow/example_dags/example_bash_operator.py
[2024-10-07T21:33:50.194+0000] {logging_mixin.py:190} INFO - [2024-10-07T21:33:50.194+0000] {dag.py:3239} INFO - Sync 1 DAGs
[2024-10-07T21:33:50.208+0000] {logging_mixin.py:190} INFO - [2024-10-07T21:33:50.207+0000] {dag.py:4180} INFO - Setting next_dagrun for example_bash_operator to 2024-10-06 00:00:00+00:00, run_after=2024-10-07 00:00:00+00:00
[2024-10-07T21:33:50.217+0000] {processor.py:208} INFO - Processing /home/airflow/.local/lib/python3.12/site-packages/airflow/example_dags/example_bash_operator.py took 0.053 seconds
[2024-10-07T21:34:20.640+0000] {processor.py:186} INFO - Started process (PID=842) to work on /home/airflow/.local/lib/python3.12/site-packages/airflow/example_dags/example_bash_operator.py
[2024-10-07T21:34:20.643+0000] {processor.py:914} INFO - Processing file /home/airflow/.local/lib/python3.12/site-packages/airflow/example_dags/example_bash_operator.py for tasks to queue
[2024-10-07T21:34:20.645+0000] {logging_mixin.py:190} INFO - [2024-10-07T21:34:20.645+0000] {dagbag.py:588} INFO - Filling up the DagBag from /home/airflow/.local/lib/python3.12/site-packages/airflow/example_dags/example_bash_operator.py
[2024-10-07T21:34:20.653+0000] {processor.py:925} INFO - DAG(s) 'example_bash_operator' retrieved from /home/airflow/.local/lib/python3.12/site-packages/airflow/example_dags/example_bash_operator.py
[2024-10-07T21:34:20.666+0000] {logging_mixin.py:190} INFO - [2024-10-07T21:34:20.666+0000] {dag.py:3239} INFO - Sync 1 DAGs
[2024-10-07T21:34:20.679+0000] {logging_mixin.py:190} INFO - [2024-10-07T21:34:20.679+0000] {dag.py:4180} INFO - Setting next_dagrun for example_bash_operator to 2024-10-06 00:00:00+00:00, run_after=2024-10-07 00:00:00+00:00
[2024-10-07T21:34:20.690+0000] {processor.py:208} INFO - Processing /home/airflow/.local/lib/python3.12/site-packages/airflow/example_dags/example_bash_operator.py took 0.053 seconds
[2024-10-07T21:34:51.125+0000] {processor.py:186} INFO - Started process (PID=904) to work on /home/airflow/.local/lib/python3.12/site-packages/airflow/example_dags/example_bash_operator.py
[2024-10-07T21:34:51.127+0000] {processor.py:914} INFO - Processing file /home/airflow/.local/lib/python3.12/site-packages/airflow/example_dags/example_bash_operator.py for tasks to queue
[2024-10-07T21:34:51.128+0000] {logging_mixin.py:190} INFO - [2024-10-07T21:34:51.128+0000] {dagbag.py:588} INFO - Filling up the DagBag from /home/airflow/.local/lib/python3.12/site-packages/airflow/example_dags/example_bash_operator.py
[2024-10-07T21:34:51.135+0000] {processor.py:925} INFO - DAG(s) 'example_bash_operator' retrieved from /home/airflow/.local/lib/python3.12/site-packages/airflow/example_dags/example_bash_operator.py
[2024-10-07T21:34:51.148+0000] {logging_mixin.py:190} INFO - [2024-10-07T21:34:51.148+0000] {dag.py:3239} INFO - Sync 1 DAGs
[2024-10-07T21:34:51.160+0000] {logging_mixin.py:190} INFO - [2024-10-07T21:34:51.160+0000] {dag.py:4180} INFO - Setting next_dagrun for example_bash_operator to 2024-10-06 00:00:00+00:00, run_after=2024-10-07 00:00:00+00:00
[2024-10-07T21:34:51.169+0000] {processor.py:208} INFO - Processing /home/airflow/.local/lib/python3.12/site-packages/airflow/example_dags/example_bash_operator.py took 0.046 seconds
[2024-10-07T21:35:21.467+0000] {processor.py:186} INFO - Started process (PID=966) to work on /home/airflow/.local/lib/python3.12/site-packages/airflow/example_dags/example_bash_operator.py
[2024-10-07T21:35:21.469+0000] {processor.py:914} INFO - Processing file /home/airflow/.local/lib/python3.12/site-packages/airflow/example_dags/example_bash_operator.py for tasks to queue
[2024-10-07T21:35:21.471+0000] {logging_mixin.py:190} INFO - [2024-10-07T21:35:21.471+0000] {dagbag.py:588} INFO - Filling up the DagBag from /home/airflow/.local/lib/python3.12/site-packages/airflow/example_dags/example_bash_operator.py
[2024-10-07T21:35:21.477+0000] {processor.py:925} INFO - DAG(s) 'example_bash_operator' retrieved from /home/airflow/.local/lib/python3.12/site-packages/airflow/example_dags/example_bash_operator.py
[2024-10-07T21:35:21.490+0000] {logging_mixin.py:190} INFO - [2024-10-07T21:35:21.490+0000] {dag.py:3239} INFO - Sync 1 DAGs
[2024-10-07T21:35:21.501+0000] {logging_mixin.py:190} INFO - [2024-10-07T21:35:21.501+0000] {dag.py:4180} INFO - Setting next_dagrun for example_bash_operator to 2024-10-06 00:00:00+00:00, run_after=2024-10-07 00:00:00+00:00
[2024-10-07T21:35:21.509+0000] {processor.py:208} INFO - Processing /home/airflow/.local/lib/python3.12/site-packages/airflow/example_dags/example_bash_operator.py took 0.045 seconds
[2024-10-07T21:35:51.667+0000] {processor.py:186} INFO - Started process (PID=1028) to work on /home/airflow/.local/lib/python3.12/site-packages/airflow/example_dags/example_bash_operator.py
[2024-10-07T21:35:51.671+0000] {processor.py:914} INFO - Processing file /home/airflow/.local/lib/python3.12/site-packages/airflow/example_dags/example_bash_operator.py for tasks to queue
[2024-10-07T21:35:51.673+0000] {logging_mixin.py:190} INFO - [2024-10-07T21:35:51.673+0000] {dagbag.py:588} INFO - Filling up the DagBag from /home/airflow/.local/lib/python3.12/site-packages/airflow/example_dags/example_bash_operator.py
[2024-10-07T21:35:51.680+0000] {processor.py:925} INFO - DAG(s) 'example_bash_operator' retrieved from /home/airflow/.local/lib/python3.12/site-packages/airflow/example_dags/example_bash_operator.py
[2024-10-07T21:35:51.692+0000] {logging_mixin.py:190} INFO - [2024-10-07T21:35:51.692+0000] {dag.py:3239} INFO - Sync 1 DAGs
[2024-10-07T21:35:51.703+0000] {logging_mixin.py:190} INFO - [2024-10-07T21:35:51.703+0000] {dag.py:4180} INFO - Setting next_dagrun for example_bash_operator to 2024-10-06 00:00:00+00:00, run_after=2024-10-07 00:00:00+00:00
[2024-10-07T21:35:51.712+0000] {processor.py:208} INFO - Processing /home/airflow/.local/lib/python3.12/site-packages/airflow/example_dags/example_bash_operator.py took 0.048 seconds
[2024-10-07T21:36:21.957+0000] {processor.py:186} INFO - Started process (PID=1090) to work on /home/airflow/.local/lib/python3.12/site-packages/airflow/example_dags/example_bash_operator.py
[2024-10-07T21:36:21.959+0000] {processor.py:914} INFO - Processing file /home/airflow/.local/lib/python3.12/site-packages/airflow/example_dags/example_bash_operator.py for tasks to queue
[2024-10-07T21:36:21.960+0000] {logging_mixin.py:190} INFO - [2024-10-07T21:36:21.960+0000] {dagbag.py:588} INFO - Filling up the DagBag from /home/airflow/.local/lib/python3.12/site-packages/airflow/example_dags/example_bash_operator.py
[2024-10-07T21:36:21.968+0000] {processor.py:925} INFO - DAG(s) 'example_bash_operator' retrieved from /home/airflow/.local/lib/python3.12/site-packages/airflow/example_dags/example_bash_operator.py
[2024-10-07T21:36:21.981+0000] {logging_mixin.py:190} INFO - [2024-10-07T21:36:21.981+0000] {dag.py:3239} INFO - Sync 1 DAGs
[2024-10-07T21:36:21.992+0000] {logging_mixin.py:190} INFO - [2024-10-07T21:36:21.992+0000] {dag.py:4180} INFO - Setting next_dagrun for example_bash_operator to 2024-10-06 00:00:00+00:00, run_after=2024-10-07 00:00:00+00:00
[2024-10-07T21:36:22.001+0000] {processor.py:208} INFO - Processing /home/airflow/.local/lib/python3.12/site-packages/airflow/example_dags/example_bash_operator.py took 0.047 seconds
[2024-10-07T21:36:52.245+0000] {processor.py:186} INFO - Started process (PID=1152) to work on /home/airflow/.local/lib/python3.12/site-packages/airflow/example_dags/example_bash_operator.py
[2024-10-07T21:36:52.247+0000] {processor.py:914} INFO - Processing file /home/airflow/.local/lib/python3.12/site-packages/airflow/example_dags/example_bash_operator.py for tasks to queue
[2024-10-07T21:36:52.248+0000] {logging_mixin.py:190} INFO - [2024-10-07T21:36:52.248+0000] {dagbag.py:588} INFO - Filling up the DagBag from /home/airflow/.local/lib/python3.12/site-packages/airflow/example_dags/example_bash_operator.py
[2024-10-07T21:36:52.255+0000] {processor.py:925} INFO - DAG(s) 'example_bash_operator' retrieved from /home/airflow/.local/lib/python3.12/site-packages/airflow/example_dags/example_bash_operator.py
[2024-10-07T21:36:52.268+0000] {logging_mixin.py:190} INFO - [2024-10-07T21:36:52.268+0000] {dag.py:3239} INFO - Sync 1 DAGs
[2024-10-07T21:36:52.279+0000] {logging_mixin.py:190} INFO - [2024-10-07T21:36:52.279+0000] {dag.py:4180} INFO - Setting next_dagrun for example_bash_operator to 2024-10-06 00:00:00+00:00, run_after=2024-10-07 00:00:00+00:00
[2024-10-07T21:36:52.287+0000] {processor.py:208} INFO - Processing /home/airflow/.local/lib/python3.12/site-packages/airflow/example_dags/example_bash_operator.py took 0.045 seconds
[2024-10-07T21:37:22.595+0000] {processor.py:186} INFO - Started process (PID=1214) to work on /home/airflow/.local/lib/python3.12/site-packages/airflow/example_dags/example_bash_operator.py
[2024-10-07T21:37:22.599+0000] {processor.py:914} INFO - Processing file /home/airflow/.local/lib/python3.12/site-packages/airflow/example_dags/example_bash_operator.py for tasks to queue
[2024-10-07T21:37:22.600+0000] {logging_mixin.py:190} INFO - [2024-10-07T21:37:22.600+0000] {dagbag.py:588} INFO - Filling up the DagBag from /home/airflow/.local/lib/python3.12/site-packages/airflow/example_dags/example_bash_operator.py
[2024-10-07T21:37:22.606+0000] {processor.py:925} INFO - DAG(s) 'example_bash_operator' retrieved from /home/airflow/.local/lib/python3.12/site-packages/airflow/example_dags/example_bash_operator.py
[2024-10-07T21:37:22.622+0000] {logging_mixin.py:190} INFO - [2024-10-07T21:37:22.620+0000] {dag.py:3239} INFO - Sync 1 DAGs
[2024-10-07T21:37:22.635+0000] {logging_mixin.py:190} INFO - [2024-10-07T21:37:22.635+0000] {dag.py:4180} INFO - Setting next_dagrun for example_bash_operator to 2024-10-06 00:00:00+00:00, run_after=2024-10-07 00:00:00+00:00
[2024-10-07T21:37:22.643+0000] {processor.py:208} INFO - Processing /home/airflow/.local/lib/python3.12/site-packages/airflow/example_dags/example_bash_operator.py took 0.051 seconds
[2024-10-07T21:37:52.966+0000] {processor.py:186} INFO - Started process (PID=1276) to work on /home/airflow/.local/lib/python3.12/site-packages/airflow/example_dags/example_bash_operator.py
[2024-10-07T21:37:52.966+0000] {processor.py:914} INFO - Processing file /home/airflow/.local/lib/python3.12/site-packages/airflow/example_dags/example_bash_operator.py for tasks to queue
[2024-10-07T21:37:52.968+0000] {logging_mixin.py:190} INFO - [2024-10-07T21:37:52.968+0000] {dagbag.py:588} INFO - Filling up the DagBag from /home/airflow/.local/lib/python3.12/site-packages/airflow/example_dags/example_bash_operator.py
[2024-10-07T21:37:52.976+0000] {processor.py:925} INFO - DAG(s) 'example_bash_operator' retrieved from /home/airflow/.local/lib/python3.12/site-packages/airflow/example_dags/example_bash_operator.py
[2024-10-07T21:37:52.990+0000] {logging_mixin.py:190} INFO - [2024-10-07T21:37:52.990+0000] {dag.py:3239} INFO - Sync 1 DAGs
[2024-10-07T21:37:53.004+0000] {logging_mixin.py:190} INFO - [2024-10-07T21:37:53.004+0000] {dag.py:4180} INFO - Setting next_dagrun for example_bash_operator to 2024-10-06 00:00:00+00:00, run_after=2024-10-07 00:00:00+00:00
[2024-10-07T21:37:53.014+0000] {processor.py:208} INFO - Processing /home/airflow/.local/lib/python3.12/site-packages/airflow/example_dags/example_bash_operator.py took 0.052 seconds
[2024-10-07T21:38:23.440+0000] {processor.py:186} INFO - Started process (PID=1338) to work on /home/airflow/.local/lib/python3.12/site-packages/airflow/example_dags/example_bash_operator.py
[2024-10-07T21:38:23.440+0000] {processor.py:914} INFO - Processing file /home/airflow/.local/lib/python3.12/site-packages/airflow/example_dags/example_bash_operator.py for tasks to queue
[2024-10-07T21:38:23.445+0000] {logging_mixin.py:190} INFO - [2024-10-07T21:38:23.445+0000] {dagbag.py:588} INFO - Filling up the DagBag from /home/airflow/.local/lib/python3.12/site-packages/airflow/example_dags/example_bash_operator.py
[2024-10-07T21:38:23.452+0000] {processor.py:925} INFO - DAG(s) 'example_bash_operator' retrieved from /home/airflow/.local/lib/python3.12/site-packages/airflow/example_dags/example_bash_operator.py
[2024-10-07T21:38:23.464+0000] {logging_mixin.py:190} INFO - [2024-10-07T21:38:23.464+0000] {dag.py:3239} INFO - Sync 1 DAGs
[2024-10-07T21:38:23.475+0000] {logging_mixin.py:190} INFO - [2024-10-07T21:38:23.475+0000] {dag.py:4180} INFO - Setting next_dagrun for example_bash_operator to 2024-10-06 00:00:00+00:00, run_after=2024-10-07 00:00:00+00:00
[2024-10-07T21:38:23.483+0000] {processor.py:208} INFO - Processing /home/airflow/.local/lib/python3.12/site-packages/airflow/example_dags/example_bash_operator.py took 0.046 seconds
[2024-10-07T21:38:53.850+0000] {processor.py:186} INFO - Started process (PID=1400) to work on /home/airflow/.local/lib/python3.12/site-packages/airflow/example_dags/example_bash_operator.py
[2024-10-07T21:38:53.850+0000] {processor.py:914} INFO - Processing file /home/airflow/.local/lib/python3.12/site-packages/airflow/example_dags/example_bash_operator.py for tasks to queue
[2024-10-07T21:38:53.851+0000] {logging_mixin.py:190} INFO - [2024-10-07T21:38:53.851+0000] {dagbag.py:588} INFO - Filling up the DagBag from /home/airflow/.local/lib/python3.12/site-packages/airflow/example_dags/example_bash_operator.py
[2024-10-07T21:38:53.859+0000] {processor.py:925} INFO - DAG(s) 'example_bash_operator' retrieved from /home/airflow/.local/lib/python3.12/site-packages/airflow/example_dags/example_bash_operator.py
[2024-10-07T21:38:53.870+0000] {logging_mixin.py:190} INFO - [2024-10-07T21:38:53.870+0000] {dag.py:3239} INFO - Sync 1 DAGs
[2024-10-07T21:38:53.880+0000] {logging_mixin.py:190} INFO - [2024-10-07T21:38:53.880+0000] {dag.py:4180} INFO - Setting next_dagrun for example_bash_operator to 2024-10-06 00:00:00+00:00, run_after=2024-10-07 00:00:00+00:00
[2024-10-07T21:38:53.888+0000] {processor.py:208} INFO - Processing /home/airflow/.local/lib/python3.12/site-packages/airflow/example_dags/example_bash_operator.py took 0.041 seconds
[2024-10-07T21:39:24.406+0000] {processor.py:186} INFO - Started process (PID=1462) to work on /home/airflow/.local/lib/python3.12/site-packages/airflow/example_dags/example_bash_operator.py
[2024-10-07T21:39:24.407+0000] {processor.py:914} INFO - Processing file /home/airflow/.local/lib/python3.12/site-packages/airflow/example_dags/example_bash_operator.py for tasks to queue
[2024-10-07T21:39:24.408+0000] {logging_mixin.py:190} INFO - [2024-10-07T21:39:24.408+0000] {dagbag.py:588} INFO - Filling up the DagBag from /home/airflow/.local/lib/python3.12/site-packages/airflow/example_dags/example_bash_operator.py
[2024-10-07T21:39:24.415+0000] {processor.py:925} INFO - DAG(s) 'example_bash_operator' retrieved from /home/airflow/.local/lib/python3.12/site-packages/airflow/example_dags/example_bash_operator.py
[2024-10-07T21:39:24.426+0000] {logging_mixin.py:190} INFO - [2024-10-07T21:39:24.426+0000] {dag.py:3239} INFO - Sync 1 DAGs
[2024-10-07T21:39:24.437+0000] {logging_mixin.py:190} INFO - [2024-10-07T21:39:24.437+0000] {dag.py:4180} INFO - Setting next_dagrun for example_bash_operator to 2024-10-06 00:00:00+00:00, run_after=2024-10-07 00:00:00+00:00
[2024-10-07T21:39:24.444+0000] {processor.py:208} INFO - Processing /home/airflow/.local/lib/python3.12/site-packages/airflow/example_dags/example_bash_operator.py took 0.040 seconds
[2024-10-07T21:39:54.940+0000] {processor.py:186} INFO - Started process (PID=1524) to work on /home/airflow/.local/lib/python3.12/site-packages/airflow/example_dags/example_bash_operator.py
[2024-10-07T21:39:54.941+0000] {processor.py:914} INFO - Processing file /home/airflow/.local/lib/python3.12/site-packages/airflow/example_dags/example_bash_operator.py for tasks to queue
[2024-10-07T21:39:54.944+0000] {logging_mixin.py:190} INFO - [2024-10-07T21:39:54.944+0000] {dagbag.py:588} INFO - Filling up the DagBag from /home/airflow/.local/lib/python3.12/site-packages/airflow/example_dags/example_bash_operator.py
[2024-10-07T21:39:54.951+0000] {processor.py:925} INFO - DAG(s) 'example_bash_operator' retrieved from /home/airflow/.local/lib/python3.12/site-packages/airflow/example_dags/example_bash_operator.py
[2024-10-07T21:39:54.968+0000] {logging_mixin.py:190} INFO - [2024-10-07T21:39:54.968+0000] {dag.py:3239} INFO - Sync 1 DAGs
[2024-10-07T21:39:54.981+0000] {logging_mixin.py:190} INFO - [2024-10-07T21:39:54.981+0000] {dag.py:4180} INFO - Setting next_dagrun for example_bash_operator to 2024-10-06 00:00:00+00:00, run_after=2024-10-07 00:00:00+00:00
[2024-10-07T21:39:54.991+0000] {processor.py:208} INFO - Processing /home/airflow/.local/lib/python3.12/site-packages/airflow/example_dags/example_bash_operator.py took 0.055 seconds
[2024-10-07T21:40:26.015+0000] {processor.py:186} INFO - Started process (PID=1585) to work on /home/airflow/.local/lib/python3.12/site-packages/airflow/example_dags/example_bash_operator.py
[2024-10-07T21:40:26.016+0000] {processor.py:914} INFO - Processing file /home/airflow/.local/lib/python3.12/site-packages/airflow/example_dags/example_bash_operator.py for tasks to queue
[2024-10-07T21:40:26.017+0000] {logging_mixin.py:190} INFO - [2024-10-07T21:40:26.017+0000] {dagbag.py:588} INFO - Filling up the DagBag from /home/airflow/.local/lib/python3.12/site-packages/airflow/example_dags/example_bash_operator.py
[2024-10-07T21:40:26.028+0000] {processor.py:925} INFO - DAG(s) 'example_bash_operator' retrieved from /home/airflow/.local/lib/python3.12/site-packages/airflow/example_dags/example_bash_operator.py
[2024-10-07T21:40:26.044+0000] {logging_mixin.py:190} INFO - [2024-10-07T21:40:26.044+0000] {dag.py:3239} INFO - Sync 1 DAGs
[2024-10-07T21:40:26.060+0000] {logging_mixin.py:190} INFO - [2024-10-07T21:40:26.060+0000] {dag.py:4180} INFO - Setting next_dagrun for example_bash_operator to 2024-10-06 00:00:00+00:00, run_after=2024-10-07 00:00:00+00:00
[2024-10-07T21:40:26.069+0000] {processor.py:208} INFO - Processing /home/airflow/.local/lib/python3.12/site-packages/airflow/example_dags/example_bash_operator.py took 0.058 seconds
[2024-10-07T21:40:56.751+0000] {processor.py:186} INFO - Started process (PID=1647) to work on /home/airflow/.local/lib/python3.12/site-packages/airflow/example_dags/example_bash_operator.py
[2024-10-07T21:40:56.755+0000] {processor.py:914} INFO - Processing file /home/airflow/.local/lib/python3.12/site-packages/airflow/example_dags/example_bash_operator.py for tasks to queue
[2024-10-07T21:40:56.757+0000] {logging_mixin.py:190} INFO - [2024-10-07T21:40:56.757+0000] {dagbag.py:588} INFO - Filling up the DagBag from /home/airflow/.local/lib/python3.12/site-packages/airflow/example_dags/example_bash_operator.py
[2024-10-07T21:40:56.765+0000] {processor.py:925} INFO - DAG(s) 'example_bash_operator' retrieved from /home/airflow/.local/lib/python3.12/site-packages/airflow/example_dags/example_bash_operator.py
[2024-10-07T21:40:56.782+0000] {logging_mixin.py:190} INFO - [2024-10-07T21:40:56.782+0000] {dag.py:3239} INFO - Sync 1 DAGs
[2024-10-07T21:40:56.802+0000] {logging_mixin.py:190} INFO - [2024-10-07T21:40:56.801+0000] {dag.py:4180} INFO - Setting next_dagrun for example_bash_operator to 2024-10-06 00:00:00+00:00, run_after=2024-10-07 00:00:00+00:00
[2024-10-07T21:40:56.816+0000] {processor.py:208} INFO - Processing /home/airflow/.local/lib/python3.12/site-packages/airflow/example_dags/example_bash_operator.py took 0.068 seconds
[2024-10-07T21:41:27.064+0000] {processor.py:186} INFO - Started process (PID=1709) to work on /home/airflow/.local/lib/python3.12/site-packages/airflow/example_dags/example_bash_operator.py
[2024-10-07T21:41:27.066+0000] {processor.py:914} INFO - Processing file /home/airflow/.local/lib/python3.12/site-packages/airflow/example_dags/example_bash_operator.py for tasks to queue
[2024-10-07T21:41:27.067+0000] {logging_mixin.py:190} INFO - [2024-10-07T21:41:27.067+0000] {dagbag.py:588} INFO - Filling up the DagBag from /home/airflow/.local/lib/python3.12/site-packages/airflow/example_dags/example_bash_operator.py
[2024-10-07T21:41:27.074+0000] {processor.py:925} INFO - DAG(s) 'example_bash_operator' retrieved from /home/airflow/.local/lib/python3.12/site-packages/airflow/example_dags/example_bash_operator.py
[2024-10-07T21:41:27.088+0000] {logging_mixin.py:190} INFO - [2024-10-07T21:41:27.087+0000] {dag.py:3239} INFO - Sync 1 DAGs
[2024-10-07T21:41:27.100+0000] {logging_mixin.py:190} INFO - [2024-10-07T21:41:27.099+0000] {dag.py:4180} INFO - Setting next_dagrun for example_bash_operator to 2024-10-06 00:00:00+00:00, run_after=2024-10-07 00:00:00+00:00
[2024-10-07T21:41:27.114+0000] {processor.py:208} INFO - Processing /home/airflow/.local/lib/python3.12/site-packages/airflow/example_dags/example_bash_operator.py took 0.054 seconds
[2024-10-07T21:41:57.924+0000] {processor.py:186} INFO - Started process (PID=1771) to work on /home/airflow/.local/lib/python3.12/site-packages/airflow/example_dags/example_bash_operator.py
[2024-10-07T21:41:57.925+0000] {processor.py:914} INFO - Processing file /home/airflow/.local/lib/python3.12/site-packages/airflow/example_dags/example_bash_operator.py for tasks to queue
[2024-10-07T21:41:57.927+0000] {logging_mixin.py:190} INFO - [2024-10-07T21:41:57.927+0000] {dagbag.py:588} INFO - Filling up the DagBag from /home/airflow/.local/lib/python3.12/site-packages/airflow/example_dags/example_bash_operator.py
[2024-10-07T21:41:57.933+0000] {processor.py:925} INFO - DAG(s) 'example_bash_operator' retrieved from /home/airflow/.local/lib/python3.12/site-packages/airflow/example_dags/example_bash_operator.py
[2024-10-07T21:41:57.948+0000] {logging_mixin.py:190} INFO - [2024-10-07T21:41:57.948+0000] {dag.py:3239} INFO - Sync 1 DAGs
[2024-10-07T21:41:57.960+0000] {logging_mixin.py:190} INFO - [2024-10-07T21:41:57.960+0000] {dag.py:4180} INFO - Setting next_dagrun for example_bash_operator to 2024-10-06 00:00:00+00:00, run_after=2024-10-07 00:00:00+00:00
[2024-10-07T21:41:57.970+0000] {processor.py:208} INFO - Processing /home/airflow/.local/lib/python3.12/site-packages/airflow/example_dags/example_bash_operator.py took 0.049 seconds
[2024-10-07T21:42:28.722+0000] {processor.py:186} INFO - Started process (PID=1833) to work on /home/airflow/.local/lib/python3.12/site-packages/airflow/example_dags/example_bash_operator.py
[2024-10-07T21:42:28.723+0000] {processor.py:914} INFO - Processing file /home/airflow/.local/lib/python3.12/site-packages/airflow/example_dags/example_bash_operator.py for tasks to queue
[2024-10-07T21:42:28.726+0000] {logging_mixin.py:190} INFO - [2024-10-07T21:42:28.726+0000] {dagbag.py:588} INFO - Filling up the DagBag from /home/airflow/.local/lib/python3.12/site-packages/airflow/example_dags/example_bash_operator.py
[2024-10-07T21:42:28.737+0000] {processor.py:925} INFO - DAG(s) 'example_bash_operator' retrieved from /home/airflow/.local/lib/python3.12/site-packages/airflow/example_dags/example_bash_operator.py
[2024-10-07T21:42:28.757+0000] {logging_mixin.py:190} INFO - [2024-10-07T21:42:28.757+0000] {dag.py:3239} INFO - Sync 1 DAGs
[2024-10-07T21:42:28.771+0000] {logging_mixin.py:190} INFO - [2024-10-07T21:42:28.771+0000] {dag.py:4180} INFO - Setting next_dagrun for example_bash_operator to 2024-10-06 00:00:00+00:00, run_after=2024-10-07 00:00:00+00:00
[2024-10-07T21:42:28.781+0000] {processor.py:208} INFO - Processing /home/airflow/.local/lib/python3.12/site-packages/airflow/example_dags/example_bash_operator.py took 0.063 seconds
[2024-10-07T21:42:59.698+0000] {processor.py:186} INFO - Started process (PID=1895) to work on /home/airflow/.local/lib/python3.12/site-packages/airflow/example_dags/example_bash_operator.py
[2024-10-07T21:42:59.698+0000] {processor.py:914} INFO - Processing file /home/airflow/.local/lib/python3.12/site-packages/airflow/example_dags/example_bash_operator.py for tasks to queue
[2024-10-07T21:42:59.700+0000] {logging_mixin.py:190} INFO - [2024-10-07T21:42:59.700+0000] {dagbag.py:588} INFO - Filling up the DagBag from /home/airflow/.local/lib/python3.12/site-packages/airflow/example_dags/example_bash_operator.py
[2024-10-07T21:42:59.706+0000] {processor.py:925} INFO - DAG(s) 'example_bash_operator' retrieved from /home/airflow/.local/lib/python3.12/site-packages/airflow/example_dags/example_bash_operator.py
[2024-10-07T21:42:59.720+0000] {logging_mixin.py:190} INFO - [2024-10-07T21:42:59.720+0000] {dag.py:3239} INFO - Sync 1 DAGs
[2024-10-07T21:42:59.735+0000] {logging_mixin.py:190} INFO - [2024-10-07T21:42:59.735+0000] {dag.py:4180} INFO - Setting next_dagrun for example_bash_operator to 2024-10-06 00:00:00+00:00, run_after=2024-10-07 00:00:00+00:00
[2024-10-07T21:42:59.746+0000] {processor.py:208} INFO - Processing /home/airflow/.local/lib/python3.12/site-packages/airflow/example_dags/example_bash_operator.py took 0.052 seconds
[2024-10-07T21:43:30.821+0000] {processor.py:186} INFO - Started process (PID=1957) to work on /home/airflow/.local/lib/python3.12/site-packages/airflow/example_dags/example_bash_operator.py
[2024-10-07T21:43:30.825+0000] {processor.py:914} INFO - Processing file /home/airflow/.local/lib/python3.12/site-packages/airflow/example_dags/example_bash_operator.py for tasks to queue
[2024-10-07T21:43:30.828+0000] {logging_mixin.py:190} INFO - [2024-10-07T21:43:30.827+0000] {dagbag.py:588} INFO - Filling up the DagBag from /home/airflow/.local/lib/python3.12/site-packages/airflow/example_dags/example_bash_operator.py
[2024-10-07T21:43:30.848+0000] {processor.py:925} INFO - DAG(s) 'example_bash_operator' retrieved from /home/airflow/.local/lib/python3.12/site-packages/airflow/example_dags/example_bash_operator.py
[2024-10-07T21:43:30.870+0000] {logging_mixin.py:190} INFO - [2024-10-07T21:43:30.869+0000] {dag.py:3239} INFO - Sync 1 DAGs
[2024-10-07T21:43:30.887+0000] {logging_mixin.py:190} INFO - [2024-10-07T21:43:30.887+0000] {dag.py:4180} INFO - Setting next_dagrun for example_bash_operator to 2024-10-06 00:00:00+00:00, run_after=2024-10-07 00:00:00+00:00
[2024-10-07T21:43:30.898+0000] {processor.py:208} INFO - Processing /home/airflow/.local/lib/python3.12/site-packages/airflow/example_dags/example_bash_operator.py took 0.083 seconds
[2024-10-07T21:44:02.082+0000] {processor.py:186} INFO - Started process (PID=2019) to work on /home/airflow/.local/lib/python3.12/site-packages/airflow/example_dags/example_bash_operator.py
[2024-10-07T21:44:02.084+0000] {processor.py:914} INFO - Processing file /home/airflow/.local/lib/python3.12/site-packages/airflow/example_dags/example_bash_operator.py for tasks to queue
[2024-10-07T21:44:02.086+0000] {logging_mixin.py:190} INFO - [2024-10-07T21:44:02.086+0000] {dagbag.py:588} INFO - Filling up the DagBag from /home/airflow/.local/lib/python3.12/site-packages/airflow/example_dags/example_bash_operator.py
[2024-10-07T21:44:02.099+0000] {processor.py:925} INFO - DAG(s) 'example_bash_operator' retrieved from /home/airflow/.local/lib/python3.12/site-packages/airflow/example_dags/example_bash_operator.py
[2024-10-07T21:44:02.114+0000] {logging_mixin.py:190} INFO - [2024-10-07T21:44:02.114+0000] {dag.py:3239} INFO - Sync 1 DAGs
[2024-10-07T21:44:02.127+0000] {logging_mixin.py:190} INFO - [2024-10-07T21:44:02.126+0000] {dag.py:4180} INFO - Setting next_dagrun for example_bash_operator to 2024-10-06 00:00:00+00:00, run_after=2024-10-07 00:00:00+00:00
[2024-10-07T21:44:02.136+0000] {processor.py:208} INFO - Processing /home/airflow/.local/lib/python3.12/site-packages/airflow/example_dags/example_bash_operator.py took 0.058 seconds
[2024-10-07T21:44:32.876+0000] {processor.py:186} INFO - Started process (PID=2081) to work on /home/airflow/.local/lib/python3.12/site-packages/airflow/example_dags/example_bash_operator.py
[2024-10-07T21:44:32.877+0000] {processor.py:914} INFO - Processing file /home/airflow/.local/lib/python3.12/site-packages/airflow/example_dags/example_bash_operator.py for tasks to queue
[2024-10-07T21:44:32.878+0000] {logging_mixin.py:190} INFO - [2024-10-07T21:44:32.878+0000] {dagbag.py:588} INFO - Filling up the DagBag from /home/airflow/.local/lib/python3.12/site-packages/airflow/example_dags/example_bash_operator.py
[2024-10-07T21:44:32.884+0000] {processor.py:925} INFO - DAG(s) 'example_bash_operator' retrieved from /home/airflow/.local/lib/python3.12/site-packages/airflow/example_dags/example_bash_operator.py
[2024-10-07T21:44:32.896+0000] {logging_mixin.py:190} INFO - [2024-10-07T21:44:32.896+0000] {dag.py:3239} INFO - Sync 1 DAGs
[2024-10-07T21:44:32.907+0000] {logging_mixin.py:190} INFO - [2024-10-07T21:44:32.907+0000] {dag.py:4180} INFO - Setting next_dagrun for example_bash_operator to 2024-10-06 00:00:00+00:00, run_after=2024-10-07 00:00:00+00:00
[2024-10-07T21:44:32.915+0000] {processor.py:208} INFO - Processing /home/airflow/.local/lib/python3.12/site-packages/airflow/example_dags/example_bash_operator.py took 0.043 seconds
[2024-10-07T21:45:03.899+0000] {processor.py:186} INFO - Started process (PID=2143) to work on /home/airflow/.local/lib/python3.12/site-packages/airflow/example_dags/example_bash_operator.py
[2024-10-07T21:45:03.902+0000] {processor.py:914} INFO - Processing file /home/airflow/.local/lib/python3.12/site-packages/airflow/example_dags/example_bash_operator.py for tasks to queue
[2024-10-07T21:45:03.903+0000] {logging_mixin.py:190} INFO - [2024-10-07T21:45:03.903+0000] {dagbag.py:588} INFO - Filling up the DagBag from /home/airflow/.local/lib/python3.12/site-packages/airflow/example_dags/example_bash_operator.py
[2024-10-07T21:45:03.910+0000] {processor.py:925} INFO - DAG(s) 'example_bash_operator' retrieved from /home/airflow/.local/lib/python3.12/site-packages/airflow/example_dags/example_bash_operator.py
[2024-10-07T21:45:03.924+0000] {logging_mixin.py:190} INFO - [2024-10-07T21:45:03.924+0000] {dag.py:3239} INFO - Sync 1 DAGs
[2024-10-07T21:45:03.936+0000] {logging_mixin.py:190} INFO - [2024-10-07T21:45:03.936+0000] {dag.py:4180} INFO - Setting next_dagrun for example_bash_operator to 2024-10-06 00:00:00+00:00, run_after=2024-10-07 00:00:00+00:00
[2024-10-07T21:45:03.944+0000] {processor.py:208} INFO - Processing /home/airflow/.local/lib/python3.12/site-packages/airflow/example_dags/example_bash_operator.py took 0.048 seconds
[2024-10-07T21:45:34.715+0000] {processor.py:186} INFO - Started process (PID=2205) to work on /home/airflow/.local/lib/python3.12/site-packages/airflow/example_dags/example_bash_operator.py
[2024-10-07T21:45:34.716+0000] {processor.py:914} INFO - Processing file /home/airflow/.local/lib/python3.12/site-packages/airflow/example_dags/example_bash_operator.py for tasks to queue
[2024-10-07T21:45:34.718+0000] {logging_mixin.py:190} INFO - [2024-10-07T21:45:34.718+0000] {dagbag.py:588} INFO - Filling up the DagBag from /home/airflow/.local/lib/python3.12/site-packages/airflow/example_dags/example_bash_operator.py
[2024-10-07T21:45:34.725+0000] {processor.py:925} INFO - DAG(s) 'example_bash_operator' retrieved from /home/airflow/.local/lib/python3.12/site-packages/airflow/example_dags/example_bash_operator.py
[2024-10-07T21:45:34.737+0000] {logging_mixin.py:190} INFO - [2024-10-07T21:45:34.737+0000] {dag.py:3239} INFO - Sync 1 DAGs
[2024-10-07T21:45:34.749+0000] {logging_mixin.py:190} INFO - [2024-10-07T21:45:34.749+0000] {dag.py:4180} INFO - Setting next_dagrun for example_bash_operator to 2024-10-06 00:00:00+00:00, run_after=2024-10-07 00:00:00+00:00
[2024-10-07T21:45:34.759+0000] {processor.py:208} INFO - Processing /home/airflow/.local/lib/python3.12/site-packages/airflow/example_dags/example_bash_operator.py took 0.048 seconds
[2024-10-07T21:46:05.090+0000] {processor.py:186} INFO - Started process (PID=2267) to work on /home/airflow/.local/lib/python3.12/site-packages/airflow/example_dags/example_bash_operator.py
[2024-10-07T21:46:05.091+0000] {processor.py:914} INFO - Processing file /home/airflow/.local/lib/python3.12/site-packages/airflow/example_dags/example_bash_operator.py for tasks to queue
[2024-10-07T21:46:05.093+0000] {logging_mixin.py:190} INFO - [2024-10-07T21:46:05.092+0000] {dagbag.py:588} INFO - Filling up the DagBag from /home/airflow/.local/lib/python3.12/site-packages/airflow/example_dags/example_bash_operator.py
[2024-10-07T21:46:05.099+0000] {processor.py:925} INFO - DAG(s) 'example_bash_operator' retrieved from /home/airflow/.local/lib/python3.12/site-packages/airflow/example_dags/example_bash_operator.py
[2024-10-07T21:46:05.111+0000] {logging_mixin.py:190} INFO - [2024-10-07T21:46:05.111+0000] {dag.py:3239} INFO - Sync 1 DAGs
[2024-10-07T21:46:05.122+0000] {logging_mixin.py:190} INFO - [2024-10-07T21:46:05.122+0000] {dag.py:4180} INFO - Setting next_dagrun for example_bash_operator to 2024-10-06 00:00:00+00:00, run_after=2024-10-07 00:00:00+00:00
[2024-10-07T21:46:05.130+0000] {processor.py:208} INFO - Processing /home/airflow/.local/lib/python3.12/site-packages/airflow/example_dags/example_bash_operator.py took 0.044 seconds
[2024-10-07T21:46:36.121+0000] {processor.py:186} INFO - Started process (PID=2329) to work on /home/airflow/.local/lib/python3.12/site-packages/airflow/example_dags/example_bash_operator.py
[2024-10-07T21:46:36.122+0000] {processor.py:914} INFO - Processing file /home/airflow/.local/lib/python3.12/site-packages/airflow/example_dags/example_bash_operator.py for tasks to queue
[2024-10-07T21:46:36.124+0000] {logging_mixin.py:190} INFO - [2024-10-07T21:46:36.124+0000] {dagbag.py:588} INFO - Filling up the DagBag from /home/airflow/.local/lib/python3.12/site-packages/airflow/example_dags/example_bash_operator.py
[2024-10-07T21:46:36.130+0000] {processor.py:925} INFO - DAG(s) 'example_bash_operator' retrieved from /home/airflow/.local/lib/python3.12/site-packages/airflow/example_dags/example_bash_operator.py
[2024-10-07T21:46:36.144+0000] {logging_mixin.py:190} INFO - [2024-10-07T21:46:36.144+0000] {dag.py:3239} INFO - Sync 1 DAGs
[2024-10-07T21:46:36.157+0000] {logging_mixin.py:190} INFO - [2024-10-07T21:46:36.156+0000] {dag.py:4180} INFO - Setting next_dagrun for example_bash_operator to 2024-10-06 00:00:00+00:00, run_after=2024-10-07 00:00:00+00:00
[2024-10-07T21:46:36.165+0000] {processor.py:208} INFO - Processing /home/airflow/.local/lib/python3.12/site-packages/airflow/example_dags/example_bash_operator.py took 0.048 seconds
[2024-10-07T21:47:06.909+0000] {processor.py:186} INFO - Started process (PID=2391) to work on /home/airflow/.local/lib/python3.12/site-packages/airflow/example_dags/example_bash_operator.py
[2024-10-07T21:47:06.910+0000] {processor.py:914} INFO - Processing file /home/airflow/.local/lib/python3.12/site-packages/airflow/example_dags/example_bash_operator.py for tasks to queue
[2024-10-07T21:47:06.911+0000] {logging_mixin.py:190} INFO - [2024-10-07T21:47:06.911+0000] {dagbag.py:588} INFO - Filling up the DagBag from /home/airflow/.local/lib/python3.12/site-packages/airflow/example_dags/example_bash_operator.py
[2024-10-07T21:47:06.919+0000] {processor.py:925} INFO - DAG(s) 'example_bash_operator' retrieved from /home/airflow/.local/lib/python3.12/site-packages/airflow/example_dags/example_bash_operator.py
[2024-10-07T21:47:06.933+0000] {logging_mixin.py:190} INFO - [2024-10-07T21:47:06.933+0000] {dag.py:3239} INFO - Sync 1 DAGs
[2024-10-07T21:47:06.945+0000] {logging_mixin.py:190} INFO - [2024-10-07T21:47:06.945+0000] {dag.py:4180} INFO - Setting next_dagrun for example_bash_operator to 2024-10-06 00:00:00+00:00, run_after=2024-10-07 00:00:00+00:00
[2024-10-07T21:47:06.954+0000] {processor.py:208} INFO - Processing /home/airflow/.local/lib/python3.12/site-packages/airflow/example_dags/example_bash_operator.py took 0.048 seconds
[2024-10-07T21:47:38.206+0000] {processor.py:186} INFO - Started process (PID=2453) to work on /home/airflow/.local/lib/python3.12/site-packages/airflow/example_dags/example_bash_operator.py
[2024-10-07T21:47:38.208+0000] {processor.py:914} INFO - Processing file /home/airflow/.local/lib/python3.12/site-packages/airflow/example_dags/example_bash_operator.py for tasks to queue
[2024-10-07T21:47:38.210+0000] {logging_mixin.py:190} INFO - [2024-10-07T21:47:38.209+0000] {dagbag.py:588} INFO - Filling up the DagBag from /home/airflow/.local/lib/python3.12/site-packages/airflow/example_dags/example_bash_operator.py
[2024-10-07T21:47:38.219+0000] {processor.py:925} INFO - DAG(s) 'example_bash_operator' retrieved from /home/airflow/.local/lib/python3.12/site-packages/airflow/example_dags/example_bash_operator.py
[2024-10-07T21:47:38.238+0000] {logging_mixin.py:190} INFO - [2024-10-07T21:47:38.237+0000] {dag.py:3239} INFO - Sync 1 DAGs
[2024-10-07T21:47:38.251+0000] {logging_mixin.py:190} INFO - [2024-10-07T21:47:38.251+0000] {dag.py:4180} INFO - Setting next_dagrun for example_bash_operator to 2024-10-06 00:00:00+00:00, run_after=2024-10-07 00:00:00+00:00
[2024-10-07T21:47:38.262+0000] {processor.py:208} INFO - Processing /home/airflow/.local/lib/python3.12/site-packages/airflow/example_dags/example_bash_operator.py took 0.060 seconds
[2024-10-07T21:48:09.378+0000] {processor.py:186} INFO - Started process (PID=2515) to work on /home/airflow/.local/lib/python3.12/site-packages/airflow/example_dags/example_bash_operator.py
[2024-10-07T21:48:09.379+0000] {processor.py:914} INFO - Processing file /home/airflow/.local/lib/python3.12/site-packages/airflow/example_dags/example_bash_operator.py for tasks to queue
[2024-10-07T21:48:09.380+0000] {logging_mixin.py:190} INFO - [2024-10-07T21:48:09.380+0000] {dagbag.py:588} INFO - Filling up the DagBag from /home/airflow/.local/lib/python3.12/site-packages/airflow/example_dags/example_bash_operator.py
[2024-10-07T21:48:09.389+0000] {processor.py:925} INFO - DAG(s) 'example_bash_operator' retrieved from /home/airflow/.local/lib/python3.12/site-packages/airflow/example_dags/example_bash_operator.py
[2024-10-07T21:48:09.402+0000] {logging_mixin.py:190} INFO - [2024-10-07T21:48:09.402+0000] {dag.py:3239} INFO - Sync 1 DAGs
[2024-10-07T21:48:09.414+0000] {logging_mixin.py:190} INFO - [2024-10-07T21:48:09.413+0000] {dag.py:4180} INFO - Setting next_dagrun for example_bash_operator to 2024-10-06 00:00:00+00:00, run_after=2024-10-07 00:00:00+00:00
[2024-10-07T21:48:09.423+0000] {processor.py:208} INFO - Processing /home/airflow/.local/lib/python3.12/site-packages/airflow/example_dags/example_bash_operator.py took 0.048 seconds
[2024-10-07T21:48:40.565+0000] {processor.py:186} INFO - Started process (PID=2577) to work on /home/airflow/.local/lib/python3.12/site-packages/airflow/example_dags/example_bash_operator.py
[2024-10-07T21:48:40.565+0000] {processor.py:914} INFO - Processing file /home/airflow/.local/lib/python3.12/site-packages/airflow/example_dags/example_bash_operator.py for tasks to queue
[2024-10-07T21:48:40.567+0000] {logging_mixin.py:190} INFO - [2024-10-07T21:48:40.567+0000] {dagbag.py:588} INFO - Filling up the DagBag from /home/airflow/.local/lib/python3.12/site-packages/airflow/example_dags/example_bash_operator.py
[2024-10-07T21:48:40.575+0000] {processor.py:925} INFO - DAG(s) 'example_bash_operator' retrieved from /home/airflow/.local/lib/python3.12/site-packages/airflow/example_dags/example_bash_operator.py
[2024-10-07T21:48:40.590+0000] {logging_mixin.py:190} INFO - [2024-10-07T21:48:40.589+0000] {dag.py:3239} INFO - Sync 1 DAGs
[2024-10-07T21:48:40.602+0000] {logging_mixin.py:190} INFO - [2024-10-07T21:48:40.601+0000] {dag.py:4180} INFO - Setting next_dagrun for example_bash_operator to 2024-10-06 00:00:00+00:00, run_after=2024-10-07 00:00:00+00:00
[2024-10-07T21:48:40.610+0000] {processor.py:208} INFO - Processing /home/airflow/.local/lib/python3.12/site-packages/airflow/example_dags/example_bash_operator.py took 0.048 seconds
[2024-10-07T21:49:11.321+0000] {processor.py:186} INFO - Started process (PID=2639) to work on /home/airflow/.local/lib/python3.12/site-packages/airflow/example_dags/example_bash_operator.py
[2024-10-07T21:49:11.325+0000] {processor.py:914} INFO - Processing file /home/airflow/.local/lib/python3.12/site-packages/airflow/example_dags/example_bash_operator.py for tasks to queue
[2024-10-07T21:49:11.326+0000] {logging_mixin.py:190} INFO - [2024-10-07T21:49:11.326+0000] {dagbag.py:588} INFO - Filling up the DagBag from /home/airflow/.local/lib/python3.12/site-packages/airflow/example_dags/example_bash_operator.py
[2024-10-07T21:49:11.333+0000] {processor.py:925} INFO - DAG(s) 'example_bash_operator' retrieved from /home/airflow/.local/lib/python3.12/site-packages/airflow/example_dags/example_bash_operator.py
[2024-10-07T21:49:11.347+0000] {logging_mixin.py:190} INFO - [2024-10-07T21:49:11.346+0000] {dag.py:3239} INFO - Sync 1 DAGs
[2024-10-07T21:49:11.358+0000] {logging_mixin.py:190} INFO - [2024-10-07T21:49:11.358+0000] {dag.py:4180} INFO - Setting next_dagrun for example_bash_operator to 2024-10-06 00:00:00+00:00, run_after=2024-10-07 00:00:00+00:00
[2024-10-07T21:49:11.366+0000] {processor.py:208} INFO - Processing /home/airflow/.local/lib/python3.12/site-packages/airflow/example_dags/example_bash_operator.py took 0.047 seconds
[2024-10-07T21:49:42.133+0000] {processor.py:186} INFO - Started process (PID=2701) to work on /home/airflow/.local/lib/python3.12/site-packages/airflow/example_dags/example_bash_operator.py
[2024-10-07T21:49:42.134+0000] {processor.py:914} INFO - Processing file /home/airflow/.local/lib/python3.12/site-packages/airflow/example_dags/example_bash_operator.py for tasks to queue
[2024-10-07T21:49:42.136+0000] {logging_mixin.py:190} INFO - [2024-10-07T21:49:42.136+0000] {dagbag.py:588} INFO - Filling up the DagBag from /home/airflow/.local/lib/python3.12/site-packages/airflow/example_dags/example_bash_operator.py
[2024-10-07T21:49:42.143+0000] {processor.py:925} INFO - DAG(s) 'example_bash_operator' retrieved from /home/airflow/.local/lib/python3.12/site-packages/airflow/example_dags/example_bash_operator.py
[2024-10-07T21:49:42.157+0000] {logging_mixin.py:190} INFO - [2024-10-07T21:49:42.156+0000] {dag.py:3239} INFO - Sync 1 DAGs
[2024-10-07T21:49:42.169+0000] {logging_mixin.py:190} INFO - [2024-10-07T21:49:42.169+0000] {dag.py:4180} INFO - Setting next_dagrun for example_bash_operator to 2024-10-06 00:00:00+00:00, run_after=2024-10-07 00:00:00+00:00
[2024-10-07T21:49:42.180+0000] {processor.py:208} INFO - Processing /home/airflow/.local/lib/python3.12/site-packages/airflow/example_dags/example_bash_operator.py took 0.050 seconds
[2024-10-07T21:50:12.568+0000] {processor.py:186} INFO - Started process (PID=2763) to work on /home/airflow/.local/lib/python3.12/site-packages/airflow/example_dags/example_bash_operator.py
[2024-10-07T21:50:12.569+0000] {processor.py:914} INFO - Processing file /home/airflow/.local/lib/python3.12/site-packages/airflow/example_dags/example_bash_operator.py for tasks to queue
[2024-10-07T21:50:12.570+0000] {logging_mixin.py:190} INFO - [2024-10-07T21:50:12.570+0000] {dagbag.py:588} INFO - Filling up the DagBag from /home/airflow/.local/lib/python3.12/site-packages/airflow/example_dags/example_bash_operator.py
[2024-10-07T21:50:12.578+0000] {processor.py:925} INFO - DAG(s) 'example_bash_operator' retrieved from /home/airflow/.local/lib/python3.12/site-packages/airflow/example_dags/example_bash_operator.py
[2024-10-07T21:50:12.592+0000] {logging_mixin.py:190} INFO - [2024-10-07T21:50:12.592+0000] {dag.py:3239} INFO - Sync 1 DAGs
[2024-10-07T21:50:12.604+0000] {logging_mixin.py:190} INFO - [2024-10-07T21:50:12.604+0000] {dag.py:4180} INFO - Setting next_dagrun for example_bash_operator to 2024-10-06 00:00:00+00:00, run_after=2024-10-07 00:00:00+00:00
[2024-10-07T21:50:12.616+0000] {processor.py:208} INFO - Processing /home/airflow/.local/lib/python3.12/site-packages/airflow/example_dags/example_bash_operator.py took 0.051 seconds
[2024-10-07T21:50:44.653+0000] {processor.py:186} INFO - Started process (PID=2831) to work on /home/airflow/.local/lib/python3.12/site-packages/airflow/example_dags/example_bash_operator.py
[2024-10-07T21:50:44.653+0000] {processor.py:914} INFO - Processing file /home/airflow/.local/lib/python3.12/site-packages/airflow/example_dags/example_bash_operator.py for tasks to queue
[2024-10-07T21:50:44.656+0000] {logging_mixin.py:190} INFO - [2024-10-07T21:50:44.655+0000] {dagbag.py:588} INFO - Filling up the DagBag from /home/airflow/.local/lib/python3.12/site-packages/airflow/example_dags/example_bash_operator.py
[2024-10-07T21:50:44.666+0000] {processor.py:925} INFO - DAG(s) 'example_bash_operator' retrieved from /home/airflow/.local/lib/python3.12/site-packages/airflow/example_dags/example_bash_operator.py
[2024-10-07T21:50:44.682+0000] {logging_mixin.py:190} INFO - [2024-10-07T21:50:44.682+0000] {dag.py:3239} INFO - Sync 1 DAGs
[2024-10-07T21:50:44.694+0000] {logging_mixin.py:190} INFO - [2024-10-07T21:50:44.694+0000] {dag.py:4180} INFO - Setting next_dagrun for example_bash_operator to 2024-10-06 00:00:00+00:00, run_after=2024-10-07 00:00:00+00:00
[2024-10-07T21:50:44.702+0000] {processor.py:208} INFO - Processing /home/airflow/.local/lib/python3.12/site-packages/airflow/example_dags/example_bash_operator.py took 0.052 seconds
[2024-10-07T21:51:15.893+0000] {processor.py:186} INFO - Started process (PID=2893) to work on /home/airflow/.local/lib/python3.12/site-packages/airflow/example_dags/example_bash_operator.py
[2024-10-07T21:51:15.894+0000] {processor.py:914} INFO - Processing file /home/airflow/.local/lib/python3.12/site-packages/airflow/example_dags/example_bash_operator.py for tasks to queue
[2024-10-07T21:51:15.895+0000] {logging_mixin.py:190} INFO - [2024-10-07T21:51:15.895+0000] {dagbag.py:588} INFO - Filling up the DagBag from /home/airflow/.local/lib/python3.12/site-packages/airflow/example_dags/example_bash_operator.py
[2024-10-07T21:51:15.903+0000] {processor.py:925} INFO - DAG(s) 'example_bash_operator' retrieved from /home/airflow/.local/lib/python3.12/site-packages/airflow/example_dags/example_bash_operator.py
[2024-10-07T21:51:16.043+0000] {logging_mixin.py:190} INFO - [2024-10-07T21:51:16.042+0000] {dag.py:3239} INFO - Sync 1 DAGs
[2024-10-07T21:51:16.060+0000] {logging_mixin.py:190} INFO - [2024-10-07T21:51:16.060+0000] {dag.py:4180} INFO - Setting next_dagrun for example_bash_operator to 2024-10-06 00:00:00+00:00, run_after=2024-10-07 00:00:00+00:00
[2024-10-07T21:51:16.069+0000] {processor.py:208} INFO - Processing /home/airflow/.local/lib/python3.12/site-packages/airflow/example_dags/example_bash_operator.py took 0.179 seconds
[2024-10-07T21:51:46.534+0000] {processor.py:186} INFO - Started process (PID=2955) to work on /home/airflow/.local/lib/python3.12/site-packages/airflow/example_dags/example_bash_operator.py
[2024-10-07T21:51:46.534+0000] {processor.py:914} INFO - Processing file /home/airflow/.local/lib/python3.12/site-packages/airflow/example_dags/example_bash_operator.py for tasks to queue
[2024-10-07T21:51:46.537+0000] {logging_mixin.py:190} INFO - [2024-10-07T21:51:46.536+0000] {dagbag.py:588} INFO - Filling up the DagBag from /home/airflow/.local/lib/python3.12/site-packages/airflow/example_dags/example_bash_operator.py
[2024-10-07T21:51:46.548+0000] {processor.py:925} INFO - DAG(s) 'example_bash_operator' retrieved from /home/airflow/.local/lib/python3.12/site-packages/airflow/example_dags/example_bash_operator.py
[2024-10-07T21:51:46.564+0000] {logging_mixin.py:190} INFO - [2024-10-07T21:51:46.563+0000] {dag.py:3239} INFO - Sync 1 DAGs
[2024-10-07T21:51:46.687+0000] {logging_mixin.py:190} INFO - [2024-10-07T21:51:46.687+0000] {dag.py:4180} INFO - Setting next_dagrun for example_bash_operator to 2024-10-06 00:00:00+00:00, run_after=2024-10-07 00:00:00+00:00
[2024-10-07T21:51:46.697+0000] {processor.py:208} INFO - Processing /home/airflow/.local/lib/python3.12/site-packages/airflow/example_dags/example_bash_operator.py took 0.167 seconds
[2024-10-07T21:52:16.717+0000] {processor.py:186} INFO - Started process (PID=3017) to work on /home/airflow/.local/lib/python3.12/site-packages/airflow/example_dags/example_bash_operator.py
[2024-10-07T21:52:16.718+0000] {processor.py:914} INFO - Processing file /home/airflow/.local/lib/python3.12/site-packages/airflow/example_dags/example_bash_operator.py for tasks to queue
[2024-10-07T21:52:16.719+0000] {logging_mixin.py:190} INFO - [2024-10-07T21:52:16.719+0000] {dagbag.py:588} INFO - Filling up the DagBag from /home/airflow/.local/lib/python3.12/site-packages/airflow/example_dags/example_bash_operator.py
[2024-10-07T21:52:16.725+0000] {processor.py:925} INFO - DAG(s) 'example_bash_operator' retrieved from /home/airflow/.local/lib/python3.12/site-packages/airflow/example_dags/example_bash_operator.py
[2024-10-07T21:52:16.740+0000] {logging_mixin.py:190} INFO - [2024-10-07T21:52:16.740+0000] {dag.py:3239} INFO - Sync 1 DAGs
[2024-10-07T21:52:16.754+0000] {logging_mixin.py:190} INFO - [2024-10-07T21:52:16.754+0000] {dag.py:4180} INFO - Setting next_dagrun for example_bash_operator to 2024-10-06 00:00:00+00:00, run_after=2024-10-07 00:00:00+00:00
[2024-10-07T21:52:16.764+0000] {processor.py:208} INFO - Processing /home/airflow/.local/lib/python3.12/site-packages/airflow/example_dags/example_bash_operator.py took 0.050 seconds
[2024-10-07T21:52:47.274+0000] {processor.py:186} INFO - Started process (PID=3079) to work on /home/airflow/.local/lib/python3.12/site-packages/airflow/example_dags/example_bash_operator.py
[2024-10-07T21:52:47.275+0000] {processor.py:914} INFO - Processing file /home/airflow/.local/lib/python3.12/site-packages/airflow/example_dags/example_bash_operator.py for tasks to queue
[2024-10-07T21:52:47.276+0000] {logging_mixin.py:190} INFO - [2024-10-07T21:52:47.276+0000] {dagbag.py:588} INFO - Filling up the DagBag from /home/airflow/.local/lib/python3.12/site-packages/airflow/example_dags/example_bash_operator.py
[2024-10-07T21:52:47.283+0000] {processor.py:925} INFO - DAG(s) 'example_bash_operator' retrieved from /home/airflow/.local/lib/python3.12/site-packages/airflow/example_dags/example_bash_operator.py
[2024-10-07T21:52:47.294+0000] {logging_mixin.py:190} INFO - [2024-10-07T21:52:47.294+0000] {dag.py:3239} INFO - Sync 1 DAGs
[2024-10-07T21:52:47.305+0000] {logging_mixin.py:190} INFO - [2024-10-07T21:52:47.305+0000] {dag.py:4180} INFO - Setting next_dagrun for example_bash_operator to 2024-10-06 00:00:00+00:00, run_after=2024-10-07 00:00:00+00:00
[2024-10-07T21:52:47.312+0000] {processor.py:208} INFO - Processing /home/airflow/.local/lib/python3.12/site-packages/airflow/example_dags/example_bash_operator.py took 0.041 seconds
[2024-10-07T21:53:17.884+0000] {processor.py:186} INFO - Started process (PID=3141) to work on /home/airflow/.local/lib/python3.12/site-packages/airflow/example_dags/example_bash_operator.py
[2024-10-07T21:53:17.887+0000] {processor.py:914} INFO - Processing file /home/airflow/.local/lib/python3.12/site-packages/airflow/example_dags/example_bash_operator.py for tasks to queue
[2024-10-07T21:53:17.890+0000] {logging_mixin.py:190} INFO - [2024-10-07T21:53:17.890+0000] {dagbag.py:588} INFO - Filling up the DagBag from /home/airflow/.local/lib/python3.12/site-packages/airflow/example_dags/example_bash_operator.py
[2024-10-07T21:53:17.896+0000] {processor.py:925} INFO - DAG(s) 'example_bash_operator' retrieved from /home/airflow/.local/lib/python3.12/site-packages/airflow/example_dags/example_bash_operator.py
[2024-10-07T21:53:17.910+0000] {logging_mixin.py:190} INFO - [2024-10-07T21:53:17.910+0000] {dag.py:3239} INFO - Sync 1 DAGs
[2024-10-07T21:53:17.922+0000] {logging_mixin.py:190} INFO - [2024-10-07T21:53:17.922+0000] {dag.py:4180} INFO - Setting next_dagrun for example_bash_operator to 2024-10-06 00:00:00+00:00, run_after=2024-10-07 00:00:00+00:00
[2024-10-07T21:53:17.931+0000] {processor.py:208} INFO - Processing /home/airflow/.local/lib/python3.12/site-packages/airflow/example_dags/example_bash_operator.py took 0.051 seconds
[2024-10-07T21:53:48.338+0000] {processor.py:186} INFO - Started process (PID=3203) to work on /home/airflow/.local/lib/python3.12/site-packages/airflow/example_dags/example_bash_operator.py
[2024-10-07T21:53:48.338+0000] {processor.py:914} INFO - Processing file /home/airflow/.local/lib/python3.12/site-packages/airflow/example_dags/example_bash_operator.py for tasks to queue
[2024-10-07T21:53:48.340+0000] {logging_mixin.py:190} INFO - [2024-10-07T21:53:48.340+0000] {dagbag.py:588} INFO - Filling up the DagBag from /home/airflow/.local/lib/python3.12/site-packages/airflow/example_dags/example_bash_operator.py
[2024-10-07T21:53:48.346+0000] {processor.py:925} INFO - DAG(s) 'example_bash_operator' retrieved from /home/airflow/.local/lib/python3.12/site-packages/airflow/example_dags/example_bash_operator.py
[2024-10-07T21:53:48.362+0000] {logging_mixin.py:190} INFO - [2024-10-07T21:53:48.362+0000] {dag.py:3239} INFO - Sync 1 DAGs
[2024-10-07T21:53:48.374+0000] {logging_mixin.py:190} INFO - [2024-10-07T21:53:48.374+0000] {dag.py:4180} INFO - Setting next_dagrun for example_bash_operator to 2024-10-06 00:00:00+00:00, run_after=2024-10-07 00:00:00+00:00
[2024-10-07T21:53:48.388+0000] {processor.py:208} INFO - Processing /home/airflow/.local/lib/python3.12/site-packages/airflow/example_dags/example_bash_operator.py took 0.053 seconds
[2024-10-07T21:54:18.775+0000] {processor.py:186} INFO - Started process (PID=3265) to work on /home/airflow/.local/lib/python3.12/site-packages/airflow/example_dags/example_bash_operator.py
[2024-10-07T21:54:18.776+0000] {processor.py:914} INFO - Processing file /home/airflow/.local/lib/python3.12/site-packages/airflow/example_dags/example_bash_operator.py for tasks to queue
[2024-10-07T21:54:18.777+0000] {logging_mixin.py:190} INFO - [2024-10-07T21:54:18.777+0000] {dagbag.py:588} INFO - Filling up the DagBag from /home/airflow/.local/lib/python3.12/site-packages/airflow/example_dags/example_bash_operator.py
[2024-10-07T21:54:18.784+0000] {processor.py:925} INFO - DAG(s) 'example_bash_operator' retrieved from /home/airflow/.local/lib/python3.12/site-packages/airflow/example_dags/example_bash_operator.py
[2024-10-07T21:54:18.797+0000] {logging_mixin.py:190} INFO - [2024-10-07T21:54:18.797+0000] {dag.py:3239} INFO - Sync 1 DAGs
[2024-10-07T21:54:18.810+0000] {logging_mixin.py:190} INFO - [2024-10-07T21:54:18.809+0000] {dag.py:4180} INFO - Setting next_dagrun for example_bash_operator to 2024-10-06 00:00:00+00:00, run_after=2024-10-07 00:00:00+00:00
[2024-10-07T21:54:18.820+0000] {processor.py:208} INFO - Processing /home/airflow/.local/lib/python3.12/site-packages/airflow/example_dags/example_bash_operator.py took 0.048 seconds
[2024-10-07T21:54:49.167+0000] {processor.py:186} INFO - Started process (PID=3327) to work on /home/airflow/.local/lib/python3.12/site-packages/airflow/example_dags/example_bash_operator.py
[2024-10-07T21:54:49.169+0000] {processor.py:914} INFO - Processing file /home/airflow/.local/lib/python3.12/site-packages/airflow/example_dags/example_bash_operator.py for tasks to queue
[2024-10-07T21:54:49.170+0000] {logging_mixin.py:190} INFO - [2024-10-07T21:54:49.170+0000] {dagbag.py:588} INFO - Filling up the DagBag from /home/airflow/.local/lib/python3.12/site-packages/airflow/example_dags/example_bash_operator.py
[2024-10-07T21:54:49.176+0000] {processor.py:925} INFO - DAG(s) 'example_bash_operator' retrieved from /home/airflow/.local/lib/python3.12/site-packages/airflow/example_dags/example_bash_operator.py
[2024-10-07T21:54:49.190+0000] {logging_mixin.py:190} INFO - [2024-10-07T21:54:49.190+0000] {dag.py:3239} INFO - Sync 1 DAGs
[2024-10-07T21:54:49.203+0000] {logging_mixin.py:190} INFO - [2024-10-07T21:54:49.203+0000] {dag.py:4180} INFO - Setting next_dagrun for example_bash_operator to 2024-10-06 00:00:00+00:00, run_after=2024-10-07 00:00:00+00:00
[2024-10-07T21:54:49.212+0000] {processor.py:208} INFO - Processing /home/airflow/.local/lib/python3.12/site-packages/airflow/example_dags/example_bash_operator.py took 0.048 seconds
[2024-10-07T21:55:19.610+0000] {processor.py:186} INFO - Started process (PID=3389) to work on /home/airflow/.local/lib/python3.12/site-packages/airflow/example_dags/example_bash_operator.py
[2024-10-07T21:55:19.611+0000] {processor.py:914} INFO - Processing file /home/airflow/.local/lib/python3.12/site-packages/airflow/example_dags/example_bash_operator.py for tasks to queue
[2024-10-07T21:55:19.612+0000] {logging_mixin.py:190} INFO - [2024-10-07T21:55:19.612+0000] {dagbag.py:588} INFO - Filling up the DagBag from /home/airflow/.local/lib/python3.12/site-packages/airflow/example_dags/example_bash_operator.py
[2024-10-07T21:55:19.620+0000] {processor.py:925} INFO - DAG(s) 'example_bash_operator' retrieved from /home/airflow/.local/lib/python3.12/site-packages/airflow/example_dags/example_bash_operator.py
[2024-10-07T21:55:19.636+0000] {logging_mixin.py:190} INFO - [2024-10-07T21:55:19.636+0000] {dag.py:3239} INFO - Sync 1 DAGs
[2024-10-07T21:55:19.650+0000] {logging_mixin.py:190} INFO - [2024-10-07T21:55:19.650+0000] {dag.py:4180} INFO - Setting next_dagrun for example_bash_operator to 2024-10-06 00:00:00+00:00, run_after=2024-10-07 00:00:00+00:00
[2024-10-07T21:55:19.664+0000] {processor.py:208} INFO - Processing /home/airflow/.local/lib/python3.12/site-packages/airflow/example_dags/example_bash_operator.py took 0.059 seconds
[2024-10-07T21:55:50.121+0000] {processor.py:186} INFO - Started process (PID=3451) to work on /home/airflow/.local/lib/python3.12/site-packages/airflow/example_dags/example_bash_operator.py
[2024-10-07T21:55:50.123+0000] {processor.py:914} INFO - Processing file /home/airflow/.local/lib/python3.12/site-packages/airflow/example_dags/example_bash_operator.py for tasks to queue
[2024-10-07T21:55:50.125+0000] {logging_mixin.py:190} INFO - [2024-10-07T21:55:50.124+0000] {dagbag.py:588} INFO - Filling up the DagBag from /home/airflow/.local/lib/python3.12/site-packages/airflow/example_dags/example_bash_operator.py
[2024-10-07T21:55:50.132+0000] {processor.py:925} INFO - DAG(s) 'example_bash_operator' retrieved from /home/airflow/.local/lib/python3.12/site-packages/airflow/example_dags/example_bash_operator.py
[2024-10-07T21:55:50.146+0000] {logging_mixin.py:190} INFO - [2024-10-07T21:55:50.146+0000] {dag.py:3239} INFO - Sync 1 DAGs
[2024-10-07T21:55:50.158+0000] {logging_mixin.py:190} INFO - [2024-10-07T21:55:50.158+0000] {dag.py:4180} INFO - Setting next_dagrun for example_bash_operator to 2024-10-06 00:00:00+00:00, run_after=2024-10-07 00:00:00+00:00
[2024-10-07T21:55:50.167+0000] {processor.py:208} INFO - Processing /home/airflow/.local/lib/python3.12/site-packages/airflow/example_dags/example_bash_operator.py took 0.048 seconds
[2024-10-07T21:56:20.509+0000] {processor.py:186} INFO - Started process (PID=3513) to work on /home/airflow/.local/lib/python3.12/site-packages/airflow/example_dags/example_bash_operator.py
[2024-10-07T21:56:20.510+0000] {processor.py:914} INFO - Processing file /home/airflow/.local/lib/python3.12/site-packages/airflow/example_dags/example_bash_operator.py for tasks to queue
[2024-10-07T21:56:20.512+0000] {logging_mixin.py:190} INFO - [2024-10-07T21:56:20.511+0000] {dagbag.py:588} INFO - Filling up the DagBag from /home/airflow/.local/lib/python3.12/site-packages/airflow/example_dags/example_bash_operator.py
[2024-10-07T21:56:20.519+0000] {processor.py:925} INFO - DAG(s) 'example_bash_operator' retrieved from /home/airflow/.local/lib/python3.12/site-packages/airflow/example_dags/example_bash_operator.py
[2024-10-07T21:56:20.536+0000] {logging_mixin.py:190} INFO - [2024-10-07T21:56:20.536+0000] {dag.py:3239} INFO - Sync 1 DAGs
[2024-10-07T21:56:20.547+0000] {logging_mixin.py:190} INFO - [2024-10-07T21:56:20.547+0000] {dag.py:4180} INFO - Setting next_dagrun for example_bash_operator to 2024-10-06 00:00:00+00:00, run_after=2024-10-07 00:00:00+00:00
[2024-10-07T21:56:20.555+0000] {processor.py:208} INFO - Processing /home/airflow/.local/lib/python3.12/site-packages/airflow/example_dags/example_bash_operator.py took 0.049 seconds
[2024-10-07T21:56:51.408+0000] {processor.py:186} INFO - Started process (PID=3575) to work on /home/airflow/.local/lib/python3.12/site-packages/airflow/example_dags/example_bash_operator.py
[2024-10-07T21:56:51.409+0000] {processor.py:914} INFO - Processing file /home/airflow/.local/lib/python3.12/site-packages/airflow/example_dags/example_bash_operator.py for tasks to queue
[2024-10-07T21:56:51.412+0000] {logging_mixin.py:190} INFO - [2024-10-07T21:56:51.411+0000] {dagbag.py:588} INFO - Filling up the DagBag from /home/airflow/.local/lib/python3.12/site-packages/airflow/example_dags/example_bash_operator.py
[2024-10-07T21:56:51.419+0000] {processor.py:925} INFO - DAG(s) 'example_bash_operator' retrieved from /home/airflow/.local/lib/python3.12/site-packages/airflow/example_dags/example_bash_operator.py
[2024-10-07T21:56:51.437+0000] {logging_mixin.py:190} INFO - [2024-10-07T21:56:51.437+0000] {dag.py:3239} INFO - Sync 1 DAGs
[2024-10-07T21:56:51.449+0000] {logging_mixin.py:190} INFO - [2024-10-07T21:56:51.449+0000] {dag.py:4180} INFO - Setting next_dagrun for example_bash_operator to 2024-10-06 00:00:00+00:00, run_after=2024-10-07 00:00:00+00:00
[2024-10-07T21:56:51.457+0000] {processor.py:208} INFO - Processing /home/airflow/.local/lib/python3.12/site-packages/airflow/example_dags/example_bash_operator.py took 0.052 seconds
[2024-10-07T21:57:22.100+0000] {processor.py:186} INFO - Started process (PID=3637) to work on /home/airflow/.local/lib/python3.12/site-packages/airflow/example_dags/example_bash_operator.py
[2024-10-07T21:57:22.101+0000] {processor.py:914} INFO - Processing file /home/airflow/.local/lib/python3.12/site-packages/airflow/example_dags/example_bash_operator.py for tasks to queue
[2024-10-07T21:57:22.102+0000] {logging_mixin.py:190} INFO - [2024-10-07T21:57:22.102+0000] {dagbag.py:588} INFO - Filling up the DagBag from /home/airflow/.local/lib/python3.12/site-packages/airflow/example_dags/example_bash_operator.py
[2024-10-07T21:57:22.110+0000] {processor.py:925} INFO - DAG(s) 'example_bash_operator' retrieved from /home/airflow/.local/lib/python3.12/site-packages/airflow/example_dags/example_bash_operator.py
[2024-10-07T21:57:22.126+0000] {logging_mixin.py:190} INFO - [2024-10-07T21:57:22.126+0000] {dag.py:3239} INFO - Sync 1 DAGs
[2024-10-07T21:57:22.139+0000] {logging_mixin.py:190} INFO - [2024-10-07T21:57:22.139+0000] {dag.py:4180} INFO - Setting next_dagrun for example_bash_operator to 2024-10-06 00:00:00+00:00, run_after=2024-10-07 00:00:00+00:00
[2024-10-07T21:57:22.150+0000] {processor.py:208} INFO - Processing /home/airflow/.local/lib/python3.12/site-packages/airflow/example_dags/example_bash_operator.py took 0.056 seconds
[2024-10-07T21:57:52.764+0000] {processor.py:186} INFO - Started process (PID=3699) to work on /home/airflow/.local/lib/python3.12/site-packages/airflow/example_dags/example_bash_operator.py
[2024-10-07T21:57:52.766+0000] {processor.py:914} INFO - Processing file /home/airflow/.local/lib/python3.12/site-packages/airflow/example_dags/example_bash_operator.py for tasks to queue
[2024-10-07T21:57:52.767+0000] {logging_mixin.py:190} INFO - [2024-10-07T21:57:52.767+0000] {dagbag.py:588} INFO - Filling up the DagBag from /home/airflow/.local/lib/python3.12/site-packages/airflow/example_dags/example_bash_operator.py
[2024-10-07T21:57:52.774+0000] {processor.py:925} INFO - DAG(s) 'example_bash_operator' retrieved from /home/airflow/.local/lib/python3.12/site-packages/airflow/example_dags/example_bash_operator.py
[2024-10-07T21:57:52.789+0000] {logging_mixin.py:190} INFO - [2024-10-07T21:57:52.789+0000] {dag.py:3239} INFO - Sync 1 DAGs
[2024-10-07T21:57:52.802+0000] {logging_mixin.py:190} INFO - [2024-10-07T21:57:52.801+0000] {dag.py:4180} INFO - Setting next_dagrun for example_bash_operator to 2024-10-06 00:00:00+00:00, run_after=2024-10-07 00:00:00+00:00
[2024-10-07T21:57:52.816+0000] {processor.py:208} INFO - Processing /home/airflow/.local/lib/python3.12/site-packages/airflow/example_dags/example_bash_operator.py took 0.057 seconds
[2024-10-07T21:58:23.685+0000] {processor.py:186} INFO - Started process (PID=3761) to work on /home/airflow/.local/lib/python3.12/site-packages/airflow/example_dags/example_bash_operator.py
[2024-10-07T21:58:23.687+0000] {processor.py:914} INFO - Processing file /home/airflow/.local/lib/python3.12/site-packages/airflow/example_dags/example_bash_operator.py for tasks to queue
[2024-10-07T21:58:23.689+0000] {logging_mixin.py:190} INFO - [2024-10-07T21:58:23.689+0000] {dagbag.py:588} INFO - Filling up the DagBag from /home/airflow/.local/lib/python3.12/site-packages/airflow/example_dags/example_bash_operator.py
[2024-10-07T21:58:23.701+0000] {processor.py:925} INFO - DAG(s) 'example_bash_operator' retrieved from /home/airflow/.local/lib/python3.12/site-packages/airflow/example_dags/example_bash_operator.py
[2024-10-07T21:58:23.722+0000] {logging_mixin.py:190} INFO - [2024-10-07T21:58:23.722+0000] {dag.py:3239} INFO - Sync 1 DAGs
[2024-10-07T21:58:23.744+0000] {logging_mixin.py:190} INFO - [2024-10-07T21:58:23.744+0000] {dag.py:4180} INFO - Setting next_dagrun for example_bash_operator to 2024-10-06 00:00:00+00:00, run_after=2024-10-07 00:00:00+00:00
[2024-10-07T21:58:23.762+0000] {processor.py:208} INFO - Processing /home/airflow/.local/lib/python3.12/site-packages/airflow/example_dags/example_bash_operator.py took 0.081 seconds
[2024-10-07T21:58:54.241+0000] {processor.py:186} INFO - Started process (PID=3823) to work on /home/airflow/.local/lib/python3.12/site-packages/airflow/example_dags/example_bash_operator.py
[2024-10-07T21:58:54.242+0000] {processor.py:914} INFO - Processing file /home/airflow/.local/lib/python3.12/site-packages/airflow/example_dags/example_bash_operator.py for tasks to queue
[2024-10-07T21:58:54.243+0000] {logging_mixin.py:190} INFO - [2024-10-07T21:58:54.243+0000] {dagbag.py:588} INFO - Filling up the DagBag from /home/airflow/.local/lib/python3.12/site-packages/airflow/example_dags/example_bash_operator.py
[2024-10-07T21:58:54.250+0000] {processor.py:925} INFO - DAG(s) 'example_bash_operator' retrieved from /home/airflow/.local/lib/python3.12/site-packages/airflow/example_dags/example_bash_operator.py
[2024-10-07T21:58:54.263+0000] {logging_mixin.py:190} INFO - [2024-10-07T21:58:54.263+0000] {dag.py:3239} INFO - Sync 1 DAGs
[2024-10-07T21:58:54.274+0000] {logging_mixin.py:190} INFO - [2024-10-07T21:58:54.274+0000] {dag.py:4180} INFO - Setting next_dagrun for example_bash_operator to 2024-10-06 00:00:00+00:00, run_after=2024-10-07 00:00:00+00:00
[2024-10-07T21:58:54.282+0000] {processor.py:208} INFO - Processing /home/airflow/.local/lib/python3.12/site-packages/airflow/example_dags/example_bash_operator.py took 0.044 seconds
[2024-10-07T21:59:25.039+0000] {processor.py:186} INFO - Started process (PID=3885) to work on /home/airflow/.local/lib/python3.12/site-packages/airflow/example_dags/example_bash_operator.py
[2024-10-07T21:59:25.040+0000] {processor.py:914} INFO - Processing file /home/airflow/.local/lib/python3.12/site-packages/airflow/example_dags/example_bash_operator.py for tasks to queue
[2024-10-07T21:59:25.041+0000] {logging_mixin.py:190} INFO - [2024-10-07T21:59:25.041+0000] {dagbag.py:588} INFO - Filling up the DagBag from /home/airflow/.local/lib/python3.12/site-packages/airflow/example_dags/example_bash_operator.py
[2024-10-07T21:59:25.050+0000] {processor.py:925} INFO - DAG(s) 'example_bash_operator' retrieved from /home/airflow/.local/lib/python3.12/site-packages/airflow/example_dags/example_bash_operator.py
[2024-10-07T21:59:25.065+0000] {logging_mixin.py:190} INFO - [2024-10-07T21:59:25.065+0000] {dag.py:3239} INFO - Sync 1 DAGs
[2024-10-07T21:59:25.079+0000] {logging_mixin.py:190} INFO - [2024-10-07T21:59:25.078+0000] {dag.py:4180} INFO - Setting next_dagrun for example_bash_operator to 2024-10-06 00:00:00+00:00, run_after=2024-10-07 00:00:00+00:00
[2024-10-07T21:59:25.087+0000] {processor.py:208} INFO - Processing /home/airflow/.local/lib/python3.12/site-packages/airflow/example_dags/example_bash_operator.py took 0.052 seconds
[2024-10-07T21:59:55.544+0000] {processor.py:186} INFO - Started process (PID=3947) to work on /home/airflow/.local/lib/python3.12/site-packages/airflow/example_dags/example_bash_operator.py
[2024-10-07T21:59:55.545+0000] {processor.py:914} INFO - Processing file /home/airflow/.local/lib/python3.12/site-packages/airflow/example_dags/example_bash_operator.py for tasks to queue
[2024-10-07T21:59:55.546+0000] {logging_mixin.py:190} INFO - [2024-10-07T21:59:55.546+0000] {dagbag.py:588} INFO - Filling up the DagBag from /home/airflow/.local/lib/python3.12/site-packages/airflow/example_dags/example_bash_operator.py
[2024-10-07T21:59:55.554+0000] {processor.py:925} INFO - DAG(s) 'example_bash_operator' retrieved from /home/airflow/.local/lib/python3.12/site-packages/airflow/example_dags/example_bash_operator.py
[2024-10-07T21:59:55.567+0000] {logging_mixin.py:190} INFO - [2024-10-07T21:59:55.567+0000] {dag.py:3239} INFO - Sync 1 DAGs
[2024-10-07T21:59:55.583+0000] {logging_mixin.py:190} INFO - [2024-10-07T21:59:55.582+0000] {dag.py:4180} INFO - Setting next_dagrun for example_bash_operator to 2024-10-06 00:00:00+00:00, run_after=2024-10-07 00:00:00+00:00
[2024-10-07T21:59:55.592+0000] {processor.py:208} INFO - Processing /home/airflow/.local/lib/python3.12/site-packages/airflow/example_dags/example_bash_operator.py took 0.051 seconds
[2024-10-07T22:00:26.430+0000] {processor.py:186} INFO - Started process (PID=4009) to work on /home/airflow/.local/lib/python3.12/site-packages/airflow/example_dags/example_bash_operator.py
[2024-10-07T22:00:26.433+0000] {processor.py:914} INFO - Processing file /home/airflow/.local/lib/python3.12/site-packages/airflow/example_dags/example_bash_operator.py for tasks to queue
[2024-10-07T22:00:26.457+0000] {logging_mixin.py:190} INFO - [2024-10-07T22:00:26.453+0000] {dagbag.py:588} INFO - Filling up the DagBag from /home/airflow/.local/lib/python3.12/site-packages/airflow/example_dags/example_bash_operator.py
[2024-10-07T22:00:26.529+0000] {processor.py:925} INFO - DAG(s) 'example_bash_operator' retrieved from /home/airflow/.local/lib/python3.12/site-packages/airflow/example_dags/example_bash_operator.py
[2024-10-07T22:00:26.649+0000] {logging_mixin.py:190} INFO - [2024-10-07T22:00:26.648+0000] {dag.py:3239} INFO - Sync 1 DAGs
[2024-10-07T22:00:26.723+0000] {logging_mixin.py:190} INFO - [2024-10-07T22:00:26.722+0000] {dag.py:4180} INFO - Setting next_dagrun for example_bash_operator to 2024-10-06 00:00:00+00:00, run_after=2024-10-07 00:00:00+00:00
[2024-10-07T22:00:26.769+0000] {processor.py:208} INFO - Processing /home/airflow/.local/lib/python3.12/site-packages/airflow/example_dags/example_bash_operator.py took 0.373 seconds
