[2024-10-07T21:28:12.192+0000] {processor.py:186} INFO - Started process (PID=77) to work on /home/airflow/.local/lib/python3.12/site-packages/airflow/example_dags/example_task_group.py
[2024-10-07T21:28:12.192+0000] {processor.py:914} INFO - Processing file /home/airflow/.local/lib/python3.12/site-packages/airflow/example_dags/example_task_group.py for tasks to queue
[2024-10-07T21:28:12.195+0000] {logging_mixin.py:190} INFO - [2024-10-07T21:28:12.195+0000] {dagbag.py:588} INFO - Filling up the DagBag from /home/airflow/.local/lib/python3.12/site-packages/airflow/example_dags/example_task_group.py
[2024-10-07T21:28:12.211+0000] {processor.py:925} INFO - DAG(s) 'example_task_group' retrieved from /home/airflow/.local/lib/python3.12/site-packages/airflow/example_dags/example_task_group.py
[2024-10-07T21:28:12.334+0000] {logging_mixin.py:190} INFO - [2024-10-07T21:28:12.333+0000] {override.py:1900} INFO - Created Permission View: can read on DAG:example_task_group
[2024-10-07T21:28:12.340+0000] {logging_mixin.py:190} INFO - [2024-10-07T21:28:12.339+0000] {override.py:1900} INFO - Created Permission View: can delete on DAG:example_task_group
[2024-10-07T21:28:12.343+0000] {logging_mixin.py:190} INFO - [2024-10-07T21:28:12.343+0000] {override.py:1900} INFO - Created Permission View: can edit on DAG:example_task_group
[2024-10-07T21:28:12.348+0000] {logging_mixin.py:190} INFO - [2024-10-07T21:28:12.348+0000] {override.py:1900} INFO - Created Permission View: can read on DAG Run:example_task_group
[2024-10-07T21:28:12.352+0000] {logging_mixin.py:190} INFO - [2024-10-07T21:28:12.352+0000] {override.py:1900} INFO - Created Permission View: can delete on DAG Run:example_task_group
[2024-10-07T21:28:12.356+0000] {logging_mixin.py:190} INFO - [2024-10-07T21:28:12.355+0000] {override.py:1900} INFO - Created Permission View: can create on DAG Run:example_task_group
[2024-10-07T21:28:12.359+0000] {logging_mixin.py:190} INFO - [2024-10-07T21:28:12.359+0000] {override.py:1900} INFO - Created Permission View: menu access on DAG Run:example_task_group
[2024-10-07T21:28:12.360+0000] {logging_mixin.py:190} INFO - [2024-10-07T21:28:12.360+0000] {dag.py:3239} INFO - Sync 1 DAGs
[2024-10-07T21:28:12.371+0000] {logging_mixin.py:190} INFO - [2024-10-07T21:28:12.371+0000] {dag.py:3262} INFO - Creating ORM DAG for example_task_group
[2024-10-07T21:28:12.371+0000] {logging_mixin.py:190} INFO - [2024-10-07T21:28:12.371+0000] {dag.py:4180} INFO - Setting next_dagrun for example_task_group to None, run_after=None
[2024-10-07T21:28:12.383+0000] {processor.py:208} INFO - Processing /home/airflow/.local/lib/python3.12/site-packages/airflow/example_dags/example_task_group.py took 0.199 seconds
[2024-10-07T21:28:42.974+0000] {processor.py:186} INFO - Started process (PID=139) to work on /home/airflow/.local/lib/python3.12/site-packages/airflow/example_dags/example_task_group.py
[2024-10-07T21:28:42.977+0000] {processor.py:914} INFO - Processing file /home/airflow/.local/lib/python3.12/site-packages/airflow/example_dags/example_task_group.py for tasks to queue
[2024-10-07T21:28:42.989+0000] {logging_mixin.py:190} INFO - [2024-10-07T21:28:42.988+0000] {dagbag.py:588} INFO - Filling up the DagBag from /home/airflow/.local/lib/python3.12/site-packages/airflow/example_dags/example_task_group.py
[2024-10-07T21:28:43.007+0000] {processor.py:925} INFO - DAG(s) 'example_task_group' retrieved from /home/airflow/.local/lib/python3.12/site-packages/airflow/example_dags/example_task_group.py
[2024-10-07T21:28:43.026+0000] {logging_mixin.py:190} INFO - [2024-10-07T21:28:43.026+0000] {dag.py:3239} INFO - Sync 1 DAGs
[2024-10-07T21:28:43.036+0000] {logging_mixin.py:190} INFO - [2024-10-07T21:28:43.036+0000] {dag.py:4180} INFO - Setting next_dagrun for example_task_group to None, run_after=None
[2024-10-07T21:28:43.046+0000] {processor.py:208} INFO - Processing /home/airflow/.local/lib/python3.12/site-packages/airflow/example_dags/example_task_group.py took 0.080 seconds
[2024-10-07T21:29:13.747+0000] {processor.py:186} INFO - Started process (PID=201) to work on /home/airflow/.local/lib/python3.12/site-packages/airflow/example_dags/example_task_group.py
[2024-10-07T21:29:13.748+0000] {processor.py:914} INFO - Processing file /home/airflow/.local/lib/python3.12/site-packages/airflow/example_dags/example_task_group.py for tasks to queue
[2024-10-07T21:29:13.749+0000] {logging_mixin.py:190} INFO - [2024-10-07T21:29:13.749+0000] {dagbag.py:588} INFO - Filling up the DagBag from /home/airflow/.local/lib/python3.12/site-packages/airflow/example_dags/example_task_group.py
[2024-10-07T21:29:13.754+0000] {processor.py:925} INFO - DAG(s) 'example_task_group' retrieved from /home/airflow/.local/lib/python3.12/site-packages/airflow/example_dags/example_task_group.py
[2024-10-07T21:29:13.766+0000] {logging_mixin.py:190} INFO - [2024-10-07T21:29:13.766+0000] {dag.py:3239} INFO - Sync 1 DAGs
[2024-10-07T21:29:13.774+0000] {logging_mixin.py:190} INFO - [2024-10-07T21:29:13.774+0000] {dag.py:4180} INFO - Setting next_dagrun for example_task_group to None, run_after=None
[2024-10-07T21:29:13.788+0000] {processor.py:208} INFO - Processing /home/airflow/.local/lib/python3.12/site-packages/airflow/example_dags/example_task_group.py took 0.042 seconds
[2024-10-07T21:29:44.221+0000] {processor.py:186} INFO - Started process (PID=263) to work on /home/airflow/.local/lib/python3.12/site-packages/airflow/example_dags/example_task_group.py
[2024-10-07T21:29:44.222+0000] {processor.py:914} INFO - Processing file /home/airflow/.local/lib/python3.12/site-packages/airflow/example_dags/example_task_group.py for tasks to queue
[2024-10-07T21:29:44.223+0000] {logging_mixin.py:190} INFO - [2024-10-07T21:29:44.223+0000] {dagbag.py:588} INFO - Filling up the DagBag from /home/airflow/.local/lib/python3.12/site-packages/airflow/example_dags/example_task_group.py
[2024-10-07T21:29:44.227+0000] {processor.py:925} INFO - DAG(s) 'example_task_group' retrieved from /home/airflow/.local/lib/python3.12/site-packages/airflow/example_dags/example_task_group.py
[2024-10-07T21:29:44.238+0000] {logging_mixin.py:190} INFO - [2024-10-07T21:29:44.237+0000] {dag.py:3239} INFO - Sync 1 DAGs
[2024-10-07T21:29:44.246+0000] {logging_mixin.py:190} INFO - [2024-10-07T21:29:44.245+0000] {dag.py:4180} INFO - Setting next_dagrun for example_task_group to None, run_after=None
[2024-10-07T21:29:44.255+0000] {processor.py:208} INFO - Processing /home/airflow/.local/lib/python3.12/site-packages/airflow/example_dags/example_task_group.py took 0.038 seconds
[2024-10-07T21:30:14.653+0000] {processor.py:186} INFO - Started process (PID=325) to work on /home/airflow/.local/lib/python3.12/site-packages/airflow/example_dags/example_task_group.py
[2024-10-07T21:30:14.655+0000] {processor.py:914} INFO - Processing file /home/airflow/.local/lib/python3.12/site-packages/airflow/example_dags/example_task_group.py for tasks to queue
[2024-10-07T21:30:14.657+0000] {logging_mixin.py:190} INFO - [2024-10-07T21:30:14.657+0000] {dagbag.py:588} INFO - Filling up the DagBag from /home/airflow/.local/lib/python3.12/site-packages/airflow/example_dags/example_task_group.py
[2024-10-07T21:30:14.662+0000] {processor.py:925} INFO - DAG(s) 'example_task_group' retrieved from /home/airflow/.local/lib/python3.12/site-packages/airflow/example_dags/example_task_group.py
[2024-10-07T21:30:14.673+0000] {logging_mixin.py:190} INFO - [2024-10-07T21:30:14.673+0000] {dag.py:3239} INFO - Sync 1 DAGs
[2024-10-07T21:30:14.681+0000] {logging_mixin.py:190} INFO - [2024-10-07T21:30:14.681+0000] {dag.py:4180} INFO - Setting next_dagrun for example_task_group to None, run_after=None
[2024-10-07T21:30:14.690+0000] {processor.py:208} INFO - Processing /home/airflow/.local/lib/python3.12/site-packages/airflow/example_dags/example_task_group.py took 0.040 seconds
[2024-10-07T21:30:44.976+0000] {processor.py:186} INFO - Started process (PID=387) to work on /home/airflow/.local/lib/python3.12/site-packages/airflow/example_dags/example_task_group.py
[2024-10-07T21:30:44.977+0000] {processor.py:914} INFO - Processing file /home/airflow/.local/lib/python3.12/site-packages/airflow/example_dags/example_task_group.py for tasks to queue
[2024-10-07T21:30:44.978+0000] {logging_mixin.py:190} INFO - [2024-10-07T21:30:44.978+0000] {dagbag.py:588} INFO - Filling up the DagBag from /home/airflow/.local/lib/python3.12/site-packages/airflow/example_dags/example_task_group.py
[2024-10-07T21:30:44.982+0000] {processor.py:925} INFO - DAG(s) 'example_task_group' retrieved from /home/airflow/.local/lib/python3.12/site-packages/airflow/example_dags/example_task_group.py
[2024-10-07T21:30:44.993+0000] {logging_mixin.py:190} INFO - [2024-10-07T21:30:44.992+0000] {dag.py:3239} INFO - Sync 1 DAGs
[2024-10-07T21:30:44.999+0000] {logging_mixin.py:190} INFO - [2024-10-07T21:30:44.999+0000] {dag.py:4180} INFO - Setting next_dagrun for example_task_group to None, run_after=None
[2024-10-07T21:30:45.007+0000] {processor.py:208} INFO - Processing /home/airflow/.local/lib/python3.12/site-packages/airflow/example_dags/example_task_group.py took 0.034 seconds
[2024-10-07T21:31:15.263+0000] {processor.py:186} INFO - Started process (PID=449) to work on /home/airflow/.local/lib/python3.12/site-packages/airflow/example_dags/example_task_group.py
[2024-10-07T21:31:15.264+0000] {processor.py:914} INFO - Processing file /home/airflow/.local/lib/python3.12/site-packages/airflow/example_dags/example_task_group.py for tasks to queue
[2024-10-07T21:31:15.265+0000] {logging_mixin.py:190} INFO - [2024-10-07T21:31:15.265+0000] {dagbag.py:588} INFO - Filling up the DagBag from /home/airflow/.local/lib/python3.12/site-packages/airflow/example_dags/example_task_group.py
[2024-10-07T21:31:15.269+0000] {processor.py:925} INFO - DAG(s) 'example_task_group' retrieved from /home/airflow/.local/lib/python3.12/site-packages/airflow/example_dags/example_task_group.py
[2024-10-07T21:31:15.279+0000] {logging_mixin.py:190} INFO - [2024-10-07T21:31:15.278+0000] {dag.py:3239} INFO - Sync 1 DAGs
[2024-10-07T21:31:15.285+0000] {logging_mixin.py:190} INFO - [2024-10-07T21:31:15.285+0000] {dag.py:4180} INFO - Setting next_dagrun for example_task_group to None, run_after=None
[2024-10-07T21:31:15.292+0000] {processor.py:208} INFO - Processing /home/airflow/.local/lib/python3.12/site-packages/airflow/example_dags/example_task_group.py took 0.032 seconds
[2024-10-07T21:31:45.931+0000] {processor.py:186} INFO - Started process (PID=511) to work on /home/airflow/.local/lib/python3.12/site-packages/airflow/example_dags/example_task_group.py
[2024-10-07T21:31:45.934+0000] {processor.py:914} INFO - Processing file /home/airflow/.local/lib/python3.12/site-packages/airflow/example_dags/example_task_group.py for tasks to queue
[2024-10-07T21:31:45.936+0000] {logging_mixin.py:190} INFO - [2024-10-07T21:31:45.935+0000] {dagbag.py:588} INFO - Filling up the DagBag from /home/airflow/.local/lib/python3.12/site-packages/airflow/example_dags/example_task_group.py
[2024-10-07T21:31:45.941+0000] {processor.py:925} INFO - DAG(s) 'example_task_group' retrieved from /home/airflow/.local/lib/python3.12/site-packages/airflow/example_dags/example_task_group.py
[2024-10-07T21:31:45.952+0000] {logging_mixin.py:190} INFO - [2024-10-07T21:31:45.952+0000] {dag.py:3239} INFO - Sync 1 DAGs
[2024-10-07T21:31:45.959+0000] {logging_mixin.py:190} INFO - [2024-10-07T21:31:45.959+0000] {dag.py:4180} INFO - Setting next_dagrun for example_task_group to None, run_after=None
[2024-10-07T21:31:45.969+0000] {processor.py:208} INFO - Processing /home/airflow/.local/lib/python3.12/site-packages/airflow/example_dags/example_task_group.py took 0.041 seconds
[2024-10-07T21:32:16.628+0000] {processor.py:186} INFO - Started process (PID=573) to work on /home/airflow/.local/lib/python3.12/site-packages/airflow/example_dags/example_task_group.py
[2024-10-07T21:32:16.628+0000] {processor.py:914} INFO - Processing file /home/airflow/.local/lib/python3.12/site-packages/airflow/example_dags/example_task_group.py for tasks to queue
[2024-10-07T21:32:16.630+0000] {logging_mixin.py:190} INFO - [2024-10-07T21:32:16.630+0000] {dagbag.py:588} INFO - Filling up the DagBag from /home/airflow/.local/lib/python3.12/site-packages/airflow/example_dags/example_task_group.py
[2024-10-07T21:32:16.638+0000] {processor.py:925} INFO - DAG(s) 'example_task_group' retrieved from /home/airflow/.local/lib/python3.12/site-packages/airflow/example_dags/example_task_group.py
[2024-10-07T21:32:16.650+0000] {logging_mixin.py:190} INFO - [2024-10-07T21:32:16.650+0000] {dag.py:3239} INFO - Sync 1 DAGs
[2024-10-07T21:32:16.657+0000] {logging_mixin.py:190} INFO - [2024-10-07T21:32:16.657+0000] {dag.py:4180} INFO - Setting next_dagrun for example_task_group to None, run_after=None
[2024-10-07T21:32:16.666+0000] {processor.py:208} INFO - Processing /home/airflow/.local/lib/python3.12/site-packages/airflow/example_dags/example_task_group.py took 0.041 seconds
[2024-10-07T21:32:47.437+0000] {processor.py:186} INFO - Started process (PID=635) to work on /home/airflow/.local/lib/python3.12/site-packages/airflow/example_dags/example_task_group.py
[2024-10-07T21:32:47.438+0000] {processor.py:914} INFO - Processing file /home/airflow/.local/lib/python3.12/site-packages/airflow/example_dags/example_task_group.py for tasks to queue
[2024-10-07T21:32:47.439+0000] {logging_mixin.py:190} INFO - [2024-10-07T21:32:47.439+0000] {dagbag.py:588} INFO - Filling up the DagBag from /home/airflow/.local/lib/python3.12/site-packages/airflow/example_dags/example_task_group.py
[2024-10-07T21:32:47.443+0000] {processor.py:925} INFO - DAG(s) 'example_task_group' retrieved from /home/airflow/.local/lib/python3.12/site-packages/airflow/example_dags/example_task_group.py
[2024-10-07T21:32:47.453+0000] {logging_mixin.py:190} INFO - [2024-10-07T21:32:47.453+0000] {dag.py:3239} INFO - Sync 1 DAGs
[2024-10-07T21:32:47.459+0000] {logging_mixin.py:190} INFO - [2024-10-07T21:32:47.459+0000] {dag.py:4180} INFO - Setting next_dagrun for example_task_group to None, run_after=None
[2024-10-07T21:32:47.466+0000] {processor.py:208} INFO - Processing /home/airflow/.local/lib/python3.12/site-packages/airflow/example_dags/example_task_group.py took 0.032 seconds
[2024-10-07T21:33:17.851+0000] {processor.py:186} INFO - Started process (PID=697) to work on /home/airflow/.local/lib/python3.12/site-packages/airflow/example_dags/example_task_group.py
[2024-10-07T21:33:17.852+0000] {processor.py:914} INFO - Processing file /home/airflow/.local/lib/python3.12/site-packages/airflow/example_dags/example_task_group.py for tasks to queue
[2024-10-07T21:33:17.853+0000] {logging_mixin.py:190} INFO - [2024-10-07T21:33:17.853+0000] {dagbag.py:588} INFO - Filling up the DagBag from /home/airflow/.local/lib/python3.12/site-packages/airflow/example_dags/example_task_group.py
[2024-10-07T21:33:17.858+0000] {processor.py:925} INFO - DAG(s) 'example_task_group' retrieved from /home/airflow/.local/lib/python3.12/site-packages/airflow/example_dags/example_task_group.py
[2024-10-07T21:33:17.868+0000] {logging_mixin.py:190} INFO - [2024-10-07T21:33:17.868+0000] {dag.py:3239} INFO - Sync 1 DAGs
[2024-10-07T21:33:17.875+0000] {logging_mixin.py:190} INFO - [2024-10-07T21:33:17.875+0000] {dag.py:4180} INFO - Setting next_dagrun for example_task_group to None, run_after=None
[2024-10-07T21:33:17.884+0000] {processor.py:208} INFO - Processing /home/airflow/.local/lib/python3.12/site-packages/airflow/example_dags/example_task_group.py took 0.036 seconds
[2024-10-07T21:33:48.226+0000] {processor.py:186} INFO - Started process (PID=759) to work on /home/airflow/.local/lib/python3.12/site-packages/airflow/example_dags/example_task_group.py
[2024-10-07T21:33:48.227+0000] {processor.py:914} INFO - Processing file /home/airflow/.local/lib/python3.12/site-packages/airflow/example_dags/example_task_group.py for tasks to queue
[2024-10-07T21:33:48.228+0000] {logging_mixin.py:190} INFO - [2024-10-07T21:33:48.228+0000] {dagbag.py:588} INFO - Filling up the DagBag from /home/airflow/.local/lib/python3.12/site-packages/airflow/example_dags/example_task_group.py
[2024-10-07T21:33:48.233+0000] {processor.py:925} INFO - DAG(s) 'example_task_group' retrieved from /home/airflow/.local/lib/python3.12/site-packages/airflow/example_dags/example_task_group.py
[2024-10-07T21:33:48.243+0000] {logging_mixin.py:190} INFO - [2024-10-07T21:33:48.242+0000] {dag.py:3239} INFO - Sync 1 DAGs
[2024-10-07T21:33:48.249+0000] {logging_mixin.py:190} INFO - [2024-10-07T21:33:48.249+0000] {dag.py:4180} INFO - Setting next_dagrun for example_task_group to None, run_after=None
[2024-10-07T21:33:48.256+0000] {processor.py:208} INFO - Processing /home/airflow/.local/lib/python3.12/site-packages/airflow/example_dags/example_task_group.py took 0.038 seconds
[2024-10-07T21:34:18.804+0000] {processor.py:186} INFO - Started process (PID=821) to work on /home/airflow/.local/lib/python3.12/site-packages/airflow/example_dags/example_task_group.py
[2024-10-07T21:34:18.805+0000] {processor.py:914} INFO - Processing file /home/airflow/.local/lib/python3.12/site-packages/airflow/example_dags/example_task_group.py for tasks to queue
[2024-10-07T21:34:18.807+0000] {logging_mixin.py:190} INFO - [2024-10-07T21:34:18.806+0000] {dagbag.py:588} INFO - Filling up the DagBag from /home/airflow/.local/lib/python3.12/site-packages/airflow/example_dags/example_task_group.py
[2024-10-07T21:34:18.811+0000] {processor.py:925} INFO - DAG(s) 'example_task_group' retrieved from /home/airflow/.local/lib/python3.12/site-packages/airflow/example_dags/example_task_group.py
[2024-10-07T21:34:18.821+0000] {logging_mixin.py:190} INFO - [2024-10-07T21:34:18.821+0000] {dag.py:3239} INFO - Sync 1 DAGs
[2024-10-07T21:34:18.828+0000] {logging_mixin.py:190} INFO - [2024-10-07T21:34:18.827+0000] {dag.py:4180} INFO - Setting next_dagrun for example_task_group to None, run_after=None
[2024-10-07T21:34:18.836+0000] {processor.py:208} INFO - Processing /home/airflow/.local/lib/python3.12/site-packages/airflow/example_dags/example_task_group.py took 0.035 seconds
[2024-10-07T21:34:49.315+0000] {processor.py:186} INFO - Started process (PID=883) to work on /home/airflow/.local/lib/python3.12/site-packages/airflow/example_dags/example_task_group.py
[2024-10-07T21:34:49.317+0000] {processor.py:914} INFO - Processing file /home/airflow/.local/lib/python3.12/site-packages/airflow/example_dags/example_task_group.py for tasks to queue
[2024-10-07T21:34:49.322+0000] {logging_mixin.py:190} INFO - [2024-10-07T21:34:49.321+0000] {dagbag.py:588} INFO - Filling up the DagBag from /home/airflow/.local/lib/python3.12/site-packages/airflow/example_dags/example_task_group.py
[2024-10-07T21:34:49.356+0000] {processor.py:925} INFO - DAG(s) 'example_task_group' retrieved from /home/airflow/.local/lib/python3.12/site-packages/airflow/example_dags/example_task_group.py
[2024-10-07T21:34:49.373+0000] {logging_mixin.py:190} INFO - [2024-10-07T21:34:49.373+0000] {dag.py:3239} INFO - Sync 1 DAGs
[2024-10-07T21:34:49.383+0000] {logging_mixin.py:190} INFO - [2024-10-07T21:34:49.382+0000] {dag.py:4180} INFO - Setting next_dagrun for example_task_group to None, run_after=None
[2024-10-07T21:34:49.393+0000] {processor.py:208} INFO - Processing /home/airflow/.local/lib/python3.12/site-packages/airflow/example_dags/example_task_group.py took 0.081 seconds
[2024-10-07T21:35:19.696+0000] {processor.py:186} INFO - Started process (PID=945) to work on /home/airflow/.local/lib/python3.12/site-packages/airflow/example_dags/example_task_group.py
[2024-10-07T21:35:19.698+0000] {processor.py:914} INFO - Processing file /home/airflow/.local/lib/python3.12/site-packages/airflow/example_dags/example_task_group.py for tasks to queue
[2024-10-07T21:35:19.699+0000] {logging_mixin.py:190} INFO - [2024-10-07T21:35:19.699+0000] {dagbag.py:588} INFO - Filling up the DagBag from /home/airflow/.local/lib/python3.12/site-packages/airflow/example_dags/example_task_group.py
[2024-10-07T21:35:19.704+0000] {processor.py:925} INFO - DAG(s) 'example_task_group' retrieved from /home/airflow/.local/lib/python3.12/site-packages/airflow/example_dags/example_task_group.py
[2024-10-07T21:35:19.718+0000] {logging_mixin.py:190} INFO - [2024-10-07T21:35:19.718+0000] {dag.py:3239} INFO - Sync 1 DAGs
[2024-10-07T21:35:19.725+0000] {logging_mixin.py:190} INFO - [2024-10-07T21:35:19.725+0000] {dag.py:4180} INFO - Setting next_dagrun for example_task_group to None, run_after=None
[2024-10-07T21:35:19.734+0000] {processor.py:208} INFO - Processing /home/airflow/.local/lib/python3.12/site-packages/airflow/example_dags/example_task_group.py took 0.041 seconds
[2024-10-07T21:35:49.968+0000] {processor.py:186} INFO - Started process (PID=1007) to work on /home/airflow/.local/lib/python3.12/site-packages/airflow/example_dags/example_task_group.py
[2024-10-07T21:35:49.969+0000] {processor.py:914} INFO - Processing file /home/airflow/.local/lib/python3.12/site-packages/airflow/example_dags/example_task_group.py for tasks to queue
[2024-10-07T21:35:49.970+0000] {logging_mixin.py:190} INFO - [2024-10-07T21:35:49.970+0000] {dagbag.py:588} INFO - Filling up the DagBag from /home/airflow/.local/lib/python3.12/site-packages/airflow/example_dags/example_task_group.py
[2024-10-07T21:35:49.975+0000] {processor.py:925} INFO - DAG(s) 'example_task_group' retrieved from /home/airflow/.local/lib/python3.12/site-packages/airflow/example_dags/example_task_group.py
[2024-10-07T21:35:49.988+0000] {logging_mixin.py:190} INFO - [2024-10-07T21:35:49.988+0000] {dag.py:3239} INFO - Sync 1 DAGs
[2024-10-07T21:35:49.995+0000] {logging_mixin.py:190} INFO - [2024-10-07T21:35:49.995+0000] {dag.py:4180} INFO - Setting next_dagrun for example_task_group to None, run_after=None
[2024-10-07T21:35:50.006+0000] {processor.py:208} INFO - Processing /home/airflow/.local/lib/python3.12/site-packages/airflow/example_dags/example_task_group.py took 0.041 seconds
[2024-10-07T21:36:20.244+0000] {processor.py:186} INFO - Started process (PID=1069) to work on /home/airflow/.local/lib/python3.12/site-packages/airflow/example_dags/example_task_group.py
[2024-10-07T21:36:20.247+0000] {processor.py:914} INFO - Processing file /home/airflow/.local/lib/python3.12/site-packages/airflow/example_dags/example_task_group.py for tasks to queue
[2024-10-07T21:36:20.248+0000] {logging_mixin.py:190} INFO - [2024-10-07T21:36:20.248+0000] {dagbag.py:588} INFO - Filling up the DagBag from /home/airflow/.local/lib/python3.12/site-packages/airflow/example_dags/example_task_group.py
[2024-10-07T21:36:20.253+0000] {processor.py:925} INFO - DAG(s) 'example_task_group' retrieved from /home/airflow/.local/lib/python3.12/site-packages/airflow/example_dags/example_task_group.py
[2024-10-07T21:36:20.264+0000] {logging_mixin.py:190} INFO - [2024-10-07T21:36:20.264+0000] {dag.py:3239} INFO - Sync 1 DAGs
[2024-10-07T21:36:20.272+0000] {logging_mixin.py:190} INFO - [2024-10-07T21:36:20.272+0000] {dag.py:4180} INFO - Setting next_dagrun for example_task_group to None, run_after=None
[2024-10-07T21:36:20.283+0000] {processor.py:208} INFO - Processing /home/airflow/.local/lib/python3.12/site-packages/airflow/example_dags/example_task_group.py took 0.042 seconds
[2024-10-07T21:36:50.468+0000] {processor.py:186} INFO - Started process (PID=1131) to work on /home/airflow/.local/lib/python3.12/site-packages/airflow/example_dags/example_task_group.py
[2024-10-07T21:36:50.468+0000] {processor.py:914} INFO - Processing file /home/airflow/.local/lib/python3.12/site-packages/airflow/example_dags/example_task_group.py for tasks to queue
[2024-10-07T21:36:50.469+0000] {logging_mixin.py:190} INFO - [2024-10-07T21:36:50.469+0000] {dagbag.py:588} INFO - Filling up the DagBag from /home/airflow/.local/lib/python3.12/site-packages/airflow/example_dags/example_task_group.py
[2024-10-07T21:36:50.474+0000] {processor.py:925} INFO - DAG(s) 'example_task_group' retrieved from /home/airflow/.local/lib/python3.12/site-packages/airflow/example_dags/example_task_group.py
[2024-10-07T21:36:50.484+0000] {logging_mixin.py:190} INFO - [2024-10-07T21:36:50.483+0000] {dag.py:3239} INFO - Sync 1 DAGs
[2024-10-07T21:36:50.490+0000] {logging_mixin.py:190} INFO - [2024-10-07T21:36:50.490+0000] {dag.py:4180} INFO - Setting next_dagrun for example_task_group to None, run_after=None
[2024-10-07T21:36:50.497+0000] {processor.py:208} INFO - Processing /home/airflow/.local/lib/python3.12/site-packages/airflow/example_dags/example_task_group.py took 0.032 seconds
[2024-10-07T21:37:20.838+0000] {processor.py:186} INFO - Started process (PID=1193) to work on /home/airflow/.local/lib/python3.12/site-packages/airflow/example_dags/example_task_group.py
[2024-10-07T21:37:20.842+0000] {processor.py:914} INFO - Processing file /home/airflow/.local/lib/python3.12/site-packages/airflow/example_dags/example_task_group.py for tasks to queue
[2024-10-07T21:37:20.843+0000] {logging_mixin.py:190} INFO - [2024-10-07T21:37:20.843+0000] {dagbag.py:588} INFO - Filling up the DagBag from /home/airflow/.local/lib/python3.12/site-packages/airflow/example_dags/example_task_group.py
[2024-10-07T21:37:20.851+0000] {processor.py:925} INFO - DAG(s) 'example_task_group' retrieved from /home/airflow/.local/lib/python3.12/site-packages/airflow/example_dags/example_task_group.py
[2024-10-07T21:37:20.867+0000] {logging_mixin.py:190} INFO - [2024-10-07T21:37:20.867+0000] {dag.py:3239} INFO - Sync 1 DAGs
[2024-10-07T21:37:20.875+0000] {logging_mixin.py:190} INFO - [2024-10-07T21:37:20.875+0000] {dag.py:4180} INFO - Setting next_dagrun for example_task_group to None, run_after=None
[2024-10-07T21:37:20.886+0000] {processor.py:208} INFO - Processing /home/airflow/.local/lib/python3.12/site-packages/airflow/example_dags/example_task_group.py took 0.051 seconds
[2024-10-07T21:37:51.104+0000] {processor.py:186} INFO - Started process (PID=1255) to work on /home/airflow/.local/lib/python3.12/site-packages/airflow/example_dags/example_task_group.py
[2024-10-07T21:37:51.107+0000] {processor.py:914} INFO - Processing file /home/airflow/.local/lib/python3.12/site-packages/airflow/example_dags/example_task_group.py for tasks to queue
[2024-10-07T21:37:51.108+0000] {logging_mixin.py:190} INFO - [2024-10-07T21:37:51.108+0000] {dagbag.py:588} INFO - Filling up the DagBag from /home/airflow/.local/lib/python3.12/site-packages/airflow/example_dags/example_task_group.py
[2024-10-07T21:37:51.112+0000] {processor.py:925} INFO - DAG(s) 'example_task_group' retrieved from /home/airflow/.local/lib/python3.12/site-packages/airflow/example_dags/example_task_group.py
[2024-10-07T21:37:51.123+0000] {logging_mixin.py:190} INFO - [2024-10-07T21:37:51.123+0000] {dag.py:3239} INFO - Sync 1 DAGs
[2024-10-07T21:37:51.129+0000] {logging_mixin.py:190} INFO - [2024-10-07T21:37:51.129+0000] {dag.py:4180} INFO - Setting next_dagrun for example_task_group to None, run_after=None
[2024-10-07T21:37:51.138+0000] {processor.py:208} INFO - Processing /home/airflow/.local/lib/python3.12/site-packages/airflow/example_dags/example_task_group.py took 0.037 seconds
[2024-10-07T21:38:21.664+0000] {processor.py:186} INFO - Started process (PID=1317) to work on /home/airflow/.local/lib/python3.12/site-packages/airflow/example_dags/example_task_group.py
[2024-10-07T21:38:21.665+0000] {processor.py:914} INFO - Processing file /home/airflow/.local/lib/python3.12/site-packages/airflow/example_dags/example_task_group.py for tasks to queue
[2024-10-07T21:38:21.667+0000] {logging_mixin.py:190} INFO - [2024-10-07T21:38:21.667+0000] {dagbag.py:588} INFO - Filling up the DagBag from /home/airflow/.local/lib/python3.12/site-packages/airflow/example_dags/example_task_group.py
[2024-10-07T21:38:21.671+0000] {processor.py:925} INFO - DAG(s) 'example_task_group' retrieved from /home/airflow/.local/lib/python3.12/site-packages/airflow/example_dags/example_task_group.py
[2024-10-07T21:38:21.681+0000] {logging_mixin.py:190} INFO - [2024-10-07T21:38:21.681+0000] {dag.py:3239} INFO - Sync 1 DAGs
[2024-10-07T21:38:21.688+0000] {logging_mixin.py:190} INFO - [2024-10-07T21:38:21.688+0000] {dag.py:4180} INFO - Setting next_dagrun for example_task_group to None, run_after=None
[2024-10-07T21:38:21.698+0000] {processor.py:208} INFO - Processing /home/airflow/.local/lib/python3.12/site-packages/airflow/example_dags/example_task_group.py took 0.037 seconds
[2024-10-07T21:38:52.060+0000] {processor.py:186} INFO - Started process (PID=1379) to work on /home/airflow/.local/lib/python3.12/site-packages/airflow/example_dags/example_task_group.py
[2024-10-07T21:38:52.061+0000] {processor.py:914} INFO - Processing file /home/airflow/.local/lib/python3.12/site-packages/airflow/example_dags/example_task_group.py for tasks to queue
[2024-10-07T21:38:52.063+0000] {logging_mixin.py:190} INFO - [2024-10-07T21:38:52.062+0000] {dagbag.py:588} INFO - Filling up the DagBag from /home/airflow/.local/lib/python3.12/site-packages/airflow/example_dags/example_task_group.py
[2024-10-07T21:38:52.068+0000] {processor.py:925} INFO - DAG(s) 'example_task_group' retrieved from /home/airflow/.local/lib/python3.12/site-packages/airflow/example_dags/example_task_group.py
[2024-10-07T21:38:52.080+0000] {logging_mixin.py:190} INFO - [2024-10-07T21:38:52.080+0000] {dag.py:3239} INFO - Sync 1 DAGs
[2024-10-07T21:38:52.088+0000] {logging_mixin.py:190} INFO - [2024-10-07T21:38:52.088+0000] {dag.py:4180} INFO - Setting next_dagrun for example_task_group to None, run_after=None
[2024-10-07T21:38:52.099+0000] {processor.py:208} INFO - Processing /home/airflow/.local/lib/python3.12/site-packages/airflow/example_dags/example_task_group.py took 0.043 seconds
[2024-10-07T21:39:22.537+0000] {processor.py:186} INFO - Started process (PID=1441) to work on /home/airflow/.local/lib/python3.12/site-packages/airflow/example_dags/example_task_group.py
[2024-10-07T21:39:22.538+0000] {processor.py:914} INFO - Processing file /home/airflow/.local/lib/python3.12/site-packages/airflow/example_dags/example_task_group.py for tasks to queue
[2024-10-07T21:39:22.540+0000] {logging_mixin.py:190} INFO - [2024-10-07T21:39:22.540+0000] {dagbag.py:588} INFO - Filling up the DagBag from /home/airflow/.local/lib/python3.12/site-packages/airflow/example_dags/example_task_group.py
[2024-10-07T21:39:22.548+0000] {processor.py:925} INFO - DAG(s) 'example_task_group' retrieved from /home/airflow/.local/lib/python3.12/site-packages/airflow/example_dags/example_task_group.py
[2024-10-07T21:39:22.566+0000] {logging_mixin.py:190} INFO - [2024-10-07T21:39:22.566+0000] {dag.py:3239} INFO - Sync 1 DAGs
[2024-10-07T21:39:22.574+0000] {logging_mixin.py:190} INFO - [2024-10-07T21:39:22.574+0000] {dag.py:4180} INFO - Setting next_dagrun for example_task_group to None, run_after=None
[2024-10-07T21:39:22.587+0000] {processor.py:208} INFO - Processing /home/airflow/.local/lib/python3.12/site-packages/airflow/example_dags/example_task_group.py took 0.054 seconds
[2024-10-07T21:39:53.157+0000] {processor.py:186} INFO - Started process (PID=1503) to work on /home/airflow/.local/lib/python3.12/site-packages/airflow/example_dags/example_task_group.py
[2024-10-07T21:39:53.160+0000] {processor.py:914} INFO - Processing file /home/airflow/.local/lib/python3.12/site-packages/airflow/example_dags/example_task_group.py for tasks to queue
[2024-10-07T21:39:53.162+0000] {logging_mixin.py:190} INFO - [2024-10-07T21:39:53.161+0000] {dagbag.py:588} INFO - Filling up the DagBag from /home/airflow/.local/lib/python3.12/site-packages/airflow/example_dags/example_task_group.py
[2024-10-07T21:39:53.166+0000] {processor.py:925} INFO - DAG(s) 'example_task_group' retrieved from /home/airflow/.local/lib/python3.12/site-packages/airflow/example_dags/example_task_group.py
[2024-10-07T21:39:53.179+0000] {logging_mixin.py:190} INFO - [2024-10-07T21:39:53.179+0000] {dag.py:3239} INFO - Sync 1 DAGs
[2024-10-07T21:39:53.186+0000] {logging_mixin.py:190} INFO - [2024-10-07T21:39:53.186+0000] {dag.py:4180} INFO - Setting next_dagrun for example_task_group to None, run_after=None
[2024-10-07T21:39:53.199+0000] {processor.py:208} INFO - Processing /home/airflow/.local/lib/python3.12/site-packages/airflow/example_dags/example_task_group.py took 0.044 seconds
[2024-10-07T21:40:23.976+0000] {processor.py:186} INFO - Started process (PID=1564) to work on /home/airflow/.local/lib/python3.12/site-packages/airflow/example_dags/example_task_group.py
[2024-10-07T21:40:23.978+0000] {processor.py:914} INFO - Processing file /home/airflow/.local/lib/python3.12/site-packages/airflow/example_dags/example_task_group.py for tasks to queue
[2024-10-07T21:40:23.980+0000] {logging_mixin.py:190} INFO - [2024-10-07T21:40:23.980+0000] {dagbag.py:588} INFO - Filling up the DagBag from /home/airflow/.local/lib/python3.12/site-packages/airflow/example_dags/example_task_group.py
[2024-10-07T21:40:23.985+0000] {processor.py:925} INFO - DAG(s) 'example_task_group' retrieved from /home/airflow/.local/lib/python3.12/site-packages/airflow/example_dags/example_task_group.py
[2024-10-07T21:40:24.001+0000] {logging_mixin.py:190} INFO - [2024-10-07T21:40:24.001+0000] {dag.py:3239} INFO - Sync 1 DAGs
[2024-10-07T21:40:24.010+0000] {logging_mixin.py:190} INFO - [2024-10-07T21:40:24.010+0000] {dag.py:4180} INFO - Setting next_dagrun for example_task_group to None, run_after=None
[2024-10-07T21:40:24.026+0000] {processor.py:208} INFO - Processing /home/airflow/.local/lib/python3.12/site-packages/airflow/example_dags/example_task_group.py took 0.054 seconds
[2024-10-07T21:40:54.803+0000] {processor.py:186} INFO - Started process (PID=1626) to work on /home/airflow/.local/lib/python3.12/site-packages/airflow/example_dags/example_task_group.py
[2024-10-07T21:40:54.804+0000] {processor.py:914} INFO - Processing file /home/airflow/.local/lib/python3.12/site-packages/airflow/example_dags/example_task_group.py for tasks to queue
[2024-10-07T21:40:54.805+0000] {logging_mixin.py:190} INFO - [2024-10-07T21:40:54.805+0000] {dagbag.py:588} INFO - Filling up the DagBag from /home/airflow/.local/lib/python3.12/site-packages/airflow/example_dags/example_task_group.py
[2024-10-07T21:40:54.811+0000] {processor.py:925} INFO - DAG(s) 'example_task_group' retrieved from /home/airflow/.local/lib/python3.12/site-packages/airflow/example_dags/example_task_group.py
[2024-10-07T21:40:54.825+0000] {logging_mixin.py:190} INFO - [2024-10-07T21:40:54.825+0000] {dag.py:3239} INFO - Sync 1 DAGs
[2024-10-07T21:40:54.832+0000] {logging_mixin.py:190} INFO - [2024-10-07T21:40:54.832+0000] {dag.py:4180} INFO - Setting next_dagrun for example_task_group to None, run_after=None
[2024-10-07T21:40:54.843+0000] {processor.py:208} INFO - Processing /home/airflow/.local/lib/python3.12/site-packages/airflow/example_dags/example_task_group.py took 0.044 seconds
[2024-10-07T21:41:25.265+0000] {processor.py:186} INFO - Started process (PID=1688) to work on /home/airflow/.local/lib/python3.12/site-packages/airflow/example_dags/example_task_group.py
[2024-10-07T21:41:25.267+0000] {processor.py:914} INFO - Processing file /home/airflow/.local/lib/python3.12/site-packages/airflow/example_dags/example_task_group.py for tasks to queue
[2024-10-07T21:41:25.269+0000] {logging_mixin.py:190} INFO - [2024-10-07T21:41:25.269+0000] {dagbag.py:588} INFO - Filling up the DagBag from /home/airflow/.local/lib/python3.12/site-packages/airflow/example_dags/example_task_group.py
[2024-10-07T21:41:25.274+0000] {processor.py:925} INFO - DAG(s) 'example_task_group' retrieved from /home/airflow/.local/lib/python3.12/site-packages/airflow/example_dags/example_task_group.py
[2024-10-07T21:41:25.288+0000] {logging_mixin.py:190} INFO - [2024-10-07T21:41:25.287+0000] {dag.py:3239} INFO - Sync 1 DAGs
[2024-10-07T21:41:25.297+0000] {logging_mixin.py:190} INFO - [2024-10-07T21:41:25.297+0000] {dag.py:4180} INFO - Setting next_dagrun for example_task_group to None, run_after=None
[2024-10-07T21:41:25.308+0000] {processor.py:208} INFO - Processing /home/airflow/.local/lib/python3.12/site-packages/airflow/example_dags/example_task_group.py took 0.047 seconds
[2024-10-07T21:41:55.977+0000] {processor.py:186} INFO - Started process (PID=1750) to work on /home/airflow/.local/lib/python3.12/site-packages/airflow/example_dags/example_task_group.py
[2024-10-07T21:41:55.978+0000] {processor.py:914} INFO - Processing file /home/airflow/.local/lib/python3.12/site-packages/airflow/example_dags/example_task_group.py for tasks to queue
[2024-10-07T21:41:55.980+0000] {logging_mixin.py:190} INFO - [2024-10-07T21:41:55.980+0000] {dagbag.py:588} INFO - Filling up the DagBag from /home/airflow/.local/lib/python3.12/site-packages/airflow/example_dags/example_task_group.py
[2024-10-07T21:41:55.989+0000] {processor.py:925} INFO - DAG(s) 'example_task_group' retrieved from /home/airflow/.local/lib/python3.12/site-packages/airflow/example_dags/example_task_group.py
[2024-10-07T21:41:56.004+0000] {logging_mixin.py:190} INFO - [2024-10-07T21:41:56.004+0000] {dag.py:3239} INFO - Sync 1 DAGs
[2024-10-07T21:41:56.012+0000] {logging_mixin.py:190} INFO - [2024-10-07T21:41:56.012+0000] {dag.py:4180} INFO - Setting next_dagrun for example_task_group to None, run_after=None
[2024-10-07T21:41:56.025+0000] {processor.py:208} INFO - Processing /home/airflow/.local/lib/python3.12/site-packages/airflow/example_dags/example_task_group.py took 0.051 seconds
[2024-10-07T21:42:26.779+0000] {processor.py:186} INFO - Started process (PID=1812) to work on /home/airflow/.local/lib/python3.12/site-packages/airflow/example_dags/example_task_group.py
[2024-10-07T21:42:26.780+0000] {processor.py:914} INFO - Processing file /home/airflow/.local/lib/python3.12/site-packages/airflow/example_dags/example_task_group.py for tasks to queue
[2024-10-07T21:42:26.782+0000] {logging_mixin.py:190} INFO - [2024-10-07T21:42:26.781+0000] {dagbag.py:588} INFO - Filling up the DagBag from /home/airflow/.local/lib/python3.12/site-packages/airflow/example_dags/example_task_group.py
[2024-10-07T21:42:26.789+0000] {processor.py:925} INFO - DAG(s) 'example_task_group' retrieved from /home/airflow/.local/lib/python3.12/site-packages/airflow/example_dags/example_task_group.py
[2024-10-07T21:42:26.812+0000] {logging_mixin.py:190} INFO - [2024-10-07T21:42:26.812+0000] {dag.py:3239} INFO - Sync 1 DAGs
[2024-10-07T21:42:26.821+0000] {logging_mixin.py:190} INFO - [2024-10-07T21:42:26.821+0000] {dag.py:4180} INFO - Setting next_dagrun for example_task_group to None, run_after=None
[2024-10-07T21:42:26.834+0000] {processor.py:208} INFO - Processing /home/airflow/.local/lib/python3.12/site-packages/airflow/example_dags/example_task_group.py took 0.060 seconds
[2024-10-07T21:42:57.584+0000] {processor.py:186} INFO - Started process (PID=1874) to work on /home/airflow/.local/lib/python3.12/site-packages/airflow/example_dags/example_task_group.py
[2024-10-07T21:42:57.585+0000] {processor.py:914} INFO - Processing file /home/airflow/.local/lib/python3.12/site-packages/airflow/example_dags/example_task_group.py for tasks to queue
[2024-10-07T21:42:57.587+0000] {logging_mixin.py:190} INFO - [2024-10-07T21:42:57.586+0000] {dagbag.py:588} INFO - Filling up the DagBag from /home/airflow/.local/lib/python3.12/site-packages/airflow/example_dags/example_task_group.py
[2024-10-07T21:42:57.593+0000] {processor.py:925} INFO - DAG(s) 'example_task_group' retrieved from /home/airflow/.local/lib/python3.12/site-packages/airflow/example_dags/example_task_group.py
[2024-10-07T21:42:57.619+0000] {logging_mixin.py:190} INFO - [2024-10-07T21:42:57.619+0000] {dag.py:3239} INFO - Sync 1 DAGs
[2024-10-07T21:42:57.632+0000] {logging_mixin.py:190} INFO - [2024-10-07T21:42:57.631+0000] {dag.py:4180} INFO - Setting next_dagrun for example_task_group to None, run_after=None
[2024-10-07T21:42:57.647+0000] {processor.py:208} INFO - Processing /home/airflow/.local/lib/python3.12/site-packages/airflow/example_dags/example_task_group.py took 0.067 seconds
[2024-10-07T21:43:27.695+0000] {processor.py:186} INFO - Started process (PID=1936) to work on /home/airflow/.local/lib/python3.12/site-packages/airflow/example_dags/example_task_group.py
[2024-10-07T21:43:27.698+0000] {processor.py:914} INFO - Processing file /home/airflow/.local/lib/python3.12/site-packages/airflow/example_dags/example_task_group.py for tasks to queue
[2024-10-07T21:43:27.700+0000] {logging_mixin.py:190} INFO - [2024-10-07T21:43:27.700+0000] {dagbag.py:588} INFO - Filling up the DagBag from /home/airflow/.local/lib/python3.12/site-packages/airflow/example_dags/example_task_group.py
[2024-10-07T21:43:27.705+0000] {processor.py:925} INFO - DAG(s) 'example_task_group' retrieved from /home/airflow/.local/lib/python3.12/site-packages/airflow/example_dags/example_task_group.py
[2024-10-07T21:43:27.716+0000] {logging_mixin.py:190} INFO - [2024-10-07T21:43:27.715+0000] {dag.py:3239} INFO - Sync 1 DAGs
[2024-10-07T21:43:27.722+0000] {logging_mixin.py:190} INFO - [2024-10-07T21:43:27.722+0000] {dag.py:4180} INFO - Setting next_dagrun for example_task_group to None, run_after=None
[2024-10-07T21:43:27.733+0000] {processor.py:208} INFO - Processing /home/airflow/.local/lib/python3.12/site-packages/airflow/example_dags/example_task_group.py took 0.041 seconds
[2024-10-07T21:43:58.708+0000] {processor.py:186} INFO - Started process (PID=1998) to work on /home/airflow/.local/lib/python3.12/site-packages/airflow/example_dags/example_task_group.py
[2024-10-07T21:43:58.709+0000] {processor.py:914} INFO - Processing file /home/airflow/.local/lib/python3.12/site-packages/airflow/example_dags/example_task_group.py for tasks to queue
[2024-10-07T21:43:58.711+0000] {logging_mixin.py:190} INFO - [2024-10-07T21:43:58.711+0000] {dagbag.py:588} INFO - Filling up the DagBag from /home/airflow/.local/lib/python3.12/site-packages/airflow/example_dags/example_task_group.py
[2024-10-07T21:43:58.715+0000] {processor.py:925} INFO - DAG(s) 'example_task_group' retrieved from /home/airflow/.local/lib/python3.12/site-packages/airflow/example_dags/example_task_group.py
[2024-10-07T21:43:58.725+0000] {logging_mixin.py:190} INFO - [2024-10-07T21:43:58.725+0000] {dag.py:3239} INFO - Sync 1 DAGs
[2024-10-07T21:43:58.732+0000] {logging_mixin.py:190} INFO - [2024-10-07T21:43:58.732+0000] {dag.py:4180} INFO - Setting next_dagrun for example_task_group to None, run_after=None
[2024-10-07T21:43:58.743+0000] {processor.py:208} INFO - Processing /home/airflow/.local/lib/python3.12/site-packages/airflow/example_dags/example_task_group.py took 0.039 seconds
[2024-10-07T21:44:29.943+0000] {processor.py:186} INFO - Started process (PID=2060) to work on /home/airflow/.local/lib/python3.12/site-packages/airflow/example_dags/example_task_group.py
[2024-10-07T21:44:29.944+0000] {processor.py:914} INFO - Processing file /home/airflow/.local/lib/python3.12/site-packages/airflow/example_dags/example_task_group.py for tasks to queue
[2024-10-07T21:44:29.946+0000] {logging_mixin.py:190} INFO - [2024-10-07T21:44:29.946+0000] {dagbag.py:588} INFO - Filling up the DagBag from /home/airflow/.local/lib/python3.12/site-packages/airflow/example_dags/example_task_group.py
[2024-10-07T21:44:29.951+0000] {processor.py:925} INFO - DAG(s) 'example_task_group' retrieved from /home/airflow/.local/lib/python3.12/site-packages/airflow/example_dags/example_task_group.py
[2024-10-07T21:44:29.964+0000] {logging_mixin.py:190} INFO - [2024-10-07T21:44:29.964+0000] {dag.py:3239} INFO - Sync 1 DAGs
[2024-10-07T21:44:29.974+0000] {logging_mixin.py:190} INFO - [2024-10-07T21:44:29.973+0000] {dag.py:4180} INFO - Setting next_dagrun for example_task_group to None, run_after=None
[2024-10-07T21:44:29.982+0000] {processor.py:208} INFO - Processing /home/airflow/.local/lib/python3.12/site-packages/airflow/example_dags/example_task_group.py took 0.043 seconds
[2024-10-07T21:45:00.799+0000] {processor.py:186} INFO - Started process (PID=2122) to work on /home/airflow/.local/lib/python3.12/site-packages/airflow/example_dags/example_task_group.py
[2024-10-07T21:45:00.800+0000] {processor.py:914} INFO - Processing file /home/airflow/.local/lib/python3.12/site-packages/airflow/example_dags/example_task_group.py for tasks to queue
[2024-10-07T21:45:00.802+0000] {logging_mixin.py:190} INFO - [2024-10-07T21:45:00.802+0000] {dagbag.py:588} INFO - Filling up the DagBag from /home/airflow/.local/lib/python3.12/site-packages/airflow/example_dags/example_task_group.py
[2024-10-07T21:45:00.806+0000] {processor.py:925} INFO - DAG(s) 'example_task_group' retrieved from /home/airflow/.local/lib/python3.12/site-packages/airflow/example_dags/example_task_group.py
[2024-10-07T21:45:00.822+0000] {logging_mixin.py:190} INFO - [2024-10-07T21:45:00.822+0000] {dag.py:3239} INFO - Sync 1 DAGs
[2024-10-07T21:45:00.830+0000] {logging_mixin.py:190} INFO - [2024-10-07T21:45:00.830+0000] {dag.py:4180} INFO - Setting next_dagrun for example_task_group to None, run_after=None
[2024-10-07T21:45:00.842+0000] {processor.py:208} INFO - Processing /home/airflow/.local/lib/python3.12/site-packages/airflow/example_dags/example_task_group.py took 0.047 seconds
[2024-10-07T21:45:31.842+0000] {processor.py:186} INFO - Started process (PID=2184) to work on /home/airflow/.local/lib/python3.12/site-packages/airflow/example_dags/example_task_group.py
[2024-10-07T21:45:31.844+0000] {processor.py:914} INFO - Processing file /home/airflow/.local/lib/python3.12/site-packages/airflow/example_dags/example_task_group.py for tasks to queue
[2024-10-07T21:45:31.846+0000] {logging_mixin.py:190} INFO - [2024-10-07T21:45:31.846+0000] {dagbag.py:588} INFO - Filling up the DagBag from /home/airflow/.local/lib/python3.12/site-packages/airflow/example_dags/example_task_group.py
[2024-10-07T21:45:31.851+0000] {processor.py:925} INFO - DAG(s) 'example_task_group' retrieved from /home/airflow/.local/lib/python3.12/site-packages/airflow/example_dags/example_task_group.py
[2024-10-07T21:45:31.861+0000] {logging_mixin.py:190} INFO - [2024-10-07T21:45:31.861+0000] {dag.py:3239} INFO - Sync 1 DAGs
[2024-10-07T21:45:31.868+0000] {logging_mixin.py:190} INFO - [2024-10-07T21:45:31.867+0000] {dag.py:4180} INFO - Setting next_dagrun for example_task_group to None, run_after=None
[2024-10-07T21:45:31.877+0000] {processor.py:208} INFO - Processing /home/airflow/.local/lib/python3.12/site-packages/airflow/example_dags/example_task_group.py took 0.039 seconds
[2024-10-07T21:46:03.135+0000] {processor.py:186} INFO - Started process (PID=2246) to work on /home/airflow/.local/lib/python3.12/site-packages/airflow/example_dags/example_task_group.py
[2024-10-07T21:46:03.138+0000] {processor.py:914} INFO - Processing file /home/airflow/.local/lib/python3.12/site-packages/airflow/example_dags/example_task_group.py for tasks to queue
[2024-10-07T21:46:03.140+0000] {logging_mixin.py:190} INFO - [2024-10-07T21:46:03.139+0000] {dagbag.py:588} INFO - Filling up the DagBag from /home/airflow/.local/lib/python3.12/site-packages/airflow/example_dags/example_task_group.py
[2024-10-07T21:46:03.144+0000] {processor.py:925} INFO - DAG(s) 'example_task_group' retrieved from /home/airflow/.local/lib/python3.12/site-packages/airflow/example_dags/example_task_group.py
[2024-10-07T21:46:03.156+0000] {logging_mixin.py:190} INFO - [2024-10-07T21:46:03.156+0000] {dag.py:3239} INFO - Sync 1 DAGs
[2024-10-07T21:46:03.163+0000] {logging_mixin.py:190} INFO - [2024-10-07T21:46:03.163+0000] {dag.py:4180} INFO - Setting next_dagrun for example_task_group to None, run_after=None
[2024-10-07T21:46:03.171+0000] {processor.py:208} INFO - Processing /home/airflow/.local/lib/python3.12/site-packages/airflow/example_dags/example_task_group.py took 0.039 seconds
[2024-10-07T21:46:34.025+0000] {processor.py:186} INFO - Started process (PID=2308) to work on /home/airflow/.local/lib/python3.12/site-packages/airflow/example_dags/example_task_group.py
[2024-10-07T21:46:34.026+0000] {processor.py:914} INFO - Processing file /home/airflow/.local/lib/python3.12/site-packages/airflow/example_dags/example_task_group.py for tasks to queue
[2024-10-07T21:46:34.028+0000] {logging_mixin.py:190} INFO - [2024-10-07T21:46:34.028+0000] {dagbag.py:588} INFO - Filling up the DagBag from /home/airflow/.local/lib/python3.12/site-packages/airflow/example_dags/example_task_group.py
[2024-10-07T21:46:34.036+0000] {processor.py:925} INFO - DAG(s) 'example_task_group' retrieved from /home/airflow/.local/lib/python3.12/site-packages/airflow/example_dags/example_task_group.py
[2024-10-07T21:46:34.054+0000] {logging_mixin.py:190} INFO - [2024-10-07T21:46:34.054+0000] {dag.py:3239} INFO - Sync 1 DAGs
[2024-10-07T21:46:34.066+0000] {logging_mixin.py:190} INFO - [2024-10-07T21:46:34.066+0000] {dag.py:4180} INFO - Setting next_dagrun for example_task_group to None, run_after=None
[2024-10-07T21:46:34.082+0000] {processor.py:208} INFO - Processing /home/airflow/.local/lib/python3.12/site-packages/airflow/example_dags/example_task_group.py took 0.060 seconds
[2024-10-07T21:47:04.719+0000] {processor.py:186} INFO - Started process (PID=2370) to work on /home/airflow/.local/lib/python3.12/site-packages/airflow/example_dags/example_task_group.py
[2024-10-07T21:47:04.720+0000] {processor.py:914} INFO - Processing file /home/airflow/.local/lib/python3.12/site-packages/airflow/example_dags/example_task_group.py for tasks to queue
[2024-10-07T21:47:04.721+0000] {logging_mixin.py:190} INFO - [2024-10-07T21:47:04.721+0000] {dagbag.py:588} INFO - Filling up the DagBag from /home/airflow/.local/lib/python3.12/site-packages/airflow/example_dags/example_task_group.py
[2024-10-07T21:47:04.726+0000] {processor.py:925} INFO - DAG(s) 'example_task_group' retrieved from /home/airflow/.local/lib/python3.12/site-packages/airflow/example_dags/example_task_group.py
[2024-10-07T21:47:04.738+0000] {logging_mixin.py:190} INFO - [2024-10-07T21:47:04.738+0000] {dag.py:3239} INFO - Sync 1 DAGs
[2024-10-07T21:47:04.745+0000] {logging_mixin.py:190} INFO - [2024-10-07T21:47:04.745+0000] {dag.py:4180} INFO - Setting next_dagrun for example_task_group to None, run_after=None
[2024-10-07T21:47:04.754+0000] {processor.py:208} INFO - Processing /home/airflow/.local/lib/python3.12/site-packages/airflow/example_dags/example_task_group.py took 0.038 seconds
[2024-10-07T21:47:36.192+0000] {processor.py:186} INFO - Started process (PID=2432) to work on /home/airflow/.local/lib/python3.12/site-packages/airflow/example_dags/example_task_group.py
[2024-10-07T21:47:36.192+0000] {processor.py:914} INFO - Processing file /home/airflow/.local/lib/python3.12/site-packages/airflow/example_dags/example_task_group.py for tasks to queue
[2024-10-07T21:47:36.194+0000] {logging_mixin.py:190} INFO - [2024-10-07T21:47:36.194+0000] {dagbag.py:588} INFO - Filling up the DagBag from /home/airflow/.local/lib/python3.12/site-packages/airflow/example_dags/example_task_group.py
[2024-10-07T21:47:36.199+0000] {processor.py:925} INFO - DAG(s) 'example_task_group' retrieved from /home/airflow/.local/lib/python3.12/site-packages/airflow/example_dags/example_task_group.py
[2024-10-07T21:47:36.212+0000] {logging_mixin.py:190} INFO - [2024-10-07T21:47:36.211+0000] {dag.py:3239} INFO - Sync 1 DAGs
[2024-10-07T21:47:36.221+0000] {logging_mixin.py:190} INFO - [2024-10-07T21:47:36.220+0000] {dag.py:4180} INFO - Setting next_dagrun for example_task_group to None, run_after=None
[2024-10-07T21:47:36.233+0000] {processor.py:208} INFO - Processing /home/airflow/.local/lib/python3.12/site-packages/airflow/example_dags/example_task_group.py took 0.044 seconds
[2024-10-07T21:48:07.489+0000] {processor.py:186} INFO - Started process (PID=2494) to work on /home/airflow/.local/lib/python3.12/site-packages/airflow/example_dags/example_task_group.py
[2024-10-07T21:48:07.490+0000] {processor.py:914} INFO - Processing file /home/airflow/.local/lib/python3.12/site-packages/airflow/example_dags/example_task_group.py for tasks to queue
[2024-10-07T21:48:07.491+0000] {logging_mixin.py:190} INFO - [2024-10-07T21:48:07.491+0000] {dagbag.py:588} INFO - Filling up the DagBag from /home/airflow/.local/lib/python3.12/site-packages/airflow/example_dags/example_task_group.py
[2024-10-07T21:48:07.496+0000] {processor.py:925} INFO - DAG(s) 'example_task_group' retrieved from /home/airflow/.local/lib/python3.12/site-packages/airflow/example_dags/example_task_group.py
[2024-10-07T21:48:07.508+0000] {logging_mixin.py:190} INFO - [2024-10-07T21:48:07.508+0000] {dag.py:3239} INFO - Sync 1 DAGs
[2024-10-07T21:48:07.515+0000] {logging_mixin.py:190} INFO - [2024-10-07T21:48:07.515+0000] {dag.py:4180} INFO - Setting next_dagrun for example_task_group to None, run_after=None
[2024-10-07T21:48:07.525+0000] {processor.py:208} INFO - Processing /home/airflow/.local/lib/python3.12/site-packages/airflow/example_dags/example_task_group.py took 0.039 seconds
[2024-10-07T21:48:38.611+0000] {processor.py:186} INFO - Started process (PID=2556) to work on /home/airflow/.local/lib/python3.12/site-packages/airflow/example_dags/example_task_group.py
[2024-10-07T21:48:38.611+0000] {processor.py:914} INFO - Processing file /home/airflow/.local/lib/python3.12/site-packages/airflow/example_dags/example_task_group.py for tasks to queue
[2024-10-07T21:48:38.613+0000] {logging_mixin.py:190} INFO - [2024-10-07T21:48:38.612+0000] {dagbag.py:588} INFO - Filling up the DagBag from /home/airflow/.local/lib/python3.12/site-packages/airflow/example_dags/example_task_group.py
[2024-10-07T21:48:38.617+0000] {processor.py:925} INFO - DAG(s) 'example_task_group' retrieved from /home/airflow/.local/lib/python3.12/site-packages/airflow/example_dags/example_task_group.py
[2024-10-07T21:48:38.627+0000] {logging_mixin.py:190} INFO - [2024-10-07T21:48:38.627+0000] {dag.py:3239} INFO - Sync 1 DAGs
[2024-10-07T21:48:38.634+0000] {logging_mixin.py:190} INFO - [2024-10-07T21:48:38.634+0000] {dag.py:4180} INFO - Setting next_dagrun for example_task_group to None, run_after=None
[2024-10-07T21:48:38.642+0000] {processor.py:208} INFO - Processing /home/airflow/.local/lib/python3.12/site-packages/airflow/example_dags/example_task_group.py took 0.034 seconds
[2024-10-07T21:49:09.452+0000] {processor.py:186} INFO - Started process (PID=2618) to work on /home/airflow/.local/lib/python3.12/site-packages/airflow/example_dags/example_task_group.py
[2024-10-07T21:49:09.453+0000] {processor.py:914} INFO - Processing file /home/airflow/.local/lib/python3.12/site-packages/airflow/example_dags/example_task_group.py for tasks to queue
[2024-10-07T21:49:09.454+0000] {logging_mixin.py:190} INFO - [2024-10-07T21:49:09.454+0000] {dagbag.py:588} INFO - Filling up the DagBag from /home/airflow/.local/lib/python3.12/site-packages/airflow/example_dags/example_task_group.py
[2024-10-07T21:49:09.459+0000] {processor.py:925} INFO - DAG(s) 'example_task_group' retrieved from /home/airflow/.local/lib/python3.12/site-packages/airflow/example_dags/example_task_group.py
[2024-10-07T21:49:09.471+0000] {logging_mixin.py:190} INFO - [2024-10-07T21:49:09.471+0000] {dag.py:3239} INFO - Sync 1 DAGs
[2024-10-07T21:49:09.480+0000] {logging_mixin.py:190} INFO - [2024-10-07T21:49:09.480+0000] {dag.py:4180} INFO - Setting next_dagrun for example_task_group to None, run_after=None
[2024-10-07T21:49:09.491+0000] {processor.py:208} INFO - Processing /home/airflow/.local/lib/python3.12/site-packages/airflow/example_dags/example_task_group.py took 0.043 seconds
[2024-10-07T21:49:40.139+0000] {processor.py:186} INFO - Started process (PID=2680) to work on /home/airflow/.local/lib/python3.12/site-packages/airflow/example_dags/example_task_group.py
[2024-10-07T21:49:40.140+0000] {processor.py:914} INFO - Processing file /home/airflow/.local/lib/python3.12/site-packages/airflow/example_dags/example_task_group.py for tasks to queue
[2024-10-07T21:49:40.141+0000] {logging_mixin.py:190} INFO - [2024-10-07T21:49:40.141+0000] {dagbag.py:588} INFO - Filling up the DagBag from /home/airflow/.local/lib/python3.12/site-packages/airflow/example_dags/example_task_group.py
[2024-10-07T21:49:40.146+0000] {processor.py:925} INFO - DAG(s) 'example_task_group' retrieved from /home/airflow/.local/lib/python3.12/site-packages/airflow/example_dags/example_task_group.py
[2024-10-07T21:49:40.159+0000] {logging_mixin.py:190} INFO - [2024-10-07T21:49:40.159+0000] {dag.py:3239} INFO - Sync 1 DAGs
[2024-10-07T21:49:40.165+0000] {logging_mixin.py:190} INFO - [2024-10-07T21:49:40.165+0000] {dag.py:4180} INFO - Setting next_dagrun for example_task_group to None, run_after=None
[2024-10-07T21:49:40.174+0000] {processor.py:208} INFO - Processing /home/airflow/.local/lib/python3.12/site-packages/airflow/example_dags/example_task_group.py took 0.038 seconds
[2024-10-07T21:50:11.328+0000] {processor.py:186} INFO - Started process (PID=2742) to work on /home/airflow/.local/lib/python3.12/site-packages/airflow/example_dags/example_task_group.py
[2024-10-07T21:50:11.329+0000] {processor.py:914} INFO - Processing file /home/airflow/.local/lib/python3.12/site-packages/airflow/example_dags/example_task_group.py for tasks to queue
[2024-10-07T21:50:11.332+0000] {logging_mixin.py:190} INFO - [2024-10-07T21:50:11.332+0000] {dagbag.py:588} INFO - Filling up the DagBag from /home/airflow/.local/lib/python3.12/site-packages/airflow/example_dags/example_task_group.py
[2024-10-07T21:50:11.338+0000] {processor.py:925} INFO - DAG(s) 'example_task_group' retrieved from /home/airflow/.local/lib/python3.12/site-packages/airflow/example_dags/example_task_group.py
[2024-10-07T21:50:11.351+0000] {logging_mixin.py:190} INFO - [2024-10-07T21:50:11.350+0000] {dag.py:3239} INFO - Sync 1 DAGs
[2024-10-07T21:50:11.358+0000] {logging_mixin.py:190} INFO - [2024-10-07T21:50:11.358+0000] {dag.py:4180} INFO - Setting next_dagrun for example_task_group to None, run_after=None
[2024-10-07T21:50:11.369+0000] {processor.py:208} INFO - Processing /home/airflow/.local/lib/python3.12/site-packages/airflow/example_dags/example_task_group.py took 0.045 seconds
[2024-10-07T21:50:43.174+0000] {processor.py:186} INFO - Started process (PID=2804) to work on /home/airflow/.local/lib/python3.12/site-packages/airflow/example_dags/example_task_group.py
[2024-10-07T21:50:43.175+0000] {processor.py:914} INFO - Processing file /home/airflow/.local/lib/python3.12/site-packages/airflow/example_dags/example_task_group.py for tasks to queue
[2024-10-07T21:50:43.177+0000] {logging_mixin.py:190} INFO - [2024-10-07T21:50:43.176+0000] {dagbag.py:588} INFO - Filling up the DagBag from /home/airflow/.local/lib/python3.12/site-packages/airflow/example_dags/example_task_group.py
[2024-10-07T21:50:43.185+0000] {processor.py:925} INFO - DAG(s) 'example_task_group' retrieved from /home/airflow/.local/lib/python3.12/site-packages/airflow/example_dags/example_task_group.py
[2024-10-07T21:50:43.199+0000] {logging_mixin.py:190} INFO - [2024-10-07T21:50:43.199+0000] {dag.py:3239} INFO - Sync 1 DAGs
[2024-10-07T21:50:43.315+0000] {logging_mixin.py:190} INFO - [2024-10-07T21:50:43.315+0000] {dag.py:4180} INFO - Setting next_dagrun for example_task_group to None, run_after=None
[2024-10-07T21:50:43.324+0000] {processor.py:208} INFO - Processing /home/airflow/.local/lib/python3.12/site-packages/airflow/example_dags/example_task_group.py took 0.153 seconds
[2024-10-07T21:51:13.735+0000] {processor.py:186} INFO - Started process (PID=2866) to work on /home/airflow/.local/lib/python3.12/site-packages/airflow/example_dags/example_task_group.py
[2024-10-07T21:51:13.736+0000] {processor.py:914} INFO - Processing file /home/airflow/.local/lib/python3.12/site-packages/airflow/example_dags/example_task_group.py for tasks to queue
[2024-10-07T21:51:13.738+0000] {logging_mixin.py:190} INFO - [2024-10-07T21:51:13.738+0000] {dagbag.py:588} INFO - Filling up the DagBag from /home/airflow/.local/lib/python3.12/site-packages/airflow/example_dags/example_task_group.py
[2024-10-07T21:51:13.745+0000] {processor.py:925} INFO - DAG(s) 'example_task_group' retrieved from /home/airflow/.local/lib/python3.12/site-packages/airflow/example_dags/example_task_group.py
[2024-10-07T21:51:13.760+0000] {logging_mixin.py:190} INFO - [2024-10-07T21:51:13.760+0000] {dag.py:3239} INFO - Sync 1 DAGs
[2024-10-07T21:51:13.772+0000] {logging_mixin.py:190} INFO - [2024-10-07T21:51:13.772+0000] {dag.py:4180} INFO - Setting next_dagrun for example_task_group to None, run_after=None
[2024-10-07T21:51:13.889+0000] {processor.py:208} INFO - Processing /home/airflow/.local/lib/python3.12/site-packages/airflow/example_dags/example_task_group.py took 0.156 seconds
[2024-10-07T21:51:44.441+0000] {processor.py:186} INFO - Started process (PID=2934) to work on /home/airflow/.local/lib/python3.12/site-packages/airflow/example_dags/example_task_group.py
[2024-10-07T21:51:44.442+0000] {processor.py:914} INFO - Processing file /home/airflow/.local/lib/python3.12/site-packages/airflow/example_dags/example_task_group.py for tasks to queue
[2024-10-07T21:51:44.443+0000] {logging_mixin.py:190} INFO - [2024-10-07T21:51:44.443+0000] {dagbag.py:588} INFO - Filling up the DagBag from /home/airflow/.local/lib/python3.12/site-packages/airflow/example_dags/example_task_group.py
[2024-10-07T21:51:44.448+0000] {processor.py:925} INFO - DAG(s) 'example_task_group' retrieved from /home/airflow/.local/lib/python3.12/site-packages/airflow/example_dags/example_task_group.py
[2024-10-07T21:51:44.460+0000] {logging_mixin.py:190} INFO - [2024-10-07T21:51:44.459+0000] {dag.py:3239} INFO - Sync 1 DAGs
[2024-10-07T21:51:44.467+0000] {logging_mixin.py:190} INFO - [2024-10-07T21:51:44.467+0000] {dag.py:4180} INFO - Setting next_dagrun for example_task_group to None, run_after=None
[2024-10-07T21:51:44.579+0000] {processor.py:208} INFO - Processing /home/airflow/.local/lib/python3.12/site-packages/airflow/example_dags/example_task_group.py took 0.141 seconds
[2024-10-07T21:52:14.938+0000] {processor.py:186} INFO - Started process (PID=2996) to work on /home/airflow/.local/lib/python3.12/site-packages/airflow/example_dags/example_task_group.py
[2024-10-07T21:52:14.939+0000] {processor.py:914} INFO - Processing file /home/airflow/.local/lib/python3.12/site-packages/airflow/example_dags/example_task_group.py for tasks to queue
[2024-10-07T21:52:14.940+0000] {logging_mixin.py:190} INFO - [2024-10-07T21:52:14.940+0000] {dagbag.py:588} INFO - Filling up the DagBag from /home/airflow/.local/lib/python3.12/site-packages/airflow/example_dags/example_task_group.py
[2024-10-07T21:52:14.945+0000] {processor.py:925} INFO - DAG(s) 'example_task_group' retrieved from /home/airflow/.local/lib/python3.12/site-packages/airflow/example_dags/example_task_group.py
[2024-10-07T21:52:14.960+0000] {logging_mixin.py:190} INFO - [2024-10-07T21:52:14.960+0000] {dag.py:3239} INFO - Sync 1 DAGs
[2024-10-07T21:52:14.968+0000] {logging_mixin.py:190} INFO - [2024-10-07T21:52:14.967+0000] {dag.py:4180} INFO - Setting next_dagrun for example_task_group to None, run_after=None
[2024-10-07T21:52:14.980+0000] {processor.py:208} INFO - Processing /home/airflow/.local/lib/python3.12/site-packages/airflow/example_dags/example_task_group.py took 0.046 seconds
[2024-10-07T21:52:45.387+0000] {processor.py:186} INFO - Started process (PID=3058) to work on /home/airflow/.local/lib/python3.12/site-packages/airflow/example_dags/example_task_group.py
[2024-10-07T21:52:45.388+0000] {processor.py:914} INFO - Processing file /home/airflow/.local/lib/python3.12/site-packages/airflow/example_dags/example_task_group.py for tasks to queue
[2024-10-07T21:52:45.390+0000] {logging_mixin.py:190} INFO - [2024-10-07T21:52:45.389+0000] {dagbag.py:588} INFO - Filling up the DagBag from /home/airflow/.local/lib/python3.12/site-packages/airflow/example_dags/example_task_group.py
[2024-10-07T21:52:45.394+0000] {processor.py:925} INFO - DAG(s) 'example_task_group' retrieved from /home/airflow/.local/lib/python3.12/site-packages/airflow/example_dags/example_task_group.py
[2024-10-07T21:52:45.406+0000] {logging_mixin.py:190} INFO - [2024-10-07T21:52:45.406+0000] {dag.py:3239} INFO - Sync 1 DAGs
[2024-10-07T21:52:45.412+0000] {logging_mixin.py:190} INFO - [2024-10-07T21:52:45.412+0000] {dag.py:4180} INFO - Setting next_dagrun for example_task_group to None, run_after=None
[2024-10-07T21:52:45.422+0000] {processor.py:208} INFO - Processing /home/airflow/.local/lib/python3.12/site-packages/airflow/example_dags/example_task_group.py took 0.039 seconds
[2024-10-07T21:53:16.051+0000] {processor.py:186} INFO - Started process (PID=3120) to work on /home/airflow/.local/lib/python3.12/site-packages/airflow/example_dags/example_task_group.py
[2024-10-07T21:53:16.052+0000] {processor.py:914} INFO - Processing file /home/airflow/.local/lib/python3.12/site-packages/airflow/example_dags/example_task_group.py for tasks to queue
[2024-10-07T21:53:16.053+0000] {logging_mixin.py:190} INFO - [2024-10-07T21:53:16.053+0000] {dagbag.py:588} INFO - Filling up the DagBag from /home/airflow/.local/lib/python3.12/site-packages/airflow/example_dags/example_task_group.py
[2024-10-07T21:53:16.058+0000] {processor.py:925} INFO - DAG(s) 'example_task_group' retrieved from /home/airflow/.local/lib/python3.12/site-packages/airflow/example_dags/example_task_group.py
[2024-10-07T21:53:16.073+0000] {logging_mixin.py:190} INFO - [2024-10-07T21:53:16.073+0000] {dag.py:3239} INFO - Sync 1 DAGs
[2024-10-07T21:53:16.080+0000] {logging_mixin.py:190} INFO - [2024-10-07T21:53:16.080+0000] {dag.py:4180} INFO - Setting next_dagrun for example_task_group to None, run_after=None
[2024-10-07T21:53:16.093+0000] {processor.py:208} INFO - Processing /home/airflow/.local/lib/python3.12/site-packages/airflow/example_dags/example_task_group.py took 0.044 seconds
[2024-10-07T21:53:46.500+0000] {processor.py:186} INFO - Started process (PID=3182) to work on /home/airflow/.local/lib/python3.12/site-packages/airflow/example_dags/example_task_group.py
[2024-10-07T21:53:46.502+0000] {processor.py:914} INFO - Processing file /home/airflow/.local/lib/python3.12/site-packages/airflow/example_dags/example_task_group.py for tasks to queue
[2024-10-07T21:53:46.504+0000] {logging_mixin.py:190} INFO - [2024-10-07T21:53:46.504+0000] {dagbag.py:588} INFO - Filling up the DagBag from /home/airflow/.local/lib/python3.12/site-packages/airflow/example_dags/example_task_group.py
[2024-10-07T21:53:46.511+0000] {processor.py:925} INFO - DAG(s) 'example_task_group' retrieved from /home/airflow/.local/lib/python3.12/site-packages/airflow/example_dags/example_task_group.py
[2024-10-07T21:53:46.527+0000] {logging_mixin.py:190} INFO - [2024-10-07T21:53:46.527+0000] {dag.py:3239} INFO - Sync 1 DAGs
[2024-10-07T21:53:46.534+0000] {logging_mixin.py:190} INFO - [2024-10-07T21:53:46.534+0000] {dag.py:4180} INFO - Setting next_dagrun for example_task_group to None, run_after=None
[2024-10-07T21:53:46.543+0000] {processor.py:208} INFO - Processing /home/airflow/.local/lib/python3.12/site-packages/airflow/example_dags/example_task_group.py took 0.048 seconds
[2024-10-07T21:54:16.988+0000] {processor.py:186} INFO - Started process (PID=3244) to work on /home/airflow/.local/lib/python3.12/site-packages/airflow/example_dags/example_task_group.py
[2024-10-07T21:54:16.989+0000] {processor.py:914} INFO - Processing file /home/airflow/.local/lib/python3.12/site-packages/airflow/example_dags/example_task_group.py for tasks to queue
[2024-10-07T21:54:16.991+0000] {logging_mixin.py:190} INFO - [2024-10-07T21:54:16.991+0000] {dagbag.py:588} INFO - Filling up the DagBag from /home/airflow/.local/lib/python3.12/site-packages/airflow/example_dags/example_task_group.py
[2024-10-07T21:54:16.997+0000] {processor.py:925} INFO - DAG(s) 'example_task_group' retrieved from /home/airflow/.local/lib/python3.12/site-packages/airflow/example_dags/example_task_group.py
[2024-10-07T21:54:17.011+0000] {logging_mixin.py:190} INFO - [2024-10-07T21:54:17.010+0000] {dag.py:3239} INFO - Sync 1 DAGs
[2024-10-07T21:54:17.018+0000] {logging_mixin.py:190} INFO - [2024-10-07T21:54:17.018+0000] {dag.py:4180} INFO - Setting next_dagrun for example_task_group to None, run_after=None
[2024-10-07T21:54:17.028+0000] {processor.py:208} INFO - Processing /home/airflow/.local/lib/python3.12/site-packages/airflow/example_dags/example_task_group.py took 0.044 seconds
[2024-10-07T21:54:47.371+0000] {processor.py:186} INFO - Started process (PID=3306) to work on /home/airflow/.local/lib/python3.12/site-packages/airflow/example_dags/example_task_group.py
[2024-10-07T21:54:47.373+0000] {processor.py:914} INFO - Processing file /home/airflow/.local/lib/python3.12/site-packages/airflow/example_dags/example_task_group.py for tasks to queue
[2024-10-07T21:54:47.376+0000] {logging_mixin.py:190} INFO - [2024-10-07T21:54:47.375+0000] {dagbag.py:588} INFO - Filling up the DagBag from /home/airflow/.local/lib/python3.12/site-packages/airflow/example_dags/example_task_group.py
[2024-10-07T21:54:47.381+0000] {processor.py:925} INFO - DAG(s) 'example_task_group' retrieved from /home/airflow/.local/lib/python3.12/site-packages/airflow/example_dags/example_task_group.py
[2024-10-07T21:54:47.395+0000] {logging_mixin.py:190} INFO - [2024-10-07T21:54:47.394+0000] {dag.py:3239} INFO - Sync 1 DAGs
[2024-10-07T21:54:47.403+0000] {logging_mixin.py:190} INFO - [2024-10-07T21:54:47.402+0000] {dag.py:4180} INFO - Setting next_dagrun for example_task_group to None, run_after=None
[2024-10-07T21:54:47.411+0000] {processor.py:208} INFO - Processing /home/airflow/.local/lib/python3.12/site-packages/airflow/example_dags/example_task_group.py took 0.044 seconds
[2024-10-07T21:55:17.708+0000] {processor.py:186} INFO - Started process (PID=3368) to work on /home/airflow/.local/lib/python3.12/site-packages/airflow/example_dags/example_task_group.py
[2024-10-07T21:55:17.709+0000] {processor.py:914} INFO - Processing file /home/airflow/.local/lib/python3.12/site-packages/airflow/example_dags/example_task_group.py for tasks to queue
[2024-10-07T21:55:17.710+0000] {logging_mixin.py:190} INFO - [2024-10-07T21:55:17.710+0000] {dagbag.py:588} INFO - Filling up the DagBag from /home/airflow/.local/lib/python3.12/site-packages/airflow/example_dags/example_task_group.py
[2024-10-07T21:55:17.714+0000] {processor.py:925} INFO - DAG(s) 'example_task_group' retrieved from /home/airflow/.local/lib/python3.12/site-packages/airflow/example_dags/example_task_group.py
[2024-10-07T21:55:17.728+0000] {logging_mixin.py:190} INFO - [2024-10-07T21:55:17.728+0000] {dag.py:3239} INFO - Sync 1 DAGs
[2024-10-07T21:55:17.735+0000] {logging_mixin.py:190} INFO - [2024-10-07T21:55:17.735+0000] {dag.py:4180} INFO - Setting next_dagrun for example_task_group to None, run_after=None
[2024-10-07T21:55:17.744+0000] {processor.py:208} INFO - Processing /home/airflow/.local/lib/python3.12/site-packages/airflow/example_dags/example_task_group.py took 0.039 seconds
[2024-10-07T21:55:48.300+0000] {processor.py:186} INFO - Started process (PID=3430) to work on /home/airflow/.local/lib/python3.12/site-packages/airflow/example_dags/example_task_group.py
[2024-10-07T21:55:48.302+0000] {processor.py:914} INFO - Processing file /home/airflow/.local/lib/python3.12/site-packages/airflow/example_dags/example_task_group.py for tasks to queue
[2024-10-07T21:55:48.303+0000] {logging_mixin.py:190} INFO - [2024-10-07T21:55:48.303+0000] {dagbag.py:588} INFO - Filling up the DagBag from /home/airflow/.local/lib/python3.12/site-packages/airflow/example_dags/example_task_group.py
[2024-10-07T21:55:48.308+0000] {processor.py:925} INFO - DAG(s) 'example_task_group' retrieved from /home/airflow/.local/lib/python3.12/site-packages/airflow/example_dags/example_task_group.py
[2024-10-07T21:55:48.319+0000] {logging_mixin.py:190} INFO - [2024-10-07T21:55:48.319+0000] {dag.py:3239} INFO - Sync 1 DAGs
[2024-10-07T21:55:48.328+0000] {logging_mixin.py:190} INFO - [2024-10-07T21:55:48.328+0000] {dag.py:4180} INFO - Setting next_dagrun for example_task_group to None, run_after=None
[2024-10-07T21:55:48.336+0000] {processor.py:208} INFO - Processing /home/airflow/.local/lib/python3.12/site-packages/airflow/example_dags/example_task_group.py took 0.040 seconds
[2024-10-07T21:56:18.754+0000] {processor.py:186} INFO - Started process (PID=3492) to work on /home/airflow/.local/lib/python3.12/site-packages/airflow/example_dags/example_task_group.py
[2024-10-07T21:56:18.756+0000] {processor.py:914} INFO - Processing file /home/airflow/.local/lib/python3.12/site-packages/airflow/example_dags/example_task_group.py for tasks to queue
[2024-10-07T21:56:18.758+0000] {logging_mixin.py:190} INFO - [2024-10-07T21:56:18.757+0000] {dagbag.py:588} INFO - Filling up the DagBag from /home/airflow/.local/lib/python3.12/site-packages/airflow/example_dags/example_task_group.py
[2024-10-07T21:56:18.763+0000] {processor.py:925} INFO - DAG(s) 'example_task_group' retrieved from /home/airflow/.local/lib/python3.12/site-packages/airflow/example_dags/example_task_group.py
[2024-10-07T21:56:18.777+0000] {logging_mixin.py:190} INFO - [2024-10-07T21:56:18.776+0000] {dag.py:3239} INFO - Sync 1 DAGs
[2024-10-07T21:56:18.785+0000] {logging_mixin.py:190} INFO - [2024-10-07T21:56:18.785+0000] {dag.py:4180} INFO - Setting next_dagrun for example_task_group to None, run_after=None
[2024-10-07T21:56:18.794+0000] {processor.py:208} INFO - Processing /home/airflow/.local/lib/python3.12/site-packages/airflow/example_dags/example_task_group.py took 0.043 seconds
[2024-10-07T21:56:49.438+0000] {processor.py:186} INFO - Started process (PID=3554) to work on /home/airflow/.local/lib/python3.12/site-packages/airflow/example_dags/example_task_group.py
[2024-10-07T21:56:49.439+0000] {processor.py:914} INFO - Processing file /home/airflow/.local/lib/python3.12/site-packages/airflow/example_dags/example_task_group.py for tasks to queue
[2024-10-07T21:56:49.441+0000] {logging_mixin.py:190} INFO - [2024-10-07T21:56:49.440+0000] {dagbag.py:588} INFO - Filling up the DagBag from /home/airflow/.local/lib/python3.12/site-packages/airflow/example_dags/example_task_group.py
[2024-10-07T21:56:49.447+0000] {processor.py:925} INFO - DAG(s) 'example_task_group' retrieved from /home/airflow/.local/lib/python3.12/site-packages/airflow/example_dags/example_task_group.py
[2024-10-07T21:56:49.466+0000] {logging_mixin.py:190} INFO - [2024-10-07T21:56:49.466+0000] {dag.py:3239} INFO - Sync 1 DAGs
[2024-10-07T21:56:49.475+0000] {logging_mixin.py:190} INFO - [2024-10-07T21:56:49.475+0000] {dag.py:4180} INFO - Setting next_dagrun for example_task_group to None, run_after=None
[2024-10-07T21:56:49.488+0000] {processor.py:208} INFO - Processing /home/airflow/.local/lib/python3.12/site-packages/airflow/example_dags/example_task_group.py took 0.055 seconds
[2024-10-07T21:57:19.872+0000] {processor.py:186} INFO - Started process (PID=3616) to work on /home/airflow/.local/lib/python3.12/site-packages/airflow/example_dags/example_task_group.py
[2024-10-07T21:57:19.873+0000] {processor.py:914} INFO - Processing file /home/airflow/.local/lib/python3.12/site-packages/airflow/example_dags/example_task_group.py for tasks to queue
[2024-10-07T21:57:19.874+0000] {logging_mixin.py:190} INFO - [2024-10-07T21:57:19.874+0000] {dagbag.py:588} INFO - Filling up the DagBag from /home/airflow/.local/lib/python3.12/site-packages/airflow/example_dags/example_task_group.py
[2024-10-07T21:57:19.882+0000] {processor.py:925} INFO - DAG(s) 'example_task_group' retrieved from /home/airflow/.local/lib/python3.12/site-packages/airflow/example_dags/example_task_group.py
[2024-10-07T21:57:19.897+0000] {logging_mixin.py:190} INFO - [2024-10-07T21:57:19.896+0000] {dag.py:3239} INFO - Sync 1 DAGs
[2024-10-07T21:57:19.906+0000] {logging_mixin.py:190} INFO - [2024-10-07T21:57:19.906+0000] {dag.py:4180} INFO - Setting next_dagrun for example_task_group to None, run_after=None
[2024-10-07T21:57:19.926+0000] {processor.py:208} INFO - Processing /home/airflow/.local/lib/python3.12/site-packages/airflow/example_dags/example_task_group.py took 0.058 seconds
[2024-10-07T21:57:50.894+0000] {processor.py:186} INFO - Started process (PID=3678) to work on /home/airflow/.local/lib/python3.12/site-packages/airflow/example_dags/example_task_group.py
[2024-10-07T21:57:50.895+0000] {processor.py:914} INFO - Processing file /home/airflow/.local/lib/python3.12/site-packages/airflow/example_dags/example_task_group.py for tasks to queue
[2024-10-07T21:57:50.896+0000] {logging_mixin.py:190} INFO - [2024-10-07T21:57:50.896+0000] {dagbag.py:588} INFO - Filling up the DagBag from /home/airflow/.local/lib/python3.12/site-packages/airflow/example_dags/example_task_group.py
[2024-10-07T21:57:50.901+0000] {processor.py:925} INFO - DAG(s) 'example_task_group' retrieved from /home/airflow/.local/lib/python3.12/site-packages/airflow/example_dags/example_task_group.py
[2024-10-07T21:57:50.920+0000] {logging_mixin.py:190} INFO - [2024-10-07T21:57:50.920+0000] {dag.py:3239} INFO - Sync 1 DAGs
[2024-10-07T21:57:50.928+0000] {logging_mixin.py:190} INFO - [2024-10-07T21:57:50.928+0000] {dag.py:4180} INFO - Setting next_dagrun for example_task_group to None, run_after=None
[2024-10-07T21:57:50.937+0000] {processor.py:208} INFO - Processing /home/airflow/.local/lib/python3.12/site-packages/airflow/example_dags/example_task_group.py took 0.045 seconds
[2024-10-07T21:58:21.808+0000] {processor.py:186} INFO - Started process (PID=3740) to work on /home/airflow/.local/lib/python3.12/site-packages/airflow/example_dags/example_task_group.py
[2024-10-07T21:58:21.809+0000] {processor.py:914} INFO - Processing file /home/airflow/.local/lib/python3.12/site-packages/airflow/example_dags/example_task_group.py for tasks to queue
[2024-10-07T21:58:21.811+0000] {logging_mixin.py:190} INFO - [2024-10-07T21:58:21.810+0000] {dagbag.py:588} INFO - Filling up the DagBag from /home/airflow/.local/lib/python3.12/site-packages/airflow/example_dags/example_task_group.py
[2024-10-07T21:58:21.817+0000] {processor.py:925} INFO - DAG(s) 'example_task_group' retrieved from /home/airflow/.local/lib/python3.12/site-packages/airflow/example_dags/example_task_group.py
[2024-10-07T21:58:21.834+0000] {logging_mixin.py:190} INFO - [2024-10-07T21:58:21.834+0000] {dag.py:3239} INFO - Sync 1 DAGs
[2024-10-07T21:58:21.842+0000] {logging_mixin.py:190} INFO - [2024-10-07T21:58:21.842+0000] {dag.py:4180} INFO - Setting next_dagrun for example_task_group to None, run_after=None
[2024-10-07T21:58:21.852+0000] {processor.py:208} INFO - Processing /home/airflow/.local/lib/python3.12/site-packages/airflow/example_dags/example_task_group.py took 0.048 seconds
[2024-10-07T21:58:52.429+0000] {processor.py:186} INFO - Started process (PID=3802) to work on /home/airflow/.local/lib/python3.12/site-packages/airflow/example_dags/example_task_group.py
[2024-10-07T21:58:52.430+0000] {processor.py:914} INFO - Processing file /home/airflow/.local/lib/python3.12/site-packages/airflow/example_dags/example_task_group.py for tasks to queue
[2024-10-07T21:58:52.432+0000] {logging_mixin.py:190} INFO - [2024-10-07T21:58:52.432+0000] {dagbag.py:588} INFO - Filling up the DagBag from /home/airflow/.local/lib/python3.12/site-packages/airflow/example_dags/example_task_group.py
[2024-10-07T21:58:52.437+0000] {processor.py:925} INFO - DAG(s) 'example_task_group' retrieved from /home/airflow/.local/lib/python3.12/site-packages/airflow/example_dags/example_task_group.py
[2024-10-07T21:58:52.451+0000] {logging_mixin.py:190} INFO - [2024-10-07T21:58:52.451+0000] {dag.py:3239} INFO - Sync 1 DAGs
[2024-10-07T21:58:52.458+0000] {logging_mixin.py:190} INFO - [2024-10-07T21:58:52.457+0000] {dag.py:4180} INFO - Setting next_dagrun for example_task_group to None, run_after=None
[2024-10-07T21:58:52.467+0000] {processor.py:208} INFO - Processing /home/airflow/.local/lib/python3.12/site-packages/airflow/example_dags/example_task_group.py took 0.040 seconds
[2024-10-07T21:59:23.227+0000] {processor.py:186} INFO - Started process (PID=3864) to work on /home/airflow/.local/lib/python3.12/site-packages/airflow/example_dags/example_task_group.py
[2024-10-07T21:59:23.228+0000] {processor.py:914} INFO - Processing file /home/airflow/.local/lib/python3.12/site-packages/airflow/example_dags/example_task_group.py for tasks to queue
[2024-10-07T21:59:23.230+0000] {logging_mixin.py:190} INFO - [2024-10-07T21:59:23.230+0000] {dagbag.py:588} INFO - Filling up the DagBag from /home/airflow/.local/lib/python3.12/site-packages/airflow/example_dags/example_task_group.py
[2024-10-07T21:59:23.239+0000] {processor.py:925} INFO - DAG(s) 'example_task_group' retrieved from /home/airflow/.local/lib/python3.12/site-packages/airflow/example_dags/example_task_group.py
[2024-10-07T21:59:23.252+0000] {logging_mixin.py:190} INFO - [2024-10-07T21:59:23.251+0000] {dag.py:3239} INFO - Sync 1 DAGs
[2024-10-07T21:59:23.259+0000] {logging_mixin.py:190} INFO - [2024-10-07T21:59:23.258+0000] {dag.py:4180} INFO - Setting next_dagrun for example_task_group to None, run_after=None
[2024-10-07T21:59:23.268+0000] {processor.py:208} INFO - Processing /home/airflow/.local/lib/python3.12/site-packages/airflow/example_dags/example_task_group.py took 0.046 seconds
[2024-10-07T21:59:53.740+0000] {processor.py:186} INFO - Started process (PID=3926) to work on /home/airflow/.local/lib/python3.12/site-packages/airflow/example_dags/example_task_group.py
[2024-10-07T21:59:53.743+0000] {processor.py:914} INFO - Processing file /home/airflow/.local/lib/python3.12/site-packages/airflow/example_dags/example_task_group.py for tasks to queue
[2024-10-07T21:59:53.748+0000] {logging_mixin.py:190} INFO - [2024-10-07T21:59:53.748+0000] {dagbag.py:588} INFO - Filling up the DagBag from /home/airflow/.local/lib/python3.12/site-packages/airflow/example_dags/example_task_group.py
[2024-10-07T21:59:53.753+0000] {processor.py:925} INFO - DAG(s) 'example_task_group' retrieved from /home/airflow/.local/lib/python3.12/site-packages/airflow/example_dags/example_task_group.py
[2024-10-07T21:59:53.769+0000] {logging_mixin.py:190} INFO - [2024-10-07T21:59:53.769+0000] {dag.py:3239} INFO - Sync 1 DAGs
[2024-10-07T21:59:53.777+0000] {logging_mixin.py:190} INFO - [2024-10-07T21:59:53.777+0000] {dag.py:4180} INFO - Setting next_dagrun for example_task_group to None, run_after=None
[2024-10-07T21:59:53.787+0000] {processor.py:208} INFO - Processing /home/airflow/.local/lib/python3.12/site-packages/airflow/example_dags/example_task_group.py took 0.050 seconds
[2024-10-07T22:00:24.327+0000] {processor.py:186} INFO - Started process (PID=3988) to work on /home/airflow/.local/lib/python3.12/site-packages/airflow/example_dags/example_task_group.py
[2024-10-07T22:00:24.328+0000] {processor.py:914} INFO - Processing file /home/airflow/.local/lib/python3.12/site-packages/airflow/example_dags/example_task_group.py for tasks to queue
[2024-10-07T22:00:24.330+0000] {logging_mixin.py:190} INFO - [2024-10-07T22:00:24.330+0000] {dagbag.py:588} INFO - Filling up the DagBag from /home/airflow/.local/lib/python3.12/site-packages/airflow/example_dags/example_task_group.py
[2024-10-07T22:00:24.337+0000] {processor.py:925} INFO - DAG(s) 'example_task_group' retrieved from /home/airflow/.local/lib/python3.12/site-packages/airflow/example_dags/example_task_group.py
[2024-10-07T22:00:24.354+0000] {logging_mixin.py:190} INFO - [2024-10-07T22:00:24.354+0000] {dag.py:3239} INFO - Sync 1 DAGs
[2024-10-07T22:00:24.363+0000] {logging_mixin.py:190} INFO - [2024-10-07T22:00:24.362+0000] {dag.py:4180} INFO - Setting next_dagrun for example_task_group to None, run_after=None
[2024-10-07T22:00:24.373+0000] {processor.py:208} INFO - Processing /home/airflow/.local/lib/python3.12/site-packages/airflow/example_dags/example_task_group.py took 0.052 seconds
