[2024-10-07T21:28:14.667+0000] {processor.py:186} INFO - Started process (PID=101) to work on /home/airflow/.local/lib/python3.12/site-packages/airflow/example_dags/example_sensors.py
[2024-10-07T21:28:14.669+0000] {processor.py:914} INFO - Processing file /home/airflow/.local/lib/python3.12/site-packages/airflow/example_dags/example_sensors.py for tasks to queue
[2024-10-07T21:28:14.672+0000] {logging_mixin.py:190} INFO - [2024-10-07T21:28:14.672+0000] {dagbag.py:588} INFO - Filling up the DagBag from /home/airflow/.local/lib/python3.12/site-packages/airflow/example_dags/example_sensors.py
[2024-10-07T21:28:14.701+0000] {processor.py:925} INFO - DAG(s) 'example_sensors' retrieved from /home/airflow/.local/lib/python3.12/site-packages/airflow/example_dags/example_sensors.py
[2024-10-07T21:28:14.841+0000] {logging_mixin.py:190} INFO - [2024-10-07T21:28:14.841+0000] {override.py:1900} INFO - Created Permission View: can read on DAG:example_sensors
[2024-10-07T21:28:14.850+0000] {logging_mixin.py:190} INFO - [2024-10-07T21:28:14.849+0000] {override.py:1900} INFO - Created Permission View: can delete on DAG:example_sensors
[2024-10-07T21:28:14.860+0000] {logging_mixin.py:190} INFO - [2024-10-07T21:28:14.859+0000] {override.py:1900} INFO - Created Permission View: can edit on DAG:example_sensors
[2024-10-07T21:28:14.872+0000] {logging_mixin.py:190} INFO - [2024-10-07T21:28:14.871+0000] {override.py:1900} INFO - Created Permission View: can read on DAG Run:example_sensors
[2024-10-07T21:28:14.876+0000] {logging_mixin.py:190} INFO - [2024-10-07T21:28:14.876+0000] {override.py:1900} INFO - Created Permission View: can delete on DAG Run:example_sensors
[2024-10-07T21:28:14.883+0000] {logging_mixin.py:190} INFO - [2024-10-07T21:28:14.883+0000] {override.py:1900} INFO - Created Permission View: can create on DAG Run:example_sensors
[2024-10-07T21:28:14.887+0000] {logging_mixin.py:190} INFO - [2024-10-07T21:28:14.886+0000] {override.py:1900} INFO - Created Permission View: menu access on DAG Run:example_sensors
[2024-10-07T21:28:14.891+0000] {logging_mixin.py:190} INFO - [2024-10-07T21:28:14.890+0000] {dag.py:3239} INFO - Sync 1 DAGs
[2024-10-07T21:28:14.902+0000] {logging_mixin.py:190} INFO - [2024-10-07T21:28:14.901+0000] {dag.py:3262} INFO - Creating ORM DAG for example_sensors
[2024-10-07T21:28:14.903+0000] {logging_mixin.py:190} INFO - [2024-10-07T21:28:14.903+0000] {dag.py:4180} INFO - Setting next_dagrun for example_sensors to None, run_after=None
[2024-10-07T21:28:14.916+0000] {processor.py:208} INFO - Processing /home/airflow/.local/lib/python3.12/site-packages/airflow/example_dags/example_sensors.py took 0.255 seconds
[2024-10-07T21:28:45.275+0000] {processor.py:186} INFO - Started process (PID=163) to work on /home/airflow/.local/lib/python3.12/site-packages/airflow/example_dags/example_sensors.py
[2024-10-07T21:28:45.276+0000] {processor.py:914} INFO - Processing file /home/airflow/.local/lib/python3.12/site-packages/airflow/example_dags/example_sensors.py for tasks to queue
[2024-10-07T21:28:45.278+0000] {logging_mixin.py:190} INFO - [2024-10-07T21:28:45.278+0000] {dagbag.py:588} INFO - Filling up the DagBag from /home/airflow/.local/lib/python3.12/site-packages/airflow/example_dags/example_sensors.py
[2024-10-07T21:28:45.284+0000] {processor.py:925} INFO - DAG(s) 'example_sensors' retrieved from /home/airflow/.local/lib/python3.12/site-packages/airflow/example_dags/example_sensors.py
[2024-10-07T21:28:45.302+0000] {logging_mixin.py:190} INFO - [2024-10-07T21:28:45.302+0000] {dag.py:3239} INFO - Sync 1 DAGs
[2024-10-07T21:28:45.309+0000] {logging_mixin.py:190} INFO - [2024-10-07T21:28:45.309+0000] {dag.py:4180} INFO - Setting next_dagrun for example_sensors to None, run_after=None
[2024-10-07T21:28:45.318+0000] {processor.py:208} INFO - Processing /home/airflow/.local/lib/python3.12/site-packages/airflow/example_dags/example_sensors.py took 0.047 seconds
[2024-10-07T21:29:15.690+0000] {processor.py:186} INFO - Started process (PID=225) to work on /home/airflow/.local/lib/python3.12/site-packages/airflow/example_dags/example_sensors.py
[2024-10-07T21:29:15.691+0000] {processor.py:914} INFO - Processing file /home/airflow/.local/lib/python3.12/site-packages/airflow/example_dags/example_sensors.py for tasks to queue
[2024-10-07T21:29:15.692+0000] {logging_mixin.py:190} INFO - [2024-10-07T21:29:15.692+0000] {dagbag.py:588} INFO - Filling up the DagBag from /home/airflow/.local/lib/python3.12/site-packages/airflow/example_dags/example_sensors.py
[2024-10-07T21:29:15.698+0000] {processor.py:925} INFO - DAG(s) 'example_sensors' retrieved from /home/airflow/.local/lib/python3.12/site-packages/airflow/example_dags/example_sensors.py
[2024-10-07T21:29:15.711+0000] {logging_mixin.py:190} INFO - [2024-10-07T21:29:15.711+0000] {dag.py:3239} INFO - Sync 1 DAGs
[2024-10-07T21:29:15.718+0000] {logging_mixin.py:190} INFO - [2024-10-07T21:29:15.718+0000] {dag.py:4180} INFO - Setting next_dagrun for example_sensors to None, run_after=None
[2024-10-07T21:29:15.728+0000] {processor.py:208} INFO - Processing /home/airflow/.local/lib/python3.12/site-packages/airflow/example_dags/example_sensors.py took 0.041 seconds
[2024-10-07T21:29:46.040+0000] {processor.py:186} INFO - Started process (PID=287) to work on /home/airflow/.local/lib/python3.12/site-packages/airflow/example_dags/example_sensors.py
[2024-10-07T21:29:46.040+0000] {processor.py:914} INFO - Processing file /home/airflow/.local/lib/python3.12/site-packages/airflow/example_dags/example_sensors.py for tasks to queue
[2024-10-07T21:29:46.042+0000] {logging_mixin.py:190} INFO - [2024-10-07T21:29:46.042+0000] {dagbag.py:588} INFO - Filling up the DagBag from /home/airflow/.local/lib/python3.12/site-packages/airflow/example_dags/example_sensors.py
[2024-10-07T21:29:46.047+0000] {processor.py:925} INFO - DAG(s) 'example_sensors' retrieved from /home/airflow/.local/lib/python3.12/site-packages/airflow/example_dags/example_sensors.py
[2024-10-07T21:29:46.059+0000] {logging_mixin.py:190} INFO - [2024-10-07T21:29:46.059+0000] {dag.py:3239} INFO - Sync 1 DAGs
[2024-10-07T21:29:46.067+0000] {logging_mixin.py:190} INFO - [2024-10-07T21:29:46.067+0000] {dag.py:4180} INFO - Setting next_dagrun for example_sensors to None, run_after=None
[2024-10-07T21:29:46.077+0000] {processor.py:208} INFO - Processing /home/airflow/.local/lib/python3.12/site-packages/airflow/example_dags/example_sensors.py took 0.041 seconds
[2024-10-07T21:30:16.450+0000] {processor.py:186} INFO - Started process (PID=349) to work on /home/airflow/.local/lib/python3.12/site-packages/airflow/example_dags/example_sensors.py
[2024-10-07T21:30:16.452+0000] {processor.py:914} INFO - Processing file /home/airflow/.local/lib/python3.12/site-packages/airflow/example_dags/example_sensors.py for tasks to queue
[2024-10-07T21:30:16.453+0000] {logging_mixin.py:190} INFO - [2024-10-07T21:30:16.453+0000] {dagbag.py:588} INFO - Filling up the DagBag from /home/airflow/.local/lib/python3.12/site-packages/airflow/example_dags/example_sensors.py
[2024-10-07T21:30:16.459+0000] {processor.py:925} INFO - DAG(s) 'example_sensors' retrieved from /home/airflow/.local/lib/python3.12/site-packages/airflow/example_dags/example_sensors.py
[2024-10-07T21:30:16.471+0000] {logging_mixin.py:190} INFO - [2024-10-07T21:30:16.471+0000] {dag.py:3239} INFO - Sync 1 DAGs
[2024-10-07T21:30:16.478+0000] {logging_mixin.py:190} INFO - [2024-10-07T21:30:16.478+0000] {dag.py:4180} INFO - Setting next_dagrun for example_sensors to None, run_after=None
[2024-10-07T21:30:16.487+0000] {processor.py:208} INFO - Processing /home/airflow/.local/lib/python3.12/site-packages/airflow/example_dags/example_sensors.py took 0.039 seconds
[2024-10-07T21:30:46.814+0000] {processor.py:186} INFO - Started process (PID=411) to work on /home/airflow/.local/lib/python3.12/site-packages/airflow/example_dags/example_sensors.py
[2024-10-07T21:30:46.817+0000] {processor.py:914} INFO - Processing file /home/airflow/.local/lib/python3.12/site-packages/airflow/example_dags/example_sensors.py for tasks to queue
[2024-10-07T21:30:46.819+0000] {logging_mixin.py:190} INFO - [2024-10-07T21:30:46.819+0000] {dagbag.py:588} INFO - Filling up the DagBag from /home/airflow/.local/lib/python3.12/site-packages/airflow/example_dags/example_sensors.py
[2024-10-07T21:30:46.828+0000] {processor.py:925} INFO - DAG(s) 'example_sensors' retrieved from /home/airflow/.local/lib/python3.12/site-packages/airflow/example_dags/example_sensors.py
[2024-10-07T21:30:46.841+0000] {logging_mixin.py:190} INFO - [2024-10-07T21:30:46.841+0000] {dag.py:3239} INFO - Sync 1 DAGs
[2024-10-07T21:30:46.849+0000] {logging_mixin.py:190} INFO - [2024-10-07T21:30:46.849+0000] {dag.py:4180} INFO - Setting next_dagrun for example_sensors to None, run_after=None
[2024-10-07T21:30:46.858+0000] {processor.py:208} INFO - Processing /home/airflow/.local/lib/python3.12/site-packages/airflow/example_dags/example_sensors.py took 0.047 seconds
[2024-10-07T21:31:17.214+0000] {processor.py:186} INFO - Started process (PID=473) to work on /home/airflow/.local/lib/python3.12/site-packages/airflow/example_dags/example_sensors.py
[2024-10-07T21:31:17.215+0000] {processor.py:914} INFO - Processing file /home/airflow/.local/lib/python3.12/site-packages/airflow/example_dags/example_sensors.py for tasks to queue
[2024-10-07T21:31:17.219+0000] {logging_mixin.py:190} INFO - [2024-10-07T21:31:17.219+0000] {dagbag.py:588} INFO - Filling up the DagBag from /home/airflow/.local/lib/python3.12/site-packages/airflow/example_dags/example_sensors.py
[2024-10-07T21:31:17.225+0000] {processor.py:925} INFO - DAG(s) 'example_sensors' retrieved from /home/airflow/.local/lib/python3.12/site-packages/airflow/example_dags/example_sensors.py
[2024-10-07T21:31:17.239+0000] {logging_mixin.py:190} INFO - [2024-10-07T21:31:17.239+0000] {dag.py:3239} INFO - Sync 1 DAGs
[2024-10-07T21:31:17.247+0000] {logging_mixin.py:190} INFO - [2024-10-07T21:31:17.246+0000] {dag.py:4180} INFO - Setting next_dagrun for example_sensors to None, run_after=None
[2024-10-07T21:31:17.257+0000] {processor.py:208} INFO - Processing /home/airflow/.local/lib/python3.12/site-packages/airflow/example_dags/example_sensors.py took 0.046 seconds
[2024-10-07T21:31:48.106+0000] {processor.py:186} INFO - Started process (PID=535) to work on /home/airflow/.local/lib/python3.12/site-packages/airflow/example_dags/example_sensors.py
[2024-10-07T21:31:48.106+0000] {processor.py:914} INFO - Processing file /home/airflow/.local/lib/python3.12/site-packages/airflow/example_dags/example_sensors.py for tasks to queue
[2024-10-07T21:31:48.108+0000] {logging_mixin.py:190} INFO - [2024-10-07T21:31:48.108+0000] {dagbag.py:588} INFO - Filling up the DagBag from /home/airflow/.local/lib/python3.12/site-packages/airflow/example_dags/example_sensors.py
[2024-10-07T21:31:48.114+0000] {processor.py:925} INFO - DAG(s) 'example_sensors' retrieved from /home/airflow/.local/lib/python3.12/site-packages/airflow/example_dags/example_sensors.py
[2024-10-07T21:31:48.128+0000] {logging_mixin.py:190} INFO - [2024-10-07T21:31:48.128+0000] {dag.py:3239} INFO - Sync 1 DAGs
[2024-10-07T21:31:48.135+0000] {logging_mixin.py:190} INFO - [2024-10-07T21:31:48.135+0000] {dag.py:4180} INFO - Setting next_dagrun for example_sensors to None, run_after=None
[2024-10-07T21:31:48.144+0000] {processor.py:208} INFO - Processing /home/airflow/.local/lib/python3.12/site-packages/airflow/example_dags/example_sensors.py took 0.042 seconds
[2024-10-07T21:32:18.924+0000] {processor.py:186} INFO - Started process (PID=597) to work on /home/airflow/.local/lib/python3.12/site-packages/airflow/example_dags/example_sensors.py
[2024-10-07T21:32:18.925+0000] {processor.py:914} INFO - Processing file /home/airflow/.local/lib/python3.12/site-packages/airflow/example_dags/example_sensors.py for tasks to queue
[2024-10-07T21:32:18.926+0000] {logging_mixin.py:190} INFO - [2024-10-07T21:32:18.926+0000] {dagbag.py:588} INFO - Filling up the DagBag from /home/airflow/.local/lib/python3.12/site-packages/airflow/example_dags/example_sensors.py
[2024-10-07T21:32:18.932+0000] {processor.py:925} INFO - DAG(s) 'example_sensors' retrieved from /home/airflow/.local/lib/python3.12/site-packages/airflow/example_dags/example_sensors.py
[2024-10-07T21:32:18.945+0000] {logging_mixin.py:190} INFO - [2024-10-07T21:32:18.944+0000] {dag.py:3239} INFO - Sync 1 DAGs
[2024-10-07T21:32:18.951+0000] {logging_mixin.py:190} INFO - [2024-10-07T21:32:18.951+0000] {dag.py:4180} INFO - Setting next_dagrun for example_sensors to None, run_after=None
[2024-10-07T21:32:18.960+0000] {processor.py:208} INFO - Processing /home/airflow/.local/lib/python3.12/site-packages/airflow/example_dags/example_sensors.py took 0.039 seconds
[2024-10-07T21:32:49.329+0000] {processor.py:186} INFO - Started process (PID=659) to work on /home/airflow/.local/lib/python3.12/site-packages/airflow/example_dags/example_sensors.py
[2024-10-07T21:32:49.330+0000] {processor.py:914} INFO - Processing file /home/airflow/.local/lib/python3.12/site-packages/airflow/example_dags/example_sensors.py for tasks to queue
[2024-10-07T21:32:49.332+0000] {logging_mixin.py:190} INFO - [2024-10-07T21:32:49.331+0000] {dagbag.py:588} INFO - Filling up the DagBag from /home/airflow/.local/lib/python3.12/site-packages/airflow/example_dags/example_sensors.py
[2024-10-07T21:32:49.337+0000] {processor.py:925} INFO - DAG(s) 'example_sensors' retrieved from /home/airflow/.local/lib/python3.12/site-packages/airflow/example_dags/example_sensors.py
[2024-10-07T21:32:49.349+0000] {logging_mixin.py:190} INFO - [2024-10-07T21:32:49.349+0000] {dag.py:3239} INFO - Sync 1 DAGs
[2024-10-07T21:32:49.358+0000] {logging_mixin.py:190} INFO - [2024-10-07T21:32:49.357+0000] {dag.py:4180} INFO - Setting next_dagrun for example_sensors to None, run_after=None
[2024-10-07T21:32:49.366+0000] {processor.py:208} INFO - Processing /home/airflow/.local/lib/python3.12/site-packages/airflow/example_dags/example_sensors.py took 0.041 seconds
[2024-10-07T21:33:19.650+0000] {processor.py:186} INFO - Started process (PID=721) to work on /home/airflow/.local/lib/python3.12/site-packages/airflow/example_dags/example_sensors.py
[2024-10-07T21:33:19.654+0000] {processor.py:914} INFO - Processing file /home/airflow/.local/lib/python3.12/site-packages/airflow/example_dags/example_sensors.py for tasks to queue
[2024-10-07T21:33:19.659+0000] {logging_mixin.py:190} INFO - [2024-10-07T21:33:19.658+0000] {dagbag.py:588} INFO - Filling up the DagBag from /home/airflow/.local/lib/python3.12/site-packages/airflow/example_dags/example_sensors.py
[2024-10-07T21:33:19.664+0000] {processor.py:925} INFO - DAG(s) 'example_sensors' retrieved from /home/airflow/.local/lib/python3.12/site-packages/airflow/example_dags/example_sensors.py
[2024-10-07T21:33:19.677+0000] {logging_mixin.py:190} INFO - [2024-10-07T21:33:19.677+0000] {dag.py:3239} INFO - Sync 1 DAGs
[2024-10-07T21:33:19.684+0000] {logging_mixin.py:190} INFO - [2024-10-07T21:33:19.684+0000] {dag.py:4180} INFO - Setting next_dagrun for example_sensors to None, run_after=None
[2024-10-07T21:33:19.693+0000] {processor.py:208} INFO - Processing /home/airflow/.local/lib/python3.12/site-packages/airflow/example_dags/example_sensors.py took 0.046 seconds
[2024-10-07T21:33:50.254+0000] {processor.py:186} INFO - Started process (PID=783) to work on /home/airflow/.local/lib/python3.12/site-packages/airflow/example_dags/example_sensors.py
[2024-10-07T21:33:50.258+0000] {processor.py:914} INFO - Processing file /home/airflow/.local/lib/python3.12/site-packages/airflow/example_dags/example_sensors.py for tasks to queue
[2024-10-07T21:33:50.264+0000] {logging_mixin.py:190} INFO - [2024-10-07T21:33:50.264+0000] {dagbag.py:588} INFO - Filling up the DagBag from /home/airflow/.local/lib/python3.12/site-packages/airflow/example_dags/example_sensors.py
[2024-10-07T21:33:50.271+0000] {processor.py:925} INFO - DAG(s) 'example_sensors' retrieved from /home/airflow/.local/lib/python3.12/site-packages/airflow/example_dags/example_sensors.py
[2024-10-07T21:33:50.285+0000] {logging_mixin.py:190} INFO - [2024-10-07T21:33:50.285+0000] {dag.py:3239} INFO - Sync 1 DAGs
[2024-10-07T21:33:50.292+0000] {logging_mixin.py:190} INFO - [2024-10-07T21:33:50.292+0000] {dag.py:4180} INFO - Setting next_dagrun for example_sensors to None, run_after=None
[2024-10-07T21:33:50.301+0000] {processor.py:208} INFO - Processing /home/airflow/.local/lib/python3.12/site-packages/airflow/example_dags/example_sensors.py took 0.051 seconds
[2024-10-07T21:34:20.731+0000] {processor.py:186} INFO - Started process (PID=845) to work on /home/airflow/.local/lib/python3.12/site-packages/airflow/example_dags/example_sensors.py
[2024-10-07T21:34:20.734+0000] {processor.py:914} INFO - Processing file /home/airflow/.local/lib/python3.12/site-packages/airflow/example_dags/example_sensors.py for tasks to queue
[2024-10-07T21:34:20.736+0000] {logging_mixin.py:190} INFO - [2024-10-07T21:34:20.736+0000] {dagbag.py:588} INFO - Filling up the DagBag from /home/airflow/.local/lib/python3.12/site-packages/airflow/example_dags/example_sensors.py
[2024-10-07T21:34:20.741+0000] {processor.py:925} INFO - DAG(s) 'example_sensors' retrieved from /home/airflow/.local/lib/python3.12/site-packages/airflow/example_dags/example_sensors.py
[2024-10-07T21:34:20.754+0000] {logging_mixin.py:190} INFO - [2024-10-07T21:34:20.754+0000] {dag.py:3239} INFO - Sync 1 DAGs
[2024-10-07T21:34:20.761+0000] {logging_mixin.py:190} INFO - [2024-10-07T21:34:20.761+0000] {dag.py:4180} INFO - Setting next_dagrun for example_sensors to None, run_after=None
[2024-10-07T21:34:20.771+0000] {processor.py:208} INFO - Processing /home/airflow/.local/lib/python3.12/site-packages/airflow/example_dags/example_sensors.py took 0.043 seconds
[2024-10-07T21:34:51.187+0000] {processor.py:186} INFO - Started process (PID=907) to work on /home/airflow/.local/lib/python3.12/site-packages/airflow/example_dags/example_sensors.py
[2024-10-07T21:34:51.188+0000] {processor.py:914} INFO - Processing file /home/airflow/.local/lib/python3.12/site-packages/airflow/example_dags/example_sensors.py for tasks to queue
[2024-10-07T21:34:51.189+0000] {logging_mixin.py:190} INFO - [2024-10-07T21:34:51.189+0000] {dagbag.py:588} INFO - Filling up the DagBag from /home/airflow/.local/lib/python3.12/site-packages/airflow/example_dags/example_sensors.py
[2024-10-07T21:34:51.196+0000] {processor.py:925} INFO - DAG(s) 'example_sensors' retrieved from /home/airflow/.local/lib/python3.12/site-packages/airflow/example_dags/example_sensors.py
[2024-10-07T21:34:51.212+0000] {logging_mixin.py:190} INFO - [2024-10-07T21:34:51.212+0000] {dag.py:3239} INFO - Sync 1 DAGs
[2024-10-07T21:34:51.220+0000] {logging_mixin.py:190} INFO - [2024-10-07T21:34:51.220+0000] {dag.py:4180} INFO - Setting next_dagrun for example_sensors to None, run_after=None
[2024-10-07T21:34:51.230+0000] {processor.py:208} INFO - Processing /home/airflow/.local/lib/python3.12/site-packages/airflow/example_dags/example_sensors.py took 0.047 seconds
[2024-10-07T21:35:21.533+0000] {processor.py:186} INFO - Started process (PID=969) to work on /home/airflow/.local/lib/python3.12/site-packages/airflow/example_dags/example_sensors.py
[2024-10-07T21:35:21.534+0000] {processor.py:914} INFO - Processing file /home/airflow/.local/lib/python3.12/site-packages/airflow/example_dags/example_sensors.py for tasks to queue
[2024-10-07T21:35:21.535+0000] {logging_mixin.py:190} INFO - [2024-10-07T21:35:21.535+0000] {dagbag.py:588} INFO - Filling up the DagBag from /home/airflow/.local/lib/python3.12/site-packages/airflow/example_dags/example_sensors.py
[2024-10-07T21:35:21.541+0000] {processor.py:925} INFO - DAG(s) 'example_sensors' retrieved from /home/airflow/.local/lib/python3.12/site-packages/airflow/example_dags/example_sensors.py
[2024-10-07T21:35:21.557+0000] {logging_mixin.py:190} INFO - [2024-10-07T21:35:21.556+0000] {dag.py:3239} INFO - Sync 1 DAGs
[2024-10-07T21:35:21.564+0000] {logging_mixin.py:190} INFO - [2024-10-07T21:35:21.564+0000] {dag.py:4180} INFO - Setting next_dagrun for example_sensors to None, run_after=None
[2024-10-07T21:35:21.572+0000] {processor.py:208} INFO - Processing /home/airflow/.local/lib/python3.12/site-packages/airflow/example_dags/example_sensors.py took 0.042 seconds
[2024-10-07T21:35:51.759+0000] {processor.py:186} INFO - Started process (PID=1031) to work on /home/airflow/.local/lib/python3.12/site-packages/airflow/example_dags/example_sensors.py
[2024-10-07T21:35:51.760+0000] {processor.py:914} INFO - Processing file /home/airflow/.local/lib/python3.12/site-packages/airflow/example_dags/example_sensors.py for tasks to queue
[2024-10-07T21:35:51.762+0000] {logging_mixin.py:190} INFO - [2024-10-07T21:35:51.761+0000] {dagbag.py:588} INFO - Filling up the DagBag from /home/airflow/.local/lib/python3.12/site-packages/airflow/example_dags/example_sensors.py
[2024-10-07T21:35:51.767+0000] {processor.py:925} INFO - DAG(s) 'example_sensors' retrieved from /home/airflow/.local/lib/python3.12/site-packages/airflow/example_dags/example_sensors.py
[2024-10-07T21:35:51.781+0000] {logging_mixin.py:190} INFO - [2024-10-07T21:35:51.781+0000] {dag.py:3239} INFO - Sync 1 DAGs
[2024-10-07T21:35:51.788+0000] {logging_mixin.py:190} INFO - [2024-10-07T21:35:51.788+0000] {dag.py:4180} INFO - Setting next_dagrun for example_sensors to None, run_after=None
[2024-10-07T21:35:51.801+0000] {processor.py:208} INFO - Processing /home/airflow/.local/lib/python3.12/site-packages/airflow/example_dags/example_sensors.py took 0.046 seconds
[2024-10-07T21:36:22.032+0000] {processor.py:186} INFO - Started process (PID=1093) to work on /home/airflow/.local/lib/python3.12/site-packages/airflow/example_dags/example_sensors.py
[2024-10-07T21:36:22.033+0000] {processor.py:914} INFO - Processing file /home/airflow/.local/lib/python3.12/site-packages/airflow/example_dags/example_sensors.py for tasks to queue
[2024-10-07T21:36:22.036+0000] {logging_mixin.py:190} INFO - [2024-10-07T21:36:22.036+0000] {dagbag.py:588} INFO - Filling up the DagBag from /home/airflow/.local/lib/python3.12/site-packages/airflow/example_dags/example_sensors.py
[2024-10-07T21:36:22.042+0000] {processor.py:925} INFO - DAG(s) 'example_sensors' retrieved from /home/airflow/.local/lib/python3.12/site-packages/airflow/example_dags/example_sensors.py
[2024-10-07T21:36:22.059+0000] {logging_mixin.py:190} INFO - [2024-10-07T21:36:22.059+0000] {dag.py:3239} INFO - Sync 1 DAGs
[2024-10-07T21:36:22.066+0000] {logging_mixin.py:190} INFO - [2024-10-07T21:36:22.066+0000] {dag.py:4180} INFO - Setting next_dagrun for example_sensors to None, run_after=None
[2024-10-07T21:36:22.075+0000] {processor.py:208} INFO - Processing /home/airflow/.local/lib/python3.12/site-packages/airflow/example_dags/example_sensors.py took 0.046 seconds
[2024-10-07T21:36:52.358+0000] {processor.py:186} INFO - Started process (PID=1155) to work on /home/airflow/.local/lib/python3.12/site-packages/airflow/example_dags/example_sensors.py
[2024-10-07T21:36:52.359+0000] {processor.py:914} INFO - Processing file /home/airflow/.local/lib/python3.12/site-packages/airflow/example_dags/example_sensors.py for tasks to queue
[2024-10-07T21:36:52.361+0000] {logging_mixin.py:190} INFO - [2024-10-07T21:36:52.361+0000] {dagbag.py:588} INFO - Filling up the DagBag from /home/airflow/.local/lib/python3.12/site-packages/airflow/example_dags/example_sensors.py
[2024-10-07T21:36:52.370+0000] {processor.py:925} INFO - DAG(s) 'example_sensors' retrieved from /home/airflow/.local/lib/python3.12/site-packages/airflow/example_dags/example_sensors.py
[2024-10-07T21:36:52.388+0000] {logging_mixin.py:190} INFO - [2024-10-07T21:36:52.388+0000] {dag.py:3239} INFO - Sync 1 DAGs
[2024-10-07T21:36:52.400+0000] {logging_mixin.py:190} INFO - [2024-10-07T21:36:52.400+0000] {dag.py:4180} INFO - Setting next_dagrun for example_sensors to None, run_after=None
[2024-10-07T21:36:52.409+0000] {processor.py:208} INFO - Processing /home/airflow/.local/lib/python3.12/site-packages/airflow/example_dags/example_sensors.py took 0.056 seconds
[2024-10-07T21:37:22.683+0000] {processor.py:186} INFO - Started process (PID=1217) to work on /home/airflow/.local/lib/python3.12/site-packages/airflow/example_dags/example_sensors.py
[2024-10-07T21:37:22.685+0000] {processor.py:914} INFO - Processing file /home/airflow/.local/lib/python3.12/site-packages/airflow/example_dags/example_sensors.py for tasks to queue
[2024-10-07T21:37:22.686+0000] {logging_mixin.py:190} INFO - [2024-10-07T21:37:22.686+0000] {dagbag.py:588} INFO - Filling up the DagBag from /home/airflow/.local/lib/python3.12/site-packages/airflow/example_dags/example_sensors.py
[2024-10-07T21:37:22.691+0000] {processor.py:925} INFO - DAG(s) 'example_sensors' retrieved from /home/airflow/.local/lib/python3.12/site-packages/airflow/example_dags/example_sensors.py
[2024-10-07T21:37:22.703+0000] {logging_mixin.py:190} INFO - [2024-10-07T21:37:22.703+0000] {dag.py:3239} INFO - Sync 1 DAGs
[2024-10-07T21:37:22.711+0000] {logging_mixin.py:190} INFO - [2024-10-07T21:37:22.710+0000] {dag.py:4180} INFO - Setting next_dagrun for example_sensors to None, run_after=None
[2024-10-07T21:37:22.719+0000] {processor.py:208} INFO - Processing /home/airflow/.local/lib/python3.12/site-packages/airflow/example_dags/example_sensors.py took 0.039 seconds
[2024-10-07T21:37:53.058+0000] {processor.py:186} INFO - Started process (PID=1279) to work on /home/airflow/.local/lib/python3.12/site-packages/airflow/example_dags/example_sensors.py
[2024-10-07T21:37:53.060+0000] {processor.py:914} INFO - Processing file /home/airflow/.local/lib/python3.12/site-packages/airflow/example_dags/example_sensors.py for tasks to queue
[2024-10-07T21:37:53.062+0000] {logging_mixin.py:190} INFO - [2024-10-07T21:37:53.061+0000] {dagbag.py:588} INFO - Filling up the DagBag from /home/airflow/.local/lib/python3.12/site-packages/airflow/example_dags/example_sensors.py
[2024-10-07T21:37:53.067+0000] {processor.py:925} INFO - DAG(s) 'example_sensors' retrieved from /home/airflow/.local/lib/python3.12/site-packages/airflow/example_dags/example_sensors.py
[2024-10-07T21:37:53.081+0000] {logging_mixin.py:190} INFO - [2024-10-07T21:37:53.081+0000] {dag.py:3239} INFO - Sync 1 DAGs
[2024-10-07T21:37:53.090+0000] {logging_mixin.py:190} INFO - [2024-10-07T21:37:53.090+0000] {dag.py:4180} INFO - Setting next_dagrun for example_sensors to None, run_after=None
[2024-10-07T21:37:53.100+0000] {processor.py:208} INFO - Processing /home/airflow/.local/lib/python3.12/site-packages/airflow/example_dags/example_sensors.py took 0.045 seconds
[2024-10-07T21:38:23.510+0000] {processor.py:186} INFO - Started process (PID=1341) to work on /home/airflow/.local/lib/python3.12/site-packages/airflow/example_dags/example_sensors.py
[2024-10-07T21:38:23.513+0000] {processor.py:914} INFO - Processing file /home/airflow/.local/lib/python3.12/site-packages/airflow/example_dags/example_sensors.py for tasks to queue
[2024-10-07T21:38:23.515+0000] {logging_mixin.py:190} INFO - [2024-10-07T21:38:23.514+0000] {dagbag.py:588} INFO - Filling up the DagBag from /home/airflow/.local/lib/python3.12/site-packages/airflow/example_dags/example_sensors.py
[2024-10-07T21:38:23.520+0000] {processor.py:925} INFO - DAG(s) 'example_sensors' retrieved from /home/airflow/.local/lib/python3.12/site-packages/airflow/example_dags/example_sensors.py
[2024-10-07T21:38:23.532+0000] {logging_mixin.py:190} INFO - [2024-10-07T21:38:23.532+0000] {dag.py:3239} INFO - Sync 1 DAGs
[2024-10-07T21:38:23.539+0000] {logging_mixin.py:190} INFO - [2024-10-07T21:38:23.539+0000] {dag.py:4180} INFO - Setting next_dagrun for example_sensors to None, run_after=None
[2024-10-07T21:38:23.549+0000] {processor.py:208} INFO - Processing /home/airflow/.local/lib/python3.12/site-packages/airflow/example_dags/example_sensors.py took 0.042 seconds
[2024-10-07T21:38:53.954+0000] {processor.py:186} INFO - Started process (PID=1403) to work on /home/airflow/.local/lib/python3.12/site-packages/airflow/example_dags/example_sensors.py
[2024-10-07T21:38:53.955+0000] {processor.py:914} INFO - Processing file /home/airflow/.local/lib/python3.12/site-packages/airflow/example_dags/example_sensors.py for tasks to queue
[2024-10-07T21:38:53.956+0000] {logging_mixin.py:190} INFO - [2024-10-07T21:38:53.956+0000] {dagbag.py:588} INFO - Filling up the DagBag from /home/airflow/.local/lib/python3.12/site-packages/airflow/example_dags/example_sensors.py
[2024-10-07T21:38:53.961+0000] {processor.py:925} INFO - DAG(s) 'example_sensors' retrieved from /home/airflow/.local/lib/python3.12/site-packages/airflow/example_dags/example_sensors.py
[2024-10-07T21:38:53.973+0000] {logging_mixin.py:190} INFO - [2024-10-07T21:38:53.973+0000] {dag.py:3239} INFO - Sync 1 DAGs
[2024-10-07T21:38:53.979+0000] {logging_mixin.py:190} INFO - [2024-10-07T21:38:53.979+0000] {dag.py:4180} INFO - Setting next_dagrun for example_sensors to None, run_after=None
[2024-10-07T21:38:53.987+0000] {processor.py:208} INFO - Processing /home/airflow/.local/lib/python3.12/site-packages/airflow/example_dags/example_sensors.py took 0.036 seconds
[2024-10-07T21:39:24.508+0000] {processor.py:186} INFO - Started process (PID=1465) to work on /home/airflow/.local/lib/python3.12/site-packages/airflow/example_dags/example_sensors.py
[2024-10-07T21:39:24.508+0000] {processor.py:914} INFO - Processing file /home/airflow/.local/lib/python3.12/site-packages/airflow/example_dags/example_sensors.py for tasks to queue
[2024-10-07T21:39:24.510+0000] {logging_mixin.py:190} INFO - [2024-10-07T21:39:24.510+0000] {dagbag.py:588} INFO - Filling up the DagBag from /home/airflow/.local/lib/python3.12/site-packages/airflow/example_dags/example_sensors.py
[2024-10-07T21:39:24.515+0000] {processor.py:925} INFO - DAG(s) 'example_sensors' retrieved from /home/airflow/.local/lib/python3.12/site-packages/airflow/example_dags/example_sensors.py
[2024-10-07T21:39:24.531+0000] {logging_mixin.py:190} INFO - [2024-10-07T21:39:24.531+0000] {dag.py:3239} INFO - Sync 1 DAGs
[2024-10-07T21:39:24.541+0000] {logging_mixin.py:190} INFO - [2024-10-07T21:39:24.541+0000] {dag.py:4180} INFO - Setting next_dagrun for example_sensors to None, run_after=None
[2024-10-07T21:39:24.550+0000] {processor.py:208} INFO - Processing /home/airflow/.local/lib/python3.12/site-packages/airflow/example_dags/example_sensors.py took 0.046 seconds
[2024-10-07T21:39:55.049+0000] {processor.py:186} INFO - Started process (PID=1527) to work on /home/airflow/.local/lib/python3.12/site-packages/airflow/example_dags/example_sensors.py
[2024-10-07T21:39:55.050+0000] {processor.py:914} INFO - Processing file /home/airflow/.local/lib/python3.12/site-packages/airflow/example_dags/example_sensors.py for tasks to queue
[2024-10-07T21:39:55.051+0000] {logging_mixin.py:190} INFO - [2024-10-07T21:39:55.051+0000] {dagbag.py:588} INFO - Filling up the DagBag from /home/airflow/.local/lib/python3.12/site-packages/airflow/example_dags/example_sensors.py
[2024-10-07T21:39:55.057+0000] {processor.py:925} INFO - DAG(s) 'example_sensors' retrieved from /home/airflow/.local/lib/python3.12/site-packages/airflow/example_dags/example_sensors.py
[2024-10-07T21:39:55.073+0000] {logging_mixin.py:190} INFO - [2024-10-07T21:39:55.073+0000] {dag.py:3239} INFO - Sync 1 DAGs
[2024-10-07T21:39:55.081+0000] {logging_mixin.py:190} INFO - [2024-10-07T21:39:55.081+0000] {dag.py:4180} INFO - Setting next_dagrun for example_sensors to None, run_after=None
[2024-10-07T21:39:55.094+0000] {processor.py:208} INFO - Processing /home/airflow/.local/lib/python3.12/site-packages/airflow/example_dags/example_sensors.py took 0.048 seconds
[2024-10-07T21:40:26.135+0000] {processor.py:186} INFO - Started process (PID=1588) to work on /home/airflow/.local/lib/python3.12/site-packages/airflow/example_dags/example_sensors.py
[2024-10-07T21:40:26.137+0000] {processor.py:914} INFO - Processing file /home/airflow/.local/lib/python3.12/site-packages/airflow/example_dags/example_sensors.py for tasks to queue
[2024-10-07T21:40:26.138+0000] {logging_mixin.py:190} INFO - [2024-10-07T21:40:26.138+0000] {dagbag.py:588} INFO - Filling up the DagBag from /home/airflow/.local/lib/python3.12/site-packages/airflow/example_dags/example_sensors.py
[2024-10-07T21:40:26.144+0000] {processor.py:925} INFO - DAG(s) 'example_sensors' retrieved from /home/airflow/.local/lib/python3.12/site-packages/airflow/example_dags/example_sensors.py
[2024-10-07T21:40:26.158+0000] {logging_mixin.py:190} INFO - [2024-10-07T21:40:26.157+0000] {dag.py:3239} INFO - Sync 1 DAGs
[2024-10-07T21:40:26.166+0000] {logging_mixin.py:190} INFO - [2024-10-07T21:40:26.166+0000] {dag.py:4180} INFO - Setting next_dagrun for example_sensors to None, run_after=None
[2024-10-07T21:40:26.185+0000] {processor.py:208} INFO - Processing /home/airflow/.local/lib/python3.12/site-packages/airflow/example_dags/example_sensors.py took 0.054 seconds
[2024-10-07T21:40:56.867+0000] {processor.py:186} INFO - Started process (PID=1650) to work on /home/airflow/.local/lib/python3.12/site-packages/airflow/example_dags/example_sensors.py
[2024-10-07T21:40:56.867+0000] {processor.py:914} INFO - Processing file /home/airflow/.local/lib/python3.12/site-packages/airflow/example_dags/example_sensors.py for tasks to queue
[2024-10-07T21:40:56.869+0000] {logging_mixin.py:190} INFO - [2024-10-07T21:40:56.869+0000] {dagbag.py:588} INFO - Filling up the DagBag from /home/airflow/.local/lib/python3.12/site-packages/airflow/example_dags/example_sensors.py
[2024-10-07T21:40:56.875+0000] {processor.py:925} INFO - DAG(s) 'example_sensors' retrieved from /home/airflow/.local/lib/python3.12/site-packages/airflow/example_dags/example_sensors.py
[2024-10-07T21:40:56.888+0000] {logging_mixin.py:190} INFO - [2024-10-07T21:40:56.888+0000] {dag.py:3239} INFO - Sync 1 DAGs
[2024-10-07T21:40:56.897+0000] {logging_mixin.py:190} INFO - [2024-10-07T21:40:56.896+0000] {dag.py:4180} INFO - Setting next_dagrun for example_sensors to None, run_after=None
[2024-10-07T21:40:56.911+0000] {processor.py:208} INFO - Processing /home/airflow/.local/lib/python3.12/site-packages/airflow/example_dags/example_sensors.py took 0.048 seconds
[2024-10-07T21:41:27.146+0000] {processor.py:186} INFO - Started process (PID=1712) to work on /home/airflow/.local/lib/python3.12/site-packages/airflow/example_dags/example_sensors.py
[2024-10-07T21:41:27.146+0000] {processor.py:914} INFO - Processing file /home/airflow/.local/lib/python3.12/site-packages/airflow/example_dags/example_sensors.py for tasks to queue
[2024-10-07T21:41:27.148+0000] {logging_mixin.py:190} INFO - [2024-10-07T21:41:27.147+0000] {dagbag.py:588} INFO - Filling up the DagBag from /home/airflow/.local/lib/python3.12/site-packages/airflow/example_dags/example_sensors.py
[2024-10-07T21:41:27.153+0000] {processor.py:925} INFO - DAG(s) 'example_sensors' retrieved from /home/airflow/.local/lib/python3.12/site-packages/airflow/example_dags/example_sensors.py
[2024-10-07T21:41:27.169+0000] {logging_mixin.py:190} INFO - [2024-10-07T21:41:27.169+0000] {dag.py:3239} INFO - Sync 1 DAGs
[2024-10-07T21:41:27.176+0000] {logging_mixin.py:190} INFO - [2024-10-07T21:41:27.176+0000] {dag.py:4180} INFO - Setting next_dagrun for example_sensors to None, run_after=None
[2024-10-07T21:41:27.191+0000] {processor.py:208} INFO - Processing /home/airflow/.local/lib/python3.12/site-packages/airflow/example_dags/example_sensors.py took 0.049 seconds
[2024-10-07T21:41:58.032+0000] {processor.py:186} INFO - Started process (PID=1774) to work on /home/airflow/.local/lib/python3.12/site-packages/airflow/example_dags/example_sensors.py
[2024-10-07T21:41:58.033+0000] {processor.py:914} INFO - Processing file /home/airflow/.local/lib/python3.12/site-packages/airflow/example_dags/example_sensors.py for tasks to queue
[2024-10-07T21:41:58.035+0000] {logging_mixin.py:190} INFO - [2024-10-07T21:41:58.035+0000] {dagbag.py:588} INFO - Filling up the DagBag from /home/airflow/.local/lib/python3.12/site-packages/airflow/example_dags/example_sensors.py
[2024-10-07T21:41:58.041+0000] {processor.py:925} INFO - DAG(s) 'example_sensors' retrieved from /home/airflow/.local/lib/python3.12/site-packages/airflow/example_dags/example_sensors.py
[2024-10-07T21:41:58.054+0000] {logging_mixin.py:190} INFO - [2024-10-07T21:41:58.054+0000] {dag.py:3239} INFO - Sync 1 DAGs
[2024-10-07T21:41:58.062+0000] {logging_mixin.py:190} INFO - [2024-10-07T21:41:58.062+0000] {dag.py:4180} INFO - Setting next_dagrun for example_sensors to None, run_after=None
[2024-10-07T21:41:58.076+0000] {processor.py:208} INFO - Processing /home/airflow/.local/lib/python3.12/site-packages/airflow/example_dags/example_sensors.py took 0.048 seconds
[2024-10-07T21:42:28.844+0000] {processor.py:186} INFO - Started process (PID=1836) to work on /home/airflow/.local/lib/python3.12/site-packages/airflow/example_dags/example_sensors.py
[2024-10-07T21:42:28.845+0000] {processor.py:914} INFO - Processing file /home/airflow/.local/lib/python3.12/site-packages/airflow/example_dags/example_sensors.py for tasks to queue
[2024-10-07T21:42:28.846+0000] {logging_mixin.py:190} INFO - [2024-10-07T21:42:28.846+0000] {dagbag.py:588} INFO - Filling up the DagBag from /home/airflow/.local/lib/python3.12/site-packages/airflow/example_dags/example_sensors.py
[2024-10-07T21:42:28.852+0000] {processor.py:925} INFO - DAG(s) 'example_sensors' retrieved from /home/airflow/.local/lib/python3.12/site-packages/airflow/example_dags/example_sensors.py
[2024-10-07T21:42:28.866+0000] {logging_mixin.py:190} INFO - [2024-10-07T21:42:28.866+0000] {dag.py:3239} INFO - Sync 1 DAGs
[2024-10-07T21:42:28.873+0000] {logging_mixin.py:190} INFO - [2024-10-07T21:42:28.873+0000] {dag.py:4180} INFO - Setting next_dagrun for example_sensors to None, run_after=None
[2024-10-07T21:42:28.886+0000] {processor.py:208} INFO - Processing /home/airflow/.local/lib/python3.12/site-packages/airflow/example_dags/example_sensors.py took 0.046 seconds
[2024-10-07T21:42:59.804+0000] {processor.py:186} INFO - Started process (PID=1898) to work on /home/airflow/.local/lib/python3.12/site-packages/airflow/example_dags/example_sensors.py
[2024-10-07T21:42:59.805+0000] {processor.py:914} INFO - Processing file /home/airflow/.local/lib/python3.12/site-packages/airflow/example_dags/example_sensors.py for tasks to queue
[2024-10-07T21:42:59.806+0000] {logging_mixin.py:190} INFO - [2024-10-07T21:42:59.806+0000] {dagbag.py:588} INFO - Filling up the DagBag from /home/airflow/.local/lib/python3.12/site-packages/airflow/example_dags/example_sensors.py
[2024-10-07T21:42:59.811+0000] {processor.py:925} INFO - DAG(s) 'example_sensors' retrieved from /home/airflow/.local/lib/python3.12/site-packages/airflow/example_dags/example_sensors.py
[2024-10-07T21:42:59.825+0000] {logging_mixin.py:190} INFO - [2024-10-07T21:42:59.825+0000] {dag.py:3239} INFO - Sync 1 DAGs
[2024-10-07T21:42:59.831+0000] {logging_mixin.py:190} INFO - [2024-10-07T21:42:59.831+0000] {dag.py:4180} INFO - Setting next_dagrun for example_sensors to None, run_after=None
[2024-10-07T21:42:59.839+0000] {processor.py:208} INFO - Processing /home/airflow/.local/lib/python3.12/site-packages/airflow/example_dags/example_sensors.py took 0.038 seconds
[2024-10-07T21:43:30.934+0000] {processor.py:186} INFO - Started process (PID=1960) to work on /home/airflow/.local/lib/python3.12/site-packages/airflow/example_dags/example_sensors.py
[2024-10-07T21:43:30.934+0000] {processor.py:914} INFO - Processing file /home/airflow/.local/lib/python3.12/site-packages/airflow/example_dags/example_sensors.py for tasks to queue
[2024-10-07T21:43:30.936+0000] {logging_mixin.py:190} INFO - [2024-10-07T21:43:30.936+0000] {dagbag.py:588} INFO - Filling up the DagBag from /home/airflow/.local/lib/python3.12/site-packages/airflow/example_dags/example_sensors.py
[2024-10-07T21:43:30.943+0000] {processor.py:925} INFO - DAG(s) 'example_sensors' retrieved from /home/airflow/.local/lib/python3.12/site-packages/airflow/example_dags/example_sensors.py
[2024-10-07T21:43:30.962+0000] {logging_mixin.py:190} INFO - [2024-10-07T21:43:30.962+0000] {dag.py:3239} INFO - Sync 1 DAGs
[2024-10-07T21:43:30.970+0000] {logging_mixin.py:190} INFO - [2024-10-07T21:43:30.970+0000] {dag.py:4180} INFO - Setting next_dagrun for example_sensors to None, run_after=None
[2024-10-07T21:43:30.980+0000] {processor.py:208} INFO - Processing /home/airflow/.local/lib/python3.12/site-packages/airflow/example_dags/example_sensors.py took 0.050 seconds
[2024-10-07T21:44:02.210+0000] {processor.py:186} INFO - Started process (PID=2022) to work on /home/airflow/.local/lib/python3.12/site-packages/airflow/example_dags/example_sensors.py
[2024-10-07T21:44:02.211+0000] {processor.py:914} INFO - Processing file /home/airflow/.local/lib/python3.12/site-packages/airflow/example_dags/example_sensors.py for tasks to queue
[2024-10-07T21:44:02.212+0000] {logging_mixin.py:190} INFO - [2024-10-07T21:44:02.212+0000] {dagbag.py:588} INFO - Filling up the DagBag from /home/airflow/.local/lib/python3.12/site-packages/airflow/example_dags/example_sensors.py
[2024-10-07T21:44:02.218+0000] {processor.py:925} INFO - DAG(s) 'example_sensors' retrieved from /home/airflow/.local/lib/python3.12/site-packages/airflow/example_dags/example_sensors.py
[2024-10-07T21:44:02.239+0000] {logging_mixin.py:190} INFO - [2024-10-07T21:44:02.238+0000] {dag.py:3239} INFO - Sync 1 DAGs
[2024-10-07T21:44:02.247+0000] {logging_mixin.py:190} INFO - [2024-10-07T21:44:02.247+0000] {dag.py:4180} INFO - Setting next_dagrun for example_sensors to None, run_after=None
[2024-10-07T21:44:02.259+0000] {processor.py:208} INFO - Processing /home/airflow/.local/lib/python3.12/site-packages/airflow/example_dags/example_sensors.py took 0.053 seconds
[2024-10-07T21:44:32.983+0000] {processor.py:186} INFO - Started process (PID=2084) to work on /home/airflow/.local/lib/python3.12/site-packages/airflow/example_dags/example_sensors.py
[2024-10-07T21:44:32.987+0000] {processor.py:914} INFO - Processing file /home/airflow/.local/lib/python3.12/site-packages/airflow/example_dags/example_sensors.py for tasks to queue
[2024-10-07T21:44:32.988+0000] {logging_mixin.py:190} INFO - [2024-10-07T21:44:32.988+0000] {dagbag.py:588} INFO - Filling up the DagBag from /home/airflow/.local/lib/python3.12/site-packages/airflow/example_dags/example_sensors.py
[2024-10-07T21:44:32.994+0000] {processor.py:925} INFO - DAG(s) 'example_sensors' retrieved from /home/airflow/.local/lib/python3.12/site-packages/airflow/example_dags/example_sensors.py
[2024-10-07T21:44:33.008+0000] {logging_mixin.py:190} INFO - [2024-10-07T21:44:33.007+0000] {dag.py:3239} INFO - Sync 1 DAGs
[2024-10-07T21:44:33.015+0000] {logging_mixin.py:190} INFO - [2024-10-07T21:44:33.015+0000] {dag.py:4180} INFO - Setting next_dagrun for example_sensors to None, run_after=None
[2024-10-07T21:44:33.024+0000] {processor.py:208} INFO - Processing /home/airflow/.local/lib/python3.12/site-packages/airflow/example_dags/example_sensors.py took 0.045 seconds
[2024-10-07T21:45:03.990+0000] {processor.py:186} INFO - Started process (PID=2146) to work on /home/airflow/.local/lib/python3.12/site-packages/airflow/example_dags/example_sensors.py
[2024-10-07T21:45:03.991+0000] {processor.py:914} INFO - Processing file /home/airflow/.local/lib/python3.12/site-packages/airflow/example_dags/example_sensors.py for tasks to queue
[2024-10-07T21:45:03.993+0000] {logging_mixin.py:190} INFO - [2024-10-07T21:45:03.993+0000] {dagbag.py:588} INFO - Filling up the DagBag from /home/airflow/.local/lib/python3.12/site-packages/airflow/example_dags/example_sensors.py
[2024-10-07T21:45:03.998+0000] {processor.py:925} INFO - DAG(s) 'example_sensors' retrieved from /home/airflow/.local/lib/python3.12/site-packages/airflow/example_dags/example_sensors.py
[2024-10-07T21:45:04.011+0000] {logging_mixin.py:190} INFO - [2024-10-07T21:45:04.011+0000] {dag.py:3239} INFO - Sync 1 DAGs
[2024-10-07T21:45:04.018+0000] {logging_mixin.py:190} INFO - [2024-10-07T21:45:04.018+0000] {dag.py:4180} INFO - Setting next_dagrun for example_sensors to None, run_after=None
[2024-10-07T21:45:04.027+0000] {processor.py:208} INFO - Processing /home/airflow/.local/lib/python3.12/site-packages/airflow/example_dags/example_sensors.py took 0.040 seconds
[2024-10-07T21:45:34.790+0000] {processor.py:186} INFO - Started process (PID=2208) to work on /home/airflow/.local/lib/python3.12/site-packages/airflow/example_dags/example_sensors.py
[2024-10-07T21:45:34.794+0000] {processor.py:914} INFO - Processing file /home/airflow/.local/lib/python3.12/site-packages/airflow/example_dags/example_sensors.py for tasks to queue
[2024-10-07T21:45:34.795+0000] {logging_mixin.py:190} INFO - [2024-10-07T21:45:34.795+0000] {dagbag.py:588} INFO - Filling up the DagBag from /home/airflow/.local/lib/python3.12/site-packages/airflow/example_dags/example_sensors.py
[2024-10-07T21:45:34.804+0000] {processor.py:925} INFO - DAG(s) 'example_sensors' retrieved from /home/airflow/.local/lib/python3.12/site-packages/airflow/example_dags/example_sensors.py
[2024-10-07T21:45:34.817+0000] {logging_mixin.py:190} INFO - [2024-10-07T21:45:34.817+0000] {dag.py:3239} INFO - Sync 1 DAGs
[2024-10-07T21:45:34.824+0000] {logging_mixin.py:190} INFO - [2024-10-07T21:45:34.824+0000] {dag.py:4180} INFO - Setting next_dagrun for example_sensors to None, run_after=None
[2024-10-07T21:45:34.832+0000] {processor.py:208} INFO - Processing /home/airflow/.local/lib/python3.12/site-packages/airflow/example_dags/example_sensors.py took 0.045 seconds
[2024-10-07T21:46:05.151+0000] {processor.py:186} INFO - Started process (PID=2270) to work on /home/airflow/.local/lib/python3.12/site-packages/airflow/example_dags/example_sensors.py
[2024-10-07T21:46:05.151+0000] {processor.py:914} INFO - Processing file /home/airflow/.local/lib/python3.12/site-packages/airflow/example_dags/example_sensors.py for tasks to queue
[2024-10-07T21:46:05.153+0000] {logging_mixin.py:190} INFO - [2024-10-07T21:46:05.153+0000] {dagbag.py:588} INFO - Filling up the DagBag from /home/airflow/.local/lib/python3.12/site-packages/airflow/example_dags/example_sensors.py
[2024-10-07T21:46:05.159+0000] {processor.py:925} INFO - DAG(s) 'example_sensors' retrieved from /home/airflow/.local/lib/python3.12/site-packages/airflow/example_dags/example_sensors.py
[2024-10-07T21:46:05.171+0000] {logging_mixin.py:190} INFO - [2024-10-07T21:46:05.171+0000] {dag.py:3239} INFO - Sync 1 DAGs
[2024-10-07T21:46:05.177+0000] {logging_mixin.py:190} INFO - [2024-10-07T21:46:05.177+0000] {dag.py:4180} INFO - Setting next_dagrun for example_sensors to None, run_after=None
[2024-10-07T21:46:05.186+0000] {processor.py:208} INFO - Processing /home/airflow/.local/lib/python3.12/site-packages/airflow/example_dags/example_sensors.py took 0.038 seconds
[2024-10-07T21:46:36.204+0000] {processor.py:186} INFO - Started process (PID=2332) to work on /home/airflow/.local/lib/python3.12/site-packages/airflow/example_dags/example_sensors.py
[2024-10-07T21:46:36.207+0000] {processor.py:914} INFO - Processing file /home/airflow/.local/lib/python3.12/site-packages/airflow/example_dags/example_sensors.py for tasks to queue
[2024-10-07T21:46:36.208+0000] {logging_mixin.py:190} INFO - [2024-10-07T21:46:36.208+0000] {dagbag.py:588} INFO - Filling up the DagBag from /home/airflow/.local/lib/python3.12/site-packages/airflow/example_dags/example_sensors.py
[2024-10-07T21:46:36.214+0000] {processor.py:925} INFO - DAG(s) 'example_sensors' retrieved from /home/airflow/.local/lib/python3.12/site-packages/airflow/example_dags/example_sensors.py
[2024-10-07T21:46:36.229+0000] {logging_mixin.py:190} INFO - [2024-10-07T21:46:36.229+0000] {dag.py:3239} INFO - Sync 1 DAGs
[2024-10-07T21:46:36.238+0000] {logging_mixin.py:190} INFO - [2024-10-07T21:46:36.238+0000] {dag.py:4180} INFO - Setting next_dagrun for example_sensors to None, run_after=None
[2024-10-07T21:46:36.248+0000] {processor.py:208} INFO - Processing /home/airflow/.local/lib/python3.12/site-packages/airflow/example_dags/example_sensors.py took 0.047 seconds
[2024-10-07T21:47:06.989+0000] {processor.py:186} INFO - Started process (PID=2394) to work on /home/airflow/.local/lib/python3.12/site-packages/airflow/example_dags/example_sensors.py
[2024-10-07T21:47:06.989+0000] {processor.py:914} INFO - Processing file /home/airflow/.local/lib/python3.12/site-packages/airflow/example_dags/example_sensors.py for tasks to queue
[2024-10-07T21:47:06.991+0000] {logging_mixin.py:190} INFO - [2024-10-07T21:47:06.991+0000] {dagbag.py:588} INFO - Filling up the DagBag from /home/airflow/.local/lib/python3.12/site-packages/airflow/example_dags/example_sensors.py
[2024-10-07T21:47:06.997+0000] {processor.py:925} INFO - DAG(s) 'example_sensors' retrieved from /home/airflow/.local/lib/python3.12/site-packages/airflow/example_dags/example_sensors.py
[2024-10-07T21:47:07.009+0000] {logging_mixin.py:190} INFO - [2024-10-07T21:47:07.009+0000] {dag.py:3239} INFO - Sync 1 DAGs
[2024-10-07T21:47:07.017+0000] {logging_mixin.py:190} INFO - [2024-10-07T21:47:07.017+0000] {dag.py:4180} INFO - Setting next_dagrun for example_sensors to None, run_after=None
[2024-10-07T21:47:07.029+0000] {processor.py:208} INFO - Processing /home/airflow/.local/lib/python3.12/site-packages/airflow/example_dags/example_sensors.py took 0.043 seconds
[2024-10-07T21:47:38.305+0000] {processor.py:186} INFO - Started process (PID=2456) to work on /home/airflow/.local/lib/python3.12/site-packages/airflow/example_dags/example_sensors.py
[2024-10-07T21:47:38.306+0000] {processor.py:914} INFO - Processing file /home/airflow/.local/lib/python3.12/site-packages/airflow/example_dags/example_sensors.py for tasks to queue
[2024-10-07T21:47:38.309+0000] {logging_mixin.py:190} INFO - [2024-10-07T21:47:38.309+0000] {dagbag.py:588} INFO - Filling up the DagBag from /home/airflow/.local/lib/python3.12/site-packages/airflow/example_dags/example_sensors.py
[2024-10-07T21:47:38.319+0000] {processor.py:925} INFO - DAG(s) 'example_sensors' retrieved from /home/airflow/.local/lib/python3.12/site-packages/airflow/example_dags/example_sensors.py
[2024-10-07T21:47:38.338+0000] {logging_mixin.py:190} INFO - [2024-10-07T21:47:38.338+0000] {dag.py:3239} INFO - Sync 1 DAGs
[2024-10-07T21:47:38.348+0000] {logging_mixin.py:190} INFO - [2024-10-07T21:47:38.348+0000] {dag.py:4180} INFO - Setting next_dagrun for example_sensors to None, run_after=None
[2024-10-07T21:47:38.362+0000] {processor.py:208} INFO - Processing /home/airflow/.local/lib/python3.12/site-packages/airflow/example_dags/example_sensors.py took 0.065 seconds
[2024-10-07T21:48:09.455+0000] {processor.py:186} INFO - Started process (PID=2518) to work on /home/airflow/.local/lib/python3.12/site-packages/airflow/example_dags/example_sensors.py
[2024-10-07T21:48:09.456+0000] {processor.py:914} INFO - Processing file /home/airflow/.local/lib/python3.12/site-packages/airflow/example_dags/example_sensors.py for tasks to queue
[2024-10-07T21:48:09.460+0000] {logging_mixin.py:190} INFO - [2024-10-07T21:48:09.460+0000] {dagbag.py:588} INFO - Filling up the DagBag from /home/airflow/.local/lib/python3.12/site-packages/airflow/example_dags/example_sensors.py
[2024-10-07T21:48:09.467+0000] {processor.py:925} INFO - DAG(s) 'example_sensors' retrieved from /home/airflow/.local/lib/python3.12/site-packages/airflow/example_dags/example_sensors.py
[2024-10-07T21:48:09.480+0000] {logging_mixin.py:190} INFO - [2024-10-07T21:48:09.480+0000] {dag.py:3239} INFO - Sync 1 DAGs
[2024-10-07T21:48:09.488+0000] {logging_mixin.py:190} INFO - [2024-10-07T21:48:09.487+0000] {dag.py:4180} INFO - Setting next_dagrun for example_sensors to None, run_after=None
[2024-10-07T21:48:09.496+0000] {processor.py:208} INFO - Processing /home/airflow/.local/lib/python3.12/site-packages/airflow/example_dags/example_sensors.py took 0.044 seconds
[2024-10-07T21:48:40.666+0000] {processor.py:186} INFO - Started process (PID=2580) to work on /home/airflow/.local/lib/python3.12/site-packages/airflow/example_dags/example_sensors.py
[2024-10-07T21:48:40.669+0000] {processor.py:914} INFO - Processing file /home/airflow/.local/lib/python3.12/site-packages/airflow/example_dags/example_sensors.py for tasks to queue
[2024-10-07T21:48:40.670+0000] {logging_mixin.py:190} INFO - [2024-10-07T21:48:40.670+0000] {dagbag.py:588} INFO - Filling up the DagBag from /home/airflow/.local/lib/python3.12/site-packages/airflow/example_dags/example_sensors.py
[2024-10-07T21:48:40.675+0000] {processor.py:925} INFO - DAG(s) 'example_sensors' retrieved from /home/airflow/.local/lib/python3.12/site-packages/airflow/example_dags/example_sensors.py
[2024-10-07T21:48:40.688+0000] {logging_mixin.py:190} INFO - [2024-10-07T21:48:40.688+0000] {dag.py:3239} INFO - Sync 1 DAGs
[2024-10-07T21:48:40.695+0000] {logging_mixin.py:190} INFO - [2024-10-07T21:48:40.695+0000] {dag.py:4180} INFO - Setting next_dagrun for example_sensors to None, run_after=None
[2024-10-07T21:48:40.704+0000] {processor.py:208} INFO - Processing /home/airflow/.local/lib/python3.12/site-packages/airflow/example_dags/example_sensors.py took 0.042 seconds
[2024-10-07T21:49:11.422+0000] {processor.py:186} INFO - Started process (PID=2642) to work on /home/airflow/.local/lib/python3.12/site-packages/airflow/example_dags/example_sensors.py
[2024-10-07T21:49:11.424+0000] {processor.py:914} INFO - Processing file /home/airflow/.local/lib/python3.12/site-packages/airflow/example_dags/example_sensors.py for tasks to queue
[2024-10-07T21:49:11.425+0000] {logging_mixin.py:190} INFO - [2024-10-07T21:49:11.425+0000] {dagbag.py:588} INFO - Filling up the DagBag from /home/airflow/.local/lib/python3.12/site-packages/airflow/example_dags/example_sensors.py
[2024-10-07T21:49:11.431+0000] {processor.py:925} INFO - DAG(s) 'example_sensors' retrieved from /home/airflow/.local/lib/python3.12/site-packages/airflow/example_dags/example_sensors.py
[2024-10-07T21:49:11.443+0000] {logging_mixin.py:190} INFO - [2024-10-07T21:49:11.443+0000] {dag.py:3239} INFO - Sync 1 DAGs
[2024-10-07T21:49:11.452+0000] {logging_mixin.py:190} INFO - [2024-10-07T21:49:11.452+0000] {dag.py:4180} INFO - Setting next_dagrun for example_sensors to None, run_after=None
[2024-10-07T21:49:11.462+0000] {processor.py:208} INFO - Processing /home/airflow/.local/lib/python3.12/site-packages/airflow/example_dags/example_sensors.py took 0.044 seconds
[2024-10-07T21:49:42.240+0000] {processor.py:186} INFO - Started process (PID=2704) to work on /home/airflow/.local/lib/python3.12/site-packages/airflow/example_dags/example_sensors.py
[2024-10-07T21:49:42.241+0000] {processor.py:914} INFO - Processing file /home/airflow/.local/lib/python3.12/site-packages/airflow/example_dags/example_sensors.py for tasks to queue
[2024-10-07T21:49:42.242+0000] {logging_mixin.py:190} INFO - [2024-10-07T21:49:42.242+0000] {dagbag.py:588} INFO - Filling up the DagBag from /home/airflow/.local/lib/python3.12/site-packages/airflow/example_dags/example_sensors.py
[2024-10-07T21:49:42.248+0000] {processor.py:925} INFO - DAG(s) 'example_sensors' retrieved from /home/airflow/.local/lib/python3.12/site-packages/airflow/example_dags/example_sensors.py
[2024-10-07T21:49:42.260+0000] {logging_mixin.py:190} INFO - [2024-10-07T21:49:42.260+0000] {dag.py:3239} INFO - Sync 1 DAGs
[2024-10-07T21:49:42.267+0000] {logging_mixin.py:190} INFO - [2024-10-07T21:49:42.267+0000] {dag.py:4180} INFO - Setting next_dagrun for example_sensors to None, run_after=None
[2024-10-07T21:49:42.279+0000] {processor.py:208} INFO - Processing /home/airflow/.local/lib/python3.12/site-packages/airflow/example_dags/example_sensors.py took 0.042 seconds
[2024-10-07T21:50:12.676+0000] {processor.py:186} INFO - Started process (PID=2766) to work on /home/airflow/.local/lib/python3.12/site-packages/airflow/example_dags/example_sensors.py
[2024-10-07T21:50:12.677+0000] {processor.py:914} INFO - Processing file /home/airflow/.local/lib/python3.12/site-packages/airflow/example_dags/example_sensors.py for tasks to queue
[2024-10-07T21:50:12.678+0000] {logging_mixin.py:190} INFO - [2024-10-07T21:50:12.678+0000] {dagbag.py:588} INFO - Filling up the DagBag from /home/airflow/.local/lib/python3.12/site-packages/airflow/example_dags/example_sensors.py
[2024-10-07T21:50:12.684+0000] {processor.py:925} INFO - DAG(s) 'example_sensors' retrieved from /home/airflow/.local/lib/python3.12/site-packages/airflow/example_dags/example_sensors.py
[2024-10-07T21:50:12.698+0000] {logging_mixin.py:190} INFO - [2024-10-07T21:50:12.698+0000] {dag.py:3239} INFO - Sync 1 DAGs
[2024-10-07T21:50:12.705+0000] {logging_mixin.py:190} INFO - [2024-10-07T21:50:12.705+0000] {dag.py:4180} INFO - Setting next_dagrun for example_sensors to None, run_after=None
[2024-10-07T21:50:12.715+0000] {processor.py:208} INFO - Processing /home/airflow/.local/lib/python3.12/site-packages/airflow/example_dags/example_sensors.py took 0.042 seconds
[2024-10-07T21:50:44.755+0000] {processor.py:186} INFO - Started process (PID=2834) to work on /home/airflow/.local/lib/python3.12/site-packages/airflow/example_dags/example_sensors.py
[2024-10-07T21:50:44.756+0000] {processor.py:914} INFO - Processing file /home/airflow/.local/lib/python3.12/site-packages/airflow/example_dags/example_sensors.py for tasks to queue
[2024-10-07T21:50:44.757+0000] {logging_mixin.py:190} INFO - [2024-10-07T21:50:44.757+0000] {dagbag.py:588} INFO - Filling up the DagBag from /home/airflow/.local/lib/python3.12/site-packages/airflow/example_dags/example_sensors.py
[2024-10-07T21:50:44.762+0000] {processor.py:925} INFO - DAG(s) 'example_sensors' retrieved from /home/airflow/.local/lib/python3.12/site-packages/airflow/example_dags/example_sensors.py
[2024-10-07T21:50:44.776+0000] {logging_mixin.py:190} INFO - [2024-10-07T21:50:44.776+0000] {dag.py:3239} INFO - Sync 1 DAGs
[2024-10-07T21:50:44.783+0000] {logging_mixin.py:190} INFO - [2024-10-07T21:50:44.783+0000] {dag.py:4180} INFO - Setting next_dagrun for example_sensors to None, run_after=None
[2024-10-07T21:50:44.795+0000] {processor.py:208} INFO - Processing /home/airflow/.local/lib/python3.12/site-packages/airflow/example_dags/example_sensors.py took 0.044 seconds
[2024-10-07T21:51:16.179+0000] {processor.py:186} INFO - Started process (PID=2896) to work on /home/airflow/.local/lib/python3.12/site-packages/airflow/example_dags/example_sensors.py
[2024-10-07T21:51:16.180+0000] {processor.py:914} INFO - Processing file /home/airflow/.local/lib/python3.12/site-packages/airflow/example_dags/example_sensors.py for tasks to queue
[2024-10-07T21:51:16.182+0000] {logging_mixin.py:190} INFO - [2024-10-07T21:51:16.181+0000] {dagbag.py:588} INFO - Filling up the DagBag from /home/airflow/.local/lib/python3.12/site-packages/airflow/example_dags/example_sensors.py
[2024-10-07T21:51:16.188+0000] {processor.py:925} INFO - DAG(s) 'example_sensors' retrieved from /home/airflow/.local/lib/python3.12/site-packages/airflow/example_dags/example_sensors.py
[2024-10-07T21:51:16.202+0000] {logging_mixin.py:190} INFO - [2024-10-07T21:51:16.202+0000] {dag.py:3239} INFO - Sync 1 DAGs
[2024-10-07T21:51:16.209+0000] {logging_mixin.py:190} INFO - [2024-10-07T21:51:16.209+0000] {dag.py:4180} INFO - Setting next_dagrun for example_sensors to None, run_after=None
[2024-10-07T21:51:16.219+0000] {processor.py:208} INFO - Processing /home/airflow/.local/lib/python3.12/site-packages/airflow/example_dags/example_sensors.py took 0.043 seconds
[2024-10-07T21:51:46.853+0000] {processor.py:186} INFO - Started process (PID=2958) to work on /home/airflow/.local/lib/python3.12/site-packages/airflow/example_dags/example_sensors.py
[2024-10-07T21:51:46.857+0000] {processor.py:914} INFO - Processing file /home/airflow/.local/lib/python3.12/site-packages/airflow/example_dags/example_sensors.py for tasks to queue
[2024-10-07T21:51:46.859+0000] {logging_mixin.py:190} INFO - [2024-10-07T21:51:46.858+0000] {dagbag.py:588} INFO - Filling up the DagBag from /home/airflow/.local/lib/python3.12/site-packages/airflow/example_dags/example_sensors.py
[2024-10-07T21:51:46.865+0000] {processor.py:925} INFO - DAG(s) 'example_sensors' retrieved from /home/airflow/.local/lib/python3.12/site-packages/airflow/example_dags/example_sensors.py
[2024-10-07T21:51:46.987+0000] {logging_mixin.py:190} INFO - [2024-10-07T21:51:46.986+0000] {dag.py:3239} INFO - Sync 1 DAGs
[2024-10-07T21:51:46.992+0000] {logging_mixin.py:190} INFO - [2024-10-07T21:51:46.992+0000] {dag.py:4180} INFO - Setting next_dagrun for example_sensors to None, run_after=None
[2024-10-07T21:51:47.003+0000] {processor.py:208} INFO - Processing /home/airflow/.local/lib/python3.12/site-packages/airflow/example_dags/example_sensors.py took 0.153 seconds
[2024-10-07T21:52:17.750+0000] {processor.py:186} INFO - Started process (PID=3020) to work on /home/airflow/.local/lib/python3.12/site-packages/airflow/example_dags/example_sensors.py
[2024-10-07T21:52:17.756+0000] {processor.py:914} INFO - Processing file /home/airflow/.local/lib/python3.12/site-packages/airflow/example_dags/example_sensors.py for tasks to queue
[2024-10-07T21:52:17.758+0000] {logging_mixin.py:190} INFO - [2024-10-07T21:52:17.757+0000] {dagbag.py:588} INFO - Filling up the DagBag from /home/airflow/.local/lib/python3.12/site-packages/airflow/example_dags/example_sensors.py
[2024-10-07T21:52:17.769+0000] {processor.py:925} INFO - DAG(s) 'example_sensors' retrieved from /home/airflow/.local/lib/python3.12/site-packages/airflow/example_dags/example_sensors.py
[2024-10-07T21:52:17.789+0000] {logging_mixin.py:190} INFO - [2024-10-07T21:52:17.789+0000] {dag.py:3239} INFO - Sync 1 DAGs
[2024-10-07T21:52:17.797+0000] {logging_mixin.py:190} INFO - [2024-10-07T21:52:17.797+0000] {dag.py:4180} INFO - Setting next_dagrun for example_sensors to None, run_after=None
[2024-10-07T21:52:17.808+0000] {processor.py:208} INFO - Processing /home/airflow/.local/lib/python3.12/site-packages/airflow/example_dags/example_sensors.py took 0.065 seconds
[2024-10-07T21:52:48.348+0000] {processor.py:186} INFO - Started process (PID=3082) to work on /home/airflow/.local/lib/python3.12/site-packages/airflow/example_dags/example_sensors.py
[2024-10-07T21:52:48.355+0000] {processor.py:914} INFO - Processing file /home/airflow/.local/lib/python3.12/site-packages/airflow/example_dags/example_sensors.py for tasks to queue
[2024-10-07T21:52:48.357+0000] {logging_mixin.py:190} INFO - [2024-10-07T21:52:48.357+0000] {dagbag.py:588} INFO - Filling up the DagBag from /home/airflow/.local/lib/python3.12/site-packages/airflow/example_dags/example_sensors.py
[2024-10-07T21:52:48.368+0000] {processor.py:925} INFO - DAG(s) 'example_sensors' retrieved from /home/airflow/.local/lib/python3.12/site-packages/airflow/example_dags/example_sensors.py
[2024-10-07T21:52:48.388+0000] {logging_mixin.py:190} INFO - [2024-10-07T21:52:48.388+0000] {dag.py:3239} INFO - Sync 1 DAGs
[2024-10-07T21:52:48.400+0000] {logging_mixin.py:190} INFO - [2024-10-07T21:52:48.400+0000] {dag.py:4180} INFO - Setting next_dagrun for example_sensors to None, run_after=None
[2024-10-07T21:52:48.416+0000] {processor.py:208} INFO - Processing /home/airflow/.local/lib/python3.12/site-packages/airflow/example_dags/example_sensors.py took 0.073 seconds
[2024-10-07T21:53:18.989+0000] {processor.py:186} INFO - Started process (PID=3144) to work on /home/airflow/.local/lib/python3.12/site-packages/airflow/example_dags/example_sensors.py
[2024-10-07T21:53:18.996+0000] {processor.py:914} INFO - Processing file /home/airflow/.local/lib/python3.12/site-packages/airflow/example_dags/example_sensors.py for tasks to queue
[2024-10-07T21:53:18.998+0000] {logging_mixin.py:190} INFO - [2024-10-07T21:53:18.998+0000] {dagbag.py:588} INFO - Filling up the DagBag from /home/airflow/.local/lib/python3.12/site-packages/airflow/example_dags/example_sensors.py
[2024-10-07T21:53:19.006+0000] {processor.py:925} INFO - DAG(s) 'example_sensors' retrieved from /home/airflow/.local/lib/python3.12/site-packages/airflow/example_dags/example_sensors.py
[2024-10-07T21:53:19.028+0000] {logging_mixin.py:190} INFO - [2024-10-07T21:53:19.028+0000] {dag.py:3239} INFO - Sync 1 DAGs
[2024-10-07T21:53:19.037+0000] {logging_mixin.py:190} INFO - [2024-10-07T21:53:19.037+0000] {dag.py:4180} INFO - Setting next_dagrun for example_sensors to None, run_after=None
[2024-10-07T21:53:19.047+0000] {processor.py:208} INFO - Processing /home/airflow/.local/lib/python3.12/site-packages/airflow/example_dags/example_sensors.py took 0.064 seconds
[2024-10-07T21:53:49.441+0000] {processor.py:186} INFO - Started process (PID=3206) to work on /home/airflow/.local/lib/python3.12/site-packages/airflow/example_dags/example_sensors.py
[2024-10-07T21:53:49.445+0000] {processor.py:914} INFO - Processing file /home/airflow/.local/lib/python3.12/site-packages/airflow/example_dags/example_sensors.py for tasks to queue
[2024-10-07T21:53:49.448+0000] {logging_mixin.py:190} INFO - [2024-10-07T21:53:49.448+0000] {dagbag.py:588} INFO - Filling up the DagBag from /home/airflow/.local/lib/python3.12/site-packages/airflow/example_dags/example_sensors.py
[2024-10-07T21:53:49.457+0000] {processor.py:925} INFO - DAG(s) 'example_sensors' retrieved from /home/airflow/.local/lib/python3.12/site-packages/airflow/example_dags/example_sensors.py
[2024-10-07T21:53:49.476+0000] {logging_mixin.py:190} INFO - [2024-10-07T21:53:49.476+0000] {dag.py:3239} INFO - Sync 1 DAGs
[2024-10-07T21:53:49.485+0000] {logging_mixin.py:190} INFO - [2024-10-07T21:53:49.484+0000] {dag.py:4180} INFO - Setting next_dagrun for example_sensors to None, run_after=None
[2024-10-07T21:53:49.498+0000] {processor.py:208} INFO - Processing /home/airflow/.local/lib/python3.12/site-packages/airflow/example_dags/example_sensors.py took 0.063 seconds
[2024-10-07T21:54:19.877+0000] {processor.py:186} INFO - Started process (PID=3268) to work on /home/airflow/.local/lib/python3.12/site-packages/airflow/example_dags/example_sensors.py
[2024-10-07T21:54:19.878+0000] {processor.py:914} INFO - Processing file /home/airflow/.local/lib/python3.12/site-packages/airflow/example_dags/example_sensors.py for tasks to queue
[2024-10-07T21:54:19.880+0000] {logging_mixin.py:190} INFO - [2024-10-07T21:54:19.880+0000] {dagbag.py:588} INFO - Filling up the DagBag from /home/airflow/.local/lib/python3.12/site-packages/airflow/example_dags/example_sensors.py
[2024-10-07T21:54:19.888+0000] {processor.py:925} INFO - DAG(s) 'example_sensors' retrieved from /home/airflow/.local/lib/python3.12/site-packages/airflow/example_dags/example_sensors.py
[2024-10-07T21:54:19.903+0000] {logging_mixin.py:190} INFO - [2024-10-07T21:54:19.903+0000] {dag.py:3239} INFO - Sync 1 DAGs
[2024-10-07T21:54:19.913+0000] {logging_mixin.py:190} INFO - [2024-10-07T21:54:19.913+0000] {dag.py:4180} INFO - Setting next_dagrun for example_sensors to None, run_after=None
[2024-10-07T21:54:19.925+0000] {processor.py:208} INFO - Processing /home/airflow/.local/lib/python3.12/site-packages/airflow/example_dags/example_sensors.py took 0.053 seconds
[2024-10-07T21:54:50.269+0000] {processor.py:186} INFO - Started process (PID=3330) to work on /home/airflow/.local/lib/python3.12/site-packages/airflow/example_dags/example_sensors.py
[2024-10-07T21:54:50.272+0000] {processor.py:914} INFO - Processing file /home/airflow/.local/lib/python3.12/site-packages/airflow/example_dags/example_sensors.py for tasks to queue
[2024-10-07T21:54:50.275+0000] {logging_mixin.py:190} INFO - [2024-10-07T21:54:50.275+0000] {dagbag.py:588} INFO - Filling up the DagBag from /home/airflow/.local/lib/python3.12/site-packages/airflow/example_dags/example_sensors.py
[2024-10-07T21:54:50.285+0000] {processor.py:925} INFO - DAG(s) 'example_sensors' retrieved from /home/airflow/.local/lib/python3.12/site-packages/airflow/example_dags/example_sensors.py
[2024-10-07T21:54:50.303+0000] {logging_mixin.py:190} INFO - [2024-10-07T21:54:50.303+0000] {dag.py:3239} INFO - Sync 1 DAGs
[2024-10-07T21:54:50.310+0000] {logging_mixin.py:190} INFO - [2024-10-07T21:54:50.310+0000] {dag.py:4180} INFO - Setting next_dagrun for example_sensors to None, run_after=None
[2024-10-07T21:54:50.322+0000] {processor.py:208} INFO - Processing /home/airflow/.local/lib/python3.12/site-packages/airflow/example_dags/example_sensors.py took 0.059 seconds
[2024-10-07T21:55:20.717+0000] {processor.py:186} INFO - Started process (PID=3392) to work on /home/airflow/.local/lib/python3.12/site-packages/airflow/example_dags/example_sensors.py
[2024-10-07T21:55:20.720+0000] {processor.py:914} INFO - Processing file /home/airflow/.local/lib/python3.12/site-packages/airflow/example_dags/example_sensors.py for tasks to queue
[2024-10-07T21:55:20.725+0000] {logging_mixin.py:190} INFO - [2024-10-07T21:55:20.724+0000] {dagbag.py:588} INFO - Filling up the DagBag from /home/airflow/.local/lib/python3.12/site-packages/airflow/example_dags/example_sensors.py
[2024-10-07T21:55:20.737+0000] {processor.py:925} INFO - DAG(s) 'example_sensors' retrieved from /home/airflow/.local/lib/python3.12/site-packages/airflow/example_dags/example_sensors.py
[2024-10-07T21:55:20.761+0000] {logging_mixin.py:190} INFO - [2024-10-07T21:55:20.761+0000] {dag.py:3239} INFO - Sync 1 DAGs
[2024-10-07T21:55:20.772+0000] {logging_mixin.py:190} INFO - [2024-10-07T21:55:20.772+0000] {dag.py:4180} INFO - Setting next_dagrun for example_sensors to None, run_after=None
[2024-10-07T21:55:20.789+0000] {processor.py:208} INFO - Processing /home/airflow/.local/lib/python3.12/site-packages/airflow/example_dags/example_sensors.py took 0.082 seconds
[2024-10-07T21:55:51.231+0000] {processor.py:186} INFO - Started process (PID=3454) to work on /home/airflow/.local/lib/python3.12/site-packages/airflow/example_dags/example_sensors.py
[2024-10-07T21:55:51.237+0000] {processor.py:914} INFO - Processing file /home/airflow/.local/lib/python3.12/site-packages/airflow/example_dags/example_sensors.py for tasks to queue
[2024-10-07T21:55:51.239+0000] {logging_mixin.py:190} INFO - [2024-10-07T21:55:51.239+0000] {dagbag.py:588} INFO - Filling up the DagBag from /home/airflow/.local/lib/python3.12/site-packages/airflow/example_dags/example_sensors.py
[2024-10-07T21:55:51.250+0000] {processor.py:925} INFO - DAG(s) 'example_sensors' retrieved from /home/airflow/.local/lib/python3.12/site-packages/airflow/example_dags/example_sensors.py
[2024-10-07T21:55:51.268+0000] {logging_mixin.py:190} INFO - [2024-10-07T21:55:51.268+0000] {dag.py:3239} INFO - Sync 1 DAGs
[2024-10-07T21:55:51.276+0000] {logging_mixin.py:190} INFO - [2024-10-07T21:55:51.276+0000] {dag.py:4180} INFO - Setting next_dagrun for example_sensors to None, run_after=None
[2024-10-07T21:55:51.288+0000] {processor.py:208} INFO - Processing /home/airflow/.local/lib/python3.12/site-packages/airflow/example_dags/example_sensors.py took 0.065 seconds
[2024-10-07T21:56:21.604+0000] {processor.py:186} INFO - Started process (PID=3516) to work on /home/airflow/.local/lib/python3.12/site-packages/airflow/example_dags/example_sensors.py
[2024-10-07T21:56:21.608+0000] {processor.py:914} INFO - Processing file /home/airflow/.local/lib/python3.12/site-packages/airflow/example_dags/example_sensors.py for tasks to queue
[2024-10-07T21:56:21.610+0000] {logging_mixin.py:190} INFO - [2024-10-07T21:56:21.610+0000] {dagbag.py:588} INFO - Filling up the DagBag from /home/airflow/.local/lib/python3.12/site-packages/airflow/example_dags/example_sensors.py
[2024-10-07T21:56:21.620+0000] {processor.py:925} INFO - DAG(s) 'example_sensors' retrieved from /home/airflow/.local/lib/python3.12/site-packages/airflow/example_dags/example_sensors.py
[2024-10-07T21:56:21.642+0000] {logging_mixin.py:190} INFO - [2024-10-07T21:56:21.642+0000] {dag.py:3239} INFO - Sync 1 DAGs
[2024-10-07T21:56:21.650+0000] {logging_mixin.py:190} INFO - [2024-10-07T21:56:21.650+0000] {dag.py:4180} INFO - Setting next_dagrun for example_sensors to None, run_after=None
[2024-10-07T21:56:21.663+0000] {processor.py:208} INFO - Processing /home/airflow/.local/lib/python3.12/site-packages/airflow/example_dags/example_sensors.py took 0.065 seconds
[2024-10-07T21:56:52.518+0000] {processor.py:186} INFO - Started process (PID=3578) to work on /home/airflow/.local/lib/python3.12/site-packages/airflow/example_dags/example_sensors.py
[2024-10-07T21:56:52.521+0000] {processor.py:914} INFO - Processing file /home/airflow/.local/lib/python3.12/site-packages/airflow/example_dags/example_sensors.py for tasks to queue
[2024-10-07T21:56:52.525+0000] {logging_mixin.py:190} INFO - [2024-10-07T21:56:52.524+0000] {dagbag.py:588} INFO - Filling up the DagBag from /home/airflow/.local/lib/python3.12/site-packages/airflow/example_dags/example_sensors.py
[2024-10-07T21:56:52.540+0000] {processor.py:925} INFO - DAG(s) 'example_sensors' retrieved from /home/airflow/.local/lib/python3.12/site-packages/airflow/example_dags/example_sensors.py
[2024-10-07T21:56:52.562+0000] {logging_mixin.py:190} INFO - [2024-10-07T21:56:52.562+0000] {dag.py:3239} INFO - Sync 1 DAGs
[2024-10-07T21:56:52.571+0000] {logging_mixin.py:190} INFO - [2024-10-07T21:56:52.570+0000] {dag.py:4180} INFO - Setting next_dagrun for example_sensors to None, run_after=None
[2024-10-07T21:56:52.583+0000] {processor.py:208} INFO - Processing /home/airflow/.local/lib/python3.12/site-packages/airflow/example_dags/example_sensors.py took 0.074 seconds
[2024-10-07T21:57:23.196+0000] {processor.py:186} INFO - Started process (PID=3640) to work on /home/airflow/.local/lib/python3.12/site-packages/airflow/example_dags/example_sensors.py
[2024-10-07T21:57:23.198+0000] {processor.py:914} INFO - Processing file /home/airflow/.local/lib/python3.12/site-packages/airflow/example_dags/example_sensors.py for tasks to queue
[2024-10-07T21:57:23.205+0000] {logging_mixin.py:190} INFO - [2024-10-07T21:57:23.204+0000] {dagbag.py:588} INFO - Filling up the DagBag from /home/airflow/.local/lib/python3.12/site-packages/airflow/example_dags/example_sensors.py
[2024-10-07T21:57:23.216+0000] {processor.py:925} INFO - DAG(s) 'example_sensors' retrieved from /home/airflow/.local/lib/python3.12/site-packages/airflow/example_dags/example_sensors.py
[2024-10-07T21:57:23.246+0000] {logging_mixin.py:190} INFO - [2024-10-07T21:57:23.246+0000] {dag.py:3239} INFO - Sync 1 DAGs
[2024-10-07T21:57:23.260+0000] {logging_mixin.py:190} INFO - [2024-10-07T21:57:23.260+0000] {dag.py:4180} INFO - Setting next_dagrun for example_sensors to None, run_after=None
[2024-10-07T21:57:23.275+0000] {processor.py:208} INFO - Processing /home/airflow/.local/lib/python3.12/site-packages/airflow/example_dags/example_sensors.py took 0.085 seconds
[2024-10-07T21:57:53.862+0000] {processor.py:186} INFO - Started process (PID=3702) to work on /home/airflow/.local/lib/python3.12/site-packages/airflow/example_dags/example_sensors.py
[2024-10-07T21:57:53.864+0000] {processor.py:914} INFO - Processing file /home/airflow/.local/lib/python3.12/site-packages/airflow/example_dags/example_sensors.py for tasks to queue
[2024-10-07T21:57:53.867+0000] {logging_mixin.py:190} INFO - [2024-10-07T21:57:53.866+0000] {dagbag.py:588} INFO - Filling up the DagBag from /home/airflow/.local/lib/python3.12/site-packages/airflow/example_dags/example_sensors.py
[2024-10-07T21:57:53.878+0000] {processor.py:925} INFO - DAG(s) 'example_sensors' retrieved from /home/airflow/.local/lib/python3.12/site-packages/airflow/example_dags/example_sensors.py
[2024-10-07T21:57:53.900+0000] {logging_mixin.py:190} INFO - [2024-10-07T21:57:53.899+0000] {dag.py:3239} INFO - Sync 1 DAGs
[2024-10-07T21:57:53.909+0000] {logging_mixin.py:190} INFO - [2024-10-07T21:57:53.909+0000] {dag.py:4180} INFO - Setting next_dagrun for example_sensors to None, run_after=None
[2024-10-07T21:57:53.924+0000] {processor.py:208} INFO - Processing /home/airflow/.local/lib/python3.12/site-packages/airflow/example_dags/example_sensors.py took 0.069 seconds
[2024-10-07T21:58:24.801+0000] {processor.py:186} INFO - Started process (PID=3764) to work on /home/airflow/.local/lib/python3.12/site-packages/airflow/example_dags/example_sensors.py
[2024-10-07T21:58:24.805+0000] {processor.py:914} INFO - Processing file /home/airflow/.local/lib/python3.12/site-packages/airflow/example_dags/example_sensors.py for tasks to queue
[2024-10-07T21:58:24.809+0000] {logging_mixin.py:190} INFO - [2024-10-07T21:58:24.809+0000] {dagbag.py:588} INFO - Filling up the DagBag from /home/airflow/.local/lib/python3.12/site-packages/airflow/example_dags/example_sensors.py
[2024-10-07T21:58:24.818+0000] {processor.py:925} INFO - DAG(s) 'example_sensors' retrieved from /home/airflow/.local/lib/python3.12/site-packages/airflow/example_dags/example_sensors.py
[2024-10-07T21:58:24.836+0000] {logging_mixin.py:190} INFO - [2024-10-07T21:58:24.836+0000] {dag.py:3239} INFO - Sync 1 DAGs
[2024-10-07T21:58:24.845+0000] {logging_mixin.py:190} INFO - [2024-10-07T21:58:24.845+0000] {dag.py:4180} INFO - Setting next_dagrun for example_sensors to None, run_after=None
[2024-10-07T21:58:24.858+0000] {processor.py:208} INFO - Processing /home/airflow/.local/lib/python3.12/site-packages/airflow/example_dags/example_sensors.py took 0.062 seconds
[2024-10-07T21:58:55.317+0000] {processor.py:186} INFO - Started process (PID=3826) to work on /home/airflow/.local/lib/python3.12/site-packages/airflow/example_dags/example_sensors.py
[2024-10-07T21:58:55.319+0000] {processor.py:914} INFO - Processing file /home/airflow/.local/lib/python3.12/site-packages/airflow/example_dags/example_sensors.py for tasks to queue
[2024-10-07T21:58:55.321+0000] {logging_mixin.py:190} INFO - [2024-10-07T21:58:55.321+0000] {dagbag.py:588} INFO - Filling up the DagBag from /home/airflow/.local/lib/python3.12/site-packages/airflow/example_dags/example_sensors.py
[2024-10-07T21:58:55.328+0000] {processor.py:925} INFO - DAG(s) 'example_sensors' retrieved from /home/airflow/.local/lib/python3.12/site-packages/airflow/example_dags/example_sensors.py
[2024-10-07T21:58:55.352+0000] {logging_mixin.py:190} INFO - [2024-10-07T21:58:55.352+0000] {dag.py:3239} INFO - Sync 1 DAGs
[2024-10-07T21:58:55.360+0000] {logging_mixin.py:190} INFO - [2024-10-07T21:58:55.360+0000] {dag.py:4180} INFO - Setting next_dagrun for example_sensors to None, run_after=None
[2024-10-07T21:58:55.373+0000] {processor.py:208} INFO - Processing /home/airflow/.local/lib/python3.12/site-packages/airflow/example_dags/example_sensors.py took 0.061 seconds
[2024-10-07T21:59:26.116+0000] {processor.py:186} INFO - Started process (PID=3888) to work on /home/airflow/.local/lib/python3.12/site-packages/airflow/example_dags/example_sensors.py
[2024-10-07T21:59:26.117+0000] {processor.py:914} INFO - Processing file /home/airflow/.local/lib/python3.12/site-packages/airflow/example_dags/example_sensors.py for tasks to queue
[2024-10-07T21:59:26.120+0000] {logging_mixin.py:190} INFO - [2024-10-07T21:59:26.120+0000] {dagbag.py:588} INFO - Filling up the DagBag from /home/airflow/.local/lib/python3.12/site-packages/airflow/example_dags/example_sensors.py
[2024-10-07T21:59:26.128+0000] {processor.py:925} INFO - DAG(s) 'example_sensors' retrieved from /home/airflow/.local/lib/python3.12/site-packages/airflow/example_dags/example_sensors.py
[2024-10-07T21:59:26.145+0000] {logging_mixin.py:190} INFO - [2024-10-07T21:59:26.145+0000] {dag.py:3239} INFO - Sync 1 DAGs
[2024-10-07T21:59:26.153+0000] {logging_mixin.py:190} INFO - [2024-10-07T21:59:26.153+0000] {dag.py:4180} INFO - Setting next_dagrun for example_sensors to None, run_after=None
[2024-10-07T21:59:26.167+0000] {processor.py:208} INFO - Processing /home/airflow/.local/lib/python3.12/site-packages/airflow/example_dags/example_sensors.py took 0.055 seconds
[2024-10-07T21:59:56.637+0000] {processor.py:186} INFO - Started process (PID=3950) to work on /home/airflow/.local/lib/python3.12/site-packages/airflow/example_dags/example_sensors.py
[2024-10-07T21:59:56.639+0000] {processor.py:914} INFO - Processing file /home/airflow/.local/lib/python3.12/site-packages/airflow/example_dags/example_sensors.py for tasks to queue
[2024-10-07T21:59:56.642+0000] {logging_mixin.py:190} INFO - [2024-10-07T21:59:56.642+0000] {dagbag.py:588} INFO - Filling up the DagBag from /home/airflow/.local/lib/python3.12/site-packages/airflow/example_dags/example_sensors.py
[2024-10-07T21:59:56.650+0000] {processor.py:925} INFO - DAG(s) 'example_sensors' retrieved from /home/airflow/.local/lib/python3.12/site-packages/airflow/example_dags/example_sensors.py
[2024-10-07T21:59:56.669+0000] {logging_mixin.py:190} INFO - [2024-10-07T21:59:56.669+0000] {dag.py:3239} INFO - Sync 1 DAGs
[2024-10-07T21:59:56.676+0000] {logging_mixin.py:190} INFO - [2024-10-07T21:59:56.676+0000] {dag.py:4180} INFO - Setting next_dagrun for example_sensors to None, run_after=None
[2024-10-07T21:59:56.688+0000] {processor.py:208} INFO - Processing /home/airflow/.local/lib/python3.12/site-packages/airflow/example_dags/example_sensors.py took 0.055 seconds
