[2024-10-07T21:28:10.742+0000] {processor.py:186} INFO - Started process (PID=64) to work on /home/airflow/.local/lib/python3.12/site-packages/airflow/example_dags/tutorial.py
[2024-10-07T21:28:10.743+0000] {processor.py:914} INFO - Processing file /home/airflow/.local/lib/python3.12/site-packages/airflow/example_dags/tutorial.py for tasks to queue
[2024-10-07T21:28:10.745+0000] {logging_mixin.py:190} INFO - [2024-10-07T21:28:10.744+0000] {dagbag.py:588} INFO - Filling up the DagBag from /home/airflow/.local/lib/python3.12/site-packages/airflow/example_dags/tutorial.py
[2024-10-07T21:28:10.753+0000] {processor.py:925} INFO - DAG(s) 'tutorial' retrieved from /home/airflow/.local/lib/python3.12/site-packages/airflow/example_dags/tutorial.py
[2024-10-07T21:28:10.818+0000] {logging_mixin.py:190} INFO - [2024-10-07T21:28:10.817+0000] {override.py:1900} INFO - Created Permission View: can read on DAG:tutorial
[2024-10-07T21:28:10.824+0000] {logging_mixin.py:190} INFO - [2024-10-07T21:28:10.823+0000] {override.py:1900} INFO - Created Permission View: can delete on DAG:tutorial
[2024-10-07T21:28:10.827+0000] {logging_mixin.py:190} INFO - [2024-10-07T21:28:10.826+0000] {override.py:1900} INFO - Created Permission View: can edit on DAG:tutorial
[2024-10-07T21:28:10.830+0000] {logging_mixin.py:190} INFO - [2024-10-07T21:28:10.830+0000] {override.py:1900} INFO - Created Permission View: can read on DAG Run:tutorial
[2024-10-07T21:28:10.832+0000] {logging_mixin.py:190} INFO - [2024-10-07T21:28:10.832+0000] {override.py:1900} INFO - Created Permission View: can delete on DAG Run:tutorial
[2024-10-07T21:28:10.835+0000] {logging_mixin.py:190} INFO - [2024-10-07T21:28:10.835+0000] {override.py:1900} INFO - Created Permission View: can create on DAG Run:tutorial
[2024-10-07T21:28:10.837+0000] {logging_mixin.py:190} INFO - [2024-10-07T21:28:10.837+0000] {override.py:1900} INFO - Created Permission View: menu access on DAG Run:tutorial
[2024-10-07T21:28:10.838+0000] {logging_mixin.py:190} INFO - [2024-10-07T21:28:10.838+0000] {dag.py:3239} INFO - Sync 1 DAGs
[2024-10-07T21:28:10.844+0000] {logging_mixin.py:190} INFO - [2024-10-07T21:28:10.844+0000] {dag.py:3262} INFO - Creating ORM DAG for tutorial
[2024-10-07T21:28:10.849+0000] {logging_mixin.py:190} INFO - [2024-10-07T21:28:10.849+0000] {dag.py:4180} INFO - Setting next_dagrun for tutorial to 2024-10-06 00:00:00+00:00, run_after=2024-10-07 00:00:00+00:00
[2024-10-07T21:28:10.856+0000] {processor.py:208} INFO - Processing /home/airflow/.local/lib/python3.12/site-packages/airflow/example_dags/tutorial.py took 0.118 seconds
[2024-10-07T21:28:41.366+0000] {processor.py:186} INFO - Started process (PID=126) to work on /home/airflow/.local/lib/python3.12/site-packages/airflow/example_dags/tutorial.py
[2024-10-07T21:28:41.367+0000] {processor.py:914} INFO - Processing file /home/airflow/.local/lib/python3.12/site-packages/airflow/example_dags/tutorial.py for tasks to queue
[2024-10-07T21:28:41.372+0000] {logging_mixin.py:190} INFO - [2024-10-07T21:28:41.371+0000] {dagbag.py:588} INFO - Filling up the DagBag from /home/airflow/.local/lib/python3.12/site-packages/airflow/example_dags/tutorial.py
[2024-10-07T21:28:41.376+0000] {processor.py:925} INFO - DAG(s) 'tutorial' retrieved from /home/airflow/.local/lib/python3.12/site-packages/airflow/example_dags/tutorial.py
[2024-10-07T21:28:41.386+0000] {logging_mixin.py:190} INFO - [2024-10-07T21:28:41.386+0000] {dag.py:3239} INFO - Sync 1 DAGs
[2024-10-07T21:28:41.398+0000] {logging_mixin.py:190} INFO - [2024-10-07T21:28:41.398+0000] {dag.py:4180} INFO - Setting next_dagrun for tutorial to 2024-10-06 00:00:00+00:00, run_after=2024-10-07 00:00:00+00:00
[2024-10-07T21:28:41.406+0000] {processor.py:208} INFO - Processing /home/airflow/.local/lib/python3.12/site-packages/airflow/example_dags/tutorial.py took 0.043 seconds
[2024-10-07T21:29:12.348+0000] {processor.py:186} INFO - Started process (PID=188) to work on /home/airflow/.local/lib/python3.12/site-packages/airflow/example_dags/tutorial.py
[2024-10-07T21:29:12.349+0000] {processor.py:914} INFO - Processing file /home/airflow/.local/lib/python3.12/site-packages/airflow/example_dags/tutorial.py for tasks to queue
[2024-10-07T21:29:12.350+0000] {logging_mixin.py:190} INFO - [2024-10-07T21:29:12.350+0000] {dagbag.py:588} INFO - Filling up the DagBag from /home/airflow/.local/lib/python3.12/site-packages/airflow/example_dags/tutorial.py
[2024-10-07T21:29:12.354+0000] {processor.py:925} INFO - DAG(s) 'tutorial' retrieved from /home/airflow/.local/lib/python3.12/site-packages/airflow/example_dags/tutorial.py
[2024-10-07T21:29:12.363+0000] {logging_mixin.py:190} INFO - [2024-10-07T21:29:12.363+0000] {dag.py:3239} INFO - Sync 1 DAGs
[2024-10-07T21:29:12.372+0000] {logging_mixin.py:190} INFO - [2024-10-07T21:29:12.372+0000] {dag.py:4180} INFO - Setting next_dagrun for tutorial to 2024-10-06 00:00:00+00:00, run_after=2024-10-07 00:00:00+00:00
[2024-10-07T21:29:12.379+0000] {processor.py:208} INFO - Processing /home/airflow/.local/lib/python3.12/site-packages/airflow/example_dags/tutorial.py took 0.034 seconds
[2024-10-07T21:29:42.830+0000] {processor.py:186} INFO - Started process (PID=250) to work on /home/airflow/.local/lib/python3.12/site-packages/airflow/example_dags/tutorial.py
[2024-10-07T21:29:42.831+0000] {processor.py:914} INFO - Processing file /home/airflow/.local/lib/python3.12/site-packages/airflow/example_dags/tutorial.py for tasks to queue
[2024-10-07T21:29:42.834+0000] {logging_mixin.py:190} INFO - [2024-10-07T21:29:42.834+0000] {dagbag.py:588} INFO - Filling up the DagBag from /home/airflow/.local/lib/python3.12/site-packages/airflow/example_dags/tutorial.py
[2024-10-07T21:29:42.839+0000] {processor.py:925} INFO - DAG(s) 'tutorial' retrieved from /home/airflow/.local/lib/python3.12/site-packages/airflow/example_dags/tutorial.py
[2024-10-07T21:29:42.852+0000] {logging_mixin.py:190} INFO - [2024-10-07T21:29:42.852+0000] {dag.py:3239} INFO - Sync 1 DAGs
[2024-10-07T21:29:42.865+0000] {logging_mixin.py:190} INFO - [2024-10-07T21:29:42.864+0000] {dag.py:4180} INFO - Setting next_dagrun for tutorial to 2024-10-06 00:00:00+00:00, run_after=2024-10-07 00:00:00+00:00
[2024-10-07T21:29:42.873+0000] {processor.py:208} INFO - Processing /home/airflow/.local/lib/python3.12/site-packages/airflow/example_dags/tutorial.py took 0.046 seconds
[2024-10-07T21:30:13.233+0000] {processor.py:186} INFO - Started process (PID=312) to work on /home/airflow/.local/lib/python3.12/site-packages/airflow/example_dags/tutorial.py
[2024-10-07T21:30:13.234+0000] {processor.py:914} INFO - Processing file /home/airflow/.local/lib/python3.12/site-packages/airflow/example_dags/tutorial.py for tasks to queue
[2024-10-07T21:30:13.235+0000] {logging_mixin.py:190} INFO - [2024-10-07T21:30:13.235+0000] {dagbag.py:588} INFO - Filling up the DagBag from /home/airflow/.local/lib/python3.12/site-packages/airflow/example_dags/tutorial.py
[2024-10-07T21:30:13.239+0000] {processor.py:925} INFO - DAG(s) 'tutorial' retrieved from /home/airflow/.local/lib/python3.12/site-packages/airflow/example_dags/tutorial.py
[2024-10-07T21:30:13.248+0000] {logging_mixin.py:190} INFO - [2024-10-07T21:30:13.248+0000] {dag.py:3239} INFO - Sync 1 DAGs
[2024-10-07T21:30:13.261+0000] {logging_mixin.py:190} INFO - [2024-10-07T21:30:13.261+0000] {dag.py:4180} INFO - Setting next_dagrun for tutorial to 2024-10-06 00:00:00+00:00, run_after=2024-10-07 00:00:00+00:00
[2024-10-07T21:30:13.272+0000] {processor.py:208} INFO - Processing /home/airflow/.local/lib/python3.12/site-packages/airflow/example_dags/tutorial.py took 0.042 seconds
[2024-10-07T21:30:43.566+0000] {processor.py:186} INFO - Started process (PID=374) to work on /home/airflow/.local/lib/python3.12/site-packages/airflow/example_dags/tutorial.py
[2024-10-07T21:30:43.566+0000] {processor.py:914} INFO - Processing file /home/airflow/.local/lib/python3.12/site-packages/airflow/example_dags/tutorial.py for tasks to queue
[2024-10-07T21:30:43.568+0000] {logging_mixin.py:190} INFO - [2024-10-07T21:30:43.567+0000] {dagbag.py:588} INFO - Filling up the DagBag from /home/airflow/.local/lib/python3.12/site-packages/airflow/example_dags/tutorial.py
[2024-10-07T21:30:43.572+0000] {processor.py:925} INFO - DAG(s) 'tutorial' retrieved from /home/airflow/.local/lib/python3.12/site-packages/airflow/example_dags/tutorial.py
[2024-10-07T21:30:43.581+0000] {logging_mixin.py:190} INFO - [2024-10-07T21:30:43.581+0000] {dag.py:3239} INFO - Sync 1 DAGs
[2024-10-07T21:30:43.592+0000] {logging_mixin.py:190} INFO - [2024-10-07T21:30:43.592+0000] {dag.py:4180} INFO - Setting next_dagrun for tutorial to 2024-10-06 00:00:00+00:00, run_after=2024-10-07 00:00:00+00:00
[2024-10-07T21:30:43.600+0000] {processor.py:208} INFO - Processing /home/airflow/.local/lib/python3.12/site-packages/airflow/example_dags/tutorial.py took 0.037 seconds
[2024-10-07T21:31:13.864+0000] {processor.py:186} INFO - Started process (PID=436) to work on /home/airflow/.local/lib/python3.12/site-packages/airflow/example_dags/tutorial.py
[2024-10-07T21:31:13.864+0000] {processor.py:914} INFO - Processing file /home/airflow/.local/lib/python3.12/site-packages/airflow/example_dags/tutorial.py for tasks to queue
[2024-10-07T21:31:13.865+0000] {logging_mixin.py:190} INFO - [2024-10-07T21:31:13.865+0000] {dagbag.py:588} INFO - Filling up the DagBag from /home/airflow/.local/lib/python3.12/site-packages/airflow/example_dags/tutorial.py
[2024-10-07T21:31:13.870+0000] {processor.py:925} INFO - DAG(s) 'tutorial' retrieved from /home/airflow/.local/lib/python3.12/site-packages/airflow/example_dags/tutorial.py
[2024-10-07T21:31:13.880+0000] {logging_mixin.py:190} INFO - [2024-10-07T21:31:13.880+0000] {dag.py:3239} INFO - Sync 1 DAGs
[2024-10-07T21:31:13.890+0000] {logging_mixin.py:190} INFO - [2024-10-07T21:31:13.890+0000] {dag.py:4180} INFO - Setting next_dagrun for tutorial to 2024-10-06 00:00:00+00:00, run_after=2024-10-07 00:00:00+00:00
[2024-10-07T21:31:13.898+0000] {processor.py:208} INFO - Processing /home/airflow/.local/lib/python3.12/site-packages/airflow/example_dags/tutorial.py took 0.038 seconds
[2024-10-07T21:31:44.548+0000] {processor.py:186} INFO - Started process (PID=498) to work on /home/airflow/.local/lib/python3.12/site-packages/airflow/example_dags/tutorial.py
[2024-10-07T21:31:44.551+0000] {processor.py:914} INFO - Processing file /home/airflow/.local/lib/python3.12/site-packages/airflow/example_dags/tutorial.py for tasks to queue
[2024-10-07T21:31:44.553+0000] {logging_mixin.py:190} INFO - [2024-10-07T21:31:44.552+0000] {dagbag.py:588} INFO - Filling up the DagBag from /home/airflow/.local/lib/python3.12/site-packages/airflow/example_dags/tutorial.py
[2024-10-07T21:31:44.558+0000] {processor.py:925} INFO - DAG(s) 'tutorial' retrieved from /home/airflow/.local/lib/python3.12/site-packages/airflow/example_dags/tutorial.py
[2024-10-07T21:31:44.570+0000] {logging_mixin.py:190} INFO - [2024-10-07T21:31:44.570+0000] {dag.py:3239} INFO - Sync 1 DAGs
[2024-10-07T21:31:44.580+0000] {logging_mixin.py:190} INFO - [2024-10-07T21:31:44.580+0000] {dag.py:4180} INFO - Setting next_dagrun for tutorial to 2024-10-06 00:00:00+00:00, run_after=2024-10-07 00:00:00+00:00
[2024-10-07T21:31:44.589+0000] {processor.py:208} INFO - Processing /home/airflow/.local/lib/python3.12/site-packages/airflow/example_dags/tutorial.py took 0.044 seconds
[2024-10-07T21:32:15.237+0000] {processor.py:186} INFO - Started process (PID=560) to work on /home/airflow/.local/lib/python3.12/site-packages/airflow/example_dags/tutorial.py
[2024-10-07T21:32:15.239+0000] {processor.py:914} INFO - Processing file /home/airflow/.local/lib/python3.12/site-packages/airflow/example_dags/tutorial.py for tasks to queue
[2024-10-07T21:32:15.240+0000] {logging_mixin.py:190} INFO - [2024-10-07T21:32:15.240+0000] {dagbag.py:588} INFO - Filling up the DagBag from /home/airflow/.local/lib/python3.12/site-packages/airflow/example_dags/tutorial.py
[2024-10-07T21:32:15.245+0000] {processor.py:925} INFO - DAG(s) 'tutorial' retrieved from /home/airflow/.local/lib/python3.12/site-packages/airflow/example_dags/tutorial.py
[2024-10-07T21:32:15.256+0000] {logging_mixin.py:190} INFO - [2024-10-07T21:32:15.256+0000] {dag.py:3239} INFO - Sync 1 DAGs
[2024-10-07T21:32:15.267+0000] {logging_mixin.py:190} INFO - [2024-10-07T21:32:15.267+0000] {dag.py:4180} INFO - Setting next_dagrun for tutorial to 2024-10-06 00:00:00+00:00, run_after=2024-10-07 00:00:00+00:00
[2024-10-07T21:32:15.277+0000] {processor.py:208} INFO - Processing /home/airflow/.local/lib/python3.12/site-packages/airflow/example_dags/tutorial.py took 0.043 seconds
[2024-10-07T21:32:45.992+0000] {processor.py:186} INFO - Started process (PID=622) to work on /home/airflow/.local/lib/python3.12/site-packages/airflow/example_dags/tutorial.py
[2024-10-07T21:32:45.993+0000] {processor.py:914} INFO - Processing file /home/airflow/.local/lib/python3.12/site-packages/airflow/example_dags/tutorial.py for tasks to queue
[2024-10-07T21:32:45.995+0000] {logging_mixin.py:190} INFO - [2024-10-07T21:32:45.995+0000] {dagbag.py:588} INFO - Filling up the DagBag from /home/airflow/.local/lib/python3.12/site-packages/airflow/example_dags/tutorial.py
[2024-10-07T21:32:45.999+0000] {processor.py:925} INFO - DAG(s) 'tutorial' retrieved from /home/airflow/.local/lib/python3.12/site-packages/airflow/example_dags/tutorial.py
[2024-10-07T21:32:46.009+0000] {logging_mixin.py:190} INFO - [2024-10-07T21:32:46.009+0000] {dag.py:3239} INFO - Sync 1 DAGs
[2024-10-07T21:32:46.020+0000] {logging_mixin.py:190} INFO - [2024-10-07T21:32:46.020+0000] {dag.py:4180} INFO - Setting next_dagrun for tutorial to 2024-10-06 00:00:00+00:00, run_after=2024-10-07 00:00:00+00:00
[2024-10-07T21:32:46.028+0000] {processor.py:208} INFO - Processing /home/airflow/.local/lib/python3.12/site-packages/airflow/example_dags/tutorial.py took 0.039 seconds
[2024-10-07T21:33:16.476+0000] {processor.py:186} INFO - Started process (PID=684) to work on /home/airflow/.local/lib/python3.12/site-packages/airflow/example_dags/tutorial.py
[2024-10-07T21:33:16.478+0000] {processor.py:914} INFO - Processing file /home/airflow/.local/lib/python3.12/site-packages/airflow/example_dags/tutorial.py for tasks to queue
[2024-10-07T21:33:16.479+0000] {logging_mixin.py:190} INFO - [2024-10-07T21:33:16.479+0000] {dagbag.py:588} INFO - Filling up the DagBag from /home/airflow/.local/lib/python3.12/site-packages/airflow/example_dags/tutorial.py
[2024-10-07T21:33:16.484+0000] {processor.py:925} INFO - DAG(s) 'tutorial' retrieved from /home/airflow/.local/lib/python3.12/site-packages/airflow/example_dags/tutorial.py
[2024-10-07T21:33:16.495+0000] {logging_mixin.py:190} INFO - [2024-10-07T21:33:16.494+0000] {dag.py:3239} INFO - Sync 1 DAGs
[2024-10-07T21:33:16.506+0000] {logging_mixin.py:190} INFO - [2024-10-07T21:33:16.506+0000] {dag.py:4180} INFO - Setting next_dagrun for tutorial to 2024-10-06 00:00:00+00:00, run_after=2024-10-07 00:00:00+00:00
[2024-10-07T21:33:16.514+0000] {processor.py:208} INFO - Processing /home/airflow/.local/lib/python3.12/site-packages/airflow/example_dags/tutorial.py took 0.042 seconds
[2024-10-07T21:33:46.857+0000] {processor.py:186} INFO - Started process (PID=746) to work on /home/airflow/.local/lib/python3.12/site-packages/airflow/example_dags/tutorial.py
[2024-10-07T21:33:46.859+0000] {processor.py:914} INFO - Processing file /home/airflow/.local/lib/python3.12/site-packages/airflow/example_dags/tutorial.py for tasks to queue
[2024-10-07T21:33:46.860+0000] {logging_mixin.py:190} INFO - [2024-10-07T21:33:46.860+0000] {dagbag.py:588} INFO - Filling up the DagBag from /home/airflow/.local/lib/python3.12/site-packages/airflow/example_dags/tutorial.py
[2024-10-07T21:33:46.864+0000] {processor.py:925} INFO - DAG(s) 'tutorial' retrieved from /home/airflow/.local/lib/python3.12/site-packages/airflow/example_dags/tutorial.py
[2024-10-07T21:33:46.873+0000] {logging_mixin.py:190} INFO - [2024-10-07T21:33:46.873+0000] {dag.py:3239} INFO - Sync 1 DAGs
[2024-10-07T21:33:46.884+0000] {logging_mixin.py:190} INFO - [2024-10-07T21:33:46.884+0000] {dag.py:4180} INFO - Setting next_dagrun for tutorial to 2024-10-06 00:00:00+00:00, run_after=2024-10-07 00:00:00+00:00
[2024-10-07T21:33:46.892+0000] {processor.py:208} INFO - Processing /home/airflow/.local/lib/python3.12/site-packages/airflow/example_dags/tutorial.py took 0.037 seconds
[2024-10-07T21:34:17.392+0000] {processor.py:186} INFO - Started process (PID=808) to work on /home/airflow/.local/lib/python3.12/site-packages/airflow/example_dags/tutorial.py
[2024-10-07T21:34:17.393+0000] {processor.py:914} INFO - Processing file /home/airflow/.local/lib/python3.12/site-packages/airflow/example_dags/tutorial.py for tasks to queue
[2024-10-07T21:34:17.394+0000] {logging_mixin.py:190} INFO - [2024-10-07T21:34:17.394+0000] {dagbag.py:588} INFO - Filling up the DagBag from /home/airflow/.local/lib/python3.12/site-packages/airflow/example_dags/tutorial.py
[2024-10-07T21:34:17.399+0000] {processor.py:925} INFO - DAG(s) 'tutorial' retrieved from /home/airflow/.local/lib/python3.12/site-packages/airflow/example_dags/tutorial.py
[2024-10-07T21:34:17.409+0000] {logging_mixin.py:190} INFO - [2024-10-07T21:34:17.409+0000] {dag.py:3239} INFO - Sync 1 DAGs
[2024-10-07T21:34:17.420+0000] {logging_mixin.py:190} INFO - [2024-10-07T21:34:17.420+0000] {dag.py:4180} INFO - Setting next_dagrun for tutorial to 2024-10-06 00:00:00+00:00, run_after=2024-10-07 00:00:00+00:00
[2024-10-07T21:34:17.429+0000] {processor.py:208} INFO - Processing /home/airflow/.local/lib/python3.12/site-packages/airflow/example_dags/tutorial.py took 0.040 seconds
[2024-10-07T21:34:47.896+0000] {processor.py:186} INFO - Started process (PID=870) to work on /home/airflow/.local/lib/python3.12/site-packages/airflow/example_dags/tutorial.py
[2024-10-07T21:34:47.897+0000] {processor.py:914} INFO - Processing file /home/airflow/.local/lib/python3.12/site-packages/airflow/example_dags/tutorial.py for tasks to queue
[2024-10-07T21:34:47.899+0000] {logging_mixin.py:190} INFO - [2024-10-07T21:34:47.898+0000] {dagbag.py:588} INFO - Filling up the DagBag from /home/airflow/.local/lib/python3.12/site-packages/airflow/example_dags/tutorial.py
[2024-10-07T21:34:47.904+0000] {processor.py:925} INFO - DAG(s) 'tutorial' retrieved from /home/airflow/.local/lib/python3.12/site-packages/airflow/example_dags/tutorial.py
[2024-10-07T21:34:47.914+0000] {logging_mixin.py:190} INFO - [2024-10-07T21:34:47.914+0000] {dag.py:3239} INFO - Sync 1 DAGs
[2024-10-07T21:34:47.925+0000] {logging_mixin.py:190} INFO - [2024-10-07T21:34:47.925+0000] {dag.py:4180} INFO - Setting next_dagrun for tutorial to 2024-10-06 00:00:00+00:00, run_after=2024-10-07 00:00:00+00:00
[2024-10-07T21:34:47.935+0000] {processor.py:208} INFO - Processing /home/airflow/.local/lib/python3.12/site-packages/airflow/example_dags/tutorial.py took 0.043 seconds
[2024-10-07T21:35:18.282+0000] {processor.py:186} INFO - Started process (PID=932) to work on /home/airflow/.local/lib/python3.12/site-packages/airflow/example_dags/tutorial.py
[2024-10-07T21:35:18.283+0000] {processor.py:914} INFO - Processing file /home/airflow/.local/lib/python3.12/site-packages/airflow/example_dags/tutorial.py for tasks to queue
[2024-10-07T21:35:18.284+0000] {logging_mixin.py:190} INFO - [2024-10-07T21:35:18.284+0000] {dagbag.py:588} INFO - Filling up the DagBag from /home/airflow/.local/lib/python3.12/site-packages/airflow/example_dags/tutorial.py
[2024-10-07T21:35:18.288+0000] {processor.py:925} INFO - DAG(s) 'tutorial' retrieved from /home/airflow/.local/lib/python3.12/site-packages/airflow/example_dags/tutorial.py
[2024-10-07T21:35:18.297+0000] {logging_mixin.py:190} INFO - [2024-10-07T21:35:18.297+0000] {dag.py:3239} INFO - Sync 1 DAGs
[2024-10-07T21:35:18.307+0000] {logging_mixin.py:190} INFO - [2024-10-07T21:35:18.307+0000] {dag.py:4180} INFO - Setting next_dagrun for tutorial to 2024-10-06 00:00:00+00:00, run_after=2024-10-07 00:00:00+00:00
[2024-10-07T21:35:18.315+0000] {processor.py:208} INFO - Processing /home/airflow/.local/lib/python3.12/site-packages/airflow/example_dags/tutorial.py took 0.035 seconds
[2024-10-07T21:35:48.574+0000] {processor.py:186} INFO - Started process (PID=994) to work on /home/airflow/.local/lib/python3.12/site-packages/airflow/example_dags/tutorial.py
[2024-10-07T21:35:48.575+0000] {processor.py:914} INFO - Processing file /home/airflow/.local/lib/python3.12/site-packages/airflow/example_dags/tutorial.py for tasks to queue
[2024-10-07T21:35:48.577+0000] {logging_mixin.py:190} INFO - [2024-10-07T21:35:48.577+0000] {dagbag.py:588} INFO - Filling up the DagBag from /home/airflow/.local/lib/python3.12/site-packages/airflow/example_dags/tutorial.py
[2024-10-07T21:35:48.581+0000] {processor.py:925} INFO - DAG(s) 'tutorial' retrieved from /home/airflow/.local/lib/python3.12/site-packages/airflow/example_dags/tutorial.py
[2024-10-07T21:35:48.590+0000] {logging_mixin.py:190} INFO - [2024-10-07T21:35:48.590+0000] {dag.py:3239} INFO - Sync 1 DAGs
[2024-10-07T21:35:48.601+0000] {logging_mixin.py:190} INFO - [2024-10-07T21:35:48.601+0000] {dag.py:4180} INFO - Setting next_dagrun for tutorial to 2024-10-06 00:00:00+00:00, run_after=2024-10-07 00:00:00+00:00
[2024-10-07T21:35:48.609+0000] {processor.py:208} INFO - Processing /home/airflow/.local/lib/python3.12/site-packages/airflow/example_dags/tutorial.py took 0.037 seconds
[2024-10-07T21:36:18.827+0000] {processor.py:186} INFO - Started process (PID=1056) to work on /home/airflow/.local/lib/python3.12/site-packages/airflow/example_dags/tutorial.py
[2024-10-07T21:36:18.829+0000] {processor.py:914} INFO - Processing file /home/airflow/.local/lib/python3.12/site-packages/airflow/example_dags/tutorial.py for tasks to queue
[2024-10-07T21:36:18.830+0000] {logging_mixin.py:190} INFO - [2024-10-07T21:36:18.830+0000] {dagbag.py:588} INFO - Filling up the DagBag from /home/airflow/.local/lib/python3.12/site-packages/airflow/example_dags/tutorial.py
[2024-10-07T21:36:18.835+0000] {processor.py:925} INFO - DAG(s) 'tutorial' retrieved from /home/airflow/.local/lib/python3.12/site-packages/airflow/example_dags/tutorial.py
[2024-10-07T21:36:18.844+0000] {logging_mixin.py:190} INFO - [2024-10-07T21:36:18.844+0000] {dag.py:3239} INFO - Sync 1 DAGs
[2024-10-07T21:36:18.856+0000] {logging_mixin.py:190} INFO - [2024-10-07T21:36:18.856+0000] {dag.py:4180} INFO - Setting next_dagrun for tutorial to 2024-10-06 00:00:00+00:00, run_after=2024-10-07 00:00:00+00:00
[2024-10-07T21:36:18.864+0000] {processor.py:208} INFO - Processing /home/airflow/.local/lib/python3.12/site-packages/airflow/example_dags/tutorial.py took 0.043 seconds
[2024-10-07T21:36:49.050+0000] {processor.py:186} INFO - Started process (PID=1118) to work on /home/airflow/.local/lib/python3.12/site-packages/airflow/example_dags/tutorial.py
[2024-10-07T21:36:49.051+0000] {processor.py:914} INFO - Processing file /home/airflow/.local/lib/python3.12/site-packages/airflow/example_dags/tutorial.py for tasks to queue
[2024-10-07T21:36:49.052+0000] {logging_mixin.py:190} INFO - [2024-10-07T21:36:49.052+0000] {dagbag.py:588} INFO - Filling up the DagBag from /home/airflow/.local/lib/python3.12/site-packages/airflow/example_dags/tutorial.py
[2024-10-07T21:36:49.055+0000] {processor.py:925} INFO - DAG(s) 'tutorial' retrieved from /home/airflow/.local/lib/python3.12/site-packages/airflow/example_dags/tutorial.py
[2024-10-07T21:36:49.065+0000] {logging_mixin.py:190} INFO - [2024-10-07T21:36:49.065+0000] {dag.py:3239} INFO - Sync 1 DAGs
[2024-10-07T21:36:49.075+0000] {logging_mixin.py:190} INFO - [2024-10-07T21:36:49.075+0000] {dag.py:4180} INFO - Setting next_dagrun for tutorial to 2024-10-06 00:00:00+00:00, run_after=2024-10-07 00:00:00+00:00
[2024-10-07T21:36:49.082+0000] {processor.py:208} INFO - Processing /home/airflow/.local/lib/python3.12/site-packages/airflow/example_dags/tutorial.py took 0.034 seconds
[2024-10-07T21:37:19.405+0000] {processor.py:186} INFO - Started process (PID=1180) to work on /home/airflow/.local/lib/python3.12/site-packages/airflow/example_dags/tutorial.py
[2024-10-07T21:37:19.406+0000] {processor.py:914} INFO - Processing file /home/airflow/.local/lib/python3.12/site-packages/airflow/example_dags/tutorial.py for tasks to queue
[2024-10-07T21:37:19.407+0000] {logging_mixin.py:190} INFO - [2024-10-07T21:37:19.407+0000] {dagbag.py:588} INFO - Filling up the DagBag from /home/airflow/.local/lib/python3.12/site-packages/airflow/example_dags/tutorial.py
[2024-10-07T21:37:19.411+0000] {processor.py:925} INFO - DAG(s) 'tutorial' retrieved from /home/airflow/.local/lib/python3.12/site-packages/airflow/example_dags/tutorial.py
[2024-10-07T21:37:19.422+0000] {logging_mixin.py:190} INFO - [2024-10-07T21:37:19.422+0000] {dag.py:3239} INFO - Sync 1 DAGs
[2024-10-07T21:37:19.435+0000] {logging_mixin.py:190} INFO - [2024-10-07T21:37:19.435+0000] {dag.py:4180} INFO - Setting next_dagrun for tutorial to 2024-10-06 00:00:00+00:00, run_after=2024-10-07 00:00:00+00:00
[2024-10-07T21:37:19.444+0000] {processor.py:208} INFO - Processing /home/airflow/.local/lib/python3.12/site-packages/airflow/example_dags/tutorial.py took 0.042 seconds
[2024-10-07T21:37:49.684+0000] {processor.py:186} INFO - Started process (PID=1242) to work on /home/airflow/.local/lib/python3.12/site-packages/airflow/example_dags/tutorial.py
[2024-10-07T21:37:49.685+0000] {processor.py:914} INFO - Processing file /home/airflow/.local/lib/python3.12/site-packages/airflow/example_dags/tutorial.py for tasks to queue
[2024-10-07T21:37:49.686+0000] {logging_mixin.py:190} INFO - [2024-10-07T21:37:49.686+0000] {dagbag.py:588} INFO - Filling up the DagBag from /home/airflow/.local/lib/python3.12/site-packages/airflow/example_dags/tutorial.py
[2024-10-07T21:37:49.690+0000] {processor.py:925} INFO - DAG(s) 'tutorial' retrieved from /home/airflow/.local/lib/python3.12/site-packages/airflow/example_dags/tutorial.py
[2024-10-07T21:37:49.703+0000] {logging_mixin.py:190} INFO - [2024-10-07T21:37:49.702+0000] {dag.py:3239} INFO - Sync 1 DAGs
[2024-10-07T21:37:49.718+0000] {logging_mixin.py:190} INFO - [2024-10-07T21:37:49.718+0000] {dag.py:4180} INFO - Setting next_dagrun for tutorial to 2024-10-06 00:00:00+00:00, run_after=2024-10-07 00:00:00+00:00
[2024-10-07T21:37:49.729+0000] {processor.py:208} INFO - Processing /home/airflow/.local/lib/python3.12/site-packages/airflow/example_dags/tutorial.py took 0.048 seconds
[2024-10-07T21:38:20.211+0000] {processor.py:186} INFO - Started process (PID=1304) to work on /home/airflow/.local/lib/python3.12/site-packages/airflow/example_dags/tutorial.py
[2024-10-07T21:38:20.212+0000] {processor.py:914} INFO - Processing file /home/airflow/.local/lib/python3.12/site-packages/airflow/example_dags/tutorial.py for tasks to queue
[2024-10-07T21:38:20.214+0000] {logging_mixin.py:190} INFO - [2024-10-07T21:38:20.214+0000] {dagbag.py:588} INFO - Filling up the DagBag from /home/airflow/.local/lib/python3.12/site-packages/airflow/example_dags/tutorial.py
[2024-10-07T21:38:20.218+0000] {processor.py:925} INFO - DAG(s) 'tutorial' retrieved from /home/airflow/.local/lib/python3.12/site-packages/airflow/example_dags/tutorial.py
[2024-10-07T21:38:20.228+0000] {logging_mixin.py:190} INFO - [2024-10-07T21:38:20.228+0000] {dag.py:3239} INFO - Sync 1 DAGs
[2024-10-07T21:38:20.240+0000] {logging_mixin.py:190} INFO - [2024-10-07T21:38:20.240+0000] {dag.py:4180} INFO - Setting next_dagrun for tutorial to 2024-10-06 00:00:00+00:00, run_after=2024-10-07 00:00:00+00:00
[2024-10-07T21:38:20.248+0000] {processor.py:208} INFO - Processing /home/airflow/.local/lib/python3.12/site-packages/airflow/example_dags/tutorial.py took 0.041 seconds
[2024-10-07T21:38:50.664+0000] {processor.py:186} INFO - Started process (PID=1366) to work on /home/airflow/.local/lib/python3.12/site-packages/airflow/example_dags/tutorial.py
[2024-10-07T21:38:50.664+0000] {processor.py:914} INFO - Processing file /home/airflow/.local/lib/python3.12/site-packages/airflow/example_dags/tutorial.py for tasks to queue
[2024-10-07T21:38:50.666+0000] {logging_mixin.py:190} INFO - [2024-10-07T21:38:50.666+0000] {dagbag.py:588} INFO - Filling up the DagBag from /home/airflow/.local/lib/python3.12/site-packages/airflow/example_dags/tutorial.py
[2024-10-07T21:38:50.670+0000] {processor.py:925} INFO - DAG(s) 'tutorial' retrieved from /home/airflow/.local/lib/python3.12/site-packages/airflow/example_dags/tutorial.py
[2024-10-07T21:38:50.682+0000] {logging_mixin.py:190} INFO - [2024-10-07T21:38:50.682+0000] {dag.py:3239} INFO - Sync 1 DAGs
[2024-10-07T21:38:50.694+0000] {logging_mixin.py:190} INFO - [2024-10-07T21:38:50.693+0000] {dag.py:4180} INFO - Setting next_dagrun for tutorial to 2024-10-06 00:00:00+00:00, run_after=2024-10-07 00:00:00+00:00
[2024-10-07T21:38:50.705+0000] {processor.py:208} INFO - Processing /home/airflow/.local/lib/python3.12/site-packages/airflow/example_dags/tutorial.py took 0.044 seconds
[2024-10-07T21:39:21.058+0000] {processor.py:186} INFO - Started process (PID=1428) to work on /home/airflow/.local/lib/python3.12/site-packages/airflow/example_dags/tutorial.py
[2024-10-07T21:39:21.058+0000] {processor.py:914} INFO - Processing file /home/airflow/.local/lib/python3.12/site-packages/airflow/example_dags/tutorial.py for tasks to queue
[2024-10-07T21:39:21.060+0000] {logging_mixin.py:190} INFO - [2024-10-07T21:39:21.060+0000] {dagbag.py:588} INFO - Filling up the DagBag from /home/airflow/.local/lib/python3.12/site-packages/airflow/example_dags/tutorial.py
[2024-10-07T21:39:21.067+0000] {processor.py:925} INFO - DAG(s) 'tutorial' retrieved from /home/airflow/.local/lib/python3.12/site-packages/airflow/example_dags/tutorial.py
[2024-10-07T21:39:21.079+0000] {logging_mixin.py:190} INFO - [2024-10-07T21:39:21.079+0000] {dag.py:3239} INFO - Sync 1 DAGs
[2024-10-07T21:39:21.095+0000] {logging_mixin.py:190} INFO - [2024-10-07T21:39:21.094+0000] {dag.py:4180} INFO - Setting next_dagrun for tutorial to 2024-10-06 00:00:00+00:00, run_after=2024-10-07 00:00:00+00:00
[2024-10-07T21:39:21.105+0000] {processor.py:208} INFO - Processing /home/airflow/.local/lib/python3.12/site-packages/airflow/example_dags/tutorial.py took 0.051 seconds
[2024-10-07T21:39:51.546+0000] {processor.py:186} INFO - Started process (PID=1490) to work on /home/airflow/.local/lib/python3.12/site-packages/airflow/example_dags/tutorial.py
[2024-10-07T21:39:51.548+0000] {processor.py:914} INFO - Processing file /home/airflow/.local/lib/python3.12/site-packages/airflow/example_dags/tutorial.py for tasks to queue
[2024-10-07T21:39:51.550+0000] {logging_mixin.py:190} INFO - [2024-10-07T21:39:51.549+0000] {dagbag.py:588} INFO - Filling up the DagBag from /home/airflow/.local/lib/python3.12/site-packages/airflow/example_dags/tutorial.py
[2024-10-07T21:39:51.554+0000] {processor.py:925} INFO - DAG(s) 'tutorial' retrieved from /home/airflow/.local/lib/python3.12/site-packages/airflow/example_dags/tutorial.py
[2024-10-07T21:39:51.566+0000] {logging_mixin.py:190} INFO - [2024-10-07T21:39:51.566+0000] {dag.py:3239} INFO - Sync 1 DAGs
[2024-10-07T21:39:51.580+0000] {logging_mixin.py:190} INFO - [2024-10-07T21:39:51.580+0000] {dag.py:4180} INFO - Setting next_dagrun for tutorial to 2024-10-06 00:00:00+00:00, run_after=2024-10-07 00:00:00+00:00
[2024-10-07T21:39:51.592+0000] {processor.py:208} INFO - Processing /home/airflow/.local/lib/python3.12/site-packages/airflow/example_dags/tutorial.py took 0.049 seconds
[2024-10-07T21:40:22.514+0000] {processor.py:186} INFO - Started process (PID=1551) to work on /home/airflow/.local/lib/python3.12/site-packages/airflow/example_dags/tutorial.py
[2024-10-07T21:40:22.514+0000] {processor.py:914} INFO - Processing file /home/airflow/.local/lib/python3.12/site-packages/airflow/example_dags/tutorial.py for tasks to queue
[2024-10-07T21:40:22.516+0000] {logging_mixin.py:190} INFO - [2024-10-07T21:40:22.515+0000] {dagbag.py:588} INFO - Filling up the DagBag from /home/airflow/.local/lib/python3.12/site-packages/airflow/example_dags/tutorial.py
[2024-10-07T21:40:22.519+0000] {processor.py:925} INFO - DAG(s) 'tutorial' retrieved from /home/airflow/.local/lib/python3.12/site-packages/airflow/example_dags/tutorial.py
[2024-10-07T21:40:22.531+0000] {logging_mixin.py:190} INFO - [2024-10-07T21:40:22.531+0000] {dag.py:3239} INFO - Sync 1 DAGs
[2024-10-07T21:40:22.545+0000] {logging_mixin.py:190} INFO - [2024-10-07T21:40:22.544+0000] {dag.py:4180} INFO - Setting next_dagrun for tutorial to 2024-10-06 00:00:00+00:00, run_after=2024-10-07 00:00:00+00:00
[2024-10-07T21:40:22.556+0000] {processor.py:208} INFO - Processing /home/airflow/.local/lib/python3.12/site-packages/airflow/example_dags/tutorial.py took 0.046 seconds
[2024-10-07T21:40:53.267+0000] {processor.py:186} INFO - Started process (PID=1613) to work on /home/airflow/.local/lib/python3.12/site-packages/airflow/example_dags/tutorial.py
[2024-10-07T21:40:53.268+0000] {processor.py:914} INFO - Processing file /home/airflow/.local/lib/python3.12/site-packages/airflow/example_dags/tutorial.py for tasks to queue
[2024-10-07T21:40:53.269+0000] {logging_mixin.py:190} INFO - [2024-10-07T21:40:53.269+0000] {dagbag.py:588} INFO - Filling up the DagBag from /home/airflow/.local/lib/python3.12/site-packages/airflow/example_dags/tutorial.py
[2024-10-07T21:40:53.275+0000] {processor.py:925} INFO - DAG(s) 'tutorial' retrieved from /home/airflow/.local/lib/python3.12/site-packages/airflow/example_dags/tutorial.py
[2024-10-07T21:40:53.290+0000] {logging_mixin.py:190} INFO - [2024-10-07T21:40:53.289+0000] {dag.py:3239} INFO - Sync 1 DAGs
[2024-10-07T21:40:53.304+0000] {logging_mixin.py:190} INFO - [2024-10-07T21:40:53.304+0000] {dag.py:4180} INFO - Setting next_dagrun for tutorial to 2024-10-06 00:00:00+00:00, run_after=2024-10-07 00:00:00+00:00
[2024-10-07T21:40:53.317+0000] {processor.py:208} INFO - Processing /home/airflow/.local/lib/python3.12/site-packages/airflow/example_dags/tutorial.py took 0.054 seconds
[2024-10-07T21:41:23.754+0000] {processor.py:186} INFO - Started process (PID=1675) to work on /home/airflow/.local/lib/python3.12/site-packages/airflow/example_dags/tutorial.py
[2024-10-07T21:41:23.755+0000] {processor.py:914} INFO - Processing file /home/airflow/.local/lib/python3.12/site-packages/airflow/example_dags/tutorial.py for tasks to queue
[2024-10-07T21:41:23.757+0000] {logging_mixin.py:190} INFO - [2024-10-07T21:41:23.757+0000] {dagbag.py:588} INFO - Filling up the DagBag from /home/airflow/.local/lib/python3.12/site-packages/airflow/example_dags/tutorial.py
[2024-10-07T21:41:23.762+0000] {processor.py:925} INFO - DAG(s) 'tutorial' retrieved from /home/airflow/.local/lib/python3.12/site-packages/airflow/example_dags/tutorial.py
[2024-10-07T21:41:23.775+0000] {logging_mixin.py:190} INFO - [2024-10-07T21:41:23.775+0000] {dag.py:3239} INFO - Sync 1 DAGs
[2024-10-07T21:41:23.791+0000] {logging_mixin.py:190} INFO - [2024-10-07T21:41:23.791+0000] {dag.py:4180} INFO - Setting next_dagrun for tutorial to 2024-10-06 00:00:00+00:00, run_after=2024-10-07 00:00:00+00:00
[2024-10-07T21:41:23.805+0000] {processor.py:208} INFO - Processing /home/airflow/.local/lib/python3.12/site-packages/airflow/example_dags/tutorial.py took 0.055 seconds
[2024-10-07T21:41:54.554+0000] {processor.py:186} INFO - Started process (PID=1737) to work on /home/airflow/.local/lib/python3.12/site-packages/airflow/example_dags/tutorial.py
[2024-10-07T21:41:54.554+0000] {processor.py:914} INFO - Processing file /home/airflow/.local/lib/python3.12/site-packages/airflow/example_dags/tutorial.py for tasks to queue
[2024-10-07T21:41:54.557+0000] {logging_mixin.py:190} INFO - [2024-10-07T21:41:54.557+0000] {dagbag.py:588} INFO - Filling up the DagBag from /home/airflow/.local/lib/python3.12/site-packages/airflow/example_dags/tutorial.py
[2024-10-07T21:41:54.562+0000] {processor.py:925} INFO - DAG(s) 'tutorial' retrieved from /home/airflow/.local/lib/python3.12/site-packages/airflow/example_dags/tutorial.py
[2024-10-07T21:41:54.576+0000] {logging_mixin.py:190} INFO - [2024-10-07T21:41:54.576+0000] {dag.py:3239} INFO - Sync 1 DAGs
[2024-10-07T21:41:54.589+0000] {logging_mixin.py:190} INFO - [2024-10-07T21:41:54.589+0000] {dag.py:4180} INFO - Setting next_dagrun for tutorial to 2024-10-06 00:00:00+00:00, run_after=2024-10-07 00:00:00+00:00
[2024-10-07T21:41:54.598+0000] {processor.py:208} INFO - Processing /home/airflow/.local/lib/python3.12/site-packages/airflow/example_dags/tutorial.py took 0.048 seconds
[2024-10-07T21:42:25.279+0000] {processor.py:186} INFO - Started process (PID=1799) to work on /home/airflow/.local/lib/python3.12/site-packages/airflow/example_dags/tutorial.py
[2024-10-07T21:42:25.280+0000] {processor.py:914} INFO - Processing file /home/airflow/.local/lib/python3.12/site-packages/airflow/example_dags/tutorial.py for tasks to queue
[2024-10-07T21:42:25.281+0000] {logging_mixin.py:190} INFO - [2024-10-07T21:42:25.281+0000] {dagbag.py:588} INFO - Filling up the DagBag from /home/airflow/.local/lib/python3.12/site-packages/airflow/example_dags/tutorial.py
[2024-10-07T21:42:25.286+0000] {processor.py:925} INFO - DAG(s) 'tutorial' retrieved from /home/airflow/.local/lib/python3.12/site-packages/airflow/example_dags/tutorial.py
[2024-10-07T21:42:25.298+0000] {logging_mixin.py:190} INFO - [2024-10-07T21:42:25.298+0000] {dag.py:3239} INFO - Sync 1 DAGs
[2024-10-07T21:42:25.312+0000] {logging_mixin.py:190} INFO - [2024-10-07T21:42:25.312+0000] {dag.py:4180} INFO - Setting next_dagrun for tutorial to 2024-10-06 00:00:00+00:00, run_after=2024-10-07 00:00:00+00:00
[2024-10-07T21:42:25.329+0000] {processor.py:208} INFO - Processing /home/airflow/.local/lib/python3.12/site-packages/airflow/example_dags/tutorial.py took 0.054 seconds
[2024-10-07T21:42:56.068+0000] {processor.py:186} INFO - Started process (PID=1861) to work on /home/airflow/.local/lib/python3.12/site-packages/airflow/example_dags/tutorial.py
[2024-10-07T21:42:56.069+0000] {processor.py:914} INFO - Processing file /home/airflow/.local/lib/python3.12/site-packages/airflow/example_dags/tutorial.py for tasks to queue
[2024-10-07T21:42:56.071+0000] {logging_mixin.py:190} INFO - [2024-10-07T21:42:56.071+0000] {dagbag.py:588} INFO - Filling up the DagBag from /home/airflow/.local/lib/python3.12/site-packages/airflow/example_dags/tutorial.py
[2024-10-07T21:42:56.075+0000] {processor.py:925} INFO - DAG(s) 'tutorial' retrieved from /home/airflow/.local/lib/python3.12/site-packages/airflow/example_dags/tutorial.py
[2024-10-07T21:42:56.085+0000] {logging_mixin.py:190} INFO - [2024-10-07T21:42:56.084+0000] {dag.py:3239} INFO - Sync 1 DAGs
[2024-10-07T21:42:56.097+0000] {logging_mixin.py:190} INFO - [2024-10-07T21:42:56.096+0000] {dag.py:4180} INFO - Setting next_dagrun for tutorial to 2024-10-06 00:00:00+00:00, run_after=2024-10-07 00:00:00+00:00
[2024-10-07T21:42:56.107+0000] {processor.py:208} INFO - Processing /home/airflow/.local/lib/python3.12/site-packages/airflow/example_dags/tutorial.py took 0.043 seconds
[2024-10-07T21:43:27.334+0000] {processor.py:186} INFO - Started process (PID=1923) to work on /home/airflow/.local/lib/python3.12/site-packages/airflow/example_dags/tutorial.py
[2024-10-07T21:43:27.336+0000] {processor.py:914} INFO - Processing file /home/airflow/.local/lib/python3.12/site-packages/airflow/example_dags/tutorial.py for tasks to queue
[2024-10-07T21:43:27.338+0000] {logging_mixin.py:190} INFO - [2024-10-07T21:43:27.338+0000] {dagbag.py:588} INFO - Filling up the DagBag from /home/airflow/.local/lib/python3.12/site-packages/airflow/example_dags/tutorial.py
[2024-10-07T21:43:27.342+0000] {processor.py:925} INFO - DAG(s) 'tutorial' retrieved from /home/airflow/.local/lib/python3.12/site-packages/airflow/example_dags/tutorial.py
[2024-10-07T21:43:27.352+0000] {logging_mixin.py:190} INFO - [2024-10-07T21:43:27.352+0000] {dag.py:3239} INFO - Sync 1 DAGs
[2024-10-07T21:43:27.364+0000] {logging_mixin.py:190} INFO - [2024-10-07T21:43:27.364+0000] {dag.py:4180} INFO - Setting next_dagrun for tutorial to 2024-10-06 00:00:00+00:00, run_after=2024-10-07 00:00:00+00:00
[2024-10-07T21:43:27.372+0000] {processor.py:208} INFO - Processing /home/airflow/.local/lib/python3.12/site-packages/airflow/example_dags/tutorial.py took 0.041 seconds
[2024-10-07T21:43:58.327+0000] {processor.py:186} INFO - Started process (PID=1985) to work on /home/airflow/.local/lib/python3.12/site-packages/airflow/example_dags/tutorial.py
[2024-10-07T21:43:58.327+0000] {processor.py:914} INFO - Processing file /home/airflow/.local/lib/python3.12/site-packages/airflow/example_dags/tutorial.py for tasks to queue
[2024-10-07T21:43:58.329+0000] {logging_mixin.py:190} INFO - [2024-10-07T21:43:58.329+0000] {dagbag.py:588} INFO - Filling up the DagBag from /home/airflow/.local/lib/python3.12/site-packages/airflow/example_dags/tutorial.py
[2024-10-07T21:43:58.333+0000] {processor.py:925} INFO - DAG(s) 'tutorial' retrieved from /home/airflow/.local/lib/python3.12/site-packages/airflow/example_dags/tutorial.py
[2024-10-07T21:43:58.343+0000] {logging_mixin.py:190} INFO - [2024-10-07T21:43:58.343+0000] {dag.py:3239} INFO - Sync 1 DAGs
[2024-10-07T21:43:58.355+0000] {logging_mixin.py:190} INFO - [2024-10-07T21:43:58.355+0000] {dag.py:4180} INFO - Setting next_dagrun for tutorial to 2024-10-06 00:00:00+00:00, run_after=2024-10-07 00:00:00+00:00
[2024-10-07T21:43:58.363+0000] {processor.py:208} INFO - Processing /home/airflow/.local/lib/python3.12/site-packages/airflow/example_dags/tutorial.py took 0.040 seconds
[2024-10-07T21:44:29.564+0000] {processor.py:186} INFO - Started process (PID=2047) to work on /home/airflow/.local/lib/python3.12/site-packages/airflow/example_dags/tutorial.py
[2024-10-07T21:44:29.565+0000] {processor.py:914} INFO - Processing file /home/airflow/.local/lib/python3.12/site-packages/airflow/example_dags/tutorial.py for tasks to queue
[2024-10-07T21:44:29.566+0000] {logging_mixin.py:190} INFO - [2024-10-07T21:44:29.566+0000] {dagbag.py:588} INFO - Filling up the DagBag from /home/airflow/.local/lib/python3.12/site-packages/airflow/example_dags/tutorial.py
[2024-10-07T21:44:29.570+0000] {processor.py:925} INFO - DAG(s) 'tutorial' retrieved from /home/airflow/.local/lib/python3.12/site-packages/airflow/example_dags/tutorial.py
[2024-10-07T21:44:29.581+0000] {logging_mixin.py:190} INFO - [2024-10-07T21:44:29.580+0000] {dag.py:3239} INFO - Sync 1 DAGs
[2024-10-07T21:44:29.594+0000] {logging_mixin.py:190} INFO - [2024-10-07T21:44:29.594+0000] {dag.py:4180} INFO - Setting next_dagrun for tutorial to 2024-10-06 00:00:00+00:00, run_after=2024-10-07 00:00:00+00:00
[2024-10-07T21:44:29.602+0000] {processor.py:208} INFO - Processing /home/airflow/.local/lib/python3.12/site-packages/airflow/example_dags/tutorial.py took 0.041 seconds
[2024-10-07T21:45:00.335+0000] {processor.py:186} INFO - Started process (PID=2109) to work on /home/airflow/.local/lib/python3.12/site-packages/airflow/example_dags/tutorial.py
[2024-10-07T21:45:00.336+0000] {processor.py:914} INFO - Processing file /home/airflow/.local/lib/python3.12/site-packages/airflow/example_dags/tutorial.py for tasks to queue
[2024-10-07T21:45:00.337+0000] {logging_mixin.py:190} INFO - [2024-10-07T21:45:00.337+0000] {dagbag.py:588} INFO - Filling up the DagBag from /home/airflow/.local/lib/python3.12/site-packages/airflow/example_dags/tutorial.py
[2024-10-07T21:45:00.342+0000] {processor.py:925} INFO - DAG(s) 'tutorial' retrieved from /home/airflow/.local/lib/python3.12/site-packages/airflow/example_dags/tutorial.py
[2024-10-07T21:45:00.354+0000] {logging_mixin.py:190} INFO - [2024-10-07T21:45:00.353+0000] {dag.py:3239} INFO - Sync 1 DAGs
[2024-10-07T21:45:00.371+0000] {logging_mixin.py:190} INFO - [2024-10-07T21:45:00.370+0000] {dag.py:4180} INFO - Setting next_dagrun for tutorial to 2024-10-06 00:00:00+00:00, run_after=2024-10-07 00:00:00+00:00
[2024-10-07T21:45:00.381+0000] {processor.py:208} INFO - Processing /home/airflow/.local/lib/python3.12/site-packages/airflow/example_dags/tutorial.py took 0.049 seconds
[2024-10-07T21:45:31.481+0000] {processor.py:186} INFO - Started process (PID=2171) to work on /home/airflow/.local/lib/python3.12/site-packages/airflow/example_dags/tutorial.py
[2024-10-07T21:45:31.482+0000] {processor.py:914} INFO - Processing file /home/airflow/.local/lib/python3.12/site-packages/airflow/example_dags/tutorial.py for tasks to queue
[2024-10-07T21:45:31.484+0000] {logging_mixin.py:190} INFO - [2024-10-07T21:45:31.483+0000] {dagbag.py:588} INFO - Filling up the DagBag from /home/airflow/.local/lib/python3.12/site-packages/airflow/example_dags/tutorial.py
[2024-10-07T21:45:31.488+0000] {processor.py:925} INFO - DAG(s) 'tutorial' retrieved from /home/airflow/.local/lib/python3.12/site-packages/airflow/example_dags/tutorial.py
[2024-10-07T21:45:31.501+0000] {logging_mixin.py:190} INFO - [2024-10-07T21:45:31.501+0000] {dag.py:3239} INFO - Sync 1 DAGs
[2024-10-07T21:45:31.513+0000] {logging_mixin.py:190} INFO - [2024-10-07T21:45:31.513+0000] {dag.py:4180} INFO - Setting next_dagrun for tutorial to 2024-10-06 00:00:00+00:00, run_after=2024-10-07 00:00:00+00:00
[2024-10-07T21:45:31.522+0000] {processor.py:208} INFO - Processing /home/airflow/.local/lib/python3.12/site-packages/airflow/example_dags/tutorial.py took 0.044 seconds
[2024-10-07T21:46:02.767+0000] {processor.py:186} INFO - Started process (PID=2233) to work on /home/airflow/.local/lib/python3.12/site-packages/airflow/example_dags/tutorial.py
[2024-10-07T21:46:02.768+0000] {processor.py:914} INFO - Processing file /home/airflow/.local/lib/python3.12/site-packages/airflow/example_dags/tutorial.py for tasks to queue
[2024-10-07T21:46:02.769+0000] {logging_mixin.py:190} INFO - [2024-10-07T21:46:02.769+0000] {dagbag.py:588} INFO - Filling up the DagBag from /home/airflow/.local/lib/python3.12/site-packages/airflow/example_dags/tutorial.py
[2024-10-07T21:46:02.773+0000] {processor.py:925} INFO - DAG(s) 'tutorial' retrieved from /home/airflow/.local/lib/python3.12/site-packages/airflow/example_dags/tutorial.py
[2024-10-07T21:46:02.784+0000] {logging_mixin.py:190} INFO - [2024-10-07T21:46:02.784+0000] {dag.py:3239} INFO - Sync 1 DAGs
[2024-10-07T21:46:02.796+0000] {logging_mixin.py:190} INFO - [2024-10-07T21:46:02.796+0000] {dag.py:4180} INFO - Setting next_dagrun for tutorial to 2024-10-06 00:00:00+00:00, run_after=2024-10-07 00:00:00+00:00
[2024-10-07T21:46:02.804+0000] {processor.py:208} INFO - Processing /home/airflow/.local/lib/python3.12/site-packages/airflow/example_dags/tutorial.py took 0.041 seconds
[2024-10-07T21:46:33.635+0000] {processor.py:186} INFO - Started process (PID=2295) to work on /home/airflow/.local/lib/python3.12/site-packages/airflow/example_dags/tutorial.py
[2024-10-07T21:46:33.636+0000] {processor.py:914} INFO - Processing file /home/airflow/.local/lib/python3.12/site-packages/airflow/example_dags/tutorial.py for tasks to queue
[2024-10-07T21:46:33.637+0000] {logging_mixin.py:190} INFO - [2024-10-07T21:46:33.637+0000] {dagbag.py:588} INFO - Filling up the DagBag from /home/airflow/.local/lib/python3.12/site-packages/airflow/example_dags/tutorial.py
[2024-10-07T21:46:33.641+0000] {processor.py:925} INFO - DAG(s) 'tutorial' retrieved from /home/airflow/.local/lib/python3.12/site-packages/airflow/example_dags/tutorial.py
[2024-10-07T21:46:33.652+0000] {logging_mixin.py:190} INFO - [2024-10-07T21:46:33.651+0000] {dag.py:3239} INFO - Sync 1 DAGs
[2024-10-07T21:46:33.665+0000] {logging_mixin.py:190} INFO - [2024-10-07T21:46:33.665+0000] {dag.py:4180} INFO - Setting next_dagrun for tutorial to 2024-10-06 00:00:00+00:00, run_after=2024-10-07 00:00:00+00:00
[2024-10-07T21:46:33.682+0000] {processor.py:208} INFO - Processing /home/airflow/.local/lib/python3.12/site-packages/airflow/example_dags/tutorial.py took 0.051 seconds
[2024-10-07T21:47:04.340+0000] {processor.py:186} INFO - Started process (PID=2357) to work on /home/airflow/.local/lib/python3.12/site-packages/airflow/example_dags/tutorial.py
[2024-10-07T21:47:04.341+0000] {processor.py:914} INFO - Processing file /home/airflow/.local/lib/python3.12/site-packages/airflow/example_dags/tutorial.py for tasks to queue
[2024-10-07T21:47:04.343+0000] {logging_mixin.py:190} INFO - [2024-10-07T21:47:04.343+0000] {dagbag.py:588} INFO - Filling up the DagBag from /home/airflow/.local/lib/python3.12/site-packages/airflow/example_dags/tutorial.py
[2024-10-07T21:47:04.347+0000] {processor.py:925} INFO - DAG(s) 'tutorial' retrieved from /home/airflow/.local/lib/python3.12/site-packages/airflow/example_dags/tutorial.py
[2024-10-07T21:47:04.357+0000] {logging_mixin.py:190} INFO - [2024-10-07T21:47:04.357+0000] {dag.py:3239} INFO - Sync 1 DAGs
[2024-10-07T21:47:04.369+0000] {logging_mixin.py:190} INFO - [2024-10-07T21:47:04.369+0000] {dag.py:4180} INFO - Setting next_dagrun for tutorial to 2024-10-06 00:00:00+00:00, run_after=2024-10-07 00:00:00+00:00
[2024-10-07T21:47:04.377+0000] {processor.py:208} INFO - Processing /home/airflow/.local/lib/python3.12/site-packages/airflow/example_dags/tutorial.py took 0.040 seconds
[2024-10-07T21:47:35.824+0000] {processor.py:186} INFO - Started process (PID=2419) to work on /home/airflow/.local/lib/python3.12/site-packages/airflow/example_dags/tutorial.py
[2024-10-07T21:47:35.825+0000] {processor.py:914} INFO - Processing file /home/airflow/.local/lib/python3.12/site-packages/airflow/example_dags/tutorial.py for tasks to queue
[2024-10-07T21:47:35.827+0000] {logging_mixin.py:190} INFO - [2024-10-07T21:47:35.826+0000] {dagbag.py:588} INFO - Filling up the DagBag from /home/airflow/.local/lib/python3.12/site-packages/airflow/example_dags/tutorial.py
[2024-10-07T21:47:35.831+0000] {processor.py:925} INFO - DAG(s) 'tutorial' retrieved from /home/airflow/.local/lib/python3.12/site-packages/airflow/example_dags/tutorial.py
[2024-10-07T21:47:35.842+0000] {logging_mixin.py:190} INFO - [2024-10-07T21:47:35.842+0000] {dag.py:3239} INFO - Sync 1 DAGs
[2024-10-07T21:47:35.855+0000] {logging_mixin.py:190} INFO - [2024-10-07T21:47:35.855+0000] {dag.py:4180} INFO - Setting next_dagrun for tutorial to 2024-10-06 00:00:00+00:00, run_after=2024-10-07 00:00:00+00:00
[2024-10-07T21:47:35.863+0000] {processor.py:208} INFO - Processing /home/airflow/.local/lib/python3.12/site-packages/airflow/example_dags/tutorial.py took 0.043 seconds
[2024-10-07T21:48:07.094+0000] {processor.py:186} INFO - Started process (PID=2481) to work on /home/airflow/.local/lib/python3.12/site-packages/airflow/example_dags/tutorial.py
[2024-10-07T21:48:07.095+0000] {processor.py:914} INFO - Processing file /home/airflow/.local/lib/python3.12/site-packages/airflow/example_dags/tutorial.py for tasks to queue
[2024-10-07T21:48:07.097+0000] {logging_mixin.py:190} INFO - [2024-10-07T21:48:07.096+0000] {dagbag.py:588} INFO - Filling up the DagBag from /home/airflow/.local/lib/python3.12/site-packages/airflow/example_dags/tutorial.py
[2024-10-07T21:48:07.101+0000] {processor.py:925} INFO - DAG(s) 'tutorial' retrieved from /home/airflow/.local/lib/python3.12/site-packages/airflow/example_dags/tutorial.py
[2024-10-07T21:48:07.112+0000] {logging_mixin.py:190} INFO - [2024-10-07T21:48:07.112+0000] {dag.py:3239} INFO - Sync 1 DAGs
[2024-10-07T21:48:07.127+0000] {logging_mixin.py:190} INFO - [2024-10-07T21:48:07.127+0000] {dag.py:4180} INFO - Setting next_dagrun for tutorial to 2024-10-06 00:00:00+00:00, run_after=2024-10-07 00:00:00+00:00
[2024-10-07T21:48:07.138+0000] {processor.py:208} INFO - Processing /home/airflow/.local/lib/python3.12/site-packages/airflow/example_dags/tutorial.py took 0.047 seconds
[2024-10-07T21:48:38.219+0000] {processor.py:186} INFO - Started process (PID=2543) to work on /home/airflow/.local/lib/python3.12/site-packages/airflow/example_dags/tutorial.py
[2024-10-07T21:48:38.221+0000] {processor.py:914} INFO - Processing file /home/airflow/.local/lib/python3.12/site-packages/airflow/example_dags/tutorial.py for tasks to queue
[2024-10-07T21:48:38.222+0000] {logging_mixin.py:190} INFO - [2024-10-07T21:48:38.222+0000] {dagbag.py:588} INFO - Filling up the DagBag from /home/airflow/.local/lib/python3.12/site-packages/airflow/example_dags/tutorial.py
[2024-10-07T21:48:38.226+0000] {processor.py:925} INFO - DAG(s) 'tutorial' retrieved from /home/airflow/.local/lib/python3.12/site-packages/airflow/example_dags/tutorial.py
[2024-10-07T21:48:38.237+0000] {logging_mixin.py:190} INFO - [2024-10-07T21:48:38.236+0000] {dag.py:3239} INFO - Sync 1 DAGs
[2024-10-07T21:48:38.250+0000] {logging_mixin.py:190} INFO - [2024-10-07T21:48:38.250+0000] {dag.py:4180} INFO - Setting next_dagrun for tutorial to 2024-10-06 00:00:00+00:00, run_after=2024-10-07 00:00:00+00:00
[2024-10-07T21:48:38.260+0000] {processor.py:208} INFO - Processing /home/airflow/.local/lib/python3.12/site-packages/airflow/example_dags/tutorial.py took 0.045 seconds
[2024-10-07T21:49:09.060+0000] {processor.py:186} INFO - Started process (PID=2605) to work on /home/airflow/.local/lib/python3.12/site-packages/airflow/example_dags/tutorial.py
[2024-10-07T21:49:09.064+0000] {processor.py:914} INFO - Processing file /home/airflow/.local/lib/python3.12/site-packages/airflow/example_dags/tutorial.py for tasks to queue
[2024-10-07T21:49:09.065+0000] {logging_mixin.py:190} INFO - [2024-10-07T21:49:09.065+0000] {dagbag.py:588} INFO - Filling up the DagBag from /home/airflow/.local/lib/python3.12/site-packages/airflow/example_dags/tutorial.py
[2024-10-07T21:49:09.069+0000] {processor.py:925} INFO - DAG(s) 'tutorial' retrieved from /home/airflow/.local/lib/python3.12/site-packages/airflow/example_dags/tutorial.py
[2024-10-07T21:49:09.079+0000] {logging_mixin.py:190} INFO - [2024-10-07T21:49:09.079+0000] {dag.py:3239} INFO - Sync 1 DAGs
[2024-10-07T21:49:09.090+0000] {logging_mixin.py:190} INFO - [2024-10-07T21:49:09.090+0000] {dag.py:4180} INFO - Setting next_dagrun for tutorial to 2024-10-06 00:00:00+00:00, run_after=2024-10-07 00:00:00+00:00
[2024-10-07T21:49:09.100+0000] {processor.py:208} INFO - Processing /home/airflow/.local/lib/python3.12/site-packages/airflow/example_dags/tutorial.py took 0.044 seconds
[2024-10-07T21:49:39.750+0000] {processor.py:186} INFO - Started process (PID=2667) to work on /home/airflow/.local/lib/python3.12/site-packages/airflow/example_dags/tutorial.py
[2024-10-07T21:49:39.751+0000] {processor.py:914} INFO - Processing file /home/airflow/.local/lib/python3.12/site-packages/airflow/example_dags/tutorial.py for tasks to queue
[2024-10-07T21:49:39.753+0000] {logging_mixin.py:190} INFO - [2024-10-07T21:49:39.753+0000] {dagbag.py:588} INFO - Filling up the DagBag from /home/airflow/.local/lib/python3.12/site-packages/airflow/example_dags/tutorial.py
[2024-10-07T21:49:39.759+0000] {processor.py:925} INFO - DAG(s) 'tutorial' retrieved from /home/airflow/.local/lib/python3.12/site-packages/airflow/example_dags/tutorial.py
[2024-10-07T21:49:39.774+0000] {logging_mixin.py:190} INFO - [2024-10-07T21:49:39.774+0000] {dag.py:3239} INFO - Sync 1 DAGs
[2024-10-07T21:49:39.787+0000] {logging_mixin.py:190} INFO - [2024-10-07T21:49:39.786+0000] {dag.py:4180} INFO - Setting next_dagrun for tutorial to 2024-10-06 00:00:00+00:00, run_after=2024-10-07 00:00:00+00:00
[2024-10-07T21:49:39.796+0000] {processor.py:208} INFO - Processing /home/airflow/.local/lib/python3.12/site-packages/airflow/example_dags/tutorial.py took 0.051 seconds
[2024-10-07T21:50:10.768+0000] {processor.py:186} INFO - Started process (PID=2729) to work on /home/airflow/.local/lib/python3.12/site-packages/airflow/example_dags/tutorial.py
[2024-10-07T21:50:10.769+0000] {processor.py:914} INFO - Processing file /home/airflow/.local/lib/python3.12/site-packages/airflow/example_dags/tutorial.py for tasks to queue
[2024-10-07T21:50:10.771+0000] {logging_mixin.py:190} INFO - [2024-10-07T21:50:10.771+0000] {dagbag.py:588} INFO - Filling up the DagBag from /home/airflow/.local/lib/python3.12/site-packages/airflow/example_dags/tutorial.py
[2024-10-07T21:50:10.777+0000] {processor.py:925} INFO - DAG(s) 'tutorial' retrieved from /home/airflow/.local/lib/python3.12/site-packages/airflow/example_dags/tutorial.py
[2024-10-07T21:50:10.806+0000] {logging_mixin.py:190} INFO - [2024-10-07T21:50:10.806+0000] {dag.py:3239} INFO - Sync 1 DAGs
[2024-10-07T21:50:10.967+0000] {logging_mixin.py:190} INFO - [2024-10-07T21:50:10.967+0000] {dag.py:4180} INFO - Setting next_dagrun for tutorial to 2024-10-06 00:00:00+00:00, run_after=2024-10-07 00:00:00+00:00
[2024-10-07T21:50:10.979+0000] {processor.py:208} INFO - Processing /home/airflow/.local/lib/python3.12/site-packages/airflow/example_dags/tutorial.py took 0.215 seconds
[2024-10-07T21:50:42.019+0000] {processor.py:186} INFO - Started process (PID=2791) to work on /home/airflow/.local/lib/python3.12/site-packages/airflow/example_dags/tutorial.py
[2024-10-07T21:50:42.020+0000] {processor.py:914} INFO - Processing file /home/airflow/.local/lib/python3.12/site-packages/airflow/example_dags/tutorial.py for tasks to queue
[2024-10-07T21:50:42.021+0000] {logging_mixin.py:190} INFO - [2024-10-07T21:50:42.021+0000] {dagbag.py:588} INFO - Filling up the DagBag from /home/airflow/.local/lib/python3.12/site-packages/airflow/example_dags/tutorial.py
[2024-10-07T21:50:42.025+0000] {processor.py:925} INFO - DAG(s) 'tutorial' retrieved from /home/airflow/.local/lib/python3.12/site-packages/airflow/example_dags/tutorial.py
[2024-10-07T21:50:42.036+0000] {logging_mixin.py:190} INFO - [2024-10-07T21:50:42.036+0000] {dag.py:3239} INFO - Sync 1 DAGs
[2024-10-07T21:50:42.155+0000] {logging_mixin.py:190} INFO - [2024-10-07T21:50:42.155+0000] {dag.py:4180} INFO - Setting next_dagrun for tutorial to 2024-10-06 00:00:00+00:00, run_after=2024-10-07 00:00:00+00:00
[2024-10-07T21:50:42.166+0000] {processor.py:208} INFO - Processing /home/airflow/.local/lib/python3.12/site-packages/airflow/example_dags/tutorial.py took 0.150 seconds
[2024-10-07T21:51:12.537+0000] {processor.py:186} INFO - Started process (PID=2853) to work on /home/airflow/.local/lib/python3.12/site-packages/airflow/example_dags/tutorial.py
[2024-10-07T21:51:12.538+0000] {processor.py:914} INFO - Processing file /home/airflow/.local/lib/python3.12/site-packages/airflow/example_dags/tutorial.py for tasks to queue
[2024-10-07T21:51:12.539+0000] {logging_mixin.py:190} INFO - [2024-10-07T21:51:12.539+0000] {dagbag.py:588} INFO - Filling up the DagBag from /home/airflow/.local/lib/python3.12/site-packages/airflow/example_dags/tutorial.py
[2024-10-07T21:51:12.544+0000] {processor.py:925} INFO - DAG(s) 'tutorial' retrieved from /home/airflow/.local/lib/python3.12/site-packages/airflow/example_dags/tutorial.py
[2024-10-07T21:51:12.557+0000] {logging_mixin.py:190} INFO - [2024-10-07T21:51:12.557+0000] {dag.py:3239} INFO - Sync 1 DAGs
[2024-10-07T21:51:12.701+0000] {logging_mixin.py:190} INFO - [2024-10-07T21:51:12.701+0000] {dag.py:4180} INFO - Setting next_dagrun for tutorial to 2024-10-06 00:00:00+00:00, run_after=2024-10-07 00:00:00+00:00
[2024-10-07T21:51:12.710+0000] {processor.py:208} INFO - Processing /home/airflow/.local/lib/python3.12/site-packages/airflow/example_dags/tutorial.py took 0.179 seconds
[2024-10-07T21:51:43.506+0000] {processor.py:186} INFO - Started process (PID=2915) to work on /home/airflow/.local/lib/python3.12/site-packages/airflow/example_dags/tutorial.py
[2024-10-07T21:51:43.507+0000] {processor.py:914} INFO - Processing file /home/airflow/.local/lib/python3.12/site-packages/airflow/example_dags/tutorial.py for tasks to queue
[2024-10-07T21:51:43.508+0000] {logging_mixin.py:190} INFO - [2024-10-07T21:51:43.508+0000] {dagbag.py:588} INFO - Filling up the DagBag from /home/airflow/.local/lib/python3.12/site-packages/airflow/example_dags/tutorial.py
[2024-10-07T21:51:43.513+0000] {processor.py:925} INFO - DAG(s) 'tutorial' retrieved from /home/airflow/.local/lib/python3.12/site-packages/airflow/example_dags/tutorial.py
[2024-10-07T21:51:43.524+0000] {logging_mixin.py:190} INFO - [2024-10-07T21:51:43.523+0000] {dag.py:3239} INFO - Sync 1 DAGs
[2024-10-07T21:51:43.535+0000] {logging_mixin.py:190} INFO - [2024-10-07T21:51:43.535+0000] {dag.py:4180} INFO - Setting next_dagrun for tutorial to 2024-10-06 00:00:00+00:00, run_after=2024-10-07 00:00:00+00:00
[2024-10-07T21:51:43.655+0000] {processor.py:208} INFO - Processing /home/airflow/.local/lib/python3.12/site-packages/airflow/example_dags/tutorial.py took 0.153 seconds
[2024-10-07T21:52:14.534+0000] {processor.py:186} INFO - Started process (PID=2983) to work on /home/airflow/.local/lib/python3.12/site-packages/airflow/example_dags/tutorial.py
[2024-10-07T21:52:14.538+0000] {processor.py:914} INFO - Processing file /home/airflow/.local/lib/python3.12/site-packages/airflow/example_dags/tutorial.py for tasks to queue
[2024-10-07T21:52:14.539+0000] {logging_mixin.py:190} INFO - [2024-10-07T21:52:14.539+0000] {dagbag.py:588} INFO - Filling up the DagBag from /home/airflow/.local/lib/python3.12/site-packages/airflow/example_dags/tutorial.py
[2024-10-07T21:52:14.544+0000] {processor.py:925} INFO - DAG(s) 'tutorial' retrieved from /home/airflow/.local/lib/python3.12/site-packages/airflow/example_dags/tutorial.py
[2024-10-07T21:52:14.554+0000] {logging_mixin.py:190} INFO - [2024-10-07T21:52:14.554+0000] {dag.py:3239} INFO - Sync 1 DAGs
[2024-10-07T21:52:14.568+0000] {logging_mixin.py:190} INFO - [2024-10-07T21:52:14.568+0000] {dag.py:4180} INFO - Setting next_dagrun for tutorial to 2024-10-06 00:00:00+00:00, run_after=2024-10-07 00:00:00+00:00
[2024-10-07T21:52:14.579+0000] {processor.py:208} INFO - Processing /home/airflow/.local/lib/python3.12/site-packages/airflow/example_dags/tutorial.py took 0.049 seconds
[2024-10-07T21:52:45.020+0000] {processor.py:186} INFO - Started process (PID=3045) to work on /home/airflow/.local/lib/python3.12/site-packages/airflow/example_dags/tutorial.py
[2024-10-07T21:52:45.021+0000] {processor.py:914} INFO - Processing file /home/airflow/.local/lib/python3.12/site-packages/airflow/example_dags/tutorial.py for tasks to queue
[2024-10-07T21:52:45.023+0000] {logging_mixin.py:190} INFO - [2024-10-07T21:52:45.023+0000] {dagbag.py:588} INFO - Filling up the DagBag from /home/airflow/.local/lib/python3.12/site-packages/airflow/example_dags/tutorial.py
[2024-10-07T21:52:45.027+0000] {processor.py:925} INFO - DAG(s) 'tutorial' retrieved from /home/airflow/.local/lib/python3.12/site-packages/airflow/example_dags/tutorial.py
[2024-10-07T21:52:45.038+0000] {logging_mixin.py:190} INFO - [2024-10-07T21:52:45.038+0000] {dag.py:3239} INFO - Sync 1 DAGs
[2024-10-07T21:52:45.050+0000] {logging_mixin.py:190} INFO - [2024-10-07T21:52:45.049+0000] {dag.py:4180} INFO - Setting next_dagrun for tutorial to 2024-10-06 00:00:00+00:00, run_after=2024-10-07 00:00:00+00:00
[2024-10-07T21:52:45.059+0000] {processor.py:208} INFO - Processing /home/airflow/.local/lib/python3.12/site-packages/airflow/example_dags/tutorial.py took 0.043 seconds
[2024-10-07T21:53:15.670+0000] {processor.py:186} INFO - Started process (PID=3107) to work on /home/airflow/.local/lib/python3.12/site-packages/airflow/example_dags/tutorial.py
[2024-10-07T21:53:15.671+0000] {processor.py:914} INFO - Processing file /home/airflow/.local/lib/python3.12/site-packages/airflow/example_dags/tutorial.py for tasks to queue
[2024-10-07T21:53:15.673+0000] {logging_mixin.py:190} INFO - [2024-10-07T21:53:15.672+0000] {dagbag.py:588} INFO - Filling up the DagBag from /home/airflow/.local/lib/python3.12/site-packages/airflow/example_dags/tutorial.py
[2024-10-07T21:53:15.677+0000] {processor.py:925} INFO - DAG(s) 'tutorial' retrieved from /home/airflow/.local/lib/python3.12/site-packages/airflow/example_dags/tutorial.py
[2024-10-07T21:53:15.688+0000] {logging_mixin.py:190} INFO - [2024-10-07T21:53:15.688+0000] {dag.py:3239} INFO - Sync 1 DAGs
[2024-10-07T21:53:15.701+0000] {logging_mixin.py:190} INFO - [2024-10-07T21:53:15.701+0000] {dag.py:4180} INFO - Setting next_dagrun for tutorial to 2024-10-06 00:00:00+00:00, run_after=2024-10-07 00:00:00+00:00
[2024-10-07T21:53:15.714+0000] {processor.py:208} INFO - Processing /home/airflow/.local/lib/python3.12/site-packages/airflow/example_dags/tutorial.py took 0.048 seconds
[2024-10-07T21:53:46.098+0000] {processor.py:186} INFO - Started process (PID=3169) to work on /home/airflow/.local/lib/python3.12/site-packages/airflow/example_dags/tutorial.py
[2024-10-07T21:53:46.099+0000] {processor.py:914} INFO - Processing file /home/airflow/.local/lib/python3.12/site-packages/airflow/example_dags/tutorial.py for tasks to queue
[2024-10-07T21:53:46.100+0000] {logging_mixin.py:190} INFO - [2024-10-07T21:53:46.100+0000] {dagbag.py:588} INFO - Filling up the DagBag from /home/airflow/.local/lib/python3.12/site-packages/airflow/example_dags/tutorial.py
[2024-10-07T21:53:46.106+0000] {processor.py:925} INFO - DAG(s) 'tutorial' retrieved from /home/airflow/.local/lib/python3.12/site-packages/airflow/example_dags/tutorial.py
[2024-10-07T21:53:46.116+0000] {logging_mixin.py:190} INFO - [2024-10-07T21:53:46.116+0000] {dag.py:3239} INFO - Sync 1 DAGs
[2024-10-07T21:53:46.129+0000] {logging_mixin.py:190} INFO - [2024-10-07T21:53:46.129+0000] {dag.py:4180} INFO - Setting next_dagrun for tutorial to 2024-10-06 00:00:00+00:00, run_after=2024-10-07 00:00:00+00:00
[2024-10-07T21:53:46.138+0000] {processor.py:208} INFO - Processing /home/airflow/.local/lib/python3.12/site-packages/airflow/example_dags/tutorial.py took 0.043 seconds
[2024-10-07T21:54:16.550+0000] {processor.py:186} INFO - Started process (PID=3231) to work on /home/airflow/.local/lib/python3.12/site-packages/airflow/example_dags/tutorial.py
[2024-10-07T21:54:16.553+0000] {processor.py:914} INFO - Processing file /home/airflow/.local/lib/python3.12/site-packages/airflow/example_dags/tutorial.py for tasks to queue
[2024-10-07T21:54:16.556+0000] {logging_mixin.py:190} INFO - [2024-10-07T21:54:16.555+0000] {dagbag.py:588} INFO - Filling up the DagBag from /home/airflow/.local/lib/python3.12/site-packages/airflow/example_dags/tutorial.py
[2024-10-07T21:54:16.563+0000] {processor.py:925} INFO - DAG(s) 'tutorial' retrieved from /home/airflow/.local/lib/python3.12/site-packages/airflow/example_dags/tutorial.py
[2024-10-07T21:54:16.575+0000] {logging_mixin.py:190} INFO - [2024-10-07T21:54:16.575+0000] {dag.py:3239} INFO - Sync 1 DAGs
[2024-10-07T21:54:16.590+0000] {logging_mixin.py:190} INFO - [2024-10-07T21:54:16.590+0000] {dag.py:4180} INFO - Setting next_dagrun for tutorial to 2024-10-06 00:00:00+00:00, run_after=2024-10-07 00:00:00+00:00
[2024-10-07T21:54:16.603+0000] {processor.py:208} INFO - Processing /home/airflow/.local/lib/python3.12/site-packages/airflow/example_dags/tutorial.py took 0.058 seconds
[2024-10-07T21:54:47.000+0000] {processor.py:186} INFO - Started process (PID=3293) to work on /home/airflow/.local/lib/python3.12/site-packages/airflow/example_dags/tutorial.py
[2024-10-07T21:54:47.001+0000] {processor.py:914} INFO - Processing file /home/airflow/.local/lib/python3.12/site-packages/airflow/example_dags/tutorial.py for tasks to queue
[2024-10-07T21:54:47.002+0000] {logging_mixin.py:190} INFO - [2024-10-07T21:54:47.002+0000] {dagbag.py:588} INFO - Filling up the DagBag from /home/airflow/.local/lib/python3.12/site-packages/airflow/example_dags/tutorial.py
[2024-10-07T21:54:47.007+0000] {processor.py:925} INFO - DAG(s) 'tutorial' retrieved from /home/airflow/.local/lib/python3.12/site-packages/airflow/example_dags/tutorial.py
[2024-10-07T21:54:47.017+0000] {logging_mixin.py:190} INFO - [2024-10-07T21:54:47.017+0000] {dag.py:3239} INFO - Sync 1 DAGs
[2024-10-07T21:54:47.031+0000] {logging_mixin.py:190} INFO - [2024-10-07T21:54:47.030+0000] {dag.py:4180} INFO - Setting next_dagrun for tutorial to 2024-10-06 00:00:00+00:00, run_after=2024-10-07 00:00:00+00:00
[2024-10-07T21:54:47.043+0000] {processor.py:208} INFO - Processing /home/airflow/.local/lib/python3.12/site-packages/airflow/example_dags/tutorial.py took 0.046 seconds
[2024-10-07T21:55:17.314+0000] {processor.py:186} INFO - Started process (PID=3355) to work on /home/airflow/.local/lib/python3.12/site-packages/airflow/example_dags/tutorial.py
[2024-10-07T21:55:17.315+0000] {processor.py:914} INFO - Processing file /home/airflow/.local/lib/python3.12/site-packages/airflow/example_dags/tutorial.py for tasks to queue
[2024-10-07T21:55:17.316+0000] {logging_mixin.py:190} INFO - [2024-10-07T21:55:17.316+0000] {dagbag.py:588} INFO - Filling up the DagBag from /home/airflow/.local/lib/python3.12/site-packages/airflow/example_dags/tutorial.py
[2024-10-07T21:55:17.321+0000] {processor.py:925} INFO - DAG(s) 'tutorial' retrieved from /home/airflow/.local/lib/python3.12/site-packages/airflow/example_dags/tutorial.py
[2024-10-07T21:55:17.331+0000] {logging_mixin.py:190} INFO - [2024-10-07T21:55:17.331+0000] {dag.py:3239} INFO - Sync 1 DAGs
[2024-10-07T21:55:17.344+0000] {logging_mixin.py:190} INFO - [2024-10-07T21:55:17.344+0000] {dag.py:4180} INFO - Setting next_dagrun for tutorial to 2024-10-06 00:00:00+00:00, run_after=2024-10-07 00:00:00+00:00
[2024-10-07T21:55:17.359+0000] {processor.py:208} INFO - Processing /home/airflow/.local/lib/python3.12/site-packages/airflow/example_dags/tutorial.py took 0.047 seconds
[2024-10-07T21:55:47.922+0000] {processor.py:186} INFO - Started process (PID=3417) to work on /home/airflow/.local/lib/python3.12/site-packages/airflow/example_dags/tutorial.py
[2024-10-07T21:55:47.923+0000] {processor.py:914} INFO - Processing file /home/airflow/.local/lib/python3.12/site-packages/airflow/example_dags/tutorial.py for tasks to queue
[2024-10-07T21:55:47.924+0000] {logging_mixin.py:190} INFO - [2024-10-07T21:55:47.924+0000] {dagbag.py:588} INFO - Filling up the DagBag from /home/airflow/.local/lib/python3.12/site-packages/airflow/example_dags/tutorial.py
[2024-10-07T21:55:47.929+0000] {processor.py:925} INFO - DAG(s) 'tutorial' retrieved from /home/airflow/.local/lib/python3.12/site-packages/airflow/example_dags/tutorial.py
[2024-10-07T21:55:47.940+0000] {logging_mixin.py:190} INFO - [2024-10-07T21:55:47.939+0000] {dag.py:3239} INFO - Sync 1 DAGs
[2024-10-07T21:55:47.951+0000] {logging_mixin.py:190} INFO - [2024-10-07T21:55:47.951+0000] {dag.py:4180} INFO - Setting next_dagrun for tutorial to 2024-10-06 00:00:00+00:00, run_after=2024-10-07 00:00:00+00:00
[2024-10-07T21:55:47.965+0000] {processor.py:208} INFO - Processing /home/airflow/.local/lib/python3.12/site-packages/airflow/example_dags/tutorial.py took 0.047 seconds
[2024-10-07T21:56:18.362+0000] {processor.py:186} INFO - Started process (PID=3479) to work on /home/airflow/.local/lib/python3.12/site-packages/airflow/example_dags/tutorial.py
[2024-10-07T21:56:18.364+0000] {processor.py:914} INFO - Processing file /home/airflow/.local/lib/python3.12/site-packages/airflow/example_dags/tutorial.py for tasks to queue
[2024-10-07T21:56:18.366+0000] {logging_mixin.py:190} INFO - [2024-10-07T21:56:18.366+0000] {dagbag.py:588} INFO - Filling up the DagBag from /home/airflow/.local/lib/python3.12/site-packages/airflow/example_dags/tutorial.py
[2024-10-07T21:56:18.372+0000] {processor.py:925} INFO - DAG(s) 'tutorial' retrieved from /home/airflow/.local/lib/python3.12/site-packages/airflow/example_dags/tutorial.py
[2024-10-07T21:56:18.390+0000] {logging_mixin.py:190} INFO - [2024-10-07T21:56:18.390+0000] {dag.py:3239} INFO - Sync 1 DAGs
[2024-10-07T21:56:18.405+0000] {logging_mixin.py:190} INFO - [2024-10-07T21:56:18.405+0000] {dag.py:4180} INFO - Setting next_dagrun for tutorial to 2024-10-06 00:00:00+00:00, run_after=2024-10-07 00:00:00+00:00
[2024-10-07T21:56:18.420+0000] {processor.py:208} INFO - Processing /home/airflow/.local/lib/python3.12/site-packages/airflow/example_dags/tutorial.py took 0.061 seconds
[2024-10-07T21:56:48.940+0000] {processor.py:186} INFO - Started process (PID=3541) to work on /home/airflow/.local/lib/python3.12/site-packages/airflow/example_dags/tutorial.py
[2024-10-07T21:56:48.941+0000] {processor.py:914} INFO - Processing file /home/airflow/.local/lib/python3.12/site-packages/airflow/example_dags/tutorial.py for tasks to queue
[2024-10-07T21:56:48.943+0000] {logging_mixin.py:190} INFO - [2024-10-07T21:56:48.942+0000] {dagbag.py:588} INFO - Filling up the DagBag from /home/airflow/.local/lib/python3.12/site-packages/airflow/example_dags/tutorial.py
[2024-10-07T21:56:48.948+0000] {processor.py:925} INFO - DAG(s) 'tutorial' retrieved from /home/airflow/.local/lib/python3.12/site-packages/airflow/example_dags/tutorial.py
[2024-10-07T21:56:48.959+0000] {logging_mixin.py:190} INFO - [2024-10-07T21:56:48.958+0000] {dag.py:3239} INFO - Sync 1 DAGs
[2024-10-07T21:56:48.973+0000] {logging_mixin.py:190} INFO - [2024-10-07T21:56:48.973+0000] {dag.py:4180} INFO - Setting next_dagrun for tutorial to 2024-10-06 00:00:00+00:00, run_after=2024-10-07 00:00:00+00:00
[2024-10-07T21:56:48.986+0000] {processor.py:208} INFO - Processing /home/airflow/.local/lib/python3.12/site-packages/airflow/example_dags/tutorial.py took 0.050 seconds
[2024-10-07T21:57:19.349+0000] {processor.py:186} INFO - Started process (PID=3603) to work on /home/airflow/.local/lib/python3.12/site-packages/airflow/example_dags/tutorial.py
[2024-10-07T21:57:19.350+0000] {processor.py:914} INFO - Processing file /home/airflow/.local/lib/python3.12/site-packages/airflow/example_dags/tutorial.py for tasks to queue
[2024-10-07T21:57:19.351+0000] {logging_mixin.py:190} INFO - [2024-10-07T21:57:19.351+0000] {dagbag.py:588} INFO - Filling up the DagBag from /home/airflow/.local/lib/python3.12/site-packages/airflow/example_dags/tutorial.py
[2024-10-07T21:57:19.355+0000] {processor.py:925} INFO - DAG(s) 'tutorial' retrieved from /home/airflow/.local/lib/python3.12/site-packages/airflow/example_dags/tutorial.py
[2024-10-07T21:57:19.369+0000] {logging_mixin.py:190} INFO - [2024-10-07T21:57:19.369+0000] {dag.py:3239} INFO - Sync 1 DAGs
[2024-10-07T21:57:19.386+0000] {logging_mixin.py:190} INFO - [2024-10-07T21:57:19.385+0000] {dag.py:4180} INFO - Setting next_dagrun for tutorial to 2024-10-06 00:00:00+00:00, run_after=2024-10-07 00:00:00+00:00
[2024-10-07T21:57:19.403+0000] {processor.py:208} INFO - Processing /home/airflow/.local/lib/python3.12/site-packages/airflow/example_dags/tutorial.py took 0.058 seconds
[2024-10-07T21:57:50.436+0000] {processor.py:186} INFO - Started process (PID=3665) to work on /home/airflow/.local/lib/python3.12/site-packages/airflow/example_dags/tutorial.py
[2024-10-07T21:57:50.436+0000] {processor.py:914} INFO - Processing file /home/airflow/.local/lib/python3.12/site-packages/airflow/example_dags/tutorial.py for tasks to queue
[2024-10-07T21:57:50.439+0000] {logging_mixin.py:190} INFO - [2024-10-07T21:57:50.439+0000] {dagbag.py:588} INFO - Filling up the DagBag from /home/airflow/.local/lib/python3.12/site-packages/airflow/example_dags/tutorial.py
[2024-10-07T21:57:50.444+0000] {processor.py:925} INFO - DAG(s) 'tutorial' retrieved from /home/airflow/.local/lib/python3.12/site-packages/airflow/example_dags/tutorial.py
[2024-10-07T21:57:50.457+0000] {logging_mixin.py:190} INFO - [2024-10-07T21:57:50.456+0000] {dag.py:3239} INFO - Sync 1 DAGs
[2024-10-07T21:57:50.470+0000] {logging_mixin.py:190} INFO - [2024-10-07T21:57:50.470+0000] {dag.py:4180} INFO - Setting next_dagrun for tutorial to 2024-10-06 00:00:00+00:00, run_after=2024-10-07 00:00:00+00:00
[2024-10-07T21:57:50.485+0000] {processor.py:208} INFO - Processing /home/airflow/.local/lib/python3.12/site-packages/airflow/example_dags/tutorial.py took 0.053 seconds
[2024-10-07T21:58:21.406+0000] {processor.py:186} INFO - Started process (PID=3727) to work on /home/airflow/.local/lib/python3.12/site-packages/airflow/example_dags/tutorial.py
[2024-10-07T21:58:21.407+0000] {processor.py:914} INFO - Processing file /home/airflow/.local/lib/python3.12/site-packages/airflow/example_dags/tutorial.py for tasks to queue
[2024-10-07T21:58:21.408+0000] {logging_mixin.py:190} INFO - [2024-10-07T21:58:21.408+0000] {dagbag.py:588} INFO - Filling up the DagBag from /home/airflow/.local/lib/python3.12/site-packages/airflow/example_dags/tutorial.py
[2024-10-07T21:58:21.412+0000] {processor.py:925} INFO - DAG(s) 'tutorial' retrieved from /home/airflow/.local/lib/python3.12/site-packages/airflow/example_dags/tutorial.py
[2024-10-07T21:58:21.427+0000] {logging_mixin.py:190} INFO - [2024-10-07T21:58:21.427+0000] {dag.py:3239} INFO - Sync 1 DAGs
[2024-10-07T21:58:21.441+0000] {logging_mixin.py:190} INFO - [2024-10-07T21:58:21.441+0000] {dag.py:4180} INFO - Setting next_dagrun for tutorial to 2024-10-06 00:00:00+00:00, run_after=2024-10-07 00:00:00+00:00
[2024-10-07T21:58:21.452+0000] {processor.py:208} INFO - Processing /home/airflow/.local/lib/python3.12/site-packages/airflow/example_dags/tutorial.py took 0.050 seconds
[2024-10-07T21:58:52.026+0000] {processor.py:186} INFO - Started process (PID=3789) to work on /home/airflow/.local/lib/python3.12/site-packages/airflow/example_dags/tutorial.py
[2024-10-07T21:58:52.028+0000] {processor.py:914} INFO - Processing file /home/airflow/.local/lib/python3.12/site-packages/airflow/example_dags/tutorial.py for tasks to queue
[2024-10-07T21:58:52.029+0000] {logging_mixin.py:190} INFO - [2024-10-07T21:58:52.029+0000] {dagbag.py:588} INFO - Filling up the DagBag from /home/airflow/.local/lib/python3.12/site-packages/airflow/example_dags/tutorial.py
[2024-10-07T21:58:52.033+0000] {processor.py:925} INFO - DAG(s) 'tutorial' retrieved from /home/airflow/.local/lib/python3.12/site-packages/airflow/example_dags/tutorial.py
[2024-10-07T21:58:52.045+0000] {logging_mixin.py:190} INFO - [2024-10-07T21:58:52.045+0000] {dag.py:3239} INFO - Sync 1 DAGs
[2024-10-07T21:58:52.057+0000] {logging_mixin.py:190} INFO - [2024-10-07T21:58:52.057+0000] {dag.py:4180} INFO - Setting next_dagrun for tutorial to 2024-10-06 00:00:00+00:00, run_after=2024-10-07 00:00:00+00:00
[2024-10-07T21:58:52.067+0000] {processor.py:208} INFO - Processing /home/airflow/.local/lib/python3.12/site-packages/airflow/example_dags/tutorial.py took 0.043 seconds
[2024-10-07T21:59:22.773+0000] {processor.py:186} INFO - Started process (PID=3851) to work on /home/airflow/.local/lib/python3.12/site-packages/airflow/example_dags/tutorial.py
[2024-10-07T21:59:22.774+0000] {processor.py:914} INFO - Processing file /home/airflow/.local/lib/python3.12/site-packages/airflow/example_dags/tutorial.py for tasks to queue
[2024-10-07T21:59:22.776+0000] {logging_mixin.py:190} INFO - [2024-10-07T21:59:22.775+0000] {dagbag.py:588} INFO - Filling up the DagBag from /home/airflow/.local/lib/python3.12/site-packages/airflow/example_dags/tutorial.py
[2024-10-07T21:59:22.780+0000] {processor.py:925} INFO - DAG(s) 'tutorial' retrieved from /home/airflow/.local/lib/python3.12/site-packages/airflow/example_dags/tutorial.py
[2024-10-07T21:59:22.790+0000] {logging_mixin.py:190} INFO - [2024-10-07T21:59:22.790+0000] {dag.py:3239} INFO - Sync 1 DAGs
[2024-10-07T21:59:22.803+0000] {logging_mixin.py:190} INFO - [2024-10-07T21:59:22.803+0000] {dag.py:4180} INFO - Setting next_dagrun for tutorial to 2024-10-06 00:00:00+00:00, run_after=2024-10-07 00:00:00+00:00
[2024-10-07T21:59:22.819+0000] {processor.py:208} INFO - Processing /home/airflow/.local/lib/python3.12/site-packages/airflow/example_dags/tutorial.py took 0.049 seconds
[2024-10-07T21:59:53.339+0000] {processor.py:186} INFO - Started process (PID=3913) to work on /home/airflow/.local/lib/python3.12/site-packages/airflow/example_dags/tutorial.py
[2024-10-07T21:59:53.341+0000] {processor.py:914} INFO - Processing file /home/airflow/.local/lib/python3.12/site-packages/airflow/example_dags/tutorial.py for tasks to queue
[2024-10-07T21:59:53.342+0000] {logging_mixin.py:190} INFO - [2024-10-07T21:59:53.342+0000] {dagbag.py:588} INFO - Filling up the DagBag from /home/airflow/.local/lib/python3.12/site-packages/airflow/example_dags/tutorial.py
[2024-10-07T21:59:53.346+0000] {processor.py:925} INFO - DAG(s) 'tutorial' retrieved from /home/airflow/.local/lib/python3.12/site-packages/airflow/example_dags/tutorial.py
[2024-10-07T21:59:53.359+0000] {logging_mixin.py:190} INFO - [2024-10-07T21:59:53.359+0000] {dag.py:3239} INFO - Sync 1 DAGs
[2024-10-07T21:59:53.372+0000] {logging_mixin.py:190} INFO - [2024-10-07T21:59:53.372+0000] {dag.py:4180} INFO - Setting next_dagrun for tutorial to 2024-10-06 00:00:00+00:00, run_after=2024-10-07 00:00:00+00:00
[2024-10-07T21:59:53.384+0000] {processor.py:208} INFO - Processing /home/airflow/.local/lib/python3.12/site-packages/airflow/example_dags/tutorial.py took 0.050 seconds
[2024-10-07T22:00:23.907+0000] {processor.py:186} INFO - Started process (PID=3975) to work on /home/airflow/.local/lib/python3.12/site-packages/airflow/example_dags/tutorial.py
[2024-10-07T22:00:23.908+0000] {processor.py:914} INFO - Processing file /home/airflow/.local/lib/python3.12/site-packages/airflow/example_dags/tutorial.py for tasks to queue
[2024-10-07T22:00:23.909+0000] {logging_mixin.py:190} INFO - [2024-10-07T22:00:23.909+0000] {dagbag.py:588} INFO - Filling up the DagBag from /home/airflow/.local/lib/python3.12/site-packages/airflow/example_dags/tutorial.py
[2024-10-07T22:00:23.913+0000] {processor.py:925} INFO - DAG(s) 'tutorial' retrieved from /home/airflow/.local/lib/python3.12/site-packages/airflow/example_dags/tutorial.py
[2024-10-07T22:00:23.924+0000] {logging_mixin.py:190} INFO - [2024-10-07T22:00:23.924+0000] {dag.py:3239} INFO - Sync 1 DAGs
[2024-10-07T22:00:23.937+0000] {logging_mixin.py:190} INFO - [2024-10-07T22:00:23.936+0000] {dag.py:4180} INFO - Setting next_dagrun for tutorial to 2024-10-06 00:00:00+00:00, run_after=2024-10-07 00:00:00+00:00
[2024-10-07T22:00:23.949+0000] {processor.py:208} INFO - Processing /home/airflow/.local/lib/python3.12/site-packages/airflow/example_dags/tutorial.py took 0.045 seconds
