[2024-10-08T05:10:01.514+0000] {local_task_job_runner.py:123} INFO - ::group::Pre task execution logs
[2024-10-08T05:10:01.543+0000] {taskinstance.py:2603} INFO - Dependencies all met for dep_context=non-requeueable deps ti=<TaskInstance: fetch_and_store_amazon_books.insert_book_data scheduled__2024-06-30T00:00:00+00:00 [queued]>
[2024-10-08T05:10:01.553+0000] {taskinstance.py:2603} INFO - Dependencies all met for dep_context=requeueable deps ti=<TaskInstance: fetch_and_store_amazon_books.insert_book_data scheduled__2024-06-30T00:00:00+00:00 [queued]>
[2024-10-08T05:10:01.553+0000] {taskinstance.py:2856} INFO - Starting attempt 1 of 2
[2024-10-08T05:10:01.577+0000] {taskinstance.py:2879} INFO - Executing <Task(PythonOperator): insert_book_data> on 2024-06-30 00:00:00+00:00
[2024-10-08T05:10:01.590+0000] {warnings.py:112} WARNING - /home/***/.local/lib/python3.12/site-packages/***/task/task_runner/standard_task_runner.py:70: DeprecationWarning: This process (pid=1086) is multi-threaded, use of fork() may lead to deadlocks in the child.
  pid = os.fork()

[2024-10-08T05:10:01.595+0000] {standard_task_runner.py:72} INFO - Started process 1088 to run task
[2024-10-08T05:10:01.597+0000] {standard_task_runner.py:104} INFO - Running: ['***', 'tasks', 'run', 'fetch_and_store_amazon_books', 'insert_book_data', 'scheduled__2024-06-30T00:00:00+00:00', '--job-id', '14', '--raw', '--subdir', 'DAGS_FOLDER/app.py', '--cfg-path', '/tmp/tmpap4faden']
[2024-10-08T05:10:01.600+0000] {standard_task_runner.py:105} INFO - Job 14: Subtask insert_book_data
[2024-10-08T05:10:01.718+0000] {task_command.py:467} INFO - Running <TaskInstance: fetch_and_store_amazon_books.insert_book_data scheduled__2024-06-30T00:00:00+00:00 [running]> on host a344f6bef387
[2024-10-08T05:10:01.806+0000] {taskinstance.py:3122} INFO - Exporting env vars: AIRFLOW_CTX_DAG_OWNER='***' AIRFLOW_CTX_DAG_ID='fetch_and_store_amazon_books' AIRFLOW_CTX_TASK_ID='insert_book_data' AIRFLOW_CTX_EXECUTION_DATE='2024-06-30T00:00:00+00:00' AIRFLOW_CTX_TRY_NUMBER='1' AIRFLOW_CTX_DAG_RUN_ID='scheduled__2024-06-30T00:00:00+00:00'
[2024-10-08T05:10:01.811+0000] {logging_mixin.py:190} INFO - Task instance is in running state
[2024-10-08T05:10:01.812+0000] {logging_mixin.py:190} INFO -  Previous state of the Task instance: queued
[2024-10-08T05:10:01.812+0000] {logging_mixin.py:190} INFO - Current task name:insert_book_data state:running start_date:2024-10-08 05:10:01.546125+00:00
[2024-10-08T05:10:01.813+0000] {logging_mixin.py:190} INFO - Dag name:fetch_and_store_amazon_books and current dag run status:running
[2024-10-08T05:10:01.813+0000] {taskinstance.py:731} INFO - ::endgroup::
[2024-10-08T05:10:01.831+0000] {base.py:84} INFO - Retrieving connection 'books_connection'
[2024-10-08T05:10:01.835+0000] {sql.py:509} INFO - Running statement: 
    INSERT INTO books (title, authors, price, rating)
    VALUES (%s, %s, %s, %s)
    , parameters: ('Data Engineering with AWS - Second Edition: Acquire the skills to design and build AWS-based data transformation pipelines like a pro', 'Gareth Eagar', '41.', '4.4 out of 5 stars')
[2024-10-08T05:10:01.836+0000] {sql.py:518} INFO - Rows affected: 1
[2024-10-08T05:10:01.842+0000] {base.py:84} INFO - Retrieving connection 'books_connection'
[2024-10-08T05:10:01.845+0000] {sql.py:509} INFO - Running statement: 
    INSERT INTO books (title, authors, price, rating)
    VALUES (%s, %s, %s, %s)
    , parameters: ('Azure Data Engineer Associate Certification Guide: Ace the DP-203 exam with advanced data engineering skills', 'Giacinto Palmieri', '49.', '4.4 out of 5 stars')
[2024-10-08T05:10:01.846+0000] {sql.py:518} INFO - Rows affected: 1
[2024-10-08T05:10:01.853+0000] {base.py:84} INFO - Retrieving connection 'books_connection'
[2024-10-08T05:10:01.856+0000] {sql.py:509} INFO - Running statement: 
    INSERT INTO books (title, authors, price, rating)
    VALUES (%s, %s, %s, %s)
    , parameters: ("Azure Data Factory Cookbook: A data engineer's guide to building and managing ETL and ELT pipelines with data integration", 'Dmitry Foshin', '51.', '4.2 out of 5 stars')
[2024-10-08T05:10:01.858+0000] {sql.py:518} INFO - Rows affected: 1
[2024-10-08T05:10:01.865+0000] {base.py:84} INFO - Retrieving connection 'books_connection'
[2024-10-08T05:10:01.868+0000] {sql.py:509} INFO - Running statement: 
    INSERT INTO books (title, authors, price, rating)
    VALUES (%s, %s, %s, %s)
    , parameters: ('Fundamentals of Data Engineering: Plan and Build Robust Data Systems', 'Joe Reis', '25.', '4.7 out of 5 stars')
[2024-10-08T05:10:01.870+0000] {sql.py:518} INFO - Rows affected: 1
[2024-10-08T05:10:01.875+0000] {base.py:84} INFO - Retrieving connection 'books_connection'
[2024-10-08T05:10:01.882+0000] {sql.py:509} INFO - Running statement: 
    INSERT INTO books (title, authors, price, rating)
    VALUES (%s, %s, %s, %s)
    , parameters: ('Designing Data-Intensive Applications: The Big Ideas Behind Reliable, Scalable, and Maintainable Systems', 'Martin Kleppmann', '55.', '4.7 out of 5 stars')
[2024-10-08T05:10:01.885+0000] {sql.py:518} INFO - Rows affected: 1
[2024-10-08T05:10:01.895+0000] {base.py:84} INFO - Retrieving connection 'books_connection'
[2024-10-08T05:10:01.900+0000] {sql.py:509} INFO - Running statement: 
    INSERT INTO books (title, authors, price, rating)
    VALUES (%s, %s, %s, %s)
    , parameters: ('Fundamentals of Data Analytics: Learn Essential Skills, Embrace the Future, and Catapult Your Career in the Data-Driven World—A Comprehensive Guide to Data Literacy for Beginners', 'Russell Dawson', '17.', '4.8 out of 5 stars')
[2024-10-08T05:10:01.901+0000] {sql.py:518} INFO - Rows affected: 1
[2024-10-08T05:10:01.909+0000] {base.py:84} INFO - Retrieving connection 'books_connection'
[2024-10-08T05:10:01.913+0000] {sql.py:509} INFO - Running statement: 
    INSERT INTO books (title, authors, price, rating)
    VALUES (%s, %s, %s, %s)
    , parameters: ('Data Engineering with dbt: A practical guide to building a cloud-based, pragmatic, and dependable data platform with SQL', 'Roberto Zagni', '37.', '4.6 out of 5 stars')
[2024-10-08T05:10:01.915+0000] {sql.py:518} INFO - Rows affected: 1
[2024-10-08T05:10:01.921+0000] {base.py:84} INFO - Retrieving connection 'books_connection'
[2024-10-08T05:10:01.924+0000] {sql.py:509} INFO - Running statement: 
    INSERT INTO books (title, authors, price, rating)
    VALUES (%s, %s, %s, %s)
    , parameters: ("Ultimate Data Engineering with Databricks: Develop Scalable Data Pipelines Using Data Engineering's Core Tenets Such as Delta Tables, Ingestion, ... Security, and Scalability (English Edition)", 'Mayank Malhotra', '37.', '4.1 out of 5 stars')
[2024-10-08T05:10:01.925+0000] {sql.py:518} INFO - Rows affected: 1
[2024-10-08T05:10:01.929+0000] {base.py:84} INFO - Retrieving connection 'books_connection'
[2024-10-08T05:10:01.932+0000] {sql.py:509} INFO - Running statement: 
    INSERT INTO books (title, authors, price, rating)
    VALUES (%s, %s, %s, %s)
    , parameters: ('Data Engineering with Python: Work with massive datasets to design data models and automate data pipelines using Python', 'Paul Crickard', '37.', '4.1 out of 5 stars')
[2024-10-08T05:10:01.933+0000] {sql.py:518} INFO - Rows affected: 1
[2024-10-08T05:10:01.936+0000] {base.py:84} INFO - Retrieving connection 'books_connection'
[2024-10-08T05:10:01.939+0000] {sql.py:509} INFO - Running statement: 
    INSERT INTO books (title, authors, price, rating)
    VALUES (%s, %s, %s, %s)
    , parameters: ('Cracking the Data Engineering Interview: Land your dream job with the help of resume-building tips, over 100 mock questions, and a unique portfolio', 'Kedeisha Bryan', '26.', '4.4 out of 5 stars')
[2024-10-08T05:10:01.939+0000] {sql.py:518} INFO - Rows affected: 1
[2024-10-08T05:10:01.943+0000] {base.py:84} INFO - Retrieving connection 'books_connection'
[2024-10-08T05:10:01.945+0000] {sql.py:509} INFO - Running statement: 
    INSERT INTO books (title, authors, price, rating)
    VALUES (%s, %s, %s, %s)
    , parameters: ('Data Pipelines Pocket Reference: Moving and Processing Data for Analytics', 'James Densmore', '17.', '4.5 out of 5 stars')
[2024-10-08T05:10:01.945+0000] {sql.py:518} INFO - Rows affected: 1
[2024-10-08T05:10:01.949+0000] {base.py:84} INFO - Retrieving connection 'books_connection'
[2024-10-08T05:10:01.951+0000] {sql.py:509} INFO - Running statement: 
    INSERT INTO books (title, authors, price, rating)
    VALUES (%s, %s, %s, %s)
    , parameters: ('Ace the Data Science Interview: 201 Real Interview Questions Asked By FAANG, Tech Startups, & Wall Street', 'Nick Singh', '42.', '4.5 out of 5 stars')
[2024-10-08T05:10:01.951+0000] {sql.py:518} INFO - Rows affected: 1
[2024-10-08T05:10:01.954+0000] {base.py:84} INFO - Retrieving connection 'books_connection'
[2024-10-08T05:10:01.956+0000] {sql.py:509} INFO - Running statement: 
    INSERT INTO books (title, authors, price, rating)
    VALUES (%s, %s, %s, %s)
    , parameters: ('Ace the Data Engineering Interview: Questions and Answers for Python, SQL, Data Modeling and More', 'Sean Coyne', '24.', '3.8 out of 5 stars')
[2024-10-08T05:10:01.957+0000] {sql.py:518} INFO - Rows affected: 1
[2024-10-08T05:10:01.960+0000] {base.py:84} INFO - Retrieving connection 'books_connection'
[2024-10-08T05:10:01.962+0000] {sql.py:509} INFO - Running statement: 
    INSERT INTO books (title, authors, price, rating)
    VALUES (%s, %s, %s, %s)
    , parameters: ('Data Engineering with Databricks Cookbook: Build effective data and AI solutions using Apache Spark, Databricks, and Delta Lake', 'Pulkit Chadha', '49.', '4.3 out of 5 stars')
[2024-10-08T05:10:01.963+0000] {sql.py:518} INFO - Rows affected: 1
[2024-10-08T05:10:01.966+0000] {base.py:84} INFO - Retrieving connection 'books_connection'
[2024-10-08T05:10:01.969+0000] {sql.py:509} INFO - Running statement: 
    INSERT INTO books (title, authors, price, rating)
    VALUES (%s, %s, %s, %s)
    , parameters: ('Software Engineering for Data Scientists: From Notebooks to Scalable Systems', 'Catherine Nelson', '51.', '4.4 out of 5 stars')
[2024-10-08T05:10:01.971+0000] {sql.py:518} INFO - Rows affected: 1
[2024-10-08T05:10:01.979+0000] {base.py:84} INFO - Retrieving connection 'books_connection'
[2024-10-08T05:10:01.982+0000] {sql.py:509} INFO - Running statement: 
    INSERT INTO books (title, authors, price, rating)
    VALUES (%s, %s, %s, %s)
    , parameters: ('Essentials of Data Engineering', 'Dr. Mukesh Saini', '19.', '5.0 out of 5 stars')
[2024-10-08T05:10:01.982+0000] {sql.py:518} INFO - Rows affected: 1
[2024-10-08T05:10:01.985+0000] {base.py:84} INFO - Retrieving connection 'books_connection'
[2024-10-08T05:10:01.987+0000] {sql.py:509} INFO - Running statement: 
    INSERT INTO books (title, authors, price, rating)
    VALUES (%s, %s, %s, %s)
    , parameters: ('Data Engineering with AWS: Learn how to design and build cloud-based data transformation pipelines using AWS', 'Gareth Eagar', '49.', '4.4 out of 5 stars')
[2024-10-08T05:10:01.988+0000] {sql.py:518} INFO - Rows affected: 1
[2024-10-08T05:10:01.992+0000] {base.py:84} INFO - Retrieving connection 'books_connection'
[2024-10-08T05:10:01.994+0000] {sql.py:509} INFO - Running statement: 
    INSERT INTO books (title, authors, price, rating)
    VALUES (%s, %s, %s, %s)
    , parameters: ('Data Engineering with Python cookbook: Learn to build efficient data pipelines using the Modern Cloud Data Stack', 'Adithyan Ramanujakootam', '32.', '5.0 out of 5 stars')
[2024-10-08T05:10:01.995+0000] {sql.py:518} INFO - Rows affected: 1
[2024-10-08T05:10:01.998+0000] {base.py:84} INFO - Retrieving connection 'books_connection'
[2024-10-08T05:10:02.001+0000] {sql.py:509} INFO - Running statement: 
    INSERT INTO books (title, authors, price, rating)
    VALUES (%s, %s, %s, %s)
    , parameters: ("Data Quality Fundamentals: A Practitioner's Guide to Building Trustworthy Data Pipelines", 'Paperback', '45.', '4.1 out of 5 stars')
[2024-10-08T05:10:02.001+0000] {sql.py:518} INFO - Rows affected: 1
[2024-10-08T05:10:02.005+0000] {base.py:84} INFO - Retrieving connection 'books_connection'
[2024-10-08T05:10:02.007+0000] {sql.py:509} INFO - Running statement: 
    INSERT INTO books (title, authors, price, rating)
    VALUES (%s, %s, %s, %s)
    , parameters: ('Data Engineering with Google Cloud Platform: A practical guide to operationalizing scalable data analytics systems on GCP', 'Adi Wijaya', '41.', '4.7 out of 5 stars')
[2024-10-08T05:10:02.007+0000] {sql.py:518} INFO - Rows affected: 1
[2024-10-08T05:10:02.012+0000] {base.py:84} INFO - Retrieving connection 'books_connection'
[2024-10-08T05:10:02.014+0000] {sql.py:509} INFO - Running statement: 
    INSERT INTO books (title, authors, price, rating)
    VALUES (%s, %s, %s, %s)
    , parameters: ('DATA ENGINEERING AND AI FOR BEGINNERS: Revolutionizing Data Processing and Analytics by Leveraging Artificial Intelligence for Efficient Input Collection, Storage, and Transformation (World of AI)', 'Paperback', '13.', '4.3 out of 5 stars')
[2024-10-08T05:10:02.015+0000] {sql.py:518} INFO - Rows affected: 1
[2024-10-08T05:10:02.018+0000] {base.py:84} INFO - Retrieving connection 'books_connection'
[2024-10-08T05:10:02.020+0000] {sql.py:509} INFO - Running statement: 
    INSERT INTO books (title, authors, price, rating)
    VALUES (%s, %s, %s, %s)
    , parameters: ('Fundamentals of Data Engineering: A Comprehensive Guide to Designing, Building, and Managing Data Pipelines, Storage Solutions, and Processing Frameworks.', 'Paperback', '14.', '5.0 out of 5 stars')
[2024-10-08T05:10:02.021+0000] {sql.py:518} INFO - Rows affected: 1
[2024-10-08T05:10:02.024+0000] {base.py:84} INFO - Retrieving connection 'books_connection'
[2024-10-08T05:10:02.026+0000] {sql.py:509} INFO - Running statement: 
    INSERT INTO books (title, authors, price, rating)
    VALUES (%s, %s, %s, %s)
    , parameters: ('Data Privacy: A runbook for engineers', 'Nishant Bhajaria', '35.', '4.8 out of 5 stars')
[2024-10-08T05:10:02.026+0000] {sql.py:518} INFO - Rows affected: 1
[2024-10-08T05:10:02.029+0000] {base.py:84} INFO - Retrieving connection 'books_connection'
[2024-10-08T05:10:02.031+0000] {sql.py:509} INFO - Running statement: 
    INSERT INTO books (title, authors, price, rating)
    VALUES (%s, %s, %s, %s)
    , parameters: ('Data Engineering Fundamentals for Beginners: Mastering the Art of Building, Managing, and Scaling Data Systems', 'Paperback', '14.', '5.0 out of 5 stars')
[2024-10-08T05:10:02.032+0000] {sql.py:518} INFO - Rows affected: 1
[2024-10-08T05:10:02.035+0000] {base.py:84} INFO - Retrieving connection 'books_connection'
[2024-10-08T05:10:02.037+0000] {sql.py:509} INFO - Running statement: 
    INSERT INTO books (title, authors, price, rating)
    VALUES (%s, %s, %s, %s)
    , parameters: ("Engineering Data Mesh in Azure Cloud: Implement data mesh using Microsoft Azure's Cloud Adoption Framework", 'Paperback', '47.', '4.5 out of 5 stars')
[2024-10-08T05:10:02.038+0000] {sql.py:518} INFO - Rows affected: 1
[2024-10-08T05:10:02.041+0000] {base.py:84} INFO - Retrieving connection 'books_connection'
[2024-10-08T05:10:02.043+0000] {sql.py:509} INFO - Running statement: 
    INSERT INTO books (title, authors, price, rating)
    VALUES (%s, %s, %s, %s)
    , parameters: ('Data Engineering with Apache Spark, Delta Lake, and Lakehouse: Create scalable pipelines that ingest, curate, and aggregate complex data in a timely and secure way', 'Manoj Kukreja', '46.', '3.9 out of 5 stars')
[2024-10-08T05:10:02.044+0000] {sql.py:518} INFO - Rows affected: 1
[2024-10-08T05:10:02.047+0000] {base.py:84} INFO - Retrieving connection 'books_connection'
[2024-10-08T05:10:02.048+0000] {sql.py:509} INFO - Running statement: 
    INSERT INTO books (title, authors, price, rating)
    VALUES (%s, %s, %s, %s)
    , parameters: ('Data-Driven Science and Engineering: Machine Learning, Dynamical Systems, and Control', 'Steven L. Brunton', '64.', '4.8 out of 5 stars')
[2024-10-08T05:10:02.049+0000] {sql.py:518} INFO - Rows affected: 1
[2024-10-08T05:10:02.052+0000] {base.py:84} INFO - Retrieving connection 'books_connection'
[2024-10-08T05:10:02.054+0000] {sql.py:509} INFO - Running statement: 
    INSERT INTO books (title, authors, price, rating)
    VALUES (%s, %s, %s, %s)
    , parameters: ('Data Engineering with Google Cloud Platform: A guide to leveling up as a data engineer by building a scalable data platform with Google Cloud', 'Adi Wijaya', '40.', '4.8 out of 5 stars')
[2024-10-08T05:10:02.055+0000] {sql.py:518} INFO - Rows affected: 1
[2024-10-08T05:10:02.064+0000] {base.py:84} INFO - Retrieving connection 'books_connection'
[2024-10-08T05:10:02.070+0000] {sql.py:509} INFO - Running statement: 
    INSERT INTO books (title, authors, price, rating)
    VALUES (%s, %s, %s, %s)
    , parameters: ("Data: Principles To Practice - Volume 1 'Foundations': Essential Foundations: Key Concepts behind Data Architecture, Engineering and Analysis for Professionals", 'Mr Alex Holloway', '12.', '4.6 out of 5 stars')
[2024-10-08T05:10:02.072+0000] {sql.py:518} INFO - Rows affected: 1
[2024-10-08T05:10:02.078+0000] {base.py:84} INFO - Retrieving connection 'books_connection'
[2024-10-08T05:10:02.080+0000] {sql.py:509} INFO - Running statement: 
    INSERT INTO books (title, authors, price, rating)
    VALUES (%s, %s, %s, %s)
    , parameters: ('Data Engineering with AWS', 'May Sherry', '14.', '5.0 out of 5 stars')
[2024-10-08T05:10:02.081+0000] {sql.py:518} INFO - Rows affected: 1
[2024-10-08T05:10:02.084+0000] {base.py:84} INFO - Retrieving connection 'books_connection'
[2024-10-08T05:10:02.086+0000] {sql.py:509} INFO - Running statement: 
    INSERT INTO books (title, authors, price, rating)
    VALUES (%s, %s, %s, %s)
    , parameters: ('Data Engineering with AWS: Building Scalable Data Pipelines in the Cloud', 'May Sherry', '14.', '5.0 out of 5 stars')
[2024-10-08T05:10:02.087+0000] {sql.py:518} INFO - Rows affected: 1
[2024-10-08T05:10:02.092+0000] {base.py:84} INFO - Retrieving connection 'books_connection'
[2024-10-08T05:10:02.095+0000] {sql.py:509} INFO - Running statement: 
    INSERT INTO books (title, authors, price, rating)
    VALUES (%s, %s, %s, %s)
    , parameters: ('97 Things Every Data Engineer Should Know: Collective Wisdom from the Experts', 'Tobias Macey', '28.', '4.1 out of 5 stars')
[2024-10-08T05:10:02.096+0000] {sql.py:518} INFO - Rows affected: 1
[2024-10-08T05:10:02.102+0000] {base.py:84} INFO - Retrieving connection 'books_connection'
[2024-10-08T05:10:02.105+0000] {sql.py:509} INFO - Running statement: 
    INSERT INTO books (title, authors, price, rating)
    VALUES (%s, %s, %s, %s)
    , parameters: ('Python Data Engineering Resources: Forge Your Path to Success in Data Engineering, Machine Learning and AI', 'Vajo Lukic', '0.', '4.9 out of 5 stars')
[2024-10-08T05:10:02.106+0000] {sql.py:518} INFO - Rows affected: 1
[2024-10-08T05:10:02.112+0000] {base.py:84} INFO - Retrieving connection 'books_connection'
[2024-10-08T05:10:02.114+0000] {sql.py:509} INFO - Running statement: 
    INSERT INTO books (title, authors, price, rating)
    VALUES (%s, %s, %s, %s)
    , parameters: ('Analytics Engineering with SQL and dbt: Building Meaningful Data Models at Scale', 'Rui Pedro Machado', '41.', '3.9 out of 5 stars')
[2024-10-08T05:10:02.115+0000] {sql.py:518} INFO - Rows affected: 1
[2024-10-08T05:10:02.121+0000] {base.py:84} INFO - Retrieving connection 'books_connection'
[2024-10-08T05:10:02.124+0000] {sql.py:509} INFO - Running statement: 
    INSERT INTO books (title, authors, price, rating)
    VALUES (%s, %s, %s, %s)
    , parameters: ('Data Engineering with Scala and Spark: Build streaming and batch pipelines that process massive amounts of data using Scala', 'Eric Tome', '29.', '4.1 out of 5 stars')
[2024-10-08T05:10:02.125+0000] {sql.py:518} INFO - Rows affected: 1
[2024-10-08T05:10:02.131+0000] {base.py:84} INFO - Retrieving connection 'books_connection'
[2024-10-08T05:10:02.135+0000] {sql.py:509} INFO - Running statement: 
    INSERT INTO books (title, authors, price, rating)
    VALUES (%s, %s, %s, %s)
    , parameters: ('Storytelling with Data: A Data Visualization Guide for Business Professionals', 'Cole Nussbaumer Knaflic', '27.', '4.6 out of 5 stars')
[2024-10-08T05:10:02.136+0000] {sql.py:518} INFO - Rows affected: 1
[2024-10-08T05:10:02.146+0000] {base.py:84} INFO - Retrieving connection 'books_connection'
[2024-10-08T05:10:02.151+0000] {sql.py:509} INFO - Running statement: 
    INSERT INTO books (title, authors, price, rating)
    VALUES (%s, %s, %s, %s)
    , parameters: ('Data Mesh: Delivering Data-Driven Value at Scale', 'Zhamak Dehghani', '43.', '4.5 out of 5 stars')
[2024-10-08T05:10:02.153+0000] {sql.py:518} INFO - Rows affected: 1
[2024-10-08T05:10:02.159+0000] {base.py:84} INFO - Retrieving connection 'books_connection'
[2024-10-08T05:10:02.162+0000] {sql.py:509} INFO - Running statement: 
    INSERT INTO books (title, authors, price, rating)
    VALUES (%s, %s, %s, %s)
    , parameters: ('Data Engineering 101', 'Kindle', '0.', '3.9 out of 5 stars')
[2024-10-08T05:10:02.163+0000] {sql.py:518} INFO - Rows affected: 1
[2024-10-08T05:10:02.169+0000] {base.py:84} INFO - Retrieving connection 'books_connection'
[2024-10-08T05:10:02.172+0000] {sql.py:509} INFO - Running statement: 
    INSERT INTO books (title, authors, price, rating)
    VALUES (%s, %s, %s, %s)
    , parameters: ('Data Modeling with Snowflake: A practical guide to accelerating Snowflake development using universal data modeling techniques', 'Serge Gershkovich', '36.', '4.8 out of 5 stars')
[2024-10-08T05:10:02.173+0000] {sql.py:518} INFO - Rows affected: 1
[2024-10-08T05:10:02.178+0000] {base.py:84} INFO - Retrieving connection 'books_connection'
[2024-10-08T05:10:02.181+0000] {sql.py:509} INFO - Running statement: 
    INSERT INTO books (title, authors, price, rating)
    VALUES (%s, %s, %s, %s)
    , parameters: ('Official Google Cloud Certified Professional Data Engineer Study Guide', 'Dan Sullivan', '33.', '4.5 out of 5 stars')
[2024-10-08T05:10:02.181+0000] {sql.py:518} INFO - Rows affected: 1
[2024-10-08T05:10:02.186+0000] {base.py:84} INFO - Retrieving connection 'books_connection'
[2024-10-08T05:10:02.189+0000] {sql.py:509} INFO - Running statement: 
    INSERT INTO books (title, authors, price, rating)
    VALUES (%s, %s, %s, %s)
    , parameters: ('Machine Learning Engineering', 'Andriy Burkov', '39.', '4.7 out of 5 stars')
[2024-10-08T05:10:02.189+0000] {sql.py:518} INFO - Rows affected: 1
[2024-10-08T05:10:02.194+0000] {base.py:84} INFO - Retrieving connection 'books_connection'
[2024-10-08T05:10:02.196+0000] {sql.py:509} INFO - Running statement: 
    INSERT INTO books (title, authors, price, rating)
    VALUES (%s, %s, %s, %s)
    , parameters: ('Fundamentals of Data Observability: Implement Trustworthy End-to-End Data Solutions', 'Andy Petrella', '36.', '4.0 out of 5 stars')
[2024-10-08T05:10:02.197+0000] {sql.py:518} INFO - Rows affected: 1
[2024-10-08T05:10:02.201+0000] {base.py:84} INFO - Retrieving connection 'books_connection'
[2024-10-08T05:10:02.203+0000] {sql.py:509} INFO - Running statement: 
    INSERT INTO books (title, authors, price, rating)
    VALUES (%s, %s, %s, %s)
    , parameters: ('Modern Data Engineering with Apache Spark: A Hands-On Guide for Building Mission-Critical Streaming Applications', 'Scott Haines', '29.', '4.1 out of 5 stars')
[2024-10-08T05:10:02.204+0000] {sql.py:518} INFO - Rows affected: 1
[2024-10-08T05:10:02.208+0000] {base.py:84} INFO - Retrieving connection 'books_connection'
[2024-10-08T05:10:02.210+0000] {sql.py:509} INFO - Running statement: 
    INSERT INTO books (title, authors, price, rating)
    VALUES (%s, %s, %s, %s)
    , parameters: ('Python Feature Engineering Cookbook: A complete guide to crafting powerful features for your machine learning models', 'Soledad Galli', '44.', '5.0 out of 5 stars')
[2024-10-08T05:10:02.211+0000] {sql.py:518} INFO - Rows affected: 1
[2024-10-08T05:10:02.214+0000] {base.py:84} INFO - Retrieving connection 'books_connection'
[2024-10-08T05:10:02.217+0000] {sql.py:509} INFO - Running statement: 
    INSERT INTO books (title, authors, price, rating)
    VALUES (%s, %s, %s, %s)
    , parameters: ('Data Engineering with Databricks', 'Kindle', '0.', '3.4 out of 5 stars')
[2024-10-08T05:10:02.217+0000] {sql.py:518} INFO - Rows affected: 1
[2024-10-08T05:10:02.221+0000] {base.py:84} INFO - Retrieving connection 'books_connection'
[2024-10-08T05:10:02.224+0000] {sql.py:509} INFO - Running statement: 
    INSERT INTO books (title, authors, price, rating)
    VALUES (%s, %s, %s, %s)
    , parameters: ('Azure Data Factory by Example: Practical Implementation for Data Engineers', 'Richard Swinbank', '33.', '4.2 out of 5 stars')
[2024-10-08T05:10:02.225+0000] {sql.py:518} INFO - Rows affected: 1
[2024-10-08T05:10:02.229+0000] {base.py:84} INFO - Retrieving connection 'books_connection'
[2024-10-08T05:10:02.231+0000] {sql.py:509} INFO - Running statement: 
    INSERT INTO books (title, authors, price, rating)
    VALUES (%s, %s, %s, %s)
    , parameters: ('Data Quality Engineering in Financial Services: Applying Manufacturing Techniques to Data', 'Brian Buzzelli', '30.', '4.4 out of 5 stars')
[2024-10-08T05:10:02.232+0000] {sql.py:518} INFO - Rows affected: 1
[2024-10-08T05:10:02.236+0000] {base.py:84} INFO - Retrieving connection 'books_connection'
[2024-10-08T05:10:02.238+0000] {sql.py:509} INFO - Running statement: 
    INSERT INTO books (title, authors, price, rating)
    VALUES (%s, %s, %s, %s)
    , parameters: ('Prompt Engineering for Generative AI: Future-Proof Inputs for Reliable AI Outputs', 'James Phoenix', '53.', '4.5 out of 5 stars')
[2024-10-08T05:10:02.239+0000] {sql.py:518} INFO - Rows affected: 1
[2024-10-08T05:10:02.242+0000] {base.py:84} INFO - Retrieving connection 'books_connection'
[2024-10-08T05:10:02.245+0000] {sql.py:509} INFO - Running statement: 
    INSERT INTO books (title, authors, price, rating)
    VALUES (%s, %s, %s, %s)
    , parameters: ('Data Observability for Data Engineering: Proactive strategies for ensuring data accuracy and addressing broken data pipelines', 'Michele Pinto', '18.', '3.7 out of 5 stars')
[2024-10-08T05:10:02.245+0000] {sql.py:518} INFO - Rows affected: 1
[2024-10-08T05:10:02.332+0000] {base.py:84} INFO - Retrieving connection 'books_connection'
[2024-10-08T05:10:02.404+0000] {sql.py:509} INFO - Running statement: 
    INSERT INTO books (title, authors, price, rating)
    VALUES (%s, %s, %s, %s)
    , parameters: ('Better Data Visualizations: A Guide for Scholars, Researchers, and Wonks', 'Jonathan Schwabish', '26.', '4.5 out of 5 stars')
[2024-10-08T05:10:02.409+0000] {sql.py:518} INFO - Rows affected: 1
[2024-10-08T05:10:02.410+0000] {python.py:240} INFO - Done. Returned value was: None
[2024-10-08T05:10:02.450+0000] {taskinstance.py:340} INFO - ::group::Post task execution logs
[2024-10-08T05:10:02.451+0000] {taskinstance.py:352} INFO - Marking task as SUCCESS. dag_id=fetch_and_store_amazon_books, task_id=insert_book_data, run_id=scheduled__2024-06-30T00:00:00+00:00, execution_date=20240630T000000, start_date=20241008T051001, end_date=20241008T051002
[2024-10-08T05:10:02.486+0000] {logging_mixin.py:190} INFO - Task instance in success state
[2024-10-08T05:10:02.487+0000] {logging_mixin.py:190} INFO -  Previous state of the Task instance: running
[2024-10-08T05:10:02.487+0000] {logging_mixin.py:190} INFO - Dag name:fetch_and_store_amazon_books queued_at:2024-10-08 05:08:29.531249+00:00
[2024-10-08T05:10:02.487+0000] {logging_mixin.py:190} INFO - Task hostname:a344f6bef387 operator:PythonOperator
[2024-10-08T05:10:02.529+0000] {local_task_job_runner.py:261} INFO - Task exited with return code 0
[2024-10-08T05:10:02.592+0000] {taskinstance.py:3891} INFO - 0 downstream tasks scheduled from follow-on schedule check
[2024-10-08T05:10:02.593+0000] {local_task_job_runner.py:240} INFO - ::endgroup::
