[2024-10-08T05:22:40.591+0000] {local_task_job_runner.py:123} INFO - ::group::Pre task execution logs
[2024-10-08T05:22:40.615+0000] {taskinstance.py:2603} INFO - Dependencies all met for dep_context=non-requeueable deps ti=<TaskInstance: fetch_and_store_amazon_books.insert_book_data scheduled__2024-08-01T00:00:00+00:00 [queued]>
[2024-10-08T05:22:40.629+0000] {taskinstance.py:2603} INFO - Dependencies all met for dep_context=requeueable deps ti=<TaskInstance: fetch_and_store_amazon_books.insert_book_data scheduled__2024-08-01T00:00:00+00:00 [queued]>
[2024-10-08T05:22:40.630+0000] {taskinstance.py:2856} INFO - Starting attempt 1 of 2
[2024-10-08T05:22:40.656+0000] {taskinstance.py:2879} INFO - Executing <Task(PythonOperator): insert_book_data> on 2024-08-01 00:00:00+00:00
[2024-10-08T05:22:40.688+0000] {warnings.py:112} WARNING - /home/***/.local/lib/python3.12/site-packages/***/task/task_runner/standard_task_runner.py:70: DeprecationWarning: This process (pid=64) is multi-threaded, use of fork() may lead to deadlocks in the child.
  pid = os.fork()

[2024-10-08T05:22:40.693+0000] {standard_task_runner.py:72} INFO - Started process 67 to run task
[2024-10-08T05:22:40.694+0000] {standard_task_runner.py:104} INFO - Running: ['***', 'tasks', 'run', 'fetch_and_store_amazon_books', 'insert_book_data', 'scheduled__2024-08-01T00:00:00+00:00', '--job-id', '79', '--raw', '--subdir', 'DAGS_FOLDER/app.py', '--cfg-path', '/tmp/tmp2b_vni3n']
[2024-10-08T05:22:40.698+0000] {standard_task_runner.py:105} INFO - Job 79: Subtask insert_book_data
[2024-10-08T05:22:40.839+0000] {task_command.py:467} INFO - Running <TaskInstance: fetch_and_store_amazon_books.insert_book_data scheduled__2024-08-01T00:00:00+00:00 [running]> on host 947926f81760
[2024-10-08T05:22:41.076+0000] {taskinstance.py:3122} INFO - Exporting env vars: AIRFLOW_CTX_DAG_OWNER='***' AIRFLOW_CTX_DAG_ID='fetch_and_store_amazon_books' AIRFLOW_CTX_TASK_ID='insert_book_data' AIRFLOW_CTX_EXECUTION_DATE='2024-08-01T00:00:00+00:00' AIRFLOW_CTX_TRY_NUMBER='1' AIRFLOW_CTX_DAG_RUN_ID='scheduled__2024-08-01T00:00:00+00:00'
[2024-10-08T05:22:41.082+0000] {logging_mixin.py:190} INFO - Task instance is in running state
[2024-10-08T05:22:41.083+0000] {logging_mixin.py:190} INFO -  Previous state of the Task instance: queued
[2024-10-08T05:22:41.084+0000] {logging_mixin.py:190} INFO - Current task name:insert_book_data state:running start_date:2024-10-08 05:22:40.615789+00:00
[2024-10-08T05:22:41.084+0000] {logging_mixin.py:190} INFO - Dag name:fetch_and_store_amazon_books and current dag run status:running
[2024-10-08T05:22:41.084+0000] {taskinstance.py:731} INFO - ::endgroup::
[2024-10-08T05:22:41.117+0000] {base.py:84} INFO - Retrieving connection 'books_connection'
[2024-10-08T05:22:41.147+0000] {sql.py:509} INFO - Running statement: 
    INSERT INTO books (title, authors, price, rating)
    VALUES (%s, %s, %s, %s)
    , parameters: ('Data Engineering with AWS - Second Edition: Acquire the skills to design and build AWS-based data transformation pipelines like a pro', 'Gareth Eagar', '41.', '4.4 out of 5 stars')
[2024-10-08T05:22:41.172+0000] {sql.py:518} INFO - Rows affected: 1
[2024-10-08T05:22:41.184+0000] {base.py:84} INFO - Retrieving connection 'books_connection'
[2024-10-08T05:22:41.189+0000] {sql.py:509} INFO - Running statement: 
    INSERT INTO books (title, authors, price, rating)
    VALUES (%s, %s, %s, %s)
    , parameters: ('Azure Data Engineer Associate Certification Guide: Ace the DP-203 exam with advanced data engineering skills', 'Giacinto Palmieri', '49.', '4.4 out of 5 stars')
[2024-10-08T05:22:41.190+0000] {sql.py:518} INFO - Rows affected: 1
[2024-10-08T05:22:41.204+0000] {base.py:84} INFO - Retrieving connection 'books_connection'
[2024-10-08T05:22:41.214+0000] {sql.py:509} INFO - Running statement: 
    INSERT INTO books (title, authors, price, rating)
    VALUES (%s, %s, %s, %s)
    , parameters: ("Azure Data Factory Cookbook: A data engineer's guide to building and managing ETL and ELT pipelines with data integration", 'Dmitry Foshin', '51.', '4.2 out of 5 stars')
[2024-10-08T05:22:41.215+0000] {sql.py:518} INFO - Rows affected: 1
[2024-10-08T05:22:41.223+0000] {base.py:84} INFO - Retrieving connection 'books_connection'
[2024-10-08T05:22:41.227+0000] {sql.py:509} INFO - Running statement: 
    INSERT INTO books (title, authors, price, rating)
    VALUES (%s, %s, %s, %s)
    , parameters: ('Fundamentals of Data Engineering: Plan and Build Robust Data Systems', 'Joe Reis', '25.', '4.7 out of 5 stars')
[2024-10-08T05:22:41.228+0000] {sql.py:518} INFO - Rows affected: 1
[2024-10-08T05:22:41.234+0000] {base.py:84} INFO - Retrieving connection 'books_connection'
[2024-10-08T05:22:41.237+0000] {sql.py:509} INFO - Running statement: 
    INSERT INTO books (title, authors, price, rating)
    VALUES (%s, %s, %s, %s)
    , parameters: ('Designing Data-Intensive Applications: The Big Ideas Behind Reliable, Scalable, and Maintainable Systems', 'Martin Kleppmann', '55.', '4.7 out of 5 stars')
[2024-10-08T05:22:41.238+0000] {sql.py:518} INFO - Rows affected: 1
[2024-10-08T05:22:41.245+0000] {base.py:84} INFO - Retrieving connection 'books_connection'
[2024-10-08T05:22:41.250+0000] {sql.py:509} INFO - Running statement: 
    INSERT INTO books (title, authors, price, rating)
    VALUES (%s, %s, %s, %s)
    , parameters: ('Fundamentals of Data Analytics: Learn Essential Skills, Embrace the Future, and Catapult Your Career in the Data-Driven World—A Comprehensive Guide to Data Literacy for Beginners', 'Russell Dawson', '17.', '4.8 out of 5 stars')
[2024-10-08T05:22:41.251+0000] {sql.py:518} INFO - Rows affected: 1
[2024-10-08T05:22:41.257+0000] {base.py:84} INFO - Retrieving connection 'books_connection'
[2024-10-08T05:22:41.260+0000] {sql.py:509} INFO - Running statement: 
    INSERT INTO books (title, authors, price, rating)
    VALUES (%s, %s, %s, %s)
    , parameters: ("Ultimate Data Engineering with Databricks: Develop Scalable Data Pipelines Using Data Engineering's Core Tenets Such as Delta Tables, Ingestion, ... Security, and Scalability (English Edition)", 'Mayank Malhotra', '37.', '4.1 out of 5 stars')
[2024-10-08T05:22:41.261+0000] {sql.py:518} INFO - Rows affected: 1
[2024-10-08T05:22:41.266+0000] {base.py:84} INFO - Retrieving connection 'books_connection'
[2024-10-08T05:22:41.269+0000] {sql.py:509} INFO - Running statement: 
    INSERT INTO books (title, authors, price, rating)
    VALUES (%s, %s, %s, %s)
    , parameters: ('Data Engineering with dbt: A practical guide to building a cloud-based, pragmatic, and dependable data platform with SQL', 'Roberto Zagni', '37.', '4.6 out of 5 stars')
[2024-10-08T05:22:41.270+0000] {sql.py:518} INFO - Rows affected: 1
[2024-10-08T05:22:41.275+0000] {base.py:84} INFO - Retrieving connection 'books_connection'
[2024-10-08T05:22:41.277+0000] {sql.py:509} INFO - Running statement: 
    INSERT INTO books (title, authors, price, rating)
    VALUES (%s, %s, %s, %s)
    , parameters: ('Data Engineering with Python: Work with massive datasets to design data models and automate data pipelines using Python', 'Paul Crickard', '37.', '4.1 out of 5 stars')
[2024-10-08T05:22:41.278+0000] {sql.py:518} INFO - Rows affected: 1
[2024-10-08T05:22:41.283+0000] {base.py:84} INFO - Retrieving connection 'books_connection'
[2024-10-08T05:22:41.285+0000] {sql.py:509} INFO - Running statement: 
    INSERT INTO books (title, authors, price, rating)
    VALUES (%s, %s, %s, %s)
    , parameters: ('Cracking the Data Engineering Interview: Land your dream job with the help of resume-building tips, over 100 mock questions, and a unique portfolio', 'Kedeisha Bryan', '26.', '4.4 out of 5 stars')
[2024-10-08T05:22:41.286+0000] {sql.py:518} INFO - Rows affected: 1
[2024-10-08T05:22:41.292+0000] {base.py:84} INFO - Retrieving connection 'books_connection'
[2024-10-08T05:22:41.299+0000] {sql.py:509} INFO - Running statement: 
    INSERT INTO books (title, authors, price, rating)
    VALUES (%s, %s, %s, %s)
    , parameters: ('Data Pipelines Pocket Reference: Moving and Processing Data for Analytics', 'James Densmore', '17.', '4.5 out of 5 stars')
[2024-10-08T05:22:41.301+0000] {sql.py:518} INFO - Rows affected: 1
[2024-10-08T05:22:41.317+0000] {base.py:84} INFO - Retrieving connection 'books_connection'
[2024-10-08T05:22:41.323+0000] {sql.py:509} INFO - Running statement: 
    INSERT INTO books (title, authors, price, rating)
    VALUES (%s, %s, %s, %s)
    , parameters: ('Ace the Data Science Interview: 201 Real Interview Questions Asked By FAANG, Tech Startups, & Wall Street', 'Nick Singh', '42.', '4.5 out of 5 stars')
[2024-10-08T05:22:41.324+0000] {sql.py:518} INFO - Rows affected: 1
[2024-10-08T05:22:41.333+0000] {base.py:84} INFO - Retrieving connection 'books_connection'
[2024-10-08T05:22:41.338+0000] {sql.py:509} INFO - Running statement: 
    INSERT INTO books (title, authors, price, rating)
    VALUES (%s, %s, %s, %s)
    , parameters: ('Ace the Data Engineering Interview: Questions and Answers for Python, SQL, Data Modeling and More', 'Sean Coyne', '24.', '3.8 out of 5 stars')
[2024-10-08T05:22:41.339+0000] {sql.py:518} INFO - Rows affected: 1
[2024-10-08T05:22:41.344+0000] {base.py:84} INFO - Retrieving connection 'books_connection'
[2024-10-08T05:22:41.347+0000] {sql.py:509} INFO - Running statement: 
    INSERT INTO books (title, authors, price, rating)
    VALUES (%s, %s, %s, %s)
    , parameters: ('Data Engineering with Databricks Cookbook: Build effective data and AI solutions using Apache Spark, Databricks, and Delta Lake', 'Pulkit Chadha', '49.', '4.3 out of 5 stars')
[2024-10-08T05:22:41.348+0000] {sql.py:518} INFO - Rows affected: 1
[2024-10-08T05:22:41.353+0000] {base.py:84} INFO - Retrieving connection 'books_connection'
[2024-10-08T05:22:41.355+0000] {sql.py:509} INFO - Running statement: 
    INSERT INTO books (title, authors, price, rating)
    VALUES (%s, %s, %s, %s)
    , parameters: ('Software Engineering for Data Scientists: From Notebooks to Scalable Systems', 'Catherine Nelson', '51.', '4.4 out of 5 stars')
[2024-10-08T05:22:41.356+0000] {sql.py:518} INFO - Rows affected: 1
[2024-10-08T05:22:41.361+0000] {base.py:84} INFO - Retrieving connection 'books_connection'
[2024-10-08T05:22:41.363+0000] {sql.py:509} INFO - Running statement: 
    INSERT INTO books (title, authors, price, rating)
    VALUES (%s, %s, %s, %s)
    , parameters: ('Essentials of Data Engineering', 'Dr. Mukesh Saini', '19.', '5.0 out of 5 stars')
[2024-10-08T05:22:41.364+0000] {sql.py:518} INFO - Rows affected: 1
[2024-10-08T05:22:41.369+0000] {base.py:84} INFO - Retrieving connection 'books_connection'
[2024-10-08T05:22:41.372+0000] {sql.py:509} INFO - Running statement: 
    INSERT INTO books (title, authors, price, rating)
    VALUES (%s, %s, %s, %s)
    , parameters: ('Data Engineering with AWS: Learn how to design and build cloud-based data transformation pipelines using AWS', 'Gareth Eagar', '49.', '4.4 out of 5 stars')
[2024-10-08T05:22:41.373+0000] {sql.py:518} INFO - Rows affected: 1
[2024-10-08T05:22:41.377+0000] {base.py:84} INFO - Retrieving connection 'books_connection'
[2024-10-08T05:22:41.381+0000] {sql.py:509} INFO - Running statement: 
    INSERT INTO books (title, authors, price, rating)
    VALUES (%s, %s, %s, %s)
    , parameters: ('Data Engineering with Python cookbook: Learn to build efficient data pipelines using the Modern Cloud Data Stack', 'Adithyan Ramanujakootam', '32.', '5.0 out of 5 stars')
[2024-10-08T05:22:41.382+0000] {sql.py:518} INFO - Rows affected: 1
[2024-10-08T05:22:41.388+0000] {base.py:84} INFO - Retrieving connection 'books_connection'
[2024-10-08T05:22:41.392+0000] {sql.py:509} INFO - Running statement: 
    INSERT INTO books (title, authors, price, rating)
    VALUES (%s, %s, %s, %s)
    , parameters: ("Data Quality Fundamentals: A Practitioner's Guide to Building Trustworthy Data Pipelines", 'Paperback', '45.', '4.1 out of 5 stars')
[2024-10-08T05:22:41.394+0000] {sql.py:518} INFO - Rows affected: 1
[2024-10-08T05:22:41.407+0000] {base.py:84} INFO - Retrieving connection 'books_connection'
[2024-10-08T05:22:41.413+0000] {sql.py:509} INFO - Running statement: 
    INSERT INTO books (title, authors, price, rating)
    VALUES (%s, %s, %s, %s)
    , parameters: ('Data Engineering with Google Cloud Platform: A practical guide to operationalizing scalable data analytics systems on GCP', 'Adi Wijaya', '41.', '4.7 out of 5 stars')
[2024-10-08T05:22:41.415+0000] {sql.py:518} INFO - Rows affected: 1
[2024-10-08T05:22:41.422+0000] {base.py:84} INFO - Retrieving connection 'books_connection'
[2024-10-08T05:22:41.426+0000] {sql.py:509} INFO - Running statement: 
    INSERT INTO books (title, authors, price, rating)
    VALUES (%s, %s, %s, %s)
    , parameters: ('DATA ENGINEERING AND AI FOR BEGINNERS: Revolutionizing Data Processing and Analytics by Leveraging Artificial Intelligence for Efficient Input Collection, Storage, and Transformation (World of AI)', 'Paperback', '13.', '4.3 out of 5 stars')
[2024-10-08T05:22:41.427+0000] {sql.py:518} INFO - Rows affected: 1
[2024-10-08T05:22:41.433+0000] {base.py:84} INFO - Retrieving connection 'books_connection'
[2024-10-08T05:22:41.438+0000] {sql.py:509} INFO - Running statement: 
    INSERT INTO books (title, authors, price, rating)
    VALUES (%s, %s, %s, %s)
    , parameters: ('Fundamentals of Data Engineering: A Comprehensive Guide to Designing, Building, and Managing Data Pipelines, Storage Solutions, and Processing Frameworks.', 'Paperback', '14.', '5.0 out of 5 stars')
[2024-10-08T05:22:41.439+0000] {sql.py:518} INFO - Rows affected: 1
[2024-10-08T05:22:41.448+0000] {base.py:84} INFO - Retrieving connection 'books_connection'
[2024-10-08T05:22:41.451+0000] {sql.py:509} INFO - Running statement: 
    INSERT INTO books (title, authors, price, rating)
    VALUES (%s, %s, %s, %s)
    , parameters: ('Data Privacy: A runbook for engineers', 'Nishant Bhajaria', '35.', '4.8 out of 5 stars')
[2024-10-08T05:22:41.453+0000] {sql.py:518} INFO - Rows affected: 1
[2024-10-08T05:22:41.479+0000] {base.py:84} INFO - Retrieving connection 'books_connection'
[2024-10-08T05:22:41.499+0000] {sql.py:509} INFO - Running statement: 
    INSERT INTO books (title, authors, price, rating)
    VALUES (%s, %s, %s, %s)
    , parameters: ('Data Engineering Fundamentals for Beginners: Mastering the Art of Building, Managing, and Scaling Data Systems', 'Paperback', '14.', '5.0 out of 5 stars')
[2024-10-08T05:22:41.505+0000] {sql.py:518} INFO - Rows affected: 1
[2024-10-08T05:22:41.522+0000] {base.py:84} INFO - Retrieving connection 'books_connection'
[2024-10-08T05:22:41.526+0000] {sql.py:509} INFO - Running statement: 
    INSERT INTO books (title, authors, price, rating)
    VALUES (%s, %s, %s, %s)
    , parameters: ("Engineering Data Mesh in Azure Cloud: Implement data mesh using Microsoft Azure's Cloud Adoption Framework", 'Paperback', '47.', '4.5 out of 5 stars')
[2024-10-08T05:22:41.527+0000] {sql.py:518} INFO - Rows affected: 1
[2024-10-08T05:22:41.533+0000] {base.py:84} INFO - Retrieving connection 'books_connection'
[2024-10-08T05:22:41.536+0000] {sql.py:509} INFO - Running statement: 
    INSERT INTO books (title, authors, price, rating)
    VALUES (%s, %s, %s, %s)
    , parameters: ('Data Engineering with Apache Spark, Delta Lake, and Lakehouse: Create scalable pipelines that ingest, curate, and aggregate complex data in a timely and secure way', 'Manoj Kukreja', '46.', '3.9 out of 5 stars')
[2024-10-08T05:22:41.536+0000] {sql.py:518} INFO - Rows affected: 1
[2024-10-08T05:22:41.541+0000] {base.py:84} INFO - Retrieving connection 'books_connection'
[2024-10-08T05:22:41.544+0000] {sql.py:509} INFO - Running statement: 
    INSERT INTO books (title, authors, price, rating)
    VALUES (%s, %s, %s, %s)
    , parameters: ('Data-Driven Science and Engineering: Machine Learning, Dynamical Systems, and Control', 'Steven L. Brunton', '64.', '4.8 out of 5 stars')
[2024-10-08T05:22:41.545+0000] {sql.py:518} INFO - Rows affected: 1
[2024-10-08T05:22:41.550+0000] {base.py:84} INFO - Retrieving connection 'books_connection'
[2024-10-08T05:22:41.554+0000] {sql.py:509} INFO - Running statement: 
    INSERT INTO books (title, authors, price, rating)
    VALUES (%s, %s, %s, %s)
    , parameters: ('Data Engineering with Google Cloud Platform: A guide to leveling up as a data engineer by building a scalable data platform with Google Cloud', 'Adi Wijaya', '40.', '4.8 out of 5 stars')
[2024-10-08T05:22:41.555+0000] {sql.py:518} INFO - Rows affected: 1
[2024-10-08T05:22:41.560+0000] {base.py:84} INFO - Retrieving connection 'books_connection'
[2024-10-08T05:22:41.563+0000] {sql.py:509} INFO - Running statement: 
    INSERT INTO books (title, authors, price, rating)
    VALUES (%s, %s, %s, %s)
    , parameters: ("Data: Principles To Practice - Volume 1 'Foundations': Essential Foundations: Key Concepts behind Data Architecture, Engineering and Analysis for Professionals", 'Mr Alex Holloway', '12.', '4.6 out of 5 stars')
[2024-10-08T05:22:41.564+0000] {sql.py:518} INFO - Rows affected: 1
[2024-10-08T05:22:41.577+0000] {base.py:84} INFO - Retrieving connection 'books_connection'
[2024-10-08T05:22:41.583+0000] {sql.py:509} INFO - Running statement: 
    INSERT INTO books (title, authors, price, rating)
    VALUES (%s, %s, %s, %s)
    , parameters: ('Data Engineering with AWS', 'May Sherry', '14.', '5.0 out of 5 stars')
[2024-10-08T05:22:41.585+0000] {sql.py:518} INFO - Rows affected: 1
[2024-10-08T05:22:41.591+0000] {base.py:84} INFO - Retrieving connection 'books_connection'
[2024-10-08T05:22:41.596+0000] {sql.py:509} INFO - Running statement: 
    INSERT INTO books (title, authors, price, rating)
    VALUES (%s, %s, %s, %s)
    , parameters: ('97 Things Every Data Engineer Should Know: Collective Wisdom from the Experts', 'Tobias Macey', '28.', '4.1 out of 5 stars')
[2024-10-08T05:22:41.598+0000] {sql.py:518} INFO - Rows affected: 1
[2024-10-08T05:22:41.608+0000] {base.py:84} INFO - Retrieving connection 'books_connection'
[2024-10-08T05:22:41.613+0000] {sql.py:509} INFO - Running statement: 
    INSERT INTO books (title, authors, price, rating)
    VALUES (%s, %s, %s, %s)
    , parameters: ('Python Data Engineering Resources: Forge Your Path to Success in Data Engineering, Machine Learning and AI', 'Vajo Lukic', '0.', '4.9 out of 5 stars')
[2024-10-08T05:22:41.614+0000] {sql.py:518} INFO - Rows affected: 1
[2024-10-08T05:22:41.621+0000] {base.py:84} INFO - Retrieving connection 'books_connection'
[2024-10-08T05:22:41.625+0000] {sql.py:509} INFO - Running statement: 
    INSERT INTO books (title, authors, price, rating)
    VALUES (%s, %s, %s, %s)
    , parameters: ('Analytics Engineering with SQL and dbt: Building Meaningful Data Models at Scale', 'Rui Pedro Machado', '41.', '3.9 out of 5 stars')
[2024-10-08T05:22:41.626+0000] {sql.py:518} INFO - Rows affected: 1
[2024-10-08T05:22:41.632+0000] {base.py:84} INFO - Retrieving connection 'books_connection'
[2024-10-08T05:22:41.636+0000] {sql.py:509} INFO - Running statement: 
    INSERT INTO books (title, authors, price, rating)
    VALUES (%s, %s, %s, %s)
    , parameters: ('Data Engineering with Scala and Spark: Build streaming and batch pipelines that process massive amounts of data using Scala', 'Eric Tome', '29.', '4.1 out of 5 stars')
[2024-10-08T05:22:41.637+0000] {sql.py:518} INFO - Rows affected: 1
[2024-10-08T05:22:41.643+0000] {base.py:84} INFO - Retrieving connection 'books_connection'
[2024-10-08T05:22:41.646+0000] {sql.py:509} INFO - Running statement: 
    INSERT INTO books (title, authors, price, rating)
    VALUES (%s, %s, %s, %s)
    , parameters: ('Storytelling with Data: A Data Visualization Guide for Business Professionals', 'Cole Nussbaumer Knaflic', '27.', '4.6 out of 5 stars')
[2024-10-08T05:22:41.647+0000] {sql.py:518} INFO - Rows affected: 1
[2024-10-08T05:22:41.652+0000] {base.py:84} INFO - Retrieving connection 'books_connection'
[2024-10-08T05:22:41.656+0000] {sql.py:509} INFO - Running statement: 
    INSERT INTO books (title, authors, price, rating)
    VALUES (%s, %s, %s, %s)
    , parameters: ('Data Mesh: Delivering Data-Driven Value at Scale', 'Zhamak Dehghani', '43.', '4.5 out of 5 stars')
[2024-10-08T05:22:41.657+0000] {sql.py:518} INFO - Rows affected: 1
[2024-10-08T05:22:41.667+0000] {base.py:84} INFO - Retrieving connection 'books_connection'
[2024-10-08T05:22:41.680+0000] {sql.py:509} INFO - Running statement: 
    INSERT INTO books (title, authors, price, rating)
    VALUES (%s, %s, %s, %s)
    , parameters: ('Data Engineering 101', 'Kindle', '0.', '3.9 out of 5 stars')
[2024-10-08T05:22:41.687+0000] {sql.py:518} INFO - Rows affected: 1
[2024-10-08T05:22:41.724+0000] {base.py:84} INFO - Retrieving connection 'books_connection'
[2024-10-08T05:22:41.738+0000] {sql.py:509} INFO - Running statement: 
    INSERT INTO books (title, authors, price, rating)
    VALUES (%s, %s, %s, %s)
    , parameters: ('Data Modeling with Snowflake: A practical guide to accelerating Snowflake development using universal data modeling techniques', 'Serge Gershkovich', '36.', '4.8 out of 5 stars')
[2024-10-08T05:22:41.743+0000] {sql.py:518} INFO - Rows affected: 1
[2024-10-08T05:22:41.775+0000] {base.py:84} INFO - Retrieving connection 'books_connection'
[2024-10-08T05:22:41.784+0000] {sql.py:509} INFO - Running statement: 
    INSERT INTO books (title, authors, price, rating)
    VALUES (%s, %s, %s, %s)
    , parameters: ('Official Google Cloud Certified Professional Data Engineer Study Guide', 'Dan Sullivan', '33.', '4.5 out of 5 stars')
[2024-10-08T05:22:41.785+0000] {sql.py:518} INFO - Rows affected: 1
[2024-10-08T05:22:41.793+0000] {base.py:84} INFO - Retrieving connection 'books_connection'
[2024-10-08T05:22:41.798+0000] {sql.py:509} INFO - Running statement: 
    INSERT INTO books (title, authors, price, rating)
    VALUES (%s, %s, %s, %s)
    , parameters: ('Machine Learning Engineering', 'Andriy Burkov', '39.', '4.7 out of 5 stars')
[2024-10-08T05:22:41.800+0000] {sql.py:518} INFO - Rows affected: 1
[2024-10-08T05:22:41.807+0000] {base.py:84} INFO - Retrieving connection 'books_connection'
[2024-10-08T05:22:41.810+0000] {sql.py:509} INFO - Running statement: 
    INSERT INTO books (title, authors, price, rating)
    VALUES (%s, %s, %s, %s)
    , parameters: ('Fundamentals of Data Observability: Implement Trustworthy End-to-End Data Solutions', 'Andy Petrella', '36.', '4.0 out of 5 stars')
[2024-10-08T05:22:41.811+0000] {sql.py:518} INFO - Rows affected: 1
[2024-10-08T05:22:41.816+0000] {base.py:84} INFO - Retrieving connection 'books_connection'
[2024-10-08T05:22:41.820+0000] {sql.py:509} INFO - Running statement: 
    INSERT INTO books (title, authors, price, rating)
    VALUES (%s, %s, %s, %s)
    , parameters: ('Modern Data Engineering with Apache Spark: A Hands-On Guide for Building Mission-Critical Streaming Applications', 'Scott Haines', '29.', '4.1 out of 5 stars')
[2024-10-08T05:22:41.821+0000] {sql.py:518} INFO - Rows affected: 1
[2024-10-08T05:22:41.826+0000] {base.py:84} INFO - Retrieving connection 'books_connection'
[2024-10-08T05:22:41.829+0000] {sql.py:509} INFO - Running statement: 
    INSERT INTO books (title, authors, price, rating)
    VALUES (%s, %s, %s, %s)
    , parameters: ('Python Feature Engineering Cookbook: A complete guide to crafting powerful features for your machine learning models', 'Soledad Galli', '44.', '5.0 out of 5 stars')
[2024-10-08T05:22:41.830+0000] {sql.py:518} INFO - Rows affected: 1
[2024-10-08T05:22:41.836+0000] {base.py:84} INFO - Retrieving connection 'books_connection'
[2024-10-08T05:22:41.839+0000] {sql.py:509} INFO - Running statement: 
    INSERT INTO books (title, authors, price, rating)
    VALUES (%s, %s, %s, %s)
    , parameters: ('Data Engineering with Databricks', 'Kindle', '0.', '3.4 out of 5 stars')
[2024-10-08T05:22:41.839+0000] {sql.py:518} INFO - Rows affected: 1
[2024-10-08T05:22:41.857+0000] {base.py:84} INFO - Retrieving connection 'books_connection'
[2024-10-08T05:22:41.862+0000] {sql.py:509} INFO - Running statement: 
    INSERT INTO books (title, authors, price, rating)
    VALUES (%s, %s, %s, %s)
    , parameters: ('Azure Data Factory by Example: Practical Implementation for Data Engineers', 'Richard Swinbank', '33.', '4.2 out of 5 stars')
[2024-10-08T05:22:41.864+0000] {sql.py:518} INFO - Rows affected: 1
[2024-10-08T05:22:41.872+0000] {base.py:84} INFO - Retrieving connection 'books_connection'
[2024-10-08T05:22:41.876+0000] {sql.py:509} INFO - Running statement: 
    INSERT INTO books (title, authors, price, rating)
    VALUES (%s, %s, %s, %s)
    , parameters: ('Data Quality Engineering in Financial Services: Applying Manufacturing Techniques to Data', 'Brian Buzzelli', '30.', '4.4 out of 5 stars')
[2024-10-08T05:22:41.877+0000] {sql.py:518} INFO - Rows affected: 1
[2024-10-08T05:22:41.884+0000] {base.py:84} INFO - Retrieving connection 'books_connection'
[2024-10-08T05:22:41.888+0000] {sql.py:509} INFO - Running statement: 
    INSERT INTO books (title, authors, price, rating)
    VALUES (%s, %s, %s, %s)
    , parameters: ('Prompt Engineering for Generative AI: Future-Proof Inputs for Reliable AI Outputs', 'James Phoenix', '53.', '4.5 out of 5 stars')
[2024-10-08T05:22:41.889+0000] {sql.py:518} INFO - Rows affected: 1
[2024-10-08T05:22:41.897+0000] {base.py:84} INFO - Retrieving connection 'books_connection'
[2024-10-08T05:22:41.900+0000] {sql.py:509} INFO - Running statement: 
    INSERT INTO books (title, authors, price, rating)
    VALUES (%s, %s, %s, %s)
    , parameters: ('Data Observability for Data Engineering: Proactive strategies for ensuring data accuracy and addressing broken data pipelines', 'Michele Pinto', '18.', '3.7 out of 5 stars')
[2024-10-08T05:22:41.901+0000] {sql.py:518} INFO - Rows affected: 1
[2024-10-08T05:22:41.907+0000] {base.py:84} INFO - Retrieving connection 'books_connection'
[2024-10-08T05:22:41.910+0000] {sql.py:509} INFO - Running statement: 
    INSERT INTO books (title, authors, price, rating)
    VALUES (%s, %s, %s, %s)
    , parameters: ('Better Data Visualizations: A Guide for Scholars, Researchers, and Wonks', 'Jonathan Schwabish', '26.', '4.5 out of 5 stars')
[2024-10-08T05:22:41.911+0000] {sql.py:518} INFO - Rows affected: 1
[2024-10-08T05:22:41.919+0000] {base.py:84} INFO - Retrieving connection 'books_connection'
[2024-10-08T05:22:41.936+0000] {sql.py:509} INFO - Running statement: 
    INSERT INTO books (title, authors, price, rating)
    VALUES (%s, %s, %s, %s)
    , parameters: ("Applied Machine Learning and AI for Engineers: Solve Business Problems That Can't Be Solved Algorithmically", 'Jeff Prosise', '69.', '4.5 out of 5 stars')
[2024-10-08T05:22:41.939+0000] {sql.py:518} INFO - Rows affected: 1
[2024-10-08T05:22:41.948+0000] {python.py:240} INFO - Done. Returned value was: None
[2024-10-08T05:22:41.964+0000] {taskinstance.py:340} INFO - ::group::Post task execution logs
[2024-10-08T05:22:41.965+0000] {taskinstance.py:352} INFO - Marking task as SUCCESS. dag_id=fetch_and_store_amazon_books, task_id=insert_book_data, run_id=scheduled__2024-08-01T00:00:00+00:00, execution_date=20240801T000000, start_date=20241008T052240, end_date=20241008T052241
[2024-10-08T05:22:41.982+0000] {logging_mixin.py:190} INFO - Task instance in success state
[2024-10-08T05:22:41.982+0000] {logging_mixin.py:190} INFO -  Previous state of the Task instance: running
[2024-10-08T05:22:41.982+0000] {logging_mixin.py:190} INFO - Dag name:fetch_and_store_amazon_books queued_at:2024-10-08 05:19:11.014605+00:00
[2024-10-08T05:22:41.982+0000] {logging_mixin.py:190} INFO - Task hostname:947926f81760 operator:PythonOperator
[2024-10-08T05:22:42.012+0000] {local_task_job_runner.py:261} INFO - Task exited with return code 0
[2024-10-08T05:22:42.083+0000] {taskinstance.py:3891} INFO - 0 downstream tasks scheduled from follow-on schedule check
[2024-10-08T05:22:42.084+0000] {local_task_job_runner.py:240} INFO - ::endgroup::
