[2024-10-08T05:13:20.671+0000] {local_task_job_runner.py:123} INFO - ::group::Pre task execution logs
[2024-10-08T05:13:20.686+0000] {taskinstance.py:2603} INFO - Dependencies all met for dep_context=non-requeueable deps ti=<TaskInstance: fetch_and_store_amazon_books.insert_book_data scheduled__2024-07-14T00:00:00+00:00 [queued]>
[2024-10-08T05:13:20.698+0000] {taskinstance.py:2603} INFO - Dependencies all met for dep_context=requeueable deps ti=<TaskInstance: fetch_and_store_amazon_books.insert_book_data scheduled__2024-07-14T00:00:00+00:00 [queued]>
[2024-10-08T05:13:20.699+0000] {taskinstance.py:2856} INFO - Starting attempt 1 of 2
[2024-10-08T05:13:20.728+0000] {taskinstance.py:2879} INFO - Executing <Task(PythonOperator): insert_book_data> on 2024-07-14 00:00:00+00:00
[2024-10-08T05:13:20.739+0000] {warnings.py:112} WARNING - /home/***/.local/lib/python3.12/site-packages/***/task/task_runner/standard_task_runner.py:70: DeprecationWarning: This process (pid=1242) is multi-threaded, use of fork() may lead to deadlocks in the child.
  pid = os.fork()

[2024-10-08T05:13:20.741+0000] {standard_task_runner.py:72} INFO - Started process 1244 to run task
[2024-10-08T05:13:20.742+0000] {standard_task_runner.py:104} INFO - Running: ['***', 'tasks', 'run', 'fetch_and_store_amazon_books', 'insert_book_data', 'scheduled__2024-07-14T00:00:00+00:00', '--job-id', '44', '--raw', '--subdir', 'DAGS_FOLDER/app.py', '--cfg-path', '/tmp/tmpa8azoo0i']
[2024-10-08T05:13:20.744+0000] {standard_task_runner.py:105} INFO - Job 44: Subtask insert_book_data
[2024-10-08T05:13:20.818+0000] {task_command.py:467} INFO - Running <TaskInstance: fetch_and_store_amazon_books.insert_book_data scheduled__2024-07-14T00:00:00+00:00 [running]> on host a344f6bef387
[2024-10-08T05:13:21.052+0000] {taskinstance.py:3122} INFO - Exporting env vars: AIRFLOW_CTX_DAG_OWNER='***' AIRFLOW_CTX_DAG_ID='fetch_and_store_amazon_books' AIRFLOW_CTX_TASK_ID='insert_book_data' AIRFLOW_CTX_EXECUTION_DATE='2024-07-14T00:00:00+00:00' AIRFLOW_CTX_TRY_NUMBER='1' AIRFLOW_CTX_DAG_RUN_ID='scheduled__2024-07-14T00:00:00+00:00'
[2024-10-08T05:13:21.068+0000] {logging_mixin.py:190} INFO - Task instance is in running state
[2024-10-08T05:13:21.073+0000] {logging_mixin.py:190} INFO -  Previous state of the Task instance: queued
[2024-10-08T05:13:21.074+0000] {logging_mixin.py:190} INFO - Current task name:insert_book_data state:running start_date:2024-10-08 05:13:20.687394+00:00
[2024-10-08T05:13:21.075+0000] {logging_mixin.py:190} INFO - Dag name:fetch_and_store_amazon_books and current dag run status:running
[2024-10-08T05:13:21.078+0000] {taskinstance.py:731} INFO - ::endgroup::
[2024-10-08T05:13:21.107+0000] {base.py:84} INFO - Retrieving connection 'books_connection'
[2024-10-08T05:13:21.112+0000] {sql.py:509} INFO - Running statement: 
    INSERT INTO books (title, authors, price, rating)
    VALUES (%s, %s, %s, %s)
    , parameters: ('Data Engineering with AWS - Second Edition: Acquire the skills to design and build AWS-based data transformation pipelines like a pro', 'Gareth Eagar', '41.', '4.4 out of 5 stars')
[2024-10-08T05:13:21.119+0000] {sql.py:518} INFO - Rows affected: 1
[2024-10-08T05:13:21.138+0000] {base.py:84} INFO - Retrieving connection 'books_connection'
[2024-10-08T05:13:21.148+0000] {sql.py:509} INFO - Running statement: 
    INSERT INTO books (title, authors, price, rating)
    VALUES (%s, %s, %s, %s)
    , parameters: ('Azure Data Engineer Associate Certification Guide: Ace the DP-203 exam with advanced data engineering skills', 'Giacinto Palmieri', '49.', '4.4 out of 5 stars')
[2024-10-08T05:13:21.150+0000] {sql.py:518} INFO - Rows affected: 1
[2024-10-08T05:13:21.166+0000] {base.py:84} INFO - Retrieving connection 'books_connection'
[2024-10-08T05:13:21.172+0000] {sql.py:509} INFO - Running statement: 
    INSERT INTO books (title, authors, price, rating)
    VALUES (%s, %s, %s, %s)
    , parameters: ("Azure Data Factory Cookbook: A data engineer's guide to building and managing ETL and ELT pipelines with data integration", 'Dmitry Foshin', '51.', '4.2 out of 5 stars')
[2024-10-08T05:13:21.174+0000] {sql.py:518} INFO - Rows affected: 1
[2024-10-08T05:13:21.181+0000] {base.py:84} INFO - Retrieving connection 'books_connection'
[2024-10-08T05:13:21.186+0000] {sql.py:509} INFO - Running statement: 
    INSERT INTO books (title, authors, price, rating)
    VALUES (%s, %s, %s, %s)
    , parameters: ('Fundamentals of Data Engineering: Plan and Build Robust Data Systems', 'Joe Reis', '25.', '4.7 out of 5 stars')
[2024-10-08T05:13:21.191+0000] {sql.py:518} INFO - Rows affected: 1
[2024-10-08T05:13:21.199+0000] {base.py:84} INFO - Retrieving connection 'books_connection'
[2024-10-08T05:13:21.204+0000] {sql.py:509} INFO - Running statement: 
    INSERT INTO books (title, authors, price, rating)
    VALUES (%s, %s, %s, %s)
    , parameters: ('Designing Data-Intensive Applications: The Big Ideas Behind Reliable, Scalable, and Maintainable Systems', 'Martin Kleppmann', '55.', '4.7 out of 5 stars')
[2024-10-08T05:13:21.207+0000] {sql.py:518} INFO - Rows affected: 1
[2024-10-08T05:13:21.223+0000] {base.py:84} INFO - Retrieving connection 'books_connection'
[2024-10-08T05:13:21.232+0000] {sql.py:509} INFO - Running statement: 
    INSERT INTO books (title, authors, price, rating)
    VALUES (%s, %s, %s, %s)
    , parameters: ('Fundamentals of Data Analytics: Learn Essential Skills, Embrace the Future, and Catapult Your Career in the Data-Driven World—A Comprehensive Guide to Data Literacy for Beginners', 'Russell Dawson', '17.', '4.8 out of 5 stars')
[2024-10-08T05:13:21.234+0000] {sql.py:518} INFO - Rows affected: 1
[2024-10-08T05:13:21.243+0000] {base.py:84} INFO - Retrieving connection 'books_connection'
[2024-10-08T05:13:21.249+0000] {sql.py:509} INFO - Running statement: 
    INSERT INTO books (title, authors, price, rating)
    VALUES (%s, %s, %s, %s)
    , parameters: ("Ultimate Data Engineering with Databricks: Develop Scalable Data Pipelines Using Data Engineering's Core Tenets Such as Delta Tables, Ingestion, ... Security, and Scalability (English Edition)", 'Mayank Malhotra', '37.', '4.1 out of 5 stars')
[2024-10-08T05:13:21.250+0000] {sql.py:518} INFO - Rows affected: 1
[2024-10-08T05:13:21.257+0000] {base.py:84} INFO - Retrieving connection 'books_connection'
[2024-10-08T05:13:21.262+0000] {sql.py:509} INFO - Running statement: 
    INSERT INTO books (title, authors, price, rating)
    VALUES (%s, %s, %s, %s)
    , parameters: ('Data Engineering with dbt: A practical guide to building a cloud-based, pragmatic, and dependable data platform with SQL', 'Roberto Zagni', '37.', '4.6 out of 5 stars')
[2024-10-08T05:13:21.263+0000] {sql.py:518} INFO - Rows affected: 1
[2024-10-08T05:13:21.270+0000] {base.py:84} INFO - Retrieving connection 'books_connection'
[2024-10-08T05:13:21.276+0000] {sql.py:509} INFO - Running statement: 
    INSERT INTO books (title, authors, price, rating)
    VALUES (%s, %s, %s, %s)
    , parameters: ('Data Engineering with Python: Work with massive datasets to design data models and automate data pipelines using Python', 'Paul Crickard', '37.', '4.1 out of 5 stars')
[2024-10-08T05:13:21.277+0000] {sql.py:518} INFO - Rows affected: 1
[2024-10-08T05:13:21.282+0000] {base.py:84} INFO - Retrieving connection 'books_connection'
[2024-10-08T05:13:21.285+0000] {sql.py:509} INFO - Running statement: 
    INSERT INTO books (title, authors, price, rating)
    VALUES (%s, %s, %s, %s)
    , parameters: ('Cracking the Data Engineering Interview: Land your dream job with the help of resume-building tips, over 100 mock questions, and a unique portfolio', 'Kedeisha Bryan', '26.', '4.4 out of 5 stars')
[2024-10-08T05:13:21.286+0000] {sql.py:518} INFO - Rows affected: 1
[2024-10-08T05:13:21.292+0000] {base.py:84} INFO - Retrieving connection 'books_connection'
[2024-10-08T05:13:21.296+0000] {sql.py:509} INFO - Running statement: 
    INSERT INTO books (title, authors, price, rating)
    VALUES (%s, %s, %s, %s)
    , parameters: ('Data Pipelines Pocket Reference: Moving and Processing Data for Analytics', 'James Densmore', '17.', '4.5 out of 5 stars')
[2024-10-08T05:13:21.298+0000] {sql.py:518} INFO - Rows affected: 1
[2024-10-08T05:13:21.312+0000] {base.py:84} INFO - Retrieving connection 'books_connection'
[2024-10-08T05:13:21.316+0000] {sql.py:509} INFO - Running statement: 
    INSERT INTO books (title, authors, price, rating)
    VALUES (%s, %s, %s, %s)
    , parameters: ('Ace the Data Science Interview: 201 Real Interview Questions Asked By FAANG, Tech Startups, & Wall Street', 'Nick Singh', '42.', '4.5 out of 5 stars')
[2024-10-08T05:13:21.317+0000] {sql.py:518} INFO - Rows affected: 1
[2024-10-08T05:13:21.327+0000] {base.py:84} INFO - Retrieving connection 'books_connection'
[2024-10-08T05:13:21.332+0000] {sql.py:509} INFO - Running statement: 
    INSERT INTO books (title, authors, price, rating)
    VALUES (%s, %s, %s, %s)
    , parameters: ('Ace the Data Engineering Interview: Questions and Answers for Python, SQL, Data Modeling and More', 'Sean Coyne', '24.', '3.8 out of 5 stars')
[2024-10-08T05:13:21.333+0000] {sql.py:518} INFO - Rows affected: 1
[2024-10-08T05:13:21.340+0000] {base.py:84} INFO - Retrieving connection 'books_connection'
[2024-10-08T05:13:21.347+0000] {sql.py:509} INFO - Running statement: 
    INSERT INTO books (title, authors, price, rating)
    VALUES (%s, %s, %s, %s)
    , parameters: ('Data Engineering with Databricks Cookbook: Build effective data and AI solutions using Apache Spark, Databricks, and Delta Lake', 'Pulkit Chadha', '49.', '4.3 out of 5 stars')
[2024-10-08T05:13:21.348+0000] {sql.py:518} INFO - Rows affected: 1
[2024-10-08T05:13:21.353+0000] {base.py:84} INFO - Retrieving connection 'books_connection'
[2024-10-08T05:13:21.356+0000] {sql.py:509} INFO - Running statement: 
    INSERT INTO books (title, authors, price, rating)
    VALUES (%s, %s, %s, %s)
    , parameters: ('Software Engineering for Data Scientists: From Notebooks to Scalable Systems', 'Catherine Nelson', '51.', '4.4 out of 5 stars')
[2024-10-08T05:13:21.357+0000] {sql.py:518} INFO - Rows affected: 1
[2024-10-08T05:13:21.363+0000] {base.py:84} INFO - Retrieving connection 'books_connection'
[2024-10-08T05:13:21.366+0000] {sql.py:509} INFO - Running statement: 
    INSERT INTO books (title, authors, price, rating)
    VALUES (%s, %s, %s, %s)
    , parameters: ('Data-Centric Machine Learning with Python: The ultimate guide to engineering and deploying high-quality models based on good data', 'Jonas Christensen', '49.', '4.6 out of 5 stars')
[2024-10-08T05:13:21.370+0000] {sql.py:518} INFO - Rows affected: 1
[2024-10-08T05:13:21.374+0000] {base.py:84} INFO - Retrieving connection 'books_connection'
[2024-10-08T05:13:21.378+0000] {sql.py:509} INFO - Running statement: 
    INSERT INTO books (title, authors, price, rating)
    VALUES (%s, %s, %s, %s)
    , parameters: ('Essentials of Data Engineering', 'Dr. Mukesh Saini', '19.', '5.0 out of 5 stars')
[2024-10-08T05:13:21.379+0000] {sql.py:518} INFO - Rows affected: 1
[2024-10-08T05:13:21.386+0000] {base.py:84} INFO - Retrieving connection 'books_connection'
[2024-10-08T05:13:21.389+0000] {sql.py:509} INFO - Running statement: 
    INSERT INTO books (title, authors, price, rating)
    VALUES (%s, %s, %s, %s)
    , parameters: ('Data Engineering with AWS: Learn how to design and build cloud-based data transformation pipelines using AWS', 'Gareth Eagar', '49.', '4.4 out of 5 stars')
[2024-10-08T05:13:21.391+0000] {sql.py:518} INFO - Rows affected: 1
[2024-10-08T05:13:21.399+0000] {base.py:84} INFO - Retrieving connection 'books_connection'
[2024-10-08T05:13:21.403+0000] {sql.py:509} INFO - Running statement: 
    INSERT INTO books (title, authors, price, rating)
    VALUES (%s, %s, %s, %s)
    , parameters: ('Data Engineering with Python cookbook: Learn to build efficient data pipelines using the Modern Cloud Data Stack', 'Adithyan Ramanujakootam', '32.', '5.0 out of 5 stars')
[2024-10-08T05:13:21.403+0000] {sql.py:518} INFO - Rows affected: 1
[2024-10-08T05:13:21.410+0000] {base.py:84} INFO - Retrieving connection 'books_connection'
[2024-10-08T05:13:21.413+0000] {sql.py:509} INFO - Running statement: 
    INSERT INTO books (title, authors, price, rating)
    VALUES (%s, %s, %s, %s)
    , parameters: ("Data Quality Fundamentals: A Practitioner's Guide to Building Trustworthy Data Pipelines", 'Paperback', '45.', '4.1 out of 5 stars')
[2024-10-08T05:13:21.418+0000] {sql.py:518} INFO - Rows affected: 1
[2024-10-08T05:13:21.427+0000] {base.py:84} INFO - Retrieving connection 'books_connection'
[2024-10-08T05:13:21.436+0000] {sql.py:509} INFO - Running statement: 
    INSERT INTO books (title, authors, price, rating)
    VALUES (%s, %s, %s, %s)
    , parameters: ('Ultimate Azure Data Engineering: Build Robust Data Engineering Systems on Azure with SQL, ETL, Data Modeling, and Power BI for Business Insights and Crack Azure Certifications (English Edition)', 'Ashish Agarwal', '39.', '4.7 out of 5 stars')
[2024-10-08T05:13:21.437+0000] {sql.py:518} INFO - Rows affected: 1
[2024-10-08T05:13:21.445+0000] {base.py:84} INFO - Retrieving connection 'books_connection'
[2024-10-08T05:13:21.449+0000] {sql.py:509} INFO - Running statement: 
    INSERT INTO books (title, authors, price, rating)
    VALUES (%s, %s, %s, %s)
    , parameters: ('Mastering Databricks Lakehouse Platform: Perform Data Warehousing, Data Engineering, Machine Learning, DevOps, and BI into a Single Platform (English Edition)', 'Sagar Lad', '32.', '3.6 out of 5 stars')
[2024-10-08T05:13:21.453+0000] {sql.py:518} INFO - Rows affected: 1
[2024-10-08T05:13:21.459+0000] {base.py:84} INFO - Retrieving connection 'books_connection'
[2024-10-08T05:13:21.462+0000] {sql.py:509} INFO - Running statement: 
    INSERT INTO books (title, authors, price, rating)
    VALUES (%s, %s, %s, %s)
    , parameters: ('Fundamentals of Data Engineering: A Comprehensive Guide to Designing, Building, and Managing Data Pipelines, Storage Solutions, and Processing Frameworks.', 'Paperback', '14.', '5.0 out of 5 stars')
[2024-10-08T05:13:21.463+0000] {sql.py:518} INFO - Rows affected: 1
[2024-10-08T05:13:21.469+0000] {base.py:84} INFO - Retrieving connection 'books_connection'
[2024-10-08T05:13:21.472+0000] {sql.py:509} INFO - Running statement: 
    INSERT INTO books (title, authors, price, rating)
    VALUES (%s, %s, %s, %s)
    , parameters: ('Data Engineering with Google Cloud Platform: A practical guide to operationalizing scalable data analytics systems on GCP', 'Adi Wijaya', '41.', '4.7 out of 5 stars')
[2024-10-08T05:13:21.474+0000] {sql.py:518} INFO - Rows affected: 1
[2024-10-08T05:13:21.480+0000] {base.py:84} INFO - Retrieving connection 'books_connection'
[2024-10-08T05:13:21.483+0000] {sql.py:509} INFO - Running statement: 
    INSERT INTO books (title, authors, price, rating)
    VALUES (%s, %s, %s, %s)
    , parameters: ('DATA ENGINEERING AND AI FOR BEGINNERS: Revolutionizing Data Processing and Analytics by Leveraging Artificial Intelligence for Efficient Input Collection, Storage, and Transformation (World of AI)', 'Paperback', '13.', '4.3 out of 5 stars')
[2024-10-08T05:13:21.484+0000] {sql.py:518} INFO - Rows affected: 1
[2024-10-08T05:13:21.493+0000] {base.py:84} INFO - Retrieving connection 'books_connection'
[2024-10-08T05:13:21.499+0000] {sql.py:509} INFO - Running statement: 
    INSERT INTO books (title, authors, price, rating)
    VALUES (%s, %s, %s, %s)
    , parameters: ('Data Privacy: A runbook for engineers', 'Nishant Bhajaria', '35.', '4.8 out of 5 stars')
[2024-10-08T05:13:21.500+0000] {sql.py:518} INFO - Rows affected: 1
[2024-10-08T05:13:21.506+0000] {base.py:84} INFO - Retrieving connection 'books_connection'
[2024-10-08T05:13:21.510+0000] {sql.py:509} INFO - Running statement: 
    INSERT INTO books (title, authors, price, rating)
    VALUES (%s, %s, %s, %s)
    , parameters: ('Data Engineering Fundamentals for Beginners: Mastering the Art of Building, Managing, and Scaling Data Systems', 'Paperback', '14.', '5.0 out of 5 stars')
[2024-10-08T05:13:21.512+0000] {sql.py:518} INFO - Rows affected: 1
[2024-10-08T05:13:21.516+0000] {base.py:84} INFO - Retrieving connection 'books_connection'
[2024-10-08T05:13:21.519+0000] {sql.py:509} INFO - Running statement: 
    INSERT INTO books (title, authors, price, rating)
    VALUES (%s, %s, %s, %s)
    , parameters: ("Engineering Data Mesh in Azure Cloud: Implement data mesh using Microsoft Azure's Cloud Adoption Framework", 'Paperback', '47.', '4.5 out of 5 stars')
[2024-10-08T05:13:21.519+0000] {sql.py:518} INFO - Rows affected: 1
[2024-10-08T05:13:21.523+0000] {base.py:84} INFO - Retrieving connection 'books_connection'
[2024-10-08T05:13:21.531+0000] {sql.py:509} INFO - Running statement: 
    INSERT INTO books (title, authors, price, rating)
    VALUES (%s, %s, %s, %s)
    , parameters: ('Data Engineering with Apache Spark, Delta Lake, and Lakehouse: Create scalable pipelines that ingest, curate, and aggregate complex data in a timely and secure way', 'Manoj Kukreja', '46.', '3.9 out of 5 stars')
[2024-10-08T05:13:21.533+0000] {sql.py:518} INFO - Rows affected: 1
[2024-10-08T05:13:21.545+0000] {base.py:84} INFO - Retrieving connection 'books_connection'
[2024-10-08T05:13:21.548+0000] {sql.py:509} INFO - Running statement: 
    INSERT INTO books (title, authors, price, rating)
    VALUES (%s, %s, %s, %s)
    , parameters: ('Data-Driven Science and Engineering: Machine Learning, Dynamical Systems, and Control', 'Steven L. Brunton', '64.', '4.8 out of 5 stars')
[2024-10-08T05:13:21.549+0000] {sql.py:518} INFO - Rows affected: 1
[2024-10-08T05:13:21.554+0000] {base.py:84} INFO - Retrieving connection 'books_connection'
[2024-10-08T05:13:21.558+0000] {sql.py:509} INFO - Running statement: 
    INSERT INTO books (title, authors, price, rating)
    VALUES (%s, %s, %s, %s)
    , parameters: ('Data Engineering with Google Cloud Platform: A guide to leveling up as a data engineer by building a scalable data platform with Google Cloud', 'Adi Wijaya', '40.', '4.8 out of 5 stars')
[2024-10-08T05:13:21.559+0000] {sql.py:518} INFO - Rows affected: 1
[2024-10-08T05:13:21.565+0000] {base.py:84} INFO - Retrieving connection 'books_connection'
[2024-10-08T05:13:21.567+0000] {sql.py:509} INFO - Running statement: 
    INSERT INTO books (title, authors, price, rating)
    VALUES (%s, %s, %s, %s)
    , parameters: ('97 Things Every Data Engineer Should Know: Collective Wisdom from the Experts', 'Tobias Macey', '28.', '4.1 out of 5 stars')
[2024-10-08T05:13:21.568+0000] {sql.py:518} INFO - Rows affected: 1
[2024-10-08T05:13:21.573+0000] {base.py:84} INFO - Retrieving connection 'books_connection'
[2024-10-08T05:13:21.575+0000] {sql.py:509} INFO - Running statement: 
    INSERT INTO books (title, authors, price, rating)
    VALUES (%s, %s, %s, %s)
    , parameters: ('Python Data Engineering Resources: Forge Your Path to Success in Data Engineering, Machine Learning and AI', 'Vajo Lukic', '0.', '4.9 out of 5 stars')
[2024-10-08T05:13:21.576+0000] {sql.py:518} INFO - Rows affected: 1
[2024-10-08T05:13:21.581+0000] {base.py:84} INFO - Retrieving connection 'books_connection'
[2024-10-08T05:13:21.584+0000] {sql.py:509} INFO - Running statement: 
    INSERT INTO books (title, authors, price, rating)
    VALUES (%s, %s, %s, %s)
    , parameters: ('Analytics Engineering with SQL and dbt: Building Meaningful Data Models at Scale', 'Rui Pedro Machado', '41.', '3.9 out of 5 stars')
[2024-10-08T05:13:21.585+0000] {sql.py:518} INFO - Rows affected: 1
[2024-10-08T05:13:21.590+0000] {base.py:84} INFO - Retrieving connection 'books_connection'
[2024-10-08T05:13:21.592+0000] {sql.py:509} INFO - Running statement: 
    INSERT INTO books (title, authors, price, rating)
    VALUES (%s, %s, %s, %s)
    , parameters: ('Data Engineering with Scala and Spark: Build streaming and batch pipelines that process massive amounts of data using Scala', 'Eric Tome', '29.', '4.1 out of 5 stars')
[2024-10-08T05:13:21.594+0000] {sql.py:518} INFO - Rows affected: 1
[2024-10-08T05:13:21.610+0000] {base.py:84} INFO - Retrieving connection 'books_connection'
[2024-10-08T05:13:21.618+0000] {sql.py:509} INFO - Running statement: 
    INSERT INTO books (title, authors, price, rating)
    VALUES (%s, %s, %s, %s)
    , parameters: ('Storytelling with Data: A Data Visualization Guide for Business Professionals', 'Cole Nussbaumer Knaflic', '27.', '4.6 out of 5 stars')
[2024-10-08T05:13:21.619+0000] {sql.py:518} INFO - Rows affected: 1
[2024-10-08T05:13:21.629+0000] {base.py:84} INFO - Retrieving connection 'books_connection'
[2024-10-08T05:13:21.634+0000] {sql.py:509} INFO - Running statement: 
    INSERT INTO books (title, authors, price, rating)
    VALUES (%s, %s, %s, %s)
    , parameters: ('Data Mesh: Delivering Data-Driven Value at Scale', 'Zhamak Dehghani', '43.', '4.5 out of 5 stars')
[2024-10-08T05:13:21.635+0000] {sql.py:518} INFO - Rows affected: 1
[2024-10-08T05:13:21.640+0000] {base.py:84} INFO - Retrieving connection 'books_connection'
[2024-10-08T05:13:21.643+0000] {sql.py:509} INFO - Running statement: 
    INSERT INTO books (title, authors, price, rating)
    VALUES (%s, %s, %s, %s)
    , parameters: ('Data Engineering 101', 'Kindle', '0.', '3.9 out of 5 stars')
[2024-10-08T05:13:21.644+0000] {sql.py:518} INFO - Rows affected: 1
[2024-10-08T05:13:21.649+0000] {base.py:84} INFO - Retrieving connection 'books_connection'
[2024-10-08T05:13:21.652+0000] {sql.py:509} INFO - Running statement: 
    INSERT INTO books (title, authors, price, rating)
    VALUES (%s, %s, %s, %s)
    , parameters: ('Data Modeling with Snowflake: A practical guide to accelerating Snowflake development using universal data modeling techniques', 'Serge Gershkovich', '36.', '4.8 out of 5 stars')
[2024-10-08T05:13:21.653+0000] {sql.py:518} INFO - Rows affected: 1
[2024-10-08T05:13:21.659+0000] {base.py:84} INFO - Retrieving connection 'books_connection'
[2024-10-08T05:13:21.662+0000] {sql.py:509} INFO - Running statement: 
    INSERT INTO books (title, authors, price, rating)
    VALUES (%s, %s, %s, %s)
    , parameters: ('Official Google Cloud Certified Professional Data Engineer Study Guide', 'Dan Sullivan', '33.', '4.5 out of 5 stars')
[2024-10-08T05:13:21.663+0000] {sql.py:518} INFO - Rows affected: 1
[2024-10-08T05:13:21.668+0000] {base.py:84} INFO - Retrieving connection 'books_connection'
[2024-10-08T05:13:21.671+0000] {sql.py:509} INFO - Running statement: 
    INSERT INTO books (title, authors, price, rating)
    VALUES (%s, %s, %s, %s)
    , parameters: ('Machine Learning Engineering', 'Andriy Burkov', '39.', '4.7 out of 5 stars')
[2024-10-08T05:13:21.672+0000] {sql.py:518} INFO - Rows affected: 1
[2024-10-08T05:13:21.676+0000] {base.py:84} INFO - Retrieving connection 'books_connection'
[2024-10-08T05:13:21.679+0000] {sql.py:509} INFO - Running statement: 
    INSERT INTO books (title, authors, price, rating)
    VALUES (%s, %s, %s, %s)
    , parameters: ('Fundamentals of Data Observability: Implement Trustworthy End-to-End Data Solutions', 'Andy Petrella', '36.', '4.0 out of 5 stars')
[2024-10-08T05:13:21.680+0000] {sql.py:518} INFO - Rows affected: 1
[2024-10-08T05:13:21.684+0000] {base.py:84} INFO - Retrieving connection 'books_connection'
[2024-10-08T05:13:21.687+0000] {sql.py:509} INFO - Running statement: 
    INSERT INTO books (title, authors, price, rating)
    VALUES (%s, %s, %s, %s)
    , parameters: ('Modern Data Engineering with Apache Spark: A Hands-On Guide for Building Mission-Critical Streaming Applications', 'Scott Haines', '29.', '4.1 out of 5 stars')
[2024-10-08T05:13:21.688+0000] {sql.py:518} INFO - Rows affected: 1
[2024-10-08T05:13:21.692+0000] {base.py:84} INFO - Retrieving connection 'books_connection'
[2024-10-08T05:13:21.695+0000] {sql.py:509} INFO - Running statement: 
    INSERT INTO books (title, authors, price, rating)
    VALUES (%s, %s, %s, %s)
    , parameters: ('Python Feature Engineering Cookbook: A complete guide to crafting powerful features for your machine learning models', 'Soledad Galli', '44.', '5.0 out of 5 stars')
[2024-10-08T05:13:21.696+0000] {sql.py:518} INFO - Rows affected: 1
[2024-10-08T05:13:21.703+0000] {base.py:84} INFO - Retrieving connection 'books_connection'
[2024-10-08T05:13:21.710+0000] {sql.py:509} INFO - Running statement: 
    INSERT INTO books (title, authors, price, rating)
    VALUES (%s, %s, %s, %s)
    , parameters: ('Data Engineering with Databricks', 'Kindle', '0.', '3.4 out of 5 stars')
[2024-10-08T05:13:21.712+0000] {sql.py:518} INFO - Rows affected: 1
[2024-10-08T05:13:21.718+0000] {base.py:84} INFO - Retrieving connection 'books_connection'
[2024-10-08T05:13:21.722+0000] {sql.py:509} INFO - Running statement: 
    INSERT INTO books (title, authors, price, rating)
    VALUES (%s, %s, %s, %s)
    , parameters: ('Azure Data Factory by Example: Practical Implementation for Data Engineers', 'Richard Swinbank', '33.', '4.2 out of 5 stars')
[2024-10-08T05:13:21.724+0000] {sql.py:518} INFO - Rows affected: 1
[2024-10-08T05:13:21.730+0000] {base.py:84} INFO - Retrieving connection 'books_connection'
[2024-10-08T05:13:21.734+0000] {sql.py:509} INFO - Running statement: 
    INSERT INTO books (title, authors, price, rating)
    VALUES (%s, %s, %s, %s)
    , parameters: ('Data Quality Engineering in Financial Services: Applying Manufacturing Techniques to Data', 'Brian Buzzelli', '30.', '4.4 out of 5 stars')
[2024-10-08T05:13:21.736+0000] {sql.py:518} INFO - Rows affected: 1
[2024-10-08T05:13:21.743+0000] {base.py:84} INFO - Retrieving connection 'books_connection'
[2024-10-08T05:13:21.747+0000] {sql.py:509} INFO - Running statement: 
    INSERT INTO books (title, authors, price, rating)
    VALUES (%s, %s, %s, %s)
    , parameters: ('Prompt Engineering for Generative AI: Future-Proof Inputs for Reliable AI Outputs', 'James Phoenix', '53.', '4.5 out of 5 stars')
[2024-10-08T05:13:21.748+0000] {sql.py:518} INFO - Rows affected: 1
[2024-10-08T05:13:21.754+0000] {base.py:84} INFO - Retrieving connection 'books_connection'
[2024-10-08T05:13:21.757+0000] {sql.py:509} INFO - Running statement: 
    INSERT INTO books (title, authors, price, rating)
    VALUES (%s, %s, %s, %s)
    , parameters: ('Data Observability for Data Engineering: Proactive strategies for ensuring data accuracy and addressing broken data pipelines', 'Michele Pinto', '18.', '3.7 out of 5 stars')
[2024-10-08T05:13:21.758+0000] {sql.py:518} INFO - Rows affected: 1
[2024-10-08T05:13:21.764+0000] {base.py:84} INFO - Retrieving connection 'books_connection'
[2024-10-08T05:13:21.768+0000] {sql.py:509} INFO - Running statement: 
    INSERT INTO books (title, authors, price, rating)
    VALUES (%s, %s, %s, %s)
    , parameters: ('Better Data Visualizations: A Guide for Scholars, Researchers, and Wonks', 'Jonathan Schwabish', '26.', '4.5 out of 5 stars')
[2024-10-08T05:13:21.769+0000] {sql.py:518} INFO - Rows affected: 1
[2024-10-08T05:13:21.770+0000] {python.py:240} INFO - Done. Returned value was: None
[2024-10-08T05:13:21.799+0000] {taskinstance.py:340} INFO - ::group::Post task execution logs
[2024-10-08T05:13:21.800+0000] {taskinstance.py:352} INFO - Marking task as SUCCESS. dag_id=fetch_and_store_amazon_books, task_id=insert_book_data, run_id=scheduled__2024-07-14T00:00:00+00:00, execution_date=20240714T000000, start_date=20241008T051320, end_date=20241008T051321
[2024-10-08T05:13:21.812+0000] {logging_mixin.py:190} INFO - Task instance in success state
[2024-10-08T05:13:21.813+0000] {logging_mixin.py:190} INFO -  Previous state of the Task instance: running
[2024-10-08T05:13:21.813+0000] {logging_mixin.py:190} INFO - Dag name:fetch_and_store_amazon_books queued_at:2024-10-08 05:11:55.452461+00:00
[2024-10-08T05:13:21.813+0000] {logging_mixin.py:190} INFO - Task hostname:a344f6bef387 operator:PythonOperator
[2024-10-08T05:13:21.831+0000] {local_task_job_runner.py:261} INFO - Task exited with return code 0
[2024-10-08T05:13:21.916+0000] {taskinstance.py:3891} INFO - 0 downstream tasks scheduled from follow-on schedule check
[2024-10-08T05:13:21.919+0000] {local_task_job_runner.py:240} INFO - ::endgroup::
