[2024-10-08T05:31:50.317+0000] {local_task_job_runner.py:123} INFO - ::group::Pre task execution logs
[2024-10-08T05:31:50.339+0000] {taskinstance.py:2603} INFO - Dependencies all met for dep_context=non-requeueable deps ti=<TaskInstance: fetch_and_store_amazon_books.create_table scheduled__2024-09-17T00:00:00+00:00 [queued]>
[2024-10-08T05:31:50.348+0000] {taskinstance.py:2603} INFO - Dependencies all met for dep_context=requeueable deps ti=<TaskInstance: fetch_and_store_amazon_books.create_table scheduled__2024-09-17T00:00:00+00:00 [queued]>
[2024-10-08T05:31:50.352+0000] {taskinstance.py:2856} INFO - Starting attempt 1 of 2
[2024-10-08T05:31:50.364+0000] {taskinstance.py:2879} INFO - Executing <Task(PostgresOperator): create_table> on 2024-09-17 00:00:00+00:00
[2024-10-08T05:31:50.393+0000] {warnings.py:112} WARNING - /home/***/.local/lib/python3.12/site-packages/***/task/task_runner/standard_task_runner.py:70: DeprecationWarning: This process (pid=493) is multi-threaded, use of fork() may lead to deadlocks in the child.
  pid = os.fork()

[2024-10-08T05:31:50.397+0000] {standard_task_runner.py:72} INFO - Started process 507 to run task
[2024-10-08T05:31:50.409+0000] {standard_task_runner.py:104} INFO - Running: ['***', 'tasks', 'run', 'fetch_and_store_amazon_books', 'create_table', 'scheduled__2024-09-17T00:00:00+00:00', '--job-id', '217', '--raw', '--subdir', 'DAGS_FOLDER/app.py', '--cfg-path', '/tmp/tmpmz23z_ct']
[2024-10-08T05:31:50.411+0000] {standard_task_runner.py:105} INFO - Job 217: Subtask create_table
[2024-10-08T05:31:50.509+0000] {task_command.py:467} INFO - Running <TaskInstance: fetch_and_store_amazon_books.create_table scheduled__2024-09-17T00:00:00+00:00 [running]> on host 475658bd4f83
[2024-10-08T05:31:50.656+0000] {taskinstance.py:3122} INFO - Exporting env vars: AIRFLOW_CTX_DAG_OWNER='***' AIRFLOW_CTX_DAG_ID='fetch_and_store_amazon_books' AIRFLOW_CTX_TASK_ID='create_table' AIRFLOW_CTX_EXECUTION_DATE='2024-09-17T00:00:00+00:00' AIRFLOW_CTX_TRY_NUMBER='1' AIRFLOW_CTX_DAG_RUN_ID='scheduled__2024-09-17T00:00:00+00:00'
[2024-10-08T05:31:50.659+0000] {logging_mixin.py:190} INFO - Task instance is in running state
[2024-10-08T05:31:50.663+0000] {logging_mixin.py:190} INFO -  Previous state of the Task instance: queued
[2024-10-08T05:31:50.664+0000] {logging_mixin.py:190} INFO - Current task name:create_table state:running start_date:2024-10-08 05:31:50.339425+00:00
[2024-10-08T05:31:50.664+0000] {logging_mixin.py:190} INFO - Dag name:fetch_and_store_amazon_books and current dag run status:running
[2024-10-08T05:31:50.665+0000] {taskinstance.py:731} INFO - ::endgroup::
[2024-10-08T05:31:50.665+0000] {sql.py:282} INFO - Executing: 
    CREATE TABLE IF NOT EXISTS books (
        id SERIAL PRIMARY KEY,
        title TEXT NOT NULL,
        authors TEXT,
        price TEXT,
        rating TEXT
    );
    
[2024-10-08T05:31:50.679+0000] {base.py:84} INFO - Retrieving connection 'books_connection'
[2024-10-08T05:31:50.693+0000] {base.py:84} INFO - Retrieving connection 'books_connection'
[2024-10-08T05:31:50.703+0000] {sql.py:509} INFO - Running statement: 
    CREATE TABLE IF NOT EXISTS books (
        id SERIAL PRIMARY KEY,
        title TEXT NOT NULL,
        authors TEXT,
        price TEXT,
        rating TEXT
    );
    , parameters: None
[2024-10-08T05:31:50.721+0000] {taskinstance.py:340} INFO - ::group::Post task execution logs
[2024-10-08T05:31:50.724+0000] {taskinstance.py:352} INFO - Marking task as SUCCESS. dag_id=fetch_and_store_amazon_books, task_id=create_table, run_id=scheduled__2024-09-17T00:00:00+00:00, execution_date=20240917T000000, start_date=20241008T053150, end_date=20241008T053150
[2024-10-08T05:31:50.747+0000] {logging_mixin.py:190} INFO - Task instance in success state
[2024-10-08T05:31:50.747+0000] {logging_mixin.py:190} INFO -  Previous state of the Task instance: running
[2024-10-08T05:31:50.748+0000] {logging_mixin.py:190} INFO - Dag name:fetch_and_store_amazon_books queued_at:2024-10-08 05:31:28.987801+00:00
[2024-10-08T05:31:50.749+0000] {logging_mixin.py:190} INFO - Task hostname:475658bd4f83 operator:PostgresOperator
[2024-10-08T05:31:50.803+0000] {local_task_job_runner.py:261} INFO - Task exited with return code 0
[2024-10-08T05:31:50.844+0000] {warnings.py:112} WARNING - /home/***/.local/lib/python3.12/site-packages/***/models/baseoperator.py:1378: AirflowProviderDeprecationWarning: Call to deprecated class PostgresOperator. (Please use `***.providers.common.sql.operators.sql.SQLExecuteQueryOperator`.Also, you can provide `hook_params={'schema': <database>}`.)
  result = cls.__new__(cls)

[2024-10-08T05:31:50.860+0000] {taskinstance.py:3891} INFO - 1 downstream tasks scheduled from follow-on schedule check
[2024-10-08T05:31:50.864+0000] {local_task_job_runner.py:240} INFO - ::endgroup::
