[2024-10-08T05:29:16.551+0000] {local_task_job_runner.py:123} INFO - ::group::Pre task execution logs
[2024-10-08T05:29:16.595+0000] {taskinstance.py:2603} INFO - Dependencies all met for dep_context=non-requeueable deps ti=<TaskInstance: fetch_and_store_amazon_books.create_table scheduled__2024-08-26T00:00:00+00:00 [queued]>
[2024-10-08T05:29:16.623+0000] {taskinstance.py:2603} INFO - Dependencies all met for dep_context=requeueable deps ti=<TaskInstance: fetch_and_store_amazon_books.create_table scheduled__2024-08-26T00:00:00+00:00 [queued]>
[2024-10-08T05:29:16.624+0000] {taskinstance.py:2856} INFO - Starting attempt 1 of 2
[2024-10-08T05:29:16.653+0000] {taskinstance.py:2879} INFO - Executing <Task(PostgresOperator): create_table> on 2024-08-26 00:00:00+00:00
[2024-10-08T05:29:16.665+0000] {warnings.py:112} WARNING - /home/***/.local/lib/python3.12/site-packages/***/task/task_runner/standard_task_runner.py:70: DeprecationWarning: This process (pid=223) is multi-threaded, use of fork() may lead to deadlocks in the child.
  pid = os.fork()

[2024-10-08T05:29:16.668+0000] {standard_task_runner.py:72} INFO - Started process 244 to run task
[2024-10-08T05:29:16.671+0000] {standard_task_runner.py:104} INFO - Running: ['***', 'tasks', 'run', 'fetch_and_store_amazon_books', 'create_table', 'scheduled__2024-08-26T00:00:00+00:00', '--job-id', '156', '--raw', '--subdir', 'DAGS_FOLDER/app.py', '--cfg-path', '/tmp/tmp_h9bxzul']
[2024-10-08T05:29:16.676+0000] {standard_task_runner.py:105} INFO - Job 156: Subtask create_table
[2024-10-08T05:29:16.827+0000] {task_command.py:467} INFO - Running <TaskInstance: fetch_and_store_amazon_books.create_table scheduled__2024-08-26T00:00:00+00:00 [running]> on host 475658bd4f83
[2024-10-08T05:29:17.057+0000] {taskinstance.py:3122} INFO - Exporting env vars: AIRFLOW_CTX_DAG_OWNER='***' AIRFLOW_CTX_DAG_ID='fetch_and_store_amazon_books' AIRFLOW_CTX_TASK_ID='create_table' AIRFLOW_CTX_EXECUTION_DATE='2024-08-26T00:00:00+00:00' AIRFLOW_CTX_TRY_NUMBER='1' AIRFLOW_CTX_DAG_RUN_ID='scheduled__2024-08-26T00:00:00+00:00'
[2024-10-08T05:29:17.071+0000] {logging_mixin.py:190} INFO - Task instance is in running state
[2024-10-08T05:29:17.073+0000] {logging_mixin.py:190} INFO -  Previous state of the Task instance: queued
[2024-10-08T05:29:17.076+0000] {logging_mixin.py:190} INFO - Current task name:create_table state:running start_date:2024-10-08 05:29:16.597461+00:00
[2024-10-08T05:29:17.077+0000] {logging_mixin.py:190} INFO - Dag name:fetch_and_store_amazon_books and current dag run status:running
[2024-10-08T05:29:17.081+0000] {taskinstance.py:731} INFO - ::endgroup::
[2024-10-08T05:29:17.083+0000] {sql.py:282} INFO - Executing: 
    CREATE TABLE IF NOT EXISTS books (
        id SERIAL PRIMARY KEY,
        title TEXT NOT NULL,
        authors TEXT,
        price TEXT,
        rating TEXT
    );
    
[2024-10-08T05:29:17.123+0000] {base.py:84} INFO - Retrieving connection 'books_connection'
[2024-10-08T05:29:17.182+0000] {base.py:84} INFO - Retrieving connection 'books_connection'
[2024-10-08T05:29:17.246+0000] {sql.py:509} INFO - Running statement: 
    CREATE TABLE IF NOT EXISTS books (
        id SERIAL PRIMARY KEY,
        title TEXT NOT NULL,
        authors TEXT,
        price TEXT,
        rating TEXT
    );
    , parameters: None
[2024-10-08T05:29:17.275+0000] {taskinstance.py:340} INFO - ::group::Post task execution logs
[2024-10-08T05:29:17.277+0000] {taskinstance.py:352} INFO - Marking task as SUCCESS. dag_id=fetch_and_store_amazon_books, task_id=create_table, run_id=scheduled__2024-08-26T00:00:00+00:00, execution_date=20240826T000000, start_date=20241008T052916, end_date=20241008T052917
[2024-10-08T05:29:17.341+0000] {logging_mixin.py:190} INFO - Task instance in success state
[2024-10-08T05:29:17.342+0000] {logging_mixin.py:190} INFO -  Previous state of the Task instance: running
[2024-10-08T05:29:17.345+0000] {logging_mixin.py:190} INFO - Dag name:fetch_and_store_amazon_books queued_at:2024-10-08 05:28:39.790786+00:00
[2024-10-08T05:29:17.350+0000] {logging_mixin.py:190} INFO - Task hostname:475658bd4f83 operator:PostgresOperator
[2024-10-08T05:29:17.440+0000] {local_task_job_runner.py:261} INFO - Task exited with return code 0
[2024-10-08T05:29:17.624+0000] {warnings.py:112} WARNING - /home/***/.local/lib/python3.12/site-packages/***/models/baseoperator.py:1378: AirflowProviderDeprecationWarning: Call to deprecated class PostgresOperator. (Please use `***.providers.common.sql.operators.sql.SQLExecuteQueryOperator`.Also, you can provide `hook_params={'schema': <database>}`.)
  result = cls.__new__(cls)

[2024-10-08T05:29:17.702+0000] {taskinstance.py:3891} INFO - 1 downstream tasks scheduled from follow-on schedule check
[2024-10-08T05:29:17.714+0000] {local_task_job_runner.py:240} INFO - ::endgroup::
