[2024-10-08T05:37:00.114+0000] {local_task_job_runner.py:123} INFO - ::group::Pre task execution logs
[2024-10-08T05:37:00.147+0000] {taskinstance.py:2603} INFO - Dependencies all met for dep_context=non-requeueable deps ti=<TaskInstance: fetch_and_store_amazon_books.insert_book_data scheduled__2024-09-16T00:00:00+00:00 [queued]>
[2024-10-08T05:37:00.154+0000] {taskinstance.py:2603} INFO - Dependencies all met for dep_context=requeueable deps ti=<TaskInstance: fetch_and_store_amazon_books.insert_book_data scheduled__2024-09-16T00:00:00+00:00 [queued]>
[2024-10-08T05:37:00.156+0000] {taskinstance.py:2856} INFO - Starting attempt 1 of 2
[2024-10-08T05:37:00.166+0000] {taskinstance.py:2879} INFO - Executing <Task(PythonOperator): insert_book_data> on 2024-09-16 00:00:00+00:00
[2024-10-08T05:37:00.177+0000] {warnings.py:112} WARNING - /home/***/.local/lib/python3.12/site-packages/***/task/task_runner/standard_task_runner.py:70: DeprecationWarning: This process (pid=405) is multi-threaded, use of fork() may lead to deadlocks in the child.
  pid = os.fork()

[2024-10-08T05:37:00.179+0000] {standard_task_runner.py:104} INFO - Running: ['***', 'tasks', 'run', 'fetch_and_store_amazon_books', 'insert_book_data', 'scheduled__2024-09-16T00:00:00+00:00', '--job-id', '309', '--raw', '--subdir', 'DAGS_FOLDER/app.py', '--cfg-path', '/tmp/tmpdu8knrrf']
[2024-10-08T05:37:00.180+0000] {standard_task_runner.py:72} INFO - Started process 407 to run task
[2024-10-08T05:37:00.181+0000] {standard_task_runner.py:105} INFO - Job 309: Subtask insert_book_data
[2024-10-08T05:37:00.301+0000] {task_command.py:467} INFO - Running <TaskInstance: fetch_and_store_amazon_books.insert_book_data scheduled__2024-09-16T00:00:00+00:00 [running]> on host 475658bd4f83
[2024-10-08T05:37:00.396+0000] {taskinstance.py:3122} INFO - Exporting env vars: AIRFLOW_CTX_DAG_OWNER='***' AIRFLOW_CTX_DAG_ID='fetch_and_store_amazon_books' AIRFLOW_CTX_TASK_ID='insert_book_data' AIRFLOW_CTX_EXECUTION_DATE='2024-09-16T00:00:00+00:00' AIRFLOW_CTX_TRY_NUMBER='1' AIRFLOW_CTX_DAG_RUN_ID='scheduled__2024-09-16T00:00:00+00:00'
[2024-10-08T05:37:00.398+0000] {logging_mixin.py:190} INFO - Task instance is in running state
[2024-10-08T05:37:00.399+0000] {logging_mixin.py:190} INFO -  Previous state of the Task instance: queued
[2024-10-08T05:37:00.399+0000] {logging_mixin.py:190} INFO - Current task name:insert_book_data state:running start_date:2024-10-08 05:37:00.147844+00:00
[2024-10-08T05:37:00.399+0000] {logging_mixin.py:190} INFO - Dag name:fetch_and_store_amazon_books and current dag run status:running
[2024-10-08T05:37:00.403+0000] {taskinstance.py:731} INFO - ::endgroup::
[2024-10-08T05:37:00.416+0000] {base.py:84} INFO - Retrieving connection 'books_connection'
[2024-10-08T05:37:00.419+0000] {sql.py:509} INFO - Running statement: 
    INSERT INTO books (title, authors, price, rating)
    VALUES (%s, %s, %s, %s)
    , parameters: ('Data Engineering with AWS - Second Edition: Acquire the skills to design and build AWS-based data transformation pipelines like a pro', 'Gareth Eagar', '41.', '4.4 out of 5 stars')
[2024-10-08T05:37:00.420+0000] {sql.py:518} INFO - Rows affected: 1
[2024-10-08T05:37:00.425+0000] {base.py:84} INFO - Retrieving connection 'books_connection'
[2024-10-08T05:37:00.428+0000] {sql.py:509} INFO - Running statement: 
    INSERT INTO books (title, authors, price, rating)
    VALUES (%s, %s, %s, %s)
    , parameters: ('Azure Data Engineer Associate Certification Guide: Ace the DP-203 exam with advanced data engineering skills', 'Giacinto Palmieri', '49.', '4.4 out of 5 stars')
[2024-10-08T05:37:00.429+0000] {sql.py:518} INFO - Rows affected: 1
[2024-10-08T05:37:00.436+0000] {base.py:84} INFO - Retrieving connection 'books_connection'
[2024-10-08T05:37:00.439+0000] {sql.py:509} INFO - Running statement: 
    INSERT INTO books (title, authors, price, rating)
    VALUES (%s, %s, %s, %s)
    , parameters: ("Azure Data Factory Cookbook: A data engineer's guide to building and managing ETL and ELT pipelines with data integration", 'Dmitry Foshin', '51.', '4.2 out of 5 stars')
[2024-10-08T05:37:00.439+0000] {sql.py:518} INFO - Rows affected: 1
[2024-10-08T05:37:00.444+0000] {base.py:84} INFO - Retrieving connection 'books_connection'
[2024-10-08T05:37:00.452+0000] {sql.py:509} INFO - Running statement: 
    INSERT INTO books (title, authors, price, rating)
    VALUES (%s, %s, %s, %s)
    , parameters: ('Fundamentals of Data Engineering: Plan and Build Robust Data Systems', 'Joe Reis', '25.', '4.7 out of 5 stars')
[2024-10-08T05:37:00.454+0000] {sql.py:518} INFO - Rows affected: 1
[2024-10-08T05:37:00.466+0000] {base.py:84} INFO - Retrieving connection 'books_connection'
[2024-10-08T05:37:00.473+0000] {sql.py:509} INFO - Running statement: 
    INSERT INTO books (title, authors, price, rating)
    VALUES (%s, %s, %s, %s)
    , parameters: ('Designing Data-Intensive Applications: The Big Ideas Behind Reliable, Scalable, and Maintainable Systems', 'Martin Kleppmann', '55.', '4.7 out of 5 stars')
[2024-10-08T05:37:00.474+0000] {sql.py:518} INFO - Rows affected: 1
[2024-10-08T05:37:00.480+0000] {base.py:84} INFO - Retrieving connection 'books_connection'
[2024-10-08T05:37:00.484+0000] {sql.py:509} INFO - Running statement: 
    INSERT INTO books (title, authors, price, rating)
    VALUES (%s, %s, %s, %s)
    , parameters: ('Fundamentals of Data Analytics: Learn Essential Skills, Embrace the Future, and Catapult Your Career in the Data-Driven World—A Comprehensive Guide to Data Literacy for Beginners', 'Russell Dawson', '17.', '4.8 out of 5 stars')
[2024-10-08T05:37:00.484+0000] {sql.py:518} INFO - Rows affected: 1
[2024-10-08T05:37:00.489+0000] {base.py:84} INFO - Retrieving connection 'books_connection'
[2024-10-08T05:37:00.493+0000] {sql.py:509} INFO - Running statement: 
    INSERT INTO books (title, authors, price, rating)
    VALUES (%s, %s, %s, %s)
    , parameters: ("Ultimate Data Engineering with Databricks: Develop Scalable Data Pipelines Using Data Engineering's Core Tenets Such as Delta Tables, Ingestion, ... Security, and Scalability (English Edition)", 'Mayank Malhotra', '37.', '4.1 out of 5 stars')
[2024-10-08T05:37:00.494+0000] {sql.py:518} INFO - Rows affected: 1
[2024-10-08T05:37:00.502+0000] {base.py:84} INFO - Retrieving connection 'books_connection'
[2024-10-08T05:37:00.506+0000] {sql.py:509} INFO - Running statement: 
    INSERT INTO books (title, authors, price, rating)
    VALUES (%s, %s, %s, %s)
    , parameters: ('Data Engineering with dbt: A practical guide to building a cloud-based, pragmatic, and dependable data platform with SQL', 'Roberto Zagni', '37.', '4.6 out of 5 stars')
[2024-10-08T05:37:00.507+0000] {sql.py:518} INFO - Rows affected: 1
[2024-10-08T05:37:00.514+0000] {base.py:84} INFO - Retrieving connection 'books_connection'
[2024-10-08T05:37:00.522+0000] {sql.py:509} INFO - Running statement: 
    INSERT INTO books (title, authors, price, rating)
    VALUES (%s, %s, %s, %s)
    , parameters: ('Data Engineering with Python: Work with massive datasets to design data models and automate data pipelines using Python', 'Paul Crickard', '37.', '4.1 out of 5 stars')
[2024-10-08T05:37:00.524+0000] {sql.py:518} INFO - Rows affected: 1
[2024-10-08T05:37:00.543+0000] {base.py:84} INFO - Retrieving connection 'books_connection'
[2024-10-08T05:37:00.551+0000] {sql.py:509} INFO - Running statement: 
    INSERT INTO books (title, authors, price, rating)
    VALUES (%s, %s, %s, %s)
    , parameters: ('Cracking the Data Engineering Interview: Land your dream job with the help of resume-building tips, over 100 mock questions, and a unique portfolio', 'Kedeisha Bryan', '26.', '4.4 out of 5 stars')
[2024-10-08T05:37:00.555+0000] {sql.py:518} INFO - Rows affected: 1
[2024-10-08T05:37:00.580+0000] {base.py:84} INFO - Retrieving connection 'books_connection'
[2024-10-08T05:37:00.595+0000] {sql.py:509} INFO - Running statement: 
    INSERT INTO books (title, authors, price, rating)
    VALUES (%s, %s, %s, %s)
    , parameters: ('Data Pipelines Pocket Reference: Moving and Processing Data for Analytics', 'James Densmore', '17.', '4.5 out of 5 stars')
[2024-10-08T05:37:00.601+0000] {sql.py:518} INFO - Rows affected: 1
[2024-10-08T05:37:00.624+0000] {base.py:84} INFO - Retrieving connection 'books_connection'
[2024-10-08T05:37:00.634+0000] {sql.py:509} INFO - Running statement: 
    INSERT INTO books (title, authors, price, rating)
    VALUES (%s, %s, %s, %s)
    , parameters: ('Ace the Data Science Interview: 201 Real Interview Questions Asked By FAANG, Tech Startups, & Wall Street', 'Nick Singh', '42.', '4.5 out of 5 stars')
[2024-10-08T05:37:00.637+0000] {sql.py:518} INFO - Rows affected: 1
[2024-10-08T05:37:00.644+0000] {base.py:84} INFO - Retrieving connection 'books_connection'
[2024-10-08T05:37:00.648+0000] {sql.py:509} INFO - Running statement: 
    INSERT INTO books (title, authors, price, rating)
    VALUES (%s, %s, %s, %s)
    , parameters: ('Ace the Data Engineering Interview: Questions and Answers for Python, SQL, Data Modeling and More', 'Sean Coyne', '24.', '3.8 out of 5 stars')
[2024-10-08T05:37:00.650+0000] {sql.py:518} INFO - Rows affected: 1
[2024-10-08T05:37:00.655+0000] {base.py:84} INFO - Retrieving connection 'books_connection'
[2024-10-08T05:37:00.660+0000] {sql.py:509} INFO - Running statement: 
    INSERT INTO books (title, authors, price, rating)
    VALUES (%s, %s, %s, %s)
    , parameters: ('Data Engineering with Databricks Cookbook: Build effective data and AI solutions using Apache Spark, Databricks, and Delta Lake', 'Pulkit Chadha', '49.', '4.3 out of 5 stars')
[2024-10-08T05:37:00.661+0000] {sql.py:518} INFO - Rows affected: 1
[2024-10-08T05:37:00.678+0000] {base.py:84} INFO - Retrieving connection 'books_connection'
[2024-10-08T05:37:00.689+0000] {sql.py:509} INFO - Running statement: 
    INSERT INTO books (title, authors, price, rating)
    VALUES (%s, %s, %s, %s)
    , parameters: ('Software Engineering for Data Scientists: From Notebooks to Scalable Systems', 'Catherine Nelson', '51.', '4.4 out of 5 stars')
[2024-10-08T05:37:00.691+0000] {sql.py:518} INFO - Rows affected: 1
[2024-10-08T05:37:00.705+0000] {base.py:84} INFO - Retrieving connection 'books_connection'
[2024-10-08T05:37:00.710+0000] {sql.py:509} INFO - Running statement: 
    INSERT INTO books (title, authors, price, rating)
    VALUES (%s, %s, %s, %s)
    , parameters: ("Engineering Data Mesh in Azure Cloud: Implement data mesh using Microsoft Azure's Cloud Adoption Framework", 'Paperback', '47.', '4.5 out of 5 stars')
[2024-10-08T05:37:00.712+0000] {sql.py:518} INFO - Rows affected: 1
[2024-10-08T05:37:00.727+0000] {base.py:84} INFO - Retrieving connection 'books_connection'
[2024-10-08T05:37:00.736+0000] {sql.py:509} INFO - Running statement: 
    INSERT INTO books (title, authors, price, rating)
    VALUES (%s, %s, %s, %s)
    , parameters: ('Python Data Engineering Resources: Forge Your Path to Success in Data Engineering, Machine Learning and AI', 'Vajo Lukic', '0.', '4.9 out of 5 stars')
[2024-10-08T05:37:00.739+0000] {sql.py:518} INFO - Rows affected: 1
[2024-10-08T05:37:00.753+0000] {base.py:84} INFO - Retrieving connection 'books_connection'
[2024-10-08T05:37:00.757+0000] {sql.py:509} INFO - Running statement: 
    INSERT INTO books (title, authors, price, rating)
    VALUES (%s, %s, %s, %s)
    , parameters: ('Essentials of Data Engineering', 'Dr. Mukesh Saini', '19.', '5.0 out of 5 stars')
[2024-10-08T05:37:00.760+0000] {sql.py:518} INFO - Rows affected: 1
[2024-10-08T05:37:00.767+0000] {base.py:84} INFO - Retrieving connection 'books_connection'
[2024-10-08T05:37:00.772+0000] {sql.py:509} INFO - Running statement: 
    INSERT INTO books (title, authors, price, rating)
    VALUES (%s, %s, %s, %s)
    , parameters: ('Data Engineering with AWS: Learn how to design and build cloud-based data transformation pipelines using AWS', 'Gareth Eagar', '49.', '4.4 out of 5 stars')
[2024-10-08T05:37:00.773+0000] {sql.py:518} INFO - Rows affected: 1
[2024-10-08T05:37:00.784+0000] {base.py:84} INFO - Retrieving connection 'books_connection'
[2024-10-08T05:37:00.798+0000] {sql.py:509} INFO - Running statement: 
    INSERT INTO books (title, authors, price, rating)
    VALUES (%s, %s, %s, %s)
    , parameters: ('Data Engineering with Python cookbook: Learn to build efficient data pipelines using the Modern Cloud Data Stack', 'Adithyan Ramanujakootam', '32.', '5.0 out of 5 stars')
[2024-10-08T05:37:00.800+0000] {sql.py:518} INFO - Rows affected: 1
[2024-10-08T05:37:00.812+0000] {base.py:84} INFO - Retrieving connection 'books_connection'
[2024-10-08T05:37:00.816+0000] {sql.py:509} INFO - Running statement: 
    INSERT INTO books (title, authors, price, rating)
    VALUES (%s, %s, %s, %s)
    , parameters: ("Data Quality Fundamentals: A Practitioner's Guide to Building Trustworthy Data Pipelines", 'Paperback', '45.', '4.1 out of 5 stars')
[2024-10-08T05:37:00.818+0000] {sql.py:518} INFO - Rows affected: 1
[2024-10-08T05:37:00.823+0000] {base.py:84} INFO - Retrieving connection 'books_connection'
[2024-10-08T05:37:00.826+0000] {sql.py:509} INFO - Running statement: 
    INSERT INTO books (title, authors, price, rating)
    VALUES (%s, %s, %s, %s)
    , parameters: ('Mastering Databricks Lakehouse Platform: Perform Data Warehousing, Data Engineering, Machine Learning, DevOps, and BI into a Single Platform (English Edition)', 'Sagar Lad', '32.', '3.6 out of 5 stars')
[2024-10-08T05:37:00.827+0000] {sql.py:518} INFO - Rows affected: 1
[2024-10-08T05:37:00.836+0000] {base.py:84} INFO - Retrieving connection 'books_connection'
[2024-10-08T05:37:00.848+0000] {sql.py:509} INFO - Running statement: 
    INSERT INTO books (title, authors, price, rating)
    VALUES (%s, %s, %s, %s)
    , parameters: ('Build a Career in Data Science', 'Emily Robinson', '35.', '4.6 out of 5 stars')
[2024-10-08T05:37:00.851+0000] {sql.py:518} INFO - Rows affected: 1
[2024-10-08T05:37:00.864+0000] {base.py:84} INFO - Retrieving connection 'books_connection'
[2024-10-08T05:37:00.867+0000] {sql.py:509} INFO - Running statement: 
    INSERT INTO books (title, authors, price, rating)
    VALUES (%s, %s, %s, %s)
    , parameters: ('Fundamentals of Data Engineering: A Comprehensive Guide to Designing, Building, and Managing Data Pipelines, Storage Solutions, and Processing Frameworks.', 'Paperback', '14.', '5.0 out of 5 stars')
[2024-10-08T05:37:00.868+0000] {sql.py:518} INFO - Rows affected: 1
[2024-10-08T05:37:00.875+0000] {base.py:84} INFO - Retrieving connection 'books_connection'
[2024-10-08T05:37:00.879+0000] {sql.py:509} INFO - Running statement: 
    INSERT INTO books (title, authors, price, rating)
    VALUES (%s, %s, %s, %s)
    , parameters: ('Data Engineering with Google Cloud Platform: A practical guide to operationalizing scalable data analytics systems on GCP', 'Adi Wijaya', '41.', '4.7 out of 5 stars')
[2024-10-08T05:37:00.880+0000] {sql.py:518} INFO - Rows affected: 1
[2024-10-08T05:37:00.890+0000] {base.py:84} INFO - Retrieving connection 'books_connection'
[2024-10-08T05:37:00.897+0000] {sql.py:509} INFO - Running statement: 
    INSERT INTO books (title, authors, price, rating)
    VALUES (%s, %s, %s, %s)
    , parameters: ('Data Engineering with Google Cloud Platform: A guide to leveling up as a data engineer by building a scalable data platform with Google Cloud', 'Adi Wijaya', '40.', '4.8 out of 5 stars')
[2024-10-08T05:37:00.898+0000] {sql.py:518} INFO - Rows affected: 1
[2024-10-08T05:37:00.906+0000] {base.py:84} INFO - Retrieving connection 'books_connection'
[2024-10-08T05:37:00.911+0000] {sql.py:509} INFO - Running statement: 
    INSERT INTO books (title, authors, price, rating)
    VALUES (%s, %s, %s, %s)
    , parameters: ('DATA ENGINEERING AND AI FOR BEGINNERS: Revolutionizing Data Processing and Analytics by Leveraging Artificial Intelligence for Efficient Input Collection, Storage, and Transformation (World of AI)', 'Paperback', '13.', '4.3 out of 5 stars')
[2024-10-08T05:37:00.912+0000] {sql.py:518} INFO - Rows affected: 1
[2024-10-08T05:37:00.916+0000] {base.py:84} INFO - Retrieving connection 'books_connection'
[2024-10-08T05:37:00.918+0000] {sql.py:509} INFO - Running statement: 
    INSERT INTO books (title, authors, price, rating)
    VALUES (%s, %s, %s, %s)
    , parameters: ('Data Privacy: A runbook for engineers', 'Nishant Bhajaria', '35.', '4.8 out of 5 stars')
[2024-10-08T05:37:00.919+0000] {sql.py:518} INFO - Rows affected: 1
[2024-10-08T05:37:00.923+0000] {base.py:84} INFO - Retrieving connection 'books_connection'
[2024-10-08T05:37:00.926+0000] {sql.py:509} INFO - Running statement: 
    INSERT INTO books (title, authors, price, rating)
    VALUES (%s, %s, %s, %s)
    , parameters: ('Data Engineering Fundamentals for Beginners: Mastering the Art of Building, Managing, and Scaling Data Systems', 'Paperback', '14.', '5.0 out of 5 stars')
[2024-10-08T05:37:00.926+0000] {sql.py:518} INFO - Rows affected: 1
[2024-10-08T05:37:00.931+0000] {base.py:84} INFO - Retrieving connection 'books_connection'
[2024-10-08T05:37:00.933+0000] {sql.py:509} INFO - Running statement: 
    INSERT INTO books (title, authors, price, rating)
    VALUES (%s, %s, %s, %s)
    , parameters: ('Data Engineering with Apache Spark, Delta Lake, and Lakehouse: Create scalable pipelines that ingest, curate, and aggregate complex data in a timely and secure way', 'Manoj Kukreja', '46.', '3.9 out of 5 stars')
[2024-10-08T05:37:00.934+0000] {sql.py:518} INFO - Rows affected: 1
[2024-10-08T05:37:00.939+0000] {base.py:84} INFO - Retrieving connection 'books_connection'
[2024-10-08T05:37:00.941+0000] {sql.py:509} INFO - Running statement: 
    INSERT INTO books (title, authors, price, rating)
    VALUES (%s, %s, %s, %s)
    , parameters: ('Data-Driven Science and Engineering: Machine Learning, Dynamical Systems, and Control', 'Steven L. Brunton', '64.', '4.8 out of 5 stars')
[2024-10-08T05:37:00.942+0000] {sql.py:518} INFO - Rows affected: 1
[2024-10-08T05:37:00.947+0000] {base.py:84} INFO - Retrieving connection 'books_connection'
[2024-10-08T05:37:00.949+0000] {sql.py:509} INFO - Running statement: 
    INSERT INTO books (title, authors, price, rating)
    VALUES (%s, %s, %s, %s)
    , parameters: ('97 Things Every Data Engineer Should Know: Collective Wisdom from the Experts', 'Tobias Macey', '28.', '4.1 out of 5 stars')
[2024-10-08T05:37:00.950+0000] {sql.py:518} INFO - Rows affected: 1
[2024-10-08T05:37:00.954+0000] {base.py:84} INFO - Retrieving connection 'books_connection'
[2024-10-08T05:37:00.957+0000] {sql.py:509} INFO - Running statement: 
    INSERT INTO books (title, authors, price, rating)
    VALUES (%s, %s, %s, %s)
    , parameters: ('Analytics Engineering with SQL and dbt: Building Meaningful Data Models at Scale', 'Rui Pedro Machado', '41.', '3.9 out of 5 stars')
[2024-10-08T05:37:00.957+0000] {sql.py:518} INFO - Rows affected: 1
[2024-10-08T05:37:00.961+0000] {base.py:84} INFO - Retrieving connection 'books_connection'
[2024-10-08T05:37:00.964+0000] {sql.py:509} INFO - Running statement: 
    INSERT INTO books (title, authors, price, rating)
    VALUES (%s, %s, %s, %s)
    , parameters: ('Data Engineering with Scala and Spark: Build streaming and batch pipelines that process massive amounts of data using Scala', 'Eric Tome', '29.', '4.1 out of 5 stars')
[2024-10-08T05:37:00.965+0000] {sql.py:518} INFO - Rows affected: 1
[2024-10-08T05:37:00.969+0000] {base.py:84} INFO - Retrieving connection 'books_connection'
[2024-10-08T05:37:00.972+0000] {sql.py:509} INFO - Running statement: 
    INSERT INTO books (title, authors, price, rating)
    VALUES (%s, %s, %s, %s)
    , parameters: ('Storytelling with Data: A Data Visualization Guide for Business Professionals', 'Cole Nussbaumer Knaflic', '27.', '4.6 out of 5 stars')
[2024-10-08T05:37:00.972+0000] {sql.py:518} INFO - Rows affected: 1
[2024-10-08T05:37:00.979+0000] {base.py:84} INFO - Retrieving connection 'books_connection'
[2024-10-08T05:37:00.986+0000] {sql.py:509} INFO - Running statement: 
    INSERT INTO books (title, authors, price, rating)
    VALUES (%s, %s, %s, %s)
    , parameters: ('Data Mesh: Delivering Data-Driven Value at Scale', 'Zhamak Dehghani', '43.', '4.5 out of 5 stars')
[2024-10-08T05:37:00.988+0000] {sql.py:518} INFO - Rows affected: 1
[2024-10-08T05:37:00.996+0000] {base.py:84} INFO - Retrieving connection 'books_connection'
[2024-10-08T05:37:01.002+0000] {sql.py:509} INFO - Running statement: 
    INSERT INTO books (title, authors, price, rating)
    VALUES (%s, %s, %s, %s)
    , parameters: ('Data Engineering 101', 'Kindle', '0.', '3.9 out of 5 stars')
[2024-10-08T05:37:01.003+0000] {sql.py:518} INFO - Rows affected: 1
[2024-10-08T05:37:01.009+0000] {base.py:84} INFO - Retrieving connection 'books_connection'
[2024-10-08T05:37:01.012+0000] {sql.py:509} INFO - Running statement: 
    INSERT INTO books (title, authors, price, rating)
    VALUES (%s, %s, %s, %s)
    , parameters: ('Data Modeling with Snowflake: A practical guide to accelerating Snowflake development using universal data modeling techniques', 'Serge Gershkovich', '36.', '4.8 out of 5 stars')
[2024-10-08T05:37:01.013+0000] {sql.py:518} INFO - Rows affected: 1
[2024-10-08T05:37:01.018+0000] {base.py:84} INFO - Retrieving connection 'books_connection'
[2024-10-08T05:37:01.026+0000] {sql.py:509} INFO - Running statement: 
    INSERT INTO books (title, authors, price, rating)
    VALUES (%s, %s, %s, %s)
    , parameters: ('Official Google Cloud Certified Professional Data Engineer Study Guide', 'Dan Sullivan', '33.', '4.5 out of 5 stars')
[2024-10-08T05:37:01.028+0000] {sql.py:518} INFO - Rows affected: 1
[2024-10-08T05:37:01.037+0000] {base.py:84} INFO - Retrieving connection 'books_connection'
[2024-10-08T05:37:01.041+0000] {sql.py:509} INFO - Running statement: 
    INSERT INTO books (title, authors, price, rating)
    VALUES (%s, %s, %s, %s)
    , parameters: ('Machine Learning Engineering', 'Andriy Burkov', '39.', '4.7 out of 5 stars')
[2024-10-08T05:37:01.042+0000] {sql.py:518} INFO - Rows affected: 1
[2024-10-08T05:37:01.047+0000] {base.py:84} INFO - Retrieving connection 'books_connection'
[2024-10-08T05:37:01.050+0000] {sql.py:509} INFO - Running statement: 
    INSERT INTO books (title, authors, price, rating)
    VALUES (%s, %s, %s, %s)
    , parameters: ('Fundamentals of Data Observability: Implement Trustworthy End-to-End Data Solutions', 'Andy Petrella', '36.', '4.0 out of 5 stars')
[2024-10-08T05:37:01.051+0000] {sql.py:518} INFO - Rows affected: 1
[2024-10-08T05:37:01.056+0000] {base.py:84} INFO - Retrieving connection 'books_connection'
[2024-10-08T05:37:01.058+0000] {sql.py:509} INFO - Running statement: 
    INSERT INTO books (title, authors, price, rating)
    VALUES (%s, %s, %s, %s)
    , parameters: ('Modern Data Engineering with Apache Spark: A Hands-On Guide for Building Mission-Critical Streaming Applications', 'Scott Haines', '29.', '4.1 out of 5 stars')
[2024-10-08T05:37:01.059+0000] {sql.py:518} INFO - Rows affected: 1
[2024-10-08T05:37:01.062+0000] {base.py:84} INFO - Retrieving connection 'books_connection'
[2024-10-08T05:37:01.065+0000] {sql.py:509} INFO - Running statement: 
    INSERT INTO books (title, authors, price, rating)
    VALUES (%s, %s, %s, %s)
    , parameters: ('Python Feature Engineering Cookbook: A complete guide to crafting powerful features for your machine learning models', 'Soledad Galli', '44.', '5.0 out of 5 stars')
[2024-10-08T05:37:01.066+0000] {sql.py:518} INFO - Rows affected: 1
[2024-10-08T05:37:01.070+0000] {base.py:84} INFO - Retrieving connection 'books_connection'
[2024-10-08T05:37:01.073+0000] {sql.py:509} INFO - Running statement: 
    INSERT INTO books (title, authors, price, rating)
    VALUES (%s, %s, %s, %s)
    , parameters: ('Data Engineering with Databricks', 'Kindle', '0.', '3.4 out of 5 stars')
[2024-10-08T05:37:01.074+0000] {sql.py:518} INFO - Rows affected: 1
[2024-10-08T05:37:01.077+0000] {base.py:84} INFO - Retrieving connection 'books_connection'
[2024-10-08T05:37:01.079+0000] {sql.py:509} INFO - Running statement: 
    INSERT INTO books (title, authors, price, rating)
    VALUES (%s, %s, %s, %s)
    , parameters: ('Azure Data Factory by Example: Practical Implementation for Data Engineers', 'Richard Swinbank', '33.', '4.2 out of 5 stars')
[2024-10-08T05:37:01.080+0000] {sql.py:518} INFO - Rows affected: 1
[2024-10-08T05:37:01.084+0000] {base.py:84} INFO - Retrieving connection 'books_connection'
[2024-10-08T05:37:01.086+0000] {sql.py:509} INFO - Running statement: 
    INSERT INTO books (title, authors, price, rating)
    VALUES (%s, %s, %s, %s)
    , parameters: ('Data Quality Engineering in Financial Services: Applying Manufacturing Techniques to Data', 'Brian Buzzelli', '30.', '4.4 out of 5 stars')
[2024-10-08T05:37:01.086+0000] {sql.py:518} INFO - Rows affected: 1
[2024-10-08T05:37:01.090+0000] {base.py:84} INFO - Retrieving connection 'books_connection'
[2024-10-08T05:37:01.092+0000] {sql.py:509} INFO - Running statement: 
    INSERT INTO books (title, authors, price, rating)
    VALUES (%s, %s, %s, %s)
    , parameters: ('Prompt Engineering for Generative AI: Future-Proof Inputs for Reliable AI Outputs', 'James Phoenix', '53.', '4.5 out of 5 stars')
[2024-10-08T05:37:01.092+0000] {sql.py:518} INFO - Rows affected: 1
[2024-10-08T05:37:01.096+0000] {base.py:84} INFO - Retrieving connection 'books_connection'
[2024-10-08T05:37:01.098+0000] {sql.py:509} INFO - Running statement: 
    INSERT INTO books (title, authors, price, rating)
    VALUES (%s, %s, %s, %s)
    , parameters: ('Data Observability for Data Engineering: Proactive strategies for ensuring data accuracy and addressing broken data pipelines', 'Michele Pinto', '18.', '3.7 out of 5 stars')
[2024-10-08T05:37:01.098+0000] {sql.py:518} INFO - Rows affected: 1
[2024-10-08T05:37:01.102+0000] {base.py:84} INFO - Retrieving connection 'books_connection'
[2024-10-08T05:37:01.103+0000] {sql.py:509} INFO - Running statement: 
    INSERT INTO books (title, authors, price, rating)
    VALUES (%s, %s, %s, %s)
    , parameters: ('Better Data Visualizations: A Guide for Scholars, Researchers, and Wonks', 'Jonathan Schwabish', '26.', '4.5 out of 5 stars')
[2024-10-08T05:37:01.104+0000] {sql.py:518} INFO - Rows affected: 1
[2024-10-08T05:37:01.108+0000] {base.py:84} INFO - Retrieving connection 'books_connection'
[2024-10-08T05:37:01.110+0000] {sql.py:509} INFO - Running statement: 
    INSERT INTO books (title, authors, price, rating)
    VALUES (%s, %s, %s, %s)
    , parameters: ("Applied Machine Learning and AI for Engineers: Solve Business Problems That Can't Be Solved Algorithmically", 'Jeff Prosise', '73.', '4.5 out of 5 stars')
[2024-10-08T05:37:01.111+0000] {sql.py:518} INFO - Rows affected: 1
[2024-10-08T05:37:01.111+0000] {python.py:240} INFO - Done. Returned value was: None
[2024-10-08T05:37:01.119+0000] {taskinstance.py:340} INFO - ::group::Post task execution logs
[2024-10-08T05:37:01.120+0000] {taskinstance.py:352} INFO - Marking task as SUCCESS. dag_id=fetch_and_store_amazon_books, task_id=insert_book_data, run_id=scheduled__2024-09-16T00:00:00+00:00, execution_date=20240916T000000, start_date=20241008T053700, end_date=20241008T053701
[2024-10-08T05:37:01.138+0000] {logging_mixin.py:190} INFO - Task instance in success state
[2024-10-08T05:37:01.139+0000] {logging_mixin.py:190} INFO -  Previous state of the Task instance: running
[2024-10-08T05:37:01.139+0000] {logging_mixin.py:190} INFO - Dag name:fetch_and_store_amazon_books queued_at:2024-10-08 05:31:28.339067+00:00
[2024-10-08T05:37:01.139+0000] {logging_mixin.py:190} INFO - Task hostname:475658bd4f83 operator:PythonOperator
[2024-10-08T05:37:01.159+0000] {local_task_job_runner.py:261} INFO - Task exited with return code 0
[2024-10-08T05:37:01.203+0000] {taskinstance.py:3891} INFO - 0 downstream tasks scheduled from follow-on schedule check
[2024-10-08T05:37:01.205+0000] {local_task_job_runner.py:240} INFO - ::endgroup::
