[2024-10-08T05:28:32.643+0000] {local_task_job_runner.py:123} INFO - ::group::Pre task execution logs
[2024-10-08T05:28:32.661+0000] {taskinstance.py:2603} INFO - Dependencies all met for dep_context=non-requeueable deps ti=<TaskInstance: fetch_and_store_amazon_books.insert_book_data scheduled__2024-07-20T00:00:00+00:00 [queued]>
[2024-10-08T05:28:32.684+0000] {taskinstance.py:2603} INFO - Dependencies all met for dep_context=requeueable deps ti=<TaskInstance: fetch_and_store_amazon_books.insert_book_data scheduled__2024-07-20T00:00:00+00:00 [queued]>
[2024-10-08T05:28:32.685+0000] {taskinstance.py:2856} INFO - Starting attempt 2 of 2
[2024-10-08T05:28:32.706+0000] {taskinstance.py:2879} INFO - Executing <Task(PythonOperator): insert_book_data> on 2024-07-20 00:00:00+00:00
[2024-10-08T05:28:32.722+0000] {warnings.py:112} WARNING - /home/***/.local/lib/python3.12/site-packages/***/task/task_runner/standard_task_runner.py:70: DeprecationWarning: This process (pid=154) is multi-threaded, use of fork() may lead to deadlocks in the child.
  pid = os.fork()

[2024-10-08T05:28:32.723+0000] {standard_task_runner.py:72} INFO - Started process 165 to run task
[2024-10-08T05:28:32.725+0000] {standard_task_runner.py:104} INFO - Running: ['***', 'tasks', 'run', 'fetch_and_store_amazon_books', 'insert_book_data', 'scheduled__2024-07-20T00:00:00+00:00', '--job-id', '139', '--raw', '--subdir', 'DAGS_FOLDER/app.py', '--cfg-path', '/tmp/tmppel7n8ic']
[2024-10-08T05:28:32.726+0000] {standard_task_runner.py:105} INFO - Job 139: Subtask insert_book_data
[2024-10-08T05:28:32.812+0000] {task_command.py:467} INFO - Running <TaskInstance: fetch_and_store_amazon_books.insert_book_data scheduled__2024-07-20T00:00:00+00:00 [running]> on host 475658bd4f83
[2024-10-08T05:28:32.948+0000] {taskinstance.py:3122} INFO - Exporting env vars: AIRFLOW_CTX_DAG_OWNER='***' AIRFLOW_CTX_DAG_ID='fetch_and_store_amazon_books' AIRFLOW_CTX_TASK_ID='insert_book_data' AIRFLOW_CTX_EXECUTION_DATE='2024-07-20T00:00:00+00:00' AIRFLOW_CTX_TRY_NUMBER='2' AIRFLOW_CTX_DAG_RUN_ID='scheduled__2024-07-20T00:00:00+00:00'
[2024-10-08T05:28:32.952+0000] {logging_mixin.py:190} INFO - Task instance is in running state
[2024-10-08T05:28:32.953+0000] {logging_mixin.py:190} INFO -  Previous state of the Task instance: queued
[2024-10-08T05:28:32.953+0000] {logging_mixin.py:190} INFO - Current task name:insert_book_data state:running start_date:2024-10-08 05:28:32.661746+00:00
[2024-10-08T05:28:32.954+0000] {logging_mixin.py:190} INFO - Dag name:fetch_and_store_amazon_books and current dag run status:running
[2024-10-08T05:28:32.954+0000] {taskinstance.py:731} INFO - ::endgroup::
[2024-10-08T05:28:32.994+0000] {base.py:84} INFO - Retrieving connection 'books_connection'
[2024-10-08T05:28:33.000+0000] {sql.py:509} INFO - Running statement: 
    INSERT INTO books (title, authors, price, rating)
    VALUES (%s, %s, %s, %s)
    , parameters: ('Data Engineering with AWS - Second Edition: Acquire the skills to design and build AWS-based data transformation pipelines like a pro', 'Gareth Eagar', '41.', '4.4 out of 5 stars')
[2024-10-08T05:28:33.002+0000] {sql.py:518} INFO - Rows affected: 1
[2024-10-08T05:28:33.015+0000] {base.py:84} INFO - Retrieving connection 'books_connection'
[2024-10-08T05:28:33.026+0000] {sql.py:509} INFO - Running statement: 
    INSERT INTO books (title, authors, price, rating)
    VALUES (%s, %s, %s, %s)
    , parameters: ('Azure Data Engineer Associate Certification Guide: Ace the DP-203 exam with advanced data engineering skills', 'Giacinto Palmieri', '49.', '4.4 out of 5 stars')
[2024-10-08T05:28:33.032+0000] {sql.py:518} INFO - Rows affected: 1
[2024-10-08T05:28:33.046+0000] {base.py:84} INFO - Retrieving connection 'books_connection'
[2024-10-08T05:28:33.053+0000] {sql.py:509} INFO - Running statement: 
    INSERT INTO books (title, authors, price, rating)
    VALUES (%s, %s, %s, %s)
    , parameters: ("Azure Data Factory Cookbook: A data engineer's guide to building and managing ETL and ELT pipelines with data integration", 'Dmitry Foshin', '51.', '4.2 out of 5 stars')
[2024-10-08T05:28:33.056+0000] {sql.py:518} INFO - Rows affected: 1
[2024-10-08T05:28:33.069+0000] {base.py:84} INFO - Retrieving connection 'books_connection'
[2024-10-08T05:28:33.074+0000] {sql.py:509} INFO - Running statement: 
    INSERT INTO books (title, authors, price, rating)
    VALUES (%s, %s, %s, %s)
    , parameters: ('Fundamentals of Data Engineering: Plan and Build Robust Data Systems', 'Joe Reis', '25.', '4.7 out of 5 stars')
[2024-10-08T05:28:33.075+0000] {sql.py:518} INFO - Rows affected: 1
[2024-10-08T05:28:33.086+0000] {base.py:84} INFO - Retrieving connection 'books_connection'
[2024-10-08T05:28:33.090+0000] {sql.py:509} INFO - Running statement: 
    INSERT INTO books (title, authors, price, rating)
    VALUES (%s, %s, %s, %s)
    , parameters: ('Designing Data-Intensive Applications: The Big Ideas Behind Reliable, Scalable, and Maintainable Systems', 'Martin Kleppmann', '55.', '4.7 out of 5 stars')
[2024-10-08T05:28:33.092+0000] {sql.py:518} INFO - Rows affected: 1
[2024-10-08T05:28:33.100+0000] {base.py:84} INFO - Retrieving connection 'books_connection'
[2024-10-08T05:28:33.104+0000] {sql.py:509} INFO - Running statement: 
    INSERT INTO books (title, authors, price, rating)
    VALUES (%s, %s, %s, %s)
    , parameters: ('Data Engineering with Python: Work with massive datasets to design data models and automate data pipelines using Python', 'Paul Crickard', '37.', '4.1 out of 5 stars')
[2024-10-08T05:28:33.106+0000] {sql.py:518} INFO - Rows affected: 1
[2024-10-08T05:28:33.118+0000] {base.py:84} INFO - Retrieving connection 'books_connection'
[2024-10-08T05:28:33.129+0000] {sql.py:509} INFO - Running statement: 
    INSERT INTO books (title, authors, price, rating)
    VALUES (%s, %s, %s, %s)
    , parameters: ('Cracking the Data Engineering Interview: Land your dream job with the help of resume-building tips, over 100 mock questions, and a unique portfolio', 'Kedeisha Bryan', '26.', '4.4 out of 5 stars')
[2024-10-08T05:28:33.130+0000] {sql.py:518} INFO - Rows affected: 1
[2024-10-08T05:28:33.143+0000] {base.py:84} INFO - Retrieving connection 'books_connection'
[2024-10-08T05:28:33.150+0000] {sql.py:509} INFO - Running statement: 
    INSERT INTO books (title, authors, price, rating)
    VALUES (%s, %s, %s, %s)
    , parameters: ('Data Pipelines Pocket Reference: Moving and Processing Data for Analytics', 'James Densmore', '17.', '4.5 out of 5 stars')
[2024-10-08T05:28:33.152+0000] {sql.py:518} INFO - Rows affected: 1
[2024-10-08T05:28:33.160+0000] {base.py:84} INFO - Retrieving connection 'books_connection'
[2024-10-08T05:28:33.165+0000] {sql.py:509} INFO - Running statement: 
    INSERT INTO books (title, authors, price, rating)
    VALUES (%s, %s, %s, %s)
    , parameters: ('Ace the Data Science Interview: 201 Real Interview Questions Asked By FAANG, Tech Startups, & Wall Street', 'Nick Singh', '42.', '4.5 out of 5 stars')
[2024-10-08T05:28:33.168+0000] {sql.py:518} INFO - Rows affected: 1
[2024-10-08T05:28:33.188+0000] {base.py:84} INFO - Retrieving connection 'books_connection'
[2024-10-08T05:28:33.211+0000] {sql.py:509} INFO - Running statement: 
    INSERT INTO books (title, authors, price, rating)
    VALUES (%s, %s, %s, %s)
    , parameters: ('Ace the Data Engineering Interview: Questions and Answers for Python, SQL, Data Modeling and More', 'Sean Coyne', '24.', '3.8 out of 5 stars')
[2024-10-08T05:28:33.214+0000] {sql.py:518} INFO - Rows affected: 1
[2024-10-08T05:28:33.231+0000] {base.py:84} INFO - Retrieving connection 'books_connection'
[2024-10-08T05:28:33.238+0000] {sql.py:509} INFO - Running statement: 
    INSERT INTO books (title, authors, price, rating)
    VALUES (%s, %s, %s, %s)
    , parameters: ('Data Engineering with Databricks Cookbook: Build effective data and AI solutions using Apache Spark, Databricks, and Delta Lake', 'Pulkit Chadha', '49.', '4.3 out of 5 stars')
[2024-10-08T05:28:33.239+0000] {sql.py:518} INFO - Rows affected: 1
[2024-10-08T05:28:33.245+0000] {base.py:84} INFO - Retrieving connection 'books_connection'
[2024-10-08T05:28:33.248+0000] {sql.py:509} INFO - Running statement: 
    INSERT INTO books (title, authors, price, rating)
    VALUES (%s, %s, %s, %s)
    , parameters: ('Software Engineering for Data Scientists: From Notebooks to Scalable Systems', 'Catherine Nelson', '51.', '4.4 out of 5 stars')
[2024-10-08T05:28:33.249+0000] {sql.py:518} INFO - Rows affected: 1
[2024-10-08T05:28:33.256+0000] {base.py:84} INFO - Retrieving connection 'books_connection'
[2024-10-08T05:28:33.260+0000] {sql.py:509} INFO - Running statement: 
    INSERT INTO books (title, authors, price, rating)
    VALUES (%s, %s, %s, %s)
    , parameters: ('Data Engineering with dbt: A practical guide to building a cloud-based, pragmatic, and dependable data platform with SQL', 'Roberto Zagni', '37.', '4.6 out of 5 stars')
[2024-10-08T05:28:33.261+0000] {sql.py:518} INFO - Rows affected: 1
[2024-10-08T05:28:33.268+0000] {base.py:84} INFO - Retrieving connection 'books_connection'
[2024-10-08T05:28:33.277+0000] {sql.py:509} INFO - Running statement: 
    INSERT INTO books (title, authors, price, rating)
    VALUES (%s, %s, %s, %s)
    , parameters: ('Essentials of Data Engineering', 'Dr. Mukesh Saini', '19.', '5.0 out of 5 stars')
[2024-10-08T05:28:33.282+0000] {sql.py:518} INFO - Rows affected: 1
[2024-10-08T05:28:33.304+0000] {base.py:84} INFO - Retrieving connection 'books_connection'
[2024-10-08T05:28:33.310+0000] {sql.py:509} INFO - Running statement: 
    INSERT INTO books (title, authors, price, rating)
    VALUES (%s, %s, %s, %s)
    , parameters: ('Data Engineering with AWS: Learn how to design and build cloud-based data transformation pipelines using AWS', 'Gareth Eagar', '49.', '4.4 out of 5 stars')
[2024-10-08T05:28:33.311+0000] {sql.py:518} INFO - Rows affected: 1
[2024-10-08T05:28:33.321+0000] {base.py:84} INFO - Retrieving connection 'books_connection'
[2024-10-08T05:28:33.325+0000] {sql.py:509} INFO - Running statement: 
    INSERT INTO books (title, authors, price, rating)
    VALUES (%s, %s, %s, %s)
    , parameters: ('Data Engineering with Python cookbook: Learn to build efficient data pipelines using the Modern Cloud Data Stack', 'Adithyan Ramanujakootam', '32.', '5.0 out of 5 stars')
[2024-10-08T05:28:33.326+0000] {sql.py:518} INFO - Rows affected: 1
[2024-10-08T05:28:33.333+0000] {base.py:84} INFO - Retrieving connection 'books_connection'
[2024-10-08T05:28:33.338+0000] {sql.py:509} INFO - Running statement: 
    INSERT INTO books (title, authors, price, rating)
    VALUES (%s, %s, %s, %s)
    , parameters: ("Data Quality Fundamentals: A Practitioner's Guide to Building Trustworthy Data Pipelines", 'Paperback', '45.', '4.1 out of 5 stars')
[2024-10-08T05:28:33.340+0000] {sql.py:518} INFO - Rows affected: 1
[2024-10-08T05:28:33.364+0000] {base.py:84} INFO - Retrieving connection 'books_connection'
[2024-10-08T05:28:33.374+0000] {sql.py:509} INFO - Running statement: 
    INSERT INTO books (title, authors, price, rating)
    VALUES (%s, %s, %s, %s)
    , parameters: ('Data Engineering with AWS: Building Scalable Data Pipelines in the Cloud', 'May Sherry', '14.', '5.0 out of 5 stars')
[2024-10-08T05:28:33.378+0000] {sql.py:518} INFO - Rows affected: 1
[2024-10-08T05:28:33.407+0000] {base.py:84} INFO - Retrieving connection 'books_connection'
[2024-10-08T05:28:33.411+0000] {sql.py:509} INFO - Running statement: 
    INSERT INTO books (title, authors, price, rating)
    VALUES (%s, %s, %s, %s)
    , parameters: ('Data Governance Handbook: A practical approach to building trust in data', 'Wendy S Batchelder', '49.', '5.0 out of 5 stars')
[2024-10-08T05:28:33.412+0000] {sql.py:518} INFO - Rows affected: 1
[2024-10-08T05:28:33.419+0000] {base.py:84} INFO - Retrieving connection 'books_connection'
[2024-10-08T05:28:33.423+0000] {sql.py:509} INFO - Running statement: 
    INSERT INTO books (title, authors, price, rating)
    VALUES (%s, %s, %s, %s)
    , parameters: ('Data Engineering with Google Cloud Platform: A practical guide to operationalizing scalable data analytics systems on GCP', 'Adi Wijaya', '41.', '4.7 out of 5 stars')
[2024-10-08T05:28:33.424+0000] {sql.py:518} INFO - Rows affected: 1
[2024-10-08T05:28:33.430+0000] {base.py:84} INFO - Retrieving connection 'books_connection'
[2024-10-08T05:28:33.433+0000] {sql.py:509} INFO - Running statement: 
    INSERT INTO books (title, authors, price, rating)
    VALUES (%s, %s, %s, %s)
    , parameters: ("Ultimate Data Engineering with Databricks: Develop Scalable Data Pipelines Using Data Engineering's Core Tenets Such as Delta Tables, Ingestion, ... Security, and Scalability (English Edition)", 'Mayank Malhotra', '37.', '4.1 out of 5 stars')
[2024-10-08T05:28:33.434+0000] {sql.py:518} INFO - Rows affected: 1
[2024-10-08T05:28:33.439+0000] {base.py:84} INFO - Retrieving connection 'books_connection'
[2024-10-08T05:28:33.442+0000] {sql.py:509} INFO - Running statement: 
    INSERT INTO books (title, authors, price, rating)
    VALUES (%s, %s, %s, %s)
    , parameters: ('DATA ENGINEERING AND AI FOR BEGINNERS: Revolutionizing Data Processing and Analytics by Leveraging Artificial Intelligence for Efficient Input Collection, Storage, and Transformation (World of AI)', 'Paperback', '13.', '4.3 out of 5 stars')
[2024-10-08T05:28:33.444+0000] {sql.py:518} INFO - Rows affected: 1
[2024-10-08T05:28:33.466+0000] {base.py:84} INFO - Retrieving connection 'books_connection'
[2024-10-08T05:28:33.474+0000] {sql.py:509} INFO - Running statement: 
    INSERT INTO books (title, authors, price, rating)
    VALUES (%s, %s, %s, %s)
    , parameters: ('Data Engineering with Apache Spark, Delta Lake, and Lakehouse: Create scalable pipelines that ingest, curate, and aggregate complex data in a timely and secure way', 'Manoj Kukreja', '46.', '3.9 out of 5 stars')
[2024-10-08T05:28:33.476+0000] {sql.py:518} INFO - Rows affected: 1
[2024-10-08T05:28:33.495+0000] {base.py:84} INFO - Retrieving connection 'books_connection'
[2024-10-08T05:28:33.500+0000] {sql.py:509} INFO - Running statement: 
    INSERT INTO books (title, authors, price, rating)
    VALUES (%s, %s, %s, %s)
    , parameters: ('Data-Driven Science and Engineering: Machine Learning, Dynamical Systems, and Control', 'Steven L. Brunton', '64.', '4.8 out of 5 stars')
[2024-10-08T05:28:33.503+0000] {sql.py:518} INFO - Rows affected: 1
[2024-10-08T05:28:33.513+0000] {base.py:84} INFO - Retrieving connection 'books_connection'
[2024-10-08T05:28:33.517+0000] {sql.py:509} INFO - Running statement: 
    INSERT INTO books (title, authors, price, rating)
    VALUES (%s, %s, %s, %s)
    , parameters: ('Data Engineering with Alteryx: Helping data engineers apply DataOps practices with Alteryx', 'Paul Houghton', '44.', '4.3 out of 5 stars')
[2024-10-08T05:28:33.518+0000] {sql.py:518} INFO - Rows affected: 1
[2024-10-08T05:28:33.525+0000] {base.py:84} INFO - Retrieving connection 'books_connection'
[2024-10-08T05:28:33.530+0000] {sql.py:509} INFO - Running statement: 
    INSERT INTO books (title, authors, price, rating)
    VALUES (%s, %s, %s, %s)
    , parameters: ('Fundamentals of Data Engineering: A Comprehensive Guide to Designing, Building, and Managing Data Pipelines, Storage Solutions, and Processing Frameworks.', 'Paperback', '14.', '5.0 out of 5 stars')
[2024-10-08T05:28:33.532+0000] {sql.py:518} INFO - Rows affected: 1
[2024-10-08T05:28:33.547+0000] {base.py:84} INFO - Retrieving connection 'books_connection'
[2024-10-08T05:28:33.562+0000] {sql.py:509} INFO - Running statement: 
    INSERT INTO books (title, authors, price, rating)
    VALUES (%s, %s, %s, %s)
    , parameters: ('Data Engineering with Google Cloud Platform: A guide to leveling up as a data engineer by building a scalable data platform with Google Cloud', 'Adi Wijaya', '40.', '4.8 out of 5 stars')
[2024-10-08T05:28:33.565+0000] {sql.py:518} INFO - Rows affected: 1
[2024-10-08T05:28:33.577+0000] {base.py:84} INFO - Retrieving connection 'books_connection'
[2024-10-08T05:28:33.582+0000] {sql.py:509} INFO - Running statement: 
    INSERT INTO books (title, authors, price, rating)
    VALUES (%s, %s, %s, %s)
    , parameters: ('97 Things Every Data Engineer Should Know: Collective Wisdom from the Experts', 'Tobias Macey', '28.', '4.1 out of 5 stars')
[2024-10-08T05:28:33.585+0000] {sql.py:518} INFO - Rows affected: 1
[2024-10-08T05:28:33.592+0000] {base.py:84} INFO - Retrieving connection 'books_connection'
[2024-10-08T05:28:33.595+0000] {sql.py:509} INFO - Running statement: 
    INSERT INTO books (title, authors, price, rating)
    VALUES (%s, %s, %s, %s)
    , parameters: ('Python Data Engineering Resources: Forge Your Path to Success in Data Engineering, Machine Learning and AI', 'Vajo Lukic', '0.', '4.9 out of 5 stars')
[2024-10-08T05:28:33.596+0000] {sql.py:518} INFO - Rows affected: 1
[2024-10-08T05:28:33.604+0000] {base.py:84} INFO - Retrieving connection 'books_connection'
[2024-10-08T05:28:33.608+0000] {sql.py:509} INFO - Running statement: 
    INSERT INTO books (title, authors, price, rating)
    VALUES (%s, %s, %s, %s)
    , parameters: ('Data Engineering with AWS', 'May Sherry', '14.', '5.0 out of 5 stars')
[2024-10-08T05:28:33.610+0000] {sql.py:518} INFO - Rows affected: 1
[2024-10-08T05:28:33.641+0000] {base.py:84} INFO - Retrieving connection 'books_connection'
[2024-10-08T05:28:33.660+0000] {sql.py:509} INFO - Running statement: 
    INSERT INTO books (title, authors, price, rating)
    VALUES (%s, %s, %s, %s)
    , parameters: ('Data Engineering Fundamentals for Beginners: Mastering the Art of Building, Managing, and Scaling Data Systems', 'Paperback', '14.', '5.0 out of 5 stars')
[2024-10-08T05:28:33.663+0000] {sql.py:518} INFO - Rows affected: 1
[2024-10-08T05:28:33.676+0000] {base.py:84} INFO - Retrieving connection 'books_connection'
[2024-10-08T05:28:33.687+0000] {sql.py:509} INFO - Running statement: 
    INSERT INTO books (title, authors, price, rating)
    VALUES (%s, %s, %s, %s)
    , parameters: ("Data: Principles To Practice - Volume 1 'Foundations': Essential Foundations: Key Concepts behind Data Architecture, Engineering and Analysis for Professionals", 'Mr Alex Holloway', '12.', '4.6 out of 5 stars')
[2024-10-08T05:28:33.691+0000] {sql.py:518} INFO - Rows affected: 1
[2024-10-08T05:28:33.707+0000] {base.py:84} INFO - Retrieving connection 'books_connection'
[2024-10-08T05:28:33.715+0000] {sql.py:509} INFO - Running statement: 
    INSERT INTO books (title, authors, price, rating)
    VALUES (%s, %s, %s, %s)
    , parameters: ('Analytics Engineering with SQL and dbt: Building Meaningful Data Models at Scale', 'Rui Pedro Machado', '41.', '3.9 out of 5 stars')
[2024-10-08T05:28:33.718+0000] {sql.py:518} INFO - Rows affected: 1
[2024-10-08T05:28:33.740+0000] {base.py:84} INFO - Retrieving connection 'books_connection'
[2024-10-08T05:28:33.752+0000] {sql.py:509} INFO - Running statement: 
    INSERT INTO books (title, authors, price, rating)
    VALUES (%s, %s, %s, %s)
    , parameters: ('Data Engineering with Scala and Spark: Build streaming and batch pipelines that process massive amounts of data using Scala', 'Eric Tome', '29.', '4.1 out of 5 stars')
[2024-10-08T05:28:33.757+0000] {sql.py:518} INFO - Rows affected: 1
[2024-10-08T05:28:33.773+0000] {base.py:84} INFO - Retrieving connection 'books_connection'
[2024-10-08T05:28:33.781+0000] {sql.py:509} INFO - Running statement: 
    INSERT INTO books (title, authors, price, rating)
    VALUES (%s, %s, %s, %s)
    , parameters: ('Storytelling with Data: A Data Visualization Guide for Business Professionals', 'Cole Nussbaumer Knaflic', '27.', '4.6 out of 5 stars')
[2024-10-08T05:28:33.784+0000] {sql.py:518} INFO - Rows affected: 1
[2024-10-08T05:28:33.801+0000] {base.py:84} INFO - Retrieving connection 'books_connection'
[2024-10-08T05:28:33.809+0000] {sql.py:509} INFO - Running statement: 
    INSERT INTO books (title, authors, price, rating)
    VALUES (%s, %s, %s, %s)
    , parameters: ('Data Observability for Data Engineering: Proactive strategies for ensuring data accuracy and addressing broken data pipelines', 'Michele Pinto', '36.', '3.7 out of 5 stars')
[2024-10-08T05:28:33.812+0000] {sql.py:518} INFO - Rows affected: 1
[2024-10-08T05:28:33.830+0000] {base.py:84} INFO - Retrieving connection 'books_connection'
[2024-10-08T05:28:33.839+0000] {sql.py:509} INFO - Running statement: 
    INSERT INTO books (title, authors, price, rating)
    VALUES (%s, %s, %s, %s)
    , parameters: ('Data Mesh: Delivering Data-Driven Value at Scale', 'Zhamak Dehghani', '43.', '4.5 out of 5 stars')
[2024-10-08T05:28:33.840+0000] {sql.py:518} INFO - Rows affected: 1
[2024-10-08T05:28:33.848+0000] {base.py:84} INFO - Retrieving connection 'books_connection'
[2024-10-08T05:28:33.855+0000] {sql.py:509} INFO - Running statement: 
    INSERT INTO books (title, authors, price, rating)
    VALUES (%s, %s, %s, %s)
    , parameters: ('Data Engineering 101', 'Kindle', '0.', '3.9 out of 5 stars')
[2024-10-08T05:28:33.857+0000] {sql.py:518} INFO - Rows affected: 1
[2024-10-08T05:28:33.871+0000] {base.py:84} INFO - Retrieving connection 'books_connection'
[2024-10-08T05:28:33.880+0000] {sql.py:509} INFO - Running statement: 
    INSERT INTO books (title, authors, price, rating)
    VALUES (%s, %s, %s, %s)
    , parameters: ('Data Modeling with Snowflake: A practical guide to accelerating Snowflake development using universal data modeling techniques', 'Serge Gershkovich', '36.', '4.8 out of 5 stars')
[2024-10-08T05:28:33.884+0000] {sql.py:518} INFO - Rows affected: 1
[2024-10-08T05:28:33.898+0000] {base.py:84} INFO - Retrieving connection 'books_connection'
[2024-10-08T05:28:33.904+0000] {sql.py:509} INFO - Running statement: 
    INSERT INTO books (title, authors, price, rating)
    VALUES (%s, %s, %s, %s)
    , parameters: ('Fundamentals of Data Analytics: Learn Essential Skills, Embrace the Future, and Catapult Your Career in the Data-Driven World—A Comprehensive Guide to Data Literacy for Beginners', 'Russell Dawson', '17.', '4.8 out of 5 stars')
[2024-10-08T05:28:33.907+0000] {sql.py:518} INFO - Rows affected: 1
[2024-10-08T05:28:33.917+0000] {base.py:84} INFO - Retrieving connection 'books_connection'
[2024-10-08T05:28:33.927+0000] {sql.py:509} INFO - Running statement: 
    INSERT INTO books (title, authors, price, rating)
    VALUES (%s, %s, %s, %s)
    , parameters: ('Official Google Cloud Certified Professional Data Engineer Study Guide', 'Dan Sullivan', '33.', '4.5 out of 5 stars')
[2024-10-08T05:28:33.938+0000] {sql.py:518} INFO - Rows affected: 1
[2024-10-08T05:28:33.960+0000] {base.py:84} INFO - Retrieving connection 'books_connection'
[2024-10-08T05:28:33.969+0000] {sql.py:509} INFO - Running statement: 
    INSERT INTO books (title, authors, price, rating)
    VALUES (%s, %s, %s, %s)
    , parameters: ('Machine Learning Engineering', 'Andriy Burkov', '39.', '4.7 out of 5 stars')
[2024-10-08T05:28:33.970+0000] {sql.py:518} INFO - Rows affected: 1
[2024-10-08T05:28:33.977+0000] {base.py:84} INFO - Retrieving connection 'books_connection'
[2024-10-08T05:28:33.982+0000] {sql.py:509} INFO - Running statement: 
    INSERT INTO books (title, authors, price, rating)
    VALUES (%s, %s, %s, %s)
    , parameters: ('Data Privacy: A runbook for engineers', 'Nishant Bhajaria', '35.', '4.8 out of 5 stars')
[2024-10-08T05:28:33.984+0000] {sql.py:518} INFO - Rows affected: 1
[2024-10-08T05:28:34.002+0000] {base.py:84} INFO - Retrieving connection 'books_connection'
[2024-10-08T05:28:34.008+0000] {sql.py:509} INFO - Running statement: 
    INSERT INTO books (title, authors, price, rating)
    VALUES (%s, %s, %s, %s)
    , parameters: ('Fundamentals of Data Observability: Implement Trustworthy End-to-End Data Solutions', 'Andy Petrella', '36.', '4.0 out of 5 stars')
[2024-10-08T05:28:34.011+0000] {sql.py:518} INFO - Rows affected: 1
[2024-10-08T05:28:34.023+0000] {base.py:84} INFO - Retrieving connection 'books_connection'
[2024-10-08T05:28:34.028+0000] {sql.py:509} INFO - Running statement: 
    INSERT INTO books (title, authors, price, rating)
    VALUES (%s, %s, %s, %s)
    , parameters: ('Modern Data Engineering with Apache Spark: A Hands-On Guide for Building Mission-Critical Streaming Applications', 'Scott Haines', '28.', '4.1 out of 5 stars')
[2024-10-08T05:28:34.029+0000] {sql.py:518} INFO - Rows affected: 1
[2024-10-08T05:28:34.038+0000] {base.py:84} INFO - Retrieving connection 'books_connection'
[2024-10-08T05:28:34.042+0000] {sql.py:509} INFO - Running statement: 
    INSERT INTO books (title, authors, price, rating)
    VALUES (%s, %s, %s, %s)
    , parameters: ('Python Feature Engineering Cookbook: A complete guide to crafting powerful features for your machine learning models', 'Soledad Galli', '44.', '5.0 out of 5 stars')
[2024-10-08T05:28:34.043+0000] {sql.py:518} INFO - Rows affected: 1
[2024-10-08T05:28:34.050+0000] {base.py:84} INFO - Retrieving connection 'books_connection'
[2024-10-08T05:28:34.055+0000] {sql.py:509} INFO - Running statement: 
    INSERT INTO books (title, authors, price, rating)
    VALUES (%s, %s, %s, %s)
    , parameters: ('Data Engineering with Databricks', 'Kindle', '0.', '3.4 out of 5 stars')
[2024-10-08T05:28:34.058+0000] {sql.py:518} INFO - Rows affected: 1
[2024-10-08T05:28:34.085+0000] {base.py:84} INFO - Retrieving connection 'books_connection'
[2024-10-08T05:28:34.092+0000] {sql.py:509} INFO - Running statement: 
    INSERT INTO books (title, authors, price, rating)
    VALUES (%s, %s, %s, %s)
    , parameters: ('Azure Data Factory by Example: Practical Implementation for Data Engineers', 'Richard Swinbank', '33.', '4.2 out of 5 stars')
[2024-10-08T05:28:34.096+0000] {sql.py:518} INFO - Rows affected: 1
[2024-10-08T05:28:34.106+0000] {base.py:84} INFO - Retrieving connection 'books_connection'
[2024-10-08T05:28:34.111+0000] {sql.py:509} INFO - Running statement: 
    INSERT INTO books (title, authors, price, rating)
    VALUES (%s, %s, %s, %s)
    , parameters: ('Data Quality Engineering in Financial Services: Applying Manufacturing Techniques to Data', 'Brian Buzzelli', '30.', '4.4 out of 5 stars')
[2024-10-08T05:28:34.112+0000] {sql.py:518} INFO - Rows affected: 1
[2024-10-08T05:28:34.117+0000] {base.py:84} INFO - Retrieving connection 'books_connection'
[2024-10-08T05:28:34.120+0000] {sql.py:509} INFO - Running statement: 
    INSERT INTO books (title, authors, price, rating)
    VALUES (%s, %s, %s, %s)
    , parameters: ('Prompt Engineering for Generative AI: Future-Proof Inputs for Reliable AI Outputs', 'James Phoenix', '53.', '4.5 out of 5 stars')
[2024-10-08T05:28:34.121+0000] {sql.py:518} INFO - Rows affected: 1
[2024-10-08T05:28:34.122+0000] {python.py:240} INFO - Done. Returned value was: None
[2024-10-08T05:28:34.133+0000] {taskinstance.py:340} INFO - ::group::Post task execution logs
[2024-10-08T05:28:34.134+0000] {taskinstance.py:352} INFO - Marking task as SUCCESS. dag_id=fetch_and_store_amazon_books, task_id=insert_book_data, run_id=scheduled__2024-07-20T00:00:00+00:00, execution_date=20240720T000000, start_date=20241008T052832, end_date=20241008T052834
[2024-10-08T05:28:34.145+0000] {logging_mixin.py:190} INFO - Task instance in success state
[2024-10-08T05:28:34.145+0000] {logging_mixin.py:190} INFO -  Previous state of the Task instance: running
[2024-10-08T05:28:34.146+0000] {logging_mixin.py:190} INFO - Dag name:fetch_and_store_amazon_books queued_at:2024-10-08 05:15:26.633161+00:00
[2024-10-08T05:28:34.146+0000] {logging_mixin.py:190} INFO - Task hostname:475658bd4f83 operator:PythonOperator
[2024-10-08T05:28:34.201+0000] {local_task_job_runner.py:261} INFO - Task exited with return code 0
[2024-10-08T05:28:34.295+0000] {local_task_job_runner.py:240} INFO - ::endgroup::
