[2024-10-08T05:11:16.089+0000] {local_task_job_runner.py:123} INFO - ::group::Pre task execution logs
[2024-10-08T05:11:16.103+0000] {taskinstance.py:2603} INFO - Dependencies all met for dep_context=non-requeueable deps ti=<TaskInstance: fetch_and_store_amazon_books.create_table scheduled__2024-07-10T00:00:00+00:00 [queued]>
[2024-10-08T05:11:16.110+0000] {taskinstance.py:2603} INFO - Dependencies all met for dep_context=requeueable deps ti=<TaskInstance: fetch_and_store_amazon_books.create_table scheduled__2024-07-10T00:00:00+00:00 [queued]>
[2024-10-08T05:11:16.111+0000] {taskinstance.py:2856} INFO - Starting attempt 1 of 2
[2024-10-08T05:11:16.128+0000] {taskinstance.py:2879} INFO - Executing <Task(PostgresOperator): create_table> on 2024-07-10 00:00:00+00:00
[2024-10-08T05:11:16.147+0000] {warnings.py:112} WARNING - /home/***/.local/lib/python3.12/site-packages/***/task/task_runner/standard_task_runner.py:70: DeprecationWarning: This process (pid=1168) is multi-threaded, use of fork() may lead to deadlocks in the child.
  pid = os.fork()

[2024-10-08T05:11:16.150+0000] {standard_task_runner.py:72} INFO - Started process 1170 to run task
[2024-10-08T05:11:16.149+0000] {standard_task_runner.py:104} INFO - Running: ['***', 'tasks', 'run', 'fetch_and_store_amazon_books', 'create_table', 'scheduled__2024-07-10T00:00:00+00:00', '--job-id', '31', '--raw', '--subdir', 'DAGS_FOLDER/app.py', '--cfg-path', '/tmp/tmpl_cfti6p']
[2024-10-08T05:11:16.152+0000] {standard_task_runner.py:105} INFO - Job 31: Subtask create_table
[2024-10-08T05:11:16.250+0000] {task_command.py:467} INFO - Running <TaskInstance: fetch_and_store_amazon_books.create_table scheduled__2024-07-10T00:00:00+00:00 [running]> on host a344f6bef387
[2024-10-08T05:11:16.366+0000] {taskinstance.py:3122} INFO - Exporting env vars: AIRFLOW_CTX_DAG_OWNER='***' AIRFLOW_CTX_DAG_ID='fetch_and_store_amazon_books' AIRFLOW_CTX_TASK_ID='create_table' AIRFLOW_CTX_EXECUTION_DATE='2024-07-10T00:00:00+00:00' AIRFLOW_CTX_TRY_NUMBER='1' AIRFLOW_CTX_DAG_RUN_ID='scheduled__2024-07-10T00:00:00+00:00'
[2024-10-08T05:11:16.371+0000] {logging_mixin.py:190} INFO - Task instance is in running state
[2024-10-08T05:11:16.371+0000] {logging_mixin.py:190} INFO -  Previous state of the Task instance: queued
[2024-10-08T05:11:16.371+0000] {logging_mixin.py:190} INFO - Current task name:create_table state:running start_date:2024-10-08 05:11:16.104186+00:00
[2024-10-08T05:11:16.372+0000] {logging_mixin.py:190} INFO - Dag name:fetch_and_store_amazon_books and current dag run status:running
[2024-10-08T05:11:16.372+0000] {taskinstance.py:731} INFO - ::endgroup::
[2024-10-08T05:11:16.373+0000] {sql.py:282} INFO - Executing: 
    CREATE TABLE IF NOT EXISTS books (
        id SERIAL PRIMARY KEY,
        title TEXT NOT NULL,
        authors TEXT,
        price TEXT,
        rating TEXT
    );
    
[2024-10-08T05:11:16.384+0000] {base.py:84} INFO - Retrieving connection 'books_connection'
[2024-10-08T05:11:16.394+0000] {base.py:84} INFO - Retrieving connection 'books_connection'
[2024-10-08T05:11:16.400+0000] {sql.py:509} INFO - Running statement: 
    CREATE TABLE IF NOT EXISTS books (
        id SERIAL PRIMARY KEY,
        title TEXT NOT NULL,
        authors TEXT,
        price TEXT,
        rating TEXT
    );
    , parameters: None
[2024-10-08T05:11:16.409+0000] {taskinstance.py:340} INFO - ::group::Post task execution logs
[2024-10-08T05:11:16.410+0000] {taskinstance.py:352} INFO - Marking task as SUCCESS. dag_id=fetch_and_store_amazon_books, task_id=create_table, run_id=scheduled__2024-07-10T00:00:00+00:00, execution_date=20240710T000000, start_date=20241008T051116, end_date=20241008T051116
[2024-10-08T05:11:16.422+0000] {logging_mixin.py:190} INFO - Task instance in success state
[2024-10-08T05:11:16.423+0000] {logging_mixin.py:190} INFO -  Previous state of the Task instance: running
[2024-10-08T05:11:16.423+0000] {logging_mixin.py:190} INFO - Dag name:fetch_and_store_amazon_books queued_at:2024-10-08 05:11:09.883032+00:00
[2024-10-08T05:11:16.424+0000] {logging_mixin.py:190} INFO - Task hostname:a344f6bef387 operator:PostgresOperator
[2024-10-08T05:11:16.461+0000] {local_task_job_runner.py:261} INFO - Task exited with return code 0
[2024-10-08T05:11:16.478+0000] {local_task_job_runner.py:240} INFO - ::endgroup::
