[2024-10-08T05:34:28.765+0000] {local_task_job_runner.py:123} INFO - ::group::Pre task execution logs
[2024-10-08T05:34:28.802+0000] {taskinstance.py:2603} INFO - Dependencies all met for dep_context=non-requeueable deps ti=<TaskInstance: fetch_and_store_amazon_books.fetch_book_data scheduled__2024-09-29T00:00:00+00:00 [queued]>
[2024-10-08T05:34:28.814+0000] {taskinstance.py:2603} INFO - Dependencies all met for dep_context=requeueable deps ti=<TaskInstance: fetch_and_store_amazon_books.fetch_book_data scheduled__2024-09-29T00:00:00+00:00 [queued]>
[2024-10-08T05:34:28.815+0000] {taskinstance.py:2856} INFO - Starting attempt 1 of 2
[2024-10-08T05:34:28.840+0000] {taskinstance.py:2879} INFO - Executing <Task(PythonOperator): fetch_book_data> on 2024-09-29 00:00:00+00:00
[2024-10-08T05:34:28.862+0000] {warnings.py:112} WARNING - /home/***/.local/lib/python3.12/site-packages/***/task/task_runner/standard_task_runner.py:70: DeprecationWarning: This process (pid=158) is multi-threaded, use of fork() may lead to deadlocks in the child.
  pid = os.fork()

[2024-10-08T05:34:28.866+0000] {standard_task_runner.py:72} INFO - Started process 171 to run task
[2024-10-08T05:34:28.877+0000] {standard_task_runner.py:104} INFO - Running: ['***', 'tasks', 'run', 'fetch_and_store_amazon_books', 'fetch_book_data', 'scheduled__2024-09-29T00:00:00+00:00', '--job-id', '256', '--raw', '--subdir', 'DAGS_FOLDER/app.py', '--cfg-path', '/tmp/tmpcsfluj25']
[2024-10-08T05:34:28.888+0000] {standard_task_runner.py:105} INFO - Job 256: Subtask fetch_book_data
[2024-10-08T05:34:28.964+0000] {task_command.py:467} INFO - Running <TaskInstance: fetch_and_store_amazon_books.fetch_book_data scheduled__2024-09-29T00:00:00+00:00 [running]> on host 475658bd4f83
[2024-10-08T05:34:29.295+0000] {taskinstance.py:3122} INFO - Exporting env vars: AIRFLOW_CTX_DAG_OWNER='***' AIRFLOW_CTX_DAG_ID='fetch_and_store_amazon_books' AIRFLOW_CTX_TASK_ID='fetch_book_data' AIRFLOW_CTX_EXECUTION_DATE='2024-09-29T00:00:00+00:00' AIRFLOW_CTX_TRY_NUMBER='1' AIRFLOW_CTX_DAG_RUN_ID='scheduled__2024-09-29T00:00:00+00:00'
[2024-10-08T05:34:29.313+0000] {logging_mixin.py:190} INFO - Task instance is in running state
[2024-10-08T05:34:29.315+0000] {logging_mixin.py:190} INFO -  Previous state of the Task instance: queued
[2024-10-08T05:34:29.316+0000] {logging_mixin.py:190} INFO - Current task name:fetch_book_data state:running start_date:2024-10-08 05:34:28.803015+00:00
[2024-10-08T05:34:29.318+0000] {logging_mixin.py:190} INFO - Dag name:fetch_and_store_amazon_books and current dag run status:running
[2024-10-08T05:34:29.319+0000] {taskinstance.py:731} INFO - ::endgroup::
[2024-10-08T05:34:33.161+0000] {python.py:240} INFO - Done. Returned value was: None
[2024-10-08T05:34:33.181+0000] {taskinstance.py:340} INFO - ::group::Post task execution logs
[2024-10-08T05:34:33.182+0000] {taskinstance.py:352} INFO - Marking task as SUCCESS. dag_id=fetch_and_store_amazon_books, task_id=fetch_book_data, run_id=scheduled__2024-09-29T00:00:00+00:00, execution_date=20240929T000000, start_date=20241008T053428, end_date=20241008T053433
[2024-10-08T05:34:33.192+0000] {logging_mixin.py:190} INFO - Task instance in success state
[2024-10-08T05:34:33.192+0000] {logging_mixin.py:190} INFO -  Previous state of the Task instance: running
[2024-10-08T05:34:33.192+0000] {logging_mixin.py:190} INFO - Dag name:fetch_and_store_amazon_books queued_at:2024-10-08 05:34:24.146842+00:00
[2024-10-08T05:34:33.193+0000] {logging_mixin.py:190} INFO - Task hostname:475658bd4f83 operator:PythonOperator
[2024-10-08T05:34:33.243+0000] {local_task_job_runner.py:261} INFO - Task exited with return code 0
[2024-10-08T05:34:33.267+0000] {local_task_job_runner.py:240} INFO - ::endgroup::
