[2024-10-08T05:36:45.525+0000] {local_task_job_runner.py:123} INFO - ::group::Pre task execution logs
[2024-10-08T05:36:45.532+0000] {taskinstance.py:2603} INFO - Dependencies all met for dep_context=non-requeueable deps ti=<TaskInstance: fetch_and_store_amazon_books.insert_book_data scheduled__2024-09-09T00:00:00+00:00 [queued]>
[2024-10-08T05:36:45.537+0000] {taskinstance.py:2603} INFO - Dependencies all met for dep_context=requeueable deps ti=<TaskInstance: fetch_and_store_amazon_books.insert_book_data scheduled__2024-09-09T00:00:00+00:00 [queued]>
[2024-10-08T05:36:45.537+0000] {taskinstance.py:2856} INFO - Starting attempt 1 of 2
[2024-10-08T05:36:45.544+0000] {taskinstance.py:2879} INFO - Executing <Task(PythonOperator): insert_book_data> on 2024-09-09 00:00:00+00:00
[2024-10-08T05:36:45.549+0000] {warnings.py:112} WARNING - /home/***/.local/lib/python3.12/site-packages/***/task/task_runner/standard_task_runner.py:70: DeprecationWarning: This process (pid=393) is multi-threaded, use of fork() may lead to deadlocks in the child.
  pid = os.fork()

[2024-10-08T05:36:45.550+0000] {standard_task_runner.py:72} INFO - Started process 395 to run task
[2024-10-08T05:36:45.551+0000] {standard_task_runner.py:104} INFO - Running: ['***', 'tasks', 'run', 'fetch_and_store_amazon_books', 'insert_book_data', 'scheduled__2024-09-09T00:00:00+00:00', '--job-id', '306', '--raw', '--subdir', 'DAGS_FOLDER/app.py', '--cfg-path', '/tmp/tmpx56jyrp1']
[2024-10-08T05:36:45.552+0000] {standard_task_runner.py:105} INFO - Job 306: Subtask insert_book_data
[2024-10-08T05:36:45.585+0000] {task_command.py:467} INFO - Running <TaskInstance: fetch_and_store_amazon_books.insert_book_data scheduled__2024-09-09T00:00:00+00:00 [running]> on host 475658bd4f83
[2024-10-08T05:36:45.627+0000] {taskinstance.py:3122} INFO - Exporting env vars: AIRFLOW_CTX_DAG_OWNER='***' AIRFLOW_CTX_DAG_ID='fetch_and_store_amazon_books' AIRFLOW_CTX_TASK_ID='insert_book_data' AIRFLOW_CTX_EXECUTION_DATE='2024-09-09T00:00:00+00:00' AIRFLOW_CTX_TRY_NUMBER='1' AIRFLOW_CTX_DAG_RUN_ID='scheduled__2024-09-09T00:00:00+00:00'
[2024-10-08T05:36:45.628+0000] {logging_mixin.py:190} INFO - Task instance is in running state
[2024-10-08T05:36:45.628+0000] {logging_mixin.py:190} INFO -  Previous state of the Task instance: queued
[2024-10-08T05:36:45.628+0000] {logging_mixin.py:190} INFO - Current task name:insert_book_data state:running start_date:2024-10-08 05:36:45.532519+00:00
[2024-10-08T05:36:45.629+0000] {logging_mixin.py:190} INFO - Dag name:fetch_and_store_amazon_books and current dag run status:running
[2024-10-08T05:36:45.629+0000] {taskinstance.py:731} INFO - ::endgroup::
[2024-10-08T05:36:45.637+0000] {base.py:84} INFO - Retrieving connection 'books_connection'
[2024-10-08T05:36:45.639+0000] {sql.py:509} INFO - Running statement: 
    INSERT INTO books (title, authors, price, rating)
    VALUES (%s, %s, %s, %s)
    , parameters: ('Data Engineering with AWS - Second Edition: Acquire the skills to design and build AWS-based data transformation pipelines like a pro', 'Gareth Eagar', '41.', '4.4 out of 5 stars')
[2024-10-08T05:36:45.640+0000] {sql.py:518} INFO - Rows affected: 1
[2024-10-08T05:36:45.643+0000] {base.py:84} INFO - Retrieving connection 'books_connection'
[2024-10-08T05:36:45.645+0000] {sql.py:509} INFO - Running statement: 
    INSERT INTO books (title, authors, price, rating)
    VALUES (%s, %s, %s, %s)
    , parameters: ('Azure Data Engineer Associate Certification Guide: Ace the DP-203 exam with advanced data engineering skills', 'Giacinto Palmieri', '49.', '4.4 out of 5 stars')
[2024-10-08T05:36:45.646+0000] {sql.py:518} INFO - Rows affected: 1
[2024-10-08T05:36:45.649+0000] {base.py:84} INFO - Retrieving connection 'books_connection'
[2024-10-08T05:36:45.650+0000] {sql.py:509} INFO - Running statement: 
    INSERT INTO books (title, authors, price, rating)
    VALUES (%s, %s, %s, %s)
    , parameters: ('Fundamentals of Data Analytics: Learn Essential Skills, Embrace the Future, and Catapult Your Career in the Data-Driven World—A Comprehensive Guide to Data Literacy for Beginners', 'Russell Dawson', '17.', '4.8 out of 5 stars')
[2024-10-08T05:36:45.651+0000] {sql.py:518} INFO - Rows affected: 1
[2024-10-08T05:36:45.654+0000] {base.py:84} INFO - Retrieving connection 'books_connection'
[2024-10-08T05:36:45.656+0000] {sql.py:509} INFO - Running statement: 
    INSERT INTO books (title, authors, price, rating)
    VALUES (%s, %s, %s, %s)
    , parameters: ('Build a Career in Data Science', 'Emily Robinson', '35.', '4.6 out of 5 stars')
[2024-10-08T05:36:45.656+0000] {sql.py:518} INFO - Rows affected: 1
[2024-10-08T05:36:45.659+0000] {base.py:84} INFO - Retrieving connection 'books_connection'
[2024-10-08T05:36:45.660+0000] {sql.py:509} INFO - Running statement: 
    INSERT INTO books (title, authors, price, rating)
    VALUES (%s, %s, %s, %s)
    , parameters: ('Fundamentals of Data Engineering: Plan and Build Robust Data Systems', 'Joe Reis', '25.', '4.7 out of 5 stars')
[2024-10-08T05:36:45.661+0000] {sql.py:518} INFO - Rows affected: 1
[2024-10-08T05:36:45.664+0000] {base.py:84} INFO - Retrieving connection 'books_connection'
[2024-10-08T05:36:45.665+0000] {sql.py:509} INFO - Running statement: 
    INSERT INTO books (title, authors, price, rating)
    VALUES (%s, %s, %s, %s)
    , parameters: ('Designing Data-Intensive Applications: The Big Ideas Behind Reliable, Scalable, and Maintainable Systems', 'Martin Kleppmann', '55.', '4.7 out of 5 stars')
[2024-10-08T05:36:45.666+0000] {sql.py:518} INFO - Rows affected: 1
[2024-10-08T05:36:45.669+0000] {base.py:84} INFO - Retrieving connection 'books_connection'
[2024-10-08T05:36:45.671+0000] {sql.py:509} INFO - Running statement: 
    INSERT INTO books (title, authors, price, rating)
    VALUES (%s, %s, %s, %s)
    , parameters: ("Ultimate Data Engineering with Databricks: Develop Scalable Data Pipelines Using Data Engineering's Core Tenets Such as Delta Tables, Ingestion, ... Security, and Scalability (English Edition)", 'Mayank Malhotra', '37.', '4.1 out of 5 stars')
[2024-10-08T05:36:45.671+0000] {sql.py:518} INFO - Rows affected: 1
[2024-10-08T05:36:45.674+0000] {base.py:84} INFO - Retrieving connection 'books_connection'
[2024-10-08T05:36:45.676+0000] {sql.py:509} INFO - Running statement: 
    INSERT INTO books (title, authors, price, rating)
    VALUES (%s, %s, %s, %s)
    , parameters: ("Azure Data Factory Cookbook: A data engineer's guide to building and managing ETL and ELT pipelines with data integration", 'Dmitry Foshin', '51.', '4.2 out of 5 stars')
[2024-10-08T05:36:45.676+0000] {sql.py:518} INFO - Rows affected: 1
[2024-10-08T05:36:45.679+0000] {base.py:84} INFO - Retrieving connection 'books_connection'
[2024-10-08T05:36:45.681+0000] {sql.py:509} INFO - Running statement: 
    INSERT INTO books (title, authors, price, rating)
    VALUES (%s, %s, %s, %s)
    , parameters: ('Data Engineering with dbt: A practical guide to building a cloud-based, pragmatic, and dependable data platform with SQL', 'Roberto Zagni', '37.', '4.6 out of 5 stars')
[2024-10-08T05:36:45.681+0000] {sql.py:518} INFO - Rows affected: 1
[2024-10-08T05:36:45.684+0000] {base.py:84} INFO - Retrieving connection 'books_connection'
[2024-10-08T05:36:45.686+0000] {sql.py:509} INFO - Running statement: 
    INSERT INTO books (title, authors, price, rating)
    VALUES (%s, %s, %s, %s)
    , parameters: ('Data Engineering with Python: Work with massive datasets to design data models and automate data pipelines using Python', 'Paul Crickard', '37.', '4.1 out of 5 stars')
[2024-10-08T05:36:45.686+0000] {sql.py:518} INFO - Rows affected: 1
[2024-10-08T05:36:45.689+0000] {base.py:84} INFO - Retrieving connection 'books_connection'
[2024-10-08T05:36:45.690+0000] {sql.py:509} INFO - Running statement: 
    INSERT INTO books (title, authors, price, rating)
    VALUES (%s, %s, %s, %s)
    , parameters: ('Cracking the Data Engineering Interview: Land your dream job with the help of resume-building tips, over 100 mock questions, and a unique portfolio', 'Kedeisha Bryan', '26.', '4.4 out of 5 stars')
[2024-10-08T05:36:45.691+0000] {sql.py:518} INFO - Rows affected: 1
[2024-10-08T05:36:45.694+0000] {base.py:84} INFO - Retrieving connection 'books_connection'
[2024-10-08T05:36:45.696+0000] {sql.py:509} INFO - Running statement: 
    INSERT INTO books (title, authors, price, rating)
    VALUES (%s, %s, %s, %s)
    , parameters: ('Data Pipelines Pocket Reference: Moving and Processing Data for Analytics', 'James Densmore', '17.', '4.5 out of 5 stars')
[2024-10-08T05:36:45.697+0000] {sql.py:518} INFO - Rows affected: 1
[2024-10-08T05:36:45.699+0000] {base.py:84} INFO - Retrieving connection 'books_connection'
[2024-10-08T05:36:45.701+0000] {sql.py:509} INFO - Running statement: 
    INSERT INTO books (title, authors, price, rating)
    VALUES (%s, %s, %s, %s)
    , parameters: ('Ace the Data Science Interview: 201 Real Interview Questions Asked By FAANG, Tech Startups, & Wall Street', 'Nick Singh', '42.', '4.5 out of 5 stars')
[2024-10-08T05:36:45.702+0000] {sql.py:518} INFO - Rows affected: 1
[2024-10-08T05:36:45.704+0000] {base.py:84} INFO - Retrieving connection 'books_connection'
[2024-10-08T05:36:45.706+0000] {sql.py:509} INFO - Running statement: 
    INSERT INTO books (title, authors, price, rating)
    VALUES (%s, %s, %s, %s)
    , parameters: ('Ace the Data Engineering Interview: Questions and Answers for Python, SQL, Data Modeling and More', 'Sean Coyne', '24.', '3.8 out of 5 stars')
[2024-10-08T05:36:45.706+0000] {sql.py:518} INFO - Rows affected: 1
[2024-10-08T05:36:45.709+0000] {base.py:84} INFO - Retrieving connection 'books_connection'
[2024-10-08T05:36:45.711+0000] {sql.py:509} INFO - Running statement: 
    INSERT INTO books (title, authors, price, rating)
    VALUES (%s, %s, %s, %s)
    , parameters: ('Data Engineering with Databricks Cookbook: Build effective data and AI solutions using Apache Spark, Databricks, and Delta Lake', 'Pulkit Chadha', '49.', '4.3 out of 5 stars')
[2024-10-08T05:36:45.711+0000] {sql.py:518} INFO - Rows affected: 1
[2024-10-08T05:36:45.714+0000] {base.py:84} INFO - Retrieving connection 'books_connection'
[2024-10-08T05:36:45.716+0000] {sql.py:509} INFO - Running statement: 
    INSERT INTO books (title, authors, price, rating)
    VALUES (%s, %s, %s, %s)
    , parameters: ('Software Engineering for Data Scientists: From Notebooks to Scalable Systems', 'Catherine Nelson', '51.', '4.4 out of 5 stars')
[2024-10-08T05:36:45.716+0000] {sql.py:518} INFO - Rows affected: 1
[2024-10-08T05:36:45.719+0000] {base.py:84} INFO - Retrieving connection 'books_connection'
[2024-10-08T05:36:45.721+0000] {sql.py:509} INFO - Running statement: 
    INSERT INTO books (title, authors, price, rating)
    VALUES (%s, %s, %s, %s)
    , parameters: ('Essentials of Data Engineering', 'Dr. Mukesh Saini', '19.', '5.0 out of 5 stars')
[2024-10-08T05:36:45.721+0000] {sql.py:518} INFO - Rows affected: 1
[2024-10-08T05:36:45.724+0000] {base.py:84} INFO - Retrieving connection 'books_connection'
[2024-10-08T05:36:45.725+0000] {sql.py:509} INFO - Running statement: 
    INSERT INTO books (title, authors, price, rating)
    VALUES (%s, %s, %s, %s)
    , parameters: ('Data Engineering with AWS: Learn how to design and build cloud-based data transformation pipelines using AWS', 'Gareth Eagar', '49.', '4.4 out of 5 stars')
[2024-10-08T05:36:45.726+0000] {sql.py:518} INFO - Rows affected: 1
[2024-10-08T05:36:45.729+0000] {base.py:84} INFO - Retrieving connection 'books_connection'
[2024-10-08T05:36:45.730+0000] {sql.py:509} INFO - Running statement: 
    INSERT INTO books (title, authors, price, rating)
    VALUES (%s, %s, %s, %s)
    , parameters: ('Data Engineering with Python cookbook: Learn to build efficient data pipelines using the Modern Cloud Data Stack', 'Adithyan Ramanujakootam', '32.', '5.0 out of 5 stars')
[2024-10-08T05:36:45.731+0000] {sql.py:518} INFO - Rows affected: 1
[2024-10-08T05:36:45.734+0000] {base.py:84} INFO - Retrieving connection 'books_connection'
[2024-10-08T05:36:45.735+0000] {sql.py:509} INFO - Running statement: 
    INSERT INTO books (title, authors, price, rating)
    VALUES (%s, %s, %s, %s)
    , parameters: ("Data Quality Fundamentals: A Practitioner's Guide to Building Trustworthy Data Pipelines", 'Paperback', '45.', '4.1 out of 5 stars')
[2024-10-08T05:36:45.736+0000] {sql.py:518} INFO - Rows affected: 1
[2024-10-08T05:36:45.739+0000] {base.py:84} INFO - Retrieving connection 'books_connection'
[2024-10-08T05:36:45.740+0000] {sql.py:509} INFO - Running statement: 
    INSERT INTO books (title, authors, price, rating)
    VALUES (%s, %s, %s, %s)
    , parameters: ('Data Engineering with Google Cloud Platform: A practical guide to operationalizing scalable data analytics systems on GCP', 'Adi Wijaya', '41.', '4.7 out of 5 stars')
[2024-10-08T05:36:45.741+0000] {sql.py:518} INFO - Rows affected: 1
[2024-10-08T05:36:45.744+0000] {base.py:84} INFO - Retrieving connection 'books_connection'
[2024-10-08T05:36:45.745+0000] {sql.py:509} INFO - Running statement: 
    INSERT INTO books (title, authors, price, rating)
    VALUES (%s, %s, %s, %s)
    , parameters: ('Data Engineering with Google Cloud Platform: A guide to leveling up as a data engineer by building a scalable data platform with Google Cloud', 'Adi Wijaya', '40.', '4.8 out of 5 stars')
[2024-10-08T05:36:45.746+0000] {sql.py:518} INFO - Rows affected: 1
[2024-10-08T05:36:45.749+0000] {base.py:84} INFO - Retrieving connection 'books_connection'
[2024-10-08T05:36:45.750+0000] {sql.py:509} INFO - Running statement: 
    INSERT INTO books (title, authors, price, rating)
    VALUES (%s, %s, %s, %s)
    , parameters: ('Fundamentals of Data Engineering: A Comprehensive Guide to Designing, Building, and Managing Data Pipelines, Storage Solutions, and Processing Frameworks.', 'Paperback', '14.', '5.0 out of 5 stars')
[2024-10-08T05:36:45.751+0000] {sql.py:518} INFO - Rows affected: 1
[2024-10-08T05:36:45.753+0000] {base.py:84} INFO - Retrieving connection 'books_connection'
[2024-10-08T05:36:45.755+0000] {sql.py:509} INFO - Running statement: 
    INSERT INTO books (title, authors, price, rating)
    VALUES (%s, %s, %s, %s)
    , parameters: ('Data Engineering Fundamentals for Beginners: Mastering the Art of Building, Managing, and Scaling Data Systems', 'Paperback', '14.', '5.0 out of 5 stars')
[2024-10-08T05:36:45.756+0000] {sql.py:518} INFO - Rows affected: 1
[2024-10-08T05:36:45.759+0000] {base.py:84} INFO - Retrieving connection 'books_connection'
[2024-10-08T05:36:45.760+0000] {sql.py:509} INFO - Running statement: 
    INSERT INTO books (title, authors, price, rating)
    VALUES (%s, %s, %s, %s)
    , parameters: ("Engineering Data Mesh in Azure Cloud: Implement data mesh using Microsoft Azure's Cloud Adoption Framework", 'Paperback', '47.', '4.5 out of 5 stars')
[2024-10-08T05:36:45.761+0000] {sql.py:518} INFO - Rows affected: 1
[2024-10-08T05:36:45.763+0000] {base.py:84} INFO - Retrieving connection 'books_connection'
[2024-10-08T05:36:45.765+0000] {sql.py:509} INFO - Running statement: 
    INSERT INTO books (title, authors, price, rating)
    VALUES (%s, %s, %s, %s)
    , parameters: ('DATA ENGINEERING AND AI FOR BEGINNERS: Revolutionizing Data Processing and Analytics by Leveraging Artificial Intelligence for Efficient Input Collection, Storage, and Transformation (World of AI)', 'Paperback', '13.', '4.3 out of 5 stars')
[2024-10-08T05:36:45.765+0000] {sql.py:518} INFO - Rows affected: 1
[2024-10-08T05:36:45.768+0000] {base.py:84} INFO - Retrieving connection 'books_connection'
[2024-10-08T05:36:45.770+0000] {sql.py:509} INFO - Running statement: 
    INSERT INTO books (title, authors, price, rating)
    VALUES (%s, %s, %s, %s)
    , parameters: ('Data Engineering with Apache Spark, Delta Lake, and Lakehouse: Create scalable pipelines that ingest, curate, and aggregate complex data in a timely and secure way', 'Manoj Kukreja', '46.', '3.9 out of 5 stars')
[2024-10-08T05:36:45.770+0000] {sql.py:518} INFO - Rows affected: 1
[2024-10-08T05:36:45.773+0000] {base.py:84} INFO - Retrieving connection 'books_connection'
[2024-10-08T05:36:45.775+0000] {sql.py:509} INFO - Running statement: 
    INSERT INTO books (title, authors, price, rating)
    VALUES (%s, %s, %s, %s)
    , parameters: ('Data-Driven Science and Engineering: Machine Learning, Dynamical Systems, and Control', 'Steven L. Brunton', '64.', '4.8 out of 5 stars')
[2024-10-08T05:36:45.775+0000] {sql.py:518} INFO - Rows affected: 1
[2024-10-08T05:36:45.778+0000] {base.py:84} INFO - Retrieving connection 'books_connection'
[2024-10-08T05:36:45.779+0000] {sql.py:509} INFO - Running statement: 
    INSERT INTO books (title, authors, price, rating)
    VALUES (%s, %s, %s, %s)
    , parameters: ("Data: Principles To Practice - Volume 1 'Foundations': Essential Foundations: Key Concepts behind Data Architecture, Engineering and Analysis for Professionals", 'Mr Alex Holloway', '12.', '4.6 out of 5 stars')
[2024-10-08T05:36:45.780+0000] {sql.py:518} INFO - Rows affected: 1
[2024-10-08T05:36:45.783+0000] {base.py:84} INFO - Retrieving connection 'books_connection'
[2024-10-08T05:36:45.784+0000] {sql.py:509} INFO - Running statement: 
    INSERT INTO books (title, authors, price, rating)
    VALUES (%s, %s, %s, %s)
    , parameters: ('Data Engineering with AWS', 'May Sherry', '14.', '5.0 out of 5 stars')
[2024-10-08T05:36:45.784+0000] {sql.py:518} INFO - Rows affected: 1
[2024-10-08T05:36:45.787+0000] {base.py:84} INFO - Retrieving connection 'books_connection'
[2024-10-08T05:36:45.789+0000] {sql.py:509} INFO - Running statement: 
    INSERT INTO books (title, authors, price, rating)
    VALUES (%s, %s, %s, %s)
    , parameters: ('97 Things Every Data Engineer Should Know: Collective Wisdom from the Experts', 'Tobias Macey', '28.', '4.1 out of 5 stars')
[2024-10-08T05:36:45.790+0000] {sql.py:518} INFO - Rows affected: 1
[2024-10-08T05:36:45.793+0000] {base.py:84} INFO - Retrieving connection 'books_connection'
[2024-10-08T05:36:45.795+0000] {sql.py:509} INFO - Running statement: 
    INSERT INTO books (title, authors, price, rating)
    VALUES (%s, %s, %s, %s)
    , parameters: ('Python Data Engineering Resources: Forge Your Path to Success in Data Engineering, Machine Learning and AI', 'Vajo Lukic', '0.', '4.9 out of 5 stars')
[2024-10-08T05:36:45.796+0000] {sql.py:518} INFO - Rows affected: 1
[2024-10-08T05:36:45.799+0000] {base.py:84} INFO - Retrieving connection 'books_connection'
[2024-10-08T05:36:45.800+0000] {sql.py:509} INFO - Running statement: 
    INSERT INTO books (title, authors, price, rating)
    VALUES (%s, %s, %s, %s)
    , parameters: ('Analytics Engineering with SQL and dbt: Building Meaningful Data Models at Scale', 'Rui Pedro Machado', '41.', '3.9 out of 5 stars')
[2024-10-08T05:36:45.801+0000] {sql.py:518} INFO - Rows affected: 1
[2024-10-08T05:36:45.805+0000] {base.py:84} INFO - Retrieving connection 'books_connection'
[2024-10-08T05:36:45.807+0000] {sql.py:509} INFO - Running statement: 
    INSERT INTO books (title, authors, price, rating)
    VALUES (%s, %s, %s, %s)
    , parameters: ('Data Engineering with Scala and Spark: Build streaming and batch pipelines that process massive amounts of data using Scala', 'Eric Tome', '29.', '4.1 out of 5 stars')
[2024-10-08T05:36:45.807+0000] {sql.py:518} INFO - Rows affected: 1
[2024-10-08T05:36:45.811+0000] {base.py:84} INFO - Retrieving connection 'books_connection'
[2024-10-08T05:36:45.812+0000] {sql.py:509} INFO - Running statement: 
    INSERT INTO books (title, authors, price, rating)
    VALUES (%s, %s, %s, %s)
    , parameters: ('Storytelling with Data: A Data Visualization Guide for Business Professionals', 'Cole Nussbaumer Knaflic', '27.', '4.6 out of 5 stars')
[2024-10-08T05:36:45.813+0000] {sql.py:518} INFO - Rows affected: 1
[2024-10-08T05:36:45.816+0000] {base.py:84} INFO - Retrieving connection 'books_connection'
[2024-10-08T05:36:45.817+0000] {sql.py:509} INFO - Running statement: 
    INSERT INTO books (title, authors, price, rating)
    VALUES (%s, %s, %s, %s)
    , parameters: ('Data Mesh: Delivering Data-Driven Value at Scale', 'Zhamak Dehghani', '43.', '4.5 out of 5 stars')
[2024-10-08T05:36:45.818+0000] {sql.py:518} INFO - Rows affected: 1
[2024-10-08T05:36:45.820+0000] {base.py:84} INFO - Retrieving connection 'books_connection'
[2024-10-08T05:36:45.822+0000] {sql.py:509} INFO - Running statement: 
    INSERT INTO books (title, authors, price, rating)
    VALUES (%s, %s, %s, %s)
    , parameters: ('Data Engineering 101', 'Kindle', '0.', '3.9 out of 5 stars')
[2024-10-08T05:36:45.822+0000] {sql.py:518} INFO - Rows affected: 1
[2024-10-08T05:36:45.826+0000] {base.py:84} INFO - Retrieving connection 'books_connection'
[2024-10-08T05:36:45.828+0000] {sql.py:509} INFO - Running statement: 
    INSERT INTO books (title, authors, price, rating)
    VALUES (%s, %s, %s, %s)
    , parameters: ('Data Modeling with Snowflake: A practical guide to accelerating Snowflake development using universal data modeling techniques', 'Serge Gershkovich', '36.', '4.8 out of 5 stars')
[2024-10-08T05:36:45.828+0000] {sql.py:518} INFO - Rows affected: 1
[2024-10-08T05:36:45.832+0000] {base.py:84} INFO - Retrieving connection 'books_connection'
[2024-10-08T05:36:45.834+0000] {sql.py:509} INFO - Running statement: 
    INSERT INTO books (title, authors, price, rating)
    VALUES (%s, %s, %s, %s)
    , parameters: ('Official Google Cloud Certified Professional Data Engineer Study Guide', 'Dan Sullivan', '33.', '4.5 out of 5 stars')
[2024-10-08T05:36:45.835+0000] {sql.py:518} INFO - Rows affected: 1
[2024-10-08T05:36:45.838+0000] {base.py:84} INFO - Retrieving connection 'books_connection'
[2024-10-08T05:36:45.840+0000] {sql.py:509} INFO - Running statement: 
    INSERT INTO books (title, authors, price, rating)
    VALUES (%s, %s, %s, %s)
    , parameters: ('Machine Learning Engineering', 'Andriy Burkov', '39.', '4.7 out of 5 stars')
[2024-10-08T05:36:45.840+0000] {sql.py:518} INFO - Rows affected: 1
[2024-10-08T05:36:45.844+0000] {base.py:84} INFO - Retrieving connection 'books_connection'
[2024-10-08T05:36:45.846+0000] {sql.py:509} INFO - Running statement: 
    INSERT INTO books (title, authors, price, rating)
    VALUES (%s, %s, %s, %s)
    , parameters: ('Data Privacy: A runbook for engineers', 'Nishant Bhajaria', '35.', '4.8 out of 5 stars')
[2024-10-08T05:36:45.847+0000] {sql.py:518} INFO - Rows affected: 1
[2024-10-08T05:36:45.851+0000] {base.py:84} INFO - Retrieving connection 'books_connection'
[2024-10-08T05:36:45.853+0000] {sql.py:509} INFO - Running statement: 
    INSERT INTO books (title, authors, price, rating)
    VALUES (%s, %s, %s, %s)
    , parameters: ('Fundamentals of Data Observability: Implement Trustworthy End-to-End Data Solutions', 'Andy Petrella', '36.', '4.0 out of 5 stars')
[2024-10-08T05:36:45.853+0000] {sql.py:518} INFO - Rows affected: 1
[2024-10-08T05:36:45.859+0000] {base.py:84} INFO - Retrieving connection 'books_connection'
[2024-10-08T05:36:45.861+0000] {sql.py:509} INFO - Running statement: 
    INSERT INTO books (title, authors, price, rating)
    VALUES (%s, %s, %s, %s)
    , parameters: ('Modern Data Engineering with Apache Spark: A Hands-On Guide for Building Mission-Critical Streaming Applications', 'Scott Haines', '29.', '4.1 out of 5 stars')
[2024-10-08T05:36:45.862+0000] {sql.py:518} INFO - Rows affected: 1
[2024-10-08T05:36:45.868+0000] {base.py:84} INFO - Retrieving connection 'books_connection'
[2024-10-08T05:36:45.871+0000] {sql.py:509} INFO - Running statement: 
    INSERT INTO books (title, authors, price, rating)
    VALUES (%s, %s, %s, %s)
    , parameters: ('Python Feature Engineering Cookbook: A complete guide to crafting powerful features for your machine learning models', 'Soledad Galli', '44.', '5.0 out of 5 stars')
[2024-10-08T05:36:45.872+0000] {sql.py:518} INFO - Rows affected: 1
[2024-10-08T05:36:45.878+0000] {base.py:84} INFO - Retrieving connection 'books_connection'
[2024-10-08T05:36:45.880+0000] {sql.py:509} INFO - Running statement: 
    INSERT INTO books (title, authors, price, rating)
    VALUES (%s, %s, %s, %s)
    , parameters: ('Data Engineering with Databricks', 'Kindle', '0.', '3.4 out of 5 stars')
[2024-10-08T05:36:45.880+0000] {sql.py:518} INFO - Rows affected: 1
[2024-10-08T05:36:45.883+0000] {base.py:84} INFO - Retrieving connection 'books_connection'
[2024-10-08T05:36:45.885+0000] {sql.py:509} INFO - Running statement: 
    INSERT INTO books (title, authors, price, rating)
    VALUES (%s, %s, %s, %s)
    , parameters: ('Azure Data Factory by Example: Practical Implementation for Data Engineers', 'Richard Swinbank', '33.', '4.2 out of 5 stars')
[2024-10-08T05:36:45.885+0000] {sql.py:518} INFO - Rows affected: 1
[2024-10-08T05:36:45.889+0000] {base.py:84} INFO - Retrieving connection 'books_connection'
[2024-10-08T05:36:45.891+0000] {sql.py:509} INFO - Running statement: 
    INSERT INTO books (title, authors, price, rating)
    VALUES (%s, %s, %s, %s)
    , parameters: ('Data Quality Engineering in Financial Services: Applying Manufacturing Techniques to Data', 'Brian Buzzelli', '30.', '4.4 out of 5 stars')
[2024-10-08T05:36:45.892+0000] {sql.py:518} INFO - Rows affected: 1
[2024-10-08T05:36:45.896+0000] {base.py:84} INFO - Retrieving connection 'books_connection'
[2024-10-08T05:36:45.897+0000] {sql.py:509} INFO - Running statement: 
    INSERT INTO books (title, authors, price, rating)
    VALUES (%s, %s, %s, %s)
    , parameters: ('Prompt Engineering for Generative AI: Future-Proof Inputs for Reliable AI Outputs', 'James Phoenix', '53.', '4.5 out of 5 stars')
[2024-10-08T05:36:45.898+0000] {sql.py:518} INFO - Rows affected: 1
[2024-10-08T05:36:45.901+0000] {base.py:84} INFO - Retrieving connection 'books_connection'
[2024-10-08T05:36:45.902+0000] {sql.py:509} INFO - Running statement: 
    INSERT INTO books (title, authors, price, rating)
    VALUES (%s, %s, %s, %s)
    , parameters: ('Data Observability for Data Engineering: Proactive strategies for ensuring data accuracy and addressing broken data pipelines', 'Michele Pinto', '18.', '3.7 out of 5 stars')
[2024-10-08T05:36:45.903+0000] {sql.py:518} INFO - Rows affected: 1
[2024-10-08T05:36:45.906+0000] {base.py:84} INFO - Retrieving connection 'books_connection'
[2024-10-08T05:36:45.907+0000] {sql.py:509} INFO - Running statement: 
    INSERT INTO books (title, authors, price, rating)
    VALUES (%s, %s, %s, %s)
    , parameters: ('Better Data Visualizations: A Guide for Scholars, Researchers, and Wonks', 'Jonathan Schwabish', '26.', '4.5 out of 5 stars')
[2024-10-08T05:36:45.908+0000] {sql.py:518} INFO - Rows affected: 1
[2024-10-08T05:36:45.908+0000] {python.py:240} INFO - Done. Returned value was: None
[2024-10-08T05:36:45.912+0000] {taskinstance.py:340} INFO - ::group::Post task execution logs
[2024-10-08T05:36:45.913+0000] {taskinstance.py:352} INFO - Marking task as SUCCESS. dag_id=fetch_and_store_amazon_books, task_id=insert_book_data, run_id=scheduled__2024-09-09T00:00:00+00:00, execution_date=20240909T000000, start_date=20241008T053645, end_date=20241008T053645
[2024-10-08T05:36:45.917+0000] {logging_mixin.py:190} INFO - Task instance in success state
[2024-10-08T05:36:45.917+0000] {logging_mixin.py:190} INFO -  Previous state of the Task instance: running
[2024-10-08T05:36:45.917+0000] {logging_mixin.py:190} INFO - Dag name:fetch_and_store_amazon_books queued_at:2024-10-08 05:30:20.662149+00:00
[2024-10-08T05:36:45.917+0000] {logging_mixin.py:190} INFO - Task hostname:475658bd4f83 operator:PythonOperator
[2024-10-08T05:36:45.941+0000] {local_task_job_runner.py:261} INFO - Task exited with return code 0
[2024-10-08T05:36:45.950+0000] {taskinstance.py:3891} INFO - 0 downstream tasks scheduled from follow-on schedule check
[2024-10-08T05:36:45.951+0000] {local_task_job_runner.py:240} INFO - ::endgroup::
