[2024-10-08T05:28:54.285+0000] {local_task_job_runner.py:123} INFO - ::group::Pre task execution logs
[2024-10-08T05:28:54.321+0000] {taskinstance.py:2603} INFO - Dependencies all met for dep_context=non-requeueable deps ti=<TaskInstance: fetch_and_store_amazon_books.insert_book_data scheduled__2024-08-23T00:00:00+00:00 [queued]>
[2024-10-08T05:28:54.345+0000] {taskinstance.py:2603} INFO - Dependencies all met for dep_context=requeueable deps ti=<TaskInstance: fetch_and_store_amazon_books.insert_book_data scheduled__2024-08-23T00:00:00+00:00 [queued]>
[2024-10-08T05:28:54.348+0000] {taskinstance.py:2856} INFO - Starting attempt 1 of 2
[2024-10-08T05:28:54.381+0000] {taskinstance.py:2879} INFO - Executing <Task(PythonOperator): insert_book_data> on 2024-08-23 00:00:00+00:00
[2024-10-08T05:28:54.388+0000] {warnings.py:112} WARNING - /home/***/.local/lib/python3.12/site-packages/***/task/task_runner/standard_task_runner.py:70: DeprecationWarning: This process (pid=199) is multi-threaded, use of fork() may lead to deadlocks in the child.
  pid = os.fork()

[2024-10-08T05:28:54.390+0000] {standard_task_runner.py:72} INFO - Started process 211 to run task
[2024-10-08T05:28:54.394+0000] {standard_task_runner.py:104} INFO - Running: ['***', 'tasks', 'run', 'fetch_and_store_amazon_books', 'insert_book_data', 'scheduled__2024-08-23T00:00:00+00:00', '--job-id', '149', '--raw', '--subdir', 'DAGS_FOLDER/app.py', '--cfg-path', '/tmp/tmpzssrx1af']
[2024-10-08T05:28:54.397+0000] {standard_task_runner.py:105} INFO - Job 149: Subtask insert_book_data
[2024-10-08T05:28:54.564+0000] {task_command.py:467} INFO - Running <TaskInstance: fetch_and_store_amazon_books.insert_book_data scheduled__2024-08-23T00:00:00+00:00 [running]> on host 475658bd4f83
[2024-10-08T05:28:59.901+0000] {taskinstance.py:3122} INFO - Exporting env vars: AIRFLOW_CTX_DAG_OWNER='***' AIRFLOW_CTX_DAG_ID='fetch_and_store_amazon_books' AIRFLOW_CTX_TASK_ID='insert_book_data' AIRFLOW_CTX_EXECUTION_DATE='2024-08-23T00:00:00+00:00' AIRFLOW_CTX_TRY_NUMBER='1' AIRFLOW_CTX_DAG_RUN_ID='scheduled__2024-08-23T00:00:00+00:00'
[2024-10-08T05:28:59.934+0000] {logging_mixin.py:190} INFO - Task instance is in running state
[2024-10-08T05:28:59.945+0000] {logging_mixin.py:190} INFO -  Previous state of the Task instance: queued
[2024-10-08T05:28:59.952+0000] {logging_mixin.py:190} INFO - Current task name:insert_book_data state:running start_date:2024-10-08 05:28:54.321581+00:00
[2024-10-08T05:28:59.954+0000] {logging_mixin.py:190} INFO - Dag name:fetch_and_store_amazon_books and current dag run status:running
[2024-10-08T05:28:59.959+0000] {taskinstance.py:731} INFO - ::endgroup::
[2024-10-08T05:29:00.449+0000] {base.py:84} INFO - Retrieving connection 'books_connection'
[2024-10-08T05:29:00.491+0000] {sql.py:509} INFO - Running statement: 
    INSERT INTO books (title, authors, price, rating)
    VALUES (%s, %s, %s, %s)
    , parameters: ('Data Engineering with AWS - Second Edition: Acquire the skills to design and build AWS-based data transformation pipelines like a pro', 'Gareth Eagar', '41.', '4.4 out of 5 stars')
[2024-10-08T05:29:00.544+0000] {sql.py:518} INFO - Rows affected: 1
[2024-10-08T05:29:00.636+0000] {base.py:84} INFO - Retrieving connection 'books_connection'
[2024-10-08T05:29:00.658+0000] {sql.py:509} INFO - Running statement: 
    INSERT INTO books (title, authors, price, rating)
    VALUES (%s, %s, %s, %s)
    , parameters: ('Azure Data Engineer Associate Certification Guide: Ace the DP-203 exam with advanced data engineering skills', 'Giacinto Palmieri', '49.', '4.4 out of 5 stars')
[2024-10-08T05:29:00.683+0000] {sql.py:518} INFO - Rows affected: 1
[2024-10-08T05:29:00.720+0000] {base.py:84} INFO - Retrieving connection 'books_connection'
[2024-10-08T05:29:00.748+0000] {sql.py:509} INFO - Running statement: 
    INSERT INTO books (title, authors, price, rating)
    VALUES (%s, %s, %s, %s)
    , parameters: ("Azure Data Factory Cookbook: A data engineer's guide to building and managing ETL and ELT pipelines with data integration", 'Dmitry Foshin', '51.', '4.2 out of 5 stars')
[2024-10-08T05:29:00.751+0000] {sql.py:518} INFO - Rows affected: 1
[2024-10-08T05:29:00.792+0000] {base.py:84} INFO - Retrieving connection 'books_connection'
[2024-10-08T05:29:00.807+0000] {sql.py:509} INFO - Running statement: 
    INSERT INTO books (title, authors, price, rating)
    VALUES (%s, %s, %s, %s)
    , parameters: ('Fundamentals of Data Engineering: Plan and Build Robust Data Systems', 'Joe Reis', '25.', '4.7 out of 5 stars')
[2024-10-08T05:29:00.816+0000] {sql.py:518} INFO - Rows affected: 1
[2024-10-08T05:29:00.860+0000] {base.py:84} INFO - Retrieving connection 'books_connection'
[2024-10-08T05:29:00.882+0000] {sql.py:509} INFO - Running statement: 
    INSERT INTO books (title, authors, price, rating)
    VALUES (%s, %s, %s, %s)
    , parameters: ('Designing Data-Intensive Applications: The Big Ideas Behind Reliable, Scalable, and Maintainable Systems', 'Martin Kleppmann', '55.', '4.7 out of 5 stars')
[2024-10-08T05:29:00.886+0000] {sql.py:518} INFO - Rows affected: 1
[2024-10-08T05:29:00.925+0000] {base.py:84} INFO - Retrieving connection 'books_connection'
[2024-10-08T05:29:00.943+0000] {sql.py:509} INFO - Running statement: 
    INSERT INTO books (title, authors, price, rating)
    VALUES (%s, %s, %s, %s)
    , parameters: ('Fundamentals of Data Analytics: Learn Essential Skills, Embrace the Future, and Catapult Your Career in the Data-Driven World—A Comprehensive Guide to Data Literacy for Beginners', 'Russell Dawson', '17.', '4.8 out of 5 stars')
[2024-10-08T05:29:00.947+0000] {sql.py:518} INFO - Rows affected: 1
[2024-10-08T05:29:00.971+0000] {base.py:84} INFO - Retrieving connection 'books_connection'
[2024-10-08T05:29:01.007+0000] {sql.py:509} INFO - Running statement: 
    INSERT INTO books (title, authors, price, rating)
    VALUES (%s, %s, %s, %s)
    , parameters: ('Data Analysis with Python and PySpark', 'Jonathan Rioux', '55.', '4.4 out of 5 stars')
[2024-10-08T05:29:01.028+0000] {sql.py:518} INFO - Rows affected: 1
[2024-10-08T05:29:01.103+0000] {base.py:84} INFO - Retrieving connection 'books_connection'
[2024-10-08T05:29:01.132+0000] {sql.py:509} INFO - Running statement: 
    INSERT INTO books (title, authors, price, rating)
    VALUES (%s, %s, %s, %s)
    , parameters: ("Ultimate Data Engineering with Databricks: Develop Scalable Data Pipelines Using Data Engineering's Core Tenets Such as Delta Tables, Ingestion, ... Security, and Scalability (English Edition)", 'Mayank Malhotra', '37.', '4.1 out of 5 stars')
[2024-10-08T05:29:01.136+0000] {sql.py:518} INFO - Rows affected: 1
[2024-10-08T05:29:01.163+0000] {base.py:84} INFO - Retrieving connection 'books_connection'
[2024-10-08T05:29:01.172+0000] {sql.py:509} INFO - Running statement: 
    INSERT INTO books (title, authors, price, rating)
    VALUES (%s, %s, %s, %s)
    , parameters: ('Data Engineering with Python: Work with massive datasets to design data models and automate data pipelines using Python', 'Paul Crickard', '37.', '4.1 out of 5 stars')
[2024-10-08T05:29:01.177+0000] {sql.py:518} INFO - Rows affected: 1
[2024-10-08T05:29:01.197+0000] {base.py:84} INFO - Retrieving connection 'books_connection'
[2024-10-08T05:29:01.208+0000] {sql.py:509} INFO - Running statement: 
    INSERT INTO books (title, authors, price, rating)
    VALUES (%s, %s, %s, %s)
    , parameters: ('Cracking the Data Engineering Interview: Land your dream job with the help of resume-building tips, over 100 mock questions, and a unique portfolio', 'Kedeisha Bryan', '26.', '4.4 out of 5 stars')
[2024-10-08T05:29:01.214+0000] {sql.py:518} INFO - Rows affected: 1
[2024-10-08T05:29:01.242+0000] {base.py:84} INFO - Retrieving connection 'books_connection'
[2024-10-08T05:29:01.256+0000] {sql.py:509} INFO - Running statement: 
    INSERT INTO books (title, authors, price, rating)
    VALUES (%s, %s, %s, %s)
    , parameters: ('Data Pipelines Pocket Reference: Moving and Processing Data for Analytics', 'James Densmore', '17.', '4.5 out of 5 stars')
[2024-10-08T05:29:01.259+0000] {sql.py:518} INFO - Rows affected: 1
[2024-10-08T05:29:01.278+0000] {base.py:84} INFO - Retrieving connection 'books_connection'
[2024-10-08T05:29:01.292+0000] {sql.py:509} INFO - Running statement: 
    INSERT INTO books (title, authors, price, rating)
    VALUES (%s, %s, %s, %s)
    , parameters: ('Ace the Data Science Interview: 201 Real Interview Questions Asked By FAANG, Tech Startups, & Wall Street', 'Nick Singh', '42.', '4.5 out of 5 stars')
[2024-10-08T05:29:01.295+0000] {sql.py:518} INFO - Rows affected: 1
[2024-10-08T05:29:01.319+0000] {base.py:84} INFO - Retrieving connection 'books_connection'
[2024-10-08T05:29:01.327+0000] {sql.py:509} INFO - Running statement: 
    INSERT INTO books (title, authors, price, rating)
    VALUES (%s, %s, %s, %s)
    , parameters: ('Ace the Data Engineering Interview: Questions and Answers for Python, SQL, Data Modeling and More', 'Sean Coyne', '24.', '3.8 out of 5 stars')
[2024-10-08T05:29:01.335+0000] {sql.py:518} INFO - Rows affected: 1
[2024-10-08T05:29:01.384+0000] {base.py:84} INFO - Retrieving connection 'books_connection'
[2024-10-08T05:29:01.396+0000] {sql.py:509} INFO - Running statement: 
    INSERT INTO books (title, authors, price, rating)
    VALUES (%s, %s, %s, %s)
    , parameters: ('Data Engineering with Databricks Cookbook: Build effective data and AI solutions using Apache Spark, Databricks, and Delta Lake', 'Pulkit Chadha', '49.', '4.3 out of 5 stars')
[2024-10-08T05:29:01.398+0000] {sql.py:518} INFO - Rows affected: 1
[2024-10-08T05:29:01.421+0000] {base.py:84} INFO - Retrieving connection 'books_connection'
[2024-10-08T05:29:01.433+0000] {sql.py:509} INFO - Running statement: 
    INSERT INTO books (title, authors, price, rating)
    VALUES (%s, %s, %s, %s)
    , parameters: ('Software Engineering for Data Scientists: From Notebooks to Scalable Systems', 'Catherine Nelson', '51.', '4.4 out of 5 stars')
[2024-10-08T05:29:01.449+0000] {sql.py:518} INFO - Rows affected: 1
[2024-10-08T05:29:01.476+0000] {base.py:84} INFO - Retrieving connection 'books_connection'
[2024-10-08T05:29:01.495+0000] {sql.py:509} INFO - Running statement: 
    INSERT INTO books (title, authors, price, rating)
    VALUES (%s, %s, %s, %s)
    , parameters: ('Data Engineering with dbt: A practical guide to building a cloud-based, pragmatic, and dependable data platform with SQL', 'Roberto Zagni', '37.', '4.6 out of 5 stars')
[2024-10-08T05:29:01.501+0000] {sql.py:518} INFO - Rows affected: 1
[2024-10-08T05:29:01.578+0000] {base.py:84} INFO - Retrieving connection 'books_connection'
[2024-10-08T05:29:01.609+0000] {sql.py:509} INFO - Running statement: 
    INSERT INTO books (title, authors, price, rating)
    VALUES (%s, %s, %s, %s)
    , parameters: ('Essentials of Data Engineering', 'Dr. Mukesh Saini', '19.', '5.0 out of 5 stars')
[2024-10-08T05:29:01.633+0000] {sql.py:518} INFO - Rows affected: 1
[2024-10-08T05:29:01.698+0000] {base.py:84} INFO - Retrieving connection 'books_connection'
[2024-10-08T05:29:01.707+0000] {sql.py:509} INFO - Running statement: 
    INSERT INTO books (title, authors, price, rating)
    VALUES (%s, %s, %s, %s)
    , parameters: ('Data Engineering with AWS: Learn how to design and build cloud-based data transformation pipelines using AWS', 'Gareth Eagar', '49.', '4.4 out of 5 stars')
[2024-10-08T05:29:01.711+0000] {sql.py:518} INFO - Rows affected: 1
[2024-10-08T05:29:01.721+0000] {base.py:84} INFO - Retrieving connection 'books_connection'
[2024-10-08T05:29:01.728+0000] {sql.py:509} INFO - Running statement: 
    INSERT INTO books (title, authors, price, rating)
    VALUES (%s, %s, %s, %s)
    , parameters: ('Data Engineering with Python cookbook: Learn to build efficient data pipelines using the Modern Cloud Data Stack', 'Adithyan Ramanujakootam', '32.', '5.0 out of 5 stars')
[2024-10-08T05:29:01.734+0000] {sql.py:518} INFO - Rows affected: 1
[2024-10-08T05:29:01.765+0000] {base.py:84} INFO - Retrieving connection 'books_connection'
[2024-10-08T05:29:01.777+0000] {sql.py:509} INFO - Running statement: 
    INSERT INTO books (title, authors, price, rating)
    VALUES (%s, %s, %s, %s)
    , parameters: ("Data Quality Fundamentals: A Practitioner's Guide to Building Trustworthy Data Pipelines", 'Paperback', '45.', '4.1 out of 5 stars')
[2024-10-08T05:29:01.783+0000] {sql.py:518} INFO - Rows affected: 1
[2024-10-08T05:29:01.802+0000] {base.py:84} INFO - Retrieving connection 'books_connection'
[2024-10-08T05:29:01.809+0000] {sql.py:509} INFO - Running statement: 
    INSERT INTO books (title, authors, price, rating)
    VALUES (%s, %s, %s, %s)
    , parameters: ('Mastering Databricks Lakehouse Platform: Perform Data Warehousing, Data Engineering, Machine Learning, DevOps, and BI into a Single Platform (English Edition)', 'Sagar Lad', '32.', '3.6 out of 5 stars')
[2024-10-08T05:29:01.815+0000] {sql.py:518} INFO - Rows affected: 1
[2024-10-08T05:29:01.847+0000] {base.py:84} INFO - Retrieving connection 'books_connection'
[2024-10-08T05:29:01.857+0000] {sql.py:509} INFO - Running statement: 
    INSERT INTO books (title, authors, price, rating)
    VALUES (%s, %s, %s, %s)
    , parameters: ('Data Privacy: A runbook for engineers', 'Nishant Bhajaria', '35.', '4.8 out of 5 stars')
[2024-10-08T05:29:01.861+0000] {sql.py:518} INFO - Rows affected: 1
[2024-10-08T05:29:01.881+0000] {base.py:84} INFO - Retrieving connection 'books_connection'
[2024-10-08T05:29:01.893+0000] {sql.py:509} INFO - Running statement: 
    INSERT INTO books (title, authors, price, rating)
    VALUES (%s, %s, %s, %s)
    , parameters: ('Fundamentals of Data Engineering: A Comprehensive Guide to Designing, Building, and Managing Data Pipelines, Storage Solutions, and Processing Frameworks.', 'Paperback', '14.', '5.0 out of 5 stars')
[2024-10-08T05:29:01.898+0000] {sql.py:518} INFO - Rows affected: 1
[2024-10-08T05:29:01.909+0000] {base.py:84} INFO - Retrieving connection 'books_connection'
[2024-10-08T05:29:01.917+0000] {sql.py:509} INFO - Running statement: 
    INSERT INTO books (title, authors, price, rating)
    VALUES (%s, %s, %s, %s)
    , parameters: ('Data Engineering with Google Cloud Platform: A practical guide to operationalizing scalable data analytics systems on GCP', 'Adi Wijaya', '41.', '4.7 out of 5 stars')
[2024-10-08T05:29:01.919+0000] {sql.py:518} INFO - Rows affected: 1
[2024-10-08T05:29:01.940+0000] {base.py:84} INFO - Retrieving connection 'books_connection'
[2024-10-08T05:29:01.949+0000] {sql.py:509} INFO - Running statement: 
    INSERT INTO books (title, authors, price, rating)
    VALUES (%s, %s, %s, %s)
    , parameters: ('DATA ENGINEERING AND AI FOR BEGINNERS: Revolutionizing Data Processing and Analytics by Leveraging Artificial Intelligence for Efficient Input Collection, Storage, and Transformation (World of AI)', 'Paperback', '13.', '4.3 out of 5 stars')
[2024-10-08T05:29:01.951+0000] {sql.py:518} INFO - Rows affected: 1
[2024-10-08T05:29:01.970+0000] {base.py:84} INFO - Retrieving connection 'books_connection'
[2024-10-08T05:29:01.984+0000] {sql.py:509} INFO - Running statement: 
    INSERT INTO books (title, authors, price, rating)
    VALUES (%s, %s, %s, %s)
    , parameters: ("Data: Principles To Practice - Volume 1 'Foundations': Essential Foundations: Key Concepts behind Data Architecture, Engineering and Analysis for Professionals", 'Mr Alex Holloway', '12.', '4.6 out of 5 stars')
[2024-10-08T05:29:01.999+0000] {sql.py:518} INFO - Rows affected: 1
[2024-10-08T05:29:02.050+0000] {base.py:84} INFO - Retrieving connection 'books_connection'
[2024-10-08T05:29:02.080+0000] {sql.py:509} INFO - Running statement: 
    INSERT INTO books (title, authors, price, rating)
    VALUES (%s, %s, %s, %s)
    , parameters: ('Data Engineering Fundamentals for Beginners: Mastering the Art of Building, Managing, and Scaling Data Systems', 'Paperback', '14.', '5.0 out of 5 stars')
[2024-10-08T05:29:02.088+0000] {sql.py:518} INFO - Rows affected: 1
[2024-10-08T05:29:02.127+0000] {base.py:84} INFO - Retrieving connection 'books_connection'
[2024-10-08T05:29:02.151+0000] {sql.py:509} INFO - Running statement: 
    INSERT INTO books (title, authors, price, rating)
    VALUES (%s, %s, %s, %s)
    , parameters: ("Engineering Data Mesh in Azure Cloud: Implement data mesh using Microsoft Azure's Cloud Adoption Framework", 'Paperback', '47.', '4.5 out of 5 stars')
[2024-10-08T05:29:02.159+0000] {sql.py:518} INFO - Rows affected: 1
[2024-10-08T05:29:02.190+0000] {base.py:84} INFO - Retrieving connection 'books_connection'
[2024-10-08T05:29:02.202+0000] {sql.py:509} INFO - Running statement: 
    INSERT INTO books (title, authors, price, rating)
    VALUES (%s, %s, %s, %s)
    , parameters: ('Data Engineering with Apache Spark, Delta Lake, and Lakehouse: Create scalable pipelines that ingest, curate, and aggregate complex data in a timely and secure way', 'Manoj Kukreja', '46.', '3.9 out of 5 stars')
[2024-10-08T05:29:02.205+0000] {sql.py:518} INFO - Rows affected: 1
[2024-10-08T05:29:02.236+0000] {base.py:84} INFO - Retrieving connection 'books_connection'
[2024-10-08T05:29:02.254+0000] {sql.py:509} INFO - Running statement: 
    INSERT INTO books (title, authors, price, rating)
    VALUES (%s, %s, %s, %s)
    , parameters: ('Data-Driven Science and Engineering: Machine Learning, Dynamical Systems, and Control', 'Steven L. Brunton', '64.', '4.8 out of 5 stars')
[2024-10-08T05:29:02.260+0000] {sql.py:518} INFO - Rows affected: 1
[2024-10-08T05:29:02.303+0000] {base.py:84} INFO - Retrieving connection 'books_connection'
[2024-10-08T05:29:02.334+0000] {sql.py:509} INFO - Running statement: 
    INSERT INTO books (title, authors, price, rating)
    VALUES (%s, %s, %s, %s)
    , parameters: ('Data Engineering with Google Cloud Platform: A guide to leveling up as a data engineer by building a scalable data platform with Google Cloud', 'Adi Wijaya', '40.', '4.8 out of 5 stars')
[2024-10-08T05:29:02.346+0000] {sql.py:518} INFO - Rows affected: 1
[2024-10-08T05:29:02.383+0000] {base.py:84} INFO - Retrieving connection 'books_connection'
[2024-10-08T05:29:02.413+0000] {sql.py:509} INFO - Running statement: 
    INSERT INTO books (title, authors, price, rating)
    VALUES (%s, %s, %s, %s)
    , parameters: ('97 Things Every Data Engineer Should Know: Collective Wisdom from the Experts', 'Tobias Macey', '28.', '4.1 out of 5 stars')
[2024-10-08T05:29:02.418+0000] {sql.py:518} INFO - Rows affected: 1
[2024-10-08T05:29:02.451+0000] {base.py:84} INFO - Retrieving connection 'books_connection'
[2024-10-08T05:29:02.474+0000] {sql.py:509} INFO - Running statement: 
    INSERT INTO books (title, authors, price, rating)
    VALUES (%s, %s, %s, %s)
    , parameters: ('Python Data Engineering Resources: Forge Your Path to Success in Data Engineering, Machine Learning and AI', 'Vajo Lukic', '0.', '4.9 out of 5 stars')
[2024-10-08T05:29:02.476+0000] {sql.py:518} INFO - Rows affected: 1
[2024-10-08T05:29:02.546+0000] {base.py:84} INFO - Retrieving connection 'books_connection'
[2024-10-08T05:29:02.575+0000] {sql.py:509} INFO - Running statement: 
    INSERT INTO books (title, authors, price, rating)
    VALUES (%s, %s, %s, %s)
    , parameters: ('Analytics Engineering with SQL and dbt: Building Meaningful Data Models at Scale', 'Rui Pedro Machado', '41.', '3.9 out of 5 stars')
[2024-10-08T05:29:02.577+0000] {sql.py:518} INFO - Rows affected: 1
[2024-10-08T05:29:02.610+0000] {base.py:84} INFO - Retrieving connection 'books_connection'
[2024-10-08T05:29:02.628+0000] {sql.py:509} INFO - Running statement: 
    INSERT INTO books (title, authors, price, rating)
    VALUES (%s, %s, %s, %s)
    , parameters: ('Data Engineering with Scala and Spark: Build streaming and batch pipelines that process massive amounts of data using Scala', 'Eric Tome', '29.', '4.1 out of 5 stars')
[2024-10-08T05:29:02.631+0000] {sql.py:518} INFO - Rows affected: 1
[2024-10-08T05:29:02.653+0000] {base.py:84} INFO - Retrieving connection 'books_connection'
[2024-10-08T05:29:02.666+0000] {sql.py:509} INFO - Running statement: 
    INSERT INTO books (title, authors, price, rating)
    VALUES (%s, %s, %s, %s)
    , parameters: ('Storytelling with Data: A Data Visualization Guide for Business Professionals', 'Cole Nussbaumer Knaflic', '27.', '4.6 out of 5 stars')
[2024-10-08T05:29:02.672+0000] {sql.py:518} INFO - Rows affected: 1
[2024-10-08T05:29:02.702+0000] {base.py:84} INFO - Retrieving connection 'books_connection'
[2024-10-08T05:29:02.722+0000] {sql.py:509} INFO - Running statement: 
    INSERT INTO books (title, authors, price, rating)
    VALUES (%s, %s, %s, %s)
    , parameters: ('Data Mesh: Delivering Data-Driven Value at Scale', 'Zhamak Dehghani', '43.', '4.5 out of 5 stars')
[2024-10-08T05:29:02.733+0000] {sql.py:518} INFO - Rows affected: 1
[2024-10-08T05:29:02.776+0000] {base.py:84} INFO - Retrieving connection 'books_connection'
[2024-10-08T05:29:02.804+0000] {sql.py:509} INFO - Running statement: 
    INSERT INTO books (title, authors, price, rating)
    VALUES (%s, %s, %s, %s)
    , parameters: ('Data Engineering 101', 'Kindle', '0.', '3.9 out of 5 stars')
[2024-10-08T05:29:02.810+0000] {sql.py:518} INFO - Rows affected: 1
[2024-10-08T05:29:02.844+0000] {base.py:84} INFO - Retrieving connection 'books_connection'
[2024-10-08T05:29:02.873+0000] {sql.py:509} INFO - Running statement: 
    INSERT INTO books (title, authors, price, rating)
    VALUES (%s, %s, %s, %s)
    , parameters: ('Data Modeling with Snowflake: A practical guide to accelerating Snowflake development using universal data modeling techniques', 'Serge Gershkovich', '36.', '4.8 out of 5 stars')
[2024-10-08T05:29:02.885+0000] {sql.py:518} INFO - Rows affected: 1
[2024-10-08T05:29:02.945+0000] {base.py:84} INFO - Retrieving connection 'books_connection'
[2024-10-08T05:29:02.970+0000] {sql.py:509} INFO - Running statement: 
    INSERT INTO books (title, authors, price, rating)
    VALUES (%s, %s, %s, %s)
    , parameters: ('Official Google Cloud Certified Professional Data Engineer Study Guide', 'Dan Sullivan', '33.', '4.5 out of 5 stars')
[2024-10-08T05:29:02.975+0000] {sql.py:518} INFO - Rows affected: 1
[2024-10-08T05:29:03.021+0000] {base.py:84} INFO - Retrieving connection 'books_connection'
[2024-10-08T05:29:03.039+0000] {sql.py:509} INFO - Running statement: 
    INSERT INTO books (title, authors, price, rating)
    VALUES (%s, %s, %s, %s)
    , parameters: ('Machine Learning Engineering', 'Andriy Burkov', '39.', '4.7 out of 5 stars')
[2024-10-08T05:29:03.042+0000] {sql.py:518} INFO - Rows affected: 1
[2024-10-08T05:29:03.080+0000] {base.py:84} INFO - Retrieving connection 'books_connection'
[2024-10-08T05:29:03.102+0000] {sql.py:509} INFO - Running statement: 
    INSERT INTO books (title, authors, price, rating)
    VALUES (%s, %s, %s, %s)
    , parameters: ('Fundamentals of Data Observability: Implement Trustworthy End-to-End Data Solutions', 'Andy Petrella', '36.', '4.0 out of 5 stars')
[2024-10-08T05:29:03.108+0000] {sql.py:518} INFO - Rows affected: 1
[2024-10-08T05:29:03.131+0000] {base.py:84} INFO - Retrieving connection 'books_connection'
[2024-10-08T05:29:03.153+0000] {sql.py:509} INFO - Running statement: 
    INSERT INTO books (title, authors, price, rating)
    VALUES (%s, %s, %s, %s)
    , parameters: ('Modern Data Engineering with Apache Spark: A Hands-On Guide for Building Mission-Critical Streaming Applications', 'Scott Haines', '28.', '4.1 out of 5 stars')
[2024-10-08T05:29:03.161+0000] {sql.py:518} INFO - Rows affected: 1
[2024-10-08T05:29:03.200+0000] {base.py:84} INFO - Retrieving connection 'books_connection'
[2024-10-08T05:29:03.216+0000] {sql.py:509} INFO - Running statement: 
    INSERT INTO books (title, authors, price, rating)
    VALUES (%s, %s, %s, %s)
    , parameters: ('Python Feature Engineering Cookbook: A complete guide to crafting powerful features for your machine learning models', 'Soledad Galli', '44.', '5.0 out of 5 stars')
[2024-10-08T05:29:03.223+0000] {sql.py:518} INFO - Rows affected: 1
[2024-10-08T05:29:03.263+0000] {base.py:84} INFO - Retrieving connection 'books_connection'
[2024-10-08T05:29:03.277+0000] {sql.py:509} INFO - Running statement: 
    INSERT INTO books (title, authors, price, rating)
    VALUES (%s, %s, %s, %s)
    , parameters: ('Data Engineering with Databricks', 'Kindle', '0.', '3.4 out of 5 stars')
[2024-10-08T05:29:03.283+0000] {sql.py:518} INFO - Rows affected: 1
[2024-10-08T05:29:03.313+0000] {base.py:84} INFO - Retrieving connection 'books_connection'
[2024-10-08T05:29:03.325+0000] {sql.py:509} INFO - Running statement: 
    INSERT INTO books (title, authors, price, rating)
    VALUES (%s, %s, %s, %s)
    , parameters: ('Azure Data Factory by Example: Practical Implementation for Data Engineers', 'Richard Swinbank', '33.', '4.2 out of 5 stars')
[2024-10-08T05:29:03.334+0000] {sql.py:518} INFO - Rows affected: 1
[2024-10-08T05:29:03.392+0000] {base.py:84} INFO - Retrieving connection 'books_connection'
[2024-10-08T05:29:03.417+0000] {sql.py:509} INFO - Running statement: 
    INSERT INTO books (title, authors, price, rating)
    VALUES (%s, %s, %s, %s)
    , parameters: ('Data Quality Engineering in Financial Services: Applying Manufacturing Techniques to Data', 'Brian Buzzelli', '30.', '4.4 out of 5 stars')
[2024-10-08T05:29:03.430+0000] {sql.py:518} INFO - Rows affected: 1
[2024-10-08T05:29:03.469+0000] {base.py:84} INFO - Retrieving connection 'books_connection'
[2024-10-08T05:29:03.493+0000] {sql.py:509} INFO - Running statement: 
    INSERT INTO books (title, authors, price, rating)
    VALUES (%s, %s, %s, %s)
    , parameters: ('Prompt Engineering for Generative AI: Future-Proof Inputs for Reliable AI Outputs', 'James Phoenix', '53.', '4.5 out of 5 stars')
[2024-10-08T05:29:03.502+0000] {sql.py:518} INFO - Rows affected: 1
[2024-10-08T05:29:03.604+0000] {base.py:84} INFO - Retrieving connection 'books_connection'
[2024-10-08T05:29:03.676+0000] {sql.py:509} INFO - Running statement: 
    INSERT INTO books (title, authors, price, rating)
    VALUES (%s, %s, %s, %s)
    , parameters: ('Data Observability for Data Engineering: Proactive strategies for ensuring data accuracy and addressing broken data pipelines', 'Michele Pinto', '18.', '3.7 out of 5 stars')
[2024-10-08T05:29:03.683+0000] {sql.py:518} INFO - Rows affected: 1
[2024-10-08T05:29:03.731+0000] {base.py:84} INFO - Retrieving connection 'books_connection'
[2024-10-08T05:29:03.746+0000] {sql.py:509} INFO - Running statement: 
    INSERT INTO books (title, authors, price, rating)
    VALUES (%s, %s, %s, %s)
    , parameters: ('Better Data Visualizations: A Guide for Scholars, Researchers, and Wonks', 'Jonathan Schwabish', '26.', '4.5 out of 5 stars')
[2024-10-08T05:29:03.756+0000] {sql.py:518} INFO - Rows affected: 1
[2024-10-08T05:29:03.763+0000] {python.py:240} INFO - Done. Returned value was: None
[2024-10-08T05:29:03.848+0000] {taskinstance.py:340} INFO - ::group::Post task execution logs
[2024-10-08T05:29:03.855+0000] {taskinstance.py:352} INFO - Marking task as SUCCESS. dag_id=fetch_and_store_amazon_books, task_id=insert_book_data, run_id=scheduled__2024-08-23T00:00:00+00:00, execution_date=20240823T000000, start_date=20241008T052854, end_date=20241008T052903
[2024-10-08T05:29:03.915+0000] {logging_mixin.py:190} INFO - Task instance in success state
[2024-10-08T05:29:03.921+0000] {logging_mixin.py:190} INFO -  Previous state of the Task instance: running
[2024-10-08T05:29:03.923+0000] {logging_mixin.py:190} INFO - Dag name:fetch_and_store_amazon_books queued_at:2024-10-08 05:28:32.537072+00:00
[2024-10-08T05:29:03.923+0000] {logging_mixin.py:190} INFO - Task hostname:475658bd4f83 operator:PythonOperator
[2024-10-08T05:29:03.971+0000] {local_task_job_runner.py:261} INFO - Task exited with return code 0
[2024-10-08T05:29:04.075+0000] {taskinstance.py:3891} INFO - 0 downstream tasks scheduled from follow-on schedule check
[2024-10-08T05:29:04.080+0000] {local_task_job_runner.py:240} INFO - ::endgroup::
