[2024-10-08T05:35:00.054+0000] {local_task_job_runner.py:123} INFO - ::group::Pre task execution logs
[2024-10-08T05:35:00.087+0000] {taskinstance.py:2603} INFO - Dependencies all met for dep_context=non-requeueable deps ti=<TaskInstance: fetch_and_store_amazon_books.insert_book_data scheduled__2024-10-03T00:00:00+00:00 [queued]>
[2024-10-08T05:35:00.105+0000] {taskinstance.py:2603} INFO - Dependencies all met for dep_context=requeueable deps ti=<TaskInstance: fetch_and_store_amazon_books.insert_book_data scheduled__2024-10-03T00:00:00+00:00 [queued]>
[2024-10-08T05:35:00.107+0000] {taskinstance.py:2856} INFO - Starting attempt 1 of 2
[2024-10-08T05:35:00.129+0000] {taskinstance.py:2879} INFO - Executing <Task(PythonOperator): insert_book_data> on 2024-10-03 00:00:00+00:00
[2024-10-08T05:35:00.138+0000] {warnings.py:112} WARNING - /home/***/.local/lib/python3.12/site-packages/***/task/task_runner/standard_task_runner.py:70: DeprecationWarning: This process (pid=262) is multi-threaded, use of fork() may lead to deadlocks in the child.
  pid = os.fork()

[2024-10-08T05:35:00.148+0000] {standard_task_runner.py:72} INFO - Started process 273 to run task
[2024-10-08T05:35:00.150+0000] {standard_task_runner.py:104} INFO - Running: ['***', 'tasks', 'run', 'fetch_and_store_amazon_books', 'insert_book_data', 'scheduled__2024-10-03T00:00:00+00:00', '--job-id', '282', '--raw', '--subdir', 'DAGS_FOLDER/app.py', '--cfg-path', '/tmp/tmp66v2begb']
[2024-10-08T05:35:00.153+0000] {standard_task_runner.py:105} INFO - Job 282: Subtask insert_book_data
[2024-10-08T05:35:00.260+0000] {task_command.py:467} INFO - Running <TaskInstance: fetch_and_store_amazon_books.insert_book_data scheduled__2024-10-03T00:00:00+00:00 [running]> on host 475658bd4f83
[2024-10-08T05:35:00.397+0000] {taskinstance.py:3122} INFO - Exporting env vars: AIRFLOW_CTX_DAG_OWNER='***' AIRFLOW_CTX_DAG_ID='fetch_and_store_amazon_books' AIRFLOW_CTX_TASK_ID='insert_book_data' AIRFLOW_CTX_EXECUTION_DATE='2024-10-03T00:00:00+00:00' AIRFLOW_CTX_TRY_NUMBER='1' AIRFLOW_CTX_DAG_RUN_ID='scheduled__2024-10-03T00:00:00+00:00'
[2024-10-08T05:35:00.400+0000] {logging_mixin.py:190} INFO - Task instance is in running state
[2024-10-08T05:35:00.400+0000] {logging_mixin.py:190} INFO -  Previous state of the Task instance: queued
[2024-10-08T05:35:00.401+0000] {logging_mixin.py:190} INFO - Current task name:insert_book_data state:running start_date:2024-10-08 05:35:00.088465+00:00
[2024-10-08T05:35:00.402+0000] {logging_mixin.py:190} INFO - Dag name:fetch_and_store_amazon_books and current dag run status:running
[2024-10-08T05:35:00.403+0000] {taskinstance.py:731} INFO - ::endgroup::
[2024-10-08T05:35:00.434+0000] {base.py:84} INFO - Retrieving connection 'books_connection'
[2024-10-08T05:35:00.445+0000] {sql.py:509} INFO - Running statement: 
    INSERT INTO books (title, authors, price, rating)
    VALUES (%s, %s, %s, %s)
    , parameters: ('Data Engineering with AWS - Second Edition: Acquire the skills to design and build AWS-based data transformation pipelines like a pro', 'Gareth Eagar', '41.', '4.4 out of 5 stars')
[2024-10-08T05:35:00.448+0000] {sql.py:518} INFO - Rows affected: 1
[2024-10-08T05:35:00.467+0000] {base.py:84} INFO - Retrieving connection 'books_connection'
[2024-10-08T05:35:00.476+0000] {sql.py:509} INFO - Running statement: 
    INSERT INTO books (title, authors, price, rating)
    VALUES (%s, %s, %s, %s)
    , parameters: ('Azure Data Engineer Associate Certification Guide: Ace the DP-203 exam with advanced data engineering skills', 'Giacinto Palmieri', '49.', '4.4 out of 5 stars')
[2024-10-08T05:35:00.477+0000] {sql.py:518} INFO - Rows affected: 1
[2024-10-08T05:35:00.488+0000] {base.py:84} INFO - Retrieving connection 'books_connection'
[2024-10-08T05:35:00.492+0000] {sql.py:509} INFO - Running statement: 
    INSERT INTO books (title, authors, price, rating)
    VALUES (%s, %s, %s, %s)
    , parameters: ("Azure Data Factory Cookbook: A data engineer's guide to building and managing ETL and ELT pipelines with data integration", 'Dmitry Foshin', '51.', '4.2 out of 5 stars')
[2024-10-08T05:35:00.496+0000] {sql.py:518} INFO - Rows affected: 1
[2024-10-08T05:35:00.515+0000] {base.py:84} INFO - Retrieving connection 'books_connection'
[2024-10-08T05:35:00.530+0000] {sql.py:509} INFO - Running statement: 
    INSERT INTO books (title, authors, price, rating)
    VALUES (%s, %s, %s, %s)
    , parameters: ('Fundamentals of Data Engineering: Plan and Build Robust Data Systems', 'Joe Reis', '25.', '4.7 out of 5 stars')
[2024-10-08T05:35:00.534+0000] {sql.py:518} INFO - Rows affected: 1
[2024-10-08T05:35:00.550+0000] {base.py:84} INFO - Retrieving connection 'books_connection'
[2024-10-08T05:35:00.558+0000] {sql.py:509} INFO - Running statement: 
    INSERT INTO books (title, authors, price, rating)
    VALUES (%s, %s, %s, %s)
    , parameters: ('Designing Data-Intensive Applications: The Big Ideas Behind Reliable, Scalable, and Maintainable Systems', 'Martin Kleppmann', '55.', '4.7 out of 5 stars')
[2024-10-08T05:35:00.563+0000] {sql.py:518} INFO - Rows affected: 1
[2024-10-08T05:35:00.581+0000] {base.py:84} INFO - Retrieving connection 'books_connection'
[2024-10-08T05:35:00.588+0000] {sql.py:509} INFO - Running statement: 
    INSERT INTO books (title, authors, price, rating)
    VALUES (%s, %s, %s, %s)
    , parameters: ('Fundamentals of Data Analytics: Learn Essential Skills, Embrace the Future, and Catapult Your Career in the Data-Driven World—A Comprehensive Guide to Data Literacy for Beginners', 'Russell Dawson', '17.', '4.8 out of 5 stars')
[2024-10-08T05:35:00.590+0000] {sql.py:518} INFO - Rows affected: 1
[2024-10-08T05:35:00.612+0000] {base.py:84} INFO - Retrieving connection 'books_connection'
[2024-10-08T05:35:00.619+0000] {sql.py:509} INFO - Running statement: 
    INSERT INTO books (title, authors, price, rating)
    VALUES (%s, %s, %s, %s)
    , parameters: ("Ultimate Data Engineering with Databricks: Develop Scalable Data Pipelines Using Data Engineering's Core Tenets Such as Delta Tables, Ingestion, ... Security, and Scalability (English Edition)", 'Mayank Malhotra', '37.', '4.1 out of 5 stars')
[2024-10-08T05:35:00.621+0000] {sql.py:518} INFO - Rows affected: 1
[2024-10-08T05:35:00.639+0000] {base.py:84} INFO - Retrieving connection 'books_connection'
[2024-10-08T05:35:00.646+0000] {sql.py:509} INFO - Running statement: 
    INSERT INTO books (title, authors, price, rating)
    VALUES (%s, %s, %s, %s)
    , parameters: ('Data Engineering with dbt: A practical guide to building a cloud-based, pragmatic, and dependable data platform with SQL', 'Roberto Zagni', '37.', '4.6 out of 5 stars')
[2024-10-08T05:35:00.649+0000] {sql.py:518} INFO - Rows affected: 1
[2024-10-08T05:35:00.663+0000] {base.py:84} INFO - Retrieving connection 'books_connection'
[2024-10-08T05:35:00.669+0000] {sql.py:509} INFO - Running statement: 
    INSERT INTO books (title, authors, price, rating)
    VALUES (%s, %s, %s, %s)
    , parameters: ('Data Engineering with Python: Work with massive datasets to design data models and automate data pipelines using Python', 'Paul Crickard', '37.', '4.1 out of 5 stars')
[2024-10-08T05:35:00.671+0000] {sql.py:518} INFO - Rows affected: 1
[2024-10-08T05:35:00.688+0000] {base.py:84} INFO - Retrieving connection 'books_connection'
[2024-10-08T05:35:00.696+0000] {sql.py:509} INFO - Running statement: 
    INSERT INTO books (title, authors, price, rating)
    VALUES (%s, %s, %s, %s)
    , parameters: ('Cracking the Data Engineering Interview: Land your dream job with the help of resume-building tips, over 100 mock questions, and a unique portfolio', 'Kedeisha Bryan', '26.', '4.4 out of 5 stars')
[2024-10-08T05:35:00.698+0000] {sql.py:518} INFO - Rows affected: 1
[2024-10-08T05:35:00.708+0000] {base.py:84} INFO - Retrieving connection 'books_connection'
[2024-10-08T05:35:00.714+0000] {sql.py:509} INFO - Running statement: 
    INSERT INTO books (title, authors, price, rating)
    VALUES (%s, %s, %s, %s)
    , parameters: ('Data Pipelines Pocket Reference: Moving and Processing Data for Analytics', 'James Densmore', '17.', '4.5 out of 5 stars')
[2024-10-08T05:35:00.716+0000] {sql.py:518} INFO - Rows affected: 1
[2024-10-08T05:35:00.726+0000] {base.py:84} INFO - Retrieving connection 'books_connection'
[2024-10-08T05:35:00.731+0000] {sql.py:509} INFO - Running statement: 
    INSERT INTO books (title, authors, price, rating)
    VALUES (%s, %s, %s, %s)
    , parameters: ('Ace the Data Science Interview: 201 Real Interview Questions Asked By FAANG, Tech Startups, & Wall Street', 'Nick Singh', '42.', '4.5 out of 5 stars')
[2024-10-08T05:35:00.732+0000] {sql.py:518} INFO - Rows affected: 1
[2024-10-08T05:35:00.740+0000] {base.py:84} INFO - Retrieving connection 'books_connection'
[2024-10-08T05:35:00.748+0000] {sql.py:509} INFO - Running statement: 
    INSERT INTO books (title, authors, price, rating)
    VALUES (%s, %s, %s, %s)
    , parameters: ('Ace the Data Engineering Interview: Questions and Answers for Python, SQL, Data Modeling and More', 'Sean Coyne', '24.', '3.8 out of 5 stars')
[2024-10-08T05:35:00.750+0000] {sql.py:518} INFO - Rows affected: 1
[2024-10-08T05:35:00.767+0000] {base.py:84} INFO - Retrieving connection 'books_connection'
[2024-10-08T05:35:00.774+0000] {sql.py:509} INFO - Running statement: 
    INSERT INTO books (title, authors, price, rating)
    VALUES (%s, %s, %s, %s)
    , parameters: ('Data Engineering with Databricks Cookbook: Build effective data and AI solutions using Apache Spark, Databricks, and Delta Lake', 'Pulkit Chadha', '49.', '4.3 out of 5 stars')
[2024-10-08T05:35:00.776+0000] {sql.py:518} INFO - Rows affected: 1
[2024-10-08T05:35:00.790+0000] {base.py:84} INFO - Retrieving connection 'books_connection'
[2024-10-08T05:35:00.798+0000] {sql.py:509} INFO - Running statement: 
    INSERT INTO books (title, authors, price, rating)
    VALUES (%s, %s, %s, %s)
    , parameters: ('Software Engineering for Data Scientists: From Notebooks to Scalable Systems', 'Catherine Nelson', '51.', '4.4 out of 5 stars')
[2024-10-08T05:35:00.802+0000] {sql.py:518} INFO - Rows affected: 1
[2024-10-08T05:35:00.813+0000] {base.py:84} INFO - Retrieving connection 'books_connection'
[2024-10-08T05:35:00.819+0000] {sql.py:509} INFO - Running statement: 
    INSERT INTO books (title, authors, price, rating)
    VALUES (%s, %s, %s, %s)
    , parameters: ('Getting Started with DuckDB: A practical guide for accelerating your data science, data analytics, and data engineering workflows', 'Simon Aubury', '54.', '5.0 out of 5 stars')
[2024-10-08T05:35:00.822+0000] {sql.py:518} INFO - Rows affected: 1
[2024-10-08T05:35:00.835+0000] {base.py:84} INFO - Retrieving connection 'books_connection'
[2024-10-08T05:35:00.844+0000] {sql.py:509} INFO - Running statement: 
    INSERT INTO books (title, authors, price, rating)
    VALUES (%s, %s, %s, %s)
    , parameters: ('Python Data Engineering Resources: Forge Your Path to Success in Data Engineering, Machine Learning and AI', 'Vajo Lukic', '12.', '4.9 out of 5 stars')
[2024-10-08T05:35:00.848+0000] {sql.py:518} INFO - Rows affected: 1
[2024-10-08T05:35:00.865+0000] {base.py:84} INFO - Retrieving connection 'books_connection'
[2024-10-08T05:35:00.872+0000] {sql.py:509} INFO - Running statement: 
    INSERT INTO books (title, authors, price, rating)
    VALUES (%s, %s, %s, %s)
    , parameters: ('Essentials of Data Engineering', 'Dr. Mukesh Saini', '19.', '5.0 out of 5 stars')
[2024-10-08T05:35:00.875+0000] {sql.py:518} INFO - Rows affected: 1
[2024-10-08T05:35:00.889+0000] {base.py:84} INFO - Retrieving connection 'books_connection'
[2024-10-08T05:35:00.896+0000] {sql.py:509} INFO - Running statement: 
    INSERT INTO books (title, authors, price, rating)
    VALUES (%s, %s, %s, %s)
    , parameters: ('Data Engineering with AWS: Learn how to design and build cloud-based data transformation pipelines using AWS', 'Gareth Eagar', '49.', '4.4 out of 5 stars')
[2024-10-08T05:35:00.898+0000] {sql.py:518} INFO - Rows affected: 1
[2024-10-08T05:35:00.916+0000] {base.py:84} INFO - Retrieving connection 'books_connection'
[2024-10-08T05:35:00.926+0000] {sql.py:509} INFO - Running statement: 
    INSERT INTO books (title, authors, price, rating)
    VALUES (%s, %s, %s, %s)
    , parameters: ('Data Engineering with Python cookbook: Learn to build efficient data pipelines using the Modern Cloud Data Stack', 'Adithyan Ramanujakootam', '32.', '5.0 out of 5 stars')
[2024-10-08T05:35:00.930+0000] {sql.py:518} INFO - Rows affected: 1
[2024-10-08T05:35:00.943+0000] {base.py:84} INFO - Retrieving connection 'books_connection'
[2024-10-08T05:35:00.948+0000] {sql.py:509} INFO - Running statement: 
    INSERT INTO books (title, authors, price, rating)
    VALUES (%s, %s, %s, %s)
    , parameters: ("Data Quality Fundamentals: A Practitioner's Guide to Building Trustworthy Data Pipelines", 'Paperback', '45.', '4.1 out of 5 stars')
[2024-10-08T05:35:00.951+0000] {sql.py:518} INFO - Rows affected: 1
[2024-10-08T05:35:00.963+0000] {base.py:84} INFO - Retrieving connection 'books_connection'
[2024-10-08T05:35:00.972+0000] {sql.py:509} INFO - Running statement: 
    INSERT INTO books (title, authors, price, rating)
    VALUES (%s, %s, %s, %s)
    , parameters: ('Data Engineering with Google Cloud Platform: A practical guide to operationalizing scalable data analytics systems on GCP', 'Adi Wijaya', '41.', '4.7 out of 5 stars')
[2024-10-08T05:35:00.974+0000] {sql.py:518} INFO - Rows affected: 1
[2024-10-08T05:35:01.032+0000] {base.py:84} INFO - Retrieving connection 'books_connection'
[2024-10-08T05:35:01.042+0000] {sql.py:509} INFO - Running statement: 
    INSERT INTO books (title, authors, price, rating)
    VALUES (%s, %s, %s, %s)
    , parameters: ('DATA ENGINEERING AND AI FOR BEGINNERS: Revolutionizing Data Processing and Analytics by Leveraging Artificial Intelligence for Efficient Input Collection, Storage, and Transformation (World of AI)', 'Paperback', '13.', '4.3 out of 5 stars')
[2024-10-08T05:35:01.045+0000] {sql.py:518} INFO - Rows affected: 1
[2024-10-08T05:35:01.065+0000] {base.py:84} INFO - Retrieving connection 'books_connection'
[2024-10-08T05:35:01.090+0000] {sql.py:509} INFO - Running statement: 
    INSERT INTO books (title, authors, price, rating)
    VALUES (%s, %s, %s, %s)
    , parameters: ('Fundamentals of Data Engineering: A Comprehensive Guide to Designing, Building, and Managing Data Pipelines, Storage Solutions, and Processing Frameworks.', 'Paperback', '14.', '5.0 out of 5 stars')
[2024-10-08T05:35:01.098+0000] {sql.py:518} INFO - Rows affected: 1
[2024-10-08T05:35:01.118+0000] {base.py:84} INFO - Retrieving connection 'books_connection'
[2024-10-08T05:35:01.135+0000] {sql.py:509} INFO - Running statement: 
    INSERT INTO books (title, authors, price, rating)
    VALUES (%s, %s, %s, %s)
    , parameters: ('Data Privacy: A runbook for engineers', 'Nishant Bhajaria', '35.', '4.8 out of 5 stars')
[2024-10-08T05:35:01.139+0000] {sql.py:518} INFO - Rows affected: 1
[2024-10-08T05:35:01.154+0000] {base.py:84} INFO - Retrieving connection 'books_connection'
[2024-10-08T05:35:01.160+0000] {sql.py:509} INFO - Running statement: 
    INSERT INTO books (title, authors, price, rating)
    VALUES (%s, %s, %s, %s)
    , parameters: ('Data Engineering Fundamentals for Beginners: Mastering the Art of Building, Managing, and Scaling Data Systems', 'Paperback', '14.', '5.0 out of 5 stars')
[2024-10-08T05:35:01.161+0000] {sql.py:518} INFO - Rows affected: 1
[2024-10-08T05:35:01.172+0000] {base.py:84} INFO - Retrieving connection 'books_connection'
[2024-10-08T05:35:01.190+0000] {sql.py:509} INFO - Running statement: 
    INSERT INTO books (title, authors, price, rating)
    VALUES (%s, %s, %s, %s)
    , parameters: ("Engineering Data Mesh in Azure Cloud: Implement data mesh using Microsoft Azure's Cloud Adoption Framework", 'Paperback', '47.', '4.5 out of 5 stars')
[2024-10-08T05:35:01.194+0000] {sql.py:518} INFO - Rows affected: 1
[2024-10-08T05:35:01.209+0000] {base.py:84} INFO - Retrieving connection 'books_connection'
[2024-10-08T05:35:01.218+0000] {sql.py:509} INFO - Running statement: 
    INSERT INTO books (title, authors, price, rating)
    VALUES (%s, %s, %s, %s)
    , parameters: ('Data Engineering with Apache Spark, Delta Lake, and Lakehouse: Create scalable pipelines that ingest, curate, and aggregate complex data in a timely and secure way', 'Manoj Kukreja', '46.', '3.9 out of 5 stars')
[2024-10-08T05:35:01.221+0000] {sql.py:518} INFO - Rows affected: 1
[2024-10-08T05:35:01.240+0000] {base.py:84} INFO - Retrieving connection 'books_connection'
[2024-10-08T05:35:01.255+0000] {sql.py:509} INFO - Running statement: 
    INSERT INTO books (title, authors, price, rating)
    VALUES (%s, %s, %s, %s)
    , parameters: ('Data-Driven Science and Engineering: Machine Learning, Dynamical Systems, and Control', 'Steven L. Brunton', '64.', '4.8 out of 5 stars')
[2024-10-08T05:35:01.258+0000] {sql.py:518} INFO - Rows affected: 1
[2024-10-08T05:35:01.271+0000] {base.py:84} INFO - Retrieving connection 'books_connection'
[2024-10-08T05:35:01.280+0000] {sql.py:509} INFO - Running statement: 
    INSERT INTO books (title, authors, price, rating)
    VALUES (%s, %s, %s, %s)
    , parameters: ('Data Engineering with Google Cloud Platform: A guide to leveling up as a data engineer by building a scalable data platform with Google Cloud', 'Adi Wijaya', '40.', '4.8 out of 5 stars')
[2024-10-08T05:35:01.284+0000] {sql.py:518} INFO - Rows affected: 1
[2024-10-08T05:35:01.300+0000] {base.py:84} INFO - Retrieving connection 'books_connection'
[2024-10-08T05:35:01.307+0000] {sql.py:509} INFO - Running statement: 
    INSERT INTO books (title, authors, price, rating)
    VALUES (%s, %s, %s, %s)
    , parameters: ("Data: Principles To Practice - Volume 1 'Foundations': Essential Foundations: Key Concepts behind Data Architecture, Engineering and Analysis for Professionals", 'Mr Alex Holloway', '12.', '4.6 out of 5 stars')
[2024-10-08T05:35:01.309+0000] {sql.py:518} INFO - Rows affected: 1
[2024-10-08T05:35:01.321+0000] {base.py:84} INFO - Retrieving connection 'books_connection'
[2024-10-08T05:35:01.330+0000] {sql.py:509} INFO - Running statement: 
    INSERT INTO books (title, authors, price, rating)
    VALUES (%s, %s, %s, %s)
    , parameters: ('97 Things Every Data Engineer Should Know: Collective Wisdom from the Experts', 'Tobias Macey', '28.', '4.1 out of 5 stars')
[2024-10-08T05:35:01.341+0000] {sql.py:518} INFO - Rows affected: 1
[2024-10-08T05:35:01.352+0000] {base.py:84} INFO - Retrieving connection 'books_connection'
[2024-10-08T05:35:01.363+0000] {sql.py:509} INFO - Running statement: 
    INSERT INTO books (title, authors, price, rating)
    VALUES (%s, %s, %s, %s)
    , parameters: ('Analytics Engineering with SQL and dbt: Building Meaningful Data Models at Scale', 'Rui Pedro Machado', '41.', '3.9 out of 5 stars')
[2024-10-08T05:35:01.365+0000] {sql.py:518} INFO - Rows affected: 1
[2024-10-08T05:35:01.381+0000] {base.py:84} INFO - Retrieving connection 'books_connection'
[2024-10-08T05:35:01.387+0000] {sql.py:509} INFO - Running statement: 
    INSERT INTO books (title, authors, price, rating)
    VALUES (%s, %s, %s, %s)
    , parameters: ('Data Engineering with Scala and Spark: Build streaming and batch pipelines that process massive amounts of data using Scala', 'Eric Tome', '29.', '4.1 out of 5 stars')
[2024-10-08T05:35:01.390+0000] {sql.py:518} INFO - Rows affected: 1
[2024-10-08T05:35:01.407+0000] {base.py:84} INFO - Retrieving connection 'books_connection'
[2024-10-08T05:35:01.417+0000] {sql.py:509} INFO - Running statement: 
    INSERT INTO books (title, authors, price, rating)
    VALUES (%s, %s, %s, %s)
    , parameters: ('Storytelling with Data: A Data Visualization Guide for Business Professionals', 'Cole Nussbaumer Knaflic', '27.', '4.6 out of 5 stars')
[2024-10-08T05:35:01.420+0000] {sql.py:518} INFO - Rows affected: 1
[2024-10-08T05:35:01.430+0000] {base.py:84} INFO - Retrieving connection 'books_connection'
[2024-10-08T05:35:01.437+0000] {sql.py:509} INFO - Running statement: 
    INSERT INTO books (title, authors, price, rating)
    VALUES (%s, %s, %s, %s)
    , parameters: ('Data Mesh: Delivering Data-Driven Value at Scale', 'Zhamak Dehghani', '43.', '4.5 out of 5 stars')
[2024-10-08T05:35:01.441+0000] {sql.py:518} INFO - Rows affected: 1
[2024-10-08T05:35:01.451+0000] {base.py:84} INFO - Retrieving connection 'books_connection'
[2024-10-08T05:35:01.457+0000] {sql.py:509} INFO - Running statement: 
    INSERT INTO books (title, authors, price, rating)
    VALUES (%s, %s, %s, %s)
    , parameters: ('Data Engineering 101', 'Kindle', '0.', '3.9 out of 5 stars')
[2024-10-08T05:35:01.458+0000] {sql.py:518} INFO - Rows affected: 1
[2024-10-08T05:35:01.468+0000] {base.py:84} INFO - Retrieving connection 'books_connection'
[2024-10-08T05:35:01.473+0000] {sql.py:509} INFO - Running statement: 
    INSERT INTO books (title, authors, price, rating)
    VALUES (%s, %s, %s, %s)
    , parameters: ('Data Modeling with Snowflake: A practical guide to accelerating Snowflake development using universal data modeling techniques', 'Serge Gershkovich', '36.', '4.8 out of 5 stars')
[2024-10-08T05:35:01.477+0000] {sql.py:518} INFO - Rows affected: 1
[2024-10-08T05:35:01.493+0000] {base.py:84} INFO - Retrieving connection 'books_connection'
[2024-10-08T05:35:01.505+0000] {sql.py:509} INFO - Running statement: 
    INSERT INTO books (title, authors, price, rating)
    VALUES (%s, %s, %s, %s)
    , parameters: ('Official Google Cloud Certified Professional Data Engineer Study Guide', 'Dan Sullivan', '33.', '4.5 out of 5 stars')
[2024-10-08T05:35:01.511+0000] {sql.py:518} INFO - Rows affected: 1
[2024-10-08T05:35:01.521+0000] {base.py:84} INFO - Retrieving connection 'books_connection'
[2024-10-08T05:35:01.531+0000] {sql.py:509} INFO - Running statement: 
    INSERT INTO books (title, authors, price, rating)
    VALUES (%s, %s, %s, %s)
    , parameters: ('Machine Learning Engineering', 'Andriy Burkov', '39.', '4.7 out of 5 stars')
[2024-10-08T05:35:01.533+0000] {sql.py:518} INFO - Rows affected: 1
[2024-10-08T05:35:01.549+0000] {base.py:84} INFO - Retrieving connection 'books_connection'
[2024-10-08T05:35:01.554+0000] {sql.py:509} INFO - Running statement: 
    INSERT INTO books (title, authors, price, rating)
    VALUES (%s, %s, %s, %s)
    , parameters: ('Fundamentals of Data Observability: Implement Trustworthy End-to-End Data Solutions', 'Andy Petrella', '36.', '4.0 out of 5 stars')
[2024-10-08T05:35:01.556+0000] {sql.py:518} INFO - Rows affected: 1
[2024-10-08T05:35:01.587+0000] {base.py:84} INFO - Retrieving connection 'books_connection'
[2024-10-08T05:35:01.594+0000] {sql.py:509} INFO - Running statement: 
    INSERT INTO books (title, authors, price, rating)
    VALUES (%s, %s, %s, %s)
    , parameters: ('Modern Data Engineering with Apache Spark: A Hands-On Guide for Building Mission-Critical Streaming Applications', 'Scott Haines', '29.', '4.1 out of 5 stars')
[2024-10-08T05:35:01.600+0000] {sql.py:518} INFO - Rows affected: 1
[2024-10-08T05:35:01.612+0000] {base.py:84} INFO - Retrieving connection 'books_connection'
[2024-10-08T05:35:01.618+0000] {sql.py:509} INFO - Running statement: 
    INSERT INTO books (title, authors, price, rating)
    VALUES (%s, %s, %s, %s)
    , parameters: ('Python Feature Engineering Cookbook: A complete guide to crafting powerful features for your machine learning models', 'Soledad Galli', '44.', '5.0 out of 5 stars')
[2024-10-08T05:35:01.621+0000] {sql.py:518} INFO - Rows affected: 1
[2024-10-08T05:35:01.630+0000] {base.py:84} INFO - Retrieving connection 'books_connection'
[2024-10-08T05:35:01.637+0000] {sql.py:509} INFO - Running statement: 
    INSERT INTO books (title, authors, price, rating)
    VALUES (%s, %s, %s, %s)
    , parameters: ('Data Engineering with Databricks', 'Kindle', '0.', '3.4 out of 5 stars')
[2024-10-08T05:35:01.640+0000] {sql.py:518} INFO - Rows affected: 1
[2024-10-08T05:35:01.651+0000] {base.py:84} INFO - Retrieving connection 'books_connection'
[2024-10-08T05:35:01.658+0000] {sql.py:509} INFO - Running statement: 
    INSERT INTO books (title, authors, price, rating)
    VALUES (%s, %s, %s, %s)
    , parameters: ('Azure Data Factory by Example: Practical Implementation for Data Engineers', 'Richard Swinbank', '33.', '4.2 out of 5 stars')
[2024-10-08T05:35:01.660+0000] {sql.py:518} INFO - Rows affected: 1
[2024-10-08T05:35:01.682+0000] {base.py:84} INFO - Retrieving connection 'books_connection'
[2024-10-08T05:35:01.690+0000] {sql.py:509} INFO - Running statement: 
    INSERT INTO books (title, authors, price, rating)
    VALUES (%s, %s, %s, %s)
    , parameters: ('Data Quality Engineering in Financial Services: Applying Manufacturing Techniques to Data', 'Brian Buzzelli', '30.', '4.4 out of 5 stars')
[2024-10-08T05:35:01.693+0000] {sql.py:518} INFO - Rows affected: 1
[2024-10-08T05:35:01.707+0000] {base.py:84} INFO - Retrieving connection 'books_connection'
[2024-10-08T05:35:01.735+0000] {sql.py:509} INFO - Running statement: 
    INSERT INTO books (title, authors, price, rating)
    VALUES (%s, %s, %s, %s)
    , parameters: ('Prompt Engineering for Generative AI: Future-Proof Inputs for Reliable AI Outputs', 'James Phoenix', '53.', '4.5 out of 5 stars')
[2024-10-08T05:35:01.737+0000] {sql.py:518} INFO - Rows affected: 1
[2024-10-08T05:35:01.749+0000] {base.py:84} INFO - Retrieving connection 'books_connection'
[2024-10-08T05:35:01.755+0000] {sql.py:509} INFO - Running statement: 
    INSERT INTO books (title, authors, price, rating)
    VALUES (%s, %s, %s, %s)
    , parameters: ('Data Observability for Data Engineering: Proactive strategies for ensuring data accuracy and addressing broken data pipelines', 'Michele Pinto', '18.', '3.7 out of 5 stars')
[2024-10-08T05:35:01.756+0000] {sql.py:518} INFO - Rows affected: 1
[2024-10-08T05:35:01.768+0000] {base.py:84} INFO - Retrieving connection 'books_connection'
[2024-10-08T05:35:01.778+0000] {sql.py:509} INFO - Running statement: 
    INSERT INTO books (title, authors, price, rating)
    VALUES (%s, %s, %s, %s)
    , parameters: ('Better Data Visualizations: A Guide for Scholars, Researchers, and Wonks', 'Jonathan Schwabish', '26.', '4.5 out of 5 stars')
[2024-10-08T05:35:01.780+0000] {sql.py:518} INFO - Rows affected: 1
[2024-10-08T05:35:01.788+0000] {base.py:84} INFO - Retrieving connection 'books_connection'
[2024-10-08T05:35:01.798+0000] {sql.py:509} INFO - Running statement: 
    INSERT INTO books (title, authors, price, rating)
    VALUES (%s, %s, %s, %s)
    , parameters: ("Applied Machine Learning and AI for Engineers: Solve Business Problems That Can't Be Solved Algorithmically", 'Jeff Prosise', '73.', '4.5 out of 5 stars')
[2024-10-08T05:35:01.801+0000] {sql.py:518} INFO - Rows affected: 1
[2024-10-08T05:35:01.805+0000] {python.py:240} INFO - Done. Returned value was: None
[2024-10-08T05:35:01.845+0000] {taskinstance.py:340} INFO - ::group::Post task execution logs
[2024-10-08T05:35:01.847+0000] {taskinstance.py:352} INFO - Marking task as SUCCESS. dag_id=fetch_and_store_amazon_books, task_id=insert_book_data, run_id=scheduled__2024-10-03T00:00:00+00:00, execution_date=20241003T000000, start_date=20241008T053500, end_date=20241008T053501
[2024-10-08T05:35:01.867+0000] {logging_mixin.py:190} INFO - Task instance in success state
[2024-10-08T05:35:01.868+0000] {logging_mixin.py:190} INFO -  Previous state of the Task instance: running
[2024-10-08T05:35:01.868+0000] {logging_mixin.py:190} INFO - Dag name:fetch_and_store_amazon_books queued_at:2024-10-08 05:34:46.602813+00:00
[2024-10-08T05:35:01.869+0000] {logging_mixin.py:190} INFO - Task hostname:475658bd4f83 operator:PythonOperator
[2024-10-08T05:35:01.907+0000] {local_task_job_runner.py:261} INFO - Task exited with return code 0
[2024-10-08T05:35:01.977+0000] {taskinstance.py:3891} INFO - 0 downstream tasks scheduled from follow-on schedule check
[2024-10-08T05:35:01.982+0000] {local_task_job_runner.py:240} INFO - ::endgroup::
