[2024-10-08T05:31:57.597+0000] {local_task_job_runner.py:123} INFO - ::group::Pre task execution logs
[2024-10-08T05:31:57.646+0000] {taskinstance.py:2603} INFO - Dependencies all met for dep_context=non-requeueable deps ti=<TaskInstance: fetch_and_store_amazon_books.insert_book_data scheduled__2024-09-17T00:00:00+00:00 [queued]>
[2024-10-08T05:31:57.661+0000] {taskinstance.py:2603} INFO - Dependencies all met for dep_context=requeueable deps ti=<TaskInstance: fetch_and_store_amazon_books.insert_book_data scheduled__2024-09-17T00:00:00+00:00 [queued]>
[2024-10-08T05:31:57.662+0000] {taskinstance.py:2856} INFO - Starting attempt 1 of 2
[2024-10-08T05:31:57.680+0000] {taskinstance.py:2879} INFO - Executing <Task(PythonOperator): insert_book_data> on 2024-09-17 00:00:00+00:00
[2024-10-08T05:31:57.719+0000] {standard_task_runner.py:104} INFO - Running: ['***', 'tasks', 'run', 'fetch_and_store_amazon_books', 'insert_book_data', 'scheduled__2024-09-17T00:00:00+00:00', '--job-id', '219', '--raw', '--subdir', 'DAGS_FOLDER/app.py', '--cfg-path', '/tmp/tmpezge8ifm']
[2024-10-08T05:31:57.721+0000] {standard_task_runner.py:105} INFO - Job 219: Subtask insert_book_data
[2024-10-08T05:31:57.719+0000] {warnings.py:112} WARNING - /home/***/.local/lib/python3.12/site-packages/***/task/task_runner/standard_task_runner.py:70: DeprecationWarning: This process (pid=511) is multi-threaded, use of fork() may lead to deadlocks in the child.
  pid = os.fork()

[2024-10-08T05:31:57.724+0000] {standard_task_runner.py:72} INFO - Started process 521 to run task
[2024-10-08T05:31:57.820+0000] {task_command.py:467} INFO - Running <TaskInstance: fetch_and_store_amazon_books.insert_book_data scheduled__2024-09-17T00:00:00+00:00 [running]> on host 475658bd4f83
[2024-10-08T05:31:57.997+0000] {taskinstance.py:3122} INFO - Exporting env vars: AIRFLOW_CTX_DAG_OWNER='***' AIRFLOW_CTX_DAG_ID='fetch_and_store_amazon_books' AIRFLOW_CTX_TASK_ID='insert_book_data' AIRFLOW_CTX_EXECUTION_DATE='2024-09-17T00:00:00+00:00' AIRFLOW_CTX_TRY_NUMBER='1' AIRFLOW_CTX_DAG_RUN_ID='scheduled__2024-09-17T00:00:00+00:00'
[2024-10-08T05:31:58.003+0000] {logging_mixin.py:190} INFO - Task instance is in running state
[2024-10-08T05:31:58.004+0000] {logging_mixin.py:190} INFO -  Previous state of the Task instance: queued
[2024-10-08T05:31:58.005+0000] {logging_mixin.py:190} INFO - Current task name:insert_book_data state:running start_date:2024-10-08 05:31:57.646670+00:00
[2024-10-08T05:31:58.005+0000] {logging_mixin.py:190} INFO - Dag name:fetch_and_store_amazon_books and current dag run status:running
[2024-10-08T05:31:58.006+0000] {taskinstance.py:731} INFO - ::endgroup::
[2024-10-08T05:31:58.040+0000] {base.py:84} INFO - Retrieving connection 'books_connection'
[2024-10-08T05:31:58.046+0000] {sql.py:509} INFO - Running statement: 
    INSERT INTO books (title, authors, price, rating)
    VALUES (%s, %s, %s, %s)
    , parameters: ('Data Engineering with AWS - Second Edition: Acquire the skills to design and build AWS-based data transformation pipelines like a pro', 'Gareth Eagar', '41.', '4.4 out of 5 stars')
[2024-10-08T05:31:58.051+0000] {sql.py:518} INFO - Rows affected: 1
[2024-10-08T05:31:58.068+0000] {base.py:84} INFO - Retrieving connection 'books_connection'
[2024-10-08T05:31:58.074+0000] {sql.py:509} INFO - Running statement: 
    INSERT INTO books (title, authors, price, rating)
    VALUES (%s, %s, %s, %s)
    , parameters: ('Azure Data Engineer Associate Certification Guide: Ace the DP-203 exam with advanced data engineering skills', 'Giacinto Palmieri', '49.', '4.4 out of 5 stars')
[2024-10-08T05:31:58.075+0000] {sql.py:518} INFO - Rows affected: 1
[2024-10-08T05:31:58.085+0000] {base.py:84} INFO - Retrieving connection 'books_connection'
[2024-10-08T05:31:58.094+0000] {sql.py:509} INFO - Running statement: 
    INSERT INTO books (title, authors, price, rating)
    VALUES (%s, %s, %s, %s)
    , parameters: ("Azure Data Factory Cookbook: A data engineer's guide to building and managing ETL and ELT pipelines with data integration", 'Dmitry Foshin', '51.', '4.2 out of 5 stars')
[2024-10-08T05:31:58.096+0000] {sql.py:518} INFO - Rows affected: 1
[2024-10-08T05:31:58.110+0000] {base.py:84} INFO - Retrieving connection 'books_connection'
[2024-10-08T05:31:58.114+0000] {sql.py:509} INFO - Running statement: 
    INSERT INTO books (title, authors, price, rating)
    VALUES (%s, %s, %s, %s)
    , parameters: ('Fundamentals of Data Engineering: Plan and Build Robust Data Systems', 'Joe Reis', '25.', '4.7 out of 5 stars')
[2024-10-08T05:31:58.115+0000] {sql.py:518} INFO - Rows affected: 1
[2024-10-08T05:31:58.124+0000] {base.py:84} INFO - Retrieving connection 'books_connection'
[2024-10-08T05:31:58.129+0000] {sql.py:509} INFO - Running statement: 
    INSERT INTO books (title, authors, price, rating)
    VALUES (%s, %s, %s, %s)
    , parameters: ('Designing Data-Intensive Applications: The Big Ideas Behind Reliable, Scalable, and Maintainable Systems', 'Martin Kleppmann', '55.', '4.7 out of 5 stars')
[2024-10-08T05:31:58.130+0000] {sql.py:518} INFO - Rows affected: 1
[2024-10-08T05:31:58.146+0000] {base.py:84} INFO - Retrieving connection 'books_connection'
[2024-10-08T05:31:58.183+0000] {sql.py:509} INFO - Running statement: 
    INSERT INTO books (title, authors, price, rating)
    VALUES (%s, %s, %s, %s)
    , parameters: ('Fundamentals of Data Analytics: Learn Essential Skills, Embrace the Future, and Catapult Your Career in the Data-Driven World—A Comprehensive Guide to Data Literacy for Beginners', 'Russell Dawson', '17.', '4.8 out of 5 stars')
[2024-10-08T05:31:58.194+0000] {sql.py:518} INFO - Rows affected: 1
[2024-10-08T05:31:58.221+0000] {base.py:84} INFO - Retrieving connection 'books_connection'
[2024-10-08T05:31:58.226+0000] {sql.py:509} INFO - Running statement: 
    INSERT INTO books (title, authors, price, rating)
    VALUES (%s, %s, %s, %s)
    , parameters: ("Ultimate Data Engineering with Databricks: Develop Scalable Data Pipelines Using Data Engineering's Core Tenets Such as Delta Tables, Ingestion, ... Security, and Scalability (English Edition)", 'Mayank Malhotra', '37.', '4.1 out of 5 stars')
[2024-10-08T05:31:58.230+0000] {sql.py:518} INFO - Rows affected: 1
[2024-10-08T05:31:58.240+0000] {base.py:84} INFO - Retrieving connection 'books_connection'
[2024-10-08T05:31:58.244+0000] {sql.py:509} INFO - Running statement: 
    INSERT INTO books (title, authors, price, rating)
    VALUES (%s, %s, %s, %s)
    , parameters: ('Data Engineering with dbt: A practical guide to building a cloud-based, pragmatic, and dependable data platform with SQL', 'Roberto Zagni', '37.', '4.6 out of 5 stars')
[2024-10-08T05:31:58.246+0000] {sql.py:518} INFO - Rows affected: 1
[2024-10-08T05:31:58.258+0000] {base.py:84} INFO - Retrieving connection 'books_connection'
[2024-10-08T05:31:58.263+0000] {sql.py:509} INFO - Running statement: 
    INSERT INTO books (title, authors, price, rating)
    VALUES (%s, %s, %s, %s)
    , parameters: ('Data Engineering with Python: Work with massive datasets to design data models and automate data pipelines using Python', 'Paul Crickard', '37.', '4.1 out of 5 stars')
[2024-10-08T05:31:58.264+0000] {sql.py:518} INFO - Rows affected: 1
[2024-10-08T05:31:58.275+0000] {base.py:84} INFO - Retrieving connection 'books_connection'
[2024-10-08T05:31:58.281+0000] {sql.py:509} INFO - Running statement: 
    INSERT INTO books (title, authors, price, rating)
    VALUES (%s, %s, %s, %s)
    , parameters: ('Cracking the Data Engineering Interview: Land your dream job with the help of resume-building tips, over 100 mock questions, and a unique portfolio', 'Kedeisha Bryan', '26.', '4.4 out of 5 stars')
[2024-10-08T05:31:58.283+0000] {sql.py:518} INFO - Rows affected: 1
[2024-10-08T05:31:58.292+0000] {base.py:84} INFO - Retrieving connection 'books_connection'
[2024-10-08T05:31:58.298+0000] {sql.py:509} INFO - Running statement: 
    INSERT INTO books (title, authors, price, rating)
    VALUES (%s, %s, %s, %s)
    , parameters: ('Data Pipelines Pocket Reference: Moving and Processing Data for Analytics', 'James Densmore', '17.', '4.5 out of 5 stars')
[2024-10-08T05:31:58.300+0000] {sql.py:518} INFO - Rows affected: 1
[2024-10-08T05:31:58.317+0000] {base.py:84} INFO - Retrieving connection 'books_connection'
[2024-10-08T05:31:58.331+0000] {sql.py:509} INFO - Running statement: 
    INSERT INTO books (title, authors, price, rating)
    VALUES (%s, %s, %s, %s)
    , parameters: ('Ace the Data Science Interview: 201 Real Interview Questions Asked By FAANG, Tech Startups, & Wall Street', 'Nick Singh', '42.', '4.5 out of 5 stars')
[2024-10-08T05:31:58.336+0000] {sql.py:518} INFO - Rows affected: 1
[2024-10-08T05:31:58.350+0000] {base.py:84} INFO - Retrieving connection 'books_connection'
[2024-10-08T05:31:58.357+0000] {sql.py:509} INFO - Running statement: 
    INSERT INTO books (title, authors, price, rating)
    VALUES (%s, %s, %s, %s)
    , parameters: ('Ace the Data Engineering Interview: Questions and Answers for Python, SQL, Data Modeling and More', 'Sean Coyne', '24.', '3.8 out of 5 stars')
[2024-10-08T05:31:58.359+0000] {sql.py:518} INFO - Rows affected: 1
[2024-10-08T05:31:58.371+0000] {base.py:84} INFO - Retrieving connection 'books_connection'
[2024-10-08T05:31:58.377+0000] {sql.py:509} INFO - Running statement: 
    INSERT INTO books (title, authors, price, rating)
    VALUES (%s, %s, %s, %s)
    , parameters: ('Data Engineering with Databricks Cookbook: Build effective data and AI solutions using Apache Spark, Databricks, and Delta Lake', 'Pulkit Chadha', '49.', '4.3 out of 5 stars')
[2024-10-08T05:31:58.380+0000] {sql.py:518} INFO - Rows affected: 1
[2024-10-08T05:31:58.394+0000] {base.py:84} INFO - Retrieving connection 'books_connection'
[2024-10-08T05:31:58.399+0000] {sql.py:509} INFO - Running statement: 
    INSERT INTO books (title, authors, price, rating)
    VALUES (%s, %s, %s, %s)
    , parameters: ('Software Engineering for Data Scientists: From Notebooks to Scalable Systems', 'Catherine Nelson', '51.', '4.4 out of 5 stars')
[2024-10-08T05:31:58.401+0000] {sql.py:518} INFO - Rows affected: 1
[2024-10-08T05:31:58.416+0000] {base.py:84} INFO - Retrieving connection 'books_connection'
[2024-10-08T05:31:58.424+0000] {sql.py:509} INFO - Running statement: 
    INSERT INTO books (title, authors, price, rating)
    VALUES (%s, %s, %s, %s)
    , parameters: ('Essentials of Data Engineering', 'Dr. Mukesh Saini', '19.', '5.0 out of 5 stars')
[2024-10-08T05:31:58.427+0000] {sql.py:518} INFO - Rows affected: 1
[2024-10-08T05:31:58.438+0000] {base.py:84} INFO - Retrieving connection 'books_connection'
[2024-10-08T05:31:58.445+0000] {sql.py:509} INFO - Running statement: 
    INSERT INTO books (title, authors, price, rating)
    VALUES (%s, %s, %s, %s)
    , parameters: ('Data Engineering with AWS: Learn how to design and build cloud-based data transformation pipelines using AWS', 'Gareth Eagar', '49.', '4.4 out of 5 stars')
[2024-10-08T05:31:58.448+0000] {sql.py:518} INFO - Rows affected: 1
[2024-10-08T05:31:58.466+0000] {base.py:84} INFO - Retrieving connection 'books_connection'
[2024-10-08T05:31:58.474+0000] {sql.py:509} INFO - Running statement: 
    INSERT INTO books (title, authors, price, rating)
    VALUES (%s, %s, %s, %s)
    , parameters: ('Data Engineering with Python cookbook: Learn to build efficient data pipelines using the Modern Cloud Data Stack', 'Adithyan Ramanujakootam', '32.', '5.0 out of 5 stars')
[2024-10-08T05:31:58.476+0000] {sql.py:518} INFO - Rows affected: 1
[2024-10-08T05:31:58.489+0000] {base.py:84} INFO - Retrieving connection 'books_connection'
[2024-10-08T05:31:58.494+0000] {sql.py:509} INFO - Running statement: 
    INSERT INTO books (title, authors, price, rating)
    VALUES (%s, %s, %s, %s)
    , parameters: ("Data Quality Fundamentals: A Practitioner's Guide to Building Trustworthy Data Pipelines", 'Paperback', '45.', '4.1 out of 5 stars')
[2024-10-08T05:31:58.496+0000] {sql.py:518} INFO - Rows affected: 1
[2024-10-08T05:31:58.508+0000] {base.py:84} INFO - Retrieving connection 'books_connection'
[2024-10-08T05:31:58.515+0000] {sql.py:509} INFO - Running statement: 
    INSERT INTO books (title, authors, price, rating)
    VALUES (%s, %s, %s, %s)
    , parameters: ('Data Engineering with Google Cloud Platform: A practical guide to operationalizing scalable data analytics systems on GCP', 'Adi Wijaya', '41.', '4.7 out of 5 stars')
[2024-10-08T05:31:58.516+0000] {sql.py:518} INFO - Rows affected: 1
[2024-10-08T05:31:58.526+0000] {base.py:84} INFO - Retrieving connection 'books_connection'
[2024-10-08T05:31:58.532+0000] {sql.py:509} INFO - Running statement: 
    INSERT INTO books (title, authors, price, rating)
    VALUES (%s, %s, %s, %s)
    , parameters: ('DATA ENGINEERING AND AI FOR BEGINNERS: Revolutionizing Data Processing and Analytics by Leveraging Artificial Intelligence for Efficient Input Collection, Storage, and Transformation (World of AI)', 'Paperback', '13.', '4.3 out of 5 stars')
[2024-10-08T05:31:58.534+0000] {sql.py:518} INFO - Rows affected: 1
[2024-10-08T05:31:58.545+0000] {base.py:84} INFO - Retrieving connection 'books_connection'
[2024-10-08T05:31:58.551+0000] {sql.py:509} INFO - Running statement: 
    INSERT INTO books (title, authors, price, rating)
    VALUES (%s, %s, %s, %s)
    , parameters: ('Fundamentals of Data Engineering: A Comprehensive Guide to Designing, Building, and Managing Data Pipelines, Storage Solutions, and Processing Frameworks.', 'Paperback', '14.', '5.0 out of 5 stars')
[2024-10-08T05:31:58.554+0000] {sql.py:518} INFO - Rows affected: 1
[2024-10-08T05:31:58.574+0000] {base.py:84} INFO - Retrieving connection 'books_connection'
[2024-10-08T05:31:58.584+0000] {sql.py:509} INFO - Running statement: 
    INSERT INTO books (title, authors, price, rating)
    VALUES (%s, %s, %s, %s)
    , parameters: ('Data Privacy: A runbook for engineers', 'Nishant Bhajaria', '35.', '4.8 out of 5 stars')
[2024-10-08T05:31:58.587+0000] {sql.py:518} INFO - Rows affected: 1
[2024-10-08T05:31:58.620+0000] {base.py:84} INFO - Retrieving connection 'books_connection'
[2024-10-08T05:31:58.640+0000] {sql.py:509} INFO - Running statement: 
    INSERT INTO books (title, authors, price, rating)
    VALUES (%s, %s, %s, %s)
    , parameters: ('Data Engineering Fundamentals for Beginners: Mastering the Art of Building, Managing, and Scaling Data Systems', 'Paperback', '14.', '5.0 out of 5 stars')
[2024-10-08T05:31:58.659+0000] {sql.py:518} INFO - Rows affected: 1
[2024-10-08T05:31:58.686+0000] {base.py:84} INFO - Retrieving connection 'books_connection'
[2024-10-08T05:31:58.698+0000] {sql.py:509} INFO - Running statement: 
    INSERT INTO books (title, authors, price, rating)
    VALUES (%s, %s, %s, %s)
    , parameters: ("Engineering Data Mesh in Azure Cloud: Implement data mesh using Microsoft Azure's Cloud Adoption Framework", 'Paperback', '47.', '4.5 out of 5 stars')
[2024-10-08T05:31:58.702+0000] {sql.py:518} INFO - Rows affected: 1
[2024-10-08T05:31:58.717+0000] {base.py:84} INFO - Retrieving connection 'books_connection'
[2024-10-08T05:31:58.729+0000] {sql.py:509} INFO - Running statement: 
    INSERT INTO books (title, authors, price, rating)
    VALUES (%s, %s, %s, %s)
    , parameters: ('Data Engineering with Apache Spark, Delta Lake, and Lakehouse: Create scalable pipelines that ingest, curate, and aggregate complex data in a timely and secure way', 'Manoj Kukreja', '46.', '3.9 out of 5 stars')
[2024-10-08T05:31:58.735+0000] {sql.py:518} INFO - Rows affected: 1
[2024-10-08T05:31:58.758+0000] {base.py:84} INFO - Retrieving connection 'books_connection'
[2024-10-08T05:31:58.765+0000] {sql.py:509} INFO - Running statement: 
    INSERT INTO books (title, authors, price, rating)
    VALUES (%s, %s, %s, %s)
    , parameters: ('Data-Driven Science and Engineering: Machine Learning, Dynamical Systems, and Control', 'Steven L. Brunton', '64.', '4.8 out of 5 stars')
[2024-10-08T05:31:58.767+0000] {sql.py:518} INFO - Rows affected: 1
[2024-10-08T05:31:58.776+0000] {base.py:84} INFO - Retrieving connection 'books_connection'
[2024-10-08T05:31:58.785+0000] {sql.py:509} INFO - Running statement: 
    INSERT INTO books (title, authors, price, rating)
    VALUES (%s, %s, %s, %s)
    , parameters: ('Data Engineering with Google Cloud Platform: A guide to leveling up as a data engineer by building a scalable data platform with Google Cloud', 'Adi Wijaya', '40.', '4.8 out of 5 stars')
[2024-10-08T05:31:58.789+0000] {sql.py:518} INFO - Rows affected: 1
[2024-10-08T05:31:58.812+0000] {base.py:84} INFO - Retrieving connection 'books_connection'
[2024-10-08T05:31:58.824+0000] {sql.py:509} INFO - Running statement: 
    INSERT INTO books (title, authors, price, rating)
    VALUES (%s, %s, %s, %s)
    , parameters: ("Data: Principles To Practice - Volume 1 'Foundations': Essential Foundations: Key Concepts behind Data Architecture, Engineering and Analysis for Professionals", 'Mr Alex Holloway', '12.', '4.6 out of 5 stars')
[2024-10-08T05:31:58.829+0000] {sql.py:518} INFO - Rows affected: 1
[2024-10-08T05:31:58.847+0000] {base.py:84} INFO - Retrieving connection 'books_connection'
[2024-10-08T05:31:58.852+0000] {sql.py:509} INFO - Running statement: 
    INSERT INTO books (title, authors, price, rating)
    VALUES (%s, %s, %s, %s)
    , parameters: ('Data Engineering with AWS', 'May Sherry', '14.', '5.0 out of 5 stars')
[2024-10-08T05:31:58.855+0000] {sql.py:518} INFO - Rows affected: 1
[2024-10-08T05:31:58.889+0000] {base.py:84} INFO - Retrieving connection 'books_connection'
[2024-10-08T05:31:58.900+0000] {sql.py:509} INFO - Running statement: 
    INSERT INTO books (title, authors, price, rating)
    VALUES (%s, %s, %s, %s)
    , parameters: ('Python Data Engineering Resources: Forge Your Path to Success in Data Engineering, Machine Learning and AI', 'Vajo Lukic', '0.', '4.9 out of 5 stars')
[2024-10-08T05:31:58.906+0000] {sql.py:518} INFO - Rows affected: 1
[2024-10-08T05:31:58.934+0000] {base.py:84} INFO - Retrieving connection 'books_connection'
[2024-10-08T05:31:58.944+0000] {sql.py:509} INFO - Running statement: 
    INSERT INTO books (title, authors, price, rating)
    VALUES (%s, %s, %s, %s)
    , parameters: ('97 Things Every Data Engineer Should Know: Collective Wisdom from the Experts', 'Tobias Macey', '28.', '4.1 out of 5 stars')
[2024-10-08T05:31:58.947+0000] {sql.py:518} INFO - Rows affected: 1
[2024-10-08T05:31:58.973+0000] {base.py:84} INFO - Retrieving connection 'books_connection'
[2024-10-08T05:31:58.989+0000] {sql.py:509} INFO - Running statement: 
    INSERT INTO books (title, authors, price, rating)
    VALUES (%s, %s, %s, %s)
    , parameters: ('Analytics Engineering with SQL and dbt: Building Meaningful Data Models at Scale', 'Rui Pedro Machado', '41.', '3.9 out of 5 stars')
[2024-10-08T05:31:58.992+0000] {sql.py:518} INFO - Rows affected: 1
[2024-10-08T05:31:59.011+0000] {base.py:84} INFO - Retrieving connection 'books_connection'
[2024-10-08T05:31:59.020+0000] {sql.py:509} INFO - Running statement: 
    INSERT INTO books (title, authors, price, rating)
    VALUES (%s, %s, %s, %s)
    , parameters: ('Data Engineering with Scala and Spark: Build streaming and batch pipelines that process massive amounts of data using Scala', 'Eric Tome', '29.', '4.1 out of 5 stars')
[2024-10-08T05:31:59.025+0000] {sql.py:518} INFO - Rows affected: 1
[2024-10-08T05:31:59.039+0000] {base.py:84} INFO - Retrieving connection 'books_connection'
[2024-10-08T05:31:59.046+0000] {sql.py:509} INFO - Running statement: 
    INSERT INTO books (title, authors, price, rating)
    VALUES (%s, %s, %s, %s)
    , parameters: ('Storytelling with Data: A Data Visualization Guide for Business Professionals', 'Cole Nussbaumer Knaflic', '27.', '4.6 out of 5 stars')
[2024-10-08T05:31:59.050+0000] {sql.py:518} INFO - Rows affected: 1
[2024-10-08T05:31:59.063+0000] {base.py:84} INFO - Retrieving connection 'books_connection'
[2024-10-08T05:31:59.072+0000] {sql.py:509} INFO - Running statement: 
    INSERT INTO books (title, authors, price, rating)
    VALUES (%s, %s, %s, %s)
    , parameters: ('Data Mesh: Delivering Data-Driven Value at Scale', 'Zhamak Dehghani', '43.', '4.5 out of 5 stars')
[2024-10-08T05:31:59.075+0000] {sql.py:518} INFO - Rows affected: 1
[2024-10-08T05:31:59.088+0000] {base.py:84} INFO - Retrieving connection 'books_connection'
[2024-10-08T05:31:59.099+0000] {sql.py:509} INFO - Running statement: 
    INSERT INTO books (title, authors, price, rating)
    VALUES (%s, %s, %s, %s)
    , parameters: ('Data Engineering 101', 'Kindle', '0.', '3.9 out of 5 stars')
[2024-10-08T05:31:59.104+0000] {sql.py:518} INFO - Rows affected: 1
[2024-10-08T05:31:59.132+0000] {base.py:84} INFO - Retrieving connection 'books_connection'
[2024-10-08T05:31:59.142+0000] {sql.py:509} INFO - Running statement: 
    INSERT INTO books (title, authors, price, rating)
    VALUES (%s, %s, %s, %s)
    , parameters: ('Data Modeling with Snowflake: A practical guide to accelerating Snowflake development using universal data modeling techniques', 'Serge Gershkovich', '36.', '4.8 out of 5 stars')
[2024-10-08T05:31:59.146+0000] {sql.py:518} INFO - Rows affected: 1
[2024-10-08T05:31:59.173+0000] {base.py:84} INFO - Retrieving connection 'books_connection'
[2024-10-08T05:31:59.184+0000] {sql.py:509} INFO - Running statement: 
    INSERT INTO books (title, authors, price, rating)
    VALUES (%s, %s, %s, %s)
    , parameters: ('Official Google Cloud Certified Professional Data Engineer Study Guide', 'Dan Sullivan', '33.', '4.5 out of 5 stars')
[2024-10-08T05:31:59.188+0000] {sql.py:518} INFO - Rows affected: 1
[2024-10-08T05:31:59.198+0000] {base.py:84} INFO - Retrieving connection 'books_connection'
[2024-10-08T05:31:59.204+0000] {sql.py:509} INFO - Running statement: 
    INSERT INTO books (title, authors, price, rating)
    VALUES (%s, %s, %s, %s)
    , parameters: ('Machine Learning Engineering', 'Andriy Burkov', '39.', '4.7 out of 5 stars')
[2024-10-08T05:31:59.207+0000] {sql.py:518} INFO - Rows affected: 1
[2024-10-08T05:31:59.222+0000] {base.py:84} INFO - Retrieving connection 'books_connection'
[2024-10-08T05:31:59.228+0000] {sql.py:509} INFO - Running statement: 
    INSERT INTO books (title, authors, price, rating)
    VALUES (%s, %s, %s, %s)
    , parameters: ('Fundamentals of Data Observability: Implement Trustworthy End-to-End Data Solutions', 'Andy Petrella', '36.', '4.0 out of 5 stars')
[2024-10-08T05:31:59.230+0000] {sql.py:518} INFO - Rows affected: 1
[2024-10-08T05:31:59.240+0000] {base.py:84} INFO - Retrieving connection 'books_connection'
[2024-10-08T05:31:59.246+0000] {sql.py:509} INFO - Running statement: 
    INSERT INTO books (title, authors, price, rating)
    VALUES (%s, %s, %s, %s)
    , parameters: ('Modern Data Engineering with Apache Spark: A Hands-On Guide for Building Mission-Critical Streaming Applications', 'Scott Haines', '29.', '4.1 out of 5 stars')
[2024-10-08T05:31:59.247+0000] {sql.py:518} INFO - Rows affected: 1
[2024-10-08T05:31:59.265+0000] {base.py:84} INFO - Retrieving connection 'books_connection'
[2024-10-08T05:31:59.280+0000] {sql.py:509} INFO - Running statement: 
    INSERT INTO books (title, authors, price, rating)
    VALUES (%s, %s, %s, %s)
    , parameters: ('Python Feature Engineering Cookbook: A complete guide to crafting powerful features for your machine learning models', 'Soledad Galli', '44.', '5.0 out of 5 stars')
[2024-10-08T05:31:59.287+0000] {sql.py:518} INFO - Rows affected: 1
[2024-10-08T05:31:59.321+0000] {base.py:84} INFO - Retrieving connection 'books_connection'
[2024-10-08T05:31:59.329+0000] {sql.py:509} INFO - Running statement: 
    INSERT INTO books (title, authors, price, rating)
    VALUES (%s, %s, %s, %s)
    , parameters: ('Data Engineering with Databricks', 'Kindle', '0.', '3.4 out of 5 stars')
[2024-10-08T05:31:59.332+0000] {sql.py:518} INFO - Rows affected: 1
[2024-10-08T05:31:59.347+0000] {base.py:84} INFO - Retrieving connection 'books_connection'
[2024-10-08T05:31:59.361+0000] {sql.py:509} INFO - Running statement: 
    INSERT INTO books (title, authors, price, rating)
    VALUES (%s, %s, %s, %s)
    , parameters: ('Azure Data Factory by Example: Practical Implementation for Data Engineers', 'Richard Swinbank', '33.', '4.2 out of 5 stars')
[2024-10-08T05:31:59.363+0000] {sql.py:518} INFO - Rows affected: 1
[2024-10-08T05:31:59.383+0000] {base.py:84} INFO - Retrieving connection 'books_connection'
[2024-10-08T05:31:59.390+0000] {sql.py:509} INFO - Running statement: 
    INSERT INTO books (title, authors, price, rating)
    VALUES (%s, %s, %s, %s)
    , parameters: ('Data Quality Engineering in Financial Services: Applying Manufacturing Techniques to Data', 'Brian Buzzelli', '30.', '4.4 out of 5 stars')
[2024-10-08T05:31:59.395+0000] {sql.py:518} INFO - Rows affected: 1
[2024-10-08T05:31:59.414+0000] {base.py:84} INFO - Retrieving connection 'books_connection'
[2024-10-08T05:31:59.422+0000] {sql.py:509} INFO - Running statement: 
    INSERT INTO books (title, authors, price, rating)
    VALUES (%s, %s, %s, %s)
    , parameters: ('Prompt Engineering for Generative AI: Future-Proof Inputs for Reliable AI Outputs', 'James Phoenix', '53.', '4.5 out of 5 stars')
[2024-10-08T05:31:59.425+0000] {sql.py:518} INFO - Rows affected: 1
[2024-10-08T05:31:59.443+0000] {base.py:84} INFO - Retrieving connection 'books_connection'
[2024-10-08T05:31:59.458+0000] {sql.py:509} INFO - Running statement: 
    INSERT INTO books (title, authors, price, rating)
    VALUES (%s, %s, %s, %s)
    , parameters: ('Data Observability for Data Engineering: Proactive strategies for ensuring data accuracy and addressing broken data pipelines', 'Michele Pinto', '18.', '3.7 out of 5 stars')
[2024-10-08T05:31:59.462+0000] {sql.py:518} INFO - Rows affected: 1
[2024-10-08T05:31:59.477+0000] {base.py:84} INFO - Retrieving connection 'books_connection'
[2024-10-08T05:31:59.483+0000] {sql.py:509} INFO - Running statement: 
    INSERT INTO books (title, authors, price, rating)
    VALUES (%s, %s, %s, %s)
    , parameters: ('Better Data Visualizations: A Guide for Scholars, Researchers, and Wonks', 'Jonathan Schwabish', '26.', '4.5 out of 5 stars')
[2024-10-08T05:31:59.485+0000] {sql.py:518} INFO - Rows affected: 1
[2024-10-08T05:31:59.495+0000] {base.py:84} INFO - Retrieving connection 'books_connection'
[2024-10-08T05:31:59.502+0000] {sql.py:509} INFO - Running statement: 
    INSERT INTO books (title, authors, price, rating)
    VALUES (%s, %s, %s, %s)
    , parameters: ("Applied Machine Learning and AI for Engineers: Solve Business Problems That Can't Be Solved Algorithmically", 'Jeff Prosise', '73.', '4.5 out of 5 stars')
[2024-10-08T05:31:59.504+0000] {sql.py:518} INFO - Rows affected: 1
[2024-10-08T05:31:59.508+0000] {python.py:240} INFO - Done. Returned value was: None
[2024-10-08T05:31:59.546+0000] {taskinstance.py:340} INFO - ::group::Post task execution logs
[2024-10-08T05:31:59.547+0000] {taskinstance.py:352} INFO - Marking task as SUCCESS. dag_id=fetch_and_store_amazon_books, task_id=insert_book_data, run_id=scheduled__2024-09-17T00:00:00+00:00, execution_date=20240917T000000, start_date=20241008T053157, end_date=20241008T053159
[2024-10-08T05:31:59.572+0000] {logging_mixin.py:190} INFO - Task instance in success state
[2024-10-08T05:31:59.575+0000] {logging_mixin.py:190} INFO -  Previous state of the Task instance: running
[2024-10-08T05:31:59.575+0000] {logging_mixin.py:190} INFO - Dag name:fetch_and_store_amazon_books queued_at:2024-10-08 05:31:28.987801+00:00
[2024-10-08T05:31:59.576+0000] {logging_mixin.py:190} INFO - Task hostname:475658bd4f83 operator:PythonOperator
[2024-10-08T05:31:59.622+0000] {local_task_job_runner.py:261} INFO - Task exited with return code 0
[2024-10-08T05:31:59.720+0000] {taskinstance.py:3891} INFO - 0 downstream tasks scheduled from follow-on schedule check
[2024-10-08T05:31:59.726+0000] {local_task_job_runner.py:240} INFO - ::endgroup::
