[2024-10-08T05:34:05.744+0000] {local_task_job_runner.py:123} INFO - ::group::Pre task execution logs
[2024-10-08T05:34:05.754+0000] {taskinstance.py:2603} INFO - Dependencies all met for dep_context=non-requeueable deps ti=<TaskInstance: fetch_and_store_amazon_books.insert_book_data scheduled__2024-09-22T00:00:00+00:00 [queued]>
[2024-10-08T05:34:05.759+0000] {taskinstance.py:2603} INFO - Dependencies all met for dep_context=requeueable deps ti=<TaskInstance: fetch_and_store_amazon_books.insert_book_data scheduled__2024-09-22T00:00:00+00:00 [queued]>
[2024-10-08T05:34:05.760+0000] {taskinstance.py:2856} INFO - Starting attempt 1 of 2
[2024-10-08T05:34:05.767+0000] {taskinstance.py:2879} INFO - Executing <Task(PythonOperator): insert_book_data> on 2024-09-22 00:00:00+00:00
[2024-10-08T05:34:05.773+0000] {warnings.py:112} WARNING - /home/***/.local/lib/python3.12/site-packages/***/task/task_runner/standard_task_runner.py:70: DeprecationWarning: This process (pid=96) is multi-threaded, use of fork() may lead to deadlocks in the child.
  pid = os.fork()

[2024-10-08T05:34:05.775+0000] {standard_task_runner.py:72} INFO - Started process 102 to run task
[2024-10-08T05:34:05.775+0000] {standard_task_runner.py:104} INFO - Running: ['***', 'tasks', 'run', 'fetch_and_store_amazon_books', 'insert_book_data', 'scheduled__2024-09-22T00:00:00+00:00', '--job-id', '241', '--raw', '--subdir', 'DAGS_FOLDER/app.py', '--cfg-path', '/tmp/tmpr8bdg8mw']
[2024-10-08T05:34:05.777+0000] {standard_task_runner.py:105} INFO - Job 241: Subtask insert_book_data
[2024-10-08T05:34:05.814+0000] {task_command.py:467} INFO - Running <TaskInstance: fetch_and_store_amazon_books.insert_book_data scheduled__2024-09-22T00:00:00+00:00 [running]> on host 475658bd4f83
[2024-10-08T05:34:05.878+0000] {taskinstance.py:3122} INFO - Exporting env vars: AIRFLOW_CTX_DAG_OWNER='***' AIRFLOW_CTX_DAG_ID='fetch_and_store_amazon_books' AIRFLOW_CTX_TASK_ID='insert_book_data' AIRFLOW_CTX_EXECUTION_DATE='2024-09-22T00:00:00+00:00' AIRFLOW_CTX_TRY_NUMBER='1' AIRFLOW_CTX_DAG_RUN_ID='scheduled__2024-09-22T00:00:00+00:00'
[2024-10-08T05:34:05.880+0000] {logging_mixin.py:190} INFO - Task instance is in running state
[2024-10-08T05:34:05.880+0000] {logging_mixin.py:190} INFO -  Previous state of the Task instance: queued
[2024-10-08T05:34:05.880+0000] {logging_mixin.py:190} INFO - Current task name:insert_book_data state:running start_date:2024-10-08 05:34:05.755226+00:00
[2024-10-08T05:34:05.880+0000] {logging_mixin.py:190} INFO - Dag name:fetch_and_store_amazon_books and current dag run status:running
[2024-10-08T05:34:05.881+0000] {taskinstance.py:731} INFO - ::endgroup::
[2024-10-08T05:34:05.924+0000] {base.py:84} INFO - Retrieving connection 'books_connection'
[2024-10-08T05:34:05.935+0000] {sql.py:509} INFO - Running statement: 
    INSERT INTO books (title, authors, price, rating)
    VALUES (%s, %s, %s, %s)
    , parameters: ('Data Engineering with AWS - Second Edition: Acquire the skills to design and build AWS-based data transformation pipelines like a pro', 'Gareth Eagar', '41.', '4.4 out of 5 stars')
[2024-10-08T05:34:05.938+0000] {sql.py:518} INFO - Rows affected: 1
[2024-10-08T05:34:05.947+0000] {base.py:84} INFO - Retrieving connection 'books_connection'
[2024-10-08T05:34:05.950+0000] {sql.py:509} INFO - Running statement: 
    INSERT INTO books (title, authors, price, rating)
    VALUES (%s, %s, %s, %s)
    , parameters: ('Azure Data Engineer Associate Certification Guide: Ace the DP-203 exam with advanced data engineering skills', 'Giacinto Palmieri', '49.', '4.4 out of 5 stars')
[2024-10-08T05:34:05.951+0000] {sql.py:518} INFO - Rows affected: 1
[2024-10-08T05:34:05.955+0000] {base.py:84} INFO - Retrieving connection 'books_connection'
[2024-10-08T05:34:05.957+0000] {sql.py:509} INFO - Running statement: 
    INSERT INTO books (title, authors, price, rating)
    VALUES (%s, %s, %s, %s)
    , parameters: ('Fundamentals of Data Engineering: Plan and Build Robust Data Systems', 'Joe Reis', '25.', '4.7 out of 5 stars')
[2024-10-08T05:34:05.958+0000] {sql.py:518} INFO - Rows affected: 1
[2024-10-08T05:34:05.961+0000] {base.py:84} INFO - Retrieving connection 'books_connection'
[2024-10-08T05:34:05.963+0000] {sql.py:509} INFO - Running statement: 
    INSERT INTO books (title, authors, price, rating)
    VALUES (%s, %s, %s, %s)
    , parameters: ('Designing Data-Intensive Applications: The Big Ideas Behind Reliable, Scalable, and Maintainable Systems', 'Martin Kleppmann', '55.', '4.7 out of 5 stars')
[2024-10-08T05:34:05.964+0000] {sql.py:518} INFO - Rows affected: 1
[2024-10-08T05:34:05.967+0000] {base.py:84} INFO - Retrieving connection 'books_connection'
[2024-10-08T05:34:05.969+0000] {sql.py:509} INFO - Running statement: 
    INSERT INTO books (title, authors, price, rating)
    VALUES (%s, %s, %s, %s)
    , parameters: ('Fundamentals of Data Analytics: Learn Essential Skills, Embrace the Future, and Catapult Your Career in the Data-Driven World—A Comprehensive Guide to Data Literacy for Beginners', 'Russell Dawson', '17.', '4.8 out of 5 stars')
[2024-10-08T05:34:05.970+0000] {sql.py:518} INFO - Rows affected: 1
[2024-10-08T05:34:05.974+0000] {base.py:84} INFO - Retrieving connection 'books_connection'
[2024-10-08T05:34:05.978+0000] {sql.py:509} INFO - Running statement: 
    INSERT INTO books (title, authors, price, rating)
    VALUES (%s, %s, %s, %s)
    , parameters: ("Ultimate Data Engineering with Databricks: Develop Scalable Data Pipelines Using Data Engineering's Core Tenets Such as Delta Tables, Ingestion, ... Security, and Scalability (English Edition)", 'Mayank Malhotra', '37.', '4.1 out of 5 stars')
[2024-10-08T05:34:05.979+0000] {sql.py:518} INFO - Rows affected: 1
[2024-10-08T05:34:05.996+0000] {base.py:84} INFO - Retrieving connection 'books_connection'
[2024-10-08T05:34:06.004+0000] {sql.py:509} INFO - Running statement: 
    INSERT INTO books (title, authors, price, rating)
    VALUES (%s, %s, %s, %s)
    , parameters: ("Azure Data Factory Cookbook: A data engineer's guide to building and managing ETL and ELT pipelines with data integration", 'Dmitry Foshin', '51.', '4.2 out of 5 stars')
[2024-10-08T05:34:06.005+0000] {sql.py:518} INFO - Rows affected: 1
[2024-10-08T05:34:06.012+0000] {base.py:84} INFO - Retrieving connection 'books_connection'
[2024-10-08T05:34:06.020+0000] {sql.py:509} INFO - Running statement: 
    INSERT INTO books (title, authors, price, rating)
    VALUES (%s, %s, %s, %s)
    , parameters: ('Data Engineering with dbt: A practical guide to building a cloud-based, pragmatic, and dependable data platform with SQL', 'Roberto Zagni', '37.', '4.6 out of 5 stars')
[2024-10-08T05:34:06.023+0000] {sql.py:518} INFO - Rows affected: 1
[2024-10-08T05:34:06.039+0000] {base.py:84} INFO - Retrieving connection 'books_connection'
[2024-10-08T05:34:06.051+0000] {sql.py:509} INFO - Running statement: 
    INSERT INTO books (title, authors, price, rating)
    VALUES (%s, %s, %s, %s)
    , parameters: ('Data Engineering with Python: Work with massive datasets to design data models and automate data pipelines using Python', 'Paul Crickard', '37.', '4.1 out of 5 stars')
[2024-10-08T05:34:06.056+0000] {sql.py:518} INFO - Rows affected: 1
[2024-10-08T05:34:06.072+0000] {base.py:84} INFO - Retrieving connection 'books_connection'
[2024-10-08T05:34:06.076+0000] {sql.py:509} INFO - Running statement: 
    INSERT INTO books (title, authors, price, rating)
    VALUES (%s, %s, %s, %s)
    , parameters: ('Cracking the Data Engineering Interview: Land your dream job with the help of resume-building tips, over 100 mock questions, and a unique portfolio', 'Kedeisha Bryan', '26.', '4.4 out of 5 stars')
[2024-10-08T05:34:06.077+0000] {sql.py:518} INFO - Rows affected: 1
[2024-10-08T05:34:06.083+0000] {base.py:84} INFO - Retrieving connection 'books_connection'
[2024-10-08T05:34:06.086+0000] {sql.py:509} INFO - Running statement: 
    INSERT INTO books (title, authors, price, rating)
    VALUES (%s, %s, %s, %s)
    , parameters: ('Data Pipelines Pocket Reference: Moving and Processing Data for Analytics', 'James Densmore', '17.', '4.5 out of 5 stars')
[2024-10-08T05:34:06.086+0000] {sql.py:518} INFO - Rows affected: 1
[2024-10-08T05:34:06.090+0000] {base.py:84} INFO - Retrieving connection 'books_connection'
[2024-10-08T05:34:06.093+0000] {sql.py:509} INFO - Running statement: 
    INSERT INTO books (title, authors, price, rating)
    VALUES (%s, %s, %s, %s)
    , parameters: ('Ace the Data Science Interview: 201 Real Interview Questions Asked By FAANG, Tech Startups, & Wall Street', 'Nick Singh', '42.', '4.5 out of 5 stars')
[2024-10-08T05:34:06.094+0000] {sql.py:518} INFO - Rows affected: 1
[2024-10-08T05:34:06.097+0000] {base.py:84} INFO - Retrieving connection 'books_connection'
[2024-10-08T05:34:06.100+0000] {sql.py:509} INFO - Running statement: 
    INSERT INTO books (title, authors, price, rating)
    VALUES (%s, %s, %s, %s)
    , parameters: ('Ace the Data Engineering Interview: Questions and Answers for Python, SQL, Data Modeling and More', 'Sean Coyne', '24.', '3.8 out of 5 stars')
[2024-10-08T05:34:06.101+0000] {sql.py:518} INFO - Rows affected: 1
[2024-10-08T05:34:06.104+0000] {base.py:84} INFO - Retrieving connection 'books_connection'
[2024-10-08T05:34:06.107+0000] {sql.py:509} INFO - Running statement: 
    INSERT INTO books (title, authors, price, rating)
    VALUES (%s, %s, %s, %s)
    , parameters: ('Data Engineering with Databricks Cookbook: Build effective data and AI solutions using Apache Spark, Databricks, and Delta Lake', 'Pulkit Chadha', '49.', '4.3 out of 5 stars')
[2024-10-08T05:34:06.108+0000] {sql.py:518} INFO - Rows affected: 1
[2024-10-08T05:34:06.112+0000] {base.py:84} INFO - Retrieving connection 'books_connection'
[2024-10-08T05:34:06.114+0000] {sql.py:509} INFO - Running statement: 
    INSERT INTO books (title, authors, price, rating)
    VALUES (%s, %s, %s, %s)
    , parameters: ('Software Engineering for Data Scientists: From Notebooks to Scalable Systems', 'Catherine Nelson', '51.', '4.4 out of 5 stars')
[2024-10-08T05:34:06.114+0000] {sql.py:518} INFO - Rows affected: 1
[2024-10-08T05:34:06.118+0000] {base.py:84} INFO - Retrieving connection 'books_connection'
[2024-10-08T05:34:06.120+0000] {sql.py:509} INFO - Running statement: 
    INSERT INTO books (title, authors, price, rating)
    VALUES (%s, %s, %s, %s)
    , parameters: ('Essentials of Data Engineering', 'Dr. Mukesh Saini', '19.', '5.0 out of 5 stars')
[2024-10-08T05:34:06.121+0000] {sql.py:518} INFO - Rows affected: 1
[2024-10-08T05:34:06.125+0000] {base.py:84} INFO - Retrieving connection 'books_connection'
[2024-10-08T05:34:06.127+0000] {sql.py:509} INFO - Running statement: 
    INSERT INTO books (title, authors, price, rating)
    VALUES (%s, %s, %s, %s)
    , parameters: ('Getting Started with DuckDB: A practical guide for accelerating your data science, data analytics, and data engineering workflows', 'Simon Aubury', '54.', '5.0 out of 5 stars')
[2024-10-08T05:34:06.128+0000] {sql.py:518} INFO - Rows affected: 1
[2024-10-08T05:34:06.131+0000] {base.py:84} INFO - Retrieving connection 'books_connection'
[2024-10-08T05:34:06.133+0000] {sql.py:509} INFO - Running statement: 
    INSERT INTO books (title, authors, price, rating)
    VALUES (%s, %s, %s, %s)
    , parameters: ('Data Engineering with AWS: Learn how to design and build cloud-based data transformation pipelines using AWS', 'Gareth Eagar', '49.', '4.4 out of 5 stars')
[2024-10-08T05:34:06.134+0000] {sql.py:518} INFO - Rows affected: 1
[2024-10-08T05:34:06.139+0000] {base.py:84} INFO - Retrieving connection 'books_connection'
[2024-10-08T05:34:06.143+0000] {sql.py:509} INFO - Running statement: 
    INSERT INTO books (title, authors, price, rating)
    VALUES (%s, %s, %s, %s)
    , parameters: ('Data Engineering with Python cookbook: Learn to build efficient data pipelines using the Modern Cloud Data Stack', 'Adithyan Ramanujakootam', '32.', '5.0 out of 5 stars')
[2024-10-08T05:34:06.143+0000] {sql.py:518} INFO - Rows affected: 1
[2024-10-08T05:34:06.148+0000] {base.py:84} INFO - Retrieving connection 'books_connection'
[2024-10-08T05:34:06.150+0000] {sql.py:509} INFO - Running statement: 
    INSERT INTO books (title, authors, price, rating)
    VALUES (%s, %s, %s, %s)
    , parameters: ("Data Quality Fundamentals: A Practitioner's Guide to Building Trustworthy Data Pipelines", 'Paperback', '45.', '4.1 out of 5 stars')
[2024-10-08T05:34:06.150+0000] {sql.py:518} INFO - Rows affected: 1
[2024-10-08T05:34:06.154+0000] {base.py:84} INFO - Retrieving connection 'books_connection'
[2024-10-08T05:34:06.156+0000] {sql.py:509} INFO - Running statement: 
    INSERT INTO books (title, authors, price, rating)
    VALUES (%s, %s, %s, %s)
    , parameters: ('Data Engineering with Google Cloud Platform: A practical guide to operationalizing scalable data analytics systems on GCP', 'Adi Wijaya', '41.', '4.7 out of 5 stars')
[2024-10-08T05:34:06.157+0000] {sql.py:518} INFO - Rows affected: 1
[2024-10-08T05:34:06.161+0000] {base.py:84} INFO - Retrieving connection 'books_connection'
[2024-10-08T05:34:06.163+0000] {sql.py:509} INFO - Running statement: 
    INSERT INTO books (title, authors, price, rating)
    VALUES (%s, %s, %s, %s)
    , parameters: ('Fundamentals of Data Engineering: A Comprehensive Guide to Designing, Building, and Managing Data Pipelines, Storage Solutions, and Processing Frameworks.', 'Paperback', '14.', '5.0 out of 5 stars')
[2024-10-08T05:34:06.164+0000] {sql.py:518} INFO - Rows affected: 1
[2024-10-08T05:34:06.168+0000] {base.py:84} INFO - Retrieving connection 'books_connection'
[2024-10-08T05:34:06.172+0000] {sql.py:509} INFO - Running statement: 
    INSERT INTO books (title, authors, price, rating)
    VALUES (%s, %s, %s, %s)
    , parameters: ('Data Engineering with AWS', 'May Sherry', '14.', '5.0 out of 5 stars')
[2024-10-08T05:34:06.172+0000] {sql.py:518} INFO - Rows affected: 1
[2024-10-08T05:34:06.176+0000] {base.py:84} INFO - Retrieving connection 'books_connection'
[2024-10-08T05:34:06.178+0000] {sql.py:509} INFO - Running statement: 
    INSERT INTO books (title, authors, price, rating)
    VALUES (%s, %s, %s, %s)
    , parameters: ('Data Engineering with AWS: Building Scalable Data Pipelines in the Cloud', 'May Sherry', '14.', '5.0 out of 5 stars')
[2024-10-08T05:34:06.179+0000] {sql.py:518} INFO - Rows affected: 1
[2024-10-08T05:34:06.185+0000] {base.py:84} INFO - Retrieving connection 'books_connection'
[2024-10-08T05:34:06.191+0000] {sql.py:509} INFO - Running statement: 
    INSERT INTO books (title, authors, price, rating)
    VALUES (%s, %s, %s, %s)
    , parameters: ('Data Privacy: A runbook for engineers', 'Nishant Bhajaria', '35.', '4.8 out of 5 stars')
[2024-10-08T05:34:06.192+0000] {sql.py:518} INFO - Rows affected: 1
[2024-10-08T05:34:06.200+0000] {base.py:84} INFO - Retrieving connection 'books_connection'
[2024-10-08T05:34:06.203+0000] {sql.py:509} INFO - Running statement: 
    INSERT INTO books (title, authors, price, rating)
    VALUES (%s, %s, %s, %s)
    , parameters: ('DATA ENGINEERING AND AI FOR BEGINNERS: Revolutionizing Data Processing and Analytics by Leveraging Artificial Intelligence for Efficient Input Collection, Storage, and Transformation (World of AI)', 'Paperback', '13.', '4.3 out of 5 stars')
[2024-10-08T05:34:06.204+0000] {sql.py:518} INFO - Rows affected: 1
[2024-10-08T05:34:06.209+0000] {base.py:84} INFO - Retrieving connection 'books_connection'
[2024-10-08T05:34:06.211+0000] {sql.py:509} INFO - Running statement: 
    INSERT INTO books (title, authors, price, rating)
    VALUES (%s, %s, %s, %s)
    , parameters: ('Data Engineering with Apache Spark, Delta Lake, and Lakehouse: Create scalable pipelines that ingest, curate, and aggregate complex data in a timely and secure way', 'Manoj Kukreja', '46.', '3.9 out of 5 stars')
[2024-10-08T05:34:06.212+0000] {sql.py:518} INFO - Rows affected: 1
[2024-10-08T05:34:06.216+0000] {base.py:84} INFO - Retrieving connection 'books_connection'
[2024-10-08T05:34:06.218+0000] {sql.py:509} INFO - Running statement: 
    INSERT INTO books (title, authors, price, rating)
    VALUES (%s, %s, %s, %s)
    , parameters: ('Data Engineering Fundamentals for Beginners: Mastering the Art of Building, Managing, and Scaling Data Systems', 'Paperback', '14.', '5.0 out of 5 stars')
[2024-10-08T05:34:06.219+0000] {sql.py:518} INFO - Rows affected: 1
[2024-10-08T05:34:06.222+0000] {base.py:84} INFO - Retrieving connection 'books_connection'
[2024-10-08T05:34:06.224+0000] {sql.py:509} INFO - Running statement: 
    INSERT INTO books (title, authors, price, rating)
    VALUES (%s, %s, %s, %s)
    , parameters: ("Data: Principles To Practice - Volume 1 'Foundations': Essential Foundations: Key Concepts behind Data Architecture, Engineering and Analysis for Professionals", 'Mr Alex Holloway', '12.', '4.6 out of 5 stars')
[2024-10-08T05:34:06.225+0000] {sql.py:518} INFO - Rows affected: 1
[2024-10-08T05:34:06.229+0000] {base.py:84} INFO - Retrieving connection 'books_connection'
[2024-10-08T05:34:06.232+0000] {sql.py:509} INFO - Running statement: 
    INSERT INTO books (title, authors, price, rating)
    VALUES (%s, %s, %s, %s)
    , parameters: ('Data-Driven Science and Engineering: Machine Learning, Dynamical Systems, and Control', 'Steven L. Brunton', '64.', '4.8 out of 5 stars')
[2024-10-08T05:34:06.233+0000] {sql.py:518} INFO - Rows affected: 1
[2024-10-08T05:34:06.237+0000] {base.py:84} INFO - Retrieving connection 'books_connection'
[2024-10-08T05:34:06.239+0000] {sql.py:509} INFO - Running statement: 
    INSERT INTO books (title, authors, price, rating)
    VALUES (%s, %s, %s, %s)
    , parameters: ('Data Engineering with Google Cloud Platform: A guide to leveling up as a data engineer by building a scalable data platform with Google Cloud', 'Adi Wijaya', '40.', '4.8 out of 5 stars')
[2024-10-08T05:34:06.240+0000] {sql.py:518} INFO - Rows affected: 1
[2024-10-08T05:34:06.244+0000] {base.py:84} INFO - Retrieving connection 'books_connection'
[2024-10-08T05:34:06.246+0000] {sql.py:509} INFO - Running statement: 
    INSERT INTO books (title, authors, price, rating)
    VALUES (%s, %s, %s, %s)
    , parameters: ('Python Data Engineering Resources: Forge Your Path to Success in Data Engineering, Machine Learning and AI', 'Vajo Lukic', '0.', '4.9 out of 5 stars')
[2024-10-08T05:34:06.247+0000] {sql.py:518} INFO - Rows affected: 1
[2024-10-08T05:34:06.250+0000] {base.py:84} INFO - Retrieving connection 'books_connection'
[2024-10-08T05:34:06.253+0000] {sql.py:509} INFO - Running statement: 
    INSERT INTO books (title, authors, price, rating)
    VALUES (%s, %s, %s, %s)
    , parameters: ('97 Things Every Data Engineer Should Know: Collective Wisdom from the Experts', 'Tobias Macey', '28.', '4.1 out of 5 stars')
[2024-10-08T05:34:06.253+0000] {sql.py:518} INFO - Rows affected: 1
[2024-10-08T05:34:06.257+0000] {base.py:84} INFO - Retrieving connection 'books_connection'
[2024-10-08T05:34:06.259+0000] {sql.py:509} INFO - Running statement: 
    INSERT INTO books (title, authors, price, rating)
    VALUES (%s, %s, %s, %s)
    , parameters: ('Analytics Engineering with SQL and dbt: Building Meaningful Data Models at Scale', 'Rui Pedro Machado', '41.', '3.9 out of 5 stars')
[2024-10-08T05:34:06.260+0000] {sql.py:518} INFO - Rows affected: 1
[2024-10-08T05:34:06.263+0000] {base.py:84} INFO - Retrieving connection 'books_connection'
[2024-10-08T05:34:06.265+0000] {sql.py:509} INFO - Running statement: 
    INSERT INTO books (title, authors, price, rating)
    VALUES (%s, %s, %s, %s)
    , parameters: ('Data Engineering with Scala and Spark: Build streaming and batch pipelines that process massive amounts of data using Scala', 'Eric Tome', '29.', '4.1 out of 5 stars')
[2024-10-08T05:34:06.266+0000] {sql.py:518} INFO - Rows affected: 1
[2024-10-08T05:34:06.269+0000] {base.py:84} INFO - Retrieving connection 'books_connection'
[2024-10-08T05:34:06.271+0000] {sql.py:509} INFO - Running statement: 
    INSERT INTO books (title, authors, price, rating)
    VALUES (%s, %s, %s, %s)
    , parameters: ('Storytelling with Data: A Data Visualization Guide for Business Professionals', 'Cole Nussbaumer Knaflic', '27.', '4.6 out of 5 stars')
[2024-10-08T05:34:06.272+0000] {sql.py:518} INFO - Rows affected: 1
[2024-10-08T05:34:06.276+0000] {base.py:84} INFO - Retrieving connection 'books_connection'
[2024-10-08T05:34:06.278+0000] {sql.py:509} INFO - Running statement: 
    INSERT INTO books (title, authors, price, rating)
    VALUES (%s, %s, %s, %s)
    , parameters: ('Data Mesh: Delivering Data-Driven Value at Scale', 'Zhamak Dehghani', '43.', '4.5 out of 5 stars')
[2024-10-08T05:34:06.279+0000] {sql.py:518} INFO - Rows affected: 1
[2024-10-08T05:34:06.282+0000] {base.py:84} INFO - Retrieving connection 'books_connection'
[2024-10-08T05:34:06.288+0000] {sql.py:509} INFO - Running statement: 
    INSERT INTO books (title, authors, price, rating)
    VALUES (%s, %s, %s, %s)
    , parameters: ('Data Engineering 101', 'Kindle', '0.', '3.9 out of 5 stars')
[2024-10-08T05:34:06.290+0000] {sql.py:518} INFO - Rows affected: 1
[2024-10-08T05:34:06.303+0000] {base.py:84} INFO - Retrieving connection 'books_connection'
[2024-10-08T05:34:06.307+0000] {sql.py:509} INFO - Running statement: 
    INSERT INTO books (title, authors, price, rating)
    VALUES (%s, %s, %s, %s)
    , parameters: ('Data Modeling with Snowflake: A practical guide to accelerating Snowflake development using universal data modeling techniques', 'Serge Gershkovich', '36.', '4.8 out of 5 stars')
[2024-10-08T05:34:06.308+0000] {sql.py:518} INFO - Rows affected: 1
[2024-10-08T05:34:06.314+0000] {base.py:84} INFO - Retrieving connection 'books_connection'
[2024-10-08T05:34:06.317+0000] {sql.py:509} INFO - Running statement: 
    INSERT INTO books (title, authors, price, rating)
    VALUES (%s, %s, %s, %s)
    , parameters: ('Official Google Cloud Certified Professional Data Engineer Study Guide', 'Dan Sullivan', '33.', '4.5 out of 5 stars')
[2024-10-08T05:34:06.318+0000] {sql.py:518} INFO - Rows affected: 1
[2024-10-08T05:34:06.322+0000] {base.py:84} INFO - Retrieving connection 'books_connection'
[2024-10-08T05:34:06.324+0000] {sql.py:509} INFO - Running statement: 
    INSERT INTO books (title, authors, price, rating)
    VALUES (%s, %s, %s, %s)
    , parameters: ('Machine Learning Engineering', 'Andriy Burkov', '39.', '4.7 out of 5 stars')
[2024-10-08T05:34:06.325+0000] {sql.py:518} INFO - Rows affected: 1
[2024-10-08T05:34:06.328+0000] {base.py:84} INFO - Retrieving connection 'books_connection'
[2024-10-08T05:34:06.330+0000] {sql.py:509} INFO - Running statement: 
    INSERT INTO books (title, authors, price, rating)
    VALUES (%s, %s, %s, %s)
    , parameters: ('Fundamentals of Data Observability: Implement Trustworthy End-to-End Data Solutions', 'Andy Petrella', '36.', '4.0 out of 5 stars')
[2024-10-08T05:34:06.331+0000] {sql.py:518} INFO - Rows affected: 1
[2024-10-08T05:34:06.335+0000] {base.py:84} INFO - Retrieving connection 'books_connection'
[2024-10-08T05:34:06.338+0000] {sql.py:509} INFO - Running statement: 
    INSERT INTO books (title, authors, price, rating)
    VALUES (%s, %s, %s, %s)
    , parameters: ('Modern Data Engineering with Apache Spark: A Hands-On Guide for Building Mission-Critical Streaming Applications', 'Scott Haines', '29.', '4.1 out of 5 stars')
[2024-10-08T05:34:06.338+0000] {sql.py:518} INFO - Rows affected: 1
[2024-10-08T05:34:06.345+0000] {base.py:84} INFO - Retrieving connection 'books_connection'
[2024-10-08T05:34:06.350+0000] {sql.py:509} INFO - Running statement: 
    INSERT INTO books (title, authors, price, rating)
    VALUES (%s, %s, %s, %s)
    , parameters: ('Python Feature Engineering Cookbook: A complete guide to crafting powerful features for your machine learning models', 'Soledad Galli', '44.', '5.0 out of 5 stars')
[2024-10-08T05:34:06.351+0000] {sql.py:518} INFO - Rows affected: 1
[2024-10-08T05:34:06.361+0000] {base.py:84} INFO - Retrieving connection 'books_connection'
[2024-10-08T05:34:06.365+0000] {sql.py:509} INFO - Running statement: 
    INSERT INTO books (title, authors, price, rating)
    VALUES (%s, %s, %s, %s)
    , parameters: ('Data Engineering with Databricks', 'Kindle', '0.', '3.4 out of 5 stars')
[2024-10-08T05:34:06.367+0000] {sql.py:518} INFO - Rows affected: 1
[2024-10-08T05:34:06.376+0000] {base.py:84} INFO - Retrieving connection 'books_connection'
[2024-10-08T05:34:06.382+0000] {sql.py:509} INFO - Running statement: 
    INSERT INTO books (title, authors, price, rating)
    VALUES (%s, %s, %s, %s)
    , parameters: ('Azure Data Factory by Example: Practical Implementation for Data Engineers', 'Richard Swinbank', '33.', '4.2 out of 5 stars')
[2024-10-08T05:34:06.384+0000] {sql.py:518} INFO - Rows affected: 1
[2024-10-08T05:34:06.391+0000] {base.py:84} INFO - Retrieving connection 'books_connection'
[2024-10-08T05:34:06.395+0000] {sql.py:509} INFO - Running statement: 
    INSERT INTO books (title, authors, price, rating)
    VALUES (%s, %s, %s, %s)
    , parameters: ('Data Quality Engineering in Financial Services: Applying Manufacturing Techniques to Data', 'Brian Buzzelli', '30.', '4.4 out of 5 stars')
[2024-10-08T05:34:06.396+0000] {sql.py:518} INFO - Rows affected: 1
[2024-10-08T05:34:06.401+0000] {base.py:84} INFO - Retrieving connection 'books_connection'
[2024-10-08T05:34:06.404+0000] {sql.py:509} INFO - Running statement: 
    INSERT INTO books (title, authors, price, rating)
    VALUES (%s, %s, %s, %s)
    , parameters: ('Prompt Engineering for Generative AI: Future-Proof Inputs for Reliable AI Outputs', 'James Phoenix', '53.', '4.5 out of 5 stars')
[2024-10-08T05:34:06.405+0000] {sql.py:518} INFO - Rows affected: 1
[2024-10-08T05:34:06.415+0000] {base.py:84} INFO - Retrieving connection 'books_connection'
[2024-10-08T05:34:06.424+0000] {sql.py:509} INFO - Running statement: 
    INSERT INTO books (title, authors, price, rating)
    VALUES (%s, %s, %s, %s)
    , parameters: ('Data Observability for Data Engineering: Proactive strategies for ensuring data accuracy and addressing broken data pipelines', 'Michele Pinto', '18.', '3.7 out of 5 stars')
[2024-10-08T05:34:06.428+0000] {sql.py:518} INFO - Rows affected: 1
[2024-10-08T05:34:06.443+0000] {base.py:84} INFO - Retrieving connection 'books_connection'
[2024-10-08T05:34:06.448+0000] {sql.py:509} INFO - Running statement: 
    INSERT INTO books (title, authors, price, rating)
    VALUES (%s, %s, %s, %s)
    , parameters: ('Better Data Visualizations: A Guide for Scholars, Researchers, and Wonks', 'Jonathan Schwabish', '26.', '4.5 out of 5 stars')
[2024-10-08T05:34:06.450+0000] {sql.py:518} INFO - Rows affected: 1
[2024-10-08T05:34:06.450+0000] {python.py:240} INFO - Done. Returned value was: None
[2024-10-08T05:34:06.461+0000] {taskinstance.py:340} INFO - ::group::Post task execution logs
[2024-10-08T05:34:06.461+0000] {taskinstance.py:352} INFO - Marking task as SUCCESS. dag_id=fetch_and_store_amazon_books, task_id=insert_book_data, run_id=scheduled__2024-09-22T00:00:00+00:00, execution_date=20240922T000000, start_date=20241008T053405, end_date=20241008T053406
[2024-10-08T05:34:06.472+0000] {logging_mixin.py:190} INFO - Task instance in success state
[2024-10-08T05:34:06.474+0000] {logging_mixin.py:190} INFO -  Previous state of the Task instance: running
[2024-10-08T05:34:06.474+0000] {logging_mixin.py:190} INFO - Dag name:fetch_and_store_amazon_books queued_at:2024-10-08 05:33:47.830016+00:00
[2024-10-08T05:34:06.475+0000] {logging_mixin.py:190} INFO - Task hostname:475658bd4f83 operator:PythonOperator
[2024-10-08T05:34:06.493+0000] {local_task_job_runner.py:261} INFO - Task exited with return code 0
[2024-10-08T05:34:06.540+0000] {taskinstance.py:3891} INFO - 0 downstream tasks scheduled from follow-on schedule check
[2024-10-08T05:34:06.542+0000] {local_task_job_runner.py:240} INFO - ::endgroup::
