[2024-10-08T05:22:48.630+0000] {local_task_job_runner.py:123} INFO - ::group::Pre task execution logs
[2024-10-08T05:22:48.706+0000] {taskinstance.py:2603} INFO - Dependencies all met for dep_context=non-requeueable deps ti=<TaskInstance: fetch_and_store_amazon_books.create_table scheduled__2024-07-20T00:00:00+00:00 [queued]>
[2024-10-08T05:22:48.753+0000] {taskinstance.py:2603} INFO - Dependencies all met for dep_context=requeueable deps ti=<TaskInstance: fetch_and_store_amazon_books.create_table scheduled__2024-07-20T00:00:00+00:00 [queued]>
[2024-10-08T05:22:48.756+0000] {taskinstance.py:2856} INFO - Starting attempt 1 of 2
[2024-10-08T05:22:48.859+0000] {taskinstance.py:2879} INFO - Executing <Task(PostgresOperator): create_table> on 2024-07-20 00:00:00+00:00
[2024-10-08T05:22:48.979+0000] {warnings.py:112} WARNING - /home/***/.local/lib/python3.12/site-packages/***/task/task_runner/standard_task_runner.py:70: DeprecationWarning: This process (pid=75) is multi-threaded, use of fork() may lead to deadlocks in the child.
  pid = os.fork()

[2024-10-08T05:22:48.986+0000] {standard_task_runner.py:72} INFO - Started process 84 to run task
[2024-10-08T05:22:48.994+0000] {standard_task_runner.py:104} INFO - Running: ['***', 'tasks', 'run', 'fetch_and_store_amazon_books', 'create_table', 'scheduled__2024-07-20T00:00:00+00:00', '--job-id', '80', '--raw', '--subdir', 'DAGS_FOLDER/app.py', '--cfg-path', '/tmp/tmpelmr7vfb']
[2024-10-08T05:22:48.997+0000] {standard_task_runner.py:105} INFO - Job 80: Subtask create_table
[2024-10-08T05:22:49.366+0000] {task_command.py:467} INFO - Running <TaskInstance: fetch_and_store_amazon_books.create_table scheduled__2024-07-20T00:00:00+00:00 [running]> on host 947926f81760
[2024-10-08T05:22:49.765+0000] {taskinstance.py:3122} INFO - Exporting env vars: AIRFLOW_CTX_DAG_OWNER='***' AIRFLOW_CTX_DAG_ID='fetch_and_store_amazon_books' AIRFLOW_CTX_TASK_ID='create_table' AIRFLOW_CTX_EXECUTION_DATE='2024-07-20T00:00:00+00:00' AIRFLOW_CTX_TRY_NUMBER='1' AIRFLOW_CTX_DAG_RUN_ID='scheduled__2024-07-20T00:00:00+00:00'
[2024-10-08T05:22:49.783+0000] {logging_mixin.py:190} INFO - Task instance is in running state
[2024-10-08T05:22:49.785+0000] {logging_mixin.py:190} INFO -  Previous state of the Task instance: queued
[2024-10-08T05:22:49.788+0000] {logging_mixin.py:190} INFO - Current task name:create_table state:running start_date:2024-10-08 05:22:48.711382+00:00
[2024-10-08T05:22:49.789+0000] {logging_mixin.py:190} INFO - Dag name:fetch_and_store_amazon_books and current dag run status:running
[2024-10-08T05:22:49.793+0000] {taskinstance.py:731} INFO - ::endgroup::
[2024-10-08T05:22:49.795+0000] {sql.py:282} INFO - Executing: 
    CREATE TABLE IF NOT EXISTS books (
        id SERIAL PRIMARY KEY,
        title TEXT NOT NULL,
        authors TEXT,
        price TEXT,
        rating TEXT
    );
    
[2024-10-08T05:22:49.880+0000] {base.py:84} INFO - Retrieving connection 'books_connection'
[2024-10-08T05:22:49.934+0000] {base.py:84} INFO - Retrieving connection 'books_connection'
[2024-10-08T05:22:49.961+0000] {sql.py:509} INFO - Running statement: 
    CREATE TABLE IF NOT EXISTS books (
        id SERIAL PRIMARY KEY,
        title TEXT NOT NULL,
        authors TEXT,
        price TEXT,
        rating TEXT
    );
    , parameters: None
[2024-10-08T05:22:50.065+0000] {taskinstance.py:340} INFO - ::group::Post task execution logs
[2024-10-08T05:22:50.069+0000] {taskinstance.py:352} INFO - Marking task as SUCCESS. dag_id=fetch_and_store_amazon_books, task_id=create_table, run_id=scheduled__2024-07-20T00:00:00+00:00, execution_date=20240720T000000, start_date=20241008T052248, end_date=20241008T052250
[2024-10-08T05:22:50.116+0000] {logging_mixin.py:190} INFO - Task instance in success state
[2024-10-08T05:22:50.118+0000] {logging_mixin.py:190} INFO -  Previous state of the Task instance: running
[2024-10-08T05:22:50.125+0000] {logging_mixin.py:190} INFO - Dag name:fetch_and_store_amazon_books queued_at:2024-10-08 05:15:26.633161+00:00
[2024-10-08T05:22:50.130+0000] {logging_mixin.py:190} INFO - Task hostname:947926f81760 operator:PostgresOperator
[2024-10-08T05:22:50.192+0000] {local_task_job_runner.py:261} INFO - Task exited with return code 0
[2024-10-08T05:22:50.429+0000] {warnings.py:112} WARNING - /home/***/.local/lib/python3.12/site-packages/***/models/baseoperator.py:1378: AirflowProviderDeprecationWarning: Call to deprecated class PostgresOperator. (Please use `***.providers.common.sql.operators.sql.SQLExecuteQueryOperator`.Also, you can provide `hook_params={'schema': <database>}`.)
  result = cls.__new__(cls)

[2024-10-08T05:22:50.561+0000] {taskinstance.py:3891} INFO - 1 downstream tasks scheduled from follow-on schedule check
[2024-10-08T05:22:50.567+0000] {local_task_job_runner.py:240} INFO - ::endgroup::
