[2024-10-08T05:29:26.709+0000] {local_task_job_runner.py:123} INFO - ::group::Pre task execution logs
[2024-10-08T05:29:26.804+0000] {taskinstance.py:2603} INFO - Dependencies all met for dep_context=non-requeueable deps ti=<TaskInstance: fetch_and_store_amazon_books.insert_book_data scheduled__2024-07-22T00:00:00+00:00 [queued]>
[2024-10-08T05:29:26.848+0000] {taskinstance.py:2603} INFO - Dependencies all met for dep_context=requeueable deps ti=<TaskInstance: fetch_and_store_amazon_books.insert_book_data scheduled__2024-07-22T00:00:00+00:00 [queued]>
[2024-10-08T05:29:26.850+0000] {taskinstance.py:2856} INFO - Starting attempt 1 of 2
[2024-10-08T05:29:26.901+0000] {taskinstance.py:2879} INFO - Executing <Task(PythonOperator): insert_book_data> on 2024-07-22 00:00:00+00:00
[2024-10-08T05:29:26.931+0000] {warnings.py:112} WARNING - /home/***/.local/lib/python3.12/site-packages/***/task/task_runner/standard_task_runner.py:70: DeprecationWarning: This process (pid=248) is multi-threaded, use of fork() may lead to deadlocks in the child.
  pid = os.fork()

[2024-10-08T05:29:26.937+0000] {standard_task_runner.py:72} INFO - Started process 262 to run task
[2024-10-08T05:29:26.942+0000] {standard_task_runner.py:104} INFO - Running: ['***', 'tasks', 'run', 'fetch_and_store_amazon_books', 'insert_book_data', 'scheduled__2024-07-22T00:00:00+00:00', '--job-id', '161', '--raw', '--subdir', 'DAGS_FOLDER/app.py', '--cfg-path', '/tmp/tmp_ubxzkrk']
[2024-10-08T05:29:26.949+0000] {standard_task_runner.py:105} INFO - Job 161: Subtask insert_book_data
[2024-10-08T05:29:27.689+0000] {task_command.py:467} INFO - Running <TaskInstance: fetch_and_store_amazon_books.insert_book_data scheduled__2024-07-22T00:00:00+00:00 [running]> on host 475658bd4f83
[2024-10-08T05:29:28.005+0000] {taskinstance.py:3122} INFO - Exporting env vars: AIRFLOW_CTX_DAG_OWNER='***' AIRFLOW_CTX_DAG_ID='fetch_and_store_amazon_books' AIRFLOW_CTX_TASK_ID='insert_book_data' AIRFLOW_CTX_EXECUTION_DATE='2024-07-22T00:00:00+00:00' AIRFLOW_CTX_TRY_NUMBER='1' AIRFLOW_CTX_DAG_RUN_ID='scheduled__2024-07-22T00:00:00+00:00'
[2024-10-08T05:29:28.011+0000] {logging_mixin.py:190} INFO - Task instance is in running state
[2024-10-08T05:29:28.013+0000] {logging_mixin.py:190} INFO -  Previous state of the Task instance: queued
[2024-10-08T05:29:28.014+0000] {logging_mixin.py:190} INFO - Current task name:insert_book_data state:running start_date:2024-10-08 05:29:26.806155+00:00
[2024-10-08T05:29:28.015+0000] {logging_mixin.py:190} INFO - Dag name:fetch_and_store_amazon_books and current dag run status:running
[2024-10-08T05:29:28.016+0000] {taskinstance.py:731} INFO - ::endgroup::
[2024-10-08T05:29:28.077+0000] {base.py:84} INFO - Retrieving connection 'books_connection'
[2024-10-08T05:29:28.096+0000] {sql.py:509} INFO - Running statement: 
    INSERT INTO books (title, authors, price, rating)
    VALUES (%s, %s, %s, %s)
    , parameters: ('Data Engineering with AWS - Second Edition: Acquire the skills to design and build AWS-based data transformation pipelines like a pro', 'Gareth Eagar', '41.', '4.4 out of 5 stars')
[2024-10-08T05:29:28.102+0000] {sql.py:518} INFO - Rows affected: 1
[2024-10-08T05:29:28.126+0000] {base.py:84} INFO - Retrieving connection 'books_connection'
[2024-10-08T05:29:28.135+0000] {sql.py:509} INFO - Running statement: 
    INSERT INTO books (title, authors, price, rating)
    VALUES (%s, %s, %s, %s)
    , parameters: ('Azure Data Engineer Associate Certification Guide: Ace the DP-203 exam with advanced data engineering skills', 'Giacinto Palmieri', '49.', '4.4 out of 5 stars')
[2024-10-08T05:29:28.138+0000] {sql.py:518} INFO - Rows affected: 1
[2024-10-08T05:29:28.150+0000] {base.py:84} INFO - Retrieving connection 'books_connection'
[2024-10-08T05:29:28.155+0000] {sql.py:509} INFO - Running statement: 
    INSERT INTO books (title, authors, price, rating)
    VALUES (%s, %s, %s, %s)
    , parameters: ('Fundamentals of Data Analytics: Learn Essential Skills, Embrace the Future, and Catapult Your Career in the Data-Driven World—A Comprehensive Guide to Data Literacy for Beginners', 'Russell Dawson', '17.', '4.8 out of 5 stars')
[2024-10-08T05:29:28.157+0000] {sql.py:518} INFO - Rows affected: 1
[2024-10-08T05:29:28.175+0000] {base.py:84} INFO - Retrieving connection 'books_connection'
[2024-10-08T05:29:28.182+0000] {sql.py:509} INFO - Running statement: 
    INSERT INTO books (title, authors, price, rating)
    VALUES (%s, %s, %s, %s)
    , parameters: ('Build a Career in Data Science', 'Emily Robinson', '35.', '4.6 out of 5 stars')
[2024-10-08T05:29:28.186+0000] {sql.py:518} INFO - Rows affected: 1
[2024-10-08T05:29:28.202+0000] {base.py:84} INFO - Retrieving connection 'books_connection'
[2024-10-08T05:29:28.210+0000] {sql.py:509} INFO - Running statement: 
    INSERT INTO books (title, authors, price, rating)
    VALUES (%s, %s, %s, %s)
    , parameters: ('Fundamentals of Data Engineering: Plan and Build Robust Data Systems', 'Joe Reis', '25.', '4.7 out of 5 stars')
[2024-10-08T05:29:28.212+0000] {sql.py:518} INFO - Rows affected: 1
[2024-10-08T05:29:28.228+0000] {base.py:84} INFO - Retrieving connection 'books_connection'
[2024-10-08T05:29:28.237+0000] {sql.py:509} INFO - Running statement: 
    INSERT INTO books (title, authors, price, rating)
    VALUES (%s, %s, %s, %s)
    , parameters: ('Designing Data-Intensive Applications: The Big Ideas Behind Reliable, Scalable, and Maintainable Systems', 'Martin Kleppmann', '55.', '4.7 out of 5 stars')
[2024-10-08T05:29:28.241+0000] {sql.py:518} INFO - Rows affected: 1
[2024-10-08T05:29:28.259+0000] {base.py:84} INFO - Retrieving connection 'books_connection'
[2024-10-08T05:29:28.264+0000] {sql.py:509} INFO - Running statement: 
    INSERT INTO books (title, authors, price, rating)
    VALUES (%s, %s, %s, %s)
    , parameters: ("Ultimate Data Engineering with Databricks: Develop Scalable Data Pipelines Using Data Engineering's Core Tenets Such as Delta Tables, Ingestion, ... Security, and Scalability (English Edition)", 'Mayank Malhotra', '37.', '4.1 out of 5 stars')
[2024-10-08T05:29:28.266+0000] {sql.py:518} INFO - Rows affected: 1
[2024-10-08T05:29:28.277+0000] {base.py:84} INFO - Retrieving connection 'books_connection'
[2024-10-08T05:29:28.284+0000] {sql.py:509} INFO - Running statement: 
    INSERT INTO books (title, authors, price, rating)
    VALUES (%s, %s, %s, %s)
    , parameters: ("Azure Data Factory Cookbook: A data engineer's guide to building and managing ETL and ELT pipelines with data integration", 'Dmitry Foshin', '51.', '4.2 out of 5 stars')
[2024-10-08T05:29:28.285+0000] {sql.py:518} INFO - Rows affected: 1
[2024-10-08T05:29:28.294+0000] {base.py:84} INFO - Retrieving connection 'books_connection'
[2024-10-08T05:29:28.300+0000] {sql.py:509} INFO - Running statement: 
    INSERT INTO books (title, authors, price, rating)
    VALUES (%s, %s, %s, %s)
    , parameters: ('Data Engineering with dbt: A practical guide to building a cloud-based, pragmatic, and dependable data platform with SQL', 'Roberto Zagni', '37.', '4.6 out of 5 stars')
[2024-10-08T05:29:28.302+0000] {sql.py:518} INFO - Rows affected: 1
[2024-10-08T05:29:28.310+0000] {base.py:84} INFO - Retrieving connection 'books_connection'
[2024-10-08T05:29:28.314+0000] {sql.py:509} INFO - Running statement: 
    INSERT INTO books (title, authors, price, rating)
    VALUES (%s, %s, %s, %s)
    , parameters: ('Data Engineering with Python: Work with massive datasets to design data models and automate data pipelines using Python', 'Paul Crickard', '37.', '4.1 out of 5 stars')
[2024-10-08T05:29:28.330+0000] {sql.py:518} INFO - Rows affected: 1
[2024-10-08T05:29:28.344+0000] {base.py:84} INFO - Retrieving connection 'books_connection'
[2024-10-08T05:29:28.351+0000] {sql.py:509} INFO - Running statement: 
    INSERT INTO books (title, authors, price, rating)
    VALUES (%s, %s, %s, %s)
    , parameters: ('Cracking the Data Engineering Interview: Land your dream job with the help of resume-building tips, over 100 mock questions, and a unique portfolio', 'Kedeisha Bryan', '26.', '4.4 out of 5 stars')
[2024-10-08T05:29:28.353+0000] {sql.py:518} INFO - Rows affected: 1
[2024-10-08T05:29:28.363+0000] {base.py:84} INFO - Retrieving connection 'books_connection'
[2024-10-08T05:29:28.367+0000] {sql.py:509} INFO - Running statement: 
    INSERT INTO books (title, authors, price, rating)
    VALUES (%s, %s, %s, %s)
    , parameters: ('Data Pipelines Pocket Reference: Moving and Processing Data for Analytics', 'James Densmore', '17.', '4.5 out of 5 stars')
[2024-10-08T05:29:28.369+0000] {sql.py:518} INFO - Rows affected: 1
[2024-10-08T05:29:28.376+0000] {base.py:84} INFO - Retrieving connection 'books_connection'
[2024-10-08T05:29:28.380+0000] {sql.py:509} INFO - Running statement: 
    INSERT INTO books (title, authors, price, rating)
    VALUES (%s, %s, %s, %s)
    , parameters: ('Ace the Data Science Interview: 201 Real Interview Questions Asked By FAANG, Tech Startups, & Wall Street', 'Nick Singh', '42.', '4.5 out of 5 stars')
[2024-10-08T05:29:28.381+0000] {sql.py:518} INFO - Rows affected: 1
[2024-10-08T05:29:28.389+0000] {base.py:84} INFO - Retrieving connection 'books_connection'
[2024-10-08T05:29:28.393+0000] {sql.py:509} INFO - Running statement: 
    INSERT INTO books (title, authors, price, rating)
    VALUES (%s, %s, %s, %s)
    , parameters: ('Ace the Data Engineering Interview: Questions and Answers for Python, SQL, Data Modeling and More', 'Sean Coyne', '24.', '3.8 out of 5 stars')
[2024-10-08T05:29:28.394+0000] {sql.py:518} INFO - Rows affected: 1
[2024-10-08T05:29:28.418+0000] {base.py:84} INFO - Retrieving connection 'books_connection'
[2024-10-08T05:29:28.426+0000] {sql.py:509} INFO - Running statement: 
    INSERT INTO books (title, authors, price, rating)
    VALUES (%s, %s, %s, %s)
    , parameters: ('Data Engineering with Databricks Cookbook: Build effective data and AI solutions using Apache Spark, Databricks, and Delta Lake', 'Pulkit Chadha', '49.', '4.3 out of 5 stars')
[2024-10-08T05:29:28.428+0000] {sql.py:518} INFO - Rows affected: 1
[2024-10-08T05:29:28.440+0000] {base.py:84} INFO - Retrieving connection 'books_connection'
[2024-10-08T05:29:28.445+0000] {sql.py:509} INFO - Running statement: 
    INSERT INTO books (title, authors, price, rating)
    VALUES (%s, %s, %s, %s)
    , parameters: ('Software Engineering for Data Scientists: From Notebooks to Scalable Systems', 'Catherine Nelson', '51.', '4.4 out of 5 stars')
[2024-10-08T05:29:28.447+0000] {sql.py:518} INFO - Rows affected: 1
[2024-10-08T05:29:28.459+0000] {base.py:84} INFO - Retrieving connection 'books_connection'
[2024-10-08T05:29:28.465+0000] {sql.py:509} INFO - Running statement: 
    INSERT INTO books (title, authors, price, rating)
    VALUES (%s, %s, %s, %s)
    , parameters: ('Essentials of Data Engineering', 'Dr. Mukesh Saini', '19.', '5.0 out of 5 stars')
[2024-10-08T05:29:28.467+0000] {sql.py:518} INFO - Rows affected: 1
[2024-10-08T05:29:28.476+0000] {base.py:84} INFO - Retrieving connection 'books_connection'
[2024-10-08T05:29:28.479+0000] {sql.py:509} INFO - Running statement: 
    INSERT INTO books (title, authors, price, rating)
    VALUES (%s, %s, %s, %s)
    , parameters: ('Data Engineering with AWS: Learn how to design and build cloud-based data transformation pipelines using AWS', 'Gareth Eagar', '49.', '4.4 out of 5 stars')
[2024-10-08T05:29:28.480+0000] {sql.py:518} INFO - Rows affected: 1
[2024-10-08T05:29:28.490+0000] {base.py:84} INFO - Retrieving connection 'books_connection'
[2024-10-08T05:29:28.494+0000] {sql.py:509} INFO - Running statement: 
    INSERT INTO books (title, authors, price, rating)
    VALUES (%s, %s, %s, %s)
    , parameters: ('Data Engineering with Python cookbook: Learn to build efficient data pipelines using the Modern Cloud Data Stack', 'Adithyan Ramanujakootam', '32.', '5.0 out of 5 stars')
[2024-10-08T05:29:28.495+0000] {sql.py:518} INFO - Rows affected: 1
[2024-10-08T05:29:28.503+0000] {base.py:84} INFO - Retrieving connection 'books_connection'
[2024-10-08T05:29:28.506+0000] {sql.py:509} INFO - Running statement: 
    INSERT INTO books (title, authors, price, rating)
    VALUES (%s, %s, %s, %s)
    , parameters: ("Data Quality Fundamentals: A Practitioner's Guide to Building Trustworthy Data Pipelines", 'Paperback', '45.', '4.1 out of 5 stars')
[2024-10-08T05:29:28.508+0000] {sql.py:518} INFO - Rows affected: 1
[2024-10-08T05:29:28.516+0000] {base.py:84} INFO - Retrieving connection 'books_connection'
[2024-10-08T05:29:28.522+0000] {sql.py:509} INFO - Running statement: 
    INSERT INTO books (title, authors, price, rating)
    VALUES (%s, %s, %s, %s)
    , parameters: ('Data Engineering with Google Cloud Platform: A practical guide to operationalizing scalable data analytics systems on GCP', 'Adi Wijaya', '41.', '4.7 out of 5 stars')
[2024-10-08T05:29:28.527+0000] {sql.py:518} INFO - Rows affected: 1
[2024-10-08T05:29:28.544+0000] {base.py:84} INFO - Retrieving connection 'books_connection'
[2024-10-08T05:29:28.552+0000] {sql.py:509} INFO - Running statement: 
    INSERT INTO books (title, authors, price, rating)
    VALUES (%s, %s, %s, %s)
    , parameters: ('DATA ENGINEERING AND AI FOR BEGINNERS: Revolutionizing Data Processing and Analytics by Leveraging Artificial Intelligence for Efficient Input Collection, Storage, and Transformation (World of AI)', 'Paperback', '13.', '4.3 out of 5 stars')
[2024-10-08T05:29:28.555+0000] {sql.py:518} INFO - Rows affected: 1
[2024-10-08T05:29:28.565+0000] {base.py:84} INFO - Retrieving connection 'books_connection'
[2024-10-08T05:29:28.570+0000] {sql.py:509} INFO - Running statement: 
    INSERT INTO books (title, authors, price, rating)
    VALUES (%s, %s, %s, %s)
    , parameters: ('Fundamentals of Data Engineering: A Comprehensive Guide to Designing, Building, and Managing Data Pipelines, Storage Solutions, and Processing Frameworks.', 'Paperback', '14.', '5.0 out of 5 stars')
[2024-10-08T05:29:28.572+0000] {sql.py:518} INFO - Rows affected: 1
[2024-10-08T05:29:28.581+0000] {base.py:84} INFO - Retrieving connection 'books_connection'
[2024-10-08T05:29:28.584+0000] {sql.py:509} INFO - Running statement: 
    INSERT INTO books (title, authors, price, rating)
    VALUES (%s, %s, %s, %s)
    , parameters: ('Data Privacy: A runbook for engineers', 'Nishant Bhajaria', '35.', '4.8 out of 5 stars')
[2024-10-08T05:29:28.585+0000] {sql.py:518} INFO - Rows affected: 1
[2024-10-08T05:29:28.590+0000] {base.py:84} INFO - Retrieving connection 'books_connection'
[2024-10-08T05:29:28.593+0000] {sql.py:509} INFO - Running statement: 
    INSERT INTO books (title, authors, price, rating)
    VALUES (%s, %s, %s, %s)
    , parameters: ('Data Engineering Fundamentals for Beginners: Mastering the Art of Building, Managing, and Scaling Data Systems', 'Paperback', '14.', '5.0 out of 5 stars')
[2024-10-08T05:29:28.594+0000] {sql.py:518} INFO - Rows affected: 1
[2024-10-08T05:29:28.600+0000] {base.py:84} INFO - Retrieving connection 'books_connection'
[2024-10-08T05:29:28.603+0000] {sql.py:509} INFO - Running statement: 
    INSERT INTO books (title, authors, price, rating)
    VALUES (%s, %s, %s, %s)
    , parameters: ("Engineering Data Mesh in Azure Cloud: Implement data mesh using Microsoft Azure's Cloud Adoption Framework", 'Paperback', '47.', '4.5 out of 5 stars')
[2024-10-08T05:29:28.604+0000] {sql.py:518} INFO - Rows affected: 1
[2024-10-08T05:29:28.610+0000] {base.py:84} INFO - Retrieving connection 'books_connection'
[2024-10-08T05:29:28.613+0000] {sql.py:509} INFO - Running statement: 
    INSERT INTO books (title, authors, price, rating)
    VALUES (%s, %s, %s, %s)
    , parameters: ('Data Engineering with Apache Spark, Delta Lake, and Lakehouse: Create scalable pipelines that ingest, curate, and aggregate complex data in a timely and secure way', 'Manoj Kukreja', '46.', '3.9 out of 5 stars')
[2024-10-08T05:29:28.614+0000] {sql.py:518} INFO - Rows affected: 1
[2024-10-08T05:29:28.620+0000] {base.py:84} INFO - Retrieving connection 'books_connection'
[2024-10-08T05:29:28.625+0000] {sql.py:509} INFO - Running statement: 
    INSERT INTO books (title, authors, price, rating)
    VALUES (%s, %s, %s, %s)
    , parameters: ('Data-Driven Science and Engineering: Machine Learning, Dynamical Systems, and Control', 'Steven L. Brunton', '64.', '4.8 out of 5 stars')
[2024-10-08T05:29:28.626+0000] {sql.py:518} INFO - Rows affected: 1
[2024-10-08T05:29:28.633+0000] {base.py:84} INFO - Retrieving connection 'books_connection'
[2024-10-08T05:29:28.637+0000] {sql.py:509} INFO - Running statement: 
    INSERT INTO books (title, authors, price, rating)
    VALUES (%s, %s, %s, %s)
    , parameters: ('Data Engineering with Google Cloud Platform: A guide to leveling up as a data engineer by building a scalable data platform with Google Cloud', 'Adi Wijaya', '40.', '4.8 out of 5 stars')
[2024-10-08T05:29:28.638+0000] {sql.py:518} INFO - Rows affected: 1
[2024-10-08T05:29:28.655+0000] {base.py:84} INFO - Retrieving connection 'books_connection'
[2024-10-08T05:29:28.665+0000] {sql.py:509} INFO - Running statement: 
    INSERT INTO books (title, authors, price, rating)
    VALUES (%s, %s, %s, %s)
    , parameters: ("Data: Principles To Practice - Volume 1 'Foundations': Essential Foundations: Key Concepts behind Data Architecture, Engineering and Analysis for Professionals", 'Mr Alex Holloway', '12.', '4.6 out of 5 stars')
[2024-10-08T05:29:28.667+0000] {sql.py:518} INFO - Rows affected: 1
[2024-10-08T05:29:28.674+0000] {base.py:84} INFO - Retrieving connection 'books_connection'
[2024-10-08T05:29:28.681+0000] {sql.py:509} INFO - Running statement: 
    INSERT INTO books (title, authors, price, rating)
    VALUES (%s, %s, %s, %s)
    , parameters: ('97 Things Every Data Engineer Should Know: Collective Wisdom from the Experts', 'Tobias Macey', '28.', '4.1 out of 5 stars')
[2024-10-08T05:29:28.682+0000] {sql.py:518} INFO - Rows affected: 1
[2024-10-08T05:29:28.690+0000] {base.py:84} INFO - Retrieving connection 'books_connection'
[2024-10-08T05:29:28.695+0000] {sql.py:509} INFO - Running statement: 
    INSERT INTO books (title, authors, price, rating)
    VALUES (%s, %s, %s, %s)
    , parameters: ('Python Data Engineering Resources: Forge Your Path to Success in Data Engineering, Machine Learning and AI', 'Vajo Lukic', '0.', '4.9 out of 5 stars')
[2024-10-08T05:29:28.696+0000] {sql.py:518} INFO - Rows affected: 1
[2024-10-08T05:29:28.705+0000] {base.py:84} INFO - Retrieving connection 'books_connection'
[2024-10-08T05:29:28.708+0000] {sql.py:509} INFO - Running statement: 
    INSERT INTO books (title, authors, price, rating)
    VALUES (%s, %s, %s, %s)
    , parameters: ('Analytics Engineering with SQL and dbt: Building Meaningful Data Models at Scale', 'Rui Pedro Machado', '41.', '3.9 out of 5 stars')
[2024-10-08T05:29:28.710+0000] {sql.py:518} INFO - Rows affected: 1
[2024-10-08T05:29:28.715+0000] {base.py:84} INFO - Retrieving connection 'books_connection'
[2024-10-08T05:29:28.719+0000] {sql.py:509} INFO - Running statement: 
    INSERT INTO books (title, authors, price, rating)
    VALUES (%s, %s, %s, %s)
    , parameters: ('Data Engineering with Scala and Spark: Build streaming and batch pipelines that process massive amounts of data using Scala', 'Eric Tome', '29.', '4.1 out of 5 stars')
[2024-10-08T05:29:28.720+0000] {sql.py:518} INFO - Rows affected: 1
[2024-10-08T05:29:28.727+0000] {base.py:84} INFO - Retrieving connection 'books_connection'
[2024-10-08T05:29:28.731+0000] {sql.py:509} INFO - Running statement: 
    INSERT INTO books (title, authors, price, rating)
    VALUES (%s, %s, %s, %s)
    , parameters: ('Storytelling with Data: A Data Visualization Guide for Business Professionals', 'Cole Nussbaumer Knaflic', '27.', '4.6 out of 5 stars')
[2024-10-08T05:29:28.733+0000] {sql.py:518} INFO - Rows affected: 1
[2024-10-08T05:29:28.745+0000] {base.py:84} INFO - Retrieving connection 'books_connection'
[2024-10-08T05:29:28.754+0000] {sql.py:509} INFO - Running statement: 
    INSERT INTO books (title, authors, price, rating)
    VALUES (%s, %s, %s, %s)
    , parameters: ('Data Mesh: Delivering Data-Driven Value at Scale', 'Zhamak Dehghani', '43.', '4.5 out of 5 stars')
[2024-10-08T05:29:28.756+0000] {sql.py:518} INFO - Rows affected: 1
[2024-10-08T05:29:28.770+0000] {base.py:84} INFO - Retrieving connection 'books_connection'
[2024-10-08T05:29:28.775+0000] {sql.py:509} INFO - Running statement: 
    INSERT INTO books (title, authors, price, rating)
    VALUES (%s, %s, %s, %s)
    , parameters: ('Data Engineering 101', 'Kindle', '0.', '3.9 out of 5 stars')
[2024-10-08T05:29:28.777+0000] {sql.py:518} INFO - Rows affected: 1
[2024-10-08T05:29:28.787+0000] {base.py:84} INFO - Retrieving connection 'books_connection'
[2024-10-08T05:29:28.794+0000] {sql.py:509} INFO - Running statement: 
    INSERT INTO books (title, authors, price, rating)
    VALUES (%s, %s, %s, %s)
    , parameters: ('Data Modeling with Snowflake: A practical guide to accelerating Snowflake development using universal data modeling techniques', 'Serge Gershkovich', '36.', '4.8 out of 5 stars')
[2024-10-08T05:29:28.796+0000] {sql.py:518} INFO - Rows affected: 1
[2024-10-08T05:29:28.802+0000] {base.py:84} INFO - Retrieving connection 'books_connection'
[2024-10-08T05:29:28.807+0000] {sql.py:509} INFO - Running statement: 
    INSERT INTO books (title, authors, price, rating)
    VALUES (%s, %s, %s, %s)
    , parameters: ('Official Google Cloud Certified Professional Data Engineer Study Guide', 'Dan Sullivan', '33.', '4.5 out of 5 stars')
[2024-10-08T05:29:28.808+0000] {sql.py:518} INFO - Rows affected: 1
[2024-10-08T05:29:28.817+0000] {base.py:84} INFO - Retrieving connection 'books_connection'
[2024-10-08T05:29:28.822+0000] {sql.py:509} INFO - Running statement: 
    INSERT INTO books (title, authors, price, rating)
    VALUES (%s, %s, %s, %s)
    , parameters: ('Machine Learning Engineering', 'Andriy Burkov', '39.', '4.7 out of 5 stars')
[2024-10-08T05:29:28.825+0000] {sql.py:518} INFO - Rows affected: 1
[2024-10-08T05:29:28.837+0000] {base.py:84} INFO - Retrieving connection 'books_connection'
[2024-10-08T05:29:28.848+0000] {sql.py:509} INFO - Running statement: 
    INSERT INTO books (title, authors, price, rating)
    VALUES (%s, %s, %s, %s)
    , parameters: ('Fundamentals of Data Observability: Implement Trustworthy End-to-End Data Solutions', 'Andy Petrella', '36.', '4.0 out of 5 stars')
[2024-10-08T05:29:28.853+0000] {sql.py:518} INFO - Rows affected: 1
[2024-10-08T05:29:28.865+0000] {base.py:84} INFO - Retrieving connection 'books_connection'
[2024-10-08T05:29:28.869+0000] {sql.py:509} INFO - Running statement: 
    INSERT INTO books (title, authors, price, rating)
    VALUES (%s, %s, %s, %s)
    , parameters: ('Modern Data Engineering with Apache Spark: A Hands-On Guide for Building Mission-Critical Streaming Applications', 'Scott Haines', '28.', '4.1 out of 5 stars')
[2024-10-08T05:29:28.870+0000] {sql.py:518} INFO - Rows affected: 1
[2024-10-08T05:29:28.878+0000] {base.py:84} INFO - Retrieving connection 'books_connection'
[2024-10-08T05:29:28.883+0000] {sql.py:509} INFO - Running statement: 
    INSERT INTO books (title, authors, price, rating)
    VALUES (%s, %s, %s, %s)
    , parameters: ('Python Feature Engineering Cookbook: A complete guide to crafting powerful features for your machine learning models', 'Soledad Galli', '44.', '5.0 out of 5 stars')
[2024-10-08T05:29:28.884+0000] {sql.py:518} INFO - Rows affected: 1
[2024-10-08T05:29:28.890+0000] {base.py:84} INFO - Retrieving connection 'books_connection'
[2024-10-08T05:29:28.893+0000] {sql.py:509} INFO - Running statement: 
    INSERT INTO books (title, authors, price, rating)
    VALUES (%s, %s, %s, %s)
    , parameters: ('Data Engineering with Databricks', 'Kindle', '0.', '3.4 out of 5 stars')
[2024-10-08T05:29:28.894+0000] {sql.py:518} INFO - Rows affected: 1
[2024-10-08T05:29:28.900+0000] {base.py:84} INFO - Retrieving connection 'books_connection'
[2024-10-08T05:29:28.903+0000] {sql.py:509} INFO - Running statement: 
    INSERT INTO books (title, authors, price, rating)
    VALUES (%s, %s, %s, %s)
    , parameters: ('Azure Data Factory by Example: Practical Implementation for Data Engineers', 'Richard Swinbank', '33.', '4.2 out of 5 stars')
[2024-10-08T05:29:28.905+0000] {sql.py:518} INFO - Rows affected: 1
[2024-10-08T05:29:28.911+0000] {base.py:84} INFO - Retrieving connection 'books_connection'
[2024-10-08T05:29:28.914+0000] {sql.py:509} INFO - Running statement: 
    INSERT INTO books (title, authors, price, rating)
    VALUES (%s, %s, %s, %s)
    , parameters: ('Data Quality Engineering in Financial Services: Applying Manufacturing Techniques to Data', 'Brian Buzzelli', '30.', '4.4 out of 5 stars')
[2024-10-08T05:29:28.916+0000] {sql.py:518} INFO - Rows affected: 1
[2024-10-08T05:29:28.921+0000] {base.py:84} INFO - Retrieving connection 'books_connection'
[2024-10-08T05:29:28.925+0000] {sql.py:509} INFO - Running statement: 
    INSERT INTO books (title, authors, price, rating)
    VALUES (%s, %s, %s, %s)
    , parameters: ('Prompt Engineering for Generative AI: Future-Proof Inputs for Reliable AI Outputs', 'James Phoenix', '53.', '4.5 out of 5 stars')
[2024-10-08T05:29:28.926+0000] {sql.py:518} INFO - Rows affected: 1
[2024-10-08T05:29:28.932+0000] {base.py:84} INFO - Retrieving connection 'books_connection'
[2024-10-08T05:29:28.936+0000] {sql.py:509} INFO - Running statement: 
    INSERT INTO books (title, authors, price, rating)
    VALUES (%s, %s, %s, %s)
    , parameters: ('Data Observability for Data Engineering: Proactive strategies for ensuring data accuracy and addressing broken data pipelines', 'Michele Pinto', '18.', '3.7 out of 5 stars')
[2024-10-08T05:29:28.937+0000] {sql.py:518} INFO - Rows affected: 1
[2024-10-08T05:29:28.951+0000] {base.py:84} INFO - Retrieving connection 'books_connection'
[2024-10-08T05:29:28.960+0000] {sql.py:509} INFO - Running statement: 
    INSERT INTO books (title, authors, price, rating)
    VALUES (%s, %s, %s, %s)
    , parameters: ('Better Data Visualizations: A Guide for Scholars, Researchers, and Wonks', 'Jonathan Schwabish', '26.', '4.5 out of 5 stars')
[2024-10-08T05:29:28.961+0000] {sql.py:518} INFO - Rows affected: 1
[2024-10-08T05:29:28.970+0000] {base.py:84} INFO - Retrieving connection 'books_connection'
[2024-10-08T05:29:28.975+0000] {sql.py:509} INFO - Running statement: 
    INSERT INTO books (title, authors, price, rating)
    VALUES (%s, %s, %s, %s)
    , parameters: ("Applied Machine Learning and AI for Engineers: Solve Business Problems That Can't Be Solved Algorithmically", 'Jeff Prosise', '69.', '4.5 out of 5 stars')
[2024-10-08T05:29:28.977+0000] {sql.py:518} INFO - Rows affected: 1
[2024-10-08T05:29:28.979+0000] {python.py:240} INFO - Done. Returned value was: None
[2024-10-08T05:29:29.000+0000] {taskinstance.py:340} INFO - ::group::Post task execution logs
[2024-10-08T05:29:29.003+0000] {taskinstance.py:352} INFO - Marking task as SUCCESS. dag_id=fetch_and_store_amazon_books, task_id=insert_book_data, run_id=scheduled__2024-07-22T00:00:00+00:00, execution_date=20240722T000000, start_date=20241008T052926, end_date=20241008T052929
[2024-10-08T05:29:29.072+0000] {logging_mixin.py:190} INFO - Task instance in success state
[2024-10-08T05:29:29.077+0000] {logging_mixin.py:190} INFO -  Previous state of the Task instance: running
[2024-10-08T05:29:29.078+0000] {logging_mixin.py:190} INFO - Dag name:fetch_and_store_amazon_books queued_at:2024-10-08 05:16:32.749297+00:00
[2024-10-08T05:29:29.078+0000] {logging_mixin.py:190} INFO - Task hostname:475658bd4f83 operator:PythonOperator
[2024-10-08T05:29:29.151+0000] {local_task_job_runner.py:261} INFO - Task exited with return code 0
[2024-10-08T05:29:29.224+0000] {taskinstance.py:3891} INFO - 0 downstream tasks scheduled from follow-on schedule check
[2024-10-08T05:29:29.229+0000] {local_task_job_runner.py:240} INFO - ::endgroup::
