[2024-10-08T05:35:16.483+0000] {local_task_job_runner.py:123} INFO - ::group::Pre task execution logs
[2024-10-08T05:35:16.496+0000] {taskinstance.py:2603} INFO - Dependencies all met for dep_context=non-requeueable deps ti=<TaskInstance: fetch_and_store_amazon_books.insert_book_data scheduled__2024-10-07T00:00:00+00:00 [queued]>
[2024-10-08T05:35:16.501+0000] {taskinstance.py:2603} INFO - Dependencies all met for dep_context=requeueable deps ti=<TaskInstance: fetch_and_store_amazon_books.insert_book_data scheduled__2024-10-07T00:00:00+00:00 [queued]>
[2024-10-08T05:35:16.502+0000] {taskinstance.py:2856} INFO - Starting attempt 1 of 2
[2024-10-08T05:35:16.508+0000] {taskinstance.py:2879} INFO - Executing <Task(PythonOperator): insert_book_data> on 2024-10-07 00:00:00+00:00
[2024-10-08T05:35:16.514+0000] {warnings.py:112} WARNING - /home/***/.local/lib/python3.12/site-packages/***/task/task_runner/standard_task_runner.py:70: DeprecationWarning: This process (pid=324) is multi-threaded, use of fork() may lead to deadlocks in the child.
  pid = os.fork()

[2024-10-08T05:35:16.518+0000] {standard_task_runner.py:72} INFO - Started process 330 to run task
[2024-10-08T05:35:16.521+0000] {standard_task_runner.py:104} INFO - Running: ['***', 'tasks', 'run', 'fetch_and_store_amazon_books', 'insert_book_data', 'scheduled__2024-10-07T00:00:00+00:00', '--job-id', '295', '--raw', '--subdir', 'DAGS_FOLDER/app.py', '--cfg-path', '/tmp/tmpcw3450jz']
[2024-10-08T05:35:16.524+0000] {standard_task_runner.py:105} INFO - Job 295: Subtask insert_book_data
[2024-10-08T05:35:16.568+0000] {task_command.py:467} INFO - Running <TaskInstance: fetch_and_store_amazon_books.insert_book_data scheduled__2024-10-07T00:00:00+00:00 [running]> on host 475658bd4f83
[2024-10-08T05:35:16.737+0000] {taskinstance.py:3122} INFO - Exporting env vars: AIRFLOW_CTX_DAG_OWNER='***' AIRFLOW_CTX_DAG_ID='fetch_and_store_amazon_books' AIRFLOW_CTX_TASK_ID='insert_book_data' AIRFLOW_CTX_EXECUTION_DATE='2024-10-07T00:00:00+00:00' AIRFLOW_CTX_TRY_NUMBER='1' AIRFLOW_CTX_DAG_RUN_ID='scheduled__2024-10-07T00:00:00+00:00'
[2024-10-08T05:35:16.747+0000] {logging_mixin.py:190} INFO - Task instance is in running state
[2024-10-08T05:35:16.748+0000] {logging_mixin.py:190} INFO -  Previous state of the Task instance: queued
[2024-10-08T05:35:16.748+0000] {logging_mixin.py:190} INFO - Current task name:insert_book_data state:running start_date:2024-10-08 05:35:16.496398+00:00
[2024-10-08T05:35:16.749+0000] {logging_mixin.py:190} INFO - Dag name:fetch_and_store_amazon_books and current dag run status:running
[2024-10-08T05:35:16.750+0000] {taskinstance.py:731} INFO - ::endgroup::
[2024-10-08T05:35:16.785+0000] {base.py:84} INFO - Retrieving connection 'books_connection'
[2024-10-08T05:35:16.788+0000] {sql.py:509} INFO - Running statement: 
    INSERT INTO books (title, authors, price, rating)
    VALUES (%s, %s, %s, %s)
    , parameters: ('Data Engineering with AWS - Second Edition: Acquire the skills to design and build AWS-based data transformation pipelines like a pro', 'Gareth Eagar', '41.', '4.4 out of 5 stars')
[2024-10-08T05:35:16.790+0000] {sql.py:518} INFO - Rows affected: 1
[2024-10-08T05:35:16.797+0000] {base.py:84} INFO - Retrieving connection 'books_connection'
[2024-10-08T05:35:16.800+0000] {sql.py:509} INFO - Running statement: 
    INSERT INTO books (title, authors, price, rating)
    VALUES (%s, %s, %s, %s)
    , parameters: ('Azure Data Engineer Associate Certification Guide: Ace the DP-203 exam with advanced data engineering skills', 'Giacinto Palmieri', '49.', '4.4 out of 5 stars')
[2024-10-08T05:35:16.802+0000] {sql.py:518} INFO - Rows affected: 1
[2024-10-08T05:35:16.808+0000] {base.py:84} INFO - Retrieving connection 'books_connection'
[2024-10-08T05:35:16.813+0000] {sql.py:509} INFO - Running statement: 
    INSERT INTO books (title, authors, price, rating)
    VALUES (%s, %s, %s, %s)
    , parameters: ("Azure Data Factory Cookbook: A data engineer's guide to building and managing ETL and ELT pipelines with data integration", 'Dmitry Foshin', '51.', '4.2 out of 5 stars')
[2024-10-08T05:35:16.814+0000] {sql.py:518} INFO - Rows affected: 1
[2024-10-08T05:35:16.825+0000] {base.py:84} INFO - Retrieving connection 'books_connection'
[2024-10-08T05:35:16.834+0000] {sql.py:509} INFO - Running statement: 
    INSERT INTO books (title, authors, price, rating)
    VALUES (%s, %s, %s, %s)
    , parameters: ('Fundamentals of Data Engineering: Plan and Build Robust Data Systems', 'Joe Reis', '25.', '4.7 out of 5 stars')
[2024-10-08T05:35:16.837+0000] {sql.py:518} INFO - Rows affected: 1
[2024-10-08T05:35:16.853+0000] {base.py:84} INFO - Retrieving connection 'books_connection'
[2024-10-08T05:35:16.861+0000] {sql.py:509} INFO - Running statement: 
    INSERT INTO books (title, authors, price, rating)
    VALUES (%s, %s, %s, %s)
    , parameters: ('Designing Data-Intensive Applications: The Big Ideas Behind Reliable, Scalable, and Maintainable Systems', 'Martin Kleppmann', '55.', '4.7 out of 5 stars')
[2024-10-08T05:35:16.862+0000] {sql.py:518} INFO - Rows affected: 1
[2024-10-08T05:35:16.870+0000] {base.py:84} INFO - Retrieving connection 'books_connection'
[2024-10-08T05:35:16.875+0000] {sql.py:509} INFO - Running statement: 
    INSERT INTO books (title, authors, price, rating)
    VALUES (%s, %s, %s, %s)
    , parameters: ('Fundamentals of Data Analytics: Learn Essential Skills, Embrace the Future, and Catapult Your Career in the Data-Driven World—A Comprehensive Guide to Data Literacy for Beginners', 'Russell Dawson', '17.', '4.8 out of 5 stars')
[2024-10-08T05:35:16.878+0000] {sql.py:518} INFO - Rows affected: 1
[2024-10-08T05:35:16.887+0000] {base.py:84} INFO - Retrieving connection 'books_connection'
[2024-10-08T05:35:16.892+0000] {sql.py:509} INFO - Running statement: 
    INSERT INTO books (title, authors, price, rating)
    VALUES (%s, %s, %s, %s)
    , parameters: ("Ultimate Data Engineering with Databricks: Develop Scalable Data Pipelines Using Data Engineering's Core Tenets Such as Delta Tables, Ingestion, ... Security, and Scalability (English Edition)", 'Mayank Malhotra', '37.', '4.1 out of 5 stars')
[2024-10-08T05:35:16.894+0000] {sql.py:518} INFO - Rows affected: 1
[2024-10-08T05:35:16.915+0000] {base.py:84} INFO - Retrieving connection 'books_connection'
[2024-10-08T05:35:16.920+0000] {sql.py:509} INFO - Running statement: 
    INSERT INTO books (title, authors, price, rating)
    VALUES (%s, %s, %s, %s)
    , parameters: ('Data Engineering with dbt: A practical guide to building a cloud-based, pragmatic, and dependable data platform with SQL', 'Roberto Zagni', '37.', '4.6 out of 5 stars')
[2024-10-08T05:35:16.923+0000] {sql.py:518} INFO - Rows affected: 1
[2024-10-08T05:35:16.934+0000] {base.py:84} INFO - Retrieving connection 'books_connection'
[2024-10-08T05:35:16.939+0000] {sql.py:509} INFO - Running statement: 
    INSERT INTO books (title, authors, price, rating)
    VALUES (%s, %s, %s, %s)
    , parameters: ('Data Engineering with Python: Work with massive datasets to design data models and automate data pipelines using Python', 'Paul Crickard', '37.', '4.1 out of 5 stars')
[2024-10-08T05:35:16.939+0000] {sql.py:518} INFO - Rows affected: 1
[2024-10-08T05:35:16.944+0000] {base.py:84} INFO - Retrieving connection 'books_connection'
[2024-10-08T05:35:16.948+0000] {sql.py:509} INFO - Running statement: 
    INSERT INTO books (title, authors, price, rating)
    VALUES (%s, %s, %s, %s)
    , parameters: ('Cracking the Data Engineering Interview: Land your dream job with the help of resume-building tips, over 100 mock questions, and a unique portfolio', 'Kedeisha Bryan', '26.', '4.4 out of 5 stars')
[2024-10-08T05:35:16.949+0000] {sql.py:518} INFO - Rows affected: 1
[2024-10-08T05:35:16.954+0000] {base.py:84} INFO - Retrieving connection 'books_connection'
[2024-10-08T05:35:16.957+0000] {sql.py:509} INFO - Running statement: 
    INSERT INTO books (title, authors, price, rating)
    VALUES (%s, %s, %s, %s)
    , parameters: ('Data Pipelines Pocket Reference: Moving and Processing Data for Analytics', 'James Densmore', '17.', '4.5 out of 5 stars')
[2024-10-08T05:35:16.957+0000] {sql.py:518} INFO - Rows affected: 1
[2024-10-08T05:35:16.962+0000] {base.py:84} INFO - Retrieving connection 'books_connection'
[2024-10-08T05:35:16.965+0000] {sql.py:509} INFO - Running statement: 
    INSERT INTO books (title, authors, price, rating)
    VALUES (%s, %s, %s, %s)
    , parameters: ('Ace the Data Science Interview: 201 Real Interview Questions Asked By FAANG, Tech Startups, & Wall Street', 'Nick Singh', '42.', '4.5 out of 5 stars')
[2024-10-08T05:35:16.966+0000] {sql.py:518} INFO - Rows affected: 1
[2024-10-08T05:35:16.970+0000] {base.py:84} INFO - Retrieving connection 'books_connection'
[2024-10-08T05:35:16.974+0000] {sql.py:509} INFO - Running statement: 
    INSERT INTO books (title, authors, price, rating)
    VALUES (%s, %s, %s, %s)
    , parameters: ('Ace the Data Engineering Interview: Questions and Answers for Python, SQL, Data Modeling and More', 'Sean Coyne', '24.', '3.8 out of 5 stars')
[2024-10-08T05:35:16.976+0000] {sql.py:518} INFO - Rows affected: 1
[2024-10-08T05:35:16.995+0000] {base.py:84} INFO - Retrieving connection 'books_connection'
[2024-10-08T05:35:17.001+0000] {sql.py:509} INFO - Running statement: 
    INSERT INTO books (title, authors, price, rating)
    VALUES (%s, %s, %s, %s)
    , parameters: ('Data Engineering with Databricks Cookbook: Build effective data and AI solutions using Apache Spark, Databricks, and Delta Lake', 'Pulkit Chadha', '49.', '4.3 out of 5 stars')
[2024-10-08T05:35:17.003+0000] {sql.py:518} INFO - Rows affected: 1
[2024-10-08T05:35:17.011+0000] {base.py:84} INFO - Retrieving connection 'books_connection'
[2024-10-08T05:35:17.015+0000] {sql.py:509} INFO - Running statement: 
    INSERT INTO books (title, authors, price, rating)
    VALUES (%s, %s, %s, %s)
    , parameters: ('Software Engineering for Data Scientists: From Notebooks to Scalable Systems', 'Catherine Nelson', '51.', '4.4 out of 5 stars')
[2024-10-08T05:35:17.016+0000] {sql.py:518} INFO - Rows affected: 1
[2024-10-08T05:35:17.024+0000] {base.py:84} INFO - Retrieving connection 'books_connection'
[2024-10-08T05:35:17.028+0000] {sql.py:509} INFO - Running statement: 
    INSERT INTO books (title, authors, price, rating)
    VALUES (%s, %s, %s, %s)
    , parameters: ('Essentials of Data Engineering', 'Dr. Mukesh Saini', '19.', '5.0 out of 5 stars')
[2024-10-08T05:35:17.030+0000] {sql.py:518} INFO - Rows affected: 1
[2024-10-08T05:35:17.038+0000] {base.py:84} INFO - Retrieving connection 'books_connection'
[2024-10-08T05:35:17.046+0000] {sql.py:509} INFO - Running statement: 
    INSERT INTO books (title, authors, price, rating)
    VALUES (%s, %s, %s, %s)
    , parameters: ('Data Engineering with AWS: Learn how to design and build cloud-based data transformation pipelines using AWS', 'Gareth Eagar', '49.', '4.4 out of 5 stars')
[2024-10-08T05:35:17.050+0000] {sql.py:518} INFO - Rows affected: 1
[2024-10-08T05:35:17.063+0000] {base.py:84} INFO - Retrieving connection 'books_connection'
[2024-10-08T05:35:17.069+0000] {sql.py:509} INFO - Running statement: 
    INSERT INTO books (title, authors, price, rating)
    VALUES (%s, %s, %s, %s)
    , parameters: ('Data Engineering with Python cookbook: Learn to build efficient data pipelines using the Modern Cloud Data Stack', 'Adithyan Ramanujakootam', '32.', '5.0 out of 5 stars')
[2024-10-08T05:35:17.070+0000] {sql.py:518} INFO - Rows affected: 1
[2024-10-08T05:35:17.079+0000] {base.py:84} INFO - Retrieving connection 'books_connection'
[2024-10-08T05:35:17.085+0000] {sql.py:509} INFO - Running statement: 
    INSERT INTO books (title, authors, price, rating)
    VALUES (%s, %s, %s, %s)
    , parameters: ("Data Quality Fundamentals: A Practitioner's Guide to Building Trustworthy Data Pipelines", 'Paperback', '45.', '4.1 out of 5 stars')
[2024-10-08T05:35:17.087+0000] {sql.py:518} INFO - Rows affected: 1
[2024-10-08T05:35:17.097+0000] {base.py:84} INFO - Retrieving connection 'books_connection'
[2024-10-08T05:35:17.111+0000] {sql.py:509} INFO - Running statement: 
    INSERT INTO books (title, authors, price, rating)
    VALUES (%s, %s, %s, %s)
    , parameters: ('Data Engineering with Google Cloud Platform: A practical guide to operationalizing scalable data analytics systems on GCP', 'Adi Wijaya', '41.', '4.7 out of 5 stars')
[2024-10-08T05:35:17.116+0000] {sql.py:518} INFO - Rows affected: 1
[2024-10-08T05:35:17.137+0000] {base.py:84} INFO - Retrieving connection 'books_connection'
[2024-10-08T05:35:17.143+0000] {sql.py:509} INFO - Running statement: 
    INSERT INTO books (title, authors, price, rating)
    VALUES (%s, %s, %s, %s)
    , parameters: ('DATA ENGINEERING AND AI FOR BEGINNERS: Revolutionizing Data Processing and Analytics by Leveraging Artificial Intelligence for Efficient Input Collection, Storage, and Transformation (World of AI)', 'Paperback', '13.', '4.3 out of 5 stars')
[2024-10-08T05:35:17.145+0000] {sql.py:518} INFO - Rows affected: 1
[2024-10-08T05:35:17.151+0000] {base.py:84} INFO - Retrieving connection 'books_connection'
[2024-10-08T05:35:17.156+0000] {sql.py:509} INFO - Running statement: 
    INSERT INTO books (title, authors, price, rating)
    VALUES (%s, %s, %s, %s)
    , parameters: ('Fundamentals of Data Engineering: A Comprehensive Guide to Designing, Building, and Managing Data Pipelines, Storage Solutions, and Processing Frameworks.', 'Paperback', '14.', '5.0 out of 5 stars')
[2024-10-08T05:35:17.157+0000] {sql.py:518} INFO - Rows affected: 1
[2024-10-08T05:35:17.164+0000] {base.py:84} INFO - Retrieving connection 'books_connection'
[2024-10-08T05:35:17.168+0000] {sql.py:509} INFO - Running statement: 
    INSERT INTO books (title, authors, price, rating)
    VALUES (%s, %s, %s, %s)
    , parameters: ('Data Privacy: A runbook for engineers', 'Nishant Bhajaria', '35.', '4.8 out of 5 stars')
[2024-10-08T05:35:17.169+0000] {sql.py:518} INFO - Rows affected: 1
[2024-10-08T05:35:17.176+0000] {base.py:84} INFO - Retrieving connection 'books_connection'
[2024-10-08T05:35:17.179+0000] {sql.py:509} INFO - Running statement: 
    INSERT INTO books (title, authors, price, rating)
    VALUES (%s, %s, %s, %s)
    , parameters: ('Data Engineering Fundamentals for Beginners: Mastering the Art of Building, Managing, and Scaling Data Systems', 'Paperback', '14.', '5.0 out of 5 stars')
[2024-10-08T05:35:17.180+0000] {sql.py:518} INFO - Rows affected: 1
[2024-10-08T05:35:17.186+0000] {base.py:84} INFO - Retrieving connection 'books_connection'
[2024-10-08T05:35:17.190+0000] {sql.py:509} INFO - Running statement: 
    INSERT INTO books (title, authors, price, rating)
    VALUES (%s, %s, %s, %s)
    , parameters: ("Engineering Data Mesh in Azure Cloud: Implement data mesh using Microsoft Azure's Cloud Adoption Framework", 'Paperback', '47.', '4.5 out of 5 stars')
[2024-10-08T05:35:17.191+0000] {sql.py:518} INFO - Rows affected: 1
[2024-10-08T05:35:17.197+0000] {base.py:84} INFO - Retrieving connection 'books_connection'
[2024-10-08T05:35:17.200+0000] {sql.py:509} INFO - Running statement: 
    INSERT INTO books (title, authors, price, rating)
    VALUES (%s, %s, %s, %s)
    , parameters: ('Data Engineering with Apache Spark, Delta Lake, and Lakehouse: Create scalable pipelines that ingest, curate, and aggregate complex data in a timely and secure way', 'Manoj Kukreja', '46.', '3.9 out of 5 stars')
[2024-10-08T05:35:17.201+0000] {sql.py:518} INFO - Rows affected: 1
[2024-10-08T05:35:17.206+0000] {base.py:84} INFO - Retrieving connection 'books_connection'
[2024-10-08T05:35:17.209+0000] {sql.py:509} INFO - Running statement: 
    INSERT INTO books (title, authors, price, rating)
    VALUES (%s, %s, %s, %s)
    , parameters: ('Data-Driven Science and Engineering: Machine Learning, Dynamical Systems, and Control', 'Steven L. Brunton', '64.', '4.8 out of 5 stars')
[2024-10-08T05:35:17.209+0000] {sql.py:518} INFO - Rows affected: 1
[2024-10-08T05:35:17.215+0000] {base.py:84} INFO - Retrieving connection 'books_connection'
[2024-10-08T05:35:17.220+0000] {sql.py:509} INFO - Running statement: 
    INSERT INTO books (title, authors, price, rating)
    VALUES (%s, %s, %s, %s)
    , parameters: ('Data Engineering with Google Cloud Platform: A guide to leveling up as a data engineer by building a scalable data platform with Google Cloud', 'Adi Wijaya', '40.', '4.8 out of 5 stars')
[2024-10-08T05:35:17.222+0000] {sql.py:518} INFO - Rows affected: 1
[2024-10-08T05:35:17.232+0000] {base.py:84} INFO - Retrieving connection 'books_connection'
[2024-10-08T05:35:17.236+0000] {sql.py:509} INFO - Running statement: 
    INSERT INTO books (title, authors, price, rating)
    VALUES (%s, %s, %s, %s)
    , parameters: ("Data: Principles To Practice - Volume 1 'Foundations': Essential Foundations: Key Concepts behind Data Architecture, Engineering and Analysis for Professionals", 'Mr Alex Holloway', '12.', '4.6 out of 5 stars')
[2024-10-08T05:35:17.237+0000] {sql.py:518} INFO - Rows affected: 1
[2024-10-08T05:35:17.243+0000] {base.py:84} INFO - Retrieving connection 'books_connection'
[2024-10-08T05:35:17.248+0000] {sql.py:509} INFO - Running statement: 
    INSERT INTO books (title, authors, price, rating)
    VALUES (%s, %s, %s, %s)
    , parameters: ('Data Engineering with AWS', 'May Sherry', '14.', '5.0 out of 5 stars')
[2024-10-08T05:35:17.250+0000] {sql.py:518} INFO - Rows affected: 1
[2024-10-08T05:35:17.257+0000] {base.py:84} INFO - Retrieving connection 'books_connection'
[2024-10-08T05:35:17.260+0000] {sql.py:509} INFO - Running statement: 
    INSERT INTO books (title, authors, price, rating)
    VALUES (%s, %s, %s, %s)
    , parameters: ('Python Data Engineering Resources: Forge Your Path to Success in Data Engineering, Machine Learning and AI', 'Vajo Lukic', '0.', '4.9 out of 5 stars')
[2024-10-08T05:35:17.261+0000] {sql.py:518} INFO - Rows affected: 1
[2024-10-08T05:35:17.266+0000] {base.py:84} INFO - Retrieving connection 'books_connection'
[2024-10-08T05:35:17.269+0000] {sql.py:509} INFO - Running statement: 
    INSERT INTO books (title, authors, price, rating)
    VALUES (%s, %s, %s, %s)
    , parameters: ('97 Things Every Data Engineer Should Know: Collective Wisdom from the Experts', 'Tobias Macey', '28.', '4.1 out of 5 stars')
[2024-10-08T05:35:17.270+0000] {sql.py:518} INFO - Rows affected: 1
[2024-10-08T05:35:17.274+0000] {base.py:84} INFO - Retrieving connection 'books_connection'
[2024-10-08T05:35:17.277+0000] {sql.py:509} INFO - Running statement: 
    INSERT INTO books (title, authors, price, rating)
    VALUES (%s, %s, %s, %s)
    , parameters: ('Analytics Engineering with SQL and dbt: Building Meaningful Data Models at Scale', 'Rui Pedro Machado', '41.', '3.9 out of 5 stars')
[2024-10-08T05:35:17.278+0000] {sql.py:518} INFO - Rows affected: 1
[2024-10-08T05:35:17.282+0000] {base.py:84} INFO - Retrieving connection 'books_connection'
[2024-10-08T05:35:17.285+0000] {sql.py:509} INFO - Running statement: 
    INSERT INTO books (title, authors, price, rating)
    VALUES (%s, %s, %s, %s)
    , parameters: ('Data Engineering with Scala and Spark: Build streaming and batch pipelines that process massive amounts of data using Scala', 'Eric Tome', '29.', '4.1 out of 5 stars')
[2024-10-08T05:35:17.286+0000] {sql.py:518} INFO - Rows affected: 1
[2024-10-08T05:35:17.290+0000] {base.py:84} INFO - Retrieving connection 'books_connection'
[2024-10-08T05:35:17.292+0000] {sql.py:509} INFO - Running statement: 
    INSERT INTO books (title, authors, price, rating)
    VALUES (%s, %s, %s, %s)
    , parameters: ('Storytelling with Data: A Data Visualization Guide for Business Professionals', 'Cole Nussbaumer Knaflic', '27.', '4.6 out of 5 stars')
[2024-10-08T05:35:17.293+0000] {sql.py:518} INFO - Rows affected: 1
[2024-10-08T05:35:17.297+0000] {base.py:84} INFO - Retrieving connection 'books_connection'
[2024-10-08T05:35:17.300+0000] {sql.py:509} INFO - Running statement: 
    INSERT INTO books (title, authors, price, rating)
    VALUES (%s, %s, %s, %s)
    , parameters: ('Data Mesh: Delivering Data-Driven Value at Scale', 'Zhamak Dehghani', '43.', '4.5 out of 5 stars')
[2024-10-08T05:35:17.300+0000] {sql.py:518} INFO - Rows affected: 1
[2024-10-08T05:35:17.306+0000] {base.py:84} INFO - Retrieving connection 'books_connection'
[2024-10-08T05:35:17.310+0000] {sql.py:509} INFO - Running statement: 
    INSERT INTO books (title, authors, price, rating)
    VALUES (%s, %s, %s, %s)
    , parameters: ('Data Engineering 101', 'Kindle', '0.', '3.9 out of 5 stars')
[2024-10-08T05:35:17.311+0000] {sql.py:518} INFO - Rows affected: 1
[2024-10-08T05:35:17.316+0000] {base.py:84} INFO - Retrieving connection 'books_connection'
[2024-10-08T05:35:17.321+0000] {sql.py:509} INFO - Running statement: 
    INSERT INTO books (title, authors, price, rating)
    VALUES (%s, %s, %s, %s)
    , parameters: ('Data Modeling with Snowflake: A practical guide to accelerating Snowflake development using universal data modeling techniques', 'Serge Gershkovich', '36.', '4.8 out of 5 stars')
[2024-10-08T05:35:17.323+0000] {sql.py:518} INFO - Rows affected: 1
[2024-10-08T05:35:17.332+0000] {base.py:84} INFO - Retrieving connection 'books_connection'
[2024-10-08T05:35:17.336+0000] {sql.py:509} INFO - Running statement: 
    INSERT INTO books (title, authors, price, rating)
    VALUES (%s, %s, %s, %s)
    , parameters: ('Official Google Cloud Certified Professional Data Engineer Study Guide', 'Dan Sullivan', '33.', '4.5 out of 5 stars')
[2024-10-08T05:35:17.337+0000] {sql.py:518} INFO - Rows affected: 1
[2024-10-08T05:35:17.344+0000] {base.py:84} INFO - Retrieving connection 'books_connection'
[2024-10-08T05:35:17.347+0000] {sql.py:509} INFO - Running statement: 
    INSERT INTO books (title, authors, price, rating)
    VALUES (%s, %s, %s, %s)
    , parameters: ('Machine Learning Engineering', 'Andriy Burkov', '39.', '4.7 out of 5 stars')
[2024-10-08T05:35:17.348+0000] {sql.py:518} INFO - Rows affected: 1
[2024-10-08T05:35:17.353+0000] {base.py:84} INFO - Retrieving connection 'books_connection'
[2024-10-08T05:35:17.356+0000] {sql.py:509} INFO - Running statement: 
    INSERT INTO books (title, authors, price, rating)
    VALUES (%s, %s, %s, %s)
    , parameters: ('Fundamentals of Data Observability: Implement Trustworthy End-to-End Data Solutions', 'Andy Petrella', '36.', '4.0 out of 5 stars')
[2024-10-08T05:35:17.357+0000] {sql.py:518} INFO - Rows affected: 1
[2024-10-08T05:35:17.362+0000] {base.py:84} INFO - Retrieving connection 'books_connection'
[2024-10-08T05:35:17.365+0000] {sql.py:509} INFO - Running statement: 
    INSERT INTO books (title, authors, price, rating)
    VALUES (%s, %s, %s, %s)
    , parameters: ('Modern Data Engineering with Apache Spark: A Hands-On Guide for Building Mission-Critical Streaming Applications', 'Scott Haines', '29.', '4.1 out of 5 stars')
[2024-10-08T05:35:17.366+0000] {sql.py:518} INFO - Rows affected: 1
[2024-10-08T05:35:17.371+0000] {base.py:84} INFO - Retrieving connection 'books_connection'
[2024-10-08T05:35:17.373+0000] {sql.py:509} INFO - Running statement: 
    INSERT INTO books (title, authors, price, rating)
    VALUES (%s, %s, %s, %s)
    , parameters: ('Python Feature Engineering Cookbook: A complete guide to crafting powerful features for your machine learning models', 'Soledad Galli', '44.', '5.0 out of 5 stars')
[2024-10-08T05:35:17.374+0000] {sql.py:518} INFO - Rows affected: 1
[2024-10-08T05:35:17.379+0000] {base.py:84} INFO - Retrieving connection 'books_connection'
[2024-10-08T05:35:17.381+0000] {sql.py:509} INFO - Running statement: 
    INSERT INTO books (title, authors, price, rating)
    VALUES (%s, %s, %s, %s)
    , parameters: ('Data Engineering with Databricks', 'Kindle', '0.', '3.4 out of 5 stars')
[2024-10-08T05:35:17.382+0000] {sql.py:518} INFO - Rows affected: 1
[2024-10-08T05:35:17.387+0000] {base.py:84} INFO - Retrieving connection 'books_connection'
[2024-10-08T05:35:17.390+0000] {sql.py:509} INFO - Running statement: 
    INSERT INTO books (title, authors, price, rating)
    VALUES (%s, %s, %s, %s)
    , parameters: ('Azure Data Factory by Example: Practical Implementation for Data Engineers', 'Richard Swinbank', '33.', '4.2 out of 5 stars')
[2024-10-08T05:35:17.391+0000] {sql.py:518} INFO - Rows affected: 1
[2024-10-08T05:35:17.396+0000] {base.py:84} INFO - Retrieving connection 'books_connection'
[2024-10-08T05:35:17.398+0000] {sql.py:509} INFO - Running statement: 
    INSERT INTO books (title, authors, price, rating)
    VALUES (%s, %s, %s, %s)
    , parameters: ('Data Quality Engineering in Financial Services: Applying Manufacturing Techniques to Data', 'Brian Buzzelli', '30.', '4.4 out of 5 stars')
[2024-10-08T05:35:17.399+0000] {sql.py:518} INFO - Rows affected: 1
[2024-10-08T05:35:17.404+0000] {base.py:84} INFO - Retrieving connection 'books_connection'
[2024-10-08T05:35:17.408+0000] {sql.py:509} INFO - Running statement: 
    INSERT INTO books (title, authors, price, rating)
    VALUES (%s, %s, %s, %s)
    , parameters: ('Prompt Engineering for Generative AI: Future-Proof Inputs for Reliable AI Outputs', 'James Phoenix', '53.', '4.5 out of 5 stars')
[2024-10-08T05:35:17.409+0000] {sql.py:518} INFO - Rows affected: 1
[2024-10-08T05:35:17.415+0000] {base.py:84} INFO - Retrieving connection 'books_connection'
[2024-10-08T05:35:17.418+0000] {sql.py:509} INFO - Running statement: 
    INSERT INTO books (title, authors, price, rating)
    VALUES (%s, %s, %s, %s)
    , parameters: ('Data Observability for Data Engineering: Proactive strategies for ensuring data accuracy and addressing broken data pipelines', 'Michele Pinto', '18.', '3.7 out of 5 stars')
[2024-10-08T05:35:17.419+0000] {sql.py:518} INFO - Rows affected: 1
[2024-10-08T05:35:17.424+0000] {base.py:84} INFO - Retrieving connection 'books_connection'
[2024-10-08T05:35:17.434+0000] {sql.py:509} INFO - Running statement: 
    INSERT INTO books (title, authors, price, rating)
    VALUES (%s, %s, %s, %s)
    , parameters: ('Better Data Visualizations: A Guide for Scholars, Researchers, and Wonks', 'Jonathan Schwabish', '26.', '4.5 out of 5 stars')
[2024-10-08T05:35:17.437+0000] {sql.py:518} INFO - Rows affected: 1
[2024-10-08T05:35:17.450+0000] {base.py:84} INFO - Retrieving connection 'books_connection'
[2024-10-08T05:35:17.457+0000] {sql.py:509} INFO - Running statement: 
    INSERT INTO books (title, authors, price, rating)
    VALUES (%s, %s, %s, %s)
    , parameters: ("Applied Machine Learning and AI for Engineers: Solve Business Problems That Can't Be Solved Algorithmically", 'Jeff Prosise', '73.', '4.5 out of 5 stars')
[2024-10-08T05:35:17.459+0000] {sql.py:518} INFO - Rows affected: 1
[2024-10-08T05:35:17.460+0000] {python.py:240} INFO - Done. Returned value was: None
[2024-10-08T05:35:17.473+0000] {taskinstance.py:340} INFO - ::group::Post task execution logs
[2024-10-08T05:35:17.474+0000] {taskinstance.py:352} INFO - Marking task as SUCCESS. dag_id=fetch_and_store_amazon_books, task_id=insert_book_data, run_id=scheduled__2024-10-07T00:00:00+00:00, execution_date=20241007T000000, start_date=20241008T053516, end_date=20241008T053517
[2024-10-08T05:35:17.485+0000] {logging_mixin.py:190} INFO - Task instance in success state
[2024-10-08T05:35:17.486+0000] {logging_mixin.py:190} INFO -  Previous state of the Task instance: running
[2024-10-08T05:35:17.486+0000] {logging_mixin.py:190} INFO - Dag name:fetch_and_store_amazon_books queued_at:2024-10-08 05:35:00.884671+00:00
[2024-10-08T05:35:17.487+0000] {logging_mixin.py:190} INFO - Task hostname:475658bd4f83 operator:PythonOperator
[2024-10-08T05:35:17.539+0000] {local_task_job_runner.py:261} INFO - Task exited with return code 0
[2024-10-08T05:35:17.589+0000] {taskinstance.py:3891} INFO - 0 downstream tasks scheduled from follow-on schedule check
[2024-10-08T05:35:17.591+0000] {local_task_job_runner.py:240} INFO - ::endgroup::
