[2024-10-08T05:19:29.465+0000] {local_task_job_runner.py:123} INFO - ::group::Pre task execution logs
[2024-10-08T05:19:29.510+0000] {taskinstance.py:2603} INFO - Dependencies all met for dep_context=non-requeueable deps ti=<TaskInstance: fetch_and_store_amazon_books.fetch_book_data scheduled__2024-08-01T00:00:00+00:00 [queued]>
[2024-10-08T05:19:29.527+0000] {taskinstance.py:2603} INFO - Dependencies all met for dep_context=requeueable deps ti=<TaskInstance: fetch_and_store_amazon_books.fetch_book_data scheduled__2024-08-01T00:00:00+00:00 [queued]>
[2024-10-08T05:19:29.528+0000] {taskinstance.py:2856} INFO - Starting attempt 1 of 2
[2024-10-08T05:19:29.593+0000] {taskinstance.py:2879} INFO - Executing <Task(PythonOperator): fetch_book_data> on 2024-08-01 00:00:00+00:00
[2024-10-08T05:19:29.622+0000] {warnings.py:112} WARNING - /home/***/.local/lib/python3.12/site-packages/***/task/task_runner/standard_task_runner.py:70: DeprecationWarning: This process (pid=1441) is multi-threaded, use of fork() may lead to deadlocks in the child.
  pid = os.fork()

[2024-10-08T05:19:29.629+0000] {standard_task_runner.py:72} INFO - Started process 1445 to run task
[2024-10-08T05:19:29.644+0000] {standard_task_runner.py:104} INFO - Running: ['***', 'tasks', 'run', 'fetch_and_store_amazon_books', 'fetch_book_data', 'scheduled__2024-08-01T00:00:00+00:00', '--job-id', '73', '--raw', '--subdir', 'DAGS_FOLDER/app.py', '--cfg-path', '/tmp/tmpvqy0naxb']
[2024-10-08T05:19:29.650+0000] {standard_task_runner.py:105} INFO - Job 73: Subtask fetch_book_data
[2024-10-08T05:19:29.815+0000] {task_command.py:467} INFO - Running <TaskInstance: fetch_and_store_amazon_books.fetch_book_data scheduled__2024-08-01T00:00:00+00:00 [running]> on host a344f6bef387
[2024-10-08T05:19:30.092+0000] {taskinstance.py:3122} INFO - Exporting env vars: AIRFLOW_CTX_DAG_OWNER='***' AIRFLOW_CTX_DAG_ID='fetch_and_store_amazon_books' AIRFLOW_CTX_TASK_ID='fetch_book_data' AIRFLOW_CTX_EXECUTION_DATE='2024-08-01T00:00:00+00:00' AIRFLOW_CTX_TRY_NUMBER='1' AIRFLOW_CTX_DAG_RUN_ID='scheduled__2024-08-01T00:00:00+00:00'
[2024-10-08T05:19:30.098+0000] {logging_mixin.py:190} INFO - Task instance is in running state
[2024-10-08T05:19:30.099+0000] {logging_mixin.py:190} INFO -  Previous state of the Task instance: queued
[2024-10-08T05:19:30.099+0000] {logging_mixin.py:190} INFO - Current task name:fetch_book_data state:running start_date:2024-10-08 05:19:29.511691+00:00
[2024-10-08T05:19:30.100+0000] {logging_mixin.py:190} INFO - Dag name:fetch_and_store_amazon_books and current dag run status:running
[2024-10-08T05:19:30.100+0000] {taskinstance.py:731} INFO - ::endgroup::
[2024-10-08T05:19:51.661+0000] {job.py:229} INFO - Heartbeat recovered after 22.36 seconds
[2024-10-08T05:19:51.915+0000] {python.py:240} INFO - Done. Returned value was: None
[2024-10-08T05:19:52.068+0000] {taskinstance.py:340} INFO - ::group::Post task execution logs
[2024-10-08T05:19:52.071+0000] {taskinstance.py:352} INFO - Marking task as SUCCESS. dag_id=fetch_and_store_amazon_books, task_id=fetch_book_data, run_id=scheduled__2024-08-01T00:00:00+00:00, execution_date=20240801T000000, start_date=20241008T051929, end_date=20241008T051952
[2024-10-08T05:19:52.298+0000] {logging_mixin.py:190} INFO - Task instance in success state
[2024-10-08T05:19:52.308+0000] {logging_mixin.py:190} INFO -  Previous state of the Task instance: running
[2024-10-08T05:19:52.314+0000] {logging_mixin.py:190} INFO - Dag name:fetch_and_store_amazon_books queued_at:2024-10-08 05:19:11.014605+00:00
[2024-10-08T05:19:52.318+0000] {logging_mixin.py:190} INFO - Task hostname:a344f6bef387 operator:PythonOperator
[2024-10-08T05:19:52.426+0000] {local_task_job_runner.py:261} INFO - Task exited with return code 0
[2024-10-08T05:19:52.705+0000] {warnings.py:112} WARNING - /home/***/.local/lib/python3.12/site-packages/***/models/baseoperator.py:1378: AirflowProviderDeprecationWarning: Call to deprecated class PostgresOperator. (Please use `***.providers.common.sql.operators.sql.SQLExecuteQueryOperator`.Also, you can provide `hook_params={'schema': <database>}`.)
  result = cls.__new__(cls)

[2024-10-08T05:19:52.789+0000] {taskinstance.py:3891} INFO - 1 downstream tasks scheduled from follow-on schedule check
[2024-10-08T05:19:52.800+0000] {local_task_job_runner.py:240} INFO - ::endgroup::
