[2024-10-08T05:24:01.758+0000] {local_task_job_runner.py:123} INFO - ::group::Pre task execution logs
[2024-10-08T05:24:01.858+0000] {taskinstance.py:2603} INFO - Dependencies all met for dep_context=non-requeueable deps ti=<TaskInstance: fetch_and_store_amazon_books.create_table scheduled__2024-07-21T00:00:00+00:00 [queued]>
[2024-10-08T05:24:01.869+0000] {taskinstance.py:2603} INFO - Dependencies all met for dep_context=requeueable deps ti=<TaskInstance: fetch_and_store_amazon_books.create_table scheduled__2024-07-21T00:00:00+00:00 [queued]>
[2024-10-08T05:24:01.870+0000] {taskinstance.py:2856} INFO - Starting attempt 1 of 2
[2024-10-08T05:24:01.909+0000] {taskinstance.py:2879} INFO - Executing <Task(PostgresOperator): create_table> on 2024-07-21 00:00:00+00:00
[2024-10-08T05:24:01.918+0000] {warnings.py:112} WARNING - /home/***/.local/lib/python3.12/site-packages/***/task/task_runner/standard_task_runner.py:70: DeprecationWarning: This process (pid=100) is multi-threaded, use of fork() may lead to deadlocks in the child.
  pid = os.fork()

[2024-10-08T05:24:01.922+0000] {standard_task_runner.py:72} INFO - Started process 145 to run task
[2024-10-08T05:24:01.924+0000] {standard_task_runner.py:104} INFO - Running: ['***', 'tasks', 'run', 'fetch_and_store_amazon_books', 'create_table', 'scheduled__2024-07-21T00:00:00+00:00', '--job-id', '93', '--raw', '--subdir', 'DAGS_FOLDER/app.py', '--cfg-path', '/tmp/tmp_088ftjc']
[2024-10-08T05:24:01.926+0000] {standard_task_runner.py:105} INFO - Job 93: Subtask create_table
[2024-10-08T05:24:02.105+0000] {task_command.py:467} INFO - Running <TaskInstance: fetch_and_store_amazon_books.create_table scheduled__2024-07-21T00:00:00+00:00 [running]> on host 947926f81760
[2024-10-08T05:24:02.621+0000] {taskinstance.py:3122} INFO - Exporting env vars: AIRFLOW_CTX_DAG_OWNER='***' AIRFLOW_CTX_DAG_ID='fetch_and_store_amazon_books' AIRFLOW_CTX_TASK_ID='create_table' AIRFLOW_CTX_EXECUTION_DATE='2024-07-21T00:00:00+00:00' AIRFLOW_CTX_TRY_NUMBER='1' AIRFLOW_CTX_DAG_RUN_ID='scheduled__2024-07-21T00:00:00+00:00'
[2024-10-08T05:24:02.634+0000] {logging_mixin.py:190} INFO - Task instance is in running state
[2024-10-08T05:24:02.635+0000] {logging_mixin.py:190} INFO -  Previous state of the Task instance: queued
[2024-10-08T05:24:02.635+0000] {logging_mixin.py:190} INFO - Current task name:create_table state:running start_date:2024-10-08 05:24:01.858757+00:00
[2024-10-08T05:24:02.636+0000] {logging_mixin.py:190} INFO - Dag name:fetch_and_store_amazon_books and current dag run status:running
[2024-10-08T05:24:02.637+0000] {taskinstance.py:731} INFO - ::endgroup::
[2024-10-08T05:24:02.638+0000] {sql.py:282} INFO - Executing: 
    CREATE TABLE IF NOT EXISTS books (
        id SERIAL PRIMARY KEY,
        title TEXT NOT NULL,
        authors TEXT,
        price TEXT,
        rating TEXT
    );
    
[2024-10-08T05:24:02.792+0000] {base.py:84} INFO - Retrieving connection 'books_connection'
[2024-10-08T05:24:02.995+0000] {base.py:84} INFO - Retrieving connection 'books_connection'
[2024-10-08T05:24:03.122+0000] {sql.py:509} INFO - Running statement: 
    CREATE TABLE IF NOT EXISTS books (
        id SERIAL PRIMARY KEY,
        title TEXT NOT NULL,
        authors TEXT,
        price TEXT,
        rating TEXT
    );
    , parameters: None
[2024-10-08T05:24:03.317+0000] {taskinstance.py:340} INFO - ::group::Post task execution logs
[2024-10-08T05:24:03.330+0000] {taskinstance.py:352} INFO - Marking task as SUCCESS. dag_id=fetch_and_store_amazon_books, task_id=create_table, run_id=scheduled__2024-07-21T00:00:00+00:00, execution_date=20240721T000000, start_date=20241008T052401, end_date=20241008T052403
[2024-10-08T05:24:03.458+0000] {logging_mixin.py:190} INFO - Task instance in success state
[2024-10-08T05:24:03.464+0000] {logging_mixin.py:190} INFO -  Previous state of the Task instance: running
[2024-10-08T05:24:03.468+0000] {logging_mixin.py:190} INFO - Dag name:fetch_and_store_amazon_books queued_at:2024-10-08 05:16:32.219570+00:00
[2024-10-08T05:24:03.469+0000] {logging_mixin.py:190} INFO - Task hostname:947926f81760 operator:PostgresOperator
[2024-10-08T05:24:03.526+0000] {local_task_job_runner.py:261} INFO - Task exited with return code 0
[2024-10-08T05:24:03.982+0000] {local_task_job_runner.py:240} INFO - ::endgroup::
