[2024-10-08T05:43:40.547+0000] {local_task_job_runner.py:123} INFO - ::group::Pre task execution logs
[2024-10-08T05:43:40.558+0000] {taskinstance.py:2603} INFO - Dependencies all met for dep_context=non-requeueable deps ti=<TaskInstance: fetch_and_store_amazon_books.insert_book_data scheduled__2024-08-16T00:00:00+00:00 [queued]>
[2024-10-08T05:43:40.563+0000] {taskinstance.py:2603} INFO - Dependencies all met for dep_context=requeueable deps ti=<TaskInstance: fetch_and_store_amazon_books.insert_book_data scheduled__2024-08-16T00:00:00+00:00 [queued]>
[2024-10-08T05:43:40.563+0000] {taskinstance.py:2856} INFO - Starting attempt 1 of 2
[2024-10-08T05:43:40.572+0000] {taskinstance.py:2879} INFO - Executing <Task(PythonOperator): insert_book_data> on 2024-08-16 00:00:00+00:00
[2024-10-08T05:43:40.579+0000] {warnings.py:112} WARNING - /home/***/.local/lib/python3.12/site-packages/***/task/task_runner/standard_task_runner.py:70: DeprecationWarning: This process (pid=87) is multi-threaded, use of fork() may lead to deadlocks in the child.
  pid = os.fork()

[2024-10-08T05:43:40.582+0000] {standard_task_runner.py:72} INFO - Started process 89 to run task
[2024-10-08T05:43:40.581+0000] {standard_task_runner.py:104} INFO - Running: ['***', 'tasks', 'run', 'fetch_and_store_amazon_books', 'insert_book_data', 'scheduled__2024-08-16T00:00:00+00:00', '--job-id', '318', '--raw', '--subdir', 'DAGS_FOLDER/app.py', '--cfg-path', '/tmp/tmpq25i75v3']
[2024-10-08T05:43:40.584+0000] {standard_task_runner.py:105} INFO - Job 318: Subtask insert_book_data
[2024-10-08T05:43:40.654+0000] {task_command.py:467} INFO - Running <TaskInstance: fetch_and_store_amazon_books.insert_book_data scheduled__2024-08-16T00:00:00+00:00 [running]> on host 475658bd4f83
[2024-10-08T05:43:40.695+0000] {taskinstance.py:3122} INFO - Exporting env vars: AIRFLOW_CTX_DAG_OWNER='***' AIRFLOW_CTX_DAG_ID='fetch_and_store_amazon_books' AIRFLOW_CTX_TASK_ID='insert_book_data' AIRFLOW_CTX_EXECUTION_DATE='2024-08-16T00:00:00+00:00' AIRFLOW_CTX_TRY_NUMBER='1' AIRFLOW_CTX_DAG_RUN_ID='scheduled__2024-08-16T00:00:00+00:00'
[2024-10-08T05:43:40.696+0000] {logging_mixin.py:190} INFO - Task instance is in running state
[2024-10-08T05:43:40.696+0000] {logging_mixin.py:190} INFO -  Previous state of the Task instance: queued
[2024-10-08T05:43:40.696+0000] {logging_mixin.py:190} INFO - Current task name:insert_book_data state:running start_date:2024-10-08 05:43:40.558367+00:00
[2024-10-08T05:43:40.697+0000] {logging_mixin.py:190} INFO - Dag name:fetch_and_store_amazon_books and current dag run status:running
[2024-10-08T05:43:40.697+0000] {taskinstance.py:731} INFO - ::endgroup::
[2024-10-08T05:43:40.706+0000] {base.py:84} INFO - Retrieving connection 'books_connection'
[2024-10-08T05:43:40.708+0000] {sql.py:509} INFO - Running statement: 
    INSERT INTO books (title, authors, price, rating)
    VALUES (%s, %s, %s, %s)
    , parameters: ('Data Engineering with AWS - Second Edition: Acquire the skills to design and build AWS-based data transformation pipelines like a pro', 'Gareth Eagar', '41.', '4.4 out of 5 stars')
[2024-10-08T05:43:40.709+0000] {sql.py:518} INFO - Rows affected: 1
[2024-10-08T05:43:40.712+0000] {base.py:84} INFO - Retrieving connection 'books_connection'
[2024-10-08T05:43:40.714+0000] {sql.py:509} INFO - Running statement: 
    INSERT INTO books (title, authors, price, rating)
    VALUES (%s, %s, %s, %s)
    , parameters: ('Azure Data Engineer Associate Certification Guide: Ace the DP-203 exam with advanced data engineering skills', 'Giacinto Palmieri', '49.', '4.4 out of 5 stars')
[2024-10-08T05:43:40.714+0000] {sql.py:518} INFO - Rows affected: 1
[2024-10-08T05:43:40.718+0000] {base.py:84} INFO - Retrieving connection 'books_connection'
[2024-10-08T05:43:40.719+0000] {sql.py:509} INFO - Running statement: 
    INSERT INTO books (title, authors, price, rating)
    VALUES (%s, %s, %s, %s)
    , parameters: ('Fundamentals of Data Engineering: Plan and Build Robust Data Systems', 'Joe Reis', '25.', '4.7 out of 5 stars')
[2024-10-08T05:43:40.720+0000] {sql.py:518} INFO - Rows affected: 1
[2024-10-08T05:43:40.723+0000] {base.py:84} INFO - Retrieving connection 'books_connection'
[2024-10-08T05:43:40.725+0000] {sql.py:509} INFO - Running statement: 
    INSERT INTO books (title, authors, price, rating)
    VALUES (%s, %s, %s, %s)
    , parameters: ('Designing Data-Intensive Applications: The Big Ideas Behind Reliable, Scalable, and Maintainable Systems', 'Martin Kleppmann', '55.', '4.7 out of 5 stars')
[2024-10-08T05:43:40.725+0000] {sql.py:518} INFO - Rows affected: 1
[2024-10-08T05:43:40.728+0000] {base.py:84} INFO - Retrieving connection 'books_connection'
[2024-10-08T05:43:40.729+0000] {sql.py:509} INFO - Running statement: 
    INSERT INTO books (title, authors, price, rating)
    VALUES (%s, %s, %s, %s)
    , parameters: ("Ultimate Data Engineering with Databricks: Develop Scalable Data Pipelines Using Data Engineering's Core Tenets Such as Delta Tables, Ingestion, ... Security, and Scalability (English Edition)", 'Mayank Malhotra', '37.', '4.1 out of 5 stars')
[2024-10-08T05:43:40.730+0000] {sql.py:518} INFO - Rows affected: 1
[2024-10-08T05:43:40.733+0000] {base.py:84} INFO - Retrieving connection 'books_connection'
[2024-10-08T05:43:40.734+0000] {sql.py:509} INFO - Running statement: 
    INSERT INTO books (title, authors, price, rating)
    VALUES (%s, %s, %s, %s)
    , parameters: ('Fundamentals of Data Analytics: Learn Essential Skills, Embrace the Future, and Catapult Your Career in the Data-Driven World—A Comprehensive Guide to Data Literacy for Beginners', 'Russell Dawson', '17.', '4.8 out of 5 stars')
[2024-10-08T05:43:40.735+0000] {sql.py:518} INFO - Rows affected: 1
[2024-10-08T05:43:40.738+0000] {base.py:84} INFO - Retrieving connection 'books_connection'
[2024-10-08T05:43:40.740+0000] {sql.py:509} INFO - Running statement: 
    INSERT INTO books (title, authors, price, rating)
    VALUES (%s, %s, %s, %s)
    , parameters: ("Azure Data Factory Cookbook: A data engineer's guide to building and managing ETL and ELT pipelines with data integration", 'Dmitry Foshin', '51.', '4.2 out of 5 stars')
[2024-10-08T05:43:40.740+0000] {sql.py:518} INFO - Rows affected: 1
[2024-10-08T05:43:40.743+0000] {base.py:84} INFO - Retrieving connection 'books_connection'
[2024-10-08T05:43:40.745+0000] {sql.py:509} INFO - Running statement: 
    INSERT INTO books (title, authors, price, rating)
    VALUES (%s, %s, %s, %s)
    , parameters: ('Data Engineering with dbt: A practical guide to building a cloud-based, pragmatic, and dependable data platform with SQL', 'Roberto Zagni', '37.', '4.6 out of 5 stars')
[2024-10-08T05:43:40.746+0000] {sql.py:518} INFO - Rows affected: 1
[2024-10-08T05:43:40.749+0000] {base.py:84} INFO - Retrieving connection 'books_connection'
[2024-10-08T05:43:40.752+0000] {sql.py:509} INFO - Running statement: 
    INSERT INTO books (title, authors, price, rating)
    VALUES (%s, %s, %s, %s)
    , parameters: ('Data Engineering with Python: Work with massive datasets to design data models and automate data pipelines using Python', 'Paul Crickard', '37.', '4.1 out of 5 stars')
[2024-10-08T05:43:40.752+0000] {sql.py:518} INFO - Rows affected: 1
[2024-10-08T05:43:40.756+0000] {base.py:84} INFO - Retrieving connection 'books_connection'
[2024-10-08T05:43:40.758+0000] {sql.py:509} INFO - Running statement: 
    INSERT INTO books (title, authors, price, rating)
    VALUES (%s, %s, %s, %s)
    , parameters: ('Cracking the Data Engineering Interview: Land your dream job with the help of resume-building tips, over 100 mock questions, and a unique portfolio', 'Kedeisha Bryan', '26.', '4.4 out of 5 stars')
[2024-10-08T05:43:40.759+0000] {sql.py:518} INFO - Rows affected: 1
[2024-10-08T05:43:40.763+0000] {base.py:84} INFO - Retrieving connection 'books_connection'
[2024-10-08T05:43:40.766+0000] {sql.py:509} INFO - Running statement: 
    INSERT INTO books (title, authors, price, rating)
    VALUES (%s, %s, %s, %s)
    , parameters: ('Data Pipelines Pocket Reference: Moving and Processing Data for Analytics', 'James Densmore', '17.', '4.5 out of 5 stars')
[2024-10-08T05:43:40.768+0000] {sql.py:518} INFO - Rows affected: 1
[2024-10-08T05:43:40.778+0000] {base.py:84} INFO - Retrieving connection 'books_connection'
[2024-10-08T05:43:40.785+0000] {sql.py:509} INFO - Running statement: 
    INSERT INTO books (title, authors, price, rating)
    VALUES (%s, %s, %s, %s)
    , parameters: ('Ace the Data Science Interview: 201 Real Interview Questions Asked By FAANG, Tech Startups, & Wall Street', 'Nick Singh', '42.', '4.5 out of 5 stars')
[2024-10-08T05:43:40.787+0000] {sql.py:518} INFO - Rows affected: 1
[2024-10-08T05:43:40.791+0000] {base.py:84} INFO - Retrieving connection 'books_connection'
[2024-10-08T05:43:40.794+0000] {sql.py:509} INFO - Running statement: 
    INSERT INTO books (title, authors, price, rating)
    VALUES (%s, %s, %s, %s)
    , parameters: ('Ace the Data Engineering Interview: Questions and Answers for Python, SQL, Data Modeling and More', 'Sean Coyne', '24.', '3.8 out of 5 stars')
[2024-10-08T05:43:40.794+0000] {sql.py:518} INFO - Rows affected: 1
[2024-10-08T05:43:40.809+0000] {base.py:84} INFO - Retrieving connection 'books_connection'
[2024-10-08T05:43:40.812+0000] {sql.py:509} INFO - Running statement: 
    INSERT INTO books (title, authors, price, rating)
    VALUES (%s, %s, %s, %s)
    , parameters: ('Data Engineering with Databricks Cookbook: Build effective data and AI solutions using Apache Spark, Databricks, and Delta Lake', 'Pulkit Chadha', '49.', '4.3 out of 5 stars')
[2024-10-08T05:43:40.813+0000] {sql.py:518} INFO - Rows affected: 1
[2024-10-08T05:43:40.821+0000] {base.py:84} INFO - Retrieving connection 'books_connection'
[2024-10-08T05:43:40.823+0000] {sql.py:509} INFO - Running statement: 
    INSERT INTO books (title, authors, price, rating)
    VALUES (%s, %s, %s, %s)
    , parameters: ('Software Engineering for Data Scientists: From Notebooks to Scalable Systems', 'Catherine Nelson', '51.', '4.4 out of 5 stars')
[2024-10-08T05:43:40.824+0000] {sql.py:518} INFO - Rows affected: 1
[2024-10-08T05:43:40.829+0000] {base.py:84} INFO - Retrieving connection 'books_connection'
[2024-10-08T05:43:40.831+0000] {sql.py:509} INFO - Running statement: 
    INSERT INTO books (title, authors, price, rating)
    VALUES (%s, %s, %s, %s)
    , parameters: ('Essentials of Data Engineering', 'Dr. Mukesh Saini', '19.', '5.0 out of 5 stars')
[2024-10-08T05:43:40.832+0000] {sql.py:518} INFO - Rows affected: 1
[2024-10-08T05:43:40.837+0000] {base.py:84} INFO - Retrieving connection 'books_connection'
[2024-10-08T05:43:40.839+0000] {sql.py:509} INFO - Running statement: 
    INSERT INTO books (title, authors, price, rating)
    VALUES (%s, %s, %s, %s)
    , parameters: ('Data Engineering with AWS: Learn how to design and build cloud-based data transformation pipelines using AWS', 'Gareth Eagar', '49.', '4.4 out of 5 stars')
[2024-10-08T05:43:40.840+0000] {sql.py:518} INFO - Rows affected: 1
[2024-10-08T05:43:40.844+0000] {base.py:84} INFO - Retrieving connection 'books_connection'
[2024-10-08T05:43:40.847+0000] {sql.py:509} INFO - Running statement: 
    INSERT INTO books (title, authors, price, rating)
    VALUES (%s, %s, %s, %s)
    , parameters: ('Data Engineering with Python cookbook: Learn to build efficient data pipelines using the Modern Cloud Data Stack', 'Adithyan Ramanujakootam', '32.', '5.0 out of 5 stars')
[2024-10-08T05:43:40.848+0000] {sql.py:518} INFO - Rows affected: 1
[2024-10-08T05:43:40.855+0000] {base.py:84} INFO - Retrieving connection 'books_connection'
[2024-10-08T05:43:40.860+0000] {sql.py:509} INFO - Running statement: 
    INSERT INTO books (title, authors, price, rating)
    VALUES (%s, %s, %s, %s)
    , parameters: ("Data Quality Fundamentals: A Practitioner's Guide to Building Trustworthy Data Pipelines", 'Paperback', '45.', '4.1 out of 5 stars')
[2024-10-08T05:43:40.861+0000] {sql.py:518} INFO - Rows affected: 1
[2024-10-08T05:43:40.867+0000] {base.py:84} INFO - Retrieving connection 'books_connection'
[2024-10-08T05:43:40.869+0000] {sql.py:509} INFO - Running statement: 
    INSERT INTO books (title, authors, price, rating)
    VALUES (%s, %s, %s, %s)
    , parameters: ('Data Engineering with Google Cloud Platform: A practical guide to operationalizing scalable data analytics systems on GCP', 'Adi Wijaya', '41.', '4.7 out of 5 stars')
[2024-10-08T05:43:40.870+0000] {sql.py:518} INFO - Rows affected: 1
[2024-10-08T05:43:40.874+0000] {base.py:84} INFO - Retrieving connection 'books_connection'
[2024-10-08T05:43:40.876+0000] {sql.py:509} INFO - Running statement: 
    INSERT INTO books (title, authors, price, rating)
    VALUES (%s, %s, %s, %s)
    , parameters: ('Fundamentals of Data Engineering: A Comprehensive Guide to Designing, Building, and Managing Data Pipelines, Storage Solutions, and Processing Frameworks.', 'Paperback', '14.', '5.0 out of 5 stars')
[2024-10-08T05:43:40.877+0000] {sql.py:518} INFO - Rows affected: 1
[2024-10-08T05:43:40.880+0000] {base.py:84} INFO - Retrieving connection 'books_connection'
[2024-10-08T05:43:40.883+0000] {sql.py:509} INFO - Running statement: 
    INSERT INTO books (title, authors, price, rating)
    VALUES (%s, %s, %s, %s)
    , parameters: ('Data Engineering with AWS', 'May Sherry', '14.', '5.0 out of 5 stars')
[2024-10-08T05:43:40.883+0000] {sql.py:518} INFO - Rows affected: 1
[2024-10-08T05:43:40.887+0000] {base.py:84} INFO - Retrieving connection 'books_connection'
[2024-10-08T05:43:40.889+0000] {sql.py:509} INFO - Running statement: 
    INSERT INTO books (title, authors, price, rating)
    VALUES (%s, %s, %s, %s)
    , parameters: ('Mastering Databricks Lakehouse Platform: Perform Data Warehousing, Data Engineering, Machine Learning, DevOps, and BI into a Single Platform (English Edition)', 'Sagar Lad', '32.', '3.6 out of 5 stars')
[2024-10-08T05:43:40.890+0000] {sql.py:518} INFO - Rows affected: 1
[2024-10-08T05:43:40.894+0000] {base.py:84} INFO - Retrieving connection 'books_connection'
[2024-10-08T05:43:40.896+0000] {sql.py:509} INFO - Running statement: 
    INSERT INTO books (title, authors, price, rating)
    VALUES (%s, %s, %s, %s)
    , parameters: ('Data Engineering with Google Cloud Platform: A guide to leveling up as a data engineer by building a scalable data platform with Google Cloud', 'Adi Wijaya', '40.', '4.8 out of 5 stars')
[2024-10-08T05:43:40.897+0000] {sql.py:518} INFO - Rows affected: 1
[2024-10-08T05:43:40.903+0000] {base.py:84} INFO - Retrieving connection 'books_connection'
[2024-10-08T05:43:40.907+0000] {sql.py:509} INFO - Running statement: 
    INSERT INTO books (title, authors, price, rating)
    VALUES (%s, %s, %s, %s)
    , parameters: ('DATA ENGINEERING AND AI FOR BEGINNERS: Revolutionizing Data Processing and Analytics by Leveraging Artificial Intelligence for Efficient Input Collection, Storage, and Transformation (World of AI)', 'Paperback', '13.', '4.3 out of 5 stars')
[2024-10-08T05:43:40.908+0000] {sql.py:518} INFO - Rows affected: 1
[2024-10-08T05:43:40.912+0000] {base.py:84} INFO - Retrieving connection 'books_connection'
[2024-10-08T05:43:40.915+0000] {sql.py:509} INFO - Running statement: 
    INSERT INTO books (title, authors, price, rating)
    VALUES (%s, %s, %s, %s)
    , parameters: ('Data Engineering with AWS: Building Scalable Data Pipelines in the Cloud', 'May Sherry', '14.', '5.0 out of 5 stars')
[2024-10-08T05:43:40.915+0000] {sql.py:518} INFO - Rows affected: 1
[2024-10-08T05:43:40.919+0000] {base.py:84} INFO - Retrieving connection 'books_connection'
[2024-10-08T05:43:40.921+0000] {sql.py:509} INFO - Running statement: 
    INSERT INTO books (title, authors, price, rating)
    VALUES (%s, %s, %s, %s)
    , parameters: ("Data: Principles To Practice - Volume 1 'Foundations': Essential Foundations: Key Concepts behind Data Architecture, Engineering and Analysis for Professionals", 'Mr Alex Holloway', '12.', '4.6 out of 5 stars')
[2024-10-08T05:43:40.922+0000] {sql.py:518} INFO - Rows affected: 1
[2024-10-08T05:43:40.926+0000] {base.py:84} INFO - Retrieving connection 'books_connection'
[2024-10-08T05:43:40.930+0000] {sql.py:509} INFO - Running statement: 
    INSERT INTO books (title, authors, price, rating)
    VALUES (%s, %s, %s, %s)
    , parameters: ('Data Engineering with Apache Spark, Delta Lake, and Lakehouse: Create scalable pipelines that ingest, curate, and aggregate complex data in a timely and secure way', 'Manoj Kukreja', '46.', '3.9 out of 5 stars')
[2024-10-08T05:43:40.931+0000] {sql.py:518} INFO - Rows affected: 1
[2024-10-08T05:43:40.935+0000] {base.py:84} INFO - Retrieving connection 'books_connection'
[2024-10-08T05:43:40.937+0000] {sql.py:509} INFO - Running statement: 
    INSERT INTO books (title, authors, price, rating)
    VALUES (%s, %s, %s, %s)
    , parameters: ('Data-Driven Science and Engineering: Machine Learning, Dynamical Systems, and Control', 'Steven L. Brunton', '64.', '4.8 out of 5 stars')
[2024-10-08T05:43:40.938+0000] {sql.py:518} INFO - Rows affected: 1
[2024-10-08T05:43:40.942+0000] {base.py:84} INFO - Retrieving connection 'books_connection'
[2024-10-08T05:43:40.944+0000] {sql.py:509} INFO - Running statement: 
    INSERT INTO books (title, authors, price, rating)
    VALUES (%s, %s, %s, %s)
    , parameters: ('97 Things Every Data Engineer Should Know: Collective Wisdom from the Experts', 'Tobias Macey', '28.', '4.1 out of 5 stars')
[2024-10-08T05:43:40.945+0000] {sql.py:518} INFO - Rows affected: 1
[2024-10-08T05:43:40.948+0000] {base.py:84} INFO - Retrieving connection 'books_connection'
[2024-10-08T05:43:40.950+0000] {sql.py:509} INFO - Running statement: 
    INSERT INTO books (title, authors, price, rating)
    VALUES (%s, %s, %s, %s)
    , parameters: ('Data Engineering Fundamentals for Beginners: Mastering the Art of Building, Managing, and Scaling Data Systems', 'Paperback', '14.', '5.0 out of 5 stars')
[2024-10-08T05:43:40.951+0000] {sql.py:518} INFO - Rows affected: 1
[2024-10-08T05:43:40.954+0000] {base.py:84} INFO - Retrieving connection 'books_connection'
[2024-10-08T05:43:40.957+0000] {sql.py:509} INFO - Running statement: 
    INSERT INTO books (title, authors, price, rating)
    VALUES (%s, %s, %s, %s)
    , parameters: ('Python Data Engineering Resources: Forge Your Path to Success in Data Engineering, Machine Learning and AI', 'Vajo Lukic', '0.', '4.9 out of 5 stars')
[2024-10-08T05:43:40.958+0000] {sql.py:518} INFO - Rows affected: 1
[2024-10-08T05:43:40.969+0000] {base.py:84} INFO - Retrieving connection 'books_connection'
[2024-10-08T05:43:40.971+0000] {sql.py:509} INFO - Running statement: 
    INSERT INTO books (title, authors, price, rating)
    VALUES (%s, %s, %s, %s)
    , parameters: ('Analytics Engineering with SQL and dbt: Building Meaningful Data Models at Scale', 'Rui Pedro Machado', '41.', '3.9 out of 5 stars')
[2024-10-08T05:43:40.972+0000] {sql.py:518} INFO - Rows affected: 1
[2024-10-08T05:43:40.976+0000] {base.py:84} INFO - Retrieving connection 'books_connection'
[2024-10-08T05:43:40.979+0000] {sql.py:509} INFO - Running statement: 
    INSERT INTO books (title, authors, price, rating)
    VALUES (%s, %s, %s, %s)
    , parameters: ('Data Engineering with Scala and Spark: Build streaming and batch pipelines that process massive amounts of data using Scala', 'Eric Tome', '29.', '4.1 out of 5 stars')
[2024-10-08T05:43:40.979+0000] {sql.py:518} INFO - Rows affected: 1
[2024-10-08T05:43:40.983+0000] {base.py:84} INFO - Retrieving connection 'books_connection'
[2024-10-08T05:43:40.985+0000] {sql.py:509} INFO - Running statement: 
    INSERT INTO books (title, authors, price, rating)
    VALUES (%s, %s, %s, %s)
    , parameters: ('Storytelling with Data: A Data Visualization Guide for Business Professionals', 'Cole Nussbaumer Knaflic', '27.', '4.6 out of 5 stars')
[2024-10-08T05:43:40.985+0000] {sql.py:518} INFO - Rows affected: 1
[2024-10-08T05:43:40.988+0000] {base.py:84} INFO - Retrieving connection 'books_connection'
[2024-10-08T05:43:40.990+0000] {sql.py:509} INFO - Running statement: 
    INSERT INTO books (title, authors, price, rating)
    VALUES (%s, %s, %s, %s)
    , parameters: ('Data Mesh: Delivering Data-Driven Value at Scale', 'Zhamak Dehghani', '43.', '4.5 out of 5 stars')
[2024-10-08T05:43:40.991+0000] {sql.py:518} INFO - Rows affected: 1
[2024-10-08T05:43:40.994+0000] {base.py:84} INFO - Retrieving connection 'books_connection'
[2024-10-08T05:43:40.996+0000] {sql.py:509} INFO - Running statement: 
    INSERT INTO books (title, authors, price, rating)
    VALUES (%s, %s, %s, %s)
    , parameters: ('Data Engineering 101', 'Kindle', '0.', '3.9 out of 5 stars')
[2024-10-08T05:43:40.997+0000] {sql.py:518} INFO - Rows affected: 1
[2024-10-08T05:43:41.000+0000] {base.py:84} INFO - Retrieving connection 'books_connection'
[2024-10-08T05:43:41.002+0000] {sql.py:509} INFO - Running statement: 
    INSERT INTO books (title, authors, price, rating)
    VALUES (%s, %s, %s, %s)
    , parameters: ('Data Modeling with Snowflake: A practical guide to accelerating Snowflake development using universal data modeling techniques', 'Serge Gershkovich', '36.', '4.8 out of 5 stars')
[2024-10-08T05:43:41.002+0000] {sql.py:518} INFO - Rows affected: 1
[2024-10-08T05:43:41.005+0000] {base.py:84} INFO - Retrieving connection 'books_connection'
[2024-10-08T05:43:41.007+0000] {sql.py:509} INFO - Running statement: 
    INSERT INTO books (title, authors, price, rating)
    VALUES (%s, %s, %s, %s)
    , parameters: ('Official Google Cloud Certified Professional Data Engineer Study Guide', 'Dan Sullivan', '33.', '4.5 out of 5 stars')
[2024-10-08T05:43:41.007+0000] {sql.py:518} INFO - Rows affected: 1
[2024-10-08T05:43:41.010+0000] {base.py:84} INFO - Retrieving connection 'books_connection'
[2024-10-08T05:43:41.012+0000] {sql.py:509} INFO - Running statement: 
    INSERT INTO books (title, authors, price, rating)
    VALUES (%s, %s, %s, %s)
    , parameters: ('Machine Learning Engineering', 'Andriy Burkov', '39.', '4.7 out of 5 stars')
[2024-10-08T05:43:41.012+0000] {sql.py:518} INFO - Rows affected: 1
[2024-10-08T05:43:41.015+0000] {base.py:84} INFO - Retrieving connection 'books_connection'
[2024-10-08T05:43:41.016+0000] {sql.py:509} INFO - Running statement: 
    INSERT INTO books (title, authors, price, rating)
    VALUES (%s, %s, %s, %s)
    , parameters: ('Data Privacy: A runbook for engineers', 'Nishant Bhajaria', '35.', '4.8 out of 5 stars')
[2024-10-08T05:43:41.017+0000] {sql.py:518} INFO - Rows affected: 1
[2024-10-08T05:43:41.020+0000] {base.py:84} INFO - Retrieving connection 'books_connection'
[2024-10-08T05:43:41.022+0000] {sql.py:509} INFO - Running statement: 
    INSERT INTO books (title, authors, price, rating)
    VALUES (%s, %s, %s, %s)
    , parameters: ('Fundamentals of Data Observability: Implement Trustworthy End-to-End Data Solutions', 'Andy Petrella', '36.', '4.0 out of 5 stars')
[2024-10-08T05:43:41.022+0000] {sql.py:518} INFO - Rows affected: 1
[2024-10-08T05:43:41.025+0000] {base.py:84} INFO - Retrieving connection 'books_connection'
[2024-10-08T05:43:41.027+0000] {sql.py:509} INFO - Running statement: 
    INSERT INTO books (title, authors, price, rating)
    VALUES (%s, %s, %s, %s)
    , parameters: ('Modern Data Engineering with Apache Spark: A Hands-On Guide for Building Mission-Critical Streaming Applications', 'Scott Haines', '29.', '4.1 out of 5 stars')
[2024-10-08T05:43:41.027+0000] {sql.py:518} INFO - Rows affected: 1
[2024-10-08T05:43:41.030+0000] {base.py:84} INFO - Retrieving connection 'books_connection'
[2024-10-08T05:43:41.031+0000] {sql.py:509} INFO - Running statement: 
    INSERT INTO books (title, authors, price, rating)
    VALUES (%s, %s, %s, %s)
    , parameters: ('Python Feature Engineering Cookbook: A complete guide to crafting powerful features for your machine learning models', 'Soledad Galli', '44.', '5.0 out of 5 stars')
[2024-10-08T05:43:41.032+0000] {sql.py:518} INFO - Rows affected: 1
[2024-10-08T05:43:41.036+0000] {base.py:84} INFO - Retrieving connection 'books_connection'
[2024-10-08T05:43:41.039+0000] {sql.py:509} INFO - Running statement: 
    INSERT INTO books (title, authors, price, rating)
    VALUES (%s, %s, %s, %s)
    , parameters: ('Data Engineering with Databricks', 'Kindle', '0.', '3.4 out of 5 stars')
[2024-10-08T05:43:41.039+0000] {sql.py:518} INFO - Rows affected: 1
[2024-10-08T05:43:41.043+0000] {base.py:84} INFO - Retrieving connection 'books_connection'
[2024-10-08T05:43:41.045+0000] {sql.py:509} INFO - Running statement: 
    INSERT INTO books (title, authors, price, rating)
    VALUES (%s, %s, %s, %s)
    , parameters: ('Azure Data Factory by Example: Practical Implementation for Data Engineers', 'Richard Swinbank', '33.', '4.2 out of 5 stars')
[2024-10-08T05:43:41.046+0000] {sql.py:518} INFO - Rows affected: 1
[2024-10-08T05:43:41.049+0000] {base.py:84} INFO - Retrieving connection 'books_connection'
[2024-10-08T05:43:41.051+0000] {sql.py:509} INFO - Running statement: 
    INSERT INTO books (title, authors, price, rating)
    VALUES (%s, %s, %s, %s)
    , parameters: ('Data Quality Engineering in Financial Services: Applying Manufacturing Techniques to Data', 'Brian Buzzelli', '30.', '4.4 out of 5 stars')
[2024-10-08T05:43:41.051+0000] {sql.py:518} INFO - Rows affected: 1
[2024-10-08T05:43:41.054+0000] {base.py:84} INFO - Retrieving connection 'books_connection'
[2024-10-08T05:43:41.055+0000] {sql.py:509} INFO - Running statement: 
    INSERT INTO books (title, authors, price, rating)
    VALUES (%s, %s, %s, %s)
    , parameters: ('Prompt Engineering for Generative AI: Future-Proof Inputs for Reliable AI Outputs', 'James Phoenix', '53.', '4.5 out of 5 stars')
[2024-10-08T05:43:41.056+0000] {sql.py:518} INFO - Rows affected: 1
[2024-10-08T05:43:41.059+0000] {base.py:84} INFO - Retrieving connection 'books_connection'
[2024-10-08T05:43:41.060+0000] {sql.py:509} INFO - Running statement: 
    INSERT INTO books (title, authors, price, rating)
    VALUES (%s, %s, %s, %s)
    , parameters: ('Data Observability for Data Engineering: Proactive strategies for ensuring data accuracy and addressing broken data pipelines', 'Michele Pinto', '18.', '3.7 out of 5 stars')
[2024-10-08T05:43:41.061+0000] {sql.py:518} INFO - Rows affected: 1
[2024-10-08T05:43:41.064+0000] {base.py:84} INFO - Retrieving connection 'books_connection'
[2024-10-08T05:43:41.065+0000] {sql.py:509} INFO - Running statement: 
    INSERT INTO books (title, authors, price, rating)
    VALUES (%s, %s, %s, %s)
    , parameters: ('Better Data Visualizations: A Guide for Scholars, Researchers, and Wonks', 'Jonathan Schwabish', '26.', '4.5 out of 5 stars')
[2024-10-08T05:43:41.066+0000] {sql.py:518} INFO - Rows affected: 1
[2024-10-08T05:43:41.066+0000] {python.py:240} INFO - Done. Returned value was: None
[2024-10-08T05:43:41.072+0000] {taskinstance.py:340} INFO - ::group::Post task execution logs
[2024-10-08T05:43:41.072+0000] {taskinstance.py:352} INFO - Marking task as SUCCESS. dag_id=fetch_and_store_amazon_books, task_id=insert_book_data, run_id=scheduled__2024-08-16T00:00:00+00:00, execution_date=20240816T000000, start_date=20241008T054340, end_date=20241008T054341
[2024-10-08T05:43:41.078+0000] {logging_mixin.py:190} INFO - Task instance in success state
[2024-10-08T05:43:41.078+0000] {logging_mixin.py:190} INFO -  Previous state of the Task instance: running
[2024-10-08T05:43:41.078+0000] {logging_mixin.py:190} INFO - Dag name:fetch_and_store_amazon_books queued_at:2024-10-08 05:25:43.223642+00:00
[2024-10-08T05:43:41.078+0000] {logging_mixin.py:190} INFO - Task hostname:475658bd4f83 operator:PythonOperator
[2024-10-08T05:43:41.094+0000] {local_task_job_runner.py:261} INFO - Task exited with return code 0
[2024-10-08T05:43:41.108+0000] {taskinstance.py:3891} INFO - 0 downstream tasks scheduled from follow-on schedule check
[2024-10-08T05:43:41.109+0000] {local_task_job_runner.py:240} INFO - ::endgroup::
