[2024-10-08T05:35:07.172+0000] {local_task_job_runner.py:123} INFO - ::group::Pre task execution logs
[2024-10-08T05:35:07.223+0000] {taskinstance.py:2603} INFO - Dependencies all met for dep_context=non-requeueable deps ti=<TaskInstance: fetch_and_store_amazon_books.insert_book_data scheduled__2024-08-30T00:00:00+00:00 [queued]>
[2024-10-08T05:35:07.238+0000] {taskinstance.py:2603} INFO - Dependencies all met for dep_context=requeueable deps ti=<TaskInstance: fetch_and_store_amazon_books.insert_book_data scheduled__2024-08-30T00:00:00+00:00 [queued]>
[2024-10-08T05:35:07.239+0000] {taskinstance.py:2856} INFO - Starting attempt 1 of 2
[2024-10-08T05:35:07.262+0000] {taskinstance.py:2879} INFO - Executing <Task(PythonOperator): insert_book_data> on 2024-08-30 00:00:00+00:00
[2024-10-08T05:35:07.281+0000] {warnings.py:112} WARNING - /home/***/.local/lib/python3.12/site-packages/***/task/task_runner/standard_task_runner.py:70: DeprecationWarning: This process (pid=294) is multi-threaded, use of fork() may lead to deadlocks in the child.
  pid = os.fork()

[2024-10-08T05:35:07.283+0000] {standard_task_runner.py:72} INFO - Started process 304 to run task
[2024-10-08T05:35:07.285+0000] {standard_task_runner.py:104} INFO - Running: ['***', 'tasks', 'run', 'fetch_and_store_amazon_books', 'insert_book_data', 'scheduled__2024-08-30T00:00:00+00:00', '--job-id', '287', '--raw', '--subdir', 'DAGS_FOLDER/app.py', '--cfg-path', '/tmp/tmp41r7qx7j']
[2024-10-08T05:35:07.286+0000] {standard_task_runner.py:105} INFO - Job 287: Subtask insert_book_data
[2024-10-08T05:35:07.366+0000] {task_command.py:467} INFO - Running <TaskInstance: fetch_and_store_amazon_books.insert_book_data scheduled__2024-08-30T00:00:00+00:00 [running]> on host 475658bd4f83
[2024-10-08T05:35:07.533+0000] {taskinstance.py:3122} INFO - Exporting env vars: AIRFLOW_CTX_DAG_OWNER='***' AIRFLOW_CTX_DAG_ID='fetch_and_store_amazon_books' AIRFLOW_CTX_TASK_ID='insert_book_data' AIRFLOW_CTX_EXECUTION_DATE='2024-08-30T00:00:00+00:00' AIRFLOW_CTX_TRY_NUMBER='1' AIRFLOW_CTX_DAG_RUN_ID='scheduled__2024-08-30T00:00:00+00:00'
[2024-10-08T05:35:07.536+0000] {logging_mixin.py:190} INFO - Task instance is in running state
[2024-10-08T05:35:07.537+0000] {logging_mixin.py:190} INFO -  Previous state of the Task instance: queued
[2024-10-08T05:35:07.538+0000] {logging_mixin.py:190} INFO - Current task name:insert_book_data state:running start_date:2024-10-08 05:35:07.225384+00:00
[2024-10-08T05:35:07.538+0000] {logging_mixin.py:190} INFO - Dag name:fetch_and_store_amazon_books and current dag run status:running
[2024-10-08T05:35:07.539+0000] {taskinstance.py:731} INFO - ::endgroup::
[2024-10-08T05:35:07.599+0000] {base.py:84} INFO - Retrieving connection 'books_connection'
[2024-10-08T05:35:07.609+0000] {sql.py:509} INFO - Running statement: 
    INSERT INTO books (title, authors, price, rating)
    VALUES (%s, %s, %s, %s)
    , parameters: ('Data Engineering with AWS - Second Edition: Acquire the skills to design and build AWS-based data transformation pipelines like a pro', 'Gareth Eagar', '41.', '4.4 out of 5 stars')
[2024-10-08T05:35:07.614+0000] {sql.py:518} INFO - Rows affected: 1
[2024-10-08T05:35:07.629+0000] {base.py:84} INFO - Retrieving connection 'books_connection'
[2024-10-08T05:35:07.635+0000] {sql.py:509} INFO - Running statement: 
    INSERT INTO books (title, authors, price, rating)
    VALUES (%s, %s, %s, %s)
    , parameters: ('Azure Data Engineer Associate Certification Guide: Ace the DP-203 exam with advanced data engineering skills', 'Giacinto Palmieri', '49.', '4.4 out of 5 stars')
[2024-10-08T05:35:07.637+0000] {sql.py:518} INFO - Rows affected: 1
[2024-10-08T05:35:07.666+0000] {base.py:84} INFO - Retrieving connection 'books_connection'
[2024-10-08T05:35:07.681+0000] {sql.py:509} INFO - Running statement: 
    INSERT INTO books (title, authors, price, rating)
    VALUES (%s, %s, %s, %s)
    , parameters: ("Azure Data Factory Cookbook: A data engineer's guide to building and managing ETL and ELT pipelines with data integration", 'Dmitry Foshin', '51.', '4.2 out of 5 stars')
[2024-10-08T05:35:07.684+0000] {sql.py:518} INFO - Rows affected: 1
[2024-10-08T05:35:07.702+0000] {base.py:84} INFO - Retrieving connection 'books_connection'
[2024-10-08T05:35:07.711+0000] {sql.py:509} INFO - Running statement: 
    INSERT INTO books (title, authors, price, rating)
    VALUES (%s, %s, %s, %s)
    , parameters: ('Fundamentals of Data Engineering: Plan and Build Robust Data Systems', 'Joe Reis', '25.', '4.7 out of 5 stars')
[2024-10-08T05:35:07.713+0000] {sql.py:518} INFO - Rows affected: 1
[2024-10-08T05:35:07.728+0000] {base.py:84} INFO - Retrieving connection 'books_connection'
[2024-10-08T05:35:07.736+0000] {sql.py:509} INFO - Running statement: 
    INSERT INTO books (title, authors, price, rating)
    VALUES (%s, %s, %s, %s)
    , parameters: ('Designing Data-Intensive Applications: The Big Ideas Behind Reliable, Scalable, and Maintainable Systems', 'Martin Kleppmann', '55.', '4.7 out of 5 stars')
[2024-10-08T05:35:07.738+0000] {sql.py:518} INFO - Rows affected: 1
[2024-10-08T05:35:07.755+0000] {base.py:84} INFO - Retrieving connection 'books_connection'
[2024-10-08T05:35:07.768+0000] {sql.py:509} INFO - Running statement: 
    INSERT INTO books (title, authors, price, rating)
    VALUES (%s, %s, %s, %s)
    , parameters: ('Fundamentals of Data Analytics: Learn Essential Skills, Embrace the Future, and Catapult Your Career in the Data-Driven World—A Comprehensive Guide to Data Literacy for Beginners', 'Russell Dawson', '17.', '4.8 out of 5 stars')
[2024-10-08T05:35:07.772+0000] {sql.py:518} INFO - Rows affected: 1
[2024-10-08T05:35:07.785+0000] {base.py:84} INFO - Retrieving connection 'books_connection'
[2024-10-08T05:35:07.790+0000] {sql.py:509} INFO - Running statement: 
    INSERT INTO books (title, authors, price, rating)
    VALUES (%s, %s, %s, %s)
    , parameters: ("Ultimate Data Engineering with Databricks: Develop Scalable Data Pipelines Using Data Engineering's Core Tenets Such as Delta Tables, Ingestion, ... Security, and Scalability (English Edition)", 'Mayank Malhotra', '37.', '4.1 out of 5 stars')
[2024-10-08T05:35:07.791+0000] {sql.py:518} INFO - Rows affected: 1
[2024-10-08T05:35:07.810+0000] {base.py:84} INFO - Retrieving connection 'books_connection'
[2024-10-08T05:35:07.820+0000] {sql.py:509} INFO - Running statement: 
    INSERT INTO books (title, authors, price, rating)
    VALUES (%s, %s, %s, %s)
    , parameters: ('Data Engineering with dbt: A practical guide to building a cloud-based, pragmatic, and dependable data platform with SQL', 'Roberto Zagni', '37.', '4.6 out of 5 stars')
[2024-10-08T05:35:07.823+0000] {sql.py:518} INFO - Rows affected: 1
[2024-10-08T05:35:07.840+0000] {base.py:84} INFO - Retrieving connection 'books_connection'
[2024-10-08T05:35:07.851+0000] {sql.py:509} INFO - Running statement: 
    INSERT INTO books (title, authors, price, rating)
    VALUES (%s, %s, %s, %s)
    , parameters: ('Data Engineering with Python: Work with massive datasets to design data models and automate data pipelines using Python', 'Paul Crickard', '37.', '4.1 out of 5 stars')
[2024-10-08T05:35:07.854+0000] {sql.py:518} INFO - Rows affected: 1
[2024-10-08T05:35:07.871+0000] {base.py:84} INFO - Retrieving connection 'books_connection'
[2024-10-08T05:35:07.878+0000] {sql.py:509} INFO - Running statement: 
    INSERT INTO books (title, authors, price, rating)
    VALUES (%s, %s, %s, %s)
    , parameters: ('Cracking the Data Engineering Interview: Land your dream job with the help of resume-building tips, over 100 mock questions, and a unique portfolio', 'Kedeisha Bryan', '26.', '4.4 out of 5 stars')
[2024-10-08T05:35:07.880+0000] {sql.py:518} INFO - Rows affected: 1
[2024-10-08T05:35:07.901+0000] {base.py:84} INFO - Retrieving connection 'books_connection'
[2024-10-08T05:35:07.915+0000] {sql.py:509} INFO - Running statement: 
    INSERT INTO books (title, authors, price, rating)
    VALUES (%s, %s, %s, %s)
    , parameters: ('Data Pipelines Pocket Reference: Moving and Processing Data for Analytics', 'James Densmore', '17.', '4.5 out of 5 stars')
[2024-10-08T05:35:07.920+0000] {sql.py:518} INFO - Rows affected: 1
[2024-10-08T05:35:07.937+0000] {base.py:84} INFO - Retrieving connection 'books_connection'
[2024-10-08T05:35:07.949+0000] {sql.py:509} INFO - Running statement: 
    INSERT INTO books (title, authors, price, rating)
    VALUES (%s, %s, %s, %s)
    , parameters: ('Ace the Data Science Interview: 201 Real Interview Questions Asked By FAANG, Tech Startups, & Wall Street', 'Nick Singh', '42.', '4.5 out of 5 stars')
[2024-10-08T05:35:07.953+0000] {sql.py:518} INFO - Rows affected: 1
[2024-10-08T05:35:07.967+0000] {base.py:84} INFO - Retrieving connection 'books_connection'
[2024-10-08T05:35:07.978+0000] {sql.py:509} INFO - Running statement: 
    INSERT INTO books (title, authors, price, rating)
    VALUES (%s, %s, %s, %s)
    , parameters: ('Ace the Data Engineering Interview: Questions and Answers for Python, SQL, Data Modeling and More', 'Sean Coyne', '24.', '3.8 out of 5 stars')
[2024-10-08T05:35:07.982+0000] {sql.py:518} INFO - Rows affected: 1
[2024-10-08T05:35:08.002+0000] {base.py:84} INFO - Retrieving connection 'books_connection'
[2024-10-08T05:35:08.011+0000] {sql.py:509} INFO - Running statement: 
    INSERT INTO books (title, authors, price, rating)
    VALUES (%s, %s, %s, %s)
    , parameters: ('Data Engineering with Databricks Cookbook: Build effective data and AI solutions using Apache Spark, Databricks, and Delta Lake', 'Pulkit Chadha', '49.', '4.3 out of 5 stars')
[2024-10-08T05:35:08.014+0000] {sql.py:518} INFO - Rows affected: 1
[2024-10-08T05:35:08.045+0000] {base.py:84} INFO - Retrieving connection 'books_connection'
[2024-10-08T05:35:08.060+0000] {sql.py:509} INFO - Running statement: 
    INSERT INTO books (title, authors, price, rating)
    VALUES (%s, %s, %s, %s)
    , parameters: ('Software Engineering for Data Scientists: From Notebooks to Scalable Systems', 'Catherine Nelson', '51.', '4.4 out of 5 stars')
[2024-10-08T05:35:08.070+0000] {sql.py:518} INFO - Rows affected: 1
[2024-10-08T05:35:08.110+0000] {base.py:84} INFO - Retrieving connection 'books_connection'
[2024-10-08T05:35:08.120+0000] {sql.py:509} INFO - Running statement: 
    INSERT INTO books (title, authors, price, rating)
    VALUES (%s, %s, %s, %s)
    , parameters: ('Data-Centric Machine Learning with Python: The ultimate guide to engineering and deploying high-quality models based on good data', 'Jonas Christensen', '49.', '4.6 out of 5 stars')
[2024-10-08T05:35:08.125+0000] {sql.py:518} INFO - Rows affected: 1
[2024-10-08T05:35:08.137+0000] {base.py:84} INFO - Retrieving connection 'books_connection'
[2024-10-08T05:35:08.146+0000] {sql.py:509} INFO - Running statement: 
    INSERT INTO books (title, authors, price, rating)
    VALUES (%s, %s, %s, %s)
    , parameters: ('Data Privacy: A runbook for engineers', 'Nishant Bhajaria', '35.', '4.8 out of 5 stars')
[2024-10-08T05:35:08.150+0000] {sql.py:518} INFO - Rows affected: 1
[2024-10-08T05:35:08.174+0000] {base.py:84} INFO - Retrieving connection 'books_connection'
[2024-10-08T05:35:08.190+0000] {sql.py:509} INFO - Running statement: 
    INSERT INTO books (title, authors, price, rating)
    VALUES (%s, %s, %s, %s)
    , parameters: ('Essentials of Data Engineering', 'Dr. Mukesh Saini', '19.', '5.0 out of 5 stars')
[2024-10-08T05:35:08.193+0000] {sql.py:518} INFO - Rows affected: 1
[2024-10-08T05:35:08.230+0000] {base.py:84} INFO - Retrieving connection 'books_connection'
[2024-10-08T05:35:08.241+0000] {sql.py:509} INFO - Running statement: 
    INSERT INTO books (title, authors, price, rating)
    VALUES (%s, %s, %s, %s)
    , parameters: ('Data Engineering with AWS: Learn how to design and build cloud-based data transformation pipelines using AWS', 'Gareth Eagar', '49.', '4.4 out of 5 stars')
[2024-10-08T05:35:08.244+0000] {sql.py:518} INFO - Rows affected: 1
[2024-10-08T05:35:08.260+0000] {base.py:84} INFO - Retrieving connection 'books_connection'
[2024-10-08T05:35:08.264+0000] {sql.py:509} INFO - Running statement: 
    INSERT INTO books (title, authors, price, rating)
    VALUES (%s, %s, %s, %s)
    , parameters: ('Data Engineering with Python cookbook: Learn to build efficient data pipelines using the Modern Cloud Data Stack', 'Adithyan Ramanujakootam', '32.', '5.0 out of 5 stars')
[2024-10-08T05:35:08.266+0000] {sql.py:518} INFO - Rows affected: 1
[2024-10-08T05:35:08.287+0000] {base.py:84} INFO - Retrieving connection 'books_connection'
[2024-10-08T05:35:08.294+0000] {sql.py:509} INFO - Running statement: 
    INSERT INTO books (title, authors, price, rating)
    VALUES (%s, %s, %s, %s)
    , parameters: ("Data Quality Fundamentals: A Practitioner's Guide to Building Trustworthy Data Pipelines", 'Paperback', '45.', '4.1 out of 5 stars')
[2024-10-08T05:35:08.297+0000] {sql.py:518} INFO - Rows affected: 1
[2024-10-08T05:35:08.310+0000] {base.py:84} INFO - Retrieving connection 'books_connection'
[2024-10-08T05:35:08.315+0000] {sql.py:509} INFO - Running statement: 
    INSERT INTO books (title, authors, price, rating)
    VALUES (%s, %s, %s, %s)
    , parameters: ('Build a Career in Data Science', 'Emily Robinson', '35.', '4.6 out of 5 stars')
[2024-10-08T05:35:08.316+0000] {sql.py:518} INFO - Rows affected: 1
[2024-10-08T05:35:08.337+0000] {base.py:84} INFO - Retrieving connection 'books_connection'
[2024-10-08T05:35:08.343+0000] {sql.py:509} INFO - Running statement: 
    INSERT INTO books (title, authors, price, rating)
    VALUES (%s, %s, %s, %s)
    , parameters: ("Data: Principles To Practice - Volume 1 'Foundations': Essential Foundations: Key Concepts behind Data Architecture, Engineering and Analysis for Professionals", 'Mr Alex Holloway', '12.', '4.6 out of 5 stars')
[2024-10-08T05:35:08.346+0000] {sql.py:518} INFO - Rows affected: 1
[2024-10-08T05:35:08.358+0000] {base.py:84} INFO - Retrieving connection 'books_connection'
[2024-10-08T05:35:08.363+0000] {sql.py:509} INFO - Running statement: 
    INSERT INTO books (title, authors, price, rating)
    VALUES (%s, %s, %s, %s)
    , parameters: ('Fundamentals of Data Engineering: A Comprehensive Guide to Designing, Building, and Managing Data Pipelines, Storage Solutions, and Processing Frameworks.', 'Paperback', '14.', '5.0 out of 5 stars')
[2024-10-08T05:35:08.364+0000] {sql.py:518} INFO - Rows affected: 1
[2024-10-08T05:35:08.374+0000] {base.py:84} INFO - Retrieving connection 'books_connection'
[2024-10-08T05:35:08.386+0000] {sql.py:509} INFO - Running statement: 
    INSERT INTO books (title, authors, price, rating)
    VALUES (%s, %s, %s, %s)
    , parameters: ('Data Engineering Fundamentals for Beginners: Mastering the Art of Building, Managing, and Scaling Data Systems', 'Paperback', '14.', '5.0 out of 5 stars')
[2024-10-08T05:35:08.391+0000] {sql.py:518} INFO - Rows affected: 1
[2024-10-08T05:35:08.409+0000] {base.py:84} INFO - Retrieving connection 'books_connection'
[2024-10-08T05:35:08.417+0000] {sql.py:509} INFO - Running statement: 
    INSERT INTO books (title, authors, price, rating)
    VALUES (%s, %s, %s, %s)
    , parameters: ('Data Engineering with Google Cloud Platform: A practical guide to operationalizing scalable data analytics systems on GCP', 'Adi Wijaya', '41.', '4.7 out of 5 stars')
[2024-10-08T05:35:08.421+0000] {sql.py:518} INFO - Rows affected: 1
[2024-10-08T05:35:08.434+0000] {base.py:84} INFO - Retrieving connection 'books_connection'
[2024-10-08T05:35:08.441+0000] {sql.py:509} INFO - Running statement: 
    INSERT INTO books (title, authors, price, rating)
    VALUES (%s, %s, %s, %s)
    , parameters: ('DATA ENGINEERING AND AI FOR BEGINNERS: Revolutionizing Data Processing and Analytics by Leveraging Artificial Intelligence for Efficient Input Collection, Storage, and Transformation (World of AI)', 'Paperback', '13.', '4.3 out of 5 stars')
[2024-10-08T05:35:08.446+0000] {sql.py:518} INFO - Rows affected: 1
[2024-10-08T05:35:08.472+0000] {base.py:84} INFO - Retrieving connection 'books_connection'
[2024-10-08T05:35:08.491+0000] {sql.py:509} INFO - Running statement: 
    INSERT INTO books (title, authors, price, rating)
    VALUES (%s, %s, %s, %s)
    , parameters: ("Engineering Data Mesh in Azure Cloud: Implement data mesh using Microsoft Azure's Cloud Adoption Framework", 'Paperback', '47.', '4.5 out of 5 stars')
[2024-10-08T05:35:08.498+0000] {sql.py:518} INFO - Rows affected: 1
[2024-10-08T05:35:08.512+0000] {base.py:84} INFO - Retrieving connection 'books_connection'
[2024-10-08T05:35:08.517+0000] {sql.py:509} INFO - Running statement: 
    INSERT INTO books (title, authors, price, rating)
    VALUES (%s, %s, %s, %s)
    , parameters: ('Data Engineering with Apache Spark, Delta Lake, and Lakehouse: Create scalable pipelines that ingest, curate, and aggregate complex data in a timely and secure way', 'Manoj Kukreja', '46.', '3.9 out of 5 stars')
[2024-10-08T05:35:08.518+0000] {sql.py:518} INFO - Rows affected: 1
[2024-10-08T05:35:08.527+0000] {base.py:84} INFO - Retrieving connection 'books_connection'
[2024-10-08T05:35:08.534+0000] {sql.py:509} INFO - Running statement: 
    INSERT INTO books (title, authors, price, rating)
    VALUES (%s, %s, %s, %s)
    , parameters: ('Data-Driven Science and Engineering: Machine Learning, Dynamical Systems, and Control', 'Steven L. Brunton', '64.', '4.8 out of 5 stars')
[2024-10-08T05:35:08.536+0000] {sql.py:518} INFO - Rows affected: 1
[2024-10-08T05:35:08.547+0000] {base.py:84} INFO - Retrieving connection 'books_connection'
[2024-10-08T05:35:08.553+0000] {sql.py:509} INFO - Running statement: 
    INSERT INTO books (title, authors, price, rating)
    VALUES (%s, %s, %s, %s)
    , parameters: ('Data Engineering with Google Cloud Platform: A guide to leveling up as a data engineer by building a scalable data platform with Google Cloud', 'Adi Wijaya', '40.', '4.8 out of 5 stars')
[2024-10-08T05:35:08.556+0000] {sql.py:518} INFO - Rows affected: 1
[2024-10-08T05:35:08.566+0000] {base.py:84} INFO - Retrieving connection 'books_connection'
[2024-10-08T05:35:08.570+0000] {sql.py:509} INFO - Running statement: 
    INSERT INTO books (title, authors, price, rating)
    VALUES (%s, %s, %s, %s)
    , parameters: ('Python Data Engineering Resources: Forge Your Path to Success in Data Engineering, Machine Learning and AI', 'Vajo Lukic', '0.', '4.9 out of 5 stars')
[2024-10-08T05:35:08.572+0000] {sql.py:518} INFO - Rows affected: 1
[2024-10-08T05:35:08.579+0000] {base.py:84} INFO - Retrieving connection 'books_connection'
[2024-10-08T05:35:08.607+0000] {sql.py:509} INFO - Running statement: 
    INSERT INTO books (title, authors, price, rating)
    VALUES (%s, %s, %s, %s)
    , parameters: ('97 Things Every Data Engineer Should Know: Collective Wisdom from the Experts', 'Tobias Macey', '28.', '4.1 out of 5 stars')
[2024-10-08T05:35:08.615+0000] {sql.py:518} INFO - Rows affected: 1
[2024-10-08T05:35:08.648+0000] {base.py:84} INFO - Retrieving connection 'books_connection'
[2024-10-08T05:35:08.655+0000] {sql.py:509} INFO - Running statement: 
    INSERT INTO books (title, authors, price, rating)
    VALUES (%s, %s, %s, %s)
    , parameters: ('Analytics Engineering with SQL and dbt: Building Meaningful Data Models at Scale', 'Rui Pedro Machado', '41.', '3.9 out of 5 stars')
[2024-10-08T05:35:08.658+0000] {sql.py:518} INFO - Rows affected: 1
[2024-10-08T05:35:08.667+0000] {base.py:84} INFO - Retrieving connection 'books_connection'
[2024-10-08T05:35:08.675+0000] {sql.py:509} INFO - Running statement: 
    INSERT INTO books (title, authors, price, rating)
    VALUES (%s, %s, %s, %s)
    , parameters: ('Data Engineering with Scala and Spark: Build streaming and batch pipelines that process massive amounts of data using Scala', 'Eric Tome', '29.', '4.1 out of 5 stars')
[2024-10-08T05:35:08.677+0000] {sql.py:518} INFO - Rows affected: 1
[2024-10-08T05:35:08.694+0000] {base.py:84} INFO - Retrieving connection 'books_connection'
[2024-10-08T05:35:08.702+0000] {sql.py:509} INFO - Running statement: 
    INSERT INTO books (title, authors, price, rating)
    VALUES (%s, %s, %s, %s)
    , parameters: ('Storytelling with Data: A Data Visualization Guide for Business Professionals', 'Cole Nussbaumer Knaflic', '27.', '4.6 out of 5 stars')
[2024-10-08T05:35:08.703+0000] {sql.py:518} INFO - Rows affected: 1
[2024-10-08T05:35:08.714+0000] {base.py:84} INFO - Retrieving connection 'books_connection'
[2024-10-08T05:35:08.719+0000] {sql.py:509} INFO - Running statement: 
    INSERT INTO books (title, authors, price, rating)
    VALUES (%s, %s, %s, %s)
    , parameters: ('Data Mesh: Delivering Data-Driven Value at Scale', 'Zhamak Dehghani', '43.', '4.5 out of 5 stars')
[2024-10-08T05:35:08.720+0000] {sql.py:518} INFO - Rows affected: 1
[2024-10-08T05:35:08.731+0000] {base.py:84} INFO - Retrieving connection 'books_connection'
[2024-10-08T05:35:08.741+0000] {sql.py:509} INFO - Running statement: 
    INSERT INTO books (title, authors, price, rating)
    VALUES (%s, %s, %s, %s)
    , parameters: ('Data Engineering 101', 'Kindle', '0.', '3.9 out of 5 stars')
[2024-10-08T05:35:08.743+0000] {sql.py:518} INFO - Rows affected: 1
[2024-10-08T05:35:08.755+0000] {base.py:84} INFO - Retrieving connection 'books_connection'
[2024-10-08T05:35:08.859+0000] {sql.py:509} INFO - Running statement: 
    INSERT INTO books (title, authors, price, rating)
    VALUES (%s, %s, %s, %s)
    , parameters: ('Data Modeling with Snowflake: A practical guide to accelerating Snowflake development using universal data modeling techniques', 'Serge Gershkovich', '36.', '4.8 out of 5 stars')
[2024-10-08T05:35:08.912+0000] {sql.py:518} INFO - Rows affected: 1
[2024-10-08T05:35:09.324+0000] {base.py:84} INFO - Retrieving connection 'books_connection'
[2024-10-08T05:35:09.367+0000] {sql.py:509} INFO - Running statement: 
    INSERT INTO books (title, authors, price, rating)
    VALUES (%s, %s, %s, %s)
    , parameters: ('Official Google Cloud Certified Professional Data Engineer Study Guide', 'Dan Sullivan', '33.', '4.5 out of 5 stars')
[2024-10-08T05:35:09.370+0000] {sql.py:518} INFO - Rows affected: 1
[2024-10-08T05:35:09.391+0000] {base.py:84} INFO - Retrieving connection 'books_connection'
[2024-10-08T05:35:09.404+0000] {sql.py:509} INFO - Running statement: 
    INSERT INTO books (title, authors, price, rating)
    VALUES (%s, %s, %s, %s)
    , parameters: ('Machine Learning Engineering', 'Andriy Burkov', '39.', '4.7 out of 5 stars')
[2024-10-08T05:35:09.407+0000] {sql.py:518} INFO - Rows affected: 1
[2024-10-08T05:35:09.429+0000] {base.py:84} INFO - Retrieving connection 'books_connection'
[2024-10-08T05:35:09.437+0000] {sql.py:509} INFO - Running statement: 
    INSERT INTO books (title, authors, price, rating)
    VALUES (%s, %s, %s, %s)
    , parameters: ('Fundamentals of Data Observability: Implement Trustworthy End-to-End Data Solutions', 'Andy Petrella', '36.', '4.0 out of 5 stars')
[2024-10-08T05:35:09.439+0000] {sql.py:518} INFO - Rows affected: 1
[2024-10-08T05:35:09.455+0000] {base.py:84} INFO - Retrieving connection 'books_connection'
[2024-10-08T05:35:09.462+0000] {sql.py:509} INFO - Running statement: 
    INSERT INTO books (title, authors, price, rating)
    VALUES (%s, %s, %s, %s)
    , parameters: ('Modern Data Engineering with Apache Spark: A Hands-On Guide for Building Mission-Critical Streaming Applications', 'Scott Haines', '29.', '4.1 out of 5 stars')
[2024-10-08T05:35:09.467+0000] {sql.py:518} INFO - Rows affected: 1
[2024-10-08T05:35:09.487+0000] {base.py:84} INFO - Retrieving connection 'books_connection'
[2024-10-08T05:35:09.506+0000] {sql.py:509} INFO - Running statement: 
    INSERT INTO books (title, authors, price, rating)
    VALUES (%s, %s, %s, %s)
    , parameters: ('Python Feature Engineering Cookbook: A complete guide to crafting powerful features for your machine learning models', 'Soledad Galli', '44.', '5.0 out of 5 stars')
[2024-10-08T05:35:09.510+0000] {sql.py:518} INFO - Rows affected: 1
[2024-10-08T05:35:09.523+0000] {base.py:84} INFO - Retrieving connection 'books_connection'
[2024-10-08T05:35:09.533+0000] {sql.py:509} INFO - Running statement: 
    INSERT INTO books (title, authors, price, rating)
    VALUES (%s, %s, %s, %s)
    , parameters: ('Data Engineering with Databricks', 'Kindle', '0.', '3.4 out of 5 stars')
[2024-10-08T05:35:09.537+0000] {sql.py:518} INFO - Rows affected: 1
[2024-10-08T05:35:09.553+0000] {base.py:84} INFO - Retrieving connection 'books_connection'
[2024-10-08T05:35:09.570+0000] {sql.py:509} INFO - Running statement: 
    INSERT INTO books (title, authors, price, rating)
    VALUES (%s, %s, %s, %s)
    , parameters: ('Azure Data Factory by Example: Practical Implementation for Data Engineers', 'Richard Swinbank', '33.', '4.2 out of 5 stars')
[2024-10-08T05:35:09.574+0000] {sql.py:518} INFO - Rows affected: 1
[2024-10-08T05:35:09.594+0000] {base.py:84} INFO - Retrieving connection 'books_connection'
[2024-10-08T05:35:09.603+0000] {sql.py:509} INFO - Running statement: 
    INSERT INTO books (title, authors, price, rating)
    VALUES (%s, %s, %s, %s)
    , parameters: ('Data Quality Engineering in Financial Services: Applying Manufacturing Techniques to Data', 'Brian Buzzelli', '30.', '4.4 out of 5 stars')
[2024-10-08T05:35:09.606+0000] {sql.py:518} INFO - Rows affected: 1
[2024-10-08T05:35:09.627+0000] {base.py:84} INFO - Retrieving connection 'books_connection'
[2024-10-08T05:35:09.636+0000] {sql.py:509} INFO - Running statement: 
    INSERT INTO books (title, authors, price, rating)
    VALUES (%s, %s, %s, %s)
    , parameters: ('Prompt Engineering for Generative AI: Future-Proof Inputs for Reliable AI Outputs', 'James Phoenix', '53.', '4.5 out of 5 stars')
[2024-10-08T05:35:09.639+0000] {sql.py:518} INFO - Rows affected: 1
[2024-10-08T05:35:09.662+0000] {base.py:84} INFO - Retrieving connection 'books_connection'
[2024-10-08T05:35:09.670+0000] {sql.py:509} INFO - Running statement: 
    INSERT INTO books (title, authors, price, rating)
    VALUES (%s, %s, %s, %s)
    , parameters: ('Data Observability for Data Engineering: Proactive strategies for ensuring data accuracy and addressing broken data pipelines', 'Michele Pinto', '18.', '3.7 out of 5 stars')
[2024-10-08T05:35:09.674+0000] {sql.py:518} INFO - Rows affected: 1
[2024-10-08T05:35:09.761+0000] {base.py:84} INFO - Retrieving connection 'books_connection'
[2024-10-08T05:35:09.780+0000] {sql.py:509} INFO - Running statement: 
    INSERT INTO books (title, authors, price, rating)
    VALUES (%s, %s, %s, %s)
    , parameters: ('Better Data Visualizations: A Guide for Scholars, Researchers, and Wonks', 'Jonathan Schwabish', '26.', '4.5 out of 5 stars')
[2024-10-08T05:35:09.783+0000] {sql.py:518} INFO - Rows affected: 1
[2024-10-08T05:35:09.797+0000] {python.py:240} INFO - Done. Returned value was: None
[2024-10-08T05:35:09.825+0000] {taskinstance.py:340} INFO - ::group::Post task execution logs
[2024-10-08T05:35:09.828+0000] {taskinstance.py:352} INFO - Marking task as SUCCESS. dag_id=fetch_and_store_amazon_books, task_id=insert_book_data, run_id=scheduled__2024-08-30T00:00:00+00:00, execution_date=20240830T000000, start_date=20241008T053507, end_date=20241008T053509
[2024-10-08T05:35:09.885+0000] {logging_mixin.py:190} INFO - Task instance in success state
[2024-10-08T05:35:09.889+0000] {logging_mixin.py:190} INFO -  Previous state of the Task instance: running
[2024-10-08T05:35:09.890+0000] {logging_mixin.py:190} INFO - Dag name:fetch_and_store_amazon_books queued_at:2024-10-08 05:29:36.371834+00:00
[2024-10-08T05:35:09.890+0000] {logging_mixin.py:190} INFO - Task hostname:475658bd4f83 operator:PythonOperator
[2024-10-08T05:35:09.951+0000] {local_task_job_runner.py:261} INFO - Task exited with return code 0
[2024-10-08T05:35:10.044+0000] {taskinstance.py:3891} INFO - 0 downstream tasks scheduled from follow-on schedule check
[2024-10-08T05:35:10.049+0000] {local_task_job_runner.py:240} INFO - ::endgroup::
