[2024-10-08T05:31:05.145+0000] {local_task_job_runner.py:123} INFO - ::group::Pre task execution logs
[2024-10-08T05:31:05.198+0000] {taskinstance.py:2603} INFO - Dependencies all met for dep_context=non-requeueable deps ti=<TaskInstance: fetch_and_store_amazon_books.fetch_book_data scheduled__2024-09-12T00:00:00+00:00 [queued]>
[2024-10-08T05:31:05.219+0000] {taskinstance.py:2603} INFO - Dependencies all met for dep_context=requeueable deps ti=<TaskInstance: fetch_and_store_amazon_books.fetch_book_data scheduled__2024-09-12T00:00:00+00:00 [queued]>
[2024-10-08T05:31:05.220+0000] {taskinstance.py:2856} INFO - Starting attempt 1 of 2
[2024-10-08T05:31:05.262+0000] {taskinstance.py:2879} INFO - Executing <Task(PythonOperator): fetch_book_data> on 2024-09-12 00:00:00+00:00
[2024-10-08T05:31:05.281+0000] {warnings.py:112} WARNING - /home/***/.local/lib/python3.12/site-packages/***/task/task_runner/standard_task_runner.py:70: DeprecationWarning: This process (pid=435) is multi-threaded, use of fork() may lead to deadlocks in the child.
  pid = os.fork()

[2024-10-08T05:31:05.286+0000] {standard_task_runner.py:72} INFO - Started process 441 to run task
[2024-10-08T05:31:05.290+0000] {standard_task_runner.py:104} INFO - Running: ['***', 'tasks', 'run', 'fetch_and_store_amazon_books', 'fetch_book_data', 'scheduled__2024-09-12T00:00:00+00:00', '--job-id', '203', '--raw', '--subdir', 'DAGS_FOLDER/app.py', '--cfg-path', '/tmp/tmpvth9naq7']
[2024-10-08T05:31:05.293+0000] {standard_task_runner.py:105} INFO - Job 203: Subtask fetch_book_data
[2024-10-08T05:31:05.409+0000] {task_command.py:467} INFO - Running <TaskInstance: fetch_and_store_amazon_books.fetch_book_data scheduled__2024-09-12T00:00:00+00:00 [running]> on host 475658bd4f83
[2024-10-08T05:31:05.523+0000] {taskinstance.py:3122} INFO - Exporting env vars: AIRFLOW_CTX_DAG_OWNER='***' AIRFLOW_CTX_DAG_ID='fetch_and_store_amazon_books' AIRFLOW_CTX_TASK_ID='fetch_book_data' AIRFLOW_CTX_EXECUTION_DATE='2024-09-12T00:00:00+00:00' AIRFLOW_CTX_TRY_NUMBER='1' AIRFLOW_CTX_DAG_RUN_ID='scheduled__2024-09-12T00:00:00+00:00'
[2024-10-08T05:31:05.530+0000] {logging_mixin.py:190} INFO - Task instance is in running state
[2024-10-08T05:31:05.531+0000] {logging_mixin.py:190} INFO -  Previous state of the Task instance: queued
[2024-10-08T05:31:05.532+0000] {logging_mixin.py:190} INFO - Current task name:fetch_book_data state:running start_date:2024-10-08 05:31:05.199884+00:00
[2024-10-08T05:31:05.532+0000] {logging_mixin.py:190} INFO - Dag name:fetch_and_store_amazon_books and current dag run status:running
[2024-10-08T05:31:05.533+0000] {taskinstance.py:731} INFO - ::endgroup::
[2024-10-08T05:31:14.300+0000] {python.py:240} INFO - Done. Returned value was: None
[2024-10-08T05:31:14.350+0000] {taskinstance.py:340} INFO - ::group::Post task execution logs
[2024-10-08T05:31:14.352+0000] {taskinstance.py:352} INFO - Marking task as SUCCESS. dag_id=fetch_and_store_amazon_books, task_id=fetch_book_data, run_id=scheduled__2024-09-12T00:00:00+00:00, execution_date=20240912T000000, start_date=20241008T053105, end_date=20241008T053114
[2024-10-08T05:31:14.613+0000] {logging_mixin.py:190} INFO - Task instance in success state
[2024-10-08T05:31:14.621+0000] {logging_mixin.py:190} INFO -  Previous state of the Task instance: running
[2024-10-08T05:31:14.631+0000] {logging_mixin.py:190} INFO - Dag name:fetch_and_store_amazon_books queued_at:2024-10-08 05:30:58.957386+00:00
[2024-10-08T05:31:14.633+0000] {logging_mixin.py:190} INFO - Task hostname:475658bd4f83 operator:PythonOperator
[2024-10-08T05:31:14.739+0000] {local_task_job_runner.py:261} INFO - Task exited with return code 0
[2024-10-08T05:31:14.836+0000] {warnings.py:112} WARNING - /home/***/.local/lib/python3.12/site-packages/***/models/baseoperator.py:1378: AirflowProviderDeprecationWarning: Call to deprecated class PostgresOperator. (Please use `***.providers.common.sql.operators.sql.SQLExecuteQueryOperator`.Also, you can provide `hook_params={'schema': <database>}`.)
  result = cls.__new__(cls)

[2024-10-08T05:31:14.954+0000] {taskinstance.py:3891} INFO - 1 downstream tasks scheduled from follow-on schedule check
[2024-10-08T05:31:14.961+0000] {local_task_job_runner.py:240} INFO - ::endgroup::
