[2024-10-08T05:31:21.519+0000] {local_task_job_runner.py:123} INFO - ::group::Pre task execution logs
[2024-10-08T05:31:21.555+0000] {taskinstance.py:2603} INFO - Dependencies all met for dep_context=non-requeueable deps ti=<TaskInstance: fetch_and_store_amazon_books.insert_book_data scheduled__2024-09-11T00:00:00+00:00 [queued]>
[2024-10-08T05:31:21.568+0000] {taskinstance.py:2603} INFO - Dependencies all met for dep_context=requeueable deps ti=<TaskInstance: fetch_and_store_amazon_books.insert_book_data scheduled__2024-09-11T00:00:00+00:00 [queued]>
[2024-10-08T05:31:21.568+0000] {taskinstance.py:2856} INFO - Starting attempt 1 of 2
[2024-10-08T05:31:21.589+0000] {taskinstance.py:2879} INFO - Executing <Task(PythonOperator): insert_book_data> on 2024-09-11 00:00:00+00:00
[2024-10-08T05:31:21.618+0000] {warnings.py:112} WARNING - /home/***/.local/lib/python3.12/site-packages/***/task/task_runner/standard_task_runner.py:70: DeprecationWarning: This process (pid=462) is multi-threaded, use of fork() may lead to deadlocks in the child.
  pid = os.fork()

[2024-10-08T05:31:21.621+0000] {standard_task_runner.py:72} INFO - Started process 472 to run task
[2024-10-08T05:31:21.624+0000] {standard_task_runner.py:104} INFO - Running: ['***', 'tasks', 'run', 'fetch_and_store_amazon_books', 'insert_book_data', 'scheduled__2024-09-11T00:00:00+00:00', '--job-id', '208', '--raw', '--subdir', 'DAGS_FOLDER/app.py', '--cfg-path', '/tmp/tmpkjskarh4']
[2024-10-08T05:31:21.627+0000] {standard_task_runner.py:105} INFO - Job 208: Subtask insert_book_data
[2024-10-08T05:31:21.727+0000] {task_command.py:467} INFO - Running <TaskInstance: fetch_and_store_amazon_books.insert_book_data scheduled__2024-09-11T00:00:00+00:00 [running]> on host 475658bd4f83
[2024-10-08T05:31:21.901+0000] {taskinstance.py:3122} INFO - Exporting env vars: AIRFLOW_CTX_DAG_OWNER='***' AIRFLOW_CTX_DAG_ID='fetch_and_store_amazon_books' AIRFLOW_CTX_TASK_ID='insert_book_data' AIRFLOW_CTX_EXECUTION_DATE='2024-09-11T00:00:00+00:00' AIRFLOW_CTX_TRY_NUMBER='1' AIRFLOW_CTX_DAG_RUN_ID='scheduled__2024-09-11T00:00:00+00:00'
[2024-10-08T05:31:21.909+0000] {logging_mixin.py:190} INFO - Task instance is in running state
[2024-10-08T05:31:21.911+0000] {logging_mixin.py:190} INFO -  Previous state of the Task instance: queued
[2024-10-08T05:31:21.913+0000] {logging_mixin.py:190} INFO - Current task name:insert_book_data state:running start_date:2024-10-08 05:31:21.556337+00:00
[2024-10-08T05:31:21.914+0000] {logging_mixin.py:190} INFO - Dag name:fetch_and_store_amazon_books and current dag run status:running
[2024-10-08T05:31:21.915+0000] {taskinstance.py:731} INFO - ::endgroup::
[2024-10-08T05:31:21.975+0000] {base.py:84} INFO - Retrieving connection 'books_connection'
[2024-10-08T05:31:21.993+0000] {sql.py:509} INFO - Running statement: 
    INSERT INTO books (title, authors, price, rating)
    VALUES (%s, %s, %s, %s)
    , parameters: ('Data Engineering with AWS - Second Edition: Acquire the skills to design and build AWS-based data transformation pipelines like a pro', 'Gareth Eagar', '41.', '4.4 out of 5 stars')
[2024-10-08T05:31:21.999+0000] {sql.py:518} INFO - Rows affected: 1
[2024-10-08T05:31:22.019+0000] {base.py:84} INFO - Retrieving connection 'books_connection'
[2024-10-08T05:31:22.041+0000] {sql.py:509} INFO - Running statement: 
    INSERT INTO books (title, authors, price, rating)
    VALUES (%s, %s, %s, %s)
    , parameters: ('Azure Data Engineer Associate Certification Guide: Ace the DP-203 exam with advanced data engineering skills', 'Giacinto Palmieri', '49.', '4.4 out of 5 stars')
[2024-10-08T05:31:22.045+0000] {sql.py:518} INFO - Rows affected: 1
[2024-10-08T05:31:22.064+0000] {base.py:84} INFO - Retrieving connection 'books_connection'
[2024-10-08T05:31:22.074+0000] {sql.py:509} INFO - Running statement: 
    INSERT INTO books (title, authors, price, rating)
    VALUES (%s, %s, %s, %s)
    , parameters: ('Fundamentals of Data Analytics: Learn Essential Skills, Embrace the Future, and Catapult Your Career in the Data-Driven World—A Comprehensive Guide to Data Literacy for Beginners', 'Russell Dawson', '17.', '4.8 out of 5 stars')
[2024-10-08T05:31:22.079+0000] {sql.py:518} INFO - Rows affected: 1
[2024-10-08T05:31:22.108+0000] {base.py:84} INFO - Retrieving connection 'books_connection'
[2024-10-08T05:31:22.118+0000] {sql.py:509} INFO - Running statement: 
    INSERT INTO books (title, authors, price, rating)
    VALUES (%s, %s, %s, %s)
    , parameters: ('Build a Career in Data Science', 'Emily Robinson', '35.', '4.6 out of 5 stars')
[2024-10-08T05:31:22.126+0000] {sql.py:518} INFO - Rows affected: 1
[2024-10-08T05:31:22.148+0000] {base.py:84} INFO - Retrieving connection 'books_connection'
[2024-10-08T05:31:22.158+0000] {sql.py:509} INFO - Running statement: 
    INSERT INTO books (title, authors, price, rating)
    VALUES (%s, %s, %s, %s)
    , parameters: ('Fundamentals of Data Engineering: Plan and Build Robust Data Systems', 'Joe Reis', '25.', '4.7 out of 5 stars')
[2024-10-08T05:31:22.160+0000] {sql.py:518} INFO - Rows affected: 1
[2024-10-08T05:31:22.174+0000] {base.py:84} INFO - Retrieving connection 'books_connection'
[2024-10-08T05:31:22.182+0000] {sql.py:509} INFO - Running statement: 
    INSERT INTO books (title, authors, price, rating)
    VALUES (%s, %s, %s, %s)
    , parameters: ('Designing Data-Intensive Applications: The Big Ideas Behind Reliable, Scalable, and Maintainable Systems', 'Martin Kleppmann', '55.', '4.7 out of 5 stars')
[2024-10-08T05:31:22.187+0000] {sql.py:518} INFO - Rows affected: 1
[2024-10-08T05:31:22.220+0000] {base.py:84} INFO - Retrieving connection 'books_connection'
[2024-10-08T05:31:22.235+0000] {sql.py:509} INFO - Running statement: 
    INSERT INTO books (title, authors, price, rating)
    VALUES (%s, %s, %s, %s)
    , parameters: ("Ultimate Data Engineering with Databricks: Develop Scalable Data Pipelines Using Data Engineering's Core Tenets Such as Delta Tables, Ingestion, ... Security, and Scalability (English Edition)", 'Mayank Malhotra', '37.', '4.1 out of 5 stars')
[2024-10-08T05:31:22.237+0000] {sql.py:518} INFO - Rows affected: 1
[2024-10-08T05:31:22.255+0000] {base.py:84} INFO - Retrieving connection 'books_connection'
[2024-10-08T05:31:22.268+0000] {sql.py:509} INFO - Running statement: 
    INSERT INTO books (title, authors, price, rating)
    VALUES (%s, %s, %s, %s)
    , parameters: ("Azure Data Factory Cookbook: A data engineer's guide to building and managing ETL and ELT pipelines with data integration", 'Dmitry Foshin', '51.', '4.2 out of 5 stars')
[2024-10-08T05:31:22.275+0000] {sql.py:518} INFO - Rows affected: 1
[2024-10-08T05:31:22.302+0000] {base.py:84} INFO - Retrieving connection 'books_connection'
[2024-10-08T05:31:22.314+0000] {sql.py:509} INFO - Running statement: 
    INSERT INTO books (title, authors, price, rating)
    VALUES (%s, %s, %s, %s)
    , parameters: ('Data Engineering with dbt: A practical guide to building a cloud-based, pragmatic, and dependable data platform with SQL', 'Roberto Zagni', '37.', '4.6 out of 5 stars')
[2024-10-08T05:31:22.322+0000] {sql.py:518} INFO - Rows affected: 1
[2024-10-08T05:31:22.342+0000] {base.py:84} INFO - Retrieving connection 'books_connection'
[2024-10-08T05:31:22.349+0000] {sql.py:509} INFO - Running statement: 
    INSERT INTO books (title, authors, price, rating)
    VALUES (%s, %s, %s, %s)
    , parameters: ('Data Engineering with Python: Work with massive datasets to design data models and automate data pipelines using Python', 'Paul Crickard', '37.', '4.1 out of 5 stars')
[2024-10-08T05:31:22.351+0000] {sql.py:518} INFO - Rows affected: 1
[2024-10-08T05:31:22.360+0000] {base.py:84} INFO - Retrieving connection 'books_connection'
[2024-10-08T05:31:22.368+0000] {sql.py:509} INFO - Running statement: 
    INSERT INTO books (title, authors, price, rating)
    VALUES (%s, %s, %s, %s)
    , parameters: ('Cracking the Data Engineering Interview: Land your dream job with the help of resume-building tips, over 100 mock questions, and a unique portfolio', 'Kedeisha Bryan', '26.', '4.4 out of 5 stars')
[2024-10-08T05:31:22.374+0000] {sql.py:518} INFO - Rows affected: 1
[2024-10-08T05:31:22.397+0000] {base.py:84} INFO - Retrieving connection 'books_connection'
[2024-10-08T05:31:22.407+0000] {sql.py:509} INFO - Running statement: 
    INSERT INTO books (title, authors, price, rating)
    VALUES (%s, %s, %s, %s)
    , parameters: ('Data Pipelines Pocket Reference: Moving and Processing Data for Analytics', 'James Densmore', '17.', '4.5 out of 5 stars')
[2024-10-08T05:31:22.409+0000] {sql.py:518} INFO - Rows affected: 1
[2024-10-08T05:31:22.418+0000] {base.py:84} INFO - Retrieving connection 'books_connection'
[2024-10-08T05:31:22.424+0000] {sql.py:509} INFO - Running statement: 
    INSERT INTO books (title, authors, price, rating)
    VALUES (%s, %s, %s, %s)
    , parameters: ('Ace the Data Science Interview: 201 Real Interview Questions Asked By FAANG, Tech Startups, & Wall Street', 'Nick Singh', '42.', '4.5 out of 5 stars')
[2024-10-08T05:31:22.427+0000] {sql.py:518} INFO - Rows affected: 1
[2024-10-08T05:31:22.437+0000] {base.py:84} INFO - Retrieving connection 'books_connection'
[2024-10-08T05:31:22.442+0000] {sql.py:509} INFO - Running statement: 
    INSERT INTO books (title, authors, price, rating)
    VALUES (%s, %s, %s, %s)
    , parameters: ('Ace the Data Engineering Interview: Questions and Answers for Python, SQL, Data Modeling and More', 'Sean Coyne', '24.', '3.8 out of 5 stars')
[2024-10-08T05:31:22.443+0000] {sql.py:518} INFO - Rows affected: 1
[2024-10-08T05:31:22.467+0000] {base.py:84} INFO - Retrieving connection 'books_connection'
[2024-10-08T05:31:22.474+0000] {sql.py:509} INFO - Running statement: 
    INSERT INTO books (title, authors, price, rating)
    VALUES (%s, %s, %s, %s)
    , parameters: ('Data Engineering with Databricks Cookbook: Build effective data and AI solutions using Apache Spark, Databricks, and Delta Lake', 'Pulkit Chadha', '49.', '4.3 out of 5 stars')
[2024-10-08T05:31:22.477+0000] {sql.py:518} INFO - Rows affected: 1
[2024-10-08T05:31:22.488+0000] {base.py:84} INFO - Retrieving connection 'books_connection'
[2024-10-08T05:31:22.494+0000] {sql.py:509} INFO - Running statement: 
    INSERT INTO books (title, authors, price, rating)
    VALUES (%s, %s, %s, %s)
    , parameters: ('Software Engineering for Data Scientists: From Notebooks to Scalable Systems', 'Catherine Nelson', '51.', '4.4 out of 5 stars')
[2024-10-08T05:31:22.495+0000] {sql.py:518} INFO - Rows affected: 1
[2024-10-08T05:31:22.502+0000] {base.py:84} INFO - Retrieving connection 'books_connection'
[2024-10-08T05:31:22.506+0000] {sql.py:509} INFO - Running statement: 
    INSERT INTO books (title, authors, price, rating)
    VALUES (%s, %s, %s, %s)
    , parameters: ('Data Observability for Data Engineering: Proactive strategies for ensuring data accuracy and addressing broken data pipelines', 'Michele Pinto', '36.', '3.7 out of 5 stars')
[2024-10-08T05:31:22.507+0000] {sql.py:518} INFO - Rows affected: 1
[2024-10-08T05:31:22.516+0000] {base.py:84} INFO - Retrieving connection 'books_connection'
[2024-10-08T05:31:22.522+0000] {sql.py:509} INFO - Running statement: 
    INSERT INTO books (title, authors, price, rating)
    VALUES (%s, %s, %s, %s)
    , parameters: ('Python Data Engineering Resources: Forge Your Path to Success in Data Engineering, Machine Learning and AI', 'Vajo Lukic', '12.', '4.9 out of 5 stars')
[2024-10-08T05:31:22.525+0000] {sql.py:518} INFO - Rows affected: 1
[2024-10-08T05:31:22.544+0000] {base.py:84} INFO - Retrieving connection 'books_connection'
[2024-10-08T05:31:22.550+0000] {sql.py:509} INFO - Running statement: 
    INSERT INTO books (title, authors, price, rating)
    VALUES (%s, %s, %s, %s)
    , parameters: ('Essentials of Data Engineering', 'Dr. Mukesh Saini', '19.', '5.0 out of 5 stars')
[2024-10-08T05:31:22.552+0000] {sql.py:518} INFO - Rows affected: 1
[2024-10-08T05:31:22.561+0000] {base.py:84} INFO - Retrieving connection 'books_connection'
[2024-10-08T05:31:22.566+0000] {sql.py:509} INFO - Running statement: 
    INSERT INTO books (title, authors, price, rating)
    VALUES (%s, %s, %s, %s)
    , parameters: ('Data Engineering with AWS: Learn how to design and build cloud-based data transformation pipelines using AWS', 'Gareth Eagar', '49.', '4.4 out of 5 stars')
[2024-10-08T05:31:22.567+0000] {sql.py:518} INFO - Rows affected: 1
[2024-10-08T05:31:22.574+0000] {base.py:84} INFO - Retrieving connection 'books_connection'
[2024-10-08T05:31:22.579+0000] {sql.py:509} INFO - Running statement: 
    INSERT INTO books (title, authors, price, rating)
    VALUES (%s, %s, %s, %s)
    , parameters: ('Data Engineering with Python cookbook: Learn to build efficient data pipelines using the Modern Cloud Data Stack', 'Adithyan Ramanujakootam', '32.', '5.0 out of 5 stars')
[2024-10-08T05:31:22.581+0000] {sql.py:518} INFO - Rows affected: 1
[2024-10-08T05:31:22.588+0000] {base.py:84} INFO - Retrieving connection 'books_connection'
[2024-10-08T05:31:22.592+0000] {sql.py:509} INFO - Running statement: 
    INSERT INTO books (title, authors, price, rating)
    VALUES (%s, %s, %s, %s)
    , parameters: ('Data Analysis with Python and PySpark', 'Jonathan Rioux', '55.', '4.4 out of 5 stars')
[2024-10-08T05:31:22.593+0000] {sql.py:518} INFO - Rows affected: 1
[2024-10-08T05:31:22.600+0000] {base.py:84} INFO - Retrieving connection 'books_connection'
[2024-10-08T05:31:22.604+0000] {sql.py:509} INFO - Running statement: 
    INSERT INTO books (title, authors, price, rating)
    VALUES (%s, %s, %s, %s)
    , parameters: ('Fundamentals of Data Engineering: A Comprehensive Guide to Designing, Building, and Managing Data Pipelines, Storage Solutions, and Processing Frameworks.', 'Paperback', '14.', '5.0 out of 5 stars')
[2024-10-08T05:31:22.605+0000] {sql.py:518} INFO - Rows affected: 1
[2024-10-08T05:31:22.612+0000] {base.py:84} INFO - Retrieving connection 'books_connection'
[2024-10-08T05:31:22.616+0000] {sql.py:509} INFO - Running statement: 
    INSERT INTO books (title, authors, price, rating)
    VALUES (%s, %s, %s, %s)
    , parameters: ('Data Privacy: A runbook for engineers', 'Nishant Bhajaria', '35.', '4.8 out of 5 stars')
[2024-10-08T05:31:22.617+0000] {sql.py:518} INFO - Rows affected: 1
[2024-10-08T05:31:22.624+0000] {base.py:84} INFO - Retrieving connection 'books_connection'
[2024-10-08T05:31:22.628+0000] {sql.py:509} INFO - Running statement: 
    INSERT INTO books (title, authors, price, rating)
    VALUES (%s, %s, %s, %s)
    , parameters: ("Data Quality Fundamentals: A Practitioner's Guide to Building Trustworthy Data Pipelines", 'Paperback', '45.', '4.1 out of 5 stars')
[2024-10-08T05:31:22.629+0000] {sql.py:518} INFO - Rows affected: 1
[2024-10-08T05:31:22.645+0000] {base.py:84} INFO - Retrieving connection 'books_connection'
[2024-10-08T05:31:22.655+0000] {sql.py:509} INFO - Running statement: 
    INSERT INTO books (title, authors, price, rating)
    VALUES (%s, %s, %s, %s)
    , parameters: ('Data Engineering with Google Cloud Platform: A practical guide to operationalizing scalable data analytics systems on GCP', 'Adi Wijaya', '41.', '4.7 out of 5 stars')
[2024-10-08T05:31:22.658+0000] {sql.py:518} INFO - Rows affected: 1
[2024-10-08T05:31:22.669+0000] {base.py:84} INFO - Retrieving connection 'books_connection'
[2024-10-08T05:31:22.676+0000] {sql.py:509} INFO - Running statement: 
    INSERT INTO books (title, authors, price, rating)
    VALUES (%s, %s, %s, %s)
    , parameters: ('DATA ENGINEERING AND AI FOR BEGINNERS: Revolutionizing Data Processing and Analytics by Leveraging Artificial Intelligence for Efficient Input Collection, Storage, and Transformation (World of AI)', 'Paperback', '13.', '4.3 out of 5 stars')
[2024-10-08T05:31:22.677+0000] {sql.py:518} INFO - Rows affected: 1
[2024-10-08T05:31:22.684+0000] {base.py:84} INFO - Retrieving connection 'books_connection'
[2024-10-08T05:31:22.689+0000] {sql.py:509} INFO - Running statement: 
    INSERT INTO books (title, authors, price, rating)
    VALUES (%s, %s, %s, %s)
    , parameters: ('Data Engineering Fundamentals for Beginners: Mastering the Art of Building, Managing, and Scaling Data Systems', 'Paperback', '14.', '5.0 out of 5 stars')
[2024-10-08T05:31:22.690+0000] {sql.py:518} INFO - Rows affected: 1
[2024-10-08T05:31:22.697+0000] {base.py:84} INFO - Retrieving connection 'books_connection'
[2024-10-08T05:31:22.700+0000] {sql.py:509} INFO - Running statement: 
    INSERT INTO books (title, authors, price, rating)
    VALUES (%s, %s, %s, %s)
    , parameters: ("Engineering Data Mesh in Azure Cloud: Implement data mesh using Microsoft Azure's Cloud Adoption Framework", 'Paperback', '47.', '4.5 out of 5 stars')
[2024-10-08T05:31:22.702+0000] {sql.py:518} INFO - Rows affected: 1
[2024-10-08T05:31:22.708+0000] {base.py:84} INFO - Retrieving connection 'books_connection'
[2024-10-08T05:31:22.712+0000] {sql.py:509} INFO - Running statement: 
    INSERT INTO books (title, authors, price, rating)
    VALUES (%s, %s, %s, %s)
    , parameters: ('Data Engineering with Apache Spark, Delta Lake, and Lakehouse: Create scalable pipelines that ingest, curate, and aggregate complex data in a timely and secure way', 'Manoj Kukreja', '46.', '3.9 out of 5 stars')
[2024-10-08T05:31:22.713+0000] {sql.py:518} INFO - Rows affected: 1
[2024-10-08T05:31:22.719+0000] {base.py:84} INFO - Retrieving connection 'books_connection'
[2024-10-08T05:31:22.724+0000] {sql.py:509} INFO - Running statement: 
    INSERT INTO books (title, authors, price, rating)
    VALUES (%s, %s, %s, %s)
    , parameters: ('Data-Driven Science and Engineering: Machine Learning, Dynamical Systems, and Control', 'Steven L. Brunton', '64.', '4.8 out of 5 stars')
[2024-10-08T05:31:22.724+0000] {sql.py:518} INFO - Rows affected: 1
[2024-10-08T05:31:22.733+0000] {base.py:84} INFO - Retrieving connection 'books_connection'
[2024-10-08T05:31:22.737+0000] {sql.py:509} INFO - Running statement: 
    INSERT INTO books (title, authors, price, rating)
    VALUES (%s, %s, %s, %s)
    , parameters: ('Data Engineering with Google Cloud Platform: A guide to leveling up as a data engineer by building a scalable data platform with Google Cloud', 'Adi Wijaya', '40.', '4.8 out of 5 stars')
[2024-10-08T05:31:22.738+0000] {sql.py:518} INFO - Rows affected: 1
[2024-10-08T05:31:22.746+0000] {base.py:84} INFO - Retrieving connection 'books_connection'
[2024-10-08T05:31:22.749+0000] {sql.py:509} INFO - Running statement: 
    INSERT INTO books (title, authors, price, rating)
    VALUES (%s, %s, %s, %s)
    , parameters: ('97 Things Every Data Engineer Should Know: Collective Wisdom from the Experts', 'Tobias Macey', '28.', '4.1 out of 5 stars')
[2024-10-08T05:31:22.751+0000] {sql.py:518} INFO - Rows affected: 1
[2024-10-08T05:31:22.757+0000] {base.py:84} INFO - Retrieving connection 'books_connection'
[2024-10-08T05:31:22.762+0000] {sql.py:509} INFO - Running statement: 
    INSERT INTO books (title, authors, price, rating)
    VALUES (%s, %s, %s, %s)
    , parameters: ('Analytics Engineering with SQL and dbt: Building Meaningful Data Models at Scale', 'Rui Pedro Machado', '41.', '3.9 out of 5 stars')
[2024-10-08T05:31:22.763+0000] {sql.py:518} INFO - Rows affected: 1
[2024-10-08T05:31:22.771+0000] {base.py:84} INFO - Retrieving connection 'books_connection'
[2024-10-08T05:31:22.777+0000] {sql.py:509} INFO - Running statement: 
    INSERT INTO books (title, authors, price, rating)
    VALUES (%s, %s, %s, %s)
    , parameters: ('Data Engineering with Scala and Spark: Build streaming and batch pipelines that process massive amounts of data using Scala', 'Eric Tome', '29.', '4.1 out of 5 stars')
[2024-10-08T05:31:22.779+0000] {sql.py:518} INFO - Rows affected: 1
[2024-10-08T05:31:22.803+0000] {base.py:84} INFO - Retrieving connection 'books_connection'
[2024-10-08T05:31:22.809+0000] {sql.py:509} INFO - Running statement: 
    INSERT INTO books (title, authors, price, rating)
    VALUES (%s, %s, %s, %s)
    , parameters: ('Storytelling with Data: A Data Visualization Guide for Business Professionals', 'Cole Nussbaumer Knaflic', '27.', '4.6 out of 5 stars')
[2024-10-08T05:31:22.811+0000] {sql.py:518} INFO - Rows affected: 1
[2024-10-08T05:31:22.823+0000] {base.py:84} INFO - Retrieving connection 'books_connection'
[2024-10-08T05:31:22.829+0000] {sql.py:509} INFO - Running statement: 
    INSERT INTO books (title, authors, price, rating)
    VALUES (%s, %s, %s, %s)
    , parameters: ('Data Mesh: Delivering Data-Driven Value at Scale', 'Zhamak Dehghani', '43.', '4.5 out of 5 stars')
[2024-10-08T05:31:22.831+0000] {sql.py:518} INFO - Rows affected: 1
[2024-10-08T05:31:22.844+0000] {base.py:84} INFO - Retrieving connection 'books_connection'
[2024-10-08T05:31:22.851+0000] {sql.py:509} INFO - Running statement: 
    INSERT INTO books (title, authors, price, rating)
    VALUES (%s, %s, %s, %s)
    , parameters: ('Data Engineering 101', 'Kindle', '0.', '3.9 out of 5 stars')
[2024-10-08T05:31:22.852+0000] {sql.py:518} INFO - Rows affected: 1
[2024-10-08T05:31:22.859+0000] {base.py:84} INFO - Retrieving connection 'books_connection'
[2024-10-08T05:31:22.865+0000] {sql.py:509} INFO - Running statement: 
    INSERT INTO books (title, authors, price, rating)
    VALUES (%s, %s, %s, %s)
    , parameters: ('Data Modeling with Snowflake: A practical guide to accelerating Snowflake development using universal data modeling techniques', 'Serge Gershkovich', '36.', '4.8 out of 5 stars')
[2024-10-08T05:31:22.869+0000] {sql.py:518} INFO - Rows affected: 1
[2024-10-08T05:31:22.890+0000] {base.py:84} INFO - Retrieving connection 'books_connection'
[2024-10-08T05:31:22.908+0000] {sql.py:509} INFO - Running statement: 
    INSERT INTO books (title, authors, price, rating)
    VALUES (%s, %s, %s, %s)
    , parameters: ('Official Google Cloud Certified Professional Data Engineer Study Guide', 'Dan Sullivan', '33.', '4.5 out of 5 stars')
[2024-10-08T05:31:22.913+0000] {sql.py:518} INFO - Rows affected: 1
[2024-10-08T05:31:22.927+0000] {base.py:84} INFO - Retrieving connection 'books_connection'
[2024-10-08T05:31:22.933+0000] {sql.py:509} INFO - Running statement: 
    INSERT INTO books (title, authors, price, rating)
    VALUES (%s, %s, %s, %s)
    , parameters: ('Machine Learning Engineering', 'Andriy Burkov', '39.', '4.7 out of 5 stars')
[2024-10-08T05:31:22.935+0000] {sql.py:518} INFO - Rows affected: 1
[2024-10-08T05:31:22.948+0000] {base.py:84} INFO - Retrieving connection 'books_connection'
[2024-10-08T05:31:22.953+0000] {sql.py:509} INFO - Running statement: 
    INSERT INTO books (title, authors, price, rating)
    VALUES (%s, %s, %s, %s)
    , parameters: ('Fundamentals of Data Observability: Implement Trustworthy End-to-End Data Solutions', 'Andy Petrella', '36.', '4.0 out of 5 stars')
[2024-10-08T05:31:22.956+0000] {sql.py:518} INFO - Rows affected: 1
[2024-10-08T05:31:22.980+0000] {base.py:84} INFO - Retrieving connection 'books_connection'
[2024-10-08T05:31:22.986+0000] {sql.py:509} INFO - Running statement: 
    INSERT INTO books (title, authors, price, rating)
    VALUES (%s, %s, %s, %s)
    , parameters: ('Modern Data Engineering with Apache Spark: A Hands-On Guide for Building Mission-Critical Streaming Applications', 'Scott Haines', '28.', '4.1 out of 5 stars')
[2024-10-08T05:31:22.988+0000] {sql.py:518} INFO - Rows affected: 1
[2024-10-08T05:31:23.007+0000] {base.py:84} INFO - Retrieving connection 'books_connection'
[2024-10-08T05:31:23.017+0000] {sql.py:509} INFO - Running statement: 
    INSERT INTO books (title, authors, price, rating)
    VALUES (%s, %s, %s, %s)
    , parameters: ('Python Feature Engineering Cookbook: A complete guide to crafting powerful features for your machine learning models', 'Soledad Galli', '44.', '5.0 out of 5 stars')
[2024-10-08T05:31:23.018+0000] {sql.py:518} INFO - Rows affected: 1
[2024-10-08T05:31:23.029+0000] {base.py:84} INFO - Retrieving connection 'books_connection'
[2024-10-08T05:31:23.035+0000] {sql.py:509} INFO - Running statement: 
    INSERT INTO books (title, authors, price, rating)
    VALUES (%s, %s, %s, %s)
    , parameters: ('Data Engineering with Databricks', 'Kindle', '0.', '3.4 out of 5 stars')
[2024-10-08T05:31:23.036+0000] {sql.py:518} INFO - Rows affected: 1
[2024-10-08T05:31:23.044+0000] {base.py:84} INFO - Retrieving connection 'books_connection'
[2024-10-08T05:31:23.050+0000] {sql.py:509} INFO - Running statement: 
    INSERT INTO books (title, authors, price, rating)
    VALUES (%s, %s, %s, %s)
    , parameters: ('Azure Data Factory by Example: Practical Implementation for Data Engineers', 'Richard Swinbank', '33.', '4.2 out of 5 stars')
[2024-10-08T05:31:23.052+0000] {sql.py:518} INFO - Rows affected: 1
[2024-10-08T05:31:23.074+0000] {base.py:84} INFO - Retrieving connection 'books_connection'
[2024-10-08T05:31:23.085+0000] {sql.py:509} INFO - Running statement: 
    INSERT INTO books (title, authors, price, rating)
    VALUES (%s, %s, %s, %s)
    , parameters: ('Data Quality Engineering in Financial Services: Applying Manufacturing Techniques to Data', 'Brian Buzzelli', '30.', '4.4 out of 5 stars')
[2024-10-08T05:31:23.088+0000] {sql.py:518} INFO - Rows affected: 1
[2024-10-08T05:31:23.106+0000] {base.py:84} INFO - Retrieving connection 'books_connection'
[2024-10-08T05:31:23.112+0000] {sql.py:509} INFO - Running statement: 
    INSERT INTO books (title, authors, price, rating)
    VALUES (%s, %s, %s, %s)
    , parameters: ('Prompt Engineering for Generative AI: Future-Proof Inputs for Reliable AI Outputs', 'James Phoenix', '53.', '4.5 out of 5 stars')
[2024-10-08T05:31:23.113+0000] {sql.py:518} INFO - Rows affected: 1
[2024-10-08T05:31:23.124+0000] {base.py:84} INFO - Retrieving connection 'books_connection'
[2024-10-08T05:31:23.132+0000] {sql.py:509} INFO - Running statement: 
    INSERT INTO books (title, authors, price, rating)
    VALUES (%s, %s, %s, %s)
    , parameters: ('Better Data Visualizations: A Guide for Scholars, Researchers, and Wonks', 'Jonathan Schwabish', '26.', '4.5 out of 5 stars')
[2024-10-08T05:31:23.133+0000] {sql.py:518} INFO - Rows affected: 1
[2024-10-08T05:31:23.146+0000] {base.py:84} INFO - Retrieving connection 'books_connection'
[2024-10-08T05:31:23.157+0000] {sql.py:509} INFO - Running statement: 
    INSERT INTO books (title, authors, price, rating)
    VALUES (%s, %s, %s, %s)
    , parameters: ("Applied Machine Learning and AI for Engineers: Solve Business Problems That Can't Be Solved Algorithmically", 'Jeff Prosise', '69.', '4.5 out of 5 stars')
[2024-10-08T05:31:23.162+0000] {sql.py:518} INFO - Rows affected: 1
[2024-10-08T05:31:23.164+0000] {python.py:240} INFO - Done. Returned value was: None
[2024-10-08T05:31:23.184+0000] {taskinstance.py:340} INFO - ::group::Post task execution logs
[2024-10-08T05:31:23.184+0000] {taskinstance.py:352} INFO - Marking task as SUCCESS. dag_id=fetch_and_store_amazon_books, task_id=insert_book_data, run_id=scheduled__2024-09-11T00:00:00+00:00, execution_date=20240911T000000, start_date=20241008T053121, end_date=20241008T053123
[2024-10-08T05:31:23.215+0000] {logging_mixin.py:190} INFO - Task instance in success state
[2024-10-08T05:31:23.217+0000] {logging_mixin.py:190} INFO -  Previous state of the Task instance: running
[2024-10-08T05:31:23.218+0000] {logging_mixin.py:190} INFO - Dag name:fetch_and_store_amazon_books queued_at:2024-10-08 05:30:58.766962+00:00
[2024-10-08T05:31:23.223+0000] {logging_mixin.py:190} INFO - Task hostname:475658bd4f83 operator:PythonOperator
[2024-10-08T05:31:23.310+0000] {local_task_job_runner.py:261} INFO - Task exited with return code 0
[2024-10-08T05:31:23.425+0000] {taskinstance.py:3891} INFO - 0 downstream tasks scheduled from follow-on schedule check
[2024-10-08T05:31:23.434+0000] {local_task_job_runner.py:240} INFO - ::endgroup::
