[2024-10-08T05:11:18.775+0000] {local_task_job_runner.py:123} INFO - ::group::Pre task execution logs
[2024-10-08T05:11:18.794+0000] {taskinstance.py:2603} INFO - Dependencies all met for dep_context=non-requeueable deps ti=<TaskInstance: fetch_and_store_amazon_books.insert_book_data scheduled__2024-07-10T00:00:00+00:00 [queued]>
[2024-10-08T05:11:18.802+0000] {taskinstance.py:2603} INFO - Dependencies all met for dep_context=requeueable deps ti=<TaskInstance: fetch_and_store_amazon_books.insert_book_data scheduled__2024-07-10T00:00:00+00:00 [queued]>
[2024-10-08T05:11:18.802+0000] {taskinstance.py:2856} INFO - Starting attempt 1 of 2
[2024-10-08T05:11:18.813+0000] {taskinstance.py:2879} INFO - Executing <Task(PythonOperator): insert_book_data> on 2024-07-10 00:00:00+00:00
[2024-10-08T05:11:18.822+0000] {warnings.py:112} WARNING - /home/***/.local/lib/python3.12/site-packages/***/task/task_runner/standard_task_runner.py:70: DeprecationWarning: This process (pid=1172) is multi-threaded, use of fork() may lead to deadlocks in the child.
  pid = os.fork()

[2024-10-08T05:11:18.824+0000] {standard_task_runner.py:72} INFO - Started process 1174 to run task
[2024-10-08T05:11:18.825+0000] {standard_task_runner.py:104} INFO - Running: ['***', 'tasks', 'run', 'fetch_and_store_amazon_books', 'insert_book_data', 'scheduled__2024-07-10T00:00:00+00:00', '--job-id', '32', '--raw', '--subdir', 'DAGS_FOLDER/app.py', '--cfg-path', '/tmp/tmpd5vt2lhq']
[2024-10-08T05:11:18.827+0000] {standard_task_runner.py:105} INFO - Job 32: Subtask insert_book_data
[2024-10-08T05:11:18.886+0000] {task_command.py:467} INFO - Running <TaskInstance: fetch_and_store_amazon_books.insert_book_data scheduled__2024-07-10T00:00:00+00:00 [running]> on host a344f6bef387
[2024-10-08T05:11:19.050+0000] {taskinstance.py:3122} INFO - Exporting env vars: AIRFLOW_CTX_DAG_OWNER='***' AIRFLOW_CTX_DAG_ID='fetch_and_store_amazon_books' AIRFLOW_CTX_TASK_ID='insert_book_data' AIRFLOW_CTX_EXECUTION_DATE='2024-07-10T00:00:00+00:00' AIRFLOW_CTX_TRY_NUMBER='1' AIRFLOW_CTX_DAG_RUN_ID='scheduled__2024-07-10T00:00:00+00:00'
[2024-10-08T05:11:19.057+0000] {logging_mixin.py:190} INFO - Task instance is in running state
[2024-10-08T05:11:19.058+0000] {logging_mixin.py:190} INFO -  Previous state of the Task instance: queued
[2024-10-08T05:11:19.060+0000] {logging_mixin.py:190} INFO - Current task name:insert_book_data state:running start_date:2024-10-08 05:11:18.794521+00:00
[2024-10-08T05:11:19.060+0000] {logging_mixin.py:190} INFO - Dag name:fetch_and_store_amazon_books and current dag run status:running
[2024-10-08T05:11:19.061+0000] {taskinstance.py:731} INFO - ::endgroup::
[2024-10-08T05:11:19.098+0000] {base.py:84} INFO - Retrieving connection 'books_connection'
[2024-10-08T05:11:19.104+0000] {sql.py:509} INFO - Running statement: 
    INSERT INTO books (title, authors, price, rating)
    VALUES (%s, %s, %s, %s)
    , parameters: ('Data Engineering with AWS - Second Edition: Acquire the skills to design and build AWS-based data transformation pipelines like a pro', 'Gareth Eagar', '41.', '4.4 out of 5 stars')
[2024-10-08T05:11:19.106+0000] {sql.py:518} INFO - Rows affected: 1
[2024-10-08T05:11:19.112+0000] {base.py:84} INFO - Retrieving connection 'books_connection'
[2024-10-08T05:11:19.125+0000] {sql.py:509} INFO - Running statement: 
    INSERT INTO books (title, authors, price, rating)
    VALUES (%s, %s, %s, %s)
    , parameters: ('Azure Data Engineer Associate Certification Guide: Ace the DP-203 exam with advanced data engineering skills', 'Giacinto Palmieri', '49.', '4.4 out of 5 stars')
[2024-10-08T05:11:19.128+0000] {sql.py:518} INFO - Rows affected: 1
[2024-10-08T05:11:19.144+0000] {base.py:84} INFO - Retrieving connection 'books_connection'
[2024-10-08T05:11:19.151+0000] {sql.py:509} INFO - Running statement: 
    INSERT INTO books (title, authors, price, rating)
    VALUES (%s, %s, %s, %s)
    , parameters: ("Azure Data Factory Cookbook: A data engineer's guide to building and managing ETL and ELT pipelines with data integration", 'Dmitry Foshin', '51.', '4.2 out of 5 stars')
[2024-10-08T05:11:19.153+0000] {sql.py:518} INFO - Rows affected: 1
[2024-10-08T05:11:19.162+0000] {base.py:84} INFO - Retrieving connection 'books_connection'
[2024-10-08T05:11:19.170+0000] {sql.py:509} INFO - Running statement: 
    INSERT INTO books (title, authors, price, rating)
    VALUES (%s, %s, %s, %s)
    , parameters: ('Fundamentals of Data Engineering: Plan and Build Robust Data Systems', 'Joe Reis', '25.', '4.7 out of 5 stars')
[2024-10-08T05:11:19.172+0000] {sql.py:518} INFO - Rows affected: 1
[2024-10-08T05:11:19.188+0000] {base.py:84} INFO - Retrieving connection 'books_connection'
[2024-10-08T05:11:19.198+0000] {sql.py:509} INFO - Running statement: 
    INSERT INTO books (title, authors, price, rating)
    VALUES (%s, %s, %s, %s)
    , parameters: ('Designing Data-Intensive Applications: The Big Ideas Behind Reliable, Scalable, and Maintainable Systems', 'Martin Kleppmann', '55.', '4.7 out of 5 stars')
[2024-10-08T05:11:19.201+0000] {sql.py:518} INFO - Rows affected: 1
[2024-10-08T05:11:19.217+0000] {base.py:84} INFO - Retrieving connection 'books_connection'
[2024-10-08T05:11:19.223+0000] {sql.py:509} INFO - Running statement: 
    INSERT INTO books (title, authors, price, rating)
    VALUES (%s, %s, %s, %s)
    , parameters: ('Fundamentals of Data Analytics: Learn Essential Skills, Embrace the Future, and Catapult Your Career in the Data-Driven World—A Comprehensive Guide to Data Literacy for Beginners', 'Russell Dawson', '17.', '4.8 out of 5 stars')
[2024-10-08T05:11:19.225+0000] {sql.py:518} INFO - Rows affected: 1
[2024-10-08T05:11:19.236+0000] {base.py:84} INFO - Retrieving connection 'books_connection'
[2024-10-08T05:11:19.241+0000] {sql.py:509} INFO - Running statement: 
    INSERT INTO books (title, authors, price, rating)
    VALUES (%s, %s, %s, %s)
    , parameters: ("Ultimate Data Engineering with Databricks: Develop Scalable Data Pipelines Using Data Engineering's Core Tenets Such as Delta Tables, Ingestion, ... Security, and Scalability (English Edition)", 'Mayank Malhotra', '37.', '4.1 out of 5 stars')
[2024-10-08T05:11:19.242+0000] {sql.py:518} INFO - Rows affected: 1
[2024-10-08T05:11:19.247+0000] {base.py:84} INFO - Retrieving connection 'books_connection'
[2024-10-08T05:11:19.253+0000] {sql.py:509} INFO - Running statement: 
    INSERT INTO books (title, authors, price, rating)
    VALUES (%s, %s, %s, %s)
    , parameters: ('Data Engineering with dbt: A practical guide to building a cloud-based, pragmatic, and dependable data platform with SQL', 'Roberto Zagni', '37.', '4.6 out of 5 stars')
[2024-10-08T05:11:19.255+0000] {sql.py:518} INFO - Rows affected: 1
[2024-10-08T05:11:19.268+0000] {base.py:84} INFO - Retrieving connection 'books_connection'
[2024-10-08T05:11:19.274+0000] {sql.py:509} INFO - Running statement: 
    INSERT INTO books (title, authors, price, rating)
    VALUES (%s, %s, %s, %s)
    , parameters: ('Data Engineering with Python: Work with massive datasets to design data models and automate data pipelines using Python', 'Paul Crickard', '37.', '4.1 out of 5 stars')
[2024-10-08T05:11:19.276+0000] {sql.py:518} INFO - Rows affected: 1
[2024-10-08T05:11:19.284+0000] {base.py:84} INFO - Retrieving connection 'books_connection'
[2024-10-08T05:11:19.289+0000] {sql.py:509} INFO - Running statement: 
    INSERT INTO books (title, authors, price, rating)
    VALUES (%s, %s, %s, %s)
    , parameters: ('Cracking the Data Engineering Interview: Land your dream job with the help of resume-building tips, over 100 mock questions, and a unique portfolio', 'Kedeisha Bryan', '26.', '4.4 out of 5 stars')
[2024-10-08T05:11:19.290+0000] {sql.py:518} INFO - Rows affected: 1
[2024-10-08T05:11:19.299+0000] {base.py:84} INFO - Retrieving connection 'books_connection'
[2024-10-08T05:11:19.303+0000] {sql.py:509} INFO - Running statement: 
    INSERT INTO books (title, authors, price, rating)
    VALUES (%s, %s, %s, %s)
    , parameters: ('Data Pipelines Pocket Reference: Moving and Processing Data for Analytics', 'James Densmore', '17.', '4.5 out of 5 stars')
[2024-10-08T05:11:19.304+0000] {sql.py:518} INFO - Rows affected: 1
[2024-10-08T05:11:19.309+0000] {base.py:84} INFO - Retrieving connection 'books_connection'
[2024-10-08T05:11:19.313+0000] {sql.py:509} INFO - Running statement: 
    INSERT INTO books (title, authors, price, rating)
    VALUES (%s, %s, %s, %s)
    , parameters: ('Ace the Data Science Interview: 201 Real Interview Questions Asked By FAANG, Tech Startups, & Wall Street', 'Nick Singh', '42.', '4.5 out of 5 stars')
[2024-10-08T05:11:19.314+0000] {sql.py:518} INFO - Rows affected: 1
[2024-10-08T05:11:19.319+0000] {base.py:84} INFO - Retrieving connection 'books_connection'
[2024-10-08T05:11:19.323+0000] {sql.py:509} INFO - Running statement: 
    INSERT INTO books (title, authors, price, rating)
    VALUES (%s, %s, %s, %s)
    , parameters: ('Ace the Data Engineering Interview: Questions and Answers for Python, SQL, Data Modeling and More', 'Sean Coyne', '24.', '3.8 out of 5 stars')
[2024-10-08T05:11:19.324+0000] {sql.py:518} INFO - Rows affected: 1
[2024-10-08T05:11:19.331+0000] {base.py:84} INFO - Retrieving connection 'books_connection'
[2024-10-08T05:11:19.339+0000] {sql.py:509} INFO - Running statement: 
    INSERT INTO books (title, authors, price, rating)
    VALUES (%s, %s, %s, %s)
    , parameters: ('Data Engineering with Databricks Cookbook: Build effective data and AI solutions using Apache Spark, Databricks, and Delta Lake', 'Pulkit Chadha', '49.', '4.3 out of 5 stars')
[2024-10-08T05:11:19.343+0000] {sql.py:518} INFO - Rows affected: 1
[2024-10-08T05:11:19.358+0000] {base.py:84} INFO - Retrieving connection 'books_connection'
[2024-10-08T05:11:19.364+0000] {sql.py:509} INFO - Running statement: 
    INSERT INTO books (title, authors, price, rating)
    VALUES (%s, %s, %s, %s)
    , parameters: ('Software Engineering for Data Scientists: From Notebooks to Scalable Systems', 'Catherine Nelson', '51.', '4.4 out of 5 stars')
[2024-10-08T05:11:19.365+0000] {sql.py:518} INFO - Rows affected: 1
[2024-10-08T05:11:19.371+0000] {base.py:84} INFO - Retrieving connection 'books_connection'
[2024-10-08T05:11:19.376+0000] {sql.py:509} INFO - Running statement: 
    INSERT INTO books (title, authors, price, rating)
    VALUES (%s, %s, %s, %s)
    , parameters: ('Data Engineering with Alteryx: Helping data engineers apply DataOps practices with Alteryx', 'Paul Houghton', '44.', '4.3 out of 5 stars')
[2024-10-08T05:11:19.377+0000] {sql.py:518} INFO - Rows affected: 1
[2024-10-08T05:11:19.382+0000] {base.py:84} INFO - Retrieving connection 'books_connection'
[2024-10-08T05:11:19.384+0000] {sql.py:509} INFO - Running statement: 
    INSERT INTO books (title, authors, price, rating)
    VALUES (%s, %s, %s, %s)
    , parameters: ('Essentials of Data Engineering', 'Dr. Mukesh Saini', '19.', '5.0 out of 5 stars')
[2024-10-08T05:11:19.385+0000] {sql.py:518} INFO - Rows affected: 1
[2024-10-08T05:11:19.389+0000] {base.py:84} INFO - Retrieving connection 'books_connection'
[2024-10-08T05:11:19.391+0000] {sql.py:509} INFO - Running statement: 
    INSERT INTO books (title, authors, price, rating)
    VALUES (%s, %s, %s, %s)
    , parameters: ('Data Engineering with AWS: Learn how to design and build cloud-based data transformation pipelines using AWS', 'Gareth Eagar', '49.', '4.4 out of 5 stars')
[2024-10-08T05:11:19.392+0000] {sql.py:518} INFO - Rows affected: 1
[2024-10-08T05:11:19.395+0000] {base.py:84} INFO - Retrieving connection 'books_connection'
[2024-10-08T05:11:19.397+0000] {sql.py:509} INFO - Running statement: 
    INSERT INTO books (title, authors, price, rating)
    VALUES (%s, %s, %s, %s)
    , parameters: ('Data Engineering with Python cookbook: Learn to build efficient data pipelines using the Modern Cloud Data Stack', 'Adithyan Ramanujakootam', '32.', '5.0 out of 5 stars')
[2024-10-08T05:11:19.398+0000] {sql.py:518} INFO - Rows affected: 1
[2024-10-08T05:11:19.402+0000] {base.py:84} INFO - Retrieving connection 'books_connection'
[2024-10-08T05:11:19.404+0000] {sql.py:509} INFO - Running statement: 
    INSERT INTO books (title, authors, price, rating)
    VALUES (%s, %s, %s, %s)
    , parameters: ("Data Quality Fundamentals: A Practitioner's Guide to Building Trustworthy Data Pipelines", 'Paperback', '45.', '4.1 out of 5 stars')
[2024-10-08T05:11:19.406+0000] {sql.py:518} INFO - Rows affected: 1
[2024-10-08T05:11:19.410+0000] {base.py:84} INFO - Retrieving connection 'books_connection'
[2024-10-08T05:11:19.411+0000] {sql.py:509} INFO - Running statement: 
    INSERT INTO books (title, authors, price, rating)
    VALUES (%s, %s, %s, %s)
    , parameters: ("Data: Principles To Practice - Volume 1 'Foundations': Essential Foundations: Key Concepts behind Data Architecture, Engineering and Analysis for Professionals", 'Mr Alex Holloway', '12.', '4.6 out of 5 stars')
[2024-10-08T05:11:19.412+0000] {sql.py:518} INFO - Rows affected: 1
[2024-10-08T05:11:19.416+0000] {base.py:84} INFO - Retrieving connection 'books_connection'
[2024-10-08T05:11:19.418+0000] {sql.py:509} INFO - Running statement: 
    INSERT INTO books (title, authors, price, rating)
    VALUES (%s, %s, %s, %s)
    , parameters: ('Data Engineering with Google Cloud Platform: A practical guide to operationalizing scalable data analytics systems on GCP', 'Adi Wijaya', '41.', '4.7 out of 5 stars')
[2024-10-08T05:11:19.419+0000] {sql.py:518} INFO - Rows affected: 1
[2024-10-08T05:11:19.423+0000] {base.py:84} INFO - Retrieving connection 'books_connection'
[2024-10-08T05:11:19.432+0000] {sql.py:509} INFO - Running statement: 
    INSERT INTO books (title, authors, price, rating)
    VALUES (%s, %s, %s, %s)
    , parameters: ('DATA ENGINEERING AND AI FOR BEGINNERS: Revolutionizing Data Processing and Analytics by Leveraging Artificial Intelligence for Efficient Input Collection, Storage, and Transformation (World of AI)', 'Paperback', '13.', '4.3 out of 5 stars')
[2024-10-08T05:11:19.443+0000] {sql.py:518} INFO - Rows affected: 1
[2024-10-08T05:11:19.478+0000] {base.py:84} INFO - Retrieving connection 'books_connection'
[2024-10-08T05:11:19.502+0000] {sql.py:509} INFO - Running statement: 
    INSERT INTO books (title, authors, price, rating)
    VALUES (%s, %s, %s, %s)
    , parameters: ('Fundamentals of Data Engineering: A Comprehensive Guide to Designing, Building, and Managing Data Pipelines, Storage Solutions, and Processing Frameworks.', 'Paperback', '14.', '5.0 out of 5 stars')
[2024-10-08T05:11:19.506+0000] {sql.py:518} INFO - Rows affected: 1
[2024-10-08T05:11:19.523+0000] {base.py:84} INFO - Retrieving connection 'books_connection'
[2024-10-08T05:11:19.527+0000] {sql.py:509} INFO - Running statement: 
    INSERT INTO books (title, authors, price, rating)
    VALUES (%s, %s, %s, %s)
    , parameters: ('Data Privacy: A runbook for engineers', 'Nishant Bhajaria', '35.', '4.8 out of 5 stars')
[2024-10-08T05:11:19.528+0000] {sql.py:518} INFO - Rows affected: 1
[2024-10-08T05:11:19.533+0000] {base.py:84} INFO - Retrieving connection 'books_connection'
[2024-10-08T05:11:19.536+0000] {sql.py:509} INFO - Running statement: 
    INSERT INTO books (title, authors, price, rating)
    VALUES (%s, %s, %s, %s)
    , parameters: ('Data Engineering Fundamentals for Beginners: Mastering the Art of Building, Managing, and Scaling Data Systems', 'Paperback', '14.', '5.0 out of 5 stars')
[2024-10-08T05:11:19.537+0000] {sql.py:518} INFO - Rows affected: 1
[2024-10-08T05:11:19.541+0000] {base.py:84} INFO - Retrieving connection 'books_connection'
[2024-10-08T05:11:19.544+0000] {sql.py:509} INFO - Running statement: 
    INSERT INTO books (title, authors, price, rating)
    VALUES (%s, %s, %s, %s)
    , parameters: ("Engineering Data Mesh in Azure Cloud: Implement data mesh using Microsoft Azure's Cloud Adoption Framework", 'Paperback', '47.', '4.5 out of 5 stars')
[2024-10-08T05:11:19.545+0000] {sql.py:518} INFO - Rows affected: 1
[2024-10-08T05:11:19.550+0000] {base.py:84} INFO - Retrieving connection 'books_connection'
[2024-10-08T05:11:19.552+0000] {sql.py:509} INFO - Running statement: 
    INSERT INTO books (title, authors, price, rating)
    VALUES (%s, %s, %s, %s)
    , parameters: ('Data Engineering with Apache Spark, Delta Lake, and Lakehouse: Create scalable pipelines that ingest, curate, and aggregate complex data in a timely and secure way', 'Manoj Kukreja', '46.', '3.9 out of 5 stars')
[2024-10-08T05:11:19.553+0000] {sql.py:518} INFO - Rows affected: 1
[2024-10-08T05:11:19.558+0000] {base.py:84} INFO - Retrieving connection 'books_connection'
[2024-10-08T05:11:19.561+0000] {sql.py:509} INFO - Running statement: 
    INSERT INTO books (title, authors, price, rating)
    VALUES (%s, %s, %s, %s)
    , parameters: ('Data-Driven Science and Engineering: Machine Learning, Dynamical Systems, and Control', 'Steven L. Brunton', '64.', '4.8 out of 5 stars')
[2024-10-08T05:11:19.561+0000] {sql.py:518} INFO - Rows affected: 1
[2024-10-08T05:11:19.565+0000] {base.py:84} INFO - Retrieving connection 'books_connection'
[2024-10-08T05:11:19.567+0000] {sql.py:509} INFO - Running statement: 
    INSERT INTO books (title, authors, price, rating)
    VALUES (%s, %s, %s, %s)
    , parameters: ('Data Engineering with Google Cloud Platform: A guide to leveling up as a data engineer by building a scalable data platform with Google Cloud', 'Adi Wijaya', '40.', '4.8 out of 5 stars')
[2024-10-08T05:11:19.567+0000] {sql.py:518} INFO - Rows affected: 1
[2024-10-08T05:11:19.576+0000] {base.py:84} INFO - Retrieving connection 'books_connection'
[2024-10-08T05:11:19.583+0000] {sql.py:509} INFO - Running statement: 
    INSERT INTO books (title, authors, price, rating)
    VALUES (%s, %s, %s, %s)
    , parameters: ('97 Things Every Data Engineer Should Know: Collective Wisdom from the Experts', 'Tobias Macey', '28.', '4.1 out of 5 stars')
[2024-10-08T05:11:19.585+0000] {sql.py:518} INFO - Rows affected: 1
[2024-10-08T05:11:19.592+0000] {base.py:84} INFO - Retrieving connection 'books_connection'
[2024-10-08T05:11:19.595+0000] {sql.py:509} INFO - Running statement: 
    INSERT INTO books (title, authors, price, rating)
    VALUES (%s, %s, %s, %s)
    , parameters: ('Python Data Engineering Resources: Forge Your Path to Success in Data Engineering, Machine Learning and AI', 'Vajo Lukic', '0.', '4.9 out of 5 stars')
[2024-10-08T05:11:19.596+0000] {sql.py:518} INFO - Rows affected: 1
[2024-10-08T05:11:19.600+0000] {base.py:84} INFO - Retrieving connection 'books_connection'
[2024-10-08T05:11:19.603+0000] {sql.py:509} INFO - Running statement: 
    INSERT INTO books (title, authors, price, rating)
    VALUES (%s, %s, %s, %s)
    , parameters: ('Analytics Engineering with SQL and dbt: Building Meaningful Data Models at Scale', 'Rui Pedro Machado', '41.', '3.9 out of 5 stars')
[2024-10-08T05:11:19.603+0000] {sql.py:518} INFO - Rows affected: 1
[2024-10-08T05:11:19.608+0000] {base.py:84} INFO - Retrieving connection 'books_connection'
[2024-10-08T05:11:19.610+0000] {sql.py:509} INFO - Running statement: 
    INSERT INTO books (title, authors, price, rating)
    VALUES (%s, %s, %s, %s)
    , parameters: ('Data Engineering with Scala and Spark: Build streaming and batch pipelines that process massive amounts of data using Scala', 'Eric Tome', '29.', '4.1 out of 5 stars')
[2024-10-08T05:11:19.611+0000] {sql.py:518} INFO - Rows affected: 1
[2024-10-08T05:11:19.617+0000] {base.py:84} INFO - Retrieving connection 'books_connection'
[2024-10-08T05:11:19.620+0000] {sql.py:509} INFO - Running statement: 
    INSERT INTO books (title, authors, price, rating)
    VALUES (%s, %s, %s, %s)
    , parameters: ('Storytelling with Data: A Data Visualization Guide for Business Professionals', 'Cole Nussbaumer Knaflic', '27.', '4.6 out of 5 stars')
[2024-10-08T05:11:19.621+0000] {sql.py:518} INFO - Rows affected: 1
[2024-10-08T05:11:19.626+0000] {base.py:84} INFO - Retrieving connection 'books_connection'
[2024-10-08T05:11:19.631+0000] {sql.py:509} INFO - Running statement: 
    INSERT INTO books (title, authors, price, rating)
    VALUES (%s, %s, %s, %s)
    , parameters: ('Data Mesh: Delivering Data-Driven Value at Scale', 'Zhamak Dehghani', '43.', '4.5 out of 5 stars')
[2024-10-08T05:11:19.632+0000] {sql.py:518} INFO - Rows affected: 1
[2024-10-08T05:11:19.642+0000] {base.py:84} INFO - Retrieving connection 'books_connection'
[2024-10-08T05:11:19.649+0000] {sql.py:509} INFO - Running statement: 
    INSERT INTO books (title, authors, price, rating)
    VALUES (%s, %s, %s, %s)
    , parameters: ('Data Engineering 101', 'Kindle', '0.', '3.9 out of 5 stars')
[2024-10-08T05:11:19.650+0000] {sql.py:518} INFO - Rows affected: 1
[2024-10-08T05:11:19.656+0000] {base.py:84} INFO - Retrieving connection 'books_connection'
[2024-10-08T05:11:19.659+0000] {sql.py:509} INFO - Running statement: 
    INSERT INTO books (title, authors, price, rating)
    VALUES (%s, %s, %s, %s)
    , parameters: ('Data Modeling with Snowflake: A practical guide to accelerating Snowflake development using universal data modeling techniques', 'Serge Gershkovich', '36.', '4.8 out of 5 stars')
[2024-10-08T05:11:19.660+0000] {sql.py:518} INFO - Rows affected: 1
[2024-10-08T05:11:19.665+0000] {base.py:84} INFO - Retrieving connection 'books_connection'
[2024-10-08T05:11:19.669+0000] {sql.py:509} INFO - Running statement: 
    INSERT INTO books (title, authors, price, rating)
    VALUES (%s, %s, %s, %s)
    , parameters: ('Official Google Cloud Certified Professional Data Engineer Study Guide', 'Dan Sullivan', '33.', '4.5 out of 5 stars')
[2024-10-08T05:11:19.670+0000] {sql.py:518} INFO - Rows affected: 1
[2024-10-08T05:11:19.677+0000] {base.py:84} INFO - Retrieving connection 'books_connection'
[2024-10-08T05:11:19.680+0000] {sql.py:509} INFO - Running statement: 
    INSERT INTO books (title, authors, price, rating)
    VALUES (%s, %s, %s, %s)
    , parameters: ('Machine Learning Engineering', 'Andriy Burkov', '39.', '4.7 out of 5 stars')
[2024-10-08T05:11:19.681+0000] {sql.py:518} INFO - Rows affected: 1
[2024-10-08T05:11:19.689+0000] {base.py:84} INFO - Retrieving connection 'books_connection'
[2024-10-08T05:11:19.694+0000] {sql.py:509} INFO - Running statement: 
    INSERT INTO books (title, authors, price, rating)
    VALUES (%s, %s, %s, %s)
    , parameters: ('Fundamentals of Data Observability: Implement Trustworthy End-to-End Data Solutions', 'Andy Petrella', '36.', '4.0 out of 5 stars')
[2024-10-08T05:11:19.696+0000] {sql.py:518} INFO - Rows affected: 1
[2024-10-08T05:11:19.703+0000] {base.py:84} INFO - Retrieving connection 'books_connection'
[2024-10-08T05:11:19.706+0000] {sql.py:509} INFO - Running statement: 
    INSERT INTO books (title, authors, price, rating)
    VALUES (%s, %s, %s, %s)
    , parameters: ('Modern Data Engineering with Apache Spark: A Hands-On Guide for Building Mission-Critical Streaming Applications', 'Scott Haines', '29.', '4.1 out of 5 stars')
[2024-10-08T05:11:19.707+0000] {sql.py:518} INFO - Rows affected: 1
[2024-10-08T05:11:19.711+0000] {base.py:84} INFO - Retrieving connection 'books_connection'
[2024-10-08T05:11:19.713+0000] {sql.py:509} INFO - Running statement: 
    INSERT INTO books (title, authors, price, rating)
    VALUES (%s, %s, %s, %s)
    , parameters: ('Python Feature Engineering Cookbook: A complete guide to crafting powerful features for your machine learning models', 'Soledad Galli', '44.', '5.0 out of 5 stars')
[2024-10-08T05:11:19.714+0000] {sql.py:518} INFO - Rows affected: 1
[2024-10-08T05:11:19.718+0000] {base.py:84} INFO - Retrieving connection 'books_connection'
[2024-10-08T05:11:19.720+0000] {sql.py:509} INFO - Running statement: 
    INSERT INTO books (title, authors, price, rating)
    VALUES (%s, %s, %s, %s)
    , parameters: ('Data Engineering with Databricks', 'Kindle', '0.', '3.4 out of 5 stars')
[2024-10-08T05:11:19.720+0000] {sql.py:518} INFO - Rows affected: 1
[2024-10-08T05:11:19.724+0000] {base.py:84} INFO - Retrieving connection 'books_connection'
[2024-10-08T05:11:19.726+0000] {sql.py:509} INFO - Running statement: 
    INSERT INTO books (title, authors, price, rating)
    VALUES (%s, %s, %s, %s)
    , parameters: ('Azure Data Factory by Example: Practical Implementation for Data Engineers', 'Richard Swinbank', '33.', '4.2 out of 5 stars')
[2024-10-08T05:11:19.727+0000] {sql.py:518} INFO - Rows affected: 1
[2024-10-08T05:11:19.731+0000] {base.py:84} INFO - Retrieving connection 'books_connection'
[2024-10-08T05:11:19.733+0000] {sql.py:509} INFO - Running statement: 
    INSERT INTO books (title, authors, price, rating)
    VALUES (%s, %s, %s, %s)
    , parameters: ('Data Quality Engineering in Financial Services: Applying Manufacturing Techniques to Data', 'Brian Buzzelli', '30.', '4.4 out of 5 stars')
[2024-10-08T05:11:19.734+0000] {sql.py:518} INFO - Rows affected: 1
[2024-10-08T05:11:19.738+0000] {base.py:84} INFO - Retrieving connection 'books_connection'
[2024-10-08T05:11:19.740+0000] {sql.py:509} INFO - Running statement: 
    INSERT INTO books (title, authors, price, rating)
    VALUES (%s, %s, %s, %s)
    , parameters: ('Prompt Engineering for Generative AI: Future-Proof Inputs for Reliable AI Outputs', 'James Phoenix', '53.', '4.5 out of 5 stars')
[2024-10-08T05:11:19.741+0000] {sql.py:518} INFO - Rows affected: 1
[2024-10-08T05:11:19.745+0000] {base.py:84} INFO - Retrieving connection 'books_connection'
[2024-10-08T05:11:19.747+0000] {sql.py:509} INFO - Running statement: 
    INSERT INTO books (title, authors, price, rating)
    VALUES (%s, %s, %s, %s)
    , parameters: ('Data Observability for Data Engineering: Proactive strategies for ensuring data accuracy and addressing broken data pipelines', 'Michele Pinto', '18.', '3.7 out of 5 stars')
[2024-10-08T05:11:19.748+0000] {sql.py:518} INFO - Rows affected: 1
[2024-10-08T05:11:19.752+0000] {base.py:84} INFO - Retrieving connection 'books_connection'
[2024-10-08T05:11:19.754+0000] {sql.py:509} INFO - Running statement: 
    INSERT INTO books (title, authors, price, rating)
    VALUES (%s, %s, %s, %s)
    , parameters: ('Better Data Visualizations: A Guide for Scholars, Researchers, and Wonks', 'Jonathan Schwabish', '26.', '4.5 out of 5 stars')
[2024-10-08T05:11:19.754+0000] {sql.py:518} INFO - Rows affected: 1
[2024-10-08T05:11:19.758+0000] {base.py:84} INFO - Retrieving connection 'books_connection'
[2024-10-08T05:11:19.760+0000] {sql.py:509} INFO - Running statement: 
    INSERT INTO books (title, authors, price, rating)
    VALUES (%s, %s, %s, %s)
    , parameters: ("Applied Machine Learning and AI for Engineers: Solve Business Problems That Can't Be Solved Algorithmically", 'Jeff Prosise', '70.', '4.5 out of 5 stars')
[2024-10-08T05:11:19.761+0000] {sql.py:518} INFO - Rows affected: 1
[2024-10-08T05:11:19.761+0000] {python.py:240} INFO - Done. Returned value was: None
[2024-10-08T05:11:19.778+0000] {taskinstance.py:340} INFO - ::group::Post task execution logs
[2024-10-08T05:11:19.779+0000] {taskinstance.py:352} INFO - Marking task as SUCCESS. dag_id=fetch_and_store_amazon_books, task_id=insert_book_data, run_id=scheduled__2024-07-10T00:00:00+00:00, execution_date=20240710T000000, start_date=20241008T051118, end_date=20241008T051119
[2024-10-08T05:11:19.791+0000] {logging_mixin.py:190} INFO - Task instance in success state
[2024-10-08T05:11:19.792+0000] {logging_mixin.py:190} INFO -  Previous state of the Task instance: running
[2024-10-08T05:11:19.792+0000] {logging_mixin.py:190} INFO - Dag name:fetch_and_store_amazon_books queued_at:2024-10-08 05:11:09.883032+00:00
[2024-10-08T05:11:19.793+0000] {logging_mixin.py:190} INFO - Task hostname:a344f6bef387 operator:PythonOperator
[2024-10-08T05:11:19.841+0000] {local_task_job_runner.py:261} INFO - Task exited with return code 0
[2024-10-08T05:11:19.870+0000] {taskinstance.py:3891} INFO - 0 downstream tasks scheduled from follow-on schedule check
[2024-10-08T05:11:19.871+0000] {local_task_job_runner.py:240} INFO - ::endgroup::
