[2024-10-08T05:34:36.935+0000] {local_task_job_runner.py:123} INFO - ::group::Pre task execution logs
[2024-10-08T05:34:36.954+0000] {taskinstance.py:2603} INFO - Dependencies all met for dep_context=non-requeueable deps ti=<TaskInstance: fetch_and_store_amazon_books.fetch_book_data scheduled__2024-10-01T00:00:00+00:00 [queued]>
[2024-10-08T05:34:36.973+0000] {taskinstance.py:2603} INFO - Dependencies all met for dep_context=requeueable deps ti=<TaskInstance: fetch_and_store_amazon_books.fetch_book_data scheduled__2024-10-01T00:00:00+00:00 [queued]>
[2024-10-08T05:34:36.973+0000] {taskinstance.py:2856} INFO - Starting attempt 1 of 2
[2024-10-08T05:34:36.985+0000] {taskinstance.py:2879} INFO - Executing <Task(PythonOperator): fetch_book_data> on 2024-10-01 00:00:00+00:00
[2024-10-08T05:34:36.994+0000] {warnings.py:112} WARNING - /home/***/.local/lib/python3.12/site-packages/***/task/task_runner/standard_task_runner.py:70: DeprecationWarning: This process (pid=183) is multi-threaded, use of fork() may lead to deadlocks in the child.
  pid = os.fork()

[2024-10-08T05:34:36.996+0000] {standard_task_runner.py:72} INFO - Started process 193 to run task
[2024-10-08T05:34:36.995+0000] {standard_task_runner.py:104} INFO - Running: ['***', 'tasks', 'run', 'fetch_and_store_amazon_books', 'fetch_book_data', 'scheduled__2024-10-01T00:00:00+00:00', '--job-id', '262', '--raw', '--subdir', 'DAGS_FOLDER/app.py', '--cfg-path', '/tmp/tmphil31yq4']
[2024-10-08T05:34:36.997+0000] {standard_task_runner.py:105} INFO - Job 262: Subtask fetch_book_data
[2024-10-08T05:34:37.031+0000] {task_command.py:467} INFO - Running <TaskInstance: fetch_and_store_amazon_books.fetch_book_data scheduled__2024-10-01T00:00:00+00:00 [running]> on host 475658bd4f83
[2024-10-08T05:34:37.118+0000] {taskinstance.py:3122} INFO - Exporting env vars: AIRFLOW_CTX_DAG_OWNER='***' AIRFLOW_CTX_DAG_ID='fetch_and_store_amazon_books' AIRFLOW_CTX_TASK_ID='fetch_book_data' AIRFLOW_CTX_EXECUTION_DATE='2024-10-01T00:00:00+00:00' AIRFLOW_CTX_TRY_NUMBER='1' AIRFLOW_CTX_DAG_RUN_ID='scheduled__2024-10-01T00:00:00+00:00'
[2024-10-08T05:34:37.119+0000] {logging_mixin.py:190} INFO - Task instance is in running state
[2024-10-08T05:34:37.120+0000] {logging_mixin.py:190} INFO -  Previous state of the Task instance: queued
[2024-10-08T05:34:37.120+0000] {logging_mixin.py:190} INFO - Current task name:fetch_book_data state:running start_date:2024-10-08 05:34:36.955748+00:00
[2024-10-08T05:34:37.120+0000] {logging_mixin.py:190} INFO - Dag name:fetch_and_store_amazon_books and current dag run status:running
[2024-10-08T05:34:37.120+0000] {taskinstance.py:731} INFO - ::endgroup::
[2024-10-08T05:34:39.828+0000] {python.py:240} INFO - Done. Returned value was: None
[2024-10-08T05:34:39.894+0000] {taskinstance.py:340} INFO - ::group::Post task execution logs
[2024-10-08T05:34:39.898+0000] {taskinstance.py:352} INFO - Marking task as SUCCESS. dag_id=fetch_and_store_amazon_books, task_id=fetch_book_data, run_id=scheduled__2024-10-01T00:00:00+00:00, execution_date=20241001T000000, start_date=20241008T053436, end_date=20241008T053439
[2024-10-08T05:34:39.949+0000] {logging_mixin.py:190} INFO - Task instance in success state
[2024-10-08T05:34:39.952+0000] {logging_mixin.py:190} INFO -  Previous state of the Task instance: running
[2024-10-08T05:34:39.953+0000] {logging_mixin.py:190} INFO - Dag name:fetch_and_store_amazon_books queued_at:2024-10-08 05:34:33.643078+00:00
[2024-10-08T05:34:39.954+0000] {logging_mixin.py:190} INFO - Task hostname:475658bd4f83 operator:PythonOperator
[2024-10-08T05:34:40.036+0000] {local_task_job_runner.py:261} INFO - Task exited with return code 0
[2024-10-08T05:34:40.061+0000] {local_task_job_runner.py:240} INFO - ::endgroup::
