[2024-10-08T05:14:22.695+0000] {local_task_job_runner.py:123} INFO - ::group::Pre task execution logs
[2024-10-08T05:14:22.728+0000] {taskinstance.py:2603} INFO - Dependencies all met for dep_context=non-requeueable deps ti=<TaskInstance: fetch_and_store_amazon_books.fetch_book_data scheduled__2024-07-03T00:00:00+00:00 [queued]>
[2024-10-08T05:14:22.760+0000] {taskinstance.py:2603} INFO - Dependencies all met for dep_context=requeueable deps ti=<TaskInstance: fetch_and_store_amazon_books.fetch_book_data scheduled__2024-07-03T00:00:00+00:00 [queued]>
[2024-10-08T05:14:22.762+0000] {taskinstance.py:2856} INFO - Starting attempt 2 of 2
[2024-10-08T05:14:22.812+0000] {taskinstance.py:2879} INFO - Executing <Task(PythonOperator): fetch_book_data> on 2024-07-03 00:00:00+00:00
[2024-10-08T05:14:22.831+0000] {warnings.py:112} WARNING - /home/***/.local/lib/python3.12/site-packages/***/task/task_runner/standard_task_runner.py:70: DeprecationWarning: This process (pid=1319) is multi-threaded, use of fork() may lead to deadlocks in the child.
  pid = os.fork()

[2024-10-08T05:14:22.840+0000] {standard_task_runner.py:72} INFO - Started process 1326 to run task
[2024-10-08T05:14:22.866+0000] {standard_task_runner.py:104} INFO - Running: ['***', 'tasks', 'run', 'fetch_and_store_amazon_books', 'fetch_book_data', 'scheduled__2024-07-03T00:00:00+00:00', '--job-id', '61', '--raw', '--subdir', 'DAGS_FOLDER/app.py', '--cfg-path', '/tmp/tmpjnhp3icw']
[2024-10-08T05:14:22.868+0000] {standard_task_runner.py:105} INFO - Job 61: Subtask fetch_book_data
[2024-10-08T05:14:23.047+0000] {task_command.py:467} INFO - Running <TaskInstance: fetch_and_store_amazon_books.fetch_book_data scheduled__2024-07-03T00:00:00+00:00 [running]> on host a344f6bef387
[2024-10-08T05:14:23.360+0000] {taskinstance.py:3122} INFO - Exporting env vars: AIRFLOW_CTX_DAG_OWNER='***' AIRFLOW_CTX_DAG_ID='fetch_and_store_amazon_books' AIRFLOW_CTX_TASK_ID='fetch_book_data' AIRFLOW_CTX_EXECUTION_DATE='2024-07-03T00:00:00+00:00' AIRFLOW_CTX_TRY_NUMBER='2' AIRFLOW_CTX_DAG_RUN_ID='scheduled__2024-07-03T00:00:00+00:00'
[2024-10-08T05:14:23.379+0000] {logging_mixin.py:190} INFO - Task instance is in running state
[2024-10-08T05:14:23.380+0000] {logging_mixin.py:190} INFO -  Previous state of the Task instance: queued
[2024-10-08T05:14:23.383+0000] {logging_mixin.py:190} INFO - Current task name:fetch_book_data state:running start_date:2024-10-08 05:14:22.729607+00:00
[2024-10-08T05:14:23.384+0000] {logging_mixin.py:190} INFO - Dag name:fetch_and_store_amazon_books and current dag run status:running
[2024-10-08T05:14:23.385+0000] {taskinstance.py:731} INFO - ::endgroup::
[2024-10-08T05:14:35.732+0000] {python.py:240} INFO - Done. Returned value was: None
[2024-10-08T05:14:35.825+0000] {taskinstance.py:340} INFO - ::group::Post task execution logs
[2024-10-08T05:14:35.826+0000] {taskinstance.py:352} INFO - Marking task as SUCCESS. dag_id=fetch_and_store_amazon_books, task_id=fetch_book_data, run_id=scheduled__2024-07-03T00:00:00+00:00, execution_date=20240703T000000, start_date=20241008T051422, end_date=20241008T051435
[2024-10-08T05:14:36.581+0000] {logging_mixin.py:190} INFO - Task instance in success state
[2024-10-08T05:14:36.690+0000] {logging_mixin.py:190} INFO -  Previous state of the Task instance: running
[2024-10-08T05:14:36.705+0000] {logging_mixin.py:190} INFO - Dag name:fetch_and_store_amazon_books queued_at:2024-10-08 05:08:31.517314+00:00
[2024-10-08T05:14:36.715+0000] {logging_mixin.py:190} INFO - Task hostname:a344f6bef387 operator:PythonOperator
[2024-10-08T05:14:36.841+0000] {local_task_job_runner.py:261} INFO - Task exited with return code 0
[2024-10-08T05:14:37.044+0000] {warnings.py:112} WARNING - /home/***/.local/lib/python3.12/site-packages/***/models/baseoperator.py:1378: AirflowProviderDeprecationWarning: Call to deprecated class PostgresOperator. (Please use `***.providers.common.sql.operators.sql.SQLExecuteQueryOperator`.Also, you can provide `hook_params={'schema': <database>}`.)
  result = cls.__new__(cls)

[2024-10-08T05:14:37.182+0000] {taskinstance.py:3891} INFO - 1 downstream tasks scheduled from follow-on schedule check
[2024-10-08T05:14:37.201+0000] {local_task_job_runner.py:240} INFO - ::endgroup::
