[2024-10-08T05:34:50.578+0000] {local_task_job_runner.py:123} INFO - ::group::Pre task execution logs
[2024-10-08T05:34:50.618+0000] {taskinstance.py:2603} INFO - Dependencies all met for dep_context=non-requeueable deps ti=<TaskInstance: fetch_and_store_amazon_books.fetch_book_data scheduled__2024-10-05T00:00:00+00:00 [queued]>
[2024-10-08T05:34:50.636+0000] {taskinstance.py:2603} INFO - Dependencies all met for dep_context=requeueable deps ti=<TaskInstance: fetch_and_store_amazon_books.fetch_book_data scheduled__2024-10-05T00:00:00+00:00 [queued]>
[2024-10-08T05:34:50.637+0000] {taskinstance.py:2856} INFO - Starting attempt 1 of 2
[2024-10-08T05:34:50.759+0000] {taskinstance.py:2879} INFO - Executing <Task(PythonOperator): fetch_book_data> on 2024-10-05 00:00:00+00:00
[2024-10-08T05:34:50.770+0000] {warnings.py:112} WARNING - /home/***/.local/lib/python3.12/site-packages/***/task/task_runner/standard_task_runner.py:70: DeprecationWarning: This process (pid=231) is multi-threaded, use of fork() may lead to deadlocks in the child.
  pid = os.fork()

[2024-10-08T05:34:50.772+0000] {standard_task_runner.py:72} INFO - Started process 241 to run task
[2024-10-08T05:34:50.773+0000] {standard_task_runner.py:104} INFO - Running: ['***', 'tasks', 'run', 'fetch_and_store_amazon_books', 'fetch_book_data', 'scheduled__2024-10-05T00:00:00+00:00', '--job-id', '274', '--raw', '--subdir', 'DAGS_FOLDER/app.py', '--cfg-path', '/tmp/tmp9g_umvtw']
[2024-10-08T05:34:50.775+0000] {standard_task_runner.py:105} INFO - Job 274: Subtask fetch_book_data
[2024-10-08T05:34:50.858+0000] {task_command.py:467} INFO - Running <TaskInstance: fetch_and_store_amazon_books.fetch_book_data scheduled__2024-10-05T00:00:00+00:00 [running]> on host 475658bd4f83
[2024-10-08T05:34:51.008+0000] {taskinstance.py:3122} INFO - Exporting env vars: AIRFLOW_CTX_DAG_OWNER='***' AIRFLOW_CTX_DAG_ID='fetch_and_store_amazon_books' AIRFLOW_CTX_TASK_ID='fetch_book_data' AIRFLOW_CTX_EXECUTION_DATE='2024-10-05T00:00:00+00:00' AIRFLOW_CTX_TRY_NUMBER='1' AIRFLOW_CTX_DAG_RUN_ID='scheduled__2024-10-05T00:00:00+00:00'
[2024-10-08T05:34:51.010+0000] {logging_mixin.py:190} INFO - Task instance is in running state
[2024-10-08T05:34:51.011+0000] {logging_mixin.py:190} INFO -  Previous state of the Task instance: queued
[2024-10-08T05:34:51.012+0000] {logging_mixin.py:190} INFO - Current task name:fetch_book_data state:running start_date:2024-10-08 05:34:50.620785+00:00
[2024-10-08T05:34:51.013+0000] {logging_mixin.py:190} INFO - Dag name:fetch_and_store_amazon_books and current dag run status:running
[2024-10-08T05:34:51.014+0000] {taskinstance.py:731} INFO - ::endgroup::
[2024-10-08T05:34:53.207+0000] {python.py:240} INFO - Done. Returned value was: None
[2024-10-08T05:34:53.223+0000] {taskinstance.py:340} INFO - ::group::Post task execution logs
[2024-10-08T05:34:53.226+0000] {taskinstance.py:352} INFO - Marking task as SUCCESS. dag_id=fetch_and_store_amazon_books, task_id=fetch_book_data, run_id=scheduled__2024-10-05T00:00:00+00:00, execution_date=20241005T000000, start_date=20241008T053450, end_date=20241008T053453
[2024-10-08T05:34:53.329+0000] {logging_mixin.py:190} INFO - Task instance in success state
[2024-10-08T05:34:53.334+0000] {logging_mixin.py:190} INFO -  Previous state of the Task instance: running
[2024-10-08T05:34:53.336+0000] {logging_mixin.py:190} INFO - Dag name:fetch_and_store_amazon_books queued_at:2024-10-08 05:34:47.105704+00:00
[2024-10-08T05:34:53.337+0000] {logging_mixin.py:190} INFO - Task hostname:475658bd4f83 operator:PythonOperator
[2024-10-08T05:34:53.396+0000] {local_task_job_runner.py:261} INFO - Task exited with return code 0
[2024-10-08T05:34:53.452+0000] {warnings.py:112} WARNING - /home/***/.local/lib/python3.12/site-packages/***/models/baseoperator.py:1378: AirflowProviderDeprecationWarning: Call to deprecated class PostgresOperator. (Please use `***.providers.common.sql.operators.sql.SQLExecuteQueryOperator`.Also, you can provide `hook_params={'schema': <database>}`.)
  result = cls.__new__(cls)

[2024-10-08T05:34:53.507+0000] {taskinstance.py:3891} INFO - 1 downstream tasks scheduled from follow-on schedule check
[2024-10-08T05:34:53.515+0000] {local_task_job_runner.py:240} INFO - ::endgroup::
