[2024-10-08T05:34:07.843+0000] {local_task_job_runner.py:123} INFO - ::group::Pre task execution logs
[2024-10-08T05:34:07.858+0000] {taskinstance.py:2603} INFO - Dependencies all met for dep_context=non-requeueable deps ti=<TaskInstance: fetch_and_store_amazon_books.insert_book_data scheduled__2024-09-23T00:00:00+00:00 [queued]>
[2024-10-08T05:34:07.864+0000] {taskinstance.py:2603} INFO - Dependencies all met for dep_context=requeueable deps ti=<TaskInstance: fetch_and_store_amazon_books.insert_book_data scheduled__2024-09-23T00:00:00+00:00 [queued]>
[2024-10-08T05:34:07.865+0000] {taskinstance.py:2856} INFO - Starting attempt 1 of 2
[2024-10-08T05:34:07.876+0000] {taskinstance.py:2879} INFO - Executing <Task(PythonOperator): insert_book_data> on 2024-09-23 00:00:00+00:00
[2024-10-08T05:34:07.885+0000] {warnings.py:112} WARNING - /home/***/.local/lib/python3.12/site-packages/***/task/task_runner/standard_task_runner.py:70: DeprecationWarning: This process (pid=106) is multi-threaded, use of fork() may lead to deadlocks in the child.
  pid = os.fork()

[2024-10-08T05:34:07.891+0000] {standard_task_runner.py:72} INFO - Started process 110 to run task
[2024-10-08T05:34:07.898+0000] {standard_task_runner.py:104} INFO - Running: ['***', 'tasks', 'run', 'fetch_and_store_amazon_books', 'insert_book_data', 'scheduled__2024-09-23T00:00:00+00:00', '--job-id', '243', '--raw', '--subdir', 'DAGS_FOLDER/app.py', '--cfg-path', '/tmp/tmpx3wcah1k']
[2024-10-08T05:34:07.902+0000] {standard_task_runner.py:105} INFO - Job 243: Subtask insert_book_data
[2024-10-08T05:34:07.951+0000] {task_command.py:467} INFO - Running <TaskInstance: fetch_and_store_amazon_books.insert_book_data scheduled__2024-09-23T00:00:00+00:00 [running]> on host 475658bd4f83
[2024-10-08T05:34:08.094+0000] {taskinstance.py:3122} INFO - Exporting env vars: AIRFLOW_CTX_DAG_OWNER='***' AIRFLOW_CTX_DAG_ID='fetch_and_store_amazon_books' AIRFLOW_CTX_TASK_ID='insert_book_data' AIRFLOW_CTX_EXECUTION_DATE='2024-09-23T00:00:00+00:00' AIRFLOW_CTX_TRY_NUMBER='1' AIRFLOW_CTX_DAG_RUN_ID='scheduled__2024-09-23T00:00:00+00:00'
[2024-10-08T05:34:08.108+0000] {logging_mixin.py:190} INFO - Task instance is in running state
[2024-10-08T05:34:08.109+0000] {logging_mixin.py:190} INFO -  Previous state of the Task instance: queued
[2024-10-08T05:34:08.110+0000] {logging_mixin.py:190} INFO - Current task name:insert_book_data state:running start_date:2024-10-08 05:34:07.858794+00:00
[2024-10-08T05:34:08.111+0000] {logging_mixin.py:190} INFO - Dag name:fetch_and_store_amazon_books and current dag run status:running
[2024-10-08T05:34:08.112+0000] {taskinstance.py:731} INFO - ::endgroup::
[2024-10-08T05:34:08.149+0000] {base.py:84} INFO - Retrieving connection 'books_connection'
[2024-10-08T05:34:08.154+0000] {sql.py:509} INFO - Running statement: 
    INSERT INTO books (title, authors, price, rating)
    VALUES (%s, %s, %s, %s)
    , parameters: ('Data Engineering with AWS - Second Edition: Acquire the skills to design and build AWS-based data transformation pipelines like a pro', 'Gareth Eagar', '41.', '4.4 out of 5 stars')
[2024-10-08T05:34:08.156+0000] {sql.py:518} INFO - Rows affected: 1
[2024-10-08T05:34:08.167+0000] {base.py:84} INFO - Retrieving connection 'books_connection'
[2024-10-08T05:34:08.172+0000] {sql.py:509} INFO - Running statement: 
    INSERT INTO books (title, authors, price, rating)
    VALUES (%s, %s, %s, %s)
    , parameters: ('Azure Data Engineer Associate Certification Guide: Ace the DP-203 exam with advanced data engineering skills', 'Giacinto Palmieri', '49.', '4.4 out of 5 stars')
[2024-10-08T05:34:08.174+0000] {sql.py:518} INFO - Rows affected: 1
[2024-10-08T05:34:08.194+0000] {base.py:84} INFO - Retrieving connection 'books_connection'
[2024-10-08T05:34:08.202+0000] {sql.py:509} INFO - Running statement: 
    INSERT INTO books (title, authors, price, rating)
    VALUES (%s, %s, %s, %s)
    , parameters: ("Azure Data Factory Cookbook: A data engineer's guide to building and managing ETL and ELT pipelines with data integration", 'Dmitry Foshin', '51.', '4.2 out of 5 stars')
[2024-10-08T05:34:08.205+0000] {sql.py:518} INFO - Rows affected: 1
[2024-10-08T05:34:08.217+0000] {base.py:84} INFO - Retrieving connection 'books_connection'
[2024-10-08T05:34:08.224+0000] {sql.py:509} INFO - Running statement: 
    INSERT INTO books (title, authors, price, rating)
    VALUES (%s, %s, %s, %s)
    , parameters: ('Fundamentals of Data Engineering: Plan and Build Robust Data Systems', 'Joe Reis', '25.', '4.7 out of 5 stars')
[2024-10-08T05:34:08.226+0000] {sql.py:518} INFO - Rows affected: 1
[2024-10-08T05:34:08.243+0000] {base.py:84} INFO - Retrieving connection 'books_connection'
[2024-10-08T05:34:08.248+0000] {sql.py:509} INFO - Running statement: 
    INSERT INTO books (title, authors, price, rating)
    VALUES (%s, %s, %s, %s)
    , parameters: ('Designing Data-Intensive Applications: The Big Ideas Behind Reliable, Scalable, and Maintainable Systems', 'Martin Kleppmann', '55.', '4.7 out of 5 stars')
[2024-10-08T05:34:08.249+0000] {sql.py:518} INFO - Rows affected: 1
[2024-10-08T05:34:08.270+0000] {base.py:84} INFO - Retrieving connection 'books_connection'
[2024-10-08T05:34:08.281+0000] {sql.py:509} INFO - Running statement: 
    INSERT INTO books (title, authors, price, rating)
    VALUES (%s, %s, %s, %s)
    , parameters: ('Fundamentals of Data Analytics: Learn Essential Skills, Embrace the Future, and Catapult Your Career in the Data-Driven World—A Comprehensive Guide to Data Literacy for Beginners', 'Russell Dawson', '17.', '4.8 out of 5 stars')
[2024-10-08T05:34:08.289+0000] {sql.py:518} INFO - Rows affected: 1
[2024-10-08T05:34:08.304+0000] {base.py:84} INFO - Retrieving connection 'books_connection'
[2024-10-08T05:34:08.311+0000] {sql.py:509} INFO - Running statement: 
    INSERT INTO books (title, authors, price, rating)
    VALUES (%s, %s, %s, %s)
    , parameters: ("Ultimate Data Engineering with Databricks: Develop Scalable Data Pipelines Using Data Engineering's Core Tenets Such as Delta Tables, Ingestion, ... Security, and Scalability (English Edition)", 'Mayank Malhotra', '37.', '4.1 out of 5 stars')
[2024-10-08T05:34:08.313+0000] {sql.py:518} INFO - Rows affected: 1
[2024-10-08T05:34:08.327+0000] {base.py:84} INFO - Retrieving connection 'books_connection'
[2024-10-08T05:34:08.334+0000] {sql.py:509} INFO - Running statement: 
    INSERT INTO books (title, authors, price, rating)
    VALUES (%s, %s, %s, %s)
    , parameters: ('Data Engineering with dbt: A practical guide to building a cloud-based, pragmatic, and dependable data platform with SQL', 'Roberto Zagni', '37.', '4.6 out of 5 stars')
[2024-10-08T05:34:08.336+0000] {sql.py:518} INFO - Rows affected: 1
[2024-10-08T05:34:08.350+0000] {base.py:84} INFO - Retrieving connection 'books_connection'
[2024-10-08T05:34:08.365+0000] {sql.py:509} INFO - Running statement: 
    INSERT INTO books (title, authors, price, rating)
    VALUES (%s, %s, %s, %s)
    , parameters: ('Data Engineering with Python: Work with massive datasets to design data models and automate data pipelines using Python', 'Paul Crickard', '37.', '4.1 out of 5 stars')
[2024-10-08T05:34:08.369+0000] {sql.py:518} INFO - Rows affected: 1
[2024-10-08T05:34:08.382+0000] {base.py:84} INFO - Retrieving connection 'books_connection'
[2024-10-08T05:34:08.389+0000] {sql.py:509} INFO - Running statement: 
    INSERT INTO books (title, authors, price, rating)
    VALUES (%s, %s, %s, %s)
    , parameters: ('Cracking the Data Engineering Interview: Land your dream job with the help of resume-building tips, over 100 mock questions, and a unique portfolio', 'Kedeisha Bryan', '26.', '4.4 out of 5 stars')
[2024-10-08T05:34:08.392+0000] {sql.py:518} INFO - Rows affected: 1
[2024-10-08T05:34:08.406+0000] {base.py:84} INFO - Retrieving connection 'books_connection'
[2024-10-08T05:34:08.411+0000] {sql.py:509} INFO - Running statement: 
    INSERT INTO books (title, authors, price, rating)
    VALUES (%s, %s, %s, %s)
    , parameters: ('Data Pipelines Pocket Reference: Moving and Processing Data for Analytics', 'James Densmore', '17.', '4.5 out of 5 stars')
[2024-10-08T05:34:08.412+0000] {sql.py:518} INFO - Rows affected: 1
[2024-10-08T05:34:08.437+0000] {base.py:84} INFO - Retrieving connection 'books_connection'
[2024-10-08T05:34:08.447+0000] {sql.py:509} INFO - Running statement: 
    INSERT INTO books (title, authors, price, rating)
    VALUES (%s, %s, %s, %s)
    , parameters: ('Ace the Data Science Interview: 201 Real Interview Questions Asked By FAANG, Tech Startups, & Wall Street', 'Nick Singh', '42.', '4.5 out of 5 stars')
[2024-10-08T05:34:08.450+0000] {sql.py:518} INFO - Rows affected: 1
[2024-10-08T05:34:08.468+0000] {base.py:84} INFO - Retrieving connection 'books_connection'
[2024-10-08T05:34:08.477+0000] {sql.py:509} INFO - Running statement: 
    INSERT INTO books (title, authors, price, rating)
    VALUES (%s, %s, %s, %s)
    , parameters: ('Ace the Data Engineering Interview: Questions and Answers for Python, SQL, Data Modeling and More', 'Sean Coyne', '24.', '3.8 out of 5 stars')
[2024-10-08T05:34:08.479+0000] {sql.py:518} INFO - Rows affected: 1
[2024-10-08T05:34:08.492+0000] {base.py:84} INFO - Retrieving connection 'books_connection'
[2024-10-08T05:34:08.500+0000] {sql.py:509} INFO - Running statement: 
    INSERT INTO books (title, authors, price, rating)
    VALUES (%s, %s, %s, %s)
    , parameters: ('Data Engineering with Databricks Cookbook: Build effective data and AI solutions using Apache Spark, Databricks, and Delta Lake', 'Pulkit Chadha', '49.', '4.3 out of 5 stars')
[2024-10-08T05:34:08.503+0000] {sql.py:518} INFO - Rows affected: 1
[2024-10-08T05:34:08.516+0000] {base.py:84} INFO - Retrieving connection 'books_connection'
[2024-10-08T05:34:08.525+0000] {sql.py:509} INFO - Running statement: 
    INSERT INTO books (title, authors, price, rating)
    VALUES (%s, %s, %s, %s)
    , parameters: ('Software Engineering for Data Scientists: From Notebooks to Scalable Systems', 'Catherine Nelson', '51.', '4.4 out of 5 stars')
[2024-10-08T05:34:08.528+0000] {sql.py:518} INFO - Rows affected: 1
[2024-10-08T05:34:08.543+0000] {base.py:84} INFO - Retrieving connection 'books_connection'
[2024-10-08T05:34:08.548+0000] {sql.py:509} INFO - Running statement: 
    INSERT INTO books (title, authors, price, rating)
    VALUES (%s, %s, %s, %s)
    , parameters: ('Essentials of Data Engineering', 'Dr. Mukesh Saini', '19.', '5.0 out of 5 stars')
[2024-10-08T05:34:08.550+0000] {sql.py:518} INFO - Rows affected: 1
[2024-10-08T05:34:08.559+0000] {base.py:84} INFO - Retrieving connection 'books_connection'
[2024-10-08T05:34:08.565+0000] {sql.py:509} INFO - Running statement: 
    INSERT INTO books (title, authors, price, rating)
    VALUES (%s, %s, %s, %s)
    , parameters: ('Data Engineering with AWS: Learn how to design and build cloud-based data transformation pipelines using AWS', 'Gareth Eagar', '49.', '4.4 out of 5 stars')
[2024-10-08T05:34:08.568+0000] {sql.py:518} INFO - Rows affected: 1
[2024-10-08T05:34:08.590+0000] {base.py:84} INFO - Retrieving connection 'books_connection'
[2024-10-08T05:34:08.596+0000] {sql.py:509} INFO - Running statement: 
    INSERT INTO books (title, authors, price, rating)
    VALUES (%s, %s, %s, %s)
    , parameters: ('Data Engineering with Python cookbook: Learn to build efficient data pipelines using the Modern Cloud Data Stack', 'Adithyan Ramanujakootam', '32.', '5.0 out of 5 stars')
[2024-10-08T05:34:08.601+0000] {sql.py:518} INFO - Rows affected: 1
[2024-10-08T05:34:08.613+0000] {base.py:84} INFO - Retrieving connection 'books_connection'
[2024-10-08T05:34:08.620+0000] {sql.py:509} INFO - Running statement: 
    INSERT INTO books (title, authors, price, rating)
    VALUES (%s, %s, %s, %s)
    , parameters: ("Data Quality Fundamentals: A Practitioner's Guide to Building Trustworthy Data Pipelines", 'Paperback', '45.', '4.1 out of 5 stars')
[2024-10-08T05:34:08.624+0000] {sql.py:518} INFO - Rows affected: 1
[2024-10-08T05:34:08.650+0000] {base.py:84} INFO - Retrieving connection 'books_connection'
[2024-10-08T05:34:08.666+0000] {sql.py:509} INFO - Running statement: 
    INSERT INTO books (title, authors, price, rating)
    VALUES (%s, %s, %s, %s)
    , parameters: ('Fundamentals of Data Engineering: A Comprehensive Guide to Designing, Building, and Managing Data Pipelines, Storage Solutions, and Processing Frameworks.', 'Paperback', '14.', '5.0 out of 5 stars')
[2024-10-08T05:34:08.670+0000] {sql.py:518} INFO - Rows affected: 1
[2024-10-08T05:34:08.680+0000] {base.py:84} INFO - Retrieving connection 'books_connection'
[2024-10-08T05:34:08.684+0000] {sql.py:509} INFO - Running statement: 
    INSERT INTO books (title, authors, price, rating)
    VALUES (%s, %s, %s, %s)
    , parameters: ('Data Engineering with Google Cloud Platform: A practical guide to operationalizing scalable data analytics systems on GCP', 'Adi Wijaya', '41.', '4.7 out of 5 stars')
[2024-10-08T05:34:08.685+0000] {sql.py:518} INFO - Rows affected: 1
[2024-10-08T05:34:08.692+0000] {base.py:84} INFO - Retrieving connection 'books_connection'
[2024-10-08T05:34:08.696+0000] {sql.py:509} INFO - Running statement: 
    INSERT INTO books (title, authors, price, rating)
    VALUES (%s, %s, %s, %s)
    , parameters: ('DATA ENGINEERING AND AI FOR BEGINNERS: Revolutionizing Data Processing and Analytics by Leveraging Artificial Intelligence for Efficient Input Collection, Storage, and Transformation (World of AI)', 'Paperback', '13.', '4.3 out of 5 stars')
[2024-10-08T05:34:08.697+0000] {sql.py:518} INFO - Rows affected: 1
[2024-10-08T05:34:08.704+0000] {base.py:84} INFO - Retrieving connection 'books_connection'
[2024-10-08T05:34:08.708+0000] {sql.py:509} INFO - Running statement: 
    INSERT INTO books (title, authors, price, rating)
    VALUES (%s, %s, %s, %s)
    , parameters: ('Data Privacy: A runbook for engineers', 'Nishant Bhajaria', '35.', '4.8 out of 5 stars')
[2024-10-08T05:34:08.709+0000] {sql.py:518} INFO - Rows affected: 1
[2024-10-08T05:34:08.715+0000] {base.py:84} INFO - Retrieving connection 'books_connection'
[2024-10-08T05:34:08.726+0000] {sql.py:509} INFO - Running statement: 
    INSERT INTO books (title, authors, price, rating)
    VALUES (%s, %s, %s, %s)
    , parameters: ("Data: Principles To Practice - Volume 1 'Foundations': Essential Foundations: Key Concepts behind Data Architecture, Engineering and Analysis for Professionals", 'Mr Alex Holloway', '12.', '4.6 out of 5 stars')
[2024-10-08T05:34:08.729+0000] {sql.py:518} INFO - Rows affected: 1
[2024-10-08T05:34:08.741+0000] {base.py:84} INFO - Retrieving connection 'books_connection'
[2024-10-08T05:34:08.746+0000] {sql.py:509} INFO - Running statement: 
    INSERT INTO books (title, authors, price, rating)
    VALUES (%s, %s, %s, %s)
    , parameters: ('Data Engineering Fundamentals for Beginners: Mastering the Art of Building, Managing, and Scaling Data Systems', 'Paperback', '14.', '5.0 out of 5 stars')
[2024-10-08T05:34:08.748+0000] {sql.py:518} INFO - Rows affected: 1
[2024-10-08T05:34:08.756+0000] {base.py:84} INFO - Retrieving connection 'books_connection'
[2024-10-08T05:34:08.762+0000] {sql.py:509} INFO - Running statement: 
    INSERT INTO books (title, authors, price, rating)
    VALUES (%s, %s, %s, %s)
    , parameters: ("Engineering Data Mesh in Azure Cloud: Implement data mesh using Microsoft Azure's Cloud Adoption Framework", 'Paperback', '47.', '4.5 out of 5 stars')
[2024-10-08T05:34:08.764+0000] {sql.py:518} INFO - Rows affected: 1
[2024-10-08T05:34:08.773+0000] {base.py:84} INFO - Retrieving connection 'books_connection'
[2024-10-08T05:34:08.777+0000] {sql.py:509} INFO - Running statement: 
    INSERT INTO books (title, authors, price, rating)
    VALUES (%s, %s, %s, %s)
    , parameters: ('Data Engineering with Apache Spark, Delta Lake, and Lakehouse: Create scalable pipelines that ingest, curate, and aggregate complex data in a timely and secure way', 'Manoj Kukreja', '46.', '3.9 out of 5 stars')
[2024-10-08T05:34:08.779+0000] {sql.py:518} INFO - Rows affected: 1
[2024-10-08T05:34:08.789+0000] {base.py:84} INFO - Retrieving connection 'books_connection'
[2024-10-08T05:34:08.795+0000] {sql.py:509} INFO - Running statement: 
    INSERT INTO books (title, authors, price, rating)
    VALUES (%s, %s, %s, %s)
    , parameters: ('Data-Driven Science and Engineering: Machine Learning, Dynamical Systems, and Control', 'Steven L. Brunton', '64.', '4.8 out of 5 stars')
[2024-10-08T05:34:08.797+0000] {sql.py:518} INFO - Rows affected: 1
[2024-10-08T05:34:08.805+0000] {base.py:84} INFO - Retrieving connection 'books_connection'
[2024-10-08T05:34:08.811+0000] {sql.py:509} INFO - Running statement: 
    INSERT INTO books (title, authors, price, rating)
    VALUES (%s, %s, %s, %s)
    , parameters: ('Data Engineering with Google Cloud Platform: A guide to leveling up as a data engineer by building a scalable data platform with Google Cloud', 'Adi Wijaya', '40.', '4.8 out of 5 stars')
[2024-10-08T05:34:08.812+0000] {sql.py:518} INFO - Rows affected: 1
[2024-10-08T05:34:08.820+0000] {base.py:84} INFO - Retrieving connection 'books_connection'
[2024-10-08T05:34:08.825+0000] {sql.py:509} INFO - Running statement: 
    INSERT INTO books (title, authors, price, rating)
    VALUES (%s, %s, %s, %s)
    , parameters: ('Python Data Engineering Resources: Forge Your Path to Success in Data Engineering, Machine Learning and AI', 'Vajo Lukic', '0.', '4.9 out of 5 stars')
[2024-10-08T05:34:08.827+0000] {sql.py:518} INFO - Rows affected: 1
[2024-10-08T05:34:08.834+0000] {base.py:84} INFO - Retrieving connection 'books_connection'
[2024-10-08T05:34:08.840+0000] {sql.py:509} INFO - Running statement: 
    INSERT INTO books (title, authors, price, rating)
    VALUES (%s, %s, %s, %s)
    , parameters: ('97 Things Every Data Engineer Should Know: Collective Wisdom from the Experts', 'Tobias Macey', '28.', '4.1 out of 5 stars')
[2024-10-08T05:34:08.844+0000] {sql.py:518} INFO - Rows affected: 1
[2024-10-08T05:34:08.861+0000] {base.py:84} INFO - Retrieving connection 'books_connection'
[2024-10-08T05:34:08.867+0000] {sql.py:509} INFO - Running statement: 
    INSERT INTO books (title, authors, price, rating)
    VALUES (%s, %s, %s, %s)
    , parameters: ('Analytics Engineering with SQL and dbt: Building Meaningful Data Models at Scale', 'Rui Pedro Machado', '41.', '3.9 out of 5 stars')
[2024-10-08T05:34:08.870+0000] {sql.py:518} INFO - Rows affected: 1
[2024-10-08T05:34:08.881+0000] {base.py:84} INFO - Retrieving connection 'books_connection'
[2024-10-08T05:34:08.887+0000] {sql.py:509} INFO - Running statement: 
    INSERT INTO books (title, authors, price, rating)
    VALUES (%s, %s, %s, %s)
    , parameters: ('Data Engineering with Scala and Spark: Build streaming and batch pipelines that process massive amounts of data using Scala', 'Eric Tome', '29.', '4.1 out of 5 stars')
[2024-10-08T05:34:08.889+0000] {sql.py:518} INFO - Rows affected: 1
[2024-10-08T05:34:08.898+0000] {base.py:84} INFO - Retrieving connection 'books_connection'
[2024-10-08T05:34:08.902+0000] {sql.py:509} INFO - Running statement: 
    INSERT INTO books (title, authors, price, rating)
    VALUES (%s, %s, %s, %s)
    , parameters: ('Storytelling with Data: A Data Visualization Guide for Business Professionals', 'Cole Nussbaumer Knaflic', '27.', '4.6 out of 5 stars')
[2024-10-08T05:34:08.903+0000] {sql.py:518} INFO - Rows affected: 1
[2024-10-08T05:34:08.910+0000] {base.py:84} INFO - Retrieving connection 'books_connection'
[2024-10-08T05:34:08.915+0000] {sql.py:509} INFO - Running statement: 
    INSERT INTO books (title, authors, price, rating)
    VALUES (%s, %s, %s, %s)
    , parameters: ('Data Mesh: Delivering Data-Driven Value at Scale', 'Zhamak Dehghani', '43.', '4.5 out of 5 stars')
[2024-10-08T05:34:08.916+0000] {sql.py:518} INFO - Rows affected: 1
[2024-10-08T05:34:08.931+0000] {base.py:84} INFO - Retrieving connection 'books_connection'
[2024-10-08T05:34:08.937+0000] {sql.py:509} INFO - Running statement: 
    INSERT INTO books (title, authors, price, rating)
    VALUES (%s, %s, %s, %s)
    , parameters: ('Data Engineering 101', 'Kindle', '0.', '3.9 out of 5 stars')
[2024-10-08T05:34:08.939+0000] {sql.py:518} INFO - Rows affected: 1
[2024-10-08T05:34:08.945+0000] {base.py:84} INFO - Retrieving connection 'books_connection'
[2024-10-08T05:34:08.950+0000] {sql.py:509} INFO - Running statement: 
    INSERT INTO books (title, authors, price, rating)
    VALUES (%s, %s, %s, %s)
    , parameters: ('Data Modeling with Snowflake: A practical guide to accelerating Snowflake development using universal data modeling techniques', 'Serge Gershkovich', '36.', '4.8 out of 5 stars')
[2024-10-08T05:34:08.951+0000] {sql.py:518} INFO - Rows affected: 1
[2024-10-08T05:34:08.958+0000] {base.py:84} INFO - Retrieving connection 'books_connection'
[2024-10-08T05:34:08.963+0000] {sql.py:509} INFO - Running statement: 
    INSERT INTO books (title, authors, price, rating)
    VALUES (%s, %s, %s, %s)
    , parameters: ('Official Google Cloud Certified Professional Data Engineer Study Guide', 'Dan Sullivan', '33.', '4.5 out of 5 stars')
[2024-10-08T05:34:08.964+0000] {sql.py:518} INFO - Rows affected: 1
[2024-10-08T05:34:08.971+0000] {base.py:84} INFO - Retrieving connection 'books_connection'
[2024-10-08T05:34:08.976+0000] {sql.py:509} INFO - Running statement: 
    INSERT INTO books (title, authors, price, rating)
    VALUES (%s, %s, %s, %s)
    , parameters: ('Machine Learning Engineering', 'Andriy Burkov', '39.', '4.7 out of 5 stars')
[2024-10-08T05:34:08.977+0000] {sql.py:518} INFO - Rows affected: 1
[2024-10-08T05:34:08.985+0000] {base.py:84} INFO - Retrieving connection 'books_connection'
[2024-10-08T05:34:08.992+0000] {sql.py:509} INFO - Running statement: 
    INSERT INTO books (title, authors, price, rating)
    VALUES (%s, %s, %s, %s)
    , parameters: ('Fundamentals of Data Observability: Implement Trustworthy End-to-End Data Solutions', 'Andy Petrella', '36.', '4.0 out of 5 stars')
[2024-10-08T05:34:08.994+0000] {sql.py:518} INFO - Rows affected: 1
[2024-10-08T05:34:09.007+0000] {base.py:84} INFO - Retrieving connection 'books_connection'
[2024-10-08T05:34:09.012+0000] {sql.py:509} INFO - Running statement: 
    INSERT INTO books (title, authors, price, rating)
    VALUES (%s, %s, %s, %s)
    , parameters: ('Modern Data Engineering with Apache Spark: A Hands-On Guide for Building Mission-Critical Streaming Applications', 'Scott Haines', '29.', '4.1 out of 5 stars')
[2024-10-08T05:34:09.013+0000] {sql.py:518} INFO - Rows affected: 1
[2024-10-08T05:34:09.022+0000] {base.py:84} INFO - Retrieving connection 'books_connection'
[2024-10-08T05:34:09.026+0000] {sql.py:509} INFO - Running statement: 
    INSERT INTO books (title, authors, price, rating)
    VALUES (%s, %s, %s, %s)
    , parameters: ('Python Feature Engineering Cookbook: A complete guide to crafting powerful features for your machine learning models', 'Soledad Galli', '44.', '5.0 out of 5 stars')
[2024-10-08T05:34:09.027+0000] {sql.py:518} INFO - Rows affected: 1
[2024-10-08T05:34:09.038+0000] {base.py:84} INFO - Retrieving connection 'books_connection'
[2024-10-08T05:34:09.045+0000] {sql.py:509} INFO - Running statement: 
    INSERT INTO books (title, authors, price, rating)
    VALUES (%s, %s, %s, %s)
    , parameters: ('Data Engineering with Databricks', 'Kindle', '0.', '3.4 out of 5 stars')
[2024-10-08T05:34:09.048+0000] {sql.py:518} INFO - Rows affected: 1
[2024-10-08T05:34:09.057+0000] {base.py:84} INFO - Retrieving connection 'books_connection'
[2024-10-08T05:34:09.062+0000] {sql.py:509} INFO - Running statement: 
    INSERT INTO books (title, authors, price, rating)
    VALUES (%s, %s, %s, %s)
    , parameters: ('Azure Data Factory by Example: Practical Implementation for Data Engineers', 'Richard Swinbank', '33.', '4.2 out of 5 stars')
[2024-10-08T05:34:09.063+0000] {sql.py:518} INFO - Rows affected: 1
[2024-10-08T05:34:09.070+0000] {base.py:84} INFO - Retrieving connection 'books_connection'
[2024-10-08T05:34:09.074+0000] {sql.py:509} INFO - Running statement: 
    INSERT INTO books (title, authors, price, rating)
    VALUES (%s, %s, %s, %s)
    , parameters: ('Data Quality Engineering in Financial Services: Applying Manufacturing Techniques to Data', 'Brian Buzzelli', '30.', '4.4 out of 5 stars')
[2024-10-08T05:34:09.075+0000] {sql.py:518} INFO - Rows affected: 1
[2024-10-08T05:34:09.086+0000] {base.py:84} INFO - Retrieving connection 'books_connection'
[2024-10-08T05:34:09.093+0000] {sql.py:509} INFO - Running statement: 
    INSERT INTO books (title, authors, price, rating)
    VALUES (%s, %s, %s, %s)
    , parameters: ('Prompt Engineering for Generative AI: Future-Proof Inputs for Reliable AI Outputs', 'James Phoenix', '53.', '4.5 out of 5 stars')
[2024-10-08T05:34:09.098+0000] {sql.py:518} INFO - Rows affected: 1
[2024-10-08T05:34:09.111+0000] {base.py:84} INFO - Retrieving connection 'books_connection'
[2024-10-08T05:34:09.117+0000] {sql.py:509} INFO - Running statement: 
    INSERT INTO books (title, authors, price, rating)
    VALUES (%s, %s, %s, %s)
    , parameters: ('Data Observability for Data Engineering: Proactive strategies for ensuring data accuracy and addressing broken data pipelines', 'Michele Pinto', '18.', '3.7 out of 5 stars')
[2024-10-08T05:34:09.118+0000] {sql.py:518} INFO - Rows affected: 1
[2024-10-08T05:34:09.124+0000] {base.py:84} INFO - Retrieving connection 'books_connection'
[2024-10-08T05:34:09.128+0000] {sql.py:509} INFO - Running statement: 
    INSERT INTO books (title, authors, price, rating)
    VALUES (%s, %s, %s, %s)
    , parameters: ('Better Data Visualizations: A Guide for Scholars, Researchers, and Wonks', 'Jonathan Schwabish', '26.', '4.5 out of 5 stars')
[2024-10-08T05:34:09.129+0000] {sql.py:518} INFO - Rows affected: 1
[2024-10-08T05:34:09.139+0000] {base.py:84} INFO - Retrieving connection 'books_connection'
[2024-10-08T05:34:09.147+0000] {sql.py:509} INFO - Running statement: 
    INSERT INTO books (title, authors, price, rating)
    VALUES (%s, %s, %s, %s)
    , parameters: ("Applied Machine Learning and AI for Engineers: Solve Business Problems That Can't Be Solved Algorithmically", 'Jeff Prosise', '73.', '4.5 out of 5 stars')
[2024-10-08T05:34:09.149+0000] {sql.py:518} INFO - Rows affected: 1
[2024-10-08T05:34:09.162+0000] {base.py:84} INFO - Retrieving connection 'books_connection'
[2024-10-08T05:34:09.175+0000] {sql.py:509} INFO - Running statement: 
    INSERT INTO books (title, authors, price, rating)
    VALUES (%s, %s, %s, %s)
    , parameters: ('Machine Learning Engineering with Python - Second Edition: Manage the lifecycle of machine learning models using MLOps with practical examples', 'Andrew McMahon', '32.', '4.7 out of 5 stars')
[2024-10-08T05:34:09.178+0000] {sql.py:518} INFO - Rows affected: 1
[2024-10-08T05:34:09.180+0000] {python.py:240} INFO - Done. Returned value was: None
[2024-10-08T05:34:09.196+0000] {taskinstance.py:340} INFO - ::group::Post task execution logs
[2024-10-08T05:34:09.197+0000] {taskinstance.py:352} INFO - Marking task as SUCCESS. dag_id=fetch_and_store_amazon_books, task_id=insert_book_data, run_id=scheduled__2024-09-23T00:00:00+00:00, execution_date=20240923T000000, start_date=20241008T053407, end_date=20241008T053409
[2024-10-08T05:34:09.210+0000] {logging_mixin.py:190} INFO - Task instance in success state
[2024-10-08T05:34:09.212+0000] {logging_mixin.py:190} INFO -  Previous state of the Task instance: running
[2024-10-08T05:34:09.212+0000] {logging_mixin.py:190} INFO - Dag name:fetch_and_store_amazon_books queued_at:2024-10-08 05:33:48.197664+00:00
[2024-10-08T05:34:09.212+0000] {logging_mixin.py:190} INFO - Task hostname:475658bd4f83 operator:PythonOperator
[2024-10-08T05:34:09.236+0000] {local_task_job_runner.py:261} INFO - Task exited with return code 0
[2024-10-08T05:34:09.275+0000] {taskinstance.py:3891} INFO - 0 downstream tasks scheduled from follow-on schedule check
[2024-10-08T05:34:09.277+0000] {local_task_job_runner.py:240} INFO - ::endgroup::
