[2024-10-08T05:31:57.608+0000] {local_task_job_runner.py:123} INFO - ::group::Pre task execution logs
[2024-10-08T05:31:57.644+0000] {taskinstance.py:2603} INFO - Dependencies all met for dep_context=non-requeueable deps ti=<TaskInstance: fetch_and_store_amazon_books.insert_book_data scheduled__2024-09-14T00:00:00+00:00 [queued]>
[2024-10-08T05:31:57.654+0000] {taskinstance.py:2603} INFO - Dependencies all met for dep_context=requeueable deps ti=<TaskInstance: fetch_and_store_amazon_books.insert_book_data scheduled__2024-09-14T00:00:00+00:00 [queued]>
[2024-10-08T05:31:57.656+0000] {taskinstance.py:2856} INFO - Starting attempt 1 of 2
[2024-10-08T05:31:57.672+0000] {taskinstance.py:2879} INFO - Executing <Task(PythonOperator): insert_book_data> on 2024-09-14 00:00:00+00:00
[2024-10-08T05:31:57.696+0000] {warnings.py:112} WARNING - /home/***/.local/lib/python3.12/site-packages/***/task/task_runner/standard_task_runner.py:70: DeprecationWarning: This process (pid=512) is multi-threaded, use of fork() may lead to deadlocks in the child.
  pid = os.fork()

[2024-10-08T05:31:57.702+0000] {standard_task_runner.py:72} INFO - Started process 518 to run task
[2024-10-08T05:31:57.707+0000] {standard_task_runner.py:104} INFO - Running: ['***', 'tasks', 'run', 'fetch_and_store_amazon_books', 'insert_book_data', 'scheduled__2024-09-14T00:00:00+00:00', '--job-id', '220', '--raw', '--subdir', 'DAGS_FOLDER/app.py', '--cfg-path', '/tmp/tmpvm_enw6o']
[2024-10-08T05:31:57.709+0000] {standard_task_runner.py:105} INFO - Job 220: Subtask insert_book_data
[2024-10-08T05:31:57.799+0000] {task_command.py:467} INFO - Running <TaskInstance: fetch_and_store_amazon_books.insert_book_data scheduled__2024-09-14T00:00:00+00:00 [running]> on host 475658bd4f83
[2024-10-08T05:31:57.978+0000] {taskinstance.py:3122} INFO - Exporting env vars: AIRFLOW_CTX_DAG_OWNER='***' AIRFLOW_CTX_DAG_ID='fetch_and_store_amazon_books' AIRFLOW_CTX_TASK_ID='insert_book_data' AIRFLOW_CTX_EXECUTION_DATE='2024-09-14T00:00:00+00:00' AIRFLOW_CTX_TRY_NUMBER='1' AIRFLOW_CTX_DAG_RUN_ID='scheduled__2024-09-14T00:00:00+00:00'
[2024-10-08T05:31:57.990+0000] {logging_mixin.py:190} INFO - Task instance is in running state
[2024-10-08T05:31:57.992+0000] {logging_mixin.py:190} INFO -  Previous state of the Task instance: queued
[2024-10-08T05:31:57.994+0000] {logging_mixin.py:190} INFO - Current task name:insert_book_data state:running start_date:2024-10-08 05:31:57.644481+00:00
[2024-10-08T05:31:57.995+0000] {logging_mixin.py:190} INFO - Dag name:fetch_and_store_amazon_books and current dag run status:running
[2024-10-08T05:31:57.996+0000] {taskinstance.py:731} INFO - ::endgroup::
[2024-10-08T05:31:58.034+0000] {base.py:84} INFO - Retrieving connection 'books_connection'
[2024-10-08T05:31:58.043+0000] {sql.py:509} INFO - Running statement: 
    INSERT INTO books (title, authors, price, rating)
    VALUES (%s, %s, %s, %s)
    , parameters: ('Data Engineering with AWS - Second Edition: Acquire the skills to design and build AWS-based data transformation pipelines like a pro', 'Gareth Eagar', '41.', '4.4 out of 5 stars')
[2024-10-08T05:31:58.045+0000] {sql.py:518} INFO - Rows affected: 1
[2024-10-08T05:31:58.066+0000] {base.py:84} INFO - Retrieving connection 'books_connection'
[2024-10-08T05:31:58.075+0000] {sql.py:509} INFO - Running statement: 
    INSERT INTO books (title, authors, price, rating)
    VALUES (%s, %s, %s, %s)
    , parameters: ('Azure Data Engineer Associate Certification Guide: Ace the DP-203 exam with advanced data engineering skills', 'Giacinto Palmieri', '49.', '4.4 out of 5 stars')
[2024-10-08T05:31:58.076+0000] {sql.py:518} INFO - Rows affected: 1
[2024-10-08T05:31:58.086+0000] {base.py:84} INFO - Retrieving connection 'books_connection'
[2024-10-08T05:31:58.094+0000] {sql.py:509} INFO - Running statement: 
    INSERT INTO books (title, authors, price, rating)
    VALUES (%s, %s, %s, %s)
    , parameters: ("Azure Data Factory Cookbook: A data engineer's guide to building and managing ETL and ELT pipelines with data integration", 'Dmitry Foshin', '51.', '4.2 out of 5 stars')
[2024-10-08T05:31:58.095+0000] {sql.py:518} INFO - Rows affected: 1
[2024-10-08T05:31:58.107+0000] {base.py:84} INFO - Retrieving connection 'books_connection'
[2024-10-08T05:31:58.114+0000] {sql.py:509} INFO - Running statement: 
    INSERT INTO books (title, authors, price, rating)
    VALUES (%s, %s, %s, %s)
    , parameters: ('Fundamentals of Data Engineering: Plan and Build Robust Data Systems', 'Joe Reis', '25.', '4.7 out of 5 stars')
[2024-10-08T05:31:58.115+0000] {sql.py:518} INFO - Rows affected: 1
[2024-10-08T05:31:58.125+0000] {base.py:84} INFO - Retrieving connection 'books_connection'
[2024-10-08T05:31:58.129+0000] {sql.py:509} INFO - Running statement: 
    INSERT INTO books (title, authors, price, rating)
    VALUES (%s, %s, %s, %s)
    , parameters: ('Designing Data-Intensive Applications: The Big Ideas Behind Reliable, Scalable, and Maintainable Systems', 'Martin Kleppmann', '55.', '4.7 out of 5 stars')
[2024-10-08T05:31:58.130+0000] {sql.py:518} INFO - Rows affected: 1
[2024-10-08T05:31:58.154+0000] {base.py:84} INFO - Retrieving connection 'books_connection'
[2024-10-08T05:31:58.173+0000] {sql.py:509} INFO - Running statement: 
    INSERT INTO books (title, authors, price, rating)
    VALUES (%s, %s, %s, %s)
    , parameters: ('Fundamentals of Data Analytics: Learn Essential Skills, Embrace the Future, and Catapult Your Career in the Data-Driven World—A Comprehensive Guide to Data Literacy for Beginners', 'Russell Dawson', '17.', '4.8 out of 5 stars')
[2024-10-08T05:31:58.179+0000] {sql.py:518} INFO - Rows affected: 1
[2024-10-08T05:31:58.217+0000] {base.py:84} INFO - Retrieving connection 'books_connection'
[2024-10-08T05:31:58.224+0000] {sql.py:509} INFO - Running statement: 
    INSERT INTO books (title, authors, price, rating)
    VALUES (%s, %s, %s, %s)
    , parameters: ("Ultimate Data Engineering with Databricks: Develop Scalable Data Pipelines Using Data Engineering's Core Tenets Such as Delta Tables, Ingestion, ... Security, and Scalability (English Edition)", 'Mayank Malhotra', '37.', '4.1 out of 5 stars')
[2024-10-08T05:31:58.225+0000] {sql.py:518} INFO - Rows affected: 1
[2024-10-08T05:31:58.238+0000] {base.py:84} INFO - Retrieving connection 'books_connection'
[2024-10-08T05:31:58.245+0000] {sql.py:509} INFO - Running statement: 
    INSERT INTO books (title, authors, price, rating)
    VALUES (%s, %s, %s, %s)
    , parameters: ('Data Engineering with dbt: A practical guide to building a cloud-based, pragmatic, and dependable data platform with SQL', 'Roberto Zagni', '37.', '4.6 out of 5 stars')
[2024-10-08T05:31:58.247+0000] {sql.py:518} INFO - Rows affected: 1
[2024-10-08T05:31:58.260+0000] {base.py:84} INFO - Retrieving connection 'books_connection'
[2024-10-08T05:31:58.265+0000] {sql.py:509} INFO - Running statement: 
    INSERT INTO books (title, authors, price, rating)
    VALUES (%s, %s, %s, %s)
    , parameters: ('Data Engineering with Python: Work with massive datasets to design data models and automate data pipelines using Python', 'Paul Crickard', '37.', '4.1 out of 5 stars')
[2024-10-08T05:31:58.268+0000] {sql.py:518} INFO - Rows affected: 1
[2024-10-08T05:31:58.278+0000] {base.py:84} INFO - Retrieving connection 'books_connection'
[2024-10-08T05:31:58.281+0000] {sql.py:509} INFO - Running statement: 
    INSERT INTO books (title, authors, price, rating)
    VALUES (%s, %s, %s, %s)
    , parameters: ('Cracking the Data Engineering Interview: Land your dream job with the help of resume-building tips, over 100 mock questions, and a unique portfolio', 'Kedeisha Bryan', '26.', '4.4 out of 5 stars')
[2024-10-08T05:31:58.283+0000] {sql.py:518} INFO - Rows affected: 1
[2024-10-08T05:31:58.294+0000] {base.py:84} INFO - Retrieving connection 'books_connection'
[2024-10-08T05:31:58.299+0000] {sql.py:509} INFO - Running statement: 
    INSERT INTO books (title, authors, price, rating)
    VALUES (%s, %s, %s, %s)
    , parameters: ('Data Pipelines Pocket Reference: Moving and Processing Data for Analytics', 'James Densmore', '17.', '4.5 out of 5 stars')
[2024-10-08T05:31:58.300+0000] {sql.py:518} INFO - Rows affected: 1
[2024-10-08T05:31:58.311+0000] {base.py:84} INFO - Retrieving connection 'books_connection'
[2024-10-08T05:31:58.331+0000] {sql.py:509} INFO - Running statement: 
    INSERT INTO books (title, authors, price, rating)
    VALUES (%s, %s, %s, %s)
    , parameters: ('Ace the Data Science Interview: 201 Real Interview Questions Asked By FAANG, Tech Startups, & Wall Street', 'Nick Singh', '42.', '4.5 out of 5 stars')
[2024-10-08T05:31:58.335+0000] {sql.py:518} INFO - Rows affected: 1
[2024-10-08T05:31:58.354+0000] {base.py:84} INFO - Retrieving connection 'books_connection'
[2024-10-08T05:31:58.361+0000] {sql.py:509} INFO - Running statement: 
    INSERT INTO books (title, authors, price, rating)
    VALUES (%s, %s, %s, %s)
    , parameters: ('Ace the Data Engineering Interview: Questions and Answers for Python, SQL, Data Modeling and More', 'Sean Coyne', '24.', '3.8 out of 5 stars')
[2024-10-08T05:31:58.363+0000] {sql.py:518} INFO - Rows affected: 1
[2024-10-08T05:31:58.375+0000] {base.py:84} INFO - Retrieving connection 'books_connection'
[2024-10-08T05:31:58.383+0000] {sql.py:509} INFO - Running statement: 
    INSERT INTO books (title, authors, price, rating)
    VALUES (%s, %s, %s, %s)
    , parameters: ('Data Engineering with Databricks Cookbook: Build effective data and AI solutions using Apache Spark, Databricks, and Delta Lake', 'Pulkit Chadha', '49.', '4.3 out of 5 stars')
[2024-10-08T05:31:58.384+0000] {sql.py:518} INFO - Rows affected: 1
[2024-10-08T05:31:58.393+0000] {base.py:84} INFO - Retrieving connection 'books_connection'
[2024-10-08T05:31:58.399+0000] {sql.py:509} INFO - Running statement: 
    INSERT INTO books (title, authors, price, rating)
    VALUES (%s, %s, %s, %s)
    , parameters: ('Software Engineering for Data Scientists: From Notebooks to Scalable Systems', 'Catherine Nelson', '51.', '4.4 out of 5 stars')
[2024-10-08T05:31:58.400+0000] {sql.py:518} INFO - Rows affected: 1
[2024-10-08T05:31:58.410+0000] {base.py:84} INFO - Retrieving connection 'books_connection'
[2024-10-08T05:31:58.423+0000] {sql.py:509} INFO - Running statement: 
    INSERT INTO books (title, authors, price, rating)
    VALUES (%s, %s, %s, %s)
    , parameters: ('Essentials of Data Engineering', 'Dr. Mukesh Saini', '19.', '5.0 out of 5 stars')
[2024-10-08T05:31:58.425+0000] {sql.py:518} INFO - Rows affected: 1
[2024-10-08T05:31:58.439+0000] {base.py:84} INFO - Retrieving connection 'books_connection'
[2024-10-08T05:31:58.445+0000] {sql.py:509} INFO - Running statement: 
    INSERT INTO books (title, authors, price, rating)
    VALUES (%s, %s, %s, %s)
    , parameters: ('Data Engineering with AWS: Learn how to design and build cloud-based data transformation pipelines using AWS', 'Gareth Eagar', '49.', '4.4 out of 5 stars')
[2024-10-08T05:31:58.447+0000] {sql.py:518} INFO - Rows affected: 1
[2024-10-08T05:31:58.460+0000] {base.py:84} INFO - Retrieving connection 'books_connection'
[2024-10-08T05:31:58.469+0000] {sql.py:509} INFO - Running statement: 
    INSERT INTO books (title, authors, price, rating)
    VALUES (%s, %s, %s, %s)
    , parameters: ('Data Engineering with Python cookbook: Learn to build efficient data pipelines using the Modern Cloud Data Stack', 'Adithyan Ramanujakootam', '32.', '5.0 out of 5 stars')
[2024-10-08T05:31:58.473+0000] {sql.py:518} INFO - Rows affected: 1
[2024-10-08T05:31:58.486+0000] {base.py:84} INFO - Retrieving connection 'books_connection'
[2024-10-08T05:31:58.493+0000] {sql.py:509} INFO - Running statement: 
    INSERT INTO books (title, authors, price, rating)
    VALUES (%s, %s, %s, %s)
    , parameters: ("Data Quality Fundamentals: A Practitioner's Guide to Building Trustworthy Data Pipelines", 'Paperback', '45.', '4.1 out of 5 stars')
[2024-10-08T05:31:58.494+0000] {sql.py:518} INFO - Rows affected: 1
[2024-10-08T05:31:58.506+0000] {base.py:84} INFO - Retrieving connection 'books_connection'
[2024-10-08T05:31:58.514+0000] {sql.py:509} INFO - Running statement: 
    INSERT INTO books (title, authors, price, rating)
    VALUES (%s, %s, %s, %s)
    , parameters: ('Data Engineering with Google Cloud Platform: A practical guide to operationalizing scalable data analytics systems on GCP', 'Adi Wijaya', '41.', '4.7 out of 5 stars')
[2024-10-08T05:31:58.517+0000] {sql.py:518} INFO - Rows affected: 1
[2024-10-08T05:31:58.533+0000] {base.py:84} INFO - Retrieving connection 'books_connection'
[2024-10-08T05:31:58.537+0000] {sql.py:509} INFO - Running statement: 
    INSERT INTO books (title, authors, price, rating)
    VALUES (%s, %s, %s, %s)
    , parameters: ('DATA ENGINEERING AND AI FOR BEGINNERS: Revolutionizing Data Processing and Analytics by Leveraging Artificial Intelligence for Efficient Input Collection, Storage, and Transformation (World of AI)', 'Paperback', '13.', '4.3 out of 5 stars')
[2024-10-08T05:31:58.540+0000] {sql.py:518} INFO - Rows affected: 1
[2024-10-08T05:31:58.549+0000] {base.py:84} INFO - Retrieving connection 'books_connection'
[2024-10-08T05:31:58.559+0000] {sql.py:509} INFO - Running statement: 
    INSERT INTO books (title, authors, price, rating)
    VALUES (%s, %s, %s, %s)
    , parameters: ('Fundamentals of Data Engineering: A Comprehensive Guide to Designing, Building, and Managing Data Pipelines, Storage Solutions, and Processing Frameworks.', 'Paperback', '14.', '5.0 out of 5 stars')
[2024-10-08T05:31:58.565+0000] {sql.py:518} INFO - Rows affected: 1
[2024-10-08T05:31:58.589+0000] {base.py:84} INFO - Retrieving connection 'books_connection'
[2024-10-08T05:31:58.604+0000] {sql.py:509} INFO - Running statement: 
    INSERT INTO books (title, authors, price, rating)
    VALUES (%s, %s, %s, %s)
    , parameters: ('Data Privacy: A runbook for engineers', 'Nishant Bhajaria', '35.', '4.8 out of 5 stars')
[2024-10-08T05:31:58.615+0000] {sql.py:518} INFO - Rows affected: 1
[2024-10-08T05:31:58.668+0000] {base.py:84} INFO - Retrieving connection 'books_connection'
[2024-10-08T05:31:58.687+0000] {sql.py:509} INFO - Running statement: 
    INSERT INTO books (title, authors, price, rating)
    VALUES (%s, %s, %s, %s)
    , parameters: ('Data Engineering Fundamentals for Beginners: Mastering the Art of Building, Managing, and Scaling Data Systems', 'Paperback', '14.', '5.0 out of 5 stars')
[2024-10-08T05:31:58.691+0000] {sql.py:518} INFO - Rows affected: 1
[2024-10-08T05:31:58.707+0000] {base.py:84} INFO - Retrieving connection 'books_connection'
[2024-10-08T05:31:58.715+0000] {sql.py:509} INFO - Running statement: 
    INSERT INTO books (title, authors, price, rating)
    VALUES (%s, %s, %s, %s)
    , parameters: ("Engineering Data Mesh in Azure Cloud: Implement data mesh using Microsoft Azure's Cloud Adoption Framework", 'Paperback', '47.', '4.5 out of 5 stars')
[2024-10-08T05:31:58.728+0000] {sql.py:518} INFO - Rows affected: 1
[2024-10-08T05:31:58.751+0000] {base.py:84} INFO - Retrieving connection 'books_connection'
[2024-10-08T05:31:58.761+0000] {sql.py:509} INFO - Running statement: 
    INSERT INTO books (title, authors, price, rating)
    VALUES (%s, %s, %s, %s)
    , parameters: ('Data Engineering with Apache Spark, Delta Lake, and Lakehouse: Create scalable pipelines that ingest, curate, and aggregate complex data in a timely and secure way', 'Manoj Kukreja', '46.', '3.9 out of 5 stars')
[2024-10-08T05:31:58.765+0000] {sql.py:518} INFO - Rows affected: 1
[2024-10-08T05:31:58.776+0000] {base.py:84} INFO - Retrieving connection 'books_connection'
[2024-10-08T05:31:58.782+0000] {sql.py:509} INFO - Running statement: 
    INSERT INTO books (title, authors, price, rating)
    VALUES (%s, %s, %s, %s)
    , parameters: ('Data-Driven Science and Engineering: Machine Learning, Dynamical Systems, and Control', 'Steven L. Brunton', '64.', '4.8 out of 5 stars')
[2024-10-08T05:31:58.784+0000] {sql.py:518} INFO - Rows affected: 1
[2024-10-08T05:31:58.799+0000] {base.py:84} INFO - Retrieving connection 'books_connection'
[2024-10-08T05:31:58.814+0000] {sql.py:509} INFO - Running statement: 
    INSERT INTO books (title, authors, price, rating)
    VALUES (%s, %s, %s, %s)
    , parameters: ('Data Engineering with Google Cloud Platform: A guide to leveling up as a data engineer by building a scalable data platform with Google Cloud', 'Adi Wijaya', '40.', '4.8 out of 5 stars')
[2024-10-08T05:31:58.819+0000] {sql.py:518} INFO - Rows affected: 1
[2024-10-08T05:31:58.838+0000] {base.py:84} INFO - Retrieving connection 'books_connection'
[2024-10-08T05:31:58.845+0000] {sql.py:509} INFO - Running statement: 
    INSERT INTO books (title, authors, price, rating)
    VALUES (%s, %s, %s, %s)
    , parameters: ("Data: Principles To Practice - Volume 1 'Foundations': Essential Foundations: Key Concepts behind Data Architecture, Engineering and Analysis for Professionals", 'Mr Alex Holloway', '12.', '4.6 out of 5 stars')
[2024-10-08T05:31:58.850+0000] {sql.py:518} INFO - Rows affected: 1
[2024-10-08T05:31:58.871+0000] {base.py:84} INFO - Retrieving connection 'books_connection'
[2024-10-08T05:31:58.891+0000] {sql.py:509} INFO - Running statement: 
    INSERT INTO books (title, authors, price, rating)
    VALUES (%s, %s, %s, %s)
    , parameters: ('Data Engineering with AWS', 'May Sherry', '14.', '5.0 out of 5 stars')
[2024-10-08T05:31:58.897+0000] {sql.py:518} INFO - Rows affected: 1
[2024-10-08T05:31:58.918+0000] {base.py:84} INFO - Retrieving connection 'books_connection'
[2024-10-08T05:31:58.938+0000] {sql.py:509} INFO - Running statement: 
    INSERT INTO books (title, authors, price, rating)
    VALUES (%s, %s, %s, %s)
    , parameters: ('97 Things Every Data Engineer Should Know: Collective Wisdom from the Experts', 'Tobias Macey', '28.', '4.1 out of 5 stars')
[2024-10-08T05:31:58.941+0000] {sql.py:518} INFO - Rows affected: 1
[2024-10-08T05:31:58.960+0000] {base.py:84} INFO - Retrieving connection 'books_connection'
[2024-10-08T05:31:58.975+0000] {sql.py:509} INFO - Running statement: 
    INSERT INTO books (title, authors, price, rating)
    VALUES (%s, %s, %s, %s)
    , parameters: ('Python Data Engineering Resources: Forge Your Path to Success in Data Engineering, Machine Learning and AI', 'Vajo Lukic', '0.', '4.9 out of 5 stars')
[2024-10-08T05:31:58.982+0000] {sql.py:518} INFO - Rows affected: 1
[2024-10-08T05:31:59.003+0000] {base.py:84} INFO - Retrieving connection 'books_connection'
[2024-10-08T05:31:59.016+0000] {sql.py:509} INFO - Running statement: 
    INSERT INTO books (title, authors, price, rating)
    VALUES (%s, %s, %s, %s)
    , parameters: ('Analytics Engineering with SQL and dbt: Building Meaningful Data Models at Scale', 'Rui Pedro Machado', '41.', '3.9 out of 5 stars')
[2024-10-08T05:31:59.018+0000] {sql.py:518} INFO - Rows affected: 1
[2024-10-08T05:31:59.030+0000] {base.py:84} INFO - Retrieving connection 'books_connection'
[2024-10-08T05:31:59.039+0000] {sql.py:509} INFO - Running statement: 
    INSERT INTO books (title, authors, price, rating)
    VALUES (%s, %s, %s, %s)
    , parameters: ('Data Engineering with Scala and Spark: Build streaming and batch pipelines that process massive amounts of data using Scala', 'Eric Tome', '29.', '4.1 out of 5 stars')
[2024-10-08T05:31:59.042+0000] {sql.py:518} INFO - Rows affected: 1
[2024-10-08T05:31:59.057+0000] {base.py:84} INFO - Retrieving connection 'books_connection'
[2024-10-08T05:31:59.069+0000] {sql.py:509} INFO - Running statement: 
    INSERT INTO books (title, authors, price, rating)
    VALUES (%s, %s, %s, %s)
    , parameters: ('Storytelling with Data: A Data Visualization Guide for Business Professionals', 'Cole Nussbaumer Knaflic', '27.', '4.6 out of 5 stars')
[2024-10-08T05:31:59.074+0000] {sql.py:518} INFO - Rows affected: 1
[2024-10-08T05:31:59.088+0000] {base.py:84} INFO - Retrieving connection 'books_connection'
[2024-10-08T05:31:59.097+0000] {sql.py:509} INFO - Running statement: 
    INSERT INTO books (title, authors, price, rating)
    VALUES (%s, %s, %s, %s)
    , parameters: ('Data Mesh: Delivering Data-Driven Value at Scale', 'Zhamak Dehghani', '43.', '4.5 out of 5 stars')
[2024-10-08T05:31:59.101+0000] {sql.py:518} INFO - Rows affected: 1
[2024-10-08T05:31:59.123+0000] {base.py:84} INFO - Retrieving connection 'books_connection'
[2024-10-08T05:31:59.134+0000] {sql.py:509} INFO - Running statement: 
    INSERT INTO books (title, authors, price, rating)
    VALUES (%s, %s, %s, %s)
    , parameters: ('Data Engineering 101', 'Kindle', '0.', '3.9 out of 5 stars')
[2024-10-08T05:31:59.139+0000] {sql.py:518} INFO - Rows affected: 1
[2024-10-08T05:31:59.164+0000] {base.py:84} INFO - Retrieving connection 'books_connection'
[2024-10-08T05:31:59.180+0000] {sql.py:509} INFO - Running statement: 
    INSERT INTO books (title, authors, price, rating)
    VALUES (%s, %s, %s, %s)
    , parameters: ('Data Modeling with Snowflake: A practical guide to accelerating Snowflake development using universal data modeling techniques', 'Serge Gershkovich', '36.', '4.8 out of 5 stars')
[2024-10-08T05:31:59.185+0000] {sql.py:518} INFO - Rows affected: 1
[2024-10-08T05:31:59.196+0000] {base.py:84} INFO - Retrieving connection 'books_connection'
[2024-10-08T05:31:59.202+0000] {sql.py:509} INFO - Running statement: 
    INSERT INTO books (title, authors, price, rating)
    VALUES (%s, %s, %s, %s)
    , parameters: ('Official Google Cloud Certified Professional Data Engineer Study Guide', 'Dan Sullivan', '33.', '4.5 out of 5 stars')
[2024-10-08T05:31:59.204+0000] {sql.py:518} INFO - Rows affected: 1
[2024-10-08T05:31:59.215+0000] {base.py:84} INFO - Retrieving connection 'books_connection'
[2024-10-08T05:31:59.223+0000] {sql.py:509} INFO - Running statement: 
    INSERT INTO books (title, authors, price, rating)
    VALUES (%s, %s, %s, %s)
    , parameters: ('Machine Learning Engineering', 'Andriy Burkov', '39.', '4.7 out of 5 stars')
[2024-10-08T05:31:59.226+0000] {sql.py:518} INFO - Rows affected: 1
[2024-10-08T05:31:59.236+0000] {base.py:84} INFO - Retrieving connection 'books_connection'
[2024-10-08T05:31:59.241+0000] {sql.py:509} INFO - Running statement: 
    INSERT INTO books (title, authors, price, rating)
    VALUES (%s, %s, %s, %s)
    , parameters: ('Fundamentals of Data Observability: Implement Trustworthy End-to-End Data Solutions', 'Andy Petrella', '36.', '4.0 out of 5 stars')
[2024-10-08T05:31:59.243+0000] {sql.py:518} INFO - Rows affected: 1
[2024-10-08T05:31:59.254+0000] {base.py:84} INFO - Retrieving connection 'books_connection'
[2024-10-08T05:31:59.274+0000] {sql.py:509} INFO - Running statement: 
    INSERT INTO books (title, authors, price, rating)
    VALUES (%s, %s, %s, %s)
    , parameters: ('Modern Data Engineering with Apache Spark: A Hands-On Guide for Building Mission-Critical Streaming Applications', 'Scott Haines', '29.', '4.1 out of 5 stars')
[2024-10-08T05:31:59.281+0000] {sql.py:518} INFO - Rows affected: 1
[2024-10-08T05:31:59.315+0000] {base.py:84} INFO - Retrieving connection 'books_connection'
[2024-10-08T05:31:59.326+0000] {sql.py:509} INFO - Running statement: 
    INSERT INTO books (title, authors, price, rating)
    VALUES (%s, %s, %s, %s)
    , parameters: ('Python Feature Engineering Cookbook: A complete guide to crafting powerful features for your machine learning models', 'Soledad Galli', '44.', '5.0 out of 5 stars')
[2024-10-08T05:31:59.328+0000] {sql.py:518} INFO - Rows affected: 1
[2024-10-08T05:31:59.343+0000] {base.py:84} INFO - Retrieving connection 'books_connection'
[2024-10-08T05:31:59.351+0000] {sql.py:509} INFO - Running statement: 
    INSERT INTO books (title, authors, price, rating)
    VALUES (%s, %s, %s, %s)
    , parameters: ('Data Engineering with Databricks', 'Kindle', '0.', '3.4 out of 5 stars')
[2024-10-08T05:31:59.355+0000] {sql.py:518} INFO - Rows affected: 1
[2024-10-08T05:31:59.373+0000] {base.py:84} INFO - Retrieving connection 'books_connection'
[2024-10-08T05:31:59.380+0000] {sql.py:509} INFO - Running statement: 
    INSERT INTO books (title, authors, price, rating)
    VALUES (%s, %s, %s, %s)
    , parameters: ('Azure Data Factory by Example: Practical Implementation for Data Engineers', 'Richard Swinbank', '33.', '4.2 out of 5 stars')
[2024-10-08T05:31:59.382+0000] {sql.py:518} INFO - Rows affected: 1
[2024-10-08T05:31:59.402+0000] {base.py:84} INFO - Retrieving connection 'books_connection'
[2024-10-08T05:31:59.409+0000] {sql.py:509} INFO - Running statement: 
    INSERT INTO books (title, authors, price, rating)
    VALUES (%s, %s, %s, %s)
    , parameters: ('Data Quality Engineering in Financial Services: Applying Manufacturing Techniques to Data', 'Brian Buzzelli', '30.', '4.4 out of 5 stars')
[2024-10-08T05:31:59.413+0000] {sql.py:518} INFO - Rows affected: 1
[2024-10-08T05:31:59.429+0000] {base.py:84} INFO - Retrieving connection 'books_connection'
[2024-10-08T05:31:59.438+0000] {sql.py:509} INFO - Running statement: 
    INSERT INTO books (title, authors, price, rating)
    VALUES (%s, %s, %s, %s)
    , parameters: ('Prompt Engineering for Generative AI: Future-Proof Inputs for Reliable AI Outputs', 'James Phoenix', '53.', '4.5 out of 5 stars')
[2024-10-08T05:31:59.441+0000] {sql.py:518} INFO - Rows affected: 1
[2024-10-08T05:31:59.462+0000] {base.py:84} INFO - Retrieving connection 'books_connection'
[2024-10-08T05:31:59.471+0000] {sql.py:509} INFO - Running statement: 
    INSERT INTO books (title, authors, price, rating)
    VALUES (%s, %s, %s, %s)
    , parameters: ('Data Observability for Data Engineering: Proactive strategies for ensuring data accuracy and addressing broken data pipelines', 'Michele Pinto', '18.', '3.7 out of 5 stars')
[2024-10-08T05:31:59.474+0000] {sql.py:518} INFO - Rows affected: 1
[2024-10-08T05:31:59.485+0000] {base.py:84} INFO - Retrieving connection 'books_connection'
[2024-10-08T05:31:59.491+0000] {sql.py:509} INFO - Running statement: 
    INSERT INTO books (title, authors, price, rating)
    VALUES (%s, %s, %s, %s)
    , parameters: ('Better Data Visualizations: A Guide for Scholars, Researchers, and Wonks', 'Jonathan Schwabish', '26.', '4.5 out of 5 stars')
[2024-10-08T05:31:59.493+0000] {sql.py:518} INFO - Rows affected: 1
[2024-10-08T05:31:59.505+0000] {base.py:84} INFO - Retrieving connection 'books_connection'
[2024-10-08T05:31:59.512+0000] {sql.py:509} INFO - Running statement: 
    INSERT INTO books (title, authors, price, rating)
    VALUES (%s, %s, %s, %s)
    , parameters: ("Applied Machine Learning and AI for Engineers: Solve Business Problems That Can't Be Solved Algorithmically", 'Jeff Prosise', '73.', '4.5 out of 5 stars')
[2024-10-08T05:31:59.514+0000] {sql.py:518} INFO - Rows affected: 1
[2024-10-08T05:31:59.515+0000] {python.py:240} INFO - Done. Returned value was: None
[2024-10-08T05:31:59.563+0000] {taskinstance.py:340} INFO - ::group::Post task execution logs
[2024-10-08T05:31:59.564+0000] {taskinstance.py:352} INFO - Marking task as SUCCESS. dag_id=fetch_and_store_amazon_books, task_id=insert_book_data, run_id=scheduled__2024-09-14T00:00:00+00:00, execution_date=20240914T000000, start_date=20241008T053157, end_date=20241008T053159
[2024-10-08T05:31:59.603+0000] {logging_mixin.py:190} INFO - Task instance in success state
[2024-10-08T05:31:59.604+0000] {logging_mixin.py:190} INFO -  Previous state of the Task instance: running
[2024-10-08T05:31:59.607+0000] {logging_mixin.py:190} INFO - Dag name:fetch_and_store_amazon_books queued_at:2024-10-08 05:31:27.823674+00:00
[2024-10-08T05:31:59.607+0000] {logging_mixin.py:190} INFO - Task hostname:475658bd4f83 operator:PythonOperator
[2024-10-08T05:31:59.644+0000] {local_task_job_runner.py:261} INFO - Task exited with return code 0
[2024-10-08T05:31:59.728+0000] {taskinstance.py:3891} INFO - 0 downstream tasks scheduled from follow-on schedule check
[2024-10-08T05:31:59.731+0000] {local_task_job_runner.py:240} INFO - ::endgroup::
