[2024-10-08T05:27:31.482+0000] {local_task_job_runner.py:123} INFO - ::group::Pre task execution logs
[2024-10-08T05:27:31.491+0000] {taskinstance.py:2603} INFO - Dependencies all met for dep_context=non-requeueable deps ti=<TaskInstance: fetch_and_store_amazon_books.insert_book_data scheduled__2024-08-15T00:00:00+00:00 [queued]>
[2024-10-08T05:27:31.495+0000] {taskinstance.py:2603} INFO - Dependencies all met for dep_context=requeueable deps ti=<TaskInstance: fetch_and_store_amazon_books.insert_book_data scheduled__2024-08-15T00:00:00+00:00 [queued]>
[2024-10-08T05:27:31.496+0000] {taskinstance.py:2856} INFO - Starting attempt 1 of 2
[2024-10-08T05:27:31.501+0000] {taskinstance.py:2879} INFO - Executing <Task(PythonOperator): insert_book_data> on 2024-08-15 00:00:00+00:00
[2024-10-08T05:27:31.510+0000] {warnings.py:112} WARNING - /home/***/.local/lib/python3.12/site-packages/***/task/task_runner/standard_task_runner.py:70: DeprecationWarning: This process (pid=67) is multi-threaded, use of fork() may lead to deadlocks in the child.
  pid = os.fork()

[2024-10-08T05:27:31.511+0000] {standard_task_runner.py:72} INFO - Started process 69 to run task
[2024-10-08T05:27:31.511+0000] {standard_task_runner.py:104} INFO - Running: ['***', 'tasks', 'run', 'fetch_and_store_amazon_books', 'insert_book_data', 'scheduled__2024-08-15T00:00:00+00:00', '--job-id', '119', '--raw', '--subdir', 'DAGS_FOLDER/app.py', '--cfg-path', '/tmp/tmpzorw08og']
[2024-10-08T05:27:31.512+0000] {standard_task_runner.py:105} INFO - Job 119: Subtask insert_book_data
[2024-10-08T05:27:31.542+0000] {task_command.py:467} INFO - Running <TaskInstance: fetch_and_store_amazon_books.insert_book_data scheduled__2024-08-15T00:00:00+00:00 [running]> on host 475658bd4f83
[2024-10-08T05:27:31.613+0000] {taskinstance.py:3122} INFO - Exporting env vars: AIRFLOW_CTX_DAG_OWNER='***' AIRFLOW_CTX_DAG_ID='fetch_and_store_amazon_books' AIRFLOW_CTX_TASK_ID='insert_book_data' AIRFLOW_CTX_EXECUTION_DATE='2024-08-15T00:00:00+00:00' AIRFLOW_CTX_TRY_NUMBER='1' AIRFLOW_CTX_DAG_RUN_ID='scheduled__2024-08-15T00:00:00+00:00'
[2024-10-08T05:27:31.614+0000] {logging_mixin.py:190} INFO - Task instance is in running state
[2024-10-08T05:27:31.615+0000] {logging_mixin.py:190} INFO -  Previous state of the Task instance: queued
[2024-10-08T05:27:31.615+0000] {logging_mixin.py:190} INFO - Current task name:insert_book_data state:running start_date:2024-10-08 05:27:31.492005+00:00
[2024-10-08T05:27:31.615+0000] {logging_mixin.py:190} INFO - Dag name:fetch_and_store_amazon_books and current dag run status:running
[2024-10-08T05:27:31.615+0000] {taskinstance.py:731} INFO - ::endgroup::
[2024-10-08T05:27:31.628+0000] {base.py:84} INFO - Retrieving connection 'books_connection'
[2024-10-08T05:27:31.631+0000] {sql.py:509} INFO - Running statement: 
    INSERT INTO books (title, authors, price, rating)
    VALUES (%s, %s, %s, %s)
    , parameters: ('Data Engineering with AWS - Second Edition: Acquire the skills to design and build AWS-based data transformation pipelines like a pro', 'Gareth Eagar', '41.', '4.4 out of 5 stars')
[2024-10-08T05:27:31.641+0000] {sql.py:518} INFO - Rows affected: 1
[2024-10-08T05:27:31.646+0000] {base.py:84} INFO - Retrieving connection 'books_connection'
[2024-10-08T05:27:31.649+0000] {sql.py:509} INFO - Running statement: 
    INSERT INTO books (title, authors, price, rating)
    VALUES (%s, %s, %s, %s)
    , parameters: ('Azure Data Engineer Associate Certification Guide: Ace the DP-203 exam with advanced data engineering skills', 'Giacinto Palmieri', '49.', '4.4 out of 5 stars')
[2024-10-08T05:27:31.649+0000] {sql.py:518} INFO - Rows affected: 1
[2024-10-08T05:27:31.654+0000] {base.py:84} INFO - Retrieving connection 'books_connection'
[2024-10-08T05:27:31.657+0000] {sql.py:509} INFO - Running statement: 
    INSERT INTO books (title, authors, price, rating)
    VALUES (%s, %s, %s, %s)
    , parameters: ("Azure Data Factory Cookbook: A data engineer's guide to building and managing ETL and ELT pipelines with data integration", 'Dmitry Foshin', '51.', '4.2 out of 5 stars')
[2024-10-08T05:27:31.658+0000] {sql.py:518} INFO - Rows affected: 1
[2024-10-08T05:27:31.663+0000] {base.py:84} INFO - Retrieving connection 'books_connection'
[2024-10-08T05:27:31.668+0000] {sql.py:509} INFO - Running statement: 
    INSERT INTO books (title, authors, price, rating)
    VALUES (%s, %s, %s, %s)
    , parameters: ("Engineering Data Mesh in Azure Cloud: Implement data mesh using Microsoft Azure's Cloud Adoption Framework", 'Paperback', '47.', '4.5 out of 5 stars')
[2024-10-08T05:27:31.669+0000] {sql.py:518} INFO - Rows affected: 1
[2024-10-08T05:27:31.675+0000] {base.py:84} INFO - Retrieving connection 'books_connection'
[2024-10-08T05:27:31.678+0000] {sql.py:509} INFO - Running statement: 
    INSERT INTO books (title, authors, price, rating)
    VALUES (%s, %s, %s, %s)
    , parameters: ('Fundamentals of Data Engineering: Plan and Build Robust Data Systems', 'Joe Reis', '25.', '4.7 out of 5 stars')
[2024-10-08T05:27:31.679+0000] {sql.py:518} INFO - Rows affected: 1
[2024-10-08T05:27:31.685+0000] {base.py:84} INFO - Retrieving connection 'books_connection'
[2024-10-08T05:27:31.688+0000] {sql.py:509} INFO - Running statement: 
    INSERT INTO books (title, authors, price, rating)
    VALUES (%s, %s, %s, %s)
    , parameters: ('Designing Data-Intensive Applications: The Big Ideas Behind Reliable, Scalable, and Maintainable Systems', 'Martin Kleppmann', '55.', '4.7 out of 5 stars')
[2024-10-08T05:27:31.689+0000] {sql.py:518} INFO - Rows affected: 1
[2024-10-08T05:27:31.696+0000] {base.py:84} INFO - Retrieving connection 'books_connection'
[2024-10-08T05:27:31.698+0000] {sql.py:509} INFO - Running statement: 
    INSERT INTO books (title, authors, price, rating)
    VALUES (%s, %s, %s, %s)
    , parameters: ('Fundamentals of Data Analytics: Learn Essential Skills, Embrace the Future, and Catapult Your Career in the Data-Driven World—A Comprehensive Guide to Data Literacy for Beginners', 'Russell Dawson', '17.', '4.8 out of 5 stars')
[2024-10-08T05:27:31.699+0000] {sql.py:518} INFO - Rows affected: 1
[2024-10-08T05:27:31.702+0000] {base.py:84} INFO - Retrieving connection 'books_connection'
[2024-10-08T05:27:31.704+0000] {sql.py:509} INFO - Running statement: 
    INSERT INTO books (title, authors, price, rating)
    VALUES (%s, %s, %s, %s)
    , parameters: ('Data Engineering with dbt: A practical guide to building a cloud-based, pragmatic, and dependable data platform with SQL', 'Roberto Zagni', '37.', '4.6 out of 5 stars')
[2024-10-08T05:27:31.705+0000] {sql.py:518} INFO - Rows affected: 1
[2024-10-08T05:27:31.708+0000] {base.py:84} INFO - Retrieving connection 'books_connection'
[2024-10-08T05:27:31.711+0000] {sql.py:509} INFO - Running statement: 
    INSERT INTO books (title, authors, price, rating)
    VALUES (%s, %s, %s, %s)
    , parameters: ("Ultimate Data Engineering with Databricks: Develop Scalable Data Pipelines Using Data Engineering's Core Tenets Such as Delta Tables, Ingestion, ... Security, and Scalability (English Edition)", 'Mayank Malhotra', '37.', '4.1 out of 5 stars')
[2024-10-08T05:27:31.712+0000] {sql.py:518} INFO - Rows affected: 1
[2024-10-08T05:27:31.716+0000] {base.py:84} INFO - Retrieving connection 'books_connection'
[2024-10-08T05:27:31.718+0000] {sql.py:509} INFO - Running statement: 
    INSERT INTO books (title, authors, price, rating)
    VALUES (%s, %s, %s, %s)
    , parameters: ('Data Engineering with Python: Work with massive datasets to design data models and automate data pipelines using Python', 'Paul Crickard', '37.', '4.1 out of 5 stars')
[2024-10-08T05:27:31.719+0000] {sql.py:518} INFO - Rows affected: 1
[2024-10-08T05:27:31.724+0000] {base.py:84} INFO - Retrieving connection 'books_connection'
[2024-10-08T05:27:31.726+0000] {sql.py:509} INFO - Running statement: 
    INSERT INTO books (title, authors, price, rating)
    VALUES (%s, %s, %s, %s)
    , parameters: ('Cracking the Data Engineering Interview: Land your dream job with the help of resume-building tips, over 100 mock questions, and a unique portfolio', 'Kedeisha Bryan', '26.', '4.4 out of 5 stars')
[2024-10-08T05:27:31.727+0000] {sql.py:518} INFO - Rows affected: 1
[2024-10-08T05:27:31.730+0000] {base.py:84} INFO - Retrieving connection 'books_connection'
[2024-10-08T05:27:31.732+0000] {sql.py:509} INFO - Running statement: 
    INSERT INTO books (title, authors, price, rating)
    VALUES (%s, %s, %s, %s)
    , parameters: ('Data Pipelines Pocket Reference: Moving and Processing Data for Analytics', 'James Densmore', '17.', '4.5 out of 5 stars')
[2024-10-08T05:27:31.733+0000] {sql.py:518} INFO - Rows affected: 1
[2024-10-08T05:27:31.736+0000] {base.py:84} INFO - Retrieving connection 'books_connection'
[2024-10-08T05:27:31.738+0000] {sql.py:509} INFO - Running statement: 
    INSERT INTO books (title, authors, price, rating)
    VALUES (%s, %s, %s, %s)
    , parameters: ('Ace the Data Science Interview: 201 Real Interview Questions Asked By FAANG, Tech Startups, & Wall Street', 'Nick Singh', '42.', '4.5 out of 5 stars')
[2024-10-08T05:27:31.739+0000] {sql.py:518} INFO - Rows affected: 1
[2024-10-08T05:27:31.743+0000] {base.py:84} INFO - Retrieving connection 'books_connection'
[2024-10-08T05:27:31.745+0000] {sql.py:509} INFO - Running statement: 
    INSERT INTO books (title, authors, price, rating)
    VALUES (%s, %s, %s, %s)
    , parameters: ('Ace the Data Engineering Interview: Questions and Answers for Python, SQL, Data Modeling and More', 'Sean Coyne', '24.', '3.8 out of 5 stars')
[2024-10-08T05:27:31.745+0000] {sql.py:518} INFO - Rows affected: 1
[2024-10-08T05:27:31.749+0000] {base.py:84} INFO - Retrieving connection 'books_connection'
[2024-10-08T05:27:31.751+0000] {sql.py:509} INFO - Running statement: 
    INSERT INTO books (title, authors, price, rating)
    VALUES (%s, %s, %s, %s)
    , parameters: ('Data Engineering with Databricks Cookbook: Build effective data and AI solutions using Apache Spark, Databricks, and Delta Lake', 'Pulkit Chadha', '49.', '4.3 out of 5 stars')
[2024-10-08T05:27:31.751+0000] {sql.py:518} INFO - Rows affected: 1
[2024-10-08T05:27:31.755+0000] {base.py:84} INFO - Retrieving connection 'books_connection'
[2024-10-08T05:27:31.757+0000] {sql.py:509} INFO - Running statement: 
    INSERT INTO books (title, authors, price, rating)
    VALUES (%s, %s, %s, %s)
    , parameters: ('Software Engineering for Data Scientists: From Notebooks to Scalable Systems', 'Catherine Nelson', '51.', '4.4 out of 5 stars')
[2024-10-08T05:27:31.757+0000] {sql.py:518} INFO - Rows affected: 1
[2024-10-08T05:27:31.761+0000] {base.py:84} INFO - Retrieving connection 'books_connection'
[2024-10-08T05:27:31.762+0000] {sql.py:509} INFO - Running statement: 
    INSERT INTO books (title, authors, price, rating)
    VALUES (%s, %s, %s, %s)
    , parameters: ('Essentials of Data Engineering', 'Dr. Mukesh Saini', '19.', '5.0 out of 5 stars')
[2024-10-08T05:27:31.763+0000] {sql.py:518} INFO - Rows affected: 1
[2024-10-08T05:27:31.767+0000] {base.py:84} INFO - Retrieving connection 'books_connection'
[2024-10-08T05:27:31.768+0000] {sql.py:509} INFO - Running statement: 
    INSERT INTO books (title, authors, price, rating)
    VALUES (%s, %s, %s, %s)
    , parameters: ('Data Engineering with AWS: Learn how to design and build cloud-based data transformation pipelines using AWS', 'Gareth Eagar', '49.', '4.4 out of 5 stars')
[2024-10-08T05:27:31.769+0000] {sql.py:518} INFO - Rows affected: 1
[2024-10-08T05:27:31.772+0000] {base.py:84} INFO - Retrieving connection 'books_connection'
[2024-10-08T05:27:31.774+0000] {sql.py:509} INFO - Running statement: 
    INSERT INTO books (title, authors, price, rating)
    VALUES (%s, %s, %s, %s)
    , parameters: ('Data Engineering with Python cookbook: Learn to build efficient data pipelines using the Modern Cloud Data Stack', 'Adithyan Ramanujakootam', '32.', '5.0 out of 5 stars')
[2024-10-08T05:27:31.775+0000] {sql.py:518} INFO - Rows affected: 1
[2024-10-08T05:27:31.778+0000] {base.py:84} INFO - Retrieving connection 'books_connection'
[2024-10-08T05:27:31.780+0000] {sql.py:509} INFO - Running statement: 
    INSERT INTO books (title, authors, price, rating)
    VALUES (%s, %s, %s, %s)
    , parameters: ("Data: Principles To Practice - Volume 1 'Foundations': Essential Foundations: Key Concepts behind Data Architecture, Engineering and Analysis for Professionals", 'Mr Alex Holloway', '12.', '4.6 out of 5 stars')
[2024-10-08T05:27:31.781+0000] {sql.py:518} INFO - Rows affected: 1
[2024-10-08T05:27:31.785+0000] {base.py:84} INFO - Retrieving connection 'books_connection'
[2024-10-08T05:27:31.787+0000] {sql.py:509} INFO - Running statement: 
    INSERT INTO books (title, authors, price, rating)
    VALUES (%s, %s, %s, %s)
    , parameters: ('Fundamentals of Data Engineering: A Comprehensive Guide to Designing, Building, and Managing Data Pipelines, Storage Solutions, and Processing Frameworks.', 'Paperback', '14.', '5.0 out of 5 stars')
[2024-10-08T05:27:31.787+0000] {sql.py:518} INFO - Rows affected: 1
[2024-10-08T05:27:31.790+0000] {base.py:84} INFO - Retrieving connection 'books_connection'
[2024-10-08T05:27:31.792+0000] {sql.py:509} INFO - Running statement: 
    INSERT INTO books (title, authors, price, rating)
    VALUES (%s, %s, %s, %s)
    , parameters: ('Data Engineering Fundamentals for Beginners: Mastering the Art of Building, Managing, and Scaling Data Systems', 'Paperback', '14.', '5.0 out of 5 stars')
[2024-10-08T05:27:31.793+0000] {sql.py:518} INFO - Rows affected: 1
[2024-10-08T05:27:31.796+0000] {base.py:84} INFO - Retrieving connection 'books_connection'
[2024-10-08T05:27:31.798+0000] {sql.py:509} INFO - Running statement: 
    INSERT INTO books (title, authors, price, rating)
    VALUES (%s, %s, %s, %s)
    , parameters: ('Data Engineering with AWS', 'May Sherry', '14.', '5.0 out of 5 stars')
[2024-10-08T05:27:31.799+0000] {sql.py:518} INFO - Rows affected: 1
[2024-10-08T05:27:31.802+0000] {base.py:84} INFO - Retrieving connection 'books_connection'
[2024-10-08T05:27:31.804+0000] {sql.py:509} INFO - Running statement: 
    INSERT INTO books (title, authors, price, rating)
    VALUES (%s, %s, %s, %s)
    , parameters: ("Data Quality Fundamentals: A Practitioner's Guide to Building Trustworthy Data Pipelines", 'Paperback', '45.', '4.1 out of 5 stars')
[2024-10-08T05:27:31.805+0000] {sql.py:518} INFO - Rows affected: 1
[2024-10-08T05:27:31.808+0000] {base.py:84} INFO - Retrieving connection 'books_connection'
[2024-10-08T05:27:31.810+0000] {sql.py:509} INFO - Running statement: 
    INSERT INTO books (title, authors, price, rating)
    VALUES (%s, %s, %s, %s)
    , parameters: ('Data Engineering with Google Cloud Platform: A practical guide to operationalizing scalable data analytics systems on GCP', 'Adi Wijaya', '41.', '4.7 out of 5 stars')
[2024-10-08T05:27:31.810+0000] {sql.py:518} INFO - Rows affected: 1
[2024-10-08T05:27:31.814+0000] {base.py:84} INFO - Retrieving connection 'books_connection'
[2024-10-08T05:27:31.816+0000] {sql.py:509} INFO - Running statement: 
    INSERT INTO books (title, authors, price, rating)
    VALUES (%s, %s, %s, %s)
    , parameters: ('DATA ENGINEERING AND AI FOR BEGINNERS: Revolutionizing Data Processing and Analytics by Leveraging Artificial Intelligence for Efficient Input Collection, Storage, and Transformation (World of AI)', 'Paperback', '13.', '4.3 out of 5 stars')
[2024-10-08T05:27:31.816+0000] {sql.py:518} INFO - Rows affected: 1
[2024-10-08T05:27:31.820+0000] {base.py:84} INFO - Retrieving connection 'books_connection'
[2024-10-08T05:27:31.822+0000] {sql.py:509} INFO - Running statement: 
    INSERT INTO books (title, authors, price, rating)
    VALUES (%s, %s, %s, %s)
    , parameters: ('Data Engineering with AWS: Building Scalable Data Pipelines in the Cloud', 'May Sherry', '14.', '5.0 out of 5 stars')
[2024-10-08T05:27:31.823+0000] {sql.py:518} INFO - Rows affected: 1
[2024-10-08T05:27:31.826+0000] {base.py:84} INFO - Retrieving connection 'books_connection'
[2024-10-08T05:27:31.828+0000] {sql.py:509} INFO - Running statement: 
    INSERT INTO books (title, authors, price, rating)
    VALUES (%s, %s, %s, %s)
    , parameters: ('Data Engineering with Apache Spark, Delta Lake, and Lakehouse: Create scalable pipelines that ingest, curate, and aggregate complex data in a timely and secure way', 'Manoj Kukreja', '46.', '3.9 out of 5 stars')
[2024-10-08T05:27:31.828+0000] {sql.py:518} INFO - Rows affected: 1
[2024-10-08T05:27:31.832+0000] {base.py:84} INFO - Retrieving connection 'books_connection'
[2024-10-08T05:27:31.834+0000] {sql.py:509} INFO - Running statement: 
    INSERT INTO books (title, authors, price, rating)
    VALUES (%s, %s, %s, %s)
    , parameters: ('Data-Driven Science and Engineering: Machine Learning, Dynamical Systems, and Control', 'Steven L. Brunton', '64.', '4.8 out of 5 stars')
[2024-10-08T05:27:31.835+0000] {sql.py:518} INFO - Rows affected: 1
[2024-10-08T05:27:31.839+0000] {base.py:84} INFO - Retrieving connection 'books_connection'
[2024-10-08T05:27:31.841+0000] {sql.py:509} INFO - Running statement: 
    INSERT INTO books (title, authors, price, rating)
    VALUES (%s, %s, %s, %s)
    , parameters: ('Data Engineering with Google Cloud Platform: A guide to leveling up as a data engineer by building a scalable data platform with Google Cloud', 'Adi Wijaya', '40.', '4.8 out of 5 stars')
[2024-10-08T05:27:31.841+0000] {sql.py:518} INFO - Rows affected: 1
[2024-10-08T05:27:31.845+0000] {base.py:84} INFO - Retrieving connection 'books_connection'
[2024-10-08T05:27:31.847+0000] {sql.py:509} INFO - Running statement: 
    INSERT INTO books (title, authors, price, rating)
    VALUES (%s, %s, %s, %s)
    , parameters: ('97 Things Every Data Engineer Should Know: Collective Wisdom from the Experts', 'Tobias Macey', '28.', '4.1 out of 5 stars')
[2024-10-08T05:27:31.848+0000] {sql.py:518} INFO - Rows affected: 1
[2024-10-08T05:27:31.851+0000] {base.py:84} INFO - Retrieving connection 'books_connection'
[2024-10-08T05:27:31.853+0000] {sql.py:509} INFO - Running statement: 
    INSERT INTO books (title, authors, price, rating)
    VALUES (%s, %s, %s, %s)
    , parameters: ('Python Data Engineering Resources: Forge Your Path to Success in Data Engineering, Machine Learning and AI', 'Vajo Lukic', '0.', '4.9 out of 5 stars')
[2024-10-08T05:27:31.854+0000] {sql.py:518} INFO - Rows affected: 1
[2024-10-08T05:27:31.857+0000] {base.py:84} INFO - Retrieving connection 'books_connection'
[2024-10-08T05:27:31.859+0000] {sql.py:509} INFO - Running statement: 
    INSERT INTO books (title, authors, price, rating)
    VALUES (%s, %s, %s, %s)
    , parameters: ('Analytics Engineering with SQL and dbt: Building Meaningful Data Models at Scale', 'Rui Pedro Machado', '41.', '3.9 out of 5 stars')
[2024-10-08T05:27:31.859+0000] {sql.py:518} INFO - Rows affected: 1
[2024-10-08T05:27:31.863+0000] {base.py:84} INFO - Retrieving connection 'books_connection'
[2024-10-08T05:27:31.865+0000] {sql.py:509} INFO - Running statement: 
    INSERT INTO books (title, authors, price, rating)
    VALUES (%s, %s, %s, %s)
    , parameters: ('Data Engineering with Scala and Spark: Build streaming and batch pipelines that process massive amounts of data using Scala', 'Eric Tome', '29.', '4.1 out of 5 stars')
[2024-10-08T05:27:31.865+0000] {sql.py:518} INFO - Rows affected: 1
[2024-10-08T05:27:31.869+0000] {base.py:84} INFO - Retrieving connection 'books_connection'
[2024-10-08T05:27:31.871+0000] {sql.py:509} INFO - Running statement: 
    INSERT INTO books (title, authors, price, rating)
    VALUES (%s, %s, %s, %s)
    , parameters: ('Storytelling with Data: A Data Visualization Guide for Business Professionals', 'Cole Nussbaumer Knaflic', '27.', '4.6 out of 5 stars')
[2024-10-08T05:27:31.871+0000] {sql.py:518} INFO - Rows affected: 1
[2024-10-08T05:27:31.875+0000] {base.py:84} INFO - Retrieving connection 'books_connection'
[2024-10-08T05:27:31.876+0000] {sql.py:509} INFO - Running statement: 
    INSERT INTO books (title, authors, price, rating)
    VALUES (%s, %s, %s, %s)
    , parameters: ('Data Mesh: Delivering Data-Driven Value at Scale', 'Zhamak Dehghani', '43.', '4.5 out of 5 stars')
[2024-10-08T05:27:31.877+0000] {sql.py:518} INFO - Rows affected: 1
[2024-10-08T05:27:31.881+0000] {base.py:84} INFO - Retrieving connection 'books_connection'
[2024-10-08T05:27:31.883+0000] {sql.py:509} INFO - Running statement: 
    INSERT INTO books (title, authors, price, rating)
    VALUES (%s, %s, %s, %s)
    , parameters: ('Data Engineering 101', 'Kindle', '0.', '3.9 out of 5 stars')
[2024-10-08T05:27:31.884+0000] {sql.py:518} INFO - Rows affected: 1
[2024-10-08T05:27:31.889+0000] {base.py:84} INFO - Retrieving connection 'books_connection'
[2024-10-08T05:27:31.897+0000] {sql.py:509} INFO - Running statement: 
    INSERT INTO books (title, authors, price, rating)
    VALUES (%s, %s, %s, %s)
    , parameters: ('Data Modeling with Snowflake: A practical guide to accelerating Snowflake development using universal data modeling techniques', 'Serge Gershkovich', '36.', '4.8 out of 5 stars')
[2024-10-08T05:27:31.899+0000] {sql.py:518} INFO - Rows affected: 1
[2024-10-08T05:27:31.909+0000] {base.py:84} INFO - Retrieving connection 'books_connection'
[2024-10-08T05:27:31.918+0000] {sql.py:509} INFO - Running statement: 
    INSERT INTO books (title, authors, price, rating)
    VALUES (%s, %s, %s, %s)
    , parameters: ('Official Google Cloud Certified Professional Data Engineer Study Guide', 'Dan Sullivan', '33.', '4.5 out of 5 stars')
[2024-10-08T05:27:31.924+0000] {sql.py:518} INFO - Rows affected: 1
[2024-10-08T05:27:31.938+0000] {base.py:84} INFO - Retrieving connection 'books_connection'
[2024-10-08T05:27:31.941+0000] {sql.py:509} INFO - Running statement: 
    INSERT INTO books (title, authors, price, rating)
    VALUES (%s, %s, %s, %s)
    , parameters: ('Machine Learning Engineering', 'Andriy Burkov', '39.', '4.7 out of 5 stars')
[2024-10-08T05:27:31.942+0000] {sql.py:518} INFO - Rows affected: 1
[2024-10-08T05:27:31.947+0000] {base.py:84} INFO - Retrieving connection 'books_connection'
[2024-10-08T05:27:31.950+0000] {sql.py:509} INFO - Running statement: 
    INSERT INTO books (title, authors, price, rating)
    VALUES (%s, %s, %s, %s)
    , parameters: ('Data Privacy: A runbook for engineers', 'Nishant Bhajaria', '35.', '4.8 out of 5 stars')
[2024-10-08T05:27:31.952+0000] {sql.py:518} INFO - Rows affected: 1
[2024-10-08T05:27:31.960+0000] {base.py:84} INFO - Retrieving connection 'books_connection'
[2024-10-08T05:27:31.965+0000] {sql.py:509} INFO - Running statement: 
    INSERT INTO books (title, authors, price, rating)
    VALUES (%s, %s, %s, %s)
    , parameters: ('Fundamentals of Data Observability: Implement Trustworthy End-to-End Data Solutions', 'Andy Petrella', '36.', '4.0 out of 5 stars')
[2024-10-08T05:27:31.967+0000] {sql.py:518} INFO - Rows affected: 1
[2024-10-08T05:27:31.977+0000] {base.py:84} INFO - Retrieving connection 'books_connection'
[2024-10-08T05:27:31.979+0000] {sql.py:509} INFO - Running statement: 
    INSERT INTO books (title, authors, price, rating)
    VALUES (%s, %s, %s, %s)
    , parameters: ('Modern Data Engineering with Apache Spark: A Hands-On Guide for Building Mission-Critical Streaming Applications', 'Scott Haines', '28.', '4.1 out of 5 stars')
[2024-10-08T05:27:31.980+0000] {sql.py:518} INFO - Rows affected: 1
[2024-10-08T05:27:31.987+0000] {base.py:84} INFO - Retrieving connection 'books_connection'
[2024-10-08T05:27:31.990+0000] {sql.py:509} INFO - Running statement: 
    INSERT INTO books (title, authors, price, rating)
    VALUES (%s, %s, %s, %s)
    , parameters: ('Python Feature Engineering Cookbook: A complete guide to crafting powerful features for your machine learning models', 'Soledad Galli', '44.', '5.0 out of 5 stars')
[2024-10-08T05:27:31.991+0000] {sql.py:518} INFO - Rows affected: 1
[2024-10-08T05:27:31.995+0000] {base.py:84} INFO - Retrieving connection 'books_connection'
[2024-10-08T05:27:31.997+0000] {sql.py:509} INFO - Running statement: 
    INSERT INTO books (title, authors, price, rating)
    VALUES (%s, %s, %s, %s)
    , parameters: ('Data Engineering with Databricks', 'Kindle', '0.', '3.4 out of 5 stars')
[2024-10-08T05:27:31.998+0000] {sql.py:518} INFO - Rows affected: 1
[2024-10-08T05:27:32.002+0000] {base.py:84} INFO - Retrieving connection 'books_connection'
[2024-10-08T05:27:32.006+0000] {sql.py:509} INFO - Running statement: 
    INSERT INTO books (title, authors, price, rating)
    VALUES (%s, %s, %s, %s)
    , parameters: ('Azure Data Factory by Example: Practical Implementation for Data Engineers', 'Richard Swinbank', '33.', '4.2 out of 5 stars')
[2024-10-08T05:27:32.007+0000] {sql.py:518} INFO - Rows affected: 1
[2024-10-08T05:27:32.017+0000] {base.py:84} INFO - Retrieving connection 'books_connection'
[2024-10-08T05:27:32.019+0000] {sql.py:509} INFO - Running statement: 
    INSERT INTO books (title, authors, price, rating)
    VALUES (%s, %s, %s, %s)
    , parameters: ('Data Quality Engineering in Financial Services: Applying Manufacturing Techniques to Data', 'Brian Buzzelli', '30.', '4.4 out of 5 stars')
[2024-10-08T05:27:32.020+0000] {sql.py:518} INFO - Rows affected: 1
[2024-10-08T05:27:32.023+0000] {base.py:84} INFO - Retrieving connection 'books_connection'
[2024-10-08T05:27:32.026+0000] {sql.py:509} INFO - Running statement: 
    INSERT INTO books (title, authors, price, rating)
    VALUES (%s, %s, %s, %s)
    , parameters: ('Prompt Engineering for Generative AI: Future-Proof Inputs for Reliable AI Outputs', 'James Phoenix', '53.', '4.5 out of 5 stars')
[2024-10-08T05:27:32.026+0000] {sql.py:518} INFO - Rows affected: 1
[2024-10-08T05:27:32.033+0000] {base.py:84} INFO - Retrieving connection 'books_connection'
[2024-10-08T05:27:32.043+0000] {sql.py:509} INFO - Running statement: 
    INSERT INTO books (title, authors, price, rating)
    VALUES (%s, %s, %s, %s)
    , parameters: ('Data Observability for Data Engineering: Proactive strategies for ensuring data accuracy and addressing broken data pipelines', 'Michele Pinto', '18.', '3.7 out of 5 stars')
[2024-10-08T05:27:32.046+0000] {sql.py:518} INFO - Rows affected: 1
[2024-10-08T05:27:32.058+0000] {base.py:84} INFO - Retrieving connection 'books_connection'
[2024-10-08T05:27:32.061+0000] {sql.py:509} INFO - Running statement: 
    INSERT INTO books (title, authors, price, rating)
    VALUES (%s, %s, %s, %s)
    , parameters: ('Better Data Visualizations: A Guide for Scholars, Researchers, and Wonks', 'Jonathan Schwabish', '26.', '4.5 out of 5 stars')
[2024-10-08T05:27:32.062+0000] {sql.py:518} INFO - Rows affected: 1
[2024-10-08T05:27:32.062+0000] {python.py:240} INFO - Done. Returned value was: None
[2024-10-08T05:27:32.069+0000] {taskinstance.py:340} INFO - ::group::Post task execution logs
[2024-10-08T05:27:32.070+0000] {taskinstance.py:352} INFO - Marking task as SUCCESS. dag_id=fetch_and_store_amazon_books, task_id=insert_book_data, run_id=scheduled__2024-08-15T00:00:00+00:00, execution_date=20240815T000000, start_date=20241008T052731, end_date=20241008T052732
[2024-10-08T05:27:32.077+0000] {logging_mixin.py:190} INFO - Task instance in success state
[2024-10-08T05:27:32.077+0000] {logging_mixin.py:190} INFO -  Previous state of the Task instance: running
[2024-10-08T05:27:32.078+0000] {logging_mixin.py:190} INFO - Dag name:fetch_and_store_amazon_books queued_at:2024-10-08 05:25:40.178375+00:00
[2024-10-08T05:27:32.078+0000] {logging_mixin.py:190} INFO - Task hostname:475658bd4f83 operator:PythonOperator
[2024-10-08T05:27:32.105+0000] {local_task_job_runner.py:261} INFO - Task exited with return code 0
[2024-10-08T05:27:32.119+0000] {taskinstance.py:3891} INFO - 0 downstream tasks scheduled from follow-on schedule check
[2024-10-08T05:27:32.126+0000] {local_task_job_runner.py:240} INFO - ::endgroup::
