[2024-10-08T05:13:53.137+0000] {local_task_job_runner.py:123} INFO - ::group::Pre task execution logs
[2024-10-08T05:13:53.147+0000] {taskinstance.py:2603} INFO - Dependencies all met for dep_context=non-requeueable deps ti=<TaskInstance: fetch_and_store_amazon_books.insert_book_data scheduled__2024-07-17T00:00:00+00:00 [queued]>
[2024-10-08T05:13:53.152+0000] {taskinstance.py:2603} INFO - Dependencies all met for dep_context=requeueable deps ti=<TaskInstance: fetch_and_store_amazon_books.insert_book_data scheduled__2024-07-17T00:00:00+00:00 [queued]>
[2024-10-08T05:13:53.152+0000] {taskinstance.py:2856} INFO - Starting attempt 1 of 2
[2024-10-08T05:13:53.162+0000] {taskinstance.py:2879} INFO - Executing <Task(PythonOperator): insert_book_data> on 2024-07-17 00:00:00+00:00
[2024-10-08T05:13:53.179+0000] {warnings.py:112} WARNING - /home/***/.local/lib/python3.12/site-packages/***/task/task_runner/standard_task_runner.py:70: DeprecationWarning: This process (pid=1284) is multi-threaded, use of fork() may lead to deadlocks in the child.
  pid = os.fork()

[2024-10-08T05:13:53.181+0000] {standard_task_runner.py:72} INFO - Started process 1286 to run task
[2024-10-08T05:13:53.185+0000] {standard_task_runner.py:104} INFO - Running: ['***', 'tasks', 'run', 'fetch_and_store_amazon_books', 'insert_book_data', 'scheduled__2024-07-17T00:00:00+00:00', '--job-id', '53', '--raw', '--subdir', 'DAGS_FOLDER/app.py', '--cfg-path', '/tmp/tmprilhfpfv']
[2024-10-08T05:13:53.186+0000] {standard_task_runner.py:105} INFO - Job 53: Subtask insert_book_data
[2024-10-08T05:13:53.248+0000] {task_command.py:467} INFO - Running <TaskInstance: fetch_and_store_amazon_books.insert_book_data scheduled__2024-07-17T00:00:00+00:00 [running]> on host a344f6bef387
[2024-10-08T05:13:53.309+0000] {taskinstance.py:3122} INFO - Exporting env vars: AIRFLOW_CTX_DAG_OWNER='***' AIRFLOW_CTX_DAG_ID='fetch_and_store_amazon_books' AIRFLOW_CTX_TASK_ID='insert_book_data' AIRFLOW_CTX_EXECUTION_DATE='2024-07-17T00:00:00+00:00' AIRFLOW_CTX_TRY_NUMBER='1' AIRFLOW_CTX_DAG_RUN_ID='scheduled__2024-07-17T00:00:00+00:00'
[2024-10-08T05:13:53.312+0000] {logging_mixin.py:190} INFO - Task instance is in running state
[2024-10-08T05:13:53.312+0000] {logging_mixin.py:190} INFO -  Previous state of the Task instance: queued
[2024-10-08T05:13:53.312+0000] {logging_mixin.py:190} INFO - Current task name:insert_book_data state:running start_date:2024-10-08 05:13:53.148171+00:00
[2024-10-08T05:13:53.312+0000] {logging_mixin.py:190} INFO - Dag name:fetch_and_store_amazon_books and current dag run status:running
[2024-10-08T05:13:53.312+0000] {taskinstance.py:731} INFO - ::endgroup::
[2024-10-08T05:13:53.330+0000] {base.py:84} INFO - Retrieving connection 'books_connection'
[2024-10-08T05:13:53.339+0000] {sql.py:509} INFO - Running statement: 
    INSERT INTO books (title, authors, price, rating)
    VALUES (%s, %s, %s, %s)
    , parameters: ('Data Engineering with AWS - Second Edition: Acquire the skills to design and build AWS-based data transformation pipelines like a pro', 'Gareth Eagar', '41.', '4.4 out of 5 stars')
[2024-10-08T05:13:53.341+0000] {sql.py:518} INFO - Rows affected: 1
[2024-10-08T05:13:53.349+0000] {base.py:84} INFO - Retrieving connection 'books_connection'
[2024-10-08T05:13:53.353+0000] {sql.py:509} INFO - Running statement: 
    INSERT INTO books (title, authors, price, rating)
    VALUES (%s, %s, %s, %s)
    , parameters: ('Azure Data Engineer Associate Certification Guide: Ace the DP-203 exam with advanced data engineering skills', 'Giacinto Palmieri', '49.', '4.4 out of 5 stars')
[2024-10-08T05:13:53.354+0000] {sql.py:518} INFO - Rows affected: 1
[2024-10-08T05:13:53.358+0000] {base.py:84} INFO - Retrieving connection 'books_connection'
[2024-10-08T05:13:53.361+0000] {sql.py:509} INFO - Running statement: 
    INSERT INTO books (title, authors, price, rating)
    VALUES (%s, %s, %s, %s)
    , parameters: ("Azure Data Factory Cookbook: A data engineer's guide to building and managing ETL and ELT pipelines with data integration", 'Dmitry Foshin', '51.', '4.2 out of 5 stars')
[2024-10-08T05:13:53.362+0000] {sql.py:518} INFO - Rows affected: 1
[2024-10-08T05:13:53.366+0000] {base.py:84} INFO - Retrieving connection 'books_connection'
[2024-10-08T05:13:53.368+0000] {sql.py:509} INFO - Running statement: 
    INSERT INTO books (title, authors, price, rating)
    VALUES (%s, %s, %s, %s)
    , parameters: ('Fundamentals of Data Engineering: Plan and Build Robust Data Systems', 'Joe Reis', '25.', '4.7 out of 5 stars')
[2024-10-08T05:13:53.369+0000] {sql.py:518} INFO - Rows affected: 1
[2024-10-08T05:13:53.373+0000] {base.py:84} INFO - Retrieving connection 'books_connection'
[2024-10-08T05:13:53.375+0000] {sql.py:509} INFO - Running statement: 
    INSERT INTO books (title, authors, price, rating)
    VALUES (%s, %s, %s, %s)
    , parameters: ('Designing Data-Intensive Applications: The Big Ideas Behind Reliable, Scalable, and Maintainable Systems', 'Martin Kleppmann', '55.', '4.7 out of 5 stars')
[2024-10-08T05:13:53.376+0000] {sql.py:518} INFO - Rows affected: 1
[2024-10-08T05:13:53.379+0000] {base.py:84} INFO - Retrieving connection 'books_connection'
[2024-10-08T05:13:53.381+0000] {sql.py:509} INFO - Running statement: 
    INSERT INTO books (title, authors, price, rating)
    VALUES (%s, %s, %s, %s)
    , parameters: ("Ultimate Data Engineering with Databricks: Develop Scalable Data Pipelines Using Data Engineering's Core Tenets Such as Delta Tables, Ingestion, ... Security, and Scalability (English Edition)", 'Mayank Malhotra', '37.', '4.1 out of 5 stars')
[2024-10-08T05:13:53.382+0000] {sql.py:518} INFO - Rows affected: 1
[2024-10-08T05:13:53.385+0000] {base.py:84} INFO - Retrieving connection 'books_connection'
[2024-10-08T05:13:53.387+0000] {sql.py:509} INFO - Running statement: 
    INSERT INTO books (title, authors, price, rating)
    VALUES (%s, %s, %s, %s)
    , parameters: ('Fundamentals of Data Analytics: Learn Essential Skills, Embrace the Future, and Catapult Your Career in the Data-Driven World—A Comprehensive Guide to Data Literacy for Beginners', 'Russell Dawson', '17.', '4.8 out of 5 stars')
[2024-10-08T05:13:53.388+0000] {sql.py:518} INFO - Rows affected: 1
[2024-10-08T05:13:53.392+0000] {base.py:84} INFO - Retrieving connection 'books_connection'
[2024-10-08T05:13:53.395+0000] {sql.py:509} INFO - Running statement: 
    INSERT INTO books (title, authors, price, rating)
    VALUES (%s, %s, %s, %s)
    , parameters: ('Data Analysis with Python and PySpark', 'Jonathan Rioux', '55.', '4.4 out of 5 stars')
[2024-10-08T05:13:53.396+0000] {sql.py:518} INFO - Rows affected: 1
[2024-10-08T05:13:53.399+0000] {base.py:84} INFO - Retrieving connection 'books_connection'
[2024-10-08T05:13:53.401+0000] {sql.py:509} INFO - Running statement: 
    INSERT INTO books (title, authors, price, rating)
    VALUES (%s, %s, %s, %s)
    , parameters: ('Data Engineering with Python: Work with massive datasets to design data models and automate data pipelines using Python', 'Paul Crickard', '37.', '4.1 out of 5 stars')
[2024-10-08T05:13:53.402+0000] {sql.py:518} INFO - Rows affected: 1
[2024-10-08T05:13:53.405+0000] {base.py:84} INFO - Retrieving connection 'books_connection'
[2024-10-08T05:13:53.408+0000] {sql.py:509} INFO - Running statement: 
    INSERT INTO books (title, authors, price, rating)
    VALUES (%s, %s, %s, %s)
    , parameters: ('Cracking the Data Engineering Interview: Land your dream job with the help of resume-building tips, over 100 mock questions, and a unique portfolio', 'Kedeisha Bryan', '26.', '4.4 out of 5 stars')
[2024-10-08T05:13:53.408+0000] {sql.py:518} INFO - Rows affected: 1
[2024-10-08T05:13:53.412+0000] {base.py:84} INFO - Retrieving connection 'books_connection'
[2024-10-08T05:13:53.414+0000] {sql.py:509} INFO - Running statement: 
    INSERT INTO books (title, authors, price, rating)
    VALUES (%s, %s, %s, %s)
    , parameters: ('Data Pipelines Pocket Reference: Moving and Processing Data for Analytics', 'James Densmore', '17.', '4.5 out of 5 stars')
[2024-10-08T05:13:53.415+0000] {sql.py:518} INFO - Rows affected: 1
[2024-10-08T05:13:53.418+0000] {base.py:84} INFO - Retrieving connection 'books_connection'
[2024-10-08T05:13:53.420+0000] {sql.py:509} INFO - Running statement: 
    INSERT INTO books (title, authors, price, rating)
    VALUES (%s, %s, %s, %s)
    , parameters: ('Ace the Data Science Interview: 201 Real Interview Questions Asked By FAANG, Tech Startups, & Wall Street', 'Nick Singh', '42.', '4.5 out of 5 stars')
[2024-10-08T05:13:53.421+0000] {sql.py:518} INFO - Rows affected: 1
[2024-10-08T05:13:53.425+0000] {base.py:84} INFO - Retrieving connection 'books_connection'
[2024-10-08T05:13:53.427+0000] {sql.py:509} INFO - Running statement: 
    INSERT INTO books (title, authors, price, rating)
    VALUES (%s, %s, %s, %s)
    , parameters: ('Ace the Data Engineering Interview: Questions and Answers for Python, SQL, Data Modeling and More', 'Sean Coyne', '24.', '3.8 out of 5 stars')
[2024-10-08T05:13:53.427+0000] {sql.py:518} INFO - Rows affected: 1
[2024-10-08T05:13:53.430+0000] {base.py:84} INFO - Retrieving connection 'books_connection'
[2024-10-08T05:13:53.432+0000] {sql.py:509} INFO - Running statement: 
    INSERT INTO books (title, authors, price, rating)
    VALUES (%s, %s, %s, %s)
    , parameters: ('Data Engineering with Databricks Cookbook: Build effective data and AI solutions using Apache Spark, Databricks, and Delta Lake', 'Pulkit Chadha', '49.', '4.3 out of 5 stars')
[2024-10-08T05:13:53.433+0000] {sql.py:518} INFO - Rows affected: 1
[2024-10-08T05:13:53.436+0000] {base.py:84} INFO - Retrieving connection 'books_connection'
[2024-10-08T05:13:53.438+0000] {sql.py:509} INFO - Running statement: 
    INSERT INTO books (title, authors, price, rating)
    VALUES (%s, %s, %s, %s)
    , parameters: ('Software Engineering for Data Scientists: From Notebooks to Scalable Systems', 'Catherine Nelson', '51.', '4.4 out of 5 stars')
[2024-10-08T05:13:53.439+0000] {sql.py:518} INFO - Rows affected: 1
[2024-10-08T05:13:53.442+0000] {base.py:84} INFO - Retrieving connection 'books_connection'
[2024-10-08T05:13:53.444+0000] {sql.py:509} INFO - Running statement: 
    INSERT INTO books (title, authors, price, rating)
    VALUES (%s, %s, %s, %s)
    , parameters: ('Data Engineering with dbt: A practical guide to building a cloud-based, pragmatic, and dependable data platform with SQL', 'Roberto Zagni', '37.', '4.6 out of 5 stars')
[2024-10-08T05:13:53.445+0000] {sql.py:518} INFO - Rows affected: 1
[2024-10-08T05:13:53.448+0000] {base.py:84} INFO - Retrieving connection 'books_connection'
[2024-10-08T05:13:53.450+0000] {sql.py:509} INFO - Running statement: 
    INSERT INTO books (title, authors, price, rating)
    VALUES (%s, %s, %s, %s)
    , parameters: ('Data-Centric Machine Learning with Python: The ultimate guide to engineering and deploying high-quality models based on good data', 'Jonas Christensen', '49.', '4.6 out of 5 stars')
[2024-10-08T05:13:53.451+0000] {sql.py:518} INFO - Rows affected: 1
[2024-10-08T05:13:53.454+0000] {base.py:84} INFO - Retrieving connection 'books_connection'
[2024-10-08T05:13:53.456+0000] {sql.py:509} INFO - Running statement: 
    INSERT INTO books (title, authors, price, rating)
    VALUES (%s, %s, %s, %s)
    , parameters: ('Getting Started with DuckDB: A practical guide for accelerating your data science, data analytics, and data engineering workflows', 'Simon Aubury', '54.', '5.0 out of 5 stars')
[2024-10-08T05:13:53.456+0000] {sql.py:518} INFO - Rows affected: 1
[2024-10-08T05:13:53.460+0000] {base.py:84} INFO - Retrieving connection 'books_connection'
[2024-10-08T05:13:53.462+0000] {sql.py:509} INFO - Running statement: 
    INSERT INTO books (title, authors, price, rating)
    VALUES (%s, %s, %s, %s)
    , parameters: ('Data Engineering with Alteryx: Helping data engineers apply DataOps practices with Alteryx', 'Paul Houghton', '44.', '4.3 out of 5 stars')
[2024-10-08T05:13:53.462+0000] {sql.py:518} INFO - Rows affected: 1
[2024-10-08T05:13:53.466+0000] {base.py:84} INFO - Retrieving connection 'books_connection'
[2024-10-08T05:13:53.468+0000] {sql.py:509} INFO - Running statement: 
    INSERT INTO books (title, authors, price, rating)
    VALUES (%s, %s, %s, %s)
    , parameters: ('Essentials of Data Engineering', 'Dr. Mukesh Saini', '19.', '5.0 out of 5 stars')
[2024-10-08T05:13:53.468+0000] {sql.py:518} INFO - Rows affected: 1
[2024-10-08T05:13:53.472+0000] {base.py:84} INFO - Retrieving connection 'books_connection'
[2024-10-08T05:13:53.474+0000] {sql.py:509} INFO - Running statement: 
    INSERT INTO books (title, authors, price, rating)
    VALUES (%s, %s, %s, %s)
    , parameters: ('Data Engineering with AWS: Learn how to design and build cloud-based data transformation pipelines using AWS', 'Gareth Eagar', '49.', '4.4 out of 5 stars')
[2024-10-08T05:13:53.474+0000] {sql.py:518} INFO - Rows affected: 1
[2024-10-08T05:13:53.478+0000] {base.py:84} INFO - Retrieving connection 'books_connection'
[2024-10-08T05:13:53.480+0000] {sql.py:509} INFO - Running statement: 
    INSERT INTO books (title, authors, price, rating)
    VALUES (%s, %s, %s, %s)
    , parameters: ('Data Engineering with Python cookbook: Learn to build efficient data pipelines using the Modern Cloud Data Stack', 'Adithyan Ramanujakootam', '32.', '5.0 out of 5 stars')
[2024-10-08T05:13:53.481+0000] {sql.py:518} INFO - Rows affected: 1
[2024-10-08T05:13:53.484+0000] {base.py:84} INFO - Retrieving connection 'books_connection'
[2024-10-08T05:13:53.486+0000] {sql.py:509} INFO - Running statement: 
    INSERT INTO books (title, authors, price, rating)
    VALUES (%s, %s, %s, %s)
    , parameters: ("Data Quality Fundamentals: A Practitioner's Guide to Building Trustworthy Data Pipelines", 'Paperback', '45.', '4.1 out of 5 stars')
[2024-10-08T05:13:53.487+0000] {sql.py:518} INFO - Rows affected: 1
[2024-10-08T05:13:53.490+0000] {base.py:84} INFO - Retrieving connection 'books_connection'
[2024-10-08T05:13:53.492+0000] {sql.py:509} INFO - Running statement: 
    INSERT INTO books (title, authors, price, rating)
    VALUES (%s, %s, %s, %s)
    , parameters: ('Build a Career in Data Science', 'Emily Robinson', '35.', '4.6 out of 5 stars')
[2024-10-08T05:13:53.492+0000] {sql.py:518} INFO - Rows affected: 1
[2024-10-08T05:13:53.497+0000] {base.py:84} INFO - Retrieving connection 'books_connection'
[2024-10-08T05:13:53.501+0000] {sql.py:509} INFO - Running statement: 
    INSERT INTO books (title, authors, price, rating)
    VALUES (%s, %s, %s, %s)
    , parameters: ('Fundamentals of Data Engineering: A Comprehensive Guide to Designing, Building, and Managing Data Pipelines, Storage Solutions, and Processing Frameworks.', 'Paperback', '14.', '5.0 out of 5 stars')
[2024-10-08T05:13:53.504+0000] {sql.py:518} INFO - Rows affected: 1
[2024-10-08T05:13:53.510+0000] {base.py:84} INFO - Retrieving connection 'books_connection'
[2024-10-08T05:13:53.512+0000] {sql.py:509} INFO - Running statement: 
    INSERT INTO books (title, authors, price, rating)
    VALUES (%s, %s, %s, %s)
    , parameters: ('Data Engineering with Google Cloud Platform: A practical guide to operationalizing scalable data analytics systems on GCP', 'Adi Wijaya', '41.', '4.7 out of 5 stars')
[2024-10-08T05:13:53.513+0000] {sql.py:518} INFO - Rows affected: 1
[2024-10-08T05:13:53.518+0000] {base.py:84} INFO - Retrieving connection 'books_connection'
[2024-10-08T05:13:53.520+0000] {sql.py:509} INFO - Running statement: 
    INSERT INTO books (title, authors, price, rating)
    VALUES (%s, %s, %s, %s)
    , parameters: ('DATA ENGINEERING AND AI FOR BEGINNERS: Revolutionizing Data Processing and Analytics by Leveraging Artificial Intelligence for Efficient Input Collection, Storage, and Transformation (World of AI)', 'Paperback', '13.', '4.3 out of 5 stars')
[2024-10-08T05:13:53.521+0000] {sql.py:518} INFO - Rows affected: 1
[2024-10-08T05:13:53.524+0000] {base.py:84} INFO - Retrieving connection 'books_connection'
[2024-10-08T05:13:53.526+0000] {sql.py:509} INFO - Running statement: 
    INSERT INTO books (title, authors, price, rating)
    VALUES (%s, %s, %s, %s)
    , parameters: ('Data Privacy: A runbook for engineers', 'Nishant Bhajaria', '35.', '4.8 out of 5 stars')
[2024-10-08T05:13:53.527+0000] {sql.py:518} INFO - Rows affected: 1
[2024-10-08T05:13:53.531+0000] {base.py:84} INFO - Retrieving connection 'books_connection'
[2024-10-08T05:13:53.532+0000] {sql.py:509} INFO - Running statement: 
    INSERT INTO books (title, authors, price, rating)
    VALUES (%s, %s, %s, %s)
    , parameters: ("Data: Principles To Practice - Volume 1 'Foundations': Essential Foundations: Key Concepts behind Data Architecture, Engineering and Analysis for Professionals", 'Mr Alex Holloway', '12.', '4.6 out of 5 stars')
[2024-10-08T05:13:53.533+0000] {sql.py:518} INFO - Rows affected: 1
[2024-10-08T05:13:53.536+0000] {base.py:84} INFO - Retrieving connection 'books_connection'
[2024-10-08T05:13:53.539+0000] {sql.py:509} INFO - Running statement: 
    INSERT INTO books (title, authors, price, rating)
    VALUES (%s, %s, %s, %s)
    , parameters: ('Data Engineering with Apache Spark, Delta Lake, and Lakehouse: Create scalable pipelines that ingest, curate, and aggregate complex data in a timely and secure way', 'Manoj Kukreja', '46.', '3.9 out of 5 stars')
[2024-10-08T05:13:53.539+0000] {sql.py:518} INFO - Rows affected: 1
[2024-10-08T05:13:53.544+0000] {base.py:84} INFO - Retrieving connection 'books_connection'
[2024-10-08T05:13:53.546+0000] {sql.py:509} INFO - Running statement: 
    INSERT INTO books (title, authors, price, rating)
    VALUES (%s, %s, %s, %s)
    , parameters: ('Data-Driven Science and Engineering: Machine Learning, Dynamical Systems, and Control', 'Steven L. Brunton', '64.', '4.8 out of 5 stars')
[2024-10-08T05:13:53.546+0000] {sql.py:518} INFO - Rows affected: 1
[2024-10-08T05:13:53.550+0000] {base.py:84} INFO - Retrieving connection 'books_connection'
[2024-10-08T05:13:53.552+0000] {sql.py:509} INFO - Running statement: 
    INSERT INTO books (title, authors, price, rating)
    VALUES (%s, %s, %s, %s)
    , parameters: ('Data Engineering with Google Cloud Platform: A guide to leveling up as a data engineer by building a scalable data platform with Google Cloud', 'Adi Wijaya', '40.', '4.8 out of 5 stars')
[2024-10-08T05:13:53.552+0000] {sql.py:518} INFO - Rows affected: 1
[2024-10-08T05:13:53.556+0000] {base.py:84} INFO - Retrieving connection 'books_connection'
[2024-10-08T05:13:53.558+0000] {sql.py:509} INFO - Running statement: 
    INSERT INTO books (title, authors, price, rating)
    VALUES (%s, %s, %s, %s)
    , parameters: ('97 Things Every Data Engineer Should Know: Collective Wisdom from the Experts', 'Tobias Macey', '28.', '4.1 out of 5 stars')
[2024-10-08T05:13:53.558+0000] {sql.py:518} INFO - Rows affected: 1
[2024-10-08T05:13:53.562+0000] {base.py:84} INFO - Retrieving connection 'books_connection'
[2024-10-08T05:13:53.564+0000] {sql.py:509} INFO - Running statement: 
    INSERT INTO books (title, authors, price, rating)
    VALUES (%s, %s, %s, %s)
    , parameters: ('Python Data Engineering Resources: Forge Your Path to Success in Data Engineering, Machine Learning and AI', 'Vajo Lukic', '0.', '4.9 out of 5 stars')
[2024-10-08T05:13:53.564+0000] {sql.py:518} INFO - Rows affected: 1
[2024-10-08T05:13:53.568+0000] {base.py:84} INFO - Retrieving connection 'books_connection'
[2024-10-08T05:13:53.570+0000] {sql.py:509} INFO - Running statement: 
    INSERT INTO books (title, authors, price, rating)
    VALUES (%s, %s, %s, %s)
    , parameters: ('Analytics Engineering with SQL and dbt: Building Meaningful Data Models at Scale', 'Rui Pedro Machado', '41.', '3.9 out of 5 stars')
[2024-10-08T05:13:53.570+0000] {sql.py:518} INFO - Rows affected: 1
[2024-10-08T05:13:53.574+0000] {base.py:84} INFO - Retrieving connection 'books_connection'
[2024-10-08T05:13:53.576+0000] {sql.py:509} INFO - Running statement: 
    INSERT INTO books (title, authors, price, rating)
    VALUES (%s, %s, %s, %s)
    , parameters: ('Data Engineering with Scala and Spark: Build streaming and batch pipelines that process massive amounts of data using Scala', 'Eric Tome', '29.', '4.1 out of 5 stars')
[2024-10-08T05:13:53.576+0000] {sql.py:518} INFO - Rows affected: 1
[2024-10-08T05:13:53.579+0000] {base.py:84} INFO - Retrieving connection 'books_connection'
[2024-10-08T05:13:53.581+0000] {sql.py:509} INFO - Running statement: 
    INSERT INTO books (title, authors, price, rating)
    VALUES (%s, %s, %s, %s)
    , parameters: ('Storytelling with Data: A Data Visualization Guide for Business Professionals', 'Cole Nussbaumer Knaflic', '27.', '4.6 out of 5 stars')
[2024-10-08T05:13:53.582+0000] {sql.py:518} INFO - Rows affected: 1
[2024-10-08T05:13:53.585+0000] {base.py:84} INFO - Retrieving connection 'books_connection'
[2024-10-08T05:13:53.587+0000] {sql.py:509} INFO - Running statement: 
    INSERT INTO books (title, authors, price, rating)
    VALUES (%s, %s, %s, %s)
    , parameters: ('Data Mesh: Delivering Data-Driven Value at Scale', 'Zhamak Dehghani', '43.', '4.5 out of 5 stars')
[2024-10-08T05:13:53.588+0000] {sql.py:518} INFO - Rows affected: 1
[2024-10-08T05:13:53.591+0000] {base.py:84} INFO - Retrieving connection 'books_connection'
[2024-10-08T05:13:53.593+0000] {sql.py:509} INFO - Running statement: 
    INSERT INTO books (title, authors, price, rating)
    VALUES (%s, %s, %s, %s)
    , parameters: ('Data Engineering 101', 'Kindle', '0.', '3.9 out of 5 stars')
[2024-10-08T05:13:53.594+0000] {sql.py:518} INFO - Rows affected: 1
[2024-10-08T05:13:53.597+0000] {base.py:84} INFO - Retrieving connection 'books_connection'
[2024-10-08T05:13:53.599+0000] {sql.py:509} INFO - Running statement: 
    INSERT INTO books (title, authors, price, rating)
    VALUES (%s, %s, %s, %s)
    , parameters: ('Data Modeling with Snowflake: A practical guide to accelerating Snowflake development using universal data modeling techniques', 'Serge Gershkovich', '36.', '4.8 out of 5 stars')
[2024-10-08T05:13:53.600+0000] {sql.py:518} INFO - Rows affected: 1
[2024-10-08T05:13:53.603+0000] {base.py:84} INFO - Retrieving connection 'books_connection'
[2024-10-08T05:13:53.605+0000] {sql.py:509} INFO - Running statement: 
    INSERT INTO books (title, authors, price, rating)
    VALUES (%s, %s, %s, %s)
    , parameters: ('Official Google Cloud Certified Professional Data Engineer Study Guide', 'Dan Sullivan', '33.', '4.5 out of 5 stars')
[2024-10-08T05:13:53.606+0000] {sql.py:518} INFO - Rows affected: 1
[2024-10-08T05:13:53.609+0000] {base.py:84} INFO - Retrieving connection 'books_connection'
[2024-10-08T05:13:53.611+0000] {sql.py:509} INFO - Running statement: 
    INSERT INTO books (title, authors, price, rating)
    VALUES (%s, %s, %s, %s)
    , parameters: ('Machine Learning Engineering', 'Andriy Burkov', '39.', '4.7 out of 5 stars')
[2024-10-08T05:13:53.611+0000] {sql.py:518} INFO - Rows affected: 1
[2024-10-08T05:13:53.615+0000] {base.py:84} INFO - Retrieving connection 'books_connection'
[2024-10-08T05:13:53.617+0000] {sql.py:509} INFO - Running statement: 
    INSERT INTO books (title, authors, price, rating)
    VALUES (%s, %s, %s, %s)
    , parameters: ('Fundamentals of Data Observability: Implement Trustworthy End-to-End Data Solutions', 'Andy Petrella', '36.', '4.0 out of 5 stars')
[2024-10-08T05:13:53.618+0000] {sql.py:518} INFO - Rows affected: 1
[2024-10-08T05:13:53.621+0000] {base.py:84} INFO - Retrieving connection 'books_connection'
[2024-10-08T05:13:53.623+0000] {sql.py:509} INFO - Running statement: 
    INSERT INTO books (title, authors, price, rating)
    VALUES (%s, %s, %s, %s)
    , parameters: ('Modern Data Engineering with Apache Spark: A Hands-On Guide for Building Mission-Critical Streaming Applications', 'Scott Haines', '29.', '4.1 out of 5 stars')
[2024-10-08T05:13:53.623+0000] {sql.py:518} INFO - Rows affected: 1
[2024-10-08T05:13:53.627+0000] {base.py:84} INFO - Retrieving connection 'books_connection'
[2024-10-08T05:13:53.629+0000] {sql.py:509} INFO - Running statement: 
    INSERT INTO books (title, authors, price, rating)
    VALUES (%s, %s, %s, %s)
    , parameters: ('Python Feature Engineering Cookbook: A complete guide to crafting powerful features for your machine learning models', 'Soledad Galli', '44.', '5.0 out of 5 stars')
[2024-10-08T05:13:53.629+0000] {sql.py:518} INFO - Rows affected: 1
[2024-10-08T05:13:53.634+0000] {base.py:84} INFO - Retrieving connection 'books_connection'
[2024-10-08T05:13:53.637+0000] {sql.py:509} INFO - Running statement: 
    INSERT INTO books (title, authors, price, rating)
    VALUES (%s, %s, %s, %s)
    , parameters: ('Data Engineering with Databricks', 'Kindle', '0.', '3.4 out of 5 stars')
[2024-10-08T05:13:53.638+0000] {sql.py:518} INFO - Rows affected: 1
[2024-10-08T05:13:53.644+0000] {base.py:84} INFO - Retrieving connection 'books_connection'
[2024-10-08T05:13:53.647+0000] {sql.py:509} INFO - Running statement: 
    INSERT INTO books (title, authors, price, rating)
    VALUES (%s, %s, %s, %s)
    , parameters: ('Azure Data Factory by Example: Practical Implementation for Data Engineers', 'Richard Swinbank', '33.', '4.2 out of 5 stars')
[2024-10-08T05:13:53.649+0000] {sql.py:518} INFO - Rows affected: 1
[2024-10-08T05:13:53.655+0000] {base.py:84} INFO - Retrieving connection 'books_connection'
[2024-10-08T05:13:53.658+0000] {sql.py:509} INFO - Running statement: 
    INSERT INTO books (title, authors, price, rating)
    VALUES (%s, %s, %s, %s)
    , parameters: ('Data Quality Engineering in Financial Services: Applying Manufacturing Techniques to Data', 'Brian Buzzelli', '30.', '4.4 out of 5 stars')
[2024-10-08T05:13:53.659+0000] {sql.py:518} INFO - Rows affected: 1
[2024-10-08T05:13:53.665+0000] {base.py:84} INFO - Retrieving connection 'books_connection'
[2024-10-08T05:13:53.669+0000] {sql.py:509} INFO - Running statement: 
    INSERT INTO books (title, authors, price, rating)
    VALUES (%s, %s, %s, %s)
    , parameters: ('Prompt Engineering for Generative AI: Future-Proof Inputs for Reliable AI Outputs', 'James Phoenix', '53.', '4.5 out of 5 stars')
[2024-10-08T05:13:53.670+0000] {sql.py:518} INFO - Rows affected: 1
[2024-10-08T05:13:53.674+0000] {base.py:84} INFO - Retrieving connection 'books_connection'
[2024-10-08T05:13:53.677+0000] {sql.py:509} INFO - Running statement: 
    INSERT INTO books (title, authors, price, rating)
    VALUES (%s, %s, %s, %s)
    , parameters: ('Data Observability for Data Engineering: Proactive strategies for ensuring data accuracy and addressing broken data pipelines', 'Michele Pinto', '18.', '3.7 out of 5 stars')
[2024-10-08T05:13:53.678+0000] {sql.py:518} INFO - Rows affected: 1
[2024-10-08T05:13:53.678+0000] {python.py:240} INFO - Done. Returned value was: None
[2024-10-08T05:13:53.688+0000] {taskinstance.py:340} INFO - ::group::Post task execution logs
[2024-10-08T05:13:53.688+0000] {taskinstance.py:352} INFO - Marking task as SUCCESS. dag_id=fetch_and_store_amazon_books, task_id=insert_book_data, run_id=scheduled__2024-07-17T00:00:00+00:00, execution_date=20240717T000000, start_date=20241008T051353, end_date=20241008T051353
[2024-10-08T05:13:53.697+0000] {logging_mixin.py:190} INFO - Task instance in success state
[2024-10-08T05:13:53.698+0000] {logging_mixin.py:190} INFO -  Previous state of the Task instance: running
[2024-10-08T05:13:53.698+0000] {logging_mixin.py:190} INFO - Dag name:fetch_and_store_amazon_books queued_at:2024-10-08 05:13:44.527438+00:00
[2024-10-08T05:13:53.698+0000] {logging_mixin.py:190} INFO - Task hostname:a344f6bef387 operator:PythonOperator
[2024-10-08T05:13:53.736+0000] {local_task_job_runner.py:261} INFO - Task exited with return code 0
[2024-10-08T05:13:53.754+0000] {local_task_job_runner.py:240} INFO - ::endgroup::
