[2024-10-08T05:34:22.446+0000] {local_task_job_runner.py:123} INFO - ::group::Pre task execution logs
[2024-10-08T05:34:22.478+0000] {taskinstance.py:2603} INFO - Dependencies all met for dep_context=non-requeueable deps ti=<TaskInstance: fetch_and_store_amazon_books.create_table scheduled__2024-09-27T00:00:00+00:00 [queued]>
[2024-10-08T05:34:22.493+0000] {taskinstance.py:2603} INFO - Dependencies all met for dep_context=requeueable deps ti=<TaskInstance: fetch_and_store_amazon_books.create_table scheduled__2024-09-27T00:00:00+00:00 [queued]>
[2024-10-08T05:34:22.493+0000] {taskinstance.py:2856} INFO - Starting attempt 1 of 2
[2024-10-08T05:34:22.512+0000] {taskinstance.py:2879} INFO - Executing <Task(PostgresOperator): create_table> on 2024-09-27 00:00:00+00:00
[2024-10-08T05:34:22.529+0000] {warnings.py:112} WARNING - /home/***/.local/lib/python3.12/site-packages/***/task/task_runner/standard_task_runner.py:70: DeprecationWarning: This process (pid=144) is multi-threaded, use of fork() may lead to deadlocks in the child.
  pid = os.fork()

[2024-10-08T05:34:22.533+0000] {standard_task_runner.py:72} INFO - Started process 152 to run task
[2024-10-08T05:34:22.534+0000] {standard_task_runner.py:104} INFO - Running: ['***', 'tasks', 'run', 'fetch_and_store_amazon_books', 'create_table', 'scheduled__2024-09-27T00:00:00+00:00', '--job-id', '254', '--raw', '--subdir', 'DAGS_FOLDER/app.py', '--cfg-path', '/tmp/tmp7si39_ja']
[2024-10-08T05:34:22.535+0000] {standard_task_runner.py:105} INFO - Job 254: Subtask create_table
[2024-10-08T05:34:22.606+0000] {task_command.py:467} INFO - Running <TaskInstance: fetch_and_store_amazon_books.create_table scheduled__2024-09-27T00:00:00+00:00 [running]> on host 475658bd4f83
[2024-10-08T05:34:22.688+0000] {taskinstance.py:3122} INFO - Exporting env vars: AIRFLOW_CTX_DAG_OWNER='***' AIRFLOW_CTX_DAG_ID='fetch_and_store_amazon_books' AIRFLOW_CTX_TASK_ID='create_table' AIRFLOW_CTX_EXECUTION_DATE='2024-09-27T00:00:00+00:00' AIRFLOW_CTX_TRY_NUMBER='1' AIRFLOW_CTX_DAG_RUN_ID='scheduled__2024-09-27T00:00:00+00:00'
[2024-10-08T05:34:22.691+0000] {logging_mixin.py:190} INFO - Task instance is in running state
[2024-10-08T05:34:22.691+0000] {logging_mixin.py:190} INFO -  Previous state of the Task instance: queued
[2024-10-08T05:34:22.691+0000] {logging_mixin.py:190} INFO - Current task name:create_table state:running start_date:2024-10-08 05:34:22.480033+00:00
[2024-10-08T05:34:22.692+0000] {logging_mixin.py:190} INFO - Dag name:fetch_and_store_amazon_books and current dag run status:running
[2024-10-08T05:34:22.692+0000] {taskinstance.py:731} INFO - ::endgroup::
[2024-10-08T05:34:22.693+0000] {sql.py:282} INFO - Executing: 
    CREATE TABLE IF NOT EXISTS books (
        id SERIAL PRIMARY KEY,
        title TEXT NOT NULL,
        authors TEXT,
        price TEXT,
        rating TEXT
    );
    
[2024-10-08T05:34:22.705+0000] {base.py:84} INFO - Retrieving connection 'books_connection'
[2024-10-08T05:34:22.715+0000] {base.py:84} INFO - Retrieving connection 'books_connection'
[2024-10-08T05:34:22.722+0000] {sql.py:509} INFO - Running statement: 
    CREATE TABLE IF NOT EXISTS books (
        id SERIAL PRIMARY KEY,
        title TEXT NOT NULL,
        authors TEXT,
        price TEXT,
        rating TEXT
    );
    , parameters: None
[2024-10-08T05:34:22.738+0000] {taskinstance.py:340} INFO - ::group::Post task execution logs
[2024-10-08T05:34:22.743+0000] {taskinstance.py:352} INFO - Marking task as SUCCESS. dag_id=fetch_and_store_amazon_books, task_id=create_table, run_id=scheduled__2024-09-27T00:00:00+00:00, execution_date=20240927T000000, start_date=20241008T053422, end_date=20241008T053422
[2024-10-08T05:34:22.758+0000] {logging_mixin.py:190} INFO - Task instance in success state
[2024-10-08T05:34:22.758+0000] {logging_mixin.py:190} INFO -  Previous state of the Task instance: running
[2024-10-08T05:34:22.759+0000] {logging_mixin.py:190} INFO - Dag name:fetch_and_store_amazon_books queued_at:2024-10-08 05:34:13.124183+00:00
[2024-10-08T05:34:22.759+0000] {logging_mixin.py:190} INFO - Task hostname:475658bd4f83 operator:PostgresOperator
[2024-10-08T05:34:22.798+0000] {local_task_job_runner.py:261} INFO - Task exited with return code 0
[2024-10-08T05:34:22.814+0000] {local_task_job_runner.py:240} INFO - ::endgroup::
