[2024-10-08T05:14:40.667+0000] {local_task_job_runner.py:123} INFO - ::group::Pre task execution logs
[2024-10-08T05:14:40.726+0000] {taskinstance.py:2603} INFO - Dependencies all met for dep_context=non-requeueable deps ti=<TaskInstance: fetch_and_store_amazon_books.insert_book_data scheduled__2024-06-20T00:00:00+00:00 [queued]>
[2024-10-08T05:14:40.779+0000] {taskinstance.py:2603} INFO - Dependencies all met for dep_context=requeueable deps ti=<TaskInstance: fetch_and_store_amazon_books.insert_book_data scheduled__2024-06-20T00:00:00+00:00 [queued]>
[2024-10-08T05:14:40.782+0000] {taskinstance.py:2856} INFO - Starting attempt 1 of 2
[2024-10-08T05:14:40.828+0000] {taskinstance.py:2879} INFO - Executing <Task(PythonOperator): insert_book_data> on 2024-06-20 00:00:00+00:00
[2024-10-08T05:14:40.867+0000] {warnings.py:112} WARNING - /home/***/.local/lib/python3.12/site-packages/***/task/task_runner/standard_task_runner.py:70: DeprecationWarning: This process (pid=1329) is multi-threaded, use of fork() may lead to deadlocks in the child.
  pid = os.fork()

[2024-10-08T05:14:40.873+0000] {standard_task_runner.py:104} INFO - Running: ['***', 'tasks', 'run', 'fetch_and_store_amazon_books', 'insert_book_data', 'scheduled__2024-06-20T00:00:00+00:00', '--job-id', '63', '--raw', '--subdir', 'DAGS_FOLDER/app.py', '--cfg-path', '/tmp/tmpq0vd5pr4']
[2024-10-08T05:14:40.878+0000] {standard_task_runner.py:105} INFO - Job 63: Subtask insert_book_data
[2024-10-08T05:14:40.876+0000] {standard_task_runner.py:72} INFO - Started process 1337 to run task
[2024-10-08T05:14:40.976+0000] {task_command.py:467} INFO - Running <TaskInstance: fetch_and_store_amazon_books.insert_book_data scheduled__2024-06-20T00:00:00+00:00 [running]> on host a344f6bef387
[2024-10-08T05:14:41.390+0000] {taskinstance.py:3122} INFO - Exporting env vars: AIRFLOW_CTX_DAG_OWNER='***' AIRFLOW_CTX_DAG_ID='fetch_and_store_amazon_books' AIRFLOW_CTX_TASK_ID='insert_book_data' AIRFLOW_CTX_EXECUTION_DATE='2024-06-20T00:00:00+00:00' AIRFLOW_CTX_TRY_NUMBER='1' AIRFLOW_CTX_DAG_RUN_ID='scheduled__2024-06-20T00:00:00+00:00'
[2024-10-08T05:14:41.397+0000] {logging_mixin.py:190} INFO - Task instance is in running state
[2024-10-08T05:14:41.400+0000] {logging_mixin.py:190} INFO -  Previous state of the Task instance: queued
[2024-10-08T05:14:41.401+0000] {logging_mixin.py:190} INFO - Current task name:insert_book_data state:running start_date:2024-10-08 05:14:40.727631+00:00
[2024-10-08T05:14:41.403+0000] {logging_mixin.py:190} INFO - Dag name:fetch_and_store_amazon_books and current dag run status:running
[2024-10-08T05:14:41.404+0000] {taskinstance.py:731} INFO - ::endgroup::
[2024-10-08T05:14:41.482+0000] {base.py:84} INFO - Retrieving connection 'books_connection'
[2024-10-08T05:14:41.492+0000] {sql.py:509} INFO - Running statement: 
    INSERT INTO books (title, authors, price, rating)
    VALUES (%s, %s, %s, %s)
    , parameters: ('Data Engineering with AWS - Second Edition: Acquire the skills to design and build AWS-based data transformation pipelines like a pro', 'Gareth Eagar', '41.', '4.4 out of 5 stars')
[2024-10-08T05:14:41.497+0000] {sql.py:518} INFO - Rows affected: 1
[2024-10-08T05:14:41.527+0000] {base.py:84} INFO - Retrieving connection 'books_connection'
[2024-10-08T05:14:41.536+0000] {sql.py:509} INFO - Running statement: 
    INSERT INTO books (title, authors, price, rating)
    VALUES (%s, %s, %s, %s)
    , parameters: ('Azure Data Engineer Associate Certification Guide: Ace the DP-203 exam with advanced data engineering skills', 'Giacinto Palmieri', '49.', '4.4 out of 5 stars')
[2024-10-08T05:14:41.539+0000] {sql.py:518} INFO - Rows affected: 1
[2024-10-08T05:14:41.555+0000] {base.py:84} INFO - Retrieving connection 'books_connection'
[2024-10-08T05:14:41.565+0000] {sql.py:509} INFO - Running statement: 
    INSERT INTO books (title, authors, price, rating)
    VALUES (%s, %s, %s, %s)
    , parameters: ("Azure Data Factory Cookbook: A data engineer's guide to building and managing ETL and ELT pipelines with data integration", 'Dmitry Foshin', '51.', '4.2 out of 5 stars')
[2024-10-08T05:14:41.568+0000] {sql.py:518} INFO - Rows affected: 1
[2024-10-08T05:14:41.606+0000] {base.py:84} INFO - Retrieving connection 'books_connection'
[2024-10-08T05:14:41.617+0000] {sql.py:509} INFO - Running statement: 
    INSERT INTO books (title, authors, price, rating)
    VALUES (%s, %s, %s, %s)
    , parameters: ('Fundamentals of Data Engineering: Plan and Build Robust Data Systems', 'Joe Reis', '25.', '4.7 out of 5 stars')
[2024-10-08T05:14:41.620+0000] {sql.py:518} INFO - Rows affected: 1
[2024-10-08T05:14:41.637+0000] {base.py:84} INFO - Retrieving connection 'books_connection'
[2024-10-08T05:14:41.645+0000] {sql.py:509} INFO - Running statement: 
    INSERT INTO books (title, authors, price, rating)
    VALUES (%s, %s, %s, %s)
    , parameters: ('Designing Data-Intensive Applications: The Big Ideas Behind Reliable, Scalable, and Maintainable Systems', 'Martin Kleppmann', '55.', '4.7 out of 5 stars')
[2024-10-08T05:14:41.654+0000] {sql.py:518} INFO - Rows affected: 1
[2024-10-08T05:14:41.688+0000] {base.py:84} INFO - Retrieving connection 'books_connection'
[2024-10-08T05:14:41.706+0000] {sql.py:509} INFO - Running statement: 
    INSERT INTO books (title, authors, price, rating)
    VALUES (%s, %s, %s, %s)
    , parameters: ('Fundamentals of Data Analytics: Learn Essential Skills, Embrace the Future, and Catapult Your Career in the Data-Driven World—A Comprehensive Guide to Data Literacy for Beginners', 'Russell Dawson', '17.', '4.8 out of 5 stars')
[2024-10-08T05:14:41.709+0000] {sql.py:518} INFO - Rows affected: 1
[2024-10-08T05:14:41.726+0000] {base.py:84} INFO - Retrieving connection 'books_connection'
[2024-10-08T05:14:41.745+0000] {sql.py:509} INFO - Running statement: 
    INSERT INTO books (title, authors, price, rating)
    VALUES (%s, %s, %s, %s)
    , parameters: ("Ultimate Data Engineering with Databricks: Develop Scalable Data Pipelines Using Data Engineering's Core Tenets Such as Delta Tables, Ingestion, ... Security, and Scalability (English Edition)", 'Mayank Malhotra', '37.', '4.1 out of 5 stars')
[2024-10-08T05:14:41.748+0000] {sql.py:518} INFO - Rows affected: 1
[2024-10-08T05:14:41.772+0000] {base.py:84} INFO - Retrieving connection 'books_connection'
[2024-10-08T05:14:41.781+0000] {sql.py:509} INFO - Running statement: 
    INSERT INTO books (title, authors, price, rating)
    VALUES (%s, %s, %s, %s)
    , parameters: ('Data Analysis with Python and PySpark', 'Jonathan Rioux', '55.', '4.4 out of 5 stars')
[2024-10-08T05:14:41.783+0000] {sql.py:518} INFO - Rows affected: 1
[2024-10-08T05:14:41.802+0000] {base.py:84} INFO - Retrieving connection 'books_connection'
[2024-10-08T05:14:41.810+0000] {sql.py:509} INFO - Running statement: 
    INSERT INTO books (title, authors, price, rating)
    VALUES (%s, %s, %s, %s)
    , parameters: ('Data Engineering with Python: Work with massive datasets to design data models and automate data pipelines using Python', 'Paul Crickard', '37.', '4.1 out of 5 stars')
[2024-10-08T05:14:41.812+0000] {sql.py:518} INFO - Rows affected: 1
[2024-10-08T05:14:41.831+0000] {base.py:84} INFO - Retrieving connection 'books_connection'
[2024-10-08T05:14:41.842+0000] {sql.py:509} INFO - Running statement: 
    INSERT INTO books (title, authors, price, rating)
    VALUES (%s, %s, %s, %s)
    , parameters: ('Cracking the Data Engineering Interview: Land your dream job with the help of resume-building tips, over 100 mock questions, and a unique portfolio', 'Kedeisha Bryan', '26.', '4.4 out of 5 stars')
[2024-10-08T05:14:41.844+0000] {sql.py:518} INFO - Rows affected: 1
[2024-10-08T05:14:41.854+0000] {base.py:84} INFO - Retrieving connection 'books_connection'
[2024-10-08T05:14:41.863+0000] {sql.py:509} INFO - Running statement: 
    INSERT INTO books (title, authors, price, rating)
    VALUES (%s, %s, %s, %s)
    , parameters: ('Data Pipelines Pocket Reference: Moving and Processing Data for Analytics', 'James Densmore', '17.', '4.5 out of 5 stars')
[2024-10-08T05:14:41.871+0000] {sql.py:518} INFO - Rows affected: 1
[2024-10-08T05:14:41.901+0000] {base.py:84} INFO - Retrieving connection 'books_connection'
[2024-10-08T05:14:41.915+0000] {sql.py:509} INFO - Running statement: 
    INSERT INTO books (title, authors, price, rating)
    VALUES (%s, %s, %s, %s)
    , parameters: ('Ace the Data Science Interview: 201 Real Interview Questions Asked By FAANG, Tech Startups, & Wall Street', 'Nick Singh', '42.', '4.5 out of 5 stars')
[2024-10-08T05:14:41.919+0000] {sql.py:518} INFO - Rows affected: 1
[2024-10-08T05:14:41.939+0000] {base.py:84} INFO - Retrieving connection 'books_connection'
[2024-10-08T05:14:41.945+0000] {sql.py:509} INFO - Running statement: 
    INSERT INTO books (title, authors, price, rating)
    VALUES (%s, %s, %s, %s)
    , parameters: ('Ace the Data Engineering Interview: Questions and Answers for Python, SQL, Data Modeling and More', 'Sean Coyne', '24.', '3.8 out of 5 stars')
[2024-10-08T05:14:41.947+0000] {sql.py:518} INFO - Rows affected: 1
[2024-10-08T05:14:41.982+0000] {base.py:84} INFO - Retrieving connection 'books_connection'
[2024-10-08T05:14:41.995+0000] {sql.py:509} INFO - Running statement: 
    INSERT INTO books (title, authors, price, rating)
    VALUES (%s, %s, %s, %s)
    , parameters: ('Data Engineering with Databricks Cookbook: Build effective data and AI solutions using Apache Spark, Databricks, and Delta Lake', 'Pulkit Chadha', '49.', '4.3 out of 5 stars')
[2024-10-08T05:14:41.998+0000] {sql.py:518} INFO - Rows affected: 1
[2024-10-08T05:14:42.012+0000] {base.py:84} INFO - Retrieving connection 'books_connection'
[2024-10-08T05:14:42.018+0000] {sql.py:509} INFO - Running statement: 
    INSERT INTO books (title, authors, price, rating)
    VALUES (%s, %s, %s, %s)
    , parameters: ('Software Engineering for Data Scientists: From Notebooks to Scalable Systems', 'Catherine Nelson', '51.', '4.4 out of 5 stars')
[2024-10-08T05:14:42.020+0000] {sql.py:518} INFO - Rows affected: 1
[2024-10-08T05:14:42.029+0000] {base.py:84} INFO - Retrieving connection 'books_connection'
[2024-10-08T05:14:42.042+0000] {sql.py:509} INFO - Running statement: 
    INSERT INTO books (title, authors, price, rating)
    VALUES (%s, %s, %s, %s)
    , parameters: ('Data Engineering with dbt: A practical guide to building a cloud-based, pragmatic, and dependable data platform with SQL', 'Roberto Zagni', '37.', '4.6 out of 5 stars')
[2024-10-08T05:14:42.047+0000] {sql.py:518} INFO - Rows affected: 1
[2024-10-08T05:14:42.062+0000] {base.py:84} INFO - Retrieving connection 'books_connection'
[2024-10-08T05:14:42.069+0000] {sql.py:509} INFO - Running statement: 
    INSERT INTO books (title, authors, price, rating)
    VALUES (%s, %s, %s, %s)
    , parameters: ('Data Observability for Data Engineering: Proactive strategies for ensuring data accuracy and addressing broken data pipelines', 'Michele Pinto', '36.', '3.7 out of 5 stars')
[2024-10-08T05:14:42.071+0000] {sql.py:518} INFO - Rows affected: 1
[2024-10-08T05:14:42.087+0000] {base.py:84} INFO - Retrieving connection 'books_connection'
[2024-10-08T05:14:42.098+0000] {sql.py:509} INFO - Running statement: 
    INSERT INTO books (title, authors, price, rating)
    VALUES (%s, %s, %s, %s)
    , parameters: ("Data: Principles To Practice - Volume 1 'Foundations': Essential Foundations: Key Concepts behind Data Architecture, Engineering and Analysis for Professionals", 'Mr Alex Holloway', '12.', '4.6 out of 5 stars')
[2024-10-08T05:14:42.105+0000] {sql.py:518} INFO - Rows affected: 1
[2024-10-08T05:14:42.147+0000] {base.py:84} INFO - Retrieving connection 'books_connection'
[2024-10-08T05:14:42.170+0000] {sql.py:509} INFO - Running statement: 
    INSERT INTO books (title, authors, price, rating)
    VALUES (%s, %s, %s, %s)
    , parameters: ('Essentials of Data Engineering', 'Dr. Mukesh Saini', '19.', '5.0 out of 5 stars')
[2024-10-08T05:14:42.174+0000] {sql.py:518} INFO - Rows affected: 1
[2024-10-08T05:14:42.201+0000] {base.py:84} INFO - Retrieving connection 'books_connection'
[2024-10-08T05:14:42.218+0000] {sql.py:509} INFO - Running statement: 
    INSERT INTO books (title, authors, price, rating)
    VALUES (%s, %s, %s, %s)
    , parameters: ('Data Engineering with AWS: Learn how to design and build cloud-based data transformation pipelines using AWS', 'Gareth Eagar', '49.', '4.4 out of 5 stars')
[2024-10-08T05:14:42.230+0000] {sql.py:518} INFO - Rows affected: 1
[2024-10-08T05:14:42.273+0000] {base.py:84} INFO - Retrieving connection 'books_connection'
[2024-10-08T05:14:42.299+0000] {sql.py:509} INFO - Running statement: 
    INSERT INTO books (title, authors, price, rating)
    VALUES (%s, %s, %s, %s)
    , parameters: ('Data Engineering with Python cookbook: Learn to build efficient data pipelines using the Modern Cloud Data Stack', 'Adithyan Ramanujakootam', '32.', '5.0 out of 5 stars')
[2024-10-08T05:14:42.315+0000] {sql.py:518} INFO - Rows affected: 1
[2024-10-08T05:14:42.352+0000] {base.py:84} INFO - Retrieving connection 'books_connection'
[2024-10-08T05:14:42.398+0000] {sql.py:509} INFO - Running statement: 
    INSERT INTO books (title, authors, price, rating)
    VALUES (%s, %s, %s, %s)
    , parameters: ("Data Quality Fundamentals: A Practitioner's Guide to Building Trustworthy Data Pipelines", 'Paperback', '45.', '4.1 out of 5 stars')
[2024-10-08T05:14:42.402+0000] {sql.py:518} INFO - Rows affected: 1
[2024-10-08T05:14:42.454+0000] {base.py:84} INFO - Retrieving connection 'books_connection'
[2024-10-08T05:14:42.483+0000] {sql.py:509} INFO - Running statement: 
    INSERT INTO books (title, authors, price, rating)
    VALUES (%s, %s, %s, %s)
    , parameters: ('Fundamentals of Data Engineering: A Comprehensive Guide to Designing, Building, and Managing Data Pipelines, Storage Solutions, and Processing Frameworks.', 'Paperback', '14.', '5.0 out of 5 stars')
[2024-10-08T05:14:42.491+0000] {sql.py:518} INFO - Rows affected: 1
[2024-10-08T05:14:42.535+0000] {base.py:84} INFO - Retrieving connection 'books_connection'
[2024-10-08T05:14:42.571+0000] {sql.py:509} INFO - Running statement: 
    INSERT INTO books (title, authors, price, rating)
    VALUES (%s, %s, %s, %s)
    , parameters: ('Data Privacy: A runbook for engineers', 'Nishant Bhajaria', '35.', '4.8 out of 5 stars')
[2024-10-08T05:14:42.581+0000] {sql.py:518} INFO - Rows affected: 1
[2024-10-08T05:14:42.635+0000] {base.py:84} INFO - Retrieving connection 'books_connection'
[2024-10-08T05:14:42.669+0000] {sql.py:509} INFO - Running statement: 
    INSERT INTO books (title, authors, price, rating)
    VALUES (%s, %s, %s, %s)
    , parameters: ('Data Engineering Fundamentals for Beginners: Mastering the Art of Building, Managing, and Scaling Data Systems', 'Paperback', '14.', '5.0 out of 5 stars')
[2024-10-08T05:14:42.680+0000] {sql.py:518} INFO - Rows affected: 1
[2024-10-08T05:14:42.752+0000] {base.py:84} INFO - Retrieving connection 'books_connection'
[2024-10-08T05:14:42.787+0000] {sql.py:509} INFO - Running statement: 
    INSERT INTO books (title, authors, price, rating)
    VALUES (%s, %s, %s, %s)
    , parameters: ('Data Engineering with Google Cloud Platform: A practical guide to operationalizing scalable data analytics systems on GCP', 'Adi Wijaya', '41.', '4.7 out of 5 stars')
[2024-10-08T05:14:42.820+0000] {sql.py:518} INFO - Rows affected: 1
[2024-10-08T05:14:42.885+0000] {base.py:84} INFO - Retrieving connection 'books_connection'
[2024-10-08T05:14:42.917+0000] {sql.py:509} INFO - Running statement: 
    INSERT INTO books (title, authors, price, rating)
    VALUES (%s, %s, %s, %s)
    , parameters: ('DATA ENGINEERING AND AI FOR BEGINNERS: Revolutionizing Data Processing and Analytics by Leveraging Artificial Intelligence for Efficient Input Collection, Storage, and Transformation (World of AI)', 'Paperback', '13.', '4.3 out of 5 stars')
[2024-10-08T05:14:42.924+0000] {sql.py:518} INFO - Rows affected: 1
[2024-10-08T05:14:42.962+0000] {base.py:84} INFO - Retrieving connection 'books_connection'
[2024-10-08T05:14:43.042+0000] {sql.py:509} INFO - Running statement: 
    INSERT INTO books (title, authors, price, rating)
    VALUES (%s, %s, %s, %s)
    , parameters: ("Engineering Data Mesh in Azure Cloud: Implement data mesh using Microsoft Azure's Cloud Adoption Framework", 'Paperback', '47.', '4.5 out of 5 stars')
[2024-10-08T05:14:43.048+0000] {sql.py:518} INFO - Rows affected: 1
[2024-10-08T05:14:43.080+0000] {base.py:84} INFO - Retrieving connection 'books_connection'
[2024-10-08T05:14:43.093+0000] {sql.py:509} INFO - Running statement: 
    INSERT INTO books (title, authors, price, rating)
    VALUES (%s, %s, %s, %s)
    , parameters: ('Data Engineering with Apache Spark, Delta Lake, and Lakehouse: Create scalable pipelines that ingest, curate, and aggregate complex data in a timely and secure way', 'Manoj Kukreja', '46.', '3.9 out of 5 stars')
[2024-10-08T05:14:43.097+0000] {sql.py:518} INFO - Rows affected: 1
[2024-10-08T05:14:43.126+0000] {base.py:84} INFO - Retrieving connection 'books_connection'
[2024-10-08T05:14:43.136+0000] {sql.py:509} INFO - Running statement: 
    INSERT INTO books (title, authors, price, rating)
    VALUES (%s, %s, %s, %s)
    , parameters: ('Data-Driven Science and Engineering: Machine Learning, Dynamical Systems, and Control', 'Steven L. Brunton', '64.', '4.8 out of 5 stars')
[2024-10-08T05:14:43.139+0000] {sql.py:518} INFO - Rows affected: 1
[2024-10-08T05:14:43.161+0000] {base.py:84} INFO - Retrieving connection 'books_connection'
[2024-10-08T05:14:43.173+0000] {sql.py:509} INFO - Running statement: 
    INSERT INTO books (title, authors, price, rating)
    VALUES (%s, %s, %s, %s)
    , parameters: ('Data Engineering with Google Cloud Platform: A guide to leveling up as a data engineer by building a scalable data platform with Google Cloud', 'Adi Wijaya', '40.', '4.8 out of 5 stars')
[2024-10-08T05:14:43.177+0000] {sql.py:518} INFO - Rows affected: 1
[2024-10-08T05:14:43.205+0000] {base.py:84} INFO - Retrieving connection 'books_connection'
[2024-10-08T05:14:43.220+0000] {sql.py:509} INFO - Running statement: 
    INSERT INTO books (title, authors, price, rating)
    VALUES (%s, %s, %s, %s)
    , parameters: ('97 Things Every Data Engineer Should Know: Collective Wisdom from the Experts', 'Tobias Macey', '28.', '4.1 out of 5 stars')
[2024-10-08T05:14:43.225+0000] {sql.py:518} INFO - Rows affected: 1
[2024-10-08T05:14:43.243+0000] {base.py:84} INFO - Retrieving connection 'books_connection'
[2024-10-08T05:14:43.250+0000] {sql.py:509} INFO - Running statement: 
    INSERT INTO books (title, authors, price, rating)
    VALUES (%s, %s, %s, %s)
    , parameters: ('Python Data Engineering Resources: Forge Your Path to Success in Data Engineering, Machine Learning and AI', 'Vajo Lukic', '0.', '4.9 out of 5 stars')
[2024-10-08T05:14:43.256+0000] {sql.py:518} INFO - Rows affected: 1
[2024-10-08T05:14:43.293+0000] {base.py:84} INFO - Retrieving connection 'books_connection'
[2024-10-08T05:14:43.306+0000] {sql.py:509} INFO - Running statement: 
    INSERT INTO books (title, authors, price, rating)
    VALUES (%s, %s, %s, %s)
    , parameters: ('Analytics Engineering with SQL and dbt: Building Meaningful Data Models at Scale', 'Rui Pedro Machado', '41.', '3.9 out of 5 stars')
[2024-10-08T05:14:43.310+0000] {sql.py:518} INFO - Rows affected: 1
[2024-10-08T05:14:43.344+0000] {base.py:84} INFO - Retrieving connection 'books_connection'
[2024-10-08T05:14:43.386+0000] {sql.py:509} INFO - Running statement: 
    INSERT INTO books (title, authors, price, rating)
    VALUES (%s, %s, %s, %s)
    , parameters: ('Data Engineering with Scala and Spark: Build streaming and batch pipelines that process massive amounts of data using Scala', 'Eric Tome', '29.', '4.1 out of 5 stars')
[2024-10-08T05:14:43.398+0000] {sql.py:518} INFO - Rows affected: 1
[2024-10-08T05:14:43.506+0000] {base.py:84} INFO - Retrieving connection 'books_connection'
[2024-10-08T05:14:43.546+0000] {sql.py:509} INFO - Running statement: 
    INSERT INTO books (title, authors, price, rating)
    VALUES (%s, %s, %s, %s)
    , parameters: ('Storytelling with Data: A Data Visualization Guide for Business Professionals', 'Cole Nussbaumer Knaflic', '27.', '4.6 out of 5 stars')
[2024-10-08T05:14:43.581+0000] {sql.py:518} INFO - Rows affected: 1
[2024-10-08T05:14:43.638+0000] {base.py:84} INFO - Retrieving connection 'books_connection'
[2024-10-08T05:14:43.674+0000] {sql.py:509} INFO - Running statement: 
    INSERT INTO books (title, authors, price, rating)
    VALUES (%s, %s, %s, %s)
    , parameters: ('Data Mesh: Delivering Data-Driven Value at Scale', 'Zhamak Dehghani', '43.', '4.5 out of 5 stars')
[2024-10-08T05:14:43.692+0000] {sql.py:518} INFO - Rows affected: 1
[2024-10-08T05:14:43.780+0000] {base.py:84} INFO - Retrieving connection 'books_connection'
[2024-10-08T05:14:43.817+0000] {sql.py:509} INFO - Running statement: 
    INSERT INTO books (title, authors, price, rating)
    VALUES (%s, %s, %s, %s)
    , parameters: ('Data Engineering 101', 'Kindle', '0.', '3.9 out of 5 stars')
[2024-10-08T05:14:43.829+0000] {sql.py:518} INFO - Rows affected: 1
[2024-10-08T05:14:43.880+0000] {base.py:84} INFO - Retrieving connection 'books_connection'
[2024-10-08T05:14:43.919+0000] {sql.py:509} INFO - Running statement: 
    INSERT INTO books (title, authors, price, rating)
    VALUES (%s, %s, %s, %s)
    , parameters: ('Data Modeling with Snowflake: A practical guide to accelerating Snowflake development using universal data modeling techniques', 'Serge Gershkovich', '36.', '4.8 out of 5 stars')
[2024-10-08T05:14:43.926+0000] {sql.py:518} INFO - Rows affected: 1
[2024-10-08T05:14:44.041+0000] {base.py:84} INFO - Retrieving connection 'books_connection'
[2024-10-08T05:14:44.098+0000] {sql.py:509} INFO - Running statement: 
    INSERT INTO books (title, authors, price, rating)
    VALUES (%s, %s, %s, %s)
    , parameters: ('Official Google Cloud Certified Professional Data Engineer Study Guide', 'Dan Sullivan', '33.', '4.5 out of 5 stars')
[2024-10-08T05:14:44.121+0000] {sql.py:518} INFO - Rows affected: 1
[2024-10-08T05:14:44.202+0000] {base.py:84} INFO - Retrieving connection 'books_connection'
[2024-10-08T05:14:44.233+0000] {sql.py:509} INFO - Running statement: 
    INSERT INTO books (title, authors, price, rating)
    VALUES (%s, %s, %s, %s)
    , parameters: ('Machine Learning Engineering', 'Andriy Burkov', '39.', '4.7 out of 5 stars')
[2024-10-08T05:14:44.250+0000] {sql.py:518} INFO - Rows affected: 1
[2024-10-08T05:14:44.474+0000] {base.py:84} INFO - Retrieving connection 'books_connection'
[2024-10-08T05:14:44.510+0000] {sql.py:509} INFO - Running statement: 
    INSERT INTO books (title, authors, price, rating)
    VALUES (%s, %s, %s, %s)
    , parameters: ('Fundamentals of Data Observability: Implement Trustworthy End-to-End Data Solutions', 'Andy Petrella', '36.', '4.0 out of 5 stars')
[2024-10-08T05:14:44.534+0000] {sql.py:518} INFO - Rows affected: 1
[2024-10-08T05:14:44.582+0000] {base.py:84} INFO - Retrieving connection 'books_connection'
[2024-10-08T05:14:44.608+0000] {sql.py:509} INFO - Running statement: 
    INSERT INTO books (title, authors, price, rating)
    VALUES (%s, %s, %s, %s)
    , parameters: ('Modern Data Engineering with Apache Spark: A Hands-On Guide for Building Mission-Critical Streaming Applications', 'Scott Haines', '29.', '4.1 out of 5 stars')
[2024-10-08T05:14:44.612+0000] {sql.py:518} INFO - Rows affected: 1
[2024-10-08T05:14:44.643+0000] {base.py:84} INFO - Retrieving connection 'books_connection'
[2024-10-08T05:14:44.666+0000] {sql.py:509} INFO - Running statement: 
    INSERT INTO books (title, authors, price, rating)
    VALUES (%s, %s, %s, %s)
    , parameters: ('Python Feature Engineering Cookbook: A complete guide to crafting powerful features for your machine learning models', 'Soledad Galli', '44.', '5.0 out of 5 stars')
[2024-10-08T05:14:44.676+0000] {sql.py:518} INFO - Rows affected: 1
[2024-10-08T05:14:44.727+0000] {base.py:84} INFO - Retrieving connection 'books_connection'
[2024-10-08T05:14:44.747+0000] {sql.py:509} INFO - Running statement: 
    INSERT INTO books (title, authors, price, rating)
    VALUES (%s, %s, %s, %s)
    , parameters: ('Data Engineering with Databricks', 'Kindle', '0.', '3.4 out of 5 stars')
[2024-10-08T05:14:44.758+0000] {sql.py:518} INFO - Rows affected: 1
[2024-10-08T05:14:44.806+0000] {base.py:84} INFO - Retrieving connection 'books_connection'
[2024-10-08T05:14:44.815+0000] {sql.py:509} INFO - Running statement: 
    INSERT INTO books (title, authors, price, rating)
    VALUES (%s, %s, %s, %s)
    , parameters: ('Azure Data Factory by Example: Practical Implementation for Data Engineers', 'Richard Swinbank', '33.', '4.2 out of 5 stars')
[2024-10-08T05:14:44.821+0000] {sql.py:518} INFO - Rows affected: 1
[2024-10-08T05:14:44.850+0000] {base.py:84} INFO - Retrieving connection 'books_connection'
[2024-10-08T05:14:44.867+0000] {sql.py:509} INFO - Running statement: 
    INSERT INTO books (title, authors, price, rating)
    VALUES (%s, %s, %s, %s)
    , parameters: ('Data Quality Engineering in Financial Services: Applying Manufacturing Techniques to Data', 'Brian Buzzelli', '30.', '4.4 out of 5 stars')
[2024-10-08T05:14:44.875+0000] {sql.py:518} INFO - Rows affected: 1
[2024-10-08T05:14:44.903+0000] {base.py:84} INFO - Retrieving connection 'books_connection'
[2024-10-08T05:14:44.923+0000] {sql.py:509} INFO - Running statement: 
    INSERT INTO books (title, authors, price, rating)
    VALUES (%s, %s, %s, %s)
    , parameters: ('Prompt Engineering for Generative AI: Future-Proof Inputs for Reliable AI Outputs', 'James Phoenix', '53.', '4.5 out of 5 stars')
[2024-10-08T05:14:44.928+0000] {sql.py:518} INFO - Rows affected: 1
[2024-10-08T05:14:44.957+0000] {base.py:84} INFO - Retrieving connection 'books_connection'
[2024-10-08T05:14:44.965+0000] {sql.py:509} INFO - Running statement: 
    INSERT INTO books (title, authors, price, rating)
    VALUES (%s, %s, %s, %s)
    , parameters: ('Better Data Visualizations: A Guide for Scholars, Researchers, and Wonks', 'Jonathan Schwabish', '26.', '4.5 out of 5 stars')
[2024-10-08T05:14:44.970+0000] {sql.py:518} INFO - Rows affected: 1
[2024-10-08T05:14:45.002+0000] {base.py:84} INFO - Retrieving connection 'books_connection'
[2024-10-08T05:14:45.022+0000] {sql.py:509} INFO - Running statement: 
    INSERT INTO books (title, authors, price, rating)
    VALUES (%s, %s, %s, %s)
    , parameters: ("Applied Machine Learning and AI for Engineers: Solve Business Problems That Can't Be Solved Algorithmically", 'Jeff Prosise', '70.', '4.5 out of 5 stars')
[2024-10-08T05:14:45.027+0000] {sql.py:518} INFO - Rows affected: 1
[2024-10-08T05:14:45.031+0000] {python.py:240} INFO - Done. Returned value was: None
[2024-10-08T05:14:45.078+0000] {taskinstance.py:340} INFO - ::group::Post task execution logs
[2024-10-08T05:14:45.079+0000] {taskinstance.py:352} INFO - Marking task as SUCCESS. dag_id=fetch_and_store_amazon_books, task_id=insert_book_data, run_id=scheduled__2024-06-20T00:00:00+00:00, execution_date=20240620T000000, start_date=20241008T051440, end_date=20241008T051445
[2024-10-08T05:14:45.102+0000] {logging_mixin.py:190} INFO - Task instance in success state
[2024-10-08T05:14:45.104+0000] {logging_mixin.py:190} INFO -  Previous state of the Task instance: running
[2024-10-08T05:14:45.105+0000] {logging_mixin.py:190} INFO - Dag name:fetch_and_store_amazon_books queued_at:2024-10-08 05:08:27.477320+00:00
[2024-10-08T05:14:45.106+0000] {logging_mixin.py:190} INFO - Task hostname:a344f6bef387 operator:PythonOperator
[2024-10-08T05:14:45.171+0000] {local_task_job_runner.py:261} INFO - Task exited with return code 0
[2024-10-08T05:14:45.230+0000] {taskinstance.py:3891} INFO - 0 downstream tasks scheduled from follow-on schedule check
[2024-10-08T05:14:45.233+0000] {local_task_job_runner.py:240} INFO - ::endgroup::
