[2024-10-08T05:30:56.596+0000] {local_task_job_runner.py:123} INFO - ::group::Pre task execution logs
[2024-10-08T05:30:56.608+0000] {taskinstance.py:2603} INFO - Dependencies all met for dep_context=non-requeueable deps ti=<TaskInstance: fetch_and_store_amazon_books.insert_book_data scheduled__2024-09-10T00:00:00+00:00 [queued]>
[2024-10-08T05:30:56.614+0000] {taskinstance.py:2603} INFO - Dependencies all met for dep_context=requeueable deps ti=<TaskInstance: fetch_and_store_amazon_books.insert_book_data scheduled__2024-09-10T00:00:00+00:00 [queued]>
[2024-10-08T05:30:56.614+0000] {taskinstance.py:2856} INFO - Starting attempt 1 of 2
[2024-10-08T05:30:56.622+0000] {taskinstance.py:2879} INFO - Executing <Task(PythonOperator): insert_book_data> on 2024-09-10 00:00:00+00:00
[2024-10-08T05:30:56.630+0000] {warnings.py:112} WARNING - /home/***/.local/lib/python3.12/site-packages/***/task/task_runner/standard_task_runner.py:70: DeprecationWarning: This process (pid=429) is multi-threaded, use of fork() may lead to deadlocks in the child.
  pid = os.fork()

[2024-10-08T05:30:56.631+0000] {standard_task_runner.py:72} INFO - Started process 431 to run task
[2024-10-08T05:30:56.632+0000] {standard_task_runner.py:104} INFO - Running: ['***', 'tasks', 'run', 'fetch_and_store_amazon_books', 'insert_book_data', 'scheduled__2024-09-10T00:00:00+00:00', '--job-id', '201', '--raw', '--subdir', 'DAGS_FOLDER/app.py', '--cfg-path', '/tmp/tmpd67igux7']
[2024-10-08T05:30:56.633+0000] {standard_task_runner.py:105} INFO - Job 201: Subtask insert_book_data
[2024-10-08T05:30:56.671+0000] {task_command.py:467} INFO - Running <TaskInstance: fetch_and_store_amazon_books.insert_book_data scheduled__2024-09-10T00:00:00+00:00 [running]> on host 475658bd4f83
[2024-10-08T05:30:56.716+0000] {taskinstance.py:3122} INFO - Exporting env vars: AIRFLOW_CTX_DAG_OWNER='***' AIRFLOW_CTX_DAG_ID='fetch_and_store_amazon_books' AIRFLOW_CTX_TASK_ID='insert_book_data' AIRFLOW_CTX_EXECUTION_DATE='2024-09-10T00:00:00+00:00' AIRFLOW_CTX_TRY_NUMBER='1' AIRFLOW_CTX_DAG_RUN_ID='scheduled__2024-09-10T00:00:00+00:00'
[2024-10-08T05:30:56.719+0000] {logging_mixin.py:190} INFO - Task instance is in running state
[2024-10-08T05:30:56.719+0000] {logging_mixin.py:190} INFO -  Previous state of the Task instance: queued
[2024-10-08T05:30:56.719+0000] {logging_mixin.py:190} INFO - Current task name:insert_book_data state:running start_date:2024-10-08 05:30:56.609125+00:00
[2024-10-08T05:30:56.719+0000] {logging_mixin.py:190} INFO - Dag name:fetch_and_store_amazon_books and current dag run status:running
[2024-10-08T05:30:56.720+0000] {taskinstance.py:731} INFO - ::endgroup::
[2024-10-08T05:30:56.729+0000] {base.py:84} INFO - Retrieving connection 'books_connection'
[2024-10-08T05:30:56.733+0000] {sql.py:509} INFO - Running statement: 
    INSERT INTO books (title, authors, price, rating)
    VALUES (%s, %s, %s, %s)
    , parameters: ('Data Engineering with AWS - Second Edition: Acquire the skills to design and build AWS-based data transformation pipelines like a pro', 'Gareth Eagar', '41.', '4.4 out of 5 stars')
[2024-10-08T05:30:56.734+0000] {sql.py:518} INFO - Rows affected: 1
[2024-10-08T05:30:56.740+0000] {base.py:84} INFO - Retrieving connection 'books_connection'
[2024-10-08T05:30:56.742+0000] {sql.py:509} INFO - Running statement: 
    INSERT INTO books (title, authors, price, rating)
    VALUES (%s, %s, %s, %s)
    , parameters: ('Azure Data Engineer Associate Certification Guide: Ace the DP-203 exam with advanced data engineering skills', 'Giacinto Palmieri', '49.', '4.4 out of 5 stars')
[2024-10-08T05:30:56.742+0000] {sql.py:518} INFO - Rows affected: 1
[2024-10-08T05:30:56.746+0000] {base.py:84} INFO - Retrieving connection 'books_connection'
[2024-10-08T05:30:56.748+0000] {sql.py:509} INFO - Running statement: 
    INSERT INTO books (title, authors, price, rating)
    VALUES (%s, %s, %s, %s)
    , parameters: ("Azure Data Factory Cookbook: A data engineer's guide to building and managing ETL and ELT pipelines with data integration", 'Dmitry Foshin', '51.', '4.2 out of 5 stars')
[2024-10-08T05:30:56.748+0000] {sql.py:518} INFO - Rows affected: 1
[2024-10-08T05:30:56.751+0000] {base.py:84} INFO - Retrieving connection 'books_connection'
[2024-10-08T05:30:56.753+0000] {sql.py:509} INFO - Running statement: 
    INSERT INTO books (title, authors, price, rating)
    VALUES (%s, %s, %s, %s)
    , parameters: ('Fundamentals of Data Engineering: Plan and Build Robust Data Systems', 'Joe Reis', '25.', '4.7 out of 5 stars')
[2024-10-08T05:30:56.754+0000] {sql.py:518} INFO - Rows affected: 1
[2024-10-08T05:30:56.757+0000] {base.py:84} INFO - Retrieving connection 'books_connection'
[2024-10-08T05:30:56.759+0000] {sql.py:509} INFO - Running statement: 
    INSERT INTO books (title, authors, price, rating)
    VALUES (%s, %s, %s, %s)
    , parameters: ('Designing Data-Intensive Applications: The Big Ideas Behind Reliable, Scalable, and Maintainable Systems', 'Martin Kleppmann', '55.', '4.7 out of 5 stars')
[2024-10-08T05:30:56.759+0000] {sql.py:518} INFO - Rows affected: 1
[2024-10-08T05:30:56.764+0000] {base.py:84} INFO - Retrieving connection 'books_connection'
[2024-10-08T05:30:56.767+0000] {sql.py:509} INFO - Running statement: 
    INSERT INTO books (title, authors, price, rating)
    VALUES (%s, %s, %s, %s)
    , parameters: ('Fundamentals of Data Analytics: Learn Essential Skills, Embrace the Future, and Catapult Your Career in the Data-Driven World—A Comprehensive Guide to Data Literacy for Beginners', 'Russell Dawson', '17.', '4.8 out of 5 stars')
[2024-10-08T05:30:56.767+0000] {sql.py:518} INFO - Rows affected: 1
[2024-10-08T05:30:56.773+0000] {base.py:84} INFO - Retrieving connection 'books_connection'
[2024-10-08T05:30:56.777+0000] {sql.py:509} INFO - Running statement: 
    INSERT INTO books (title, authors, price, rating)
    VALUES (%s, %s, %s, %s)
    , parameters: ("Ultimate Data Engineering with Databricks: Develop Scalable Data Pipelines Using Data Engineering's Core Tenets Such as Delta Tables, Ingestion, ... Security, and Scalability (English Edition)", 'Mayank Malhotra', '37.', '4.1 out of 5 stars')
[2024-10-08T05:30:56.778+0000] {sql.py:518} INFO - Rows affected: 1
[2024-10-08T05:30:56.784+0000] {base.py:84} INFO - Retrieving connection 'books_connection'
[2024-10-08T05:30:56.787+0000] {sql.py:509} INFO - Running statement: 
    INSERT INTO books (title, authors, price, rating)
    VALUES (%s, %s, %s, %s)
    , parameters: ('Data Engineering with dbt: A practical guide to building a cloud-based, pragmatic, and dependable data platform with SQL', 'Roberto Zagni', '37.', '4.6 out of 5 stars')
[2024-10-08T05:30:56.788+0000] {sql.py:518} INFO - Rows affected: 1
[2024-10-08T05:30:56.792+0000] {base.py:84} INFO - Retrieving connection 'books_connection'
[2024-10-08T05:30:56.795+0000] {sql.py:509} INFO - Running statement: 
    INSERT INTO books (title, authors, price, rating)
    VALUES (%s, %s, %s, %s)
    , parameters: ('Data Engineering with Python: Work with massive datasets to design data models and automate data pipelines using Python', 'Paul Crickard', '37.', '4.1 out of 5 stars')
[2024-10-08T05:30:56.796+0000] {sql.py:518} INFO - Rows affected: 1
[2024-10-08T05:30:56.800+0000] {base.py:84} INFO - Retrieving connection 'books_connection'
[2024-10-08T05:30:56.802+0000] {sql.py:509} INFO - Running statement: 
    INSERT INTO books (title, authors, price, rating)
    VALUES (%s, %s, %s, %s)
    , parameters: ('Cracking the Data Engineering Interview: Land your dream job with the help of resume-building tips, over 100 mock questions, and a unique portfolio', 'Kedeisha Bryan', '26.', '4.4 out of 5 stars')
[2024-10-08T05:30:56.803+0000] {sql.py:518} INFO - Rows affected: 1
[2024-10-08T05:30:56.806+0000] {base.py:84} INFO - Retrieving connection 'books_connection'
[2024-10-08T05:30:56.808+0000] {sql.py:509} INFO - Running statement: 
    INSERT INTO books (title, authors, price, rating)
    VALUES (%s, %s, %s, %s)
    , parameters: ('Data Pipelines Pocket Reference: Moving and Processing Data for Analytics', 'James Densmore', '17.', '4.5 out of 5 stars')
[2024-10-08T05:30:56.808+0000] {sql.py:518} INFO - Rows affected: 1
[2024-10-08T05:30:56.811+0000] {base.py:84} INFO - Retrieving connection 'books_connection'
[2024-10-08T05:30:56.814+0000] {sql.py:509} INFO - Running statement: 
    INSERT INTO books (title, authors, price, rating)
    VALUES (%s, %s, %s, %s)
    , parameters: ('Ace the Data Science Interview: 201 Real Interview Questions Asked By FAANG, Tech Startups, & Wall Street', 'Nick Singh', '42.', '4.5 out of 5 stars')
[2024-10-08T05:30:56.814+0000] {sql.py:518} INFO - Rows affected: 1
[2024-10-08T05:30:56.817+0000] {base.py:84} INFO - Retrieving connection 'books_connection'
[2024-10-08T05:30:56.819+0000] {sql.py:509} INFO - Running statement: 
    INSERT INTO books (title, authors, price, rating)
    VALUES (%s, %s, %s, %s)
    , parameters: ('Ace the Data Engineering Interview: Questions and Answers for Python, SQL, Data Modeling and More', 'Sean Coyne', '24.', '3.8 out of 5 stars')
[2024-10-08T05:30:56.820+0000] {sql.py:518} INFO - Rows affected: 1
[2024-10-08T05:30:56.823+0000] {base.py:84} INFO - Retrieving connection 'books_connection'
[2024-10-08T05:30:56.825+0000] {sql.py:509} INFO - Running statement: 
    INSERT INTO books (title, authors, price, rating)
    VALUES (%s, %s, %s, %s)
    , parameters: ('Data Engineering with Databricks Cookbook: Build effective data and AI solutions using Apache Spark, Databricks, and Delta Lake', 'Pulkit Chadha', '49.', '4.3 out of 5 stars')
[2024-10-08T05:30:56.825+0000] {sql.py:518} INFO - Rows affected: 1
[2024-10-08T05:30:56.828+0000] {base.py:84} INFO - Retrieving connection 'books_connection'
[2024-10-08T05:30:56.830+0000] {sql.py:509} INFO - Running statement: 
    INSERT INTO books (title, authors, price, rating)
    VALUES (%s, %s, %s, %s)
    , parameters: ('Software Engineering for Data Scientists: From Notebooks to Scalable Systems', 'Catherine Nelson', '51.', '4.4 out of 5 stars')
[2024-10-08T05:30:56.831+0000] {sql.py:518} INFO - Rows affected: 1
[2024-10-08T05:30:56.834+0000] {base.py:84} INFO - Retrieving connection 'books_connection'
[2024-10-08T05:30:56.836+0000] {sql.py:509} INFO - Running statement: 
    INSERT INTO books (title, authors, price, rating)
    VALUES (%s, %s, %s, %s)
    , parameters: ('Python Data Engineering Resources: Forge Your Path to Success in Data Engineering, Machine Learning and AI', 'Vajo Lukic', '12.', '4.9 out of 5 stars')
[2024-10-08T05:30:56.836+0000] {sql.py:518} INFO - Rows affected: 1
[2024-10-08T05:30:56.839+0000] {base.py:84} INFO - Retrieving connection 'books_connection'
[2024-10-08T05:30:56.841+0000] {sql.py:509} INFO - Running statement: 
    INSERT INTO books (title, authors, price, rating)
    VALUES (%s, %s, %s, %s)
    , parameters: ('Essentials of Data Engineering', 'Dr. Mukesh Saini', '19.', '5.0 out of 5 stars')
[2024-10-08T05:30:56.841+0000] {sql.py:518} INFO - Rows affected: 1
[2024-10-08T05:30:56.844+0000] {base.py:84} INFO - Retrieving connection 'books_connection'
[2024-10-08T05:30:56.846+0000] {sql.py:509} INFO - Running statement: 
    INSERT INTO books (title, authors, price, rating)
    VALUES (%s, %s, %s, %s)
    , parameters: ('Data Engineering with AWS: Learn how to design and build cloud-based data transformation pipelines using AWS', 'Gareth Eagar', '49.', '4.4 out of 5 stars')
[2024-10-08T05:30:56.847+0000] {sql.py:518} INFO - Rows affected: 1
[2024-10-08T05:30:56.850+0000] {base.py:84} INFO - Retrieving connection 'books_connection'
[2024-10-08T05:30:56.852+0000] {sql.py:509} INFO - Running statement: 
    INSERT INTO books (title, authors, price, rating)
    VALUES (%s, %s, %s, %s)
    , parameters: ('Data Engineering with Python cookbook: Learn to build efficient data pipelines using the Modern Cloud Data Stack', 'Adithyan Ramanujakootam', '32.', '5.0 out of 5 stars')
[2024-10-08T05:30:56.852+0000] {sql.py:518} INFO - Rows affected: 1
[2024-10-08T05:30:56.855+0000] {base.py:84} INFO - Retrieving connection 'books_connection'
[2024-10-08T05:30:56.857+0000] {sql.py:509} INFO - Running statement: 
    INSERT INTO books (title, authors, price, rating)
    VALUES (%s, %s, %s, %s)
    , parameters: ("Data Quality Fundamentals: A Practitioner's Guide to Building Trustworthy Data Pipelines", 'Paperback', '45.', '4.1 out of 5 stars')
[2024-10-08T05:30:56.857+0000] {sql.py:518} INFO - Rows affected: 1
[2024-10-08T05:30:56.860+0000] {base.py:84} INFO - Retrieving connection 'books_connection'
[2024-10-08T05:30:56.862+0000] {sql.py:509} INFO - Running statement: 
    INSERT INTO books (title, authors, price, rating)
    VALUES (%s, %s, %s, %s)
    , parameters: ('Mastering Databricks Lakehouse Platform: Perform Data Warehousing, Data Engineering, Machine Learning, DevOps, and BI into a Single Platform (English Edition)', 'Sagar Lad', '32.', '3.6 out of 5 stars')
[2024-10-08T05:30:56.862+0000] {sql.py:518} INFO - Rows affected: 1
[2024-10-08T05:30:56.866+0000] {base.py:84} INFO - Retrieving connection 'books_connection'
[2024-10-08T05:30:56.867+0000] {sql.py:509} INFO - Running statement: 
    INSERT INTO books (title, authors, price, rating)
    VALUES (%s, %s, %s, %s)
    , parameters: ('Data Analysis with Python and PySpark', 'Jonathan Rioux', '55.', '4.4 out of 5 stars')
[2024-10-08T05:30:56.868+0000] {sql.py:518} INFO - Rows affected: 1
[2024-10-08T05:30:56.871+0000] {base.py:84} INFO - Retrieving connection 'books_connection'
[2024-10-08T05:30:56.872+0000] {sql.py:509} INFO - Running statement: 
    INSERT INTO books (title, authors, price, rating)
    VALUES (%s, %s, %s, %s)
    , parameters: ('Advanced Data Analytics with AWS: Explore Data Analysis Concepts in the Cloud to Gain Meaningful Insights and Build Robust Data Engineering Workflows Across Diverse Data Sources (English Edition)', 'Joseph Conley', '37.', '5.0 out of 5 stars')
[2024-10-08T05:30:56.873+0000] {sql.py:518} INFO - Rows affected: 1
[2024-10-08T05:30:56.876+0000] {base.py:84} INFO - Retrieving connection 'books_connection'
[2024-10-08T05:30:56.878+0000] {sql.py:509} INFO - Running statement: 
    INSERT INTO books (title, authors, price, rating)
    VALUES (%s, %s, %s, %s)
    , parameters: ('Data Engineering with Google Cloud Platform: A practical guide to operationalizing scalable data analytics systems on GCP', 'Adi Wijaya', '41.', '4.7 out of 5 stars')
[2024-10-08T05:30:56.878+0000] {sql.py:518} INFO - Rows affected: 1
[2024-10-08T05:30:56.881+0000] {base.py:84} INFO - Retrieving connection 'books_connection'
[2024-10-08T05:30:56.883+0000] {sql.py:509} INFO - Running statement: 
    INSERT INTO books (title, authors, price, rating)
    VALUES (%s, %s, %s, %s)
    , parameters: ('DATA ENGINEERING AND AI FOR BEGINNERS: Revolutionizing Data Processing and Analytics by Leveraging Artificial Intelligence for Efficient Input Collection, Storage, and Transformation (World of AI)', 'Paperback', '13.', '4.3 out of 5 stars')
[2024-10-08T05:30:56.884+0000] {sql.py:518} INFO - Rows affected: 1
[2024-10-08T05:30:56.887+0000] {base.py:84} INFO - Retrieving connection 'books_connection'
[2024-10-08T05:30:56.889+0000] {sql.py:509} INFO - Running statement: 
    INSERT INTO books (title, authors, price, rating)
    VALUES (%s, %s, %s, %s)
    , parameters: ('Fundamentals of Data Engineering: A Comprehensive Guide to Designing, Building, and Managing Data Pipelines, Storage Solutions, and Processing Frameworks.', 'Paperback', '14.', '5.0 out of 5 stars')
[2024-10-08T05:30:56.889+0000] {sql.py:518} INFO - Rows affected: 1
[2024-10-08T05:30:56.892+0000] {base.py:84} INFO - Retrieving connection 'books_connection'
[2024-10-08T05:30:56.894+0000] {sql.py:509} INFO - Running statement: 
    INSERT INTO books (title, authors, price, rating)
    VALUES (%s, %s, %s, %s)
    , parameters: ('Data Privacy: A runbook for engineers', 'Nishant Bhajaria', '35.', '4.8 out of 5 stars')
[2024-10-08T05:30:56.894+0000] {sql.py:518} INFO - Rows affected: 1
[2024-10-08T05:30:56.897+0000] {base.py:84} INFO - Retrieving connection 'books_connection'
[2024-10-08T05:30:56.900+0000] {sql.py:509} INFO - Running statement: 
    INSERT INTO books (title, authors, price, rating)
    VALUES (%s, %s, %s, %s)
    , parameters: ('Data Engineering Fundamentals for Beginners: Mastering the Art of Building, Managing, and Scaling Data Systems', 'Paperback', '14.', '5.0 out of 5 stars')
[2024-10-08T05:30:56.900+0000] {sql.py:518} INFO - Rows affected: 1
[2024-10-08T05:30:56.904+0000] {base.py:84} INFO - Retrieving connection 'books_connection'
[2024-10-08T05:30:56.906+0000] {sql.py:509} INFO - Running statement: 
    INSERT INTO books (title, authors, price, rating)
    VALUES (%s, %s, %s, %s)
    , parameters: ('Data Engineering with Apache Spark, Delta Lake, and Lakehouse: Create scalable pipelines that ingest, curate, and aggregate complex data in a timely and secure way', 'Manoj Kukreja', '46.', '3.9 out of 5 stars')
[2024-10-08T05:30:56.906+0000] {sql.py:518} INFO - Rows affected: 1
[2024-10-08T05:30:56.909+0000] {base.py:84} INFO - Retrieving connection 'books_connection'
[2024-10-08T05:30:56.911+0000] {sql.py:509} INFO - Running statement: 
    INSERT INTO books (title, authors, price, rating)
    VALUES (%s, %s, %s, %s)
    , parameters: ('Data-Driven Science and Engineering: Machine Learning, Dynamical Systems, and Control', 'Steven L. Brunton', '64.', '4.8 out of 5 stars')
[2024-10-08T05:30:56.911+0000] {sql.py:518} INFO - Rows affected: 1
[2024-10-08T05:30:56.915+0000] {base.py:84} INFO - Retrieving connection 'books_connection'
[2024-10-08T05:30:56.916+0000] {sql.py:509} INFO - Running statement: 
    INSERT INTO books (title, authors, price, rating)
    VALUES (%s, %s, %s, %s)
    , parameters: ('Data Engineering with Google Cloud Platform: A guide to leveling up as a data engineer by building a scalable data platform with Google Cloud', 'Adi Wijaya', '40.', '4.8 out of 5 stars')
[2024-10-08T05:30:56.917+0000] {sql.py:518} INFO - Rows affected: 1
[2024-10-08T05:30:56.920+0000] {base.py:84} INFO - Retrieving connection 'books_connection'
[2024-10-08T05:30:56.922+0000] {sql.py:509} INFO - Running statement: 
    INSERT INTO books (title, authors, price, rating)
    VALUES (%s, %s, %s, %s)
    , parameters: ('97 Things Every Data Engineer Should Know: Collective Wisdom from the Experts', 'Tobias Macey', '28.', '4.1 out of 5 stars')
[2024-10-08T05:30:56.922+0000] {sql.py:518} INFO - Rows affected: 1
[2024-10-08T05:30:56.925+0000] {base.py:84} INFO - Retrieving connection 'books_connection'
[2024-10-08T05:30:56.927+0000] {sql.py:509} INFO - Running statement: 
    INSERT INTO books (title, authors, price, rating)
    VALUES (%s, %s, %s, %s)
    , parameters: ('Analytics Engineering with SQL and dbt: Building Meaningful Data Models at Scale', 'Rui Pedro Machado', '41.', '3.9 out of 5 stars')
[2024-10-08T05:30:56.928+0000] {sql.py:518} INFO - Rows affected: 1
[2024-10-08T05:30:56.931+0000] {base.py:84} INFO - Retrieving connection 'books_connection'
[2024-10-08T05:30:56.934+0000] {sql.py:509} INFO - Running statement: 
    INSERT INTO books (title, authors, price, rating)
    VALUES (%s, %s, %s, %s)
    , parameters: ('Data Engineering with Scala and Spark: Build streaming and batch pipelines that process massive amounts of data using Scala', 'Eric Tome', '29.', '4.1 out of 5 stars')
[2024-10-08T05:30:56.935+0000] {sql.py:518} INFO - Rows affected: 1
[2024-10-08T05:30:56.940+0000] {base.py:84} INFO - Retrieving connection 'books_connection'
[2024-10-08T05:30:56.942+0000] {sql.py:509} INFO - Running statement: 
    INSERT INTO books (title, authors, price, rating)
    VALUES (%s, %s, %s, %s)
    , parameters: ('Storytelling with Data: A Data Visualization Guide for Business Professionals', 'Cole Nussbaumer Knaflic', '27.', '4.6 out of 5 stars')
[2024-10-08T05:30:56.943+0000] {sql.py:518} INFO - Rows affected: 1
[2024-10-08T05:30:56.946+0000] {base.py:84} INFO - Retrieving connection 'books_connection'
[2024-10-08T05:30:56.948+0000] {sql.py:509} INFO - Running statement: 
    INSERT INTO books (title, authors, price, rating)
    VALUES (%s, %s, %s, %s)
    , parameters: ('Data Mesh: Delivering Data-Driven Value at Scale', 'Zhamak Dehghani', '43.', '4.5 out of 5 stars')
[2024-10-08T05:30:56.948+0000] {sql.py:518} INFO - Rows affected: 1
[2024-10-08T05:30:56.952+0000] {base.py:84} INFO - Retrieving connection 'books_connection'
[2024-10-08T05:30:56.954+0000] {sql.py:509} INFO - Running statement: 
    INSERT INTO books (title, authors, price, rating)
    VALUES (%s, %s, %s, %s)
    , parameters: ('Data Engineering 101', 'Kindle', '0.', '3.9 out of 5 stars')
[2024-10-08T05:30:56.955+0000] {sql.py:518} INFO - Rows affected: 1
[2024-10-08T05:30:56.959+0000] {base.py:84} INFO - Retrieving connection 'books_connection'
[2024-10-08T05:30:56.961+0000] {sql.py:509} INFO - Running statement: 
    INSERT INTO books (title, authors, price, rating)
    VALUES (%s, %s, %s, %s)
    , parameters: ('Data Modeling with Snowflake: A practical guide to accelerating Snowflake development using universal data modeling techniques', 'Serge Gershkovich', '36.', '4.8 out of 5 stars')
[2024-10-08T05:30:56.962+0000] {sql.py:518} INFO - Rows affected: 1
[2024-10-08T05:30:56.966+0000] {base.py:84} INFO - Retrieving connection 'books_connection'
[2024-10-08T05:30:56.969+0000] {sql.py:509} INFO - Running statement: 
    INSERT INTO books (title, authors, price, rating)
    VALUES (%s, %s, %s, %s)
    , parameters: ('Official Google Cloud Certified Professional Data Engineer Study Guide', 'Dan Sullivan', '33.', '4.5 out of 5 stars')
[2024-10-08T05:30:56.969+0000] {sql.py:518} INFO - Rows affected: 1
[2024-10-08T05:30:56.973+0000] {base.py:84} INFO - Retrieving connection 'books_connection'
[2024-10-08T05:30:56.976+0000] {sql.py:509} INFO - Running statement: 
    INSERT INTO books (title, authors, price, rating)
    VALUES (%s, %s, %s, %s)
    , parameters: ('Machine Learning Engineering', 'Andriy Burkov', '39.', '4.7 out of 5 stars')
[2024-10-08T05:30:56.976+0000] {sql.py:518} INFO - Rows affected: 1
[2024-10-08T05:30:56.980+0000] {base.py:84} INFO - Retrieving connection 'books_connection'
[2024-10-08T05:30:56.982+0000] {sql.py:509} INFO - Running statement: 
    INSERT INTO books (title, authors, price, rating)
    VALUES (%s, %s, %s, %s)
    , parameters: ('Fundamentals of Data Observability: Implement Trustworthy End-to-End Data Solutions', 'Andy Petrella', '36.', '4.0 out of 5 stars')
[2024-10-08T05:30:56.982+0000] {sql.py:518} INFO - Rows affected: 1
[2024-10-08T05:30:56.985+0000] {base.py:84} INFO - Retrieving connection 'books_connection'
[2024-10-08T05:30:56.987+0000] {sql.py:509} INFO - Running statement: 
    INSERT INTO books (title, authors, price, rating)
    VALUES (%s, %s, %s, %s)
    , parameters: ('Modern Data Engineering with Apache Spark: A Hands-On Guide for Building Mission-Critical Streaming Applications', 'Scott Haines', '28.', '4.1 out of 5 stars')
[2024-10-08T05:30:56.988+0000] {sql.py:518} INFO - Rows affected: 1
[2024-10-08T05:30:56.991+0000] {base.py:84} INFO - Retrieving connection 'books_connection'
[2024-10-08T05:30:56.992+0000] {sql.py:509} INFO - Running statement: 
    INSERT INTO books (title, authors, price, rating)
    VALUES (%s, %s, %s, %s)
    , parameters: ('Python Feature Engineering Cookbook: A complete guide to crafting powerful features for your machine learning models', 'Soledad Galli', '44.', '5.0 out of 5 stars')
[2024-10-08T05:30:56.993+0000] {sql.py:518} INFO - Rows affected: 1
[2024-10-08T05:30:56.996+0000] {base.py:84} INFO - Retrieving connection 'books_connection'
[2024-10-08T05:30:56.998+0000] {sql.py:509} INFO - Running statement: 
    INSERT INTO books (title, authors, price, rating)
    VALUES (%s, %s, %s, %s)
    , parameters: ('Data Engineering with Databricks', 'Kindle', '0.', '3.4 out of 5 stars')
[2024-10-08T05:30:56.998+0000] {sql.py:518} INFO - Rows affected: 1
[2024-10-08T05:30:57.001+0000] {base.py:84} INFO - Retrieving connection 'books_connection'
[2024-10-08T05:30:57.003+0000] {sql.py:509} INFO - Running statement: 
    INSERT INTO books (title, authors, price, rating)
    VALUES (%s, %s, %s, %s)
    , parameters: ('Azure Data Factory by Example: Practical Implementation for Data Engineers', 'Richard Swinbank', '33.', '4.2 out of 5 stars')
[2024-10-08T05:30:57.003+0000] {sql.py:518} INFO - Rows affected: 1
[2024-10-08T05:30:57.006+0000] {base.py:84} INFO - Retrieving connection 'books_connection'
[2024-10-08T05:30:57.008+0000] {sql.py:509} INFO - Running statement: 
    INSERT INTO books (title, authors, price, rating)
    VALUES (%s, %s, %s, %s)
    , parameters: ('Data Quality Engineering in Financial Services: Applying Manufacturing Techniques to Data', 'Brian Buzzelli', '30.', '4.4 out of 5 stars')
[2024-10-08T05:30:57.009+0000] {sql.py:518} INFO - Rows affected: 1
[2024-10-08T05:30:57.012+0000] {base.py:84} INFO - Retrieving connection 'books_connection'
[2024-10-08T05:30:57.013+0000] {sql.py:509} INFO - Running statement: 
    INSERT INTO books (title, authors, price, rating)
    VALUES (%s, %s, %s, %s)
    , parameters: ('Prompt Engineering for Generative AI: Future-Proof Inputs for Reliable AI Outputs', 'James Phoenix', '53.', '4.5 out of 5 stars')
[2024-10-08T05:30:57.014+0000] {sql.py:518} INFO - Rows affected: 1
[2024-10-08T05:30:57.017+0000] {base.py:84} INFO - Retrieving connection 'books_connection'
[2024-10-08T05:30:57.019+0000] {sql.py:509} INFO - Running statement: 
    INSERT INTO books (title, authors, price, rating)
    VALUES (%s, %s, %s, %s)
    , parameters: ('Data Observability for Data Engineering: Proactive strategies for ensuring data accuracy and addressing broken data pipelines', 'Michele Pinto', '18.', '3.7 out of 5 stars')
[2024-10-08T05:30:57.019+0000] {sql.py:518} INFO - Rows affected: 1
[2024-10-08T05:30:57.022+0000] {base.py:84} INFO - Retrieving connection 'books_connection'
[2024-10-08T05:30:57.024+0000] {sql.py:509} INFO - Running statement: 
    INSERT INTO books (title, authors, price, rating)
    VALUES (%s, %s, %s, %s)
    , parameters: ('Better Data Visualizations: A Guide for Scholars, Researchers, and Wonks', 'Jonathan Schwabish', '26.', '4.5 out of 5 stars')
[2024-10-08T05:30:57.025+0000] {sql.py:518} INFO - Rows affected: 1
[2024-10-08T05:30:57.028+0000] {base.py:84} INFO - Retrieving connection 'books_connection'
[2024-10-08T05:30:57.030+0000] {sql.py:509} INFO - Running statement: 
    INSERT INTO books (title, authors, price, rating)
    VALUES (%s, %s, %s, %s)
    , parameters: ("Applied Machine Learning and AI for Engineers: Solve Business Problems That Can't Be Solved Algorithmically", 'Jeff Prosise', '69.', '4.5 out of 5 stars')
[2024-10-08T05:30:57.031+0000] {sql.py:518} INFO - Rows affected: 1
[2024-10-08T05:30:57.031+0000] {python.py:240} INFO - Done. Returned value was: None
[2024-10-08T05:30:57.036+0000] {taskinstance.py:340} INFO - ::group::Post task execution logs
[2024-10-08T05:30:57.037+0000] {taskinstance.py:352} INFO - Marking task as SUCCESS. dag_id=fetch_and_store_amazon_books, task_id=insert_book_data, run_id=scheduled__2024-09-10T00:00:00+00:00, execution_date=20240910T000000, start_date=20241008T053056, end_date=20241008T053057
[2024-10-08T05:30:57.041+0000] {logging_mixin.py:190} INFO - Task instance in success state
[2024-10-08T05:30:57.041+0000] {logging_mixin.py:190} INFO -  Previous state of the Task instance: running
[2024-10-08T05:30:57.041+0000] {logging_mixin.py:190} INFO - Dag name:fetch_and_store_amazon_books queued_at:2024-10-08 05:30:21.708603+00:00
[2024-10-08T05:30:57.042+0000] {logging_mixin.py:190} INFO - Task hostname:475658bd4f83 operator:PythonOperator
[2024-10-08T05:30:57.059+0000] {local_task_job_runner.py:261} INFO - Task exited with return code 0
[2024-10-08T05:30:57.070+0000] {taskinstance.py:3891} INFO - 0 downstream tasks scheduled from follow-on schedule check
[2024-10-08T05:30:57.071+0000] {local_task_job_runner.py:240} INFO - ::endgroup::
