[2024-10-08T05:11:06.828+0000] {local_task_job_runner.py:123} INFO - ::group::Pre task execution logs
[2024-10-08T05:11:06.839+0000] {taskinstance.py:2603} INFO - Dependencies all met for dep_context=non-requeueable deps ti=<TaskInstance: fetch_and_store_amazon_books.insert_book_data scheduled__2024-07-09T00:00:00+00:00 [queued]>
[2024-10-08T05:11:06.844+0000] {taskinstance.py:2603} INFO - Dependencies all met for dep_context=requeueable deps ti=<TaskInstance: fetch_and_store_amazon_books.insert_book_data scheduled__2024-07-09T00:00:00+00:00 [queued]>
[2024-10-08T05:11:06.844+0000] {taskinstance.py:2856} INFO - Starting attempt 1 of 2
[2024-10-08T05:11:06.852+0000] {taskinstance.py:2879} INFO - Executing <Task(PythonOperator): insert_book_data> on 2024-07-09 00:00:00+00:00
[2024-10-08T05:11:06.867+0000] {warnings.py:112} WARNING - /home/***/.local/lib/python3.12/site-packages/***/task/task_runner/standard_task_runner.py:70: DeprecationWarning: This process (pid=1160) is multi-threaded, use of fork() may lead to deadlocks in the child.
  pid = os.fork()

[2024-10-08T05:11:06.875+0000] {standard_task_runner.py:72} INFO - Started process 1162 to run task
[2024-10-08T05:11:06.874+0000] {standard_task_runner.py:104} INFO - Running: ['***', 'tasks', 'run', 'fetch_and_store_amazon_books', 'insert_book_data', 'scheduled__2024-07-09T00:00:00+00:00', '--job-id', '29', '--raw', '--subdir', 'DAGS_FOLDER/app.py', '--cfg-path', '/tmp/tmpmvnvfnjp']
[2024-10-08T05:11:06.880+0000] {standard_task_runner.py:105} INFO - Job 29: Subtask insert_book_data
[2024-10-08T05:11:06.975+0000] {task_command.py:467} INFO - Running <TaskInstance: fetch_and_store_amazon_books.insert_book_data scheduled__2024-07-09T00:00:00+00:00 [running]> on host a344f6bef387
[2024-10-08T05:11:07.105+0000] {taskinstance.py:3122} INFO - Exporting env vars: AIRFLOW_CTX_DAG_OWNER='***' AIRFLOW_CTX_DAG_ID='fetch_and_store_amazon_books' AIRFLOW_CTX_TASK_ID='insert_book_data' AIRFLOW_CTX_EXECUTION_DATE='2024-07-09T00:00:00+00:00' AIRFLOW_CTX_TRY_NUMBER='1' AIRFLOW_CTX_DAG_RUN_ID='scheduled__2024-07-09T00:00:00+00:00'
[2024-10-08T05:11:07.108+0000] {logging_mixin.py:190} INFO - Task instance is in running state
[2024-10-08T05:11:07.108+0000] {logging_mixin.py:190} INFO -  Previous state of the Task instance: queued
[2024-10-08T05:11:07.108+0000] {logging_mixin.py:190} INFO - Current task name:insert_book_data state:running start_date:2024-10-08 05:11:06.839959+00:00
[2024-10-08T05:11:07.108+0000] {logging_mixin.py:190} INFO - Dag name:fetch_and_store_amazon_books and current dag run status:running
[2024-10-08T05:11:07.109+0000] {taskinstance.py:731} INFO - ::endgroup::
[2024-10-08T05:11:07.125+0000] {base.py:84} INFO - Retrieving connection 'books_connection'
[2024-10-08T05:11:07.134+0000] {sql.py:509} INFO - Running statement: 
    INSERT INTO books (title, authors, price, rating)
    VALUES (%s, %s, %s, %s)
    , parameters: ('Data Engineering with AWS - Second Edition: Acquire the skills to design and build AWS-based data transformation pipelines like a pro', 'Gareth Eagar', '41.', '4.4 out of 5 stars')
[2024-10-08T05:11:07.138+0000] {sql.py:518} INFO - Rows affected: 1
[2024-10-08T05:11:07.150+0000] {base.py:84} INFO - Retrieving connection 'books_connection'
[2024-10-08T05:11:07.156+0000] {sql.py:509} INFO - Running statement: 
    INSERT INTO books (title, authors, price, rating)
    VALUES (%s, %s, %s, %s)
    , parameters: ('Azure Data Engineer Associate Certification Guide: Ace the DP-203 exam with advanced data engineering skills', 'Giacinto Palmieri', '49.', '4.4 out of 5 stars')
[2024-10-08T05:11:07.157+0000] {sql.py:518} INFO - Rows affected: 1
[2024-10-08T05:11:07.164+0000] {base.py:84} INFO - Retrieving connection 'books_connection'
[2024-10-08T05:11:07.168+0000] {sql.py:509} INFO - Running statement: 
    INSERT INTO books (title, authors, price, rating)
    VALUES (%s, %s, %s, %s)
    , parameters: ("Azure Data Factory Cookbook: A data engineer's guide to building and managing ETL and ELT pipelines with data integration", 'Dmitry Foshin', '51.', '4.2 out of 5 stars')
[2024-10-08T05:11:07.169+0000] {sql.py:518} INFO - Rows affected: 1
[2024-10-08T05:11:07.174+0000] {base.py:84} INFO - Retrieving connection 'books_connection'
[2024-10-08T05:11:07.177+0000] {sql.py:509} INFO - Running statement: 
    INSERT INTO books (title, authors, price, rating)
    VALUES (%s, %s, %s, %s)
    , parameters: ("Engineering Data Mesh in Azure Cloud: Implement data mesh using Microsoft Azure's Cloud Adoption Framework", 'Paperback', '47.', '4.5 out of 5 stars')
[2024-10-08T05:11:07.178+0000] {sql.py:518} INFO - Rows affected: 1
[2024-10-08T05:11:07.182+0000] {base.py:84} INFO - Retrieving connection 'books_connection'
[2024-10-08T05:11:07.184+0000] {sql.py:509} INFO - Running statement: 
    INSERT INTO books (title, authors, price, rating)
    VALUES (%s, %s, %s, %s)
    , parameters: ('Fundamentals of Data Engineering: Plan and Build Robust Data Systems', 'Joe Reis', '25.', '4.7 out of 5 stars')
[2024-10-08T05:11:07.185+0000] {sql.py:518} INFO - Rows affected: 1
[2024-10-08T05:11:07.190+0000] {base.py:84} INFO - Retrieving connection 'books_connection'
[2024-10-08T05:11:07.195+0000] {sql.py:509} INFO - Running statement: 
    INSERT INTO books (title, authors, price, rating)
    VALUES (%s, %s, %s, %s)
    , parameters: ('Designing Data-Intensive Applications: The Big Ideas Behind Reliable, Scalable, and Maintainable Systems', 'Martin Kleppmann', '55.', '4.7 out of 5 stars')
[2024-10-08T05:11:07.196+0000] {sql.py:518} INFO - Rows affected: 1
[2024-10-08T05:11:07.202+0000] {base.py:84} INFO - Retrieving connection 'books_connection'
[2024-10-08T05:11:07.208+0000] {sql.py:509} INFO - Running statement: 
    INSERT INTO books (title, authors, price, rating)
    VALUES (%s, %s, %s, %s)
    , parameters: ('Fundamentals of Data Analytics: Learn Essential Skills, Embrace the Future, and Catapult Your Career in the Data-Driven World—A Comprehensive Guide to Data Literacy for Beginners', 'Russell Dawson', '17.', '4.8 out of 5 stars')
[2024-10-08T05:11:07.210+0000] {sql.py:518} INFO - Rows affected: 1
[2024-10-08T05:11:07.218+0000] {base.py:84} INFO - Retrieving connection 'books_connection'
[2024-10-08T05:11:07.221+0000] {sql.py:509} INFO - Running statement: 
    INSERT INTO books (title, authors, price, rating)
    VALUES (%s, %s, %s, %s)
    , parameters: ('Data Analysis with Python and PySpark', 'Jonathan Rioux', '55.', '4.4 out of 5 stars')
[2024-10-08T05:11:07.222+0000] {sql.py:518} INFO - Rows affected: 1
[2024-10-08T05:11:07.228+0000] {base.py:84} INFO - Retrieving connection 'books_connection'
[2024-10-08T05:11:07.232+0000] {sql.py:509} INFO - Running statement: 
    INSERT INTO books (title, authors, price, rating)
    VALUES (%s, %s, %s, %s)
    , parameters: ("Ultimate Data Engineering with Databricks: Develop Scalable Data Pipelines Using Data Engineering's Core Tenets Such as Delta Tables, Ingestion, ... Security, and Scalability (English Edition)", 'Mayank Malhotra', '37.', '4.1 out of 5 stars')
[2024-10-08T05:11:07.233+0000] {sql.py:518} INFO - Rows affected: 1
[2024-10-08T05:11:07.240+0000] {base.py:84} INFO - Retrieving connection 'books_connection'
[2024-10-08T05:11:07.244+0000] {sql.py:509} INFO - Running statement: 
    INSERT INTO books (title, authors, price, rating)
    VALUES (%s, %s, %s, %s)
    , parameters: ('Data Engineering with Python: Work with massive datasets to design data models and automate data pipelines using Python', 'Paul Crickard', '37.', '4.1 out of 5 stars')
[2024-10-08T05:11:07.245+0000] {sql.py:518} INFO - Rows affected: 1
[2024-10-08T05:11:07.251+0000] {base.py:84} INFO - Retrieving connection 'books_connection'
[2024-10-08T05:11:07.255+0000] {sql.py:509} INFO - Running statement: 
    INSERT INTO books (title, authors, price, rating)
    VALUES (%s, %s, %s, %s)
    , parameters: ('Cracking the Data Engineering Interview: Land your dream job with the help of resume-building tips, over 100 mock questions, and a unique portfolio', 'Kedeisha Bryan', '26.', '4.4 out of 5 stars')
[2024-10-08T05:11:07.256+0000] {sql.py:518} INFO - Rows affected: 1
[2024-10-08T05:11:07.263+0000] {base.py:84} INFO - Retrieving connection 'books_connection'
[2024-10-08T05:11:07.267+0000] {sql.py:509} INFO - Running statement: 
    INSERT INTO books (title, authors, price, rating)
    VALUES (%s, %s, %s, %s)
    , parameters: ('Data Pipelines Pocket Reference: Moving and Processing Data for Analytics', 'James Densmore', '17.', '4.5 out of 5 stars')
[2024-10-08T05:11:07.267+0000] {sql.py:518} INFO - Rows affected: 1
[2024-10-08T05:11:07.271+0000] {base.py:84} INFO - Retrieving connection 'books_connection'
[2024-10-08T05:11:07.274+0000] {sql.py:509} INFO - Running statement: 
    INSERT INTO books (title, authors, price, rating)
    VALUES (%s, %s, %s, %s)
    , parameters: ('Ace the Data Science Interview: 201 Real Interview Questions Asked By FAANG, Tech Startups, & Wall Street', 'Nick Singh', '42.', '4.5 out of 5 stars')
[2024-10-08T05:11:07.275+0000] {sql.py:518} INFO - Rows affected: 1
[2024-10-08T05:11:07.279+0000] {base.py:84} INFO - Retrieving connection 'books_connection'
[2024-10-08T05:11:07.282+0000] {sql.py:509} INFO - Running statement: 
    INSERT INTO books (title, authors, price, rating)
    VALUES (%s, %s, %s, %s)
    , parameters: ('Ace the Data Engineering Interview: Questions and Answers for Python, SQL, Data Modeling and More', 'Sean Coyne', '24.', '3.8 out of 5 stars')
[2024-10-08T05:11:07.283+0000] {sql.py:518} INFO - Rows affected: 1
[2024-10-08T05:11:07.287+0000] {base.py:84} INFO - Retrieving connection 'books_connection'
[2024-10-08T05:11:07.290+0000] {sql.py:509} INFO - Running statement: 
    INSERT INTO books (title, authors, price, rating)
    VALUES (%s, %s, %s, %s)
    , parameters: ('Data Engineering with Databricks Cookbook: Build effective data and AI solutions using Apache Spark, Databricks, and Delta Lake', 'Pulkit Chadha', '49.', '4.3 out of 5 stars')
[2024-10-08T05:11:07.291+0000] {sql.py:518} INFO - Rows affected: 1
[2024-10-08T05:11:07.295+0000] {base.py:84} INFO - Retrieving connection 'books_connection'
[2024-10-08T05:11:07.297+0000] {sql.py:509} INFO - Running statement: 
    INSERT INTO books (title, authors, price, rating)
    VALUES (%s, %s, %s, %s)
    , parameters: ('Software Engineering for Data Scientists: From Notebooks to Scalable Systems', 'Catherine Nelson', '51.', '4.4 out of 5 stars')
[2024-10-08T05:11:07.297+0000] {sql.py:518} INFO - Rows affected: 1
[2024-10-08T05:11:07.301+0000] {base.py:84} INFO - Retrieving connection 'books_connection'
[2024-10-08T05:11:07.304+0000] {sql.py:509} INFO - Running statement: 
    INSERT INTO books (title, authors, price, rating)
    VALUES (%s, %s, %s, %s)
    , parameters: ('Data Privacy: A runbook for engineers', 'Nishant Bhajaria', '35.', '4.8 out of 5 stars')
[2024-10-08T05:11:07.305+0000] {sql.py:518} INFO - Rows affected: 1
[2024-10-08T05:11:07.309+0000] {base.py:84} INFO - Retrieving connection 'books_connection'
[2024-10-08T05:11:07.311+0000] {sql.py:509} INFO - Running statement: 
    INSERT INTO books (title, authors, price, rating)
    VALUES (%s, %s, %s, %s)
    , parameters: ("Data: Principles To Practice - Volume 1 'Foundations': Essential Foundations: Key Concepts behind Data Architecture, Engineering and Analysis for Professionals", 'Mr Alex Holloway', '12.', '4.6 out of 5 stars')
[2024-10-08T05:11:07.312+0000] {sql.py:518} INFO - Rows affected: 1
[2024-10-08T05:11:07.316+0000] {base.py:84} INFO - Retrieving connection 'books_connection'
[2024-10-08T05:11:07.318+0000] {sql.py:509} INFO - Running statement: 
    INSERT INTO books (title, authors, price, rating)
    VALUES (%s, %s, %s, %s)
    , parameters: ('Python Data Engineering Resources: Forge Your Path to Success in Data Engineering, Machine Learning and AI', 'Vajo Lukic', '12.', '4.9 out of 5 stars')
[2024-10-08T05:11:07.319+0000] {sql.py:518} INFO - Rows affected: 1
[2024-10-08T05:11:07.323+0000] {base.py:84} INFO - Retrieving connection 'books_connection'
[2024-10-08T05:11:07.325+0000] {sql.py:509} INFO - Running statement: 
    INSERT INTO books (title, authors, price, rating)
    VALUES (%s, %s, %s, %s)
    , parameters: ('Build a Career in Data Science', 'Emily Robinson', '35.', '4.6 out of 5 stars')
[2024-10-08T05:11:07.326+0000] {sql.py:518} INFO - Rows affected: 1
[2024-10-08T05:11:07.330+0000] {base.py:84} INFO - Retrieving connection 'books_connection'
[2024-10-08T05:11:07.334+0000] {sql.py:509} INFO - Running statement: 
    INSERT INTO books (title, authors, price, rating)
    VALUES (%s, %s, %s, %s)
    , parameters: ('Data Engineering with dbt: A practical guide to building a cloud-based, pragmatic, and dependable data platform with SQL', 'Roberto Zagni', '37.', '4.6 out of 5 stars')
[2024-10-08T05:11:07.336+0000] {sql.py:518} INFO - Rows affected: 1
[2024-10-08T05:11:07.345+0000] {base.py:84} INFO - Retrieving connection 'books_connection'
[2024-10-08T05:11:07.349+0000] {sql.py:509} INFO - Running statement: 
    INSERT INTO books (title, authors, price, rating)
    VALUES (%s, %s, %s, %s)
    , parameters: ('Essentials of Data Engineering', 'Dr. Mukesh Saini', '19.', '5.0 out of 5 stars')
[2024-10-08T05:11:07.350+0000] {sql.py:518} INFO - Rows affected: 1
[2024-10-08T05:11:07.355+0000] {base.py:84} INFO - Retrieving connection 'books_connection'
[2024-10-08T05:11:07.359+0000] {sql.py:509} INFO - Running statement: 
    INSERT INTO books (title, authors, price, rating)
    VALUES (%s, %s, %s, %s)
    , parameters: ('Data Engineering with AWS: Learn how to design and build cloud-based data transformation pipelines using AWS', 'Gareth Eagar', '49.', '4.4 out of 5 stars')
[2024-10-08T05:11:07.360+0000] {sql.py:518} INFO - Rows affected: 1
[2024-10-08T05:11:07.366+0000] {base.py:84} INFO - Retrieving connection 'books_connection'
[2024-10-08T05:11:07.369+0000] {sql.py:509} INFO - Running statement: 
    INSERT INTO books (title, authors, price, rating)
    VALUES (%s, %s, %s, %s)
    , parameters: ('Data Engineering with Python cookbook: Learn to build efficient data pipelines using the Modern Cloud Data Stack', 'Adithyan Ramanujakootam', '32.', '5.0 out of 5 stars')
[2024-10-08T05:11:07.370+0000] {sql.py:518} INFO - Rows affected: 1
[2024-10-08T05:11:07.375+0000] {base.py:84} INFO - Retrieving connection 'books_connection'
[2024-10-08T05:11:07.378+0000] {sql.py:509} INFO - Running statement: 
    INSERT INTO books (title, authors, price, rating)
    VALUES (%s, %s, %s, %s)
    , parameters: ('Ultimate Azure Data Engineering: Build Robust Data Engineering Systems on Azure with SQL, ETL, Data Modeling, and Power BI for Business Insights and Crack Azure Certifications (English Edition)', 'Ashish Agarwal', '39.', '4.7 out of 5 stars')
[2024-10-08T05:11:07.379+0000] {sql.py:518} INFO - Rows affected: 1
[2024-10-08T05:11:07.384+0000] {base.py:84} INFO - Retrieving connection 'books_connection'
[2024-10-08T05:11:07.386+0000] {sql.py:509} INFO - Running statement: 
    INSERT INTO books (title, authors, price, rating)
    VALUES (%s, %s, %s, %s)
    , parameters: ('Data Engineering with Alteryx: Helping data engineers apply DataOps practices with Alteryx', 'Paul Houghton', '44.', '4.3 out of 5 stars')
[2024-10-08T05:11:07.387+0000] {sql.py:518} INFO - Rows affected: 1
[2024-10-08T05:11:07.391+0000] {base.py:84} INFO - Retrieving connection 'books_connection'
[2024-10-08T05:11:07.393+0000] {sql.py:509} INFO - Running statement: 
    INSERT INTO books (title, authors, price, rating)
    VALUES (%s, %s, %s, %s)
    , parameters: ("Data Quality Fundamentals: A Practitioner's Guide to Building Trustworthy Data Pipelines", 'Paperback', '45.', '4.1 out of 5 stars')
[2024-10-08T05:11:07.395+0000] {sql.py:518} INFO - Rows affected: 1
[2024-10-08T05:11:07.399+0000] {base.py:84} INFO - Retrieving connection 'books_connection'
[2024-10-08T05:11:07.405+0000] {sql.py:509} INFO - Running statement: 
    INSERT INTO books (title, authors, price, rating)
    VALUES (%s, %s, %s, %s)
    , parameters: ('Data Engineering with Google Cloud Platform: A practical guide to operationalizing scalable data analytics systems on GCP', 'Adi Wijaya', '41.', '4.7 out of 5 stars')
[2024-10-08T05:11:07.407+0000] {sql.py:518} INFO - Rows affected: 1
[2024-10-08T05:11:07.417+0000] {base.py:84} INFO - Retrieving connection 'books_connection'
[2024-10-08T05:11:07.422+0000] {sql.py:509} INFO - Running statement: 
    INSERT INTO books (title, authors, price, rating)
    VALUES (%s, %s, %s, %s)
    , parameters: ('DATA ENGINEERING AND AI FOR BEGINNERS: Revolutionizing Data Processing and Analytics by Leveraging Artificial Intelligence for Efficient Input Collection, Storage, and Transformation (World of AI)', 'Paperback', '13.', '4.3 out of 5 stars')
[2024-10-08T05:11:07.423+0000] {sql.py:518} INFO - Rows affected: 1
[2024-10-08T05:11:07.429+0000] {base.py:84} INFO - Retrieving connection 'books_connection'
[2024-10-08T05:11:07.433+0000] {sql.py:509} INFO - Running statement: 
    INSERT INTO books (title, authors, price, rating)
    VALUES (%s, %s, %s, %s)
    , parameters: ('Data Engineering with Apache Spark, Delta Lake, and Lakehouse: Create scalable pipelines that ingest, curate, and aggregate complex data in a timely and secure way', 'Manoj Kukreja', '46.', '3.9 out of 5 stars')
[2024-10-08T05:11:07.434+0000] {sql.py:518} INFO - Rows affected: 1
[2024-10-08T05:11:07.439+0000] {base.py:84} INFO - Retrieving connection 'books_connection'
[2024-10-08T05:11:07.442+0000] {sql.py:509} INFO - Running statement: 
    INSERT INTO books (title, authors, price, rating)
    VALUES (%s, %s, %s, %s)
    , parameters: ('Data-Driven Science and Engineering: Machine Learning, Dynamical Systems, and Control', 'Steven L. Brunton', '64.', '4.8 out of 5 stars')
[2024-10-08T05:11:07.443+0000] {sql.py:518} INFO - Rows affected: 1
[2024-10-08T05:11:07.449+0000] {base.py:84} INFO - Retrieving connection 'books_connection'
[2024-10-08T05:11:07.454+0000] {sql.py:509} INFO - Running statement: 
    INSERT INTO books (title, authors, price, rating)
    VALUES (%s, %s, %s, %s)
    , parameters: ('Data Engineering with Google Cloud Platform: A guide to leveling up as a data engineer by building a scalable data platform with Google Cloud', 'Adi Wijaya', '40.', '4.8 out of 5 stars')
[2024-10-08T05:11:07.455+0000] {sql.py:518} INFO - Rows affected: 1
[2024-10-08T05:11:07.464+0000] {base.py:84} INFO - Retrieving connection 'books_connection'
[2024-10-08T05:11:07.471+0000] {sql.py:509} INFO - Running statement: 
    INSERT INTO books (title, authors, price, rating)
    VALUES (%s, %s, %s, %s)
    , parameters: ('97 Things Every Data Engineer Should Know: Collective Wisdom from the Experts', 'Tobias Macey', '28.', '4.1 out of 5 stars')
[2024-10-08T05:11:07.474+0000] {sql.py:518} INFO - Rows affected: 1
[2024-10-08T05:11:07.482+0000] {base.py:84} INFO - Retrieving connection 'books_connection'
[2024-10-08T05:11:07.488+0000] {sql.py:509} INFO - Running statement: 
    INSERT INTO books (title, authors, price, rating)
    VALUES (%s, %s, %s, %s)
    , parameters: ('Analytics Engineering with SQL and dbt: Building Meaningful Data Models at Scale', 'Rui Pedro Machado', '41.', '3.9 out of 5 stars')
[2024-10-08T05:11:07.491+0000] {sql.py:518} INFO - Rows affected: 1
[2024-10-08T05:11:07.497+0000] {base.py:84} INFO - Retrieving connection 'books_connection'
[2024-10-08T05:11:07.501+0000] {sql.py:509} INFO - Running statement: 
    INSERT INTO books (title, authors, price, rating)
    VALUES (%s, %s, %s, %s)
    , parameters: ('Data Engineering with Scala and Spark: Build streaming and batch pipelines that process massive amounts of data using Scala', 'Eric Tome', '29.', '4.1 out of 5 stars')
[2024-10-08T05:11:07.502+0000] {sql.py:518} INFO - Rows affected: 1
[2024-10-08T05:11:07.507+0000] {base.py:84} INFO - Retrieving connection 'books_connection'
[2024-10-08T05:11:07.510+0000] {sql.py:509} INFO - Running statement: 
    INSERT INTO books (title, authors, price, rating)
    VALUES (%s, %s, %s, %s)
    , parameters: ('Storytelling with Data: A Data Visualization Guide for Business Professionals', 'Cole Nussbaumer Knaflic', '27.', '4.6 out of 5 stars')
[2024-10-08T05:11:07.511+0000] {sql.py:518} INFO - Rows affected: 1
[2024-10-08T05:11:07.517+0000] {base.py:84} INFO - Retrieving connection 'books_connection'
[2024-10-08T05:11:07.520+0000] {sql.py:509} INFO - Running statement: 
    INSERT INTO books (title, authors, price, rating)
    VALUES (%s, %s, %s, %s)
    , parameters: ('Data Mesh: Delivering Data-Driven Value at Scale', 'Zhamak Dehghani', '43.', '4.5 out of 5 stars')
[2024-10-08T05:11:07.521+0000] {sql.py:518} INFO - Rows affected: 1
[2024-10-08T05:11:07.525+0000] {base.py:84} INFO - Retrieving connection 'books_connection'
[2024-10-08T05:11:07.529+0000] {sql.py:509} INFO - Running statement: 
    INSERT INTO books (title, authors, price, rating)
    VALUES (%s, %s, %s, %s)
    , parameters: ('Data Engineering 101', 'Kindle', '0.', '3.9 out of 5 stars')
[2024-10-08T05:11:07.529+0000] {sql.py:518} INFO - Rows affected: 1
[2024-10-08T05:11:07.534+0000] {base.py:84} INFO - Retrieving connection 'books_connection'
[2024-10-08T05:11:07.537+0000] {sql.py:509} INFO - Running statement: 
    INSERT INTO books (title, authors, price, rating)
    VALUES (%s, %s, %s, %s)
    , parameters: ('Data Modeling with Snowflake: A practical guide to accelerating Snowflake development using universal data modeling techniques', 'Serge Gershkovich', '36.', '4.8 out of 5 stars')
[2024-10-08T05:11:07.538+0000] {sql.py:518} INFO - Rows affected: 1
[2024-10-08T05:11:07.545+0000] {base.py:84} INFO - Retrieving connection 'books_connection'
[2024-10-08T05:11:07.552+0000] {sql.py:509} INFO - Running statement: 
    INSERT INTO books (title, authors, price, rating)
    VALUES (%s, %s, %s, %s)
    , parameters: ('Official Google Cloud Certified Professional Data Engineer Study Guide', 'Dan Sullivan', '33.', '4.5 out of 5 stars')
[2024-10-08T05:11:07.553+0000] {sql.py:518} INFO - Rows affected: 1
[2024-10-08T05:11:07.566+0000] {base.py:84} INFO - Retrieving connection 'books_connection'
[2024-10-08T05:11:07.577+0000] {sql.py:509} INFO - Running statement: 
    INSERT INTO books (title, authors, price, rating)
    VALUES (%s, %s, %s, %s)
    , parameters: ('Machine Learning Engineering', 'Andriy Burkov', '39.', '4.7 out of 5 stars')
[2024-10-08T05:11:07.578+0000] {sql.py:518} INFO - Rows affected: 1
[2024-10-08T05:11:07.587+0000] {base.py:84} INFO - Retrieving connection 'books_connection'
[2024-10-08T05:11:07.593+0000] {sql.py:509} INFO - Running statement: 
    INSERT INTO books (title, authors, price, rating)
    VALUES (%s, %s, %s, %s)
    , parameters: ('Fundamentals of Data Observability: Implement Trustworthy End-to-End Data Solutions', 'Andy Petrella', '36.', '4.0 out of 5 stars')
[2024-10-08T05:11:07.596+0000] {sql.py:518} INFO - Rows affected: 1
[2024-10-08T05:11:07.604+0000] {base.py:84} INFO - Retrieving connection 'books_connection'
[2024-10-08T05:11:07.608+0000] {sql.py:509} INFO - Running statement: 
    INSERT INTO books (title, authors, price, rating)
    VALUES (%s, %s, %s, %s)
    , parameters: ('Modern Data Engineering with Apache Spark: A Hands-On Guide for Building Mission-Critical Streaming Applications', 'Scott Haines', '29.', '4.1 out of 5 stars')
[2024-10-08T05:11:07.611+0000] {sql.py:518} INFO - Rows affected: 1
[2024-10-08T05:11:07.682+0000] {base.py:84} INFO - Retrieving connection 'books_connection'
[2024-10-08T05:11:07.691+0000] {sql.py:509} INFO - Running statement: 
    INSERT INTO books (title, authors, price, rating)
    VALUES (%s, %s, %s, %s)
    , parameters: ('Python Feature Engineering Cookbook: A complete guide to crafting powerful features for your machine learning models', 'Soledad Galli', '44.', '5.0 out of 5 stars')
[2024-10-08T05:11:07.694+0000] {sql.py:518} INFO - Rows affected: 1
[2024-10-08T05:11:07.701+0000] {base.py:84} INFO - Retrieving connection 'books_connection'
[2024-10-08T05:11:07.705+0000] {sql.py:509} INFO - Running statement: 
    INSERT INTO books (title, authors, price, rating)
    VALUES (%s, %s, %s, %s)
    , parameters: ('Data Engineering with Databricks', 'Kindle', '0.', '3.4 out of 5 stars')
[2024-10-08T05:11:07.706+0000] {sql.py:518} INFO - Rows affected: 1
[2024-10-08T05:11:07.714+0000] {base.py:84} INFO - Retrieving connection 'books_connection'
[2024-10-08T05:11:07.717+0000] {sql.py:509} INFO - Running statement: 
    INSERT INTO books (title, authors, price, rating)
    VALUES (%s, %s, %s, %s)
    , parameters: ('Azure Data Factory by Example: Practical Implementation for Data Engineers', 'Richard Swinbank', '33.', '4.2 out of 5 stars')
[2024-10-08T05:11:07.718+0000] {sql.py:518} INFO - Rows affected: 1
[2024-10-08T05:11:07.723+0000] {base.py:84} INFO - Retrieving connection 'books_connection'
[2024-10-08T05:11:07.725+0000] {sql.py:509} INFO - Running statement: 
    INSERT INTO books (title, authors, price, rating)
    VALUES (%s, %s, %s, %s)
    , parameters: ('Data Quality Engineering in Financial Services: Applying Manufacturing Techniques to Data', 'Brian Buzzelli', '30.', '4.4 out of 5 stars')
[2024-10-08T05:11:07.726+0000] {sql.py:518} INFO - Rows affected: 1
[2024-10-08T05:11:07.730+0000] {base.py:84} INFO - Retrieving connection 'books_connection'
[2024-10-08T05:11:07.733+0000] {sql.py:509} INFO - Running statement: 
    INSERT INTO books (title, authors, price, rating)
    VALUES (%s, %s, %s, %s)
    , parameters: ('Prompt Engineering for Generative AI: Future-Proof Inputs for Reliable AI Outputs', 'James Phoenix', '53.', '4.5 out of 5 stars')
[2024-10-08T05:11:07.733+0000] {sql.py:518} INFO - Rows affected: 1
[2024-10-08T05:11:07.738+0000] {base.py:84} INFO - Retrieving connection 'books_connection'
[2024-10-08T05:11:07.741+0000] {sql.py:509} INFO - Running statement: 
    INSERT INTO books (title, authors, price, rating)
    VALUES (%s, %s, %s, %s)
    , parameters: ('Data Observability for Data Engineering: Proactive strategies for ensuring data accuracy and addressing broken data pipelines', 'Michele Pinto', '18.', '3.7 out of 5 stars')
[2024-10-08T05:11:07.742+0000] {sql.py:518} INFO - Rows affected: 1
[2024-10-08T05:11:07.746+0000] {base.py:84} INFO - Retrieving connection 'books_connection'
[2024-10-08T05:11:07.749+0000] {sql.py:509} INFO - Running statement: 
    INSERT INTO books (title, authors, price, rating)
    VALUES (%s, %s, %s, %s)
    , parameters: ('Better Data Visualizations: A Guide for Scholars, Researchers, and Wonks', 'Jonathan Schwabish', '26.', '4.5 out of 5 stars')
[2024-10-08T05:11:07.751+0000] {sql.py:518} INFO - Rows affected: 1
[2024-10-08T05:11:07.753+0000] {python.py:240} INFO - Done. Returned value was: None
[2024-10-08T05:11:07.774+0000] {taskinstance.py:340} INFO - ::group::Post task execution logs
[2024-10-08T05:11:07.775+0000] {taskinstance.py:352} INFO - Marking task as SUCCESS. dag_id=fetch_and_store_amazon_books, task_id=insert_book_data, run_id=scheduled__2024-07-09T00:00:00+00:00, execution_date=20240709T000000, start_date=20241008T051106, end_date=20241008T051107
[2024-10-08T05:11:07.786+0000] {logging_mixin.py:190} INFO - Task instance in success state
[2024-10-08T05:11:07.787+0000] {logging_mixin.py:190} INFO -  Previous state of the Task instance: running
[2024-10-08T05:11:07.787+0000] {logging_mixin.py:190} INFO - Dag name:fetch_and_store_amazon_books queued_at:2024-10-08 05:10:56.455807+00:00
[2024-10-08T05:11:07.788+0000] {logging_mixin.py:190} INFO - Task hostname:a344f6bef387 operator:PythonOperator
[2024-10-08T05:11:07.809+0000] {local_task_job_runner.py:261} INFO - Task exited with return code 0
[2024-10-08T05:11:07.856+0000] {taskinstance.py:3891} INFO - 0 downstream tasks scheduled from follow-on schedule check
[2024-10-08T05:11:07.858+0000] {local_task_job_runner.py:240} INFO - ::endgroup::
