[2024-10-08T05:43:39.496+0000] {local_task_job_runner.py:123} INFO - ::group::Pre task execution logs
[2024-10-08T05:43:39.504+0000] {taskinstance.py:2603} INFO - Dependencies all met for dep_context=non-requeueable deps ti=<TaskInstance: fetch_and_store_amazon_books.create_table scheduled__2024-08-16T00:00:00+00:00 [queued]>
[2024-10-08T05:43:39.508+0000] {taskinstance.py:2603} INFO - Dependencies all met for dep_context=requeueable deps ti=<TaskInstance: fetch_and_store_amazon_books.create_table scheduled__2024-08-16T00:00:00+00:00 [queued]>
[2024-10-08T05:43:39.508+0000] {taskinstance.py:2856} INFO - Starting attempt 1 of 2
[2024-10-08T05:43:39.513+0000] {taskinstance.py:2879} INFO - Executing <Task(PostgresOperator): create_table> on 2024-08-16 00:00:00+00:00
[2024-10-08T05:43:39.518+0000] {warnings.py:112} WARNING - /home/***/.local/lib/python3.12/site-packages/***/task/task_runner/standard_task_runner.py:70: DeprecationWarning: This process (pid=83) is multi-threaded, use of fork() may lead to deadlocks in the child.
  pid = os.fork()

[2024-10-08T05:43:39.519+0000] {standard_task_runner.py:72} INFO - Started process 85 to run task
[2024-10-08T05:43:39.520+0000] {standard_task_runner.py:104} INFO - Running: ['***', 'tasks', 'run', 'fetch_and_store_amazon_books', 'create_table', 'scheduled__2024-08-16T00:00:00+00:00', '--job-id', '317', '--raw', '--subdir', 'DAGS_FOLDER/app.py', '--cfg-path', '/tmp/tmp9mdbznhf']
[2024-10-08T05:43:39.521+0000] {standard_task_runner.py:105} INFO - Job 317: Subtask create_table
[2024-10-08T05:43:39.552+0000] {task_command.py:467} INFO - Running <TaskInstance: fetch_and_store_amazon_books.create_table scheduled__2024-08-16T00:00:00+00:00 [running]> on host 475658bd4f83
[2024-10-08T05:43:39.605+0000] {taskinstance.py:3122} INFO - Exporting env vars: AIRFLOW_CTX_DAG_OWNER='***' AIRFLOW_CTX_DAG_ID='fetch_and_store_amazon_books' AIRFLOW_CTX_TASK_ID='create_table' AIRFLOW_CTX_EXECUTION_DATE='2024-08-16T00:00:00+00:00' AIRFLOW_CTX_TRY_NUMBER='1' AIRFLOW_CTX_DAG_RUN_ID='scheduled__2024-08-16T00:00:00+00:00'
[2024-10-08T05:43:39.606+0000] {logging_mixin.py:190} INFO - Task instance is in running state
[2024-10-08T05:43:39.606+0000] {logging_mixin.py:190} INFO -  Previous state of the Task instance: queued
[2024-10-08T05:43:39.606+0000] {logging_mixin.py:190} INFO - Current task name:create_table state:running start_date:2024-10-08 05:43:39.504912+00:00
[2024-10-08T05:43:39.607+0000] {logging_mixin.py:190} INFO - Dag name:fetch_and_store_amazon_books and current dag run status:running
[2024-10-08T05:43:39.607+0000] {taskinstance.py:731} INFO - ::endgroup::
[2024-10-08T05:43:39.607+0000] {sql.py:282} INFO - Executing: 
    CREATE TABLE IF NOT EXISTS books (
        id SERIAL PRIMARY KEY,
        title TEXT NOT NULL,
        authors TEXT,
        price TEXT,
        rating TEXT
    );
    
[2024-10-08T05:43:39.611+0000] {base.py:84} INFO - Retrieving connection 'books_connection'
[2024-10-08T05:43:39.615+0000] {base.py:84} INFO - Retrieving connection 'books_connection'
[2024-10-08T05:43:39.617+0000] {sql.py:509} INFO - Running statement: 
    CREATE TABLE IF NOT EXISTS books (
        id SERIAL PRIMARY KEY,
        title TEXT NOT NULL,
        authors TEXT,
        price TEXT,
        rating TEXT
    );
    , parameters: None
[2024-10-08T05:43:39.621+0000] {taskinstance.py:340} INFO - ::group::Post task execution logs
[2024-10-08T05:43:39.622+0000] {taskinstance.py:352} INFO - Marking task as SUCCESS. dag_id=fetch_and_store_amazon_books, task_id=create_table, run_id=scheduled__2024-08-16T00:00:00+00:00, execution_date=20240816T000000, start_date=20241008T054339, end_date=20241008T054339
[2024-10-08T05:43:39.625+0000] {logging_mixin.py:190} INFO - Task instance in success state
[2024-10-08T05:43:39.626+0000] {logging_mixin.py:190} INFO -  Previous state of the Task instance: running
[2024-10-08T05:43:39.626+0000] {logging_mixin.py:190} INFO - Dag name:fetch_and_store_amazon_books queued_at:2024-10-08 05:25:43.223642+00:00
[2024-10-08T05:43:39.626+0000] {logging_mixin.py:190} INFO - Task hostname:475658bd4f83 operator:PostgresOperator
[2024-10-08T05:43:39.665+0000] {local_task_job_runner.py:261} INFO - Task exited with return code 0
[2024-10-08T05:43:39.681+0000] {warnings.py:112} WARNING - /home/***/.local/lib/python3.12/site-packages/***/models/baseoperator.py:1378: AirflowProviderDeprecationWarning: Call to deprecated class PostgresOperator. (Please use `***.providers.common.sql.operators.sql.SQLExecuteQueryOperator`.Also, you can provide `hook_params={'schema': <database>}`.)
  result = cls.__new__(cls)

[2024-10-08T05:43:39.698+0000] {taskinstance.py:3891} INFO - 1 downstream tasks scheduled from follow-on schedule check
[2024-10-08T05:43:39.704+0000] {local_task_job_runner.py:240} INFO - ::endgroup::
