[2024-10-08T05:30:53.373+0000] {local_task_job_runner.py:123} INFO - ::group::Pre task execution logs
[2024-10-08T05:30:53.429+0000] {taskinstance.py:2603} INFO - Dependencies all met for dep_context=non-requeueable deps ti=<TaskInstance: fetch_and_store_amazon_books.insert_book_data scheduled__2024-09-08T00:00:00+00:00 [queued]>
[2024-10-08T05:30:53.457+0000] {taskinstance.py:2603} INFO - Dependencies all met for dep_context=requeueable deps ti=<TaskInstance: fetch_and_store_amazon_books.insert_book_data scheduled__2024-09-08T00:00:00+00:00 [queued]>
[2024-10-08T05:30:53.458+0000] {taskinstance.py:2856} INFO - Starting attempt 1 of 2
[2024-10-08T05:30:53.494+0000] {taskinstance.py:2879} INFO - Executing <Task(PythonOperator): insert_book_data> on 2024-09-08 00:00:00+00:00
[2024-10-08T05:30:53.518+0000] {warnings.py:112} WARNING - /home/***/.local/lib/python3.12/site-packages/***/task/task_runner/standard_task_runner.py:70: DeprecationWarning: This process (pid=421) is multi-threaded, use of fork() may lead to deadlocks in the child.
  pid = os.fork()

[2024-10-08T05:30:53.522+0000] {standard_task_runner.py:72} INFO - Started process 425 to run task
[2024-10-08T05:30:53.526+0000] {standard_task_runner.py:104} INFO - Running: ['***', 'tasks', 'run', 'fetch_and_store_amazon_books', 'insert_book_data', 'scheduled__2024-09-08T00:00:00+00:00', '--job-id', '199', '--raw', '--subdir', 'DAGS_FOLDER/app.py', '--cfg-path', '/tmp/tmpax2_hch_']
[2024-10-08T05:30:53.528+0000] {standard_task_runner.py:105} INFO - Job 199: Subtask insert_book_data
[2024-10-08T05:30:53.621+0000] {task_command.py:467} INFO - Running <TaskInstance: fetch_and_store_amazon_books.insert_book_data scheduled__2024-09-08T00:00:00+00:00 [running]> on host 475658bd4f83
[2024-10-08T05:30:53.781+0000] {taskinstance.py:3122} INFO - Exporting env vars: AIRFLOW_CTX_DAG_OWNER='***' AIRFLOW_CTX_DAG_ID='fetch_and_store_amazon_books' AIRFLOW_CTX_TASK_ID='insert_book_data' AIRFLOW_CTX_EXECUTION_DATE='2024-09-08T00:00:00+00:00' AIRFLOW_CTX_TRY_NUMBER='1' AIRFLOW_CTX_DAG_RUN_ID='scheduled__2024-09-08T00:00:00+00:00'
[2024-10-08T05:30:53.783+0000] {logging_mixin.py:190} INFO - Task instance is in running state
[2024-10-08T05:30:53.784+0000] {logging_mixin.py:190} INFO -  Previous state of the Task instance: queued
[2024-10-08T05:30:53.784+0000] {logging_mixin.py:190} INFO - Current task name:insert_book_data state:running start_date:2024-10-08 05:30:53.431502+00:00
[2024-10-08T05:30:53.785+0000] {logging_mixin.py:190} INFO - Dag name:fetch_and_store_amazon_books and current dag run status:running
[2024-10-08T05:30:53.786+0000] {taskinstance.py:731} INFO - ::endgroup::
[2024-10-08T05:30:53.824+0000] {base.py:84} INFO - Retrieving connection 'books_connection'
[2024-10-08T05:30:53.833+0000] {sql.py:509} INFO - Running statement: 
    INSERT INTO books (title, authors, price, rating)
    VALUES (%s, %s, %s, %s)
    , parameters: ('Data Engineering with AWS - Second Edition: Acquire the skills to design and build AWS-based data transformation pipelines like a pro', 'Gareth Eagar', '41.', '4.4 out of 5 stars')
[2024-10-08T05:30:53.838+0000] {sql.py:518} INFO - Rows affected: 1
[2024-10-08T05:30:53.848+0000] {base.py:84} INFO - Retrieving connection 'books_connection'
[2024-10-08T05:30:53.855+0000] {sql.py:509} INFO - Running statement: 
    INSERT INTO books (title, authors, price, rating)
    VALUES (%s, %s, %s, %s)
    , parameters: ('Azure Data Engineer Associate Certification Guide: Ace the DP-203 exam with advanced data engineering skills', 'Giacinto Palmieri', '49.', '4.4 out of 5 stars')
[2024-10-08T05:30:53.857+0000] {sql.py:518} INFO - Rows affected: 1
[2024-10-08T05:30:53.869+0000] {base.py:84} INFO - Retrieving connection 'books_connection'
[2024-10-08T05:30:53.875+0000] {sql.py:509} INFO - Running statement: 
    INSERT INTO books (title, authors, price, rating)
    VALUES (%s, %s, %s, %s)
    , parameters: ("Azure Data Factory Cookbook: A data engineer's guide to building and managing ETL and ELT pipelines with data integration", 'Dmitry Foshin', '51.', '4.2 out of 5 stars')
[2024-10-08T05:30:53.878+0000] {sql.py:518} INFO - Rows affected: 1
[2024-10-08T05:30:53.900+0000] {base.py:84} INFO - Retrieving connection 'books_connection'
[2024-10-08T05:30:53.912+0000] {sql.py:509} INFO - Running statement: 
    INSERT INTO books (title, authors, price, rating)
    VALUES (%s, %s, %s, %s)
    , parameters: ('Fundamentals of Data Engineering: Plan and Build Robust Data Systems', 'Joe Reis', '25.', '4.7 out of 5 stars')
[2024-10-08T05:30:53.914+0000] {sql.py:518} INFO - Rows affected: 1
[2024-10-08T05:30:53.925+0000] {base.py:84} INFO - Retrieving connection 'books_connection'
[2024-10-08T05:30:53.929+0000] {sql.py:509} INFO - Running statement: 
    INSERT INTO books (title, authors, price, rating)
    VALUES (%s, %s, %s, %s)
    , parameters: ('Designing Data-Intensive Applications: The Big Ideas Behind Reliable, Scalable, and Maintainable Systems', 'Martin Kleppmann', '55.', '4.7 out of 5 stars')
[2024-10-08T05:30:53.931+0000] {sql.py:518} INFO - Rows affected: 1
[2024-10-08T05:30:53.950+0000] {base.py:84} INFO - Retrieving connection 'books_connection'
[2024-10-08T05:30:53.966+0000] {sql.py:509} INFO - Running statement: 
    INSERT INTO books (title, authors, price, rating)
    VALUES (%s, %s, %s, %s)
    , parameters: ('Fundamentals of Data Analytics: Learn Essential Skills, Embrace the Future, and Catapult Your Career in the Data-Driven World—A Comprehensive Guide to Data Literacy for Beginners', 'Russell Dawson', '17.', '4.8 out of 5 stars')
[2024-10-08T05:30:53.969+0000] {sql.py:518} INFO - Rows affected: 1
[2024-10-08T05:30:53.982+0000] {base.py:84} INFO - Retrieving connection 'books_connection'
[2024-10-08T05:30:53.990+0000] {sql.py:509} INFO - Running statement: 
    INSERT INTO books (title, authors, price, rating)
    VALUES (%s, %s, %s, %s)
    , parameters: ("Ultimate Data Engineering with Databricks: Develop Scalable Data Pipelines Using Data Engineering's Core Tenets Such as Delta Tables, Ingestion, ... Security, and Scalability (English Edition)", 'Mayank Malhotra', '37.', '4.1 out of 5 stars')
[2024-10-08T05:30:53.991+0000] {sql.py:518} INFO - Rows affected: 1
[2024-10-08T05:30:54.002+0000] {base.py:84} INFO - Retrieving connection 'books_connection'
[2024-10-08T05:30:54.012+0000] {sql.py:509} INFO - Running statement: 
    INSERT INTO books (title, authors, price, rating)
    VALUES (%s, %s, %s, %s)
    , parameters: ('Data Analysis with Python and PySpark', 'Jonathan Rioux', '55.', '4.4 out of 5 stars')
[2024-10-08T05:30:54.015+0000] {sql.py:518} INFO - Rows affected: 1
[2024-10-08T05:30:54.031+0000] {base.py:84} INFO - Retrieving connection 'books_connection'
[2024-10-08T05:30:54.041+0000] {sql.py:509} INFO - Running statement: 
    INSERT INTO books (title, authors, price, rating)
    VALUES (%s, %s, %s, %s)
    , parameters: ('Data Engineering with Python: Work with massive datasets to design data models and automate data pipelines using Python', 'Paul Crickard', '37.', '4.1 out of 5 stars')
[2024-10-08T05:30:54.043+0000] {sql.py:518} INFO - Rows affected: 1
[2024-10-08T05:30:54.065+0000] {base.py:84} INFO - Retrieving connection 'books_connection'
[2024-10-08T05:30:54.071+0000] {sql.py:509} INFO - Running statement: 
    INSERT INTO books (title, authors, price, rating)
    VALUES (%s, %s, %s, %s)
    , parameters: ('Cracking the Data Engineering Interview: Land your dream job with the help of resume-building tips, over 100 mock questions, and a unique portfolio', 'Kedeisha Bryan', '26.', '4.4 out of 5 stars')
[2024-10-08T05:30:54.076+0000] {sql.py:518} INFO - Rows affected: 1
[2024-10-08T05:30:54.090+0000] {base.py:84} INFO - Retrieving connection 'books_connection'
[2024-10-08T05:30:54.109+0000] {sql.py:509} INFO - Running statement: 
    INSERT INTO books (title, authors, price, rating)
    VALUES (%s, %s, %s, %s)
    , parameters: ('Data Pipelines Pocket Reference: Moving and Processing Data for Analytics', 'James Densmore', '17.', '4.5 out of 5 stars')
[2024-10-08T05:30:54.116+0000] {sql.py:518} INFO - Rows affected: 1
[2024-10-08T05:30:54.136+0000] {base.py:84} INFO - Retrieving connection 'books_connection'
[2024-10-08T05:30:54.144+0000] {sql.py:509} INFO - Running statement: 
    INSERT INTO books (title, authors, price, rating)
    VALUES (%s, %s, %s, %s)
    , parameters: ('Ace the Data Science Interview: 201 Real Interview Questions Asked By FAANG, Tech Startups, & Wall Street', 'Nick Singh', '42.', '4.5 out of 5 stars')
[2024-10-08T05:30:54.149+0000] {sql.py:518} INFO - Rows affected: 1
[2024-10-08T05:30:54.168+0000] {base.py:84} INFO - Retrieving connection 'books_connection'
[2024-10-08T05:30:54.176+0000] {sql.py:509} INFO - Running statement: 
    INSERT INTO books (title, authors, price, rating)
    VALUES (%s, %s, %s, %s)
    , parameters: ('Ace the Data Engineering Interview: Questions and Answers for Python, SQL, Data Modeling and More', 'Sean Coyne', '24.', '3.8 out of 5 stars')
[2024-10-08T05:30:54.180+0000] {sql.py:518} INFO - Rows affected: 1
[2024-10-08T05:30:54.200+0000] {base.py:84} INFO - Retrieving connection 'books_connection'
[2024-10-08T05:30:54.212+0000] {sql.py:509} INFO - Running statement: 
    INSERT INTO books (title, authors, price, rating)
    VALUES (%s, %s, %s, %s)
    , parameters: ('Data Engineering with Databricks Cookbook: Build effective data and AI solutions using Apache Spark, Databricks, and Delta Lake', 'Pulkit Chadha', '49.', '4.3 out of 5 stars')
[2024-10-08T05:30:54.223+0000] {sql.py:518} INFO - Rows affected: 1
[2024-10-08T05:30:54.247+0000] {base.py:84} INFO - Retrieving connection 'books_connection'
[2024-10-08T05:30:54.257+0000] {sql.py:509} INFO - Running statement: 
    INSERT INTO books (title, authors, price, rating)
    VALUES (%s, %s, %s, %s)
    , parameters: ('Software Engineering for Data Scientists: From Notebooks to Scalable Systems', 'Catherine Nelson', '51.', '4.4 out of 5 stars')
[2024-10-08T05:30:54.260+0000] {sql.py:518} INFO - Rows affected: 1
[2024-10-08T05:30:54.275+0000] {base.py:84} INFO - Retrieving connection 'books_connection'
[2024-10-08T05:30:54.282+0000] {sql.py:509} INFO - Running statement: 
    INSERT INTO books (title, authors, price, rating)
    VALUES (%s, %s, %s, %s)
    , parameters: ('Data Engineering with dbt: A practical guide to building a cloud-based, pragmatic, and dependable data platform with SQL', 'Roberto Zagni', '37.', '4.6 out of 5 stars')
[2024-10-08T05:30:54.285+0000] {sql.py:518} INFO - Rows affected: 1
[2024-10-08T05:30:54.315+0000] {base.py:84} INFO - Retrieving connection 'books_connection'
[2024-10-08T05:30:54.331+0000] {sql.py:509} INFO - Running statement: 
    INSERT INTO books (title, authors, price, rating)
    VALUES (%s, %s, %s, %s)
    , parameters: ('Python Data Engineering Resources: Forge Your Path to Success in Data Engineering, Machine Learning and AI', 'Vajo Lukic', '0.', '4.9 out of 5 stars')
[2024-10-08T05:30:54.340+0000] {sql.py:518} INFO - Rows affected: 1
[2024-10-08T05:30:54.355+0000] {base.py:84} INFO - Retrieving connection 'books_connection'
[2024-10-08T05:30:54.364+0000] {sql.py:509} INFO - Running statement: 
    INSERT INTO books (title, authors, price, rating)
    VALUES (%s, %s, %s, %s)
    , parameters: ('Essentials of Data Engineering', 'Dr. Mukesh Saini', '19.', '5.0 out of 5 stars')
[2024-10-08T05:30:54.371+0000] {sql.py:518} INFO - Rows affected: 1
[2024-10-08T05:30:54.393+0000] {base.py:84} INFO - Retrieving connection 'books_connection'
[2024-10-08T05:30:54.407+0000] {sql.py:509} INFO - Running statement: 
    INSERT INTO books (title, authors, price, rating)
    VALUES (%s, %s, %s, %s)
    , parameters: ('Data Engineering with AWS: Learn how to design and build cloud-based data transformation pipelines using AWS', 'Gareth Eagar', '49.', '4.4 out of 5 stars')
[2024-10-08T05:30:54.412+0000] {sql.py:518} INFO - Rows affected: 1
[2024-10-08T05:30:54.425+0000] {base.py:84} INFO - Retrieving connection 'books_connection'
[2024-10-08T05:30:54.439+0000] {sql.py:509} INFO - Running statement: 
    INSERT INTO books (title, authors, price, rating)
    VALUES (%s, %s, %s, %s)
    , parameters: ('Data Engineering with Python cookbook: Learn to build efficient data pipelines using the Modern Cloud Data Stack', 'Adithyan Ramanujakootam', '32.', '5.0 out of 5 stars')
[2024-10-08T05:30:54.447+0000] {sql.py:518} INFO - Rows affected: 1
[2024-10-08T05:30:54.472+0000] {base.py:84} INFO - Retrieving connection 'books_connection'
[2024-10-08T05:30:54.487+0000] {sql.py:509} INFO - Running statement: 
    INSERT INTO books (title, authors, price, rating)
    VALUES (%s, %s, %s, %s)
    , parameters: ("Data Quality Fundamentals: A Practitioner's Guide to Building Trustworthy Data Pipelines", 'Paperback', '45.', '4.1 out of 5 stars')
[2024-10-08T05:30:54.494+0000] {sql.py:518} INFO - Rows affected: 1
[2024-10-08T05:30:54.550+0000] {base.py:84} INFO - Retrieving connection 'books_connection'
[2024-10-08T05:30:54.562+0000] {sql.py:509} INFO - Running statement: 
    INSERT INTO books (title, authors, price, rating)
    VALUES (%s, %s, %s, %s)
    , parameters: ('Data Engineering with Google Cloud Platform: A practical guide to operationalizing scalable data analytics systems on GCP', 'Adi Wijaya', '41.', '4.7 out of 5 stars')
[2024-10-08T05:30:54.564+0000] {sql.py:518} INFO - Rows affected: 1
[2024-10-08T05:30:54.583+0000] {base.py:84} INFO - Retrieving connection 'books_connection'
[2024-10-08T05:30:54.601+0000] {sql.py:509} INFO - Running statement: 
    INSERT INTO books (title, authors, price, rating)
    VALUES (%s, %s, %s, %s)
    , parameters: ('DATA ENGINEERING AND AI FOR BEGINNERS: Revolutionizing Data Processing and Analytics by Leveraging Artificial Intelligence for Efficient Input Collection, Storage, and Transformation (World of AI)', 'Paperback', '13.', '4.3 out of 5 stars')
[2024-10-08T05:30:54.606+0000] {sql.py:518} INFO - Rows affected: 1
[2024-10-08T05:30:54.626+0000] {base.py:84} INFO - Retrieving connection 'books_connection'
[2024-10-08T05:30:54.635+0000] {sql.py:509} INFO - Running statement: 
    INSERT INTO books (title, authors, price, rating)
    VALUES (%s, %s, %s, %s)
    , parameters: ('Fundamentals of Data Engineering: A Comprehensive Guide to Designing, Building, and Managing Data Pipelines, Storage Solutions, and Processing Frameworks.', 'Paperback', '14.', '5.0 out of 5 stars')
[2024-10-08T05:30:54.639+0000] {sql.py:518} INFO - Rows affected: 1
[2024-10-08T05:30:54.660+0000] {base.py:84} INFO - Retrieving connection 'books_connection'
[2024-10-08T05:30:54.672+0000] {sql.py:509} INFO - Running statement: 
    INSERT INTO books (title, authors, price, rating)
    VALUES (%s, %s, %s, %s)
    , parameters: ('Data Privacy: A runbook for engineers', 'Nishant Bhajaria', '35.', '4.8 out of 5 stars')
[2024-10-08T05:30:54.681+0000] {sql.py:518} INFO - Rows affected: 1
[2024-10-08T05:30:54.706+0000] {base.py:84} INFO - Retrieving connection 'books_connection'
[2024-10-08T05:30:54.714+0000] {sql.py:509} INFO - Running statement: 
    INSERT INTO books (title, authors, price, rating)
    VALUES (%s, %s, %s, %s)
    , parameters: ('Data Engineering Fundamentals for Beginners: Mastering the Art of Building, Managing, and Scaling Data Systems', 'Paperback', '14.', '5.0 out of 5 stars')
[2024-10-08T05:30:54.718+0000] {sql.py:518} INFO - Rows affected: 1
[2024-10-08T05:30:54.739+0000] {base.py:84} INFO - Retrieving connection 'books_connection'
[2024-10-08T05:30:54.754+0000] {sql.py:509} INFO - Running statement: 
    INSERT INTO books (title, authors, price, rating)
    VALUES (%s, %s, %s, %s)
    , parameters: ("Engineering Data Mesh in Azure Cloud: Implement data mesh using Microsoft Azure's Cloud Adoption Framework", 'Paperback', '47.', '4.5 out of 5 stars')
[2024-10-08T05:30:54.760+0000] {sql.py:518} INFO - Rows affected: 1
[2024-10-08T05:30:54.777+0000] {base.py:84} INFO - Retrieving connection 'books_connection'
[2024-10-08T05:30:54.784+0000] {sql.py:509} INFO - Running statement: 
    INSERT INTO books (title, authors, price, rating)
    VALUES (%s, %s, %s, %s)
    , parameters: ('Data Engineering with Apache Spark, Delta Lake, and Lakehouse: Create scalable pipelines that ingest, curate, and aggregate complex data in a timely and secure way', 'Manoj Kukreja', '46.', '3.9 out of 5 stars')
[2024-10-08T05:30:54.786+0000] {sql.py:518} INFO - Rows affected: 1
[2024-10-08T05:30:54.800+0000] {base.py:84} INFO - Retrieving connection 'books_connection'
[2024-10-08T05:30:54.809+0000] {sql.py:509} INFO - Running statement: 
    INSERT INTO books (title, authors, price, rating)
    VALUES (%s, %s, %s, %s)
    , parameters: ('Data-Driven Science and Engineering: Machine Learning, Dynamical Systems, and Control', 'Steven L. Brunton', '64.', '4.8 out of 5 stars')
[2024-10-08T05:30:54.812+0000] {sql.py:518} INFO - Rows affected: 1
[2024-10-08T05:30:54.824+0000] {base.py:84} INFO - Retrieving connection 'books_connection'
[2024-10-08T05:30:54.831+0000] {sql.py:509} INFO - Running statement: 
    INSERT INTO books (title, authors, price, rating)
    VALUES (%s, %s, %s, %s)
    , parameters: ('Data Engineering with Google Cloud Platform: A guide to leveling up as a data engineer by building a scalable data platform with Google Cloud', 'Adi Wijaya', '40.', '4.8 out of 5 stars')
[2024-10-08T05:30:54.834+0000] {sql.py:518} INFO - Rows affected: 1
[2024-10-08T05:30:54.855+0000] {base.py:84} INFO - Retrieving connection 'books_connection'
[2024-10-08T05:30:54.863+0000] {sql.py:509} INFO - Running statement: 
    INSERT INTO books (title, authors, price, rating)
    VALUES (%s, %s, %s, %s)
    , parameters: ("Data: Principles To Practice - Volume 1 'Foundations': Essential Foundations: Key Concepts behind Data Architecture, Engineering and Analysis for Professionals", 'Mr Alex Holloway', '12.', '4.6 out of 5 stars')
[2024-10-08T05:30:54.865+0000] {sql.py:518} INFO - Rows affected: 1
[2024-10-08T05:30:54.884+0000] {base.py:84} INFO - Retrieving connection 'books_connection'
[2024-10-08T05:30:54.892+0000] {sql.py:509} INFO - Running statement: 
    INSERT INTO books (title, authors, price, rating)
    VALUES (%s, %s, %s, %s)
    , parameters: ('97 Things Every Data Engineer Should Know: Collective Wisdom from the Experts', 'Tobias Macey', '28.', '4.1 out of 5 stars')
[2024-10-08T05:30:54.896+0000] {sql.py:518} INFO - Rows affected: 1
[2024-10-08T05:30:54.909+0000] {base.py:84} INFO - Retrieving connection 'books_connection'
[2024-10-08T05:30:54.916+0000] {sql.py:509} INFO - Running statement: 
    INSERT INTO books (title, authors, price, rating)
    VALUES (%s, %s, %s, %s)
    , parameters: ('Analytics Engineering with SQL and dbt: Building Meaningful Data Models at Scale', 'Rui Pedro Machado', '41.', '3.9 out of 5 stars')
[2024-10-08T05:30:54.917+0000] {sql.py:518} INFO - Rows affected: 1
[2024-10-08T05:30:54.930+0000] {base.py:84} INFO - Retrieving connection 'books_connection'
[2024-10-08T05:30:54.938+0000] {sql.py:509} INFO - Running statement: 
    INSERT INTO books (title, authors, price, rating)
    VALUES (%s, %s, %s, %s)
    , parameters: ('Data Engineering with Scala and Spark: Build streaming and batch pipelines that process massive amounts of data using Scala', 'Eric Tome', '29.', '4.1 out of 5 stars')
[2024-10-08T05:30:54.944+0000] {sql.py:518} INFO - Rows affected: 1
[2024-10-08T05:30:54.981+0000] {base.py:84} INFO - Retrieving connection 'books_connection'
[2024-10-08T05:30:54.990+0000] {sql.py:509} INFO - Running statement: 
    INSERT INTO books (title, authors, price, rating)
    VALUES (%s, %s, %s, %s)
    , parameters: ('Storytelling with Data: A Data Visualization Guide for Business Professionals', 'Cole Nussbaumer Knaflic', '27.', '4.6 out of 5 stars')
[2024-10-08T05:30:54.993+0000] {sql.py:518} INFO - Rows affected: 1
[2024-10-08T05:30:55.014+0000] {base.py:84} INFO - Retrieving connection 'books_connection'
[2024-10-08T05:30:55.026+0000] {sql.py:509} INFO - Running statement: 
    INSERT INTO books (title, authors, price, rating)
    VALUES (%s, %s, %s, %s)
    , parameters: ('Data Mesh: Delivering Data-Driven Value at Scale', 'Zhamak Dehghani', '43.', '4.5 out of 5 stars')
[2024-10-08T05:30:55.033+0000] {sql.py:518} INFO - Rows affected: 1
[2024-10-08T05:30:55.047+0000] {base.py:84} INFO - Retrieving connection 'books_connection'
[2024-10-08T05:30:55.057+0000] {sql.py:509} INFO - Running statement: 
    INSERT INTO books (title, authors, price, rating)
    VALUES (%s, %s, %s, %s)
    , parameters: ('Data Engineering 101', 'Kindle', '0.', '3.9 out of 5 stars')
[2024-10-08T05:30:55.060+0000] {sql.py:518} INFO - Rows affected: 1
[2024-10-08T05:30:55.069+0000] {base.py:84} INFO - Retrieving connection 'books_connection'
[2024-10-08T05:30:55.076+0000] {sql.py:509} INFO - Running statement: 
    INSERT INTO books (title, authors, price, rating)
    VALUES (%s, %s, %s, %s)
    , parameters: ('Data Modeling with Snowflake: A practical guide to accelerating Snowflake development using universal data modeling techniques', 'Serge Gershkovich', '36.', '4.8 out of 5 stars')
[2024-10-08T05:30:55.078+0000] {sql.py:518} INFO - Rows affected: 1
[2024-10-08T05:30:55.093+0000] {base.py:84} INFO - Retrieving connection 'books_connection'
[2024-10-08T05:30:55.110+0000] {sql.py:509} INFO - Running statement: 
    INSERT INTO books (title, authors, price, rating)
    VALUES (%s, %s, %s, %s)
    , parameters: ('Official Google Cloud Certified Professional Data Engineer Study Guide', 'Dan Sullivan', '33.', '4.5 out of 5 stars')
[2024-10-08T05:30:55.118+0000] {sql.py:518} INFO - Rows affected: 1
[2024-10-08T05:30:55.136+0000] {base.py:84} INFO - Retrieving connection 'books_connection'
[2024-10-08T05:30:55.152+0000] {sql.py:509} INFO - Running statement: 
    INSERT INTO books (title, authors, price, rating)
    VALUES (%s, %s, %s, %s)
    , parameters: ('Machine Learning Engineering', 'Andriy Burkov', '39.', '4.7 out of 5 stars')
[2024-10-08T05:30:55.159+0000] {sql.py:518} INFO - Rows affected: 1
[2024-10-08T05:30:55.181+0000] {base.py:84} INFO - Retrieving connection 'books_connection'
[2024-10-08T05:30:55.192+0000] {sql.py:509} INFO - Running statement: 
    INSERT INTO books (title, authors, price, rating)
    VALUES (%s, %s, %s, %s)
    , parameters: ('Fundamentals of Data Observability: Implement Trustworthy End-to-End Data Solutions', 'Andy Petrella', '36.', '4.0 out of 5 stars')
[2024-10-08T05:30:55.193+0000] {sql.py:518} INFO - Rows affected: 1
[2024-10-08T05:30:55.224+0000] {base.py:84} INFO - Retrieving connection 'books_connection'
[2024-10-08T05:30:55.243+0000] {sql.py:509} INFO - Running statement: 
    INSERT INTO books (title, authors, price, rating)
    VALUES (%s, %s, %s, %s)
    , parameters: ('Modern Data Engineering with Apache Spark: A Hands-On Guide for Building Mission-Critical Streaming Applications', 'Scott Haines', '28.', '4.1 out of 5 stars')
[2024-10-08T05:30:55.248+0000] {sql.py:518} INFO - Rows affected: 1
[2024-10-08T05:30:55.259+0000] {base.py:84} INFO - Retrieving connection 'books_connection'
[2024-10-08T05:30:55.267+0000] {sql.py:509} INFO - Running statement: 
    INSERT INTO books (title, authors, price, rating)
    VALUES (%s, %s, %s, %s)
    , parameters: ('Python Feature Engineering Cookbook: A complete guide to crafting powerful features for your machine learning models', 'Soledad Galli', '44.', '5.0 out of 5 stars')
[2024-10-08T05:30:55.270+0000] {sql.py:518} INFO - Rows affected: 1
[2024-10-08T05:30:55.291+0000] {base.py:84} INFO - Retrieving connection 'books_connection'
[2024-10-08T05:30:55.298+0000] {sql.py:509} INFO - Running statement: 
    INSERT INTO books (title, authors, price, rating)
    VALUES (%s, %s, %s, %s)
    , parameters: ('Data Engineering with Databricks', 'Kindle', '0.', '3.4 out of 5 stars')
[2024-10-08T05:30:55.302+0000] {sql.py:518} INFO - Rows affected: 1
[2024-10-08T05:30:55.318+0000] {base.py:84} INFO - Retrieving connection 'books_connection'
[2024-10-08T05:30:55.327+0000] {sql.py:509} INFO - Running statement: 
    INSERT INTO books (title, authors, price, rating)
    VALUES (%s, %s, %s, %s)
    , parameters: ('Azure Data Factory by Example: Practical Implementation for Data Engineers', 'Richard Swinbank', '33.', '4.2 out of 5 stars')
[2024-10-08T05:30:55.328+0000] {sql.py:518} INFO - Rows affected: 1
[2024-10-08T05:30:55.339+0000] {base.py:84} INFO - Retrieving connection 'books_connection'
[2024-10-08T05:30:55.345+0000] {sql.py:509} INFO - Running statement: 
    INSERT INTO books (title, authors, price, rating)
    VALUES (%s, %s, %s, %s)
    , parameters: ('Data Quality Engineering in Financial Services: Applying Manufacturing Techniques to Data', 'Brian Buzzelli', '30.', '4.4 out of 5 stars')
[2024-10-08T05:30:55.348+0000] {sql.py:518} INFO - Rows affected: 1
[2024-10-08T05:30:55.364+0000] {base.py:84} INFO - Retrieving connection 'books_connection'
[2024-10-08T05:30:55.371+0000] {sql.py:509} INFO - Running statement: 
    INSERT INTO books (title, authors, price, rating)
    VALUES (%s, %s, %s, %s)
    , parameters: ('Prompt Engineering for Generative AI: Future-Proof Inputs for Reliable AI Outputs', 'James Phoenix', '53.', '4.5 out of 5 stars')
[2024-10-08T05:30:55.375+0000] {sql.py:518} INFO - Rows affected: 1
[2024-10-08T05:30:55.391+0000] {base.py:84} INFO - Retrieving connection 'books_connection'
[2024-10-08T05:30:55.398+0000] {sql.py:509} INFO - Running statement: 
    INSERT INTO books (title, authors, price, rating)
    VALUES (%s, %s, %s, %s)
    , parameters: ('Data Observability for Data Engineering: Proactive strategies for ensuring data accuracy and addressing broken data pipelines', 'Michele Pinto', '18.', '3.7 out of 5 stars')
[2024-10-08T05:30:55.405+0000] {sql.py:518} INFO - Rows affected: 1
[2024-10-08T05:30:55.420+0000] {base.py:84} INFO - Retrieving connection 'books_connection'
[2024-10-08T05:30:55.427+0000] {sql.py:509} INFO - Running statement: 
    INSERT INTO books (title, authors, price, rating)
    VALUES (%s, %s, %s, %s)
    , parameters: ('Better Data Visualizations: A Guide for Scholars, Researchers, and Wonks', 'Jonathan Schwabish', '26.', '4.5 out of 5 stars')
[2024-10-08T05:30:55.431+0000] {sql.py:518} INFO - Rows affected: 1
[2024-10-08T05:30:55.456+0000] {base.py:84} INFO - Retrieving connection 'books_connection'
[2024-10-08T05:30:55.463+0000] {sql.py:509} INFO - Running statement: 
    INSERT INTO books (title, authors, price, rating)
    VALUES (%s, %s, %s, %s)
    , parameters: ("Applied Machine Learning and AI for Engineers: Solve Business Problems That Can't Be Solved Algorithmically", 'Jeff Prosise', '69.', '4.5 out of 5 stars')
[2024-10-08T05:30:55.465+0000] {sql.py:518} INFO - Rows affected: 1
[2024-10-08T05:30:55.467+0000] {python.py:240} INFO - Done. Returned value was: None
[2024-10-08T05:30:55.489+0000] {taskinstance.py:340} INFO - ::group::Post task execution logs
[2024-10-08T05:30:55.489+0000] {taskinstance.py:352} INFO - Marking task as SUCCESS. dag_id=fetch_and_store_amazon_books, task_id=insert_book_data, run_id=scheduled__2024-09-08T00:00:00+00:00, execution_date=20240908T000000, start_date=20241008T053053, end_date=20241008T053055
[2024-10-08T05:30:55.506+0000] {logging_mixin.py:190} INFO - Task instance in success state
[2024-10-08T05:30:55.508+0000] {logging_mixin.py:190} INFO -  Previous state of the Task instance: running
[2024-10-08T05:30:55.509+0000] {logging_mixin.py:190} INFO - Dag name:fetch_and_store_amazon_books queued_at:2024-10-08 05:30:14.067088+00:00
[2024-10-08T05:30:55.509+0000] {logging_mixin.py:190} INFO - Task hostname:475658bd4f83 operator:PythonOperator
[2024-10-08T05:30:55.559+0000] {local_task_job_runner.py:261} INFO - Task exited with return code 0
[2024-10-08T05:30:55.613+0000] {taskinstance.py:3891} INFO - 0 downstream tasks scheduled from follow-on schedule check
[2024-10-08T05:30:55.614+0000] {local_task_job_runner.py:240} INFO - ::endgroup::
