[2024-10-08T05:29:26.694+0000] {local_task_job_runner.py:123} INFO - ::group::Pre task execution logs
[2024-10-08T05:29:26.752+0000] {taskinstance.py:2603} INFO - Dependencies all met for dep_context=non-requeueable deps ti=<TaskInstance: fetch_and_store_amazon_books.insert_book_data scheduled__2024-08-25T00:00:00+00:00 [queued]>
[2024-10-08T05:29:26.781+0000] {taskinstance.py:2603} INFO - Dependencies all met for dep_context=requeueable deps ti=<TaskInstance: fetch_and_store_amazon_books.insert_book_data scheduled__2024-08-25T00:00:00+00:00 [queued]>
[2024-10-08T05:29:26.783+0000] {taskinstance.py:2856} INFO - Starting attempt 1 of 2
[2024-10-08T05:29:26.835+0000] {taskinstance.py:2879} INFO - Executing <Task(PythonOperator): insert_book_data> on 2024-08-25 00:00:00+00:00
[2024-10-08T05:29:26.868+0000] {warnings.py:112} WARNING - /home/***/.local/lib/python3.12/site-packages/***/task/task_runner/standard_task_runner.py:70: DeprecationWarning: This process (pid=251) is multi-threaded, use of fork() may lead to deadlocks in the child.
  pid = os.fork()

[2024-10-08T05:29:26.879+0000] {standard_task_runner.py:72} INFO - Started process 260 to run task
[2024-10-08T05:29:26.881+0000] {standard_task_runner.py:104} INFO - Running: ['***', 'tasks', 'run', 'fetch_and_store_amazon_books', 'insert_book_data', 'scheduled__2024-08-25T00:00:00+00:00', '--job-id', '162', '--raw', '--subdir', 'DAGS_FOLDER/app.py', '--cfg-path', '/tmp/tmph09p0yca']
[2024-10-08T05:29:26.889+0000] {standard_task_runner.py:105} INFO - Job 162: Subtask insert_book_data
[2024-10-08T05:29:27.630+0000] {task_command.py:467} INFO - Running <TaskInstance: fetch_and_store_amazon_books.insert_book_data scheduled__2024-08-25T00:00:00+00:00 [running]> on host 475658bd4f83
[2024-10-08T05:29:27.924+0000] {taskinstance.py:3122} INFO - Exporting env vars: AIRFLOW_CTX_DAG_OWNER='***' AIRFLOW_CTX_DAG_ID='fetch_and_store_amazon_books' AIRFLOW_CTX_TASK_ID='insert_book_data' AIRFLOW_CTX_EXECUTION_DATE='2024-08-25T00:00:00+00:00' AIRFLOW_CTX_TRY_NUMBER='1' AIRFLOW_CTX_DAG_RUN_ID='scheduled__2024-08-25T00:00:00+00:00'
[2024-10-08T05:29:27.935+0000] {logging_mixin.py:190} INFO - Task instance is in running state
[2024-10-08T05:29:27.938+0000] {logging_mixin.py:190} INFO -  Previous state of the Task instance: queued
[2024-10-08T05:29:27.939+0000] {logging_mixin.py:190} INFO - Current task name:insert_book_data state:running start_date:2024-10-08 05:29:26.753725+00:00
[2024-10-08T05:29:27.939+0000] {logging_mixin.py:190} INFO - Dag name:fetch_and_store_amazon_books and current dag run status:running
[2024-10-08T05:29:27.940+0000] {taskinstance.py:731} INFO - ::endgroup::
[2024-10-08T05:29:28.009+0000] {base.py:84} INFO - Retrieving connection 'books_connection'
[2024-10-08T05:29:28.027+0000] {sql.py:509} INFO - Running statement: 
    INSERT INTO books (title, authors, price, rating)
    VALUES (%s, %s, %s, %s)
    , parameters: ('Data Engineering with AWS - Second Edition: Acquire the skills to design and build AWS-based data transformation pipelines like a pro', 'Gareth Eagar', '41.', '4.4 out of 5 stars')
[2024-10-08T05:29:28.031+0000] {sql.py:518} INFO - Rows affected: 1
[2024-10-08T05:29:28.050+0000] {base.py:84} INFO - Retrieving connection 'books_connection'
[2024-10-08T05:29:28.082+0000] {sql.py:509} INFO - Running statement: 
    INSERT INTO books (title, authors, price, rating)
    VALUES (%s, %s, %s, %s)
    , parameters: ('Azure Data Engineer Associate Certification Guide: Ace the DP-203 exam with advanced data engineering skills', 'Giacinto Palmieri', '49.', '4.4 out of 5 stars')
[2024-10-08T05:29:28.088+0000] {sql.py:518} INFO - Rows affected: 1
[2024-10-08T05:29:28.115+0000] {base.py:84} INFO - Retrieving connection 'books_connection'
[2024-10-08T05:29:28.123+0000] {sql.py:509} INFO - Running statement: 
    INSERT INTO books (title, authors, price, rating)
    VALUES (%s, %s, %s, %s)
    , parameters: ("Azure Data Factory Cookbook: A data engineer's guide to building and managing ETL and ELT pipelines with data integration", 'Dmitry Foshin', '51.', '4.2 out of 5 stars')
[2024-10-08T05:29:28.130+0000] {sql.py:518} INFO - Rows affected: 1
[2024-10-08T05:29:28.147+0000] {base.py:84} INFO - Retrieving connection 'books_connection'
[2024-10-08T05:29:28.155+0000] {sql.py:509} INFO - Running statement: 
    INSERT INTO books (title, authors, price, rating)
    VALUES (%s, %s, %s, %s)
    , parameters: ('Fundamentals of Data Engineering: Plan and Build Robust Data Systems', 'Joe Reis', '25.', '4.7 out of 5 stars')
[2024-10-08T05:29:28.157+0000] {sql.py:518} INFO - Rows affected: 1
[2024-10-08T05:29:28.174+0000] {base.py:84} INFO - Retrieving connection 'books_connection'
[2024-10-08T05:29:28.183+0000] {sql.py:509} INFO - Running statement: 
    INSERT INTO books (title, authors, price, rating)
    VALUES (%s, %s, %s, %s)
    , parameters: ('Designing Data-Intensive Applications: The Big Ideas Behind Reliable, Scalable, and Maintainable Systems', 'Martin Kleppmann', '55.', '4.7 out of 5 stars')
[2024-10-08T05:29:28.185+0000] {sql.py:518} INFO - Rows affected: 1
[2024-10-08T05:29:28.197+0000] {base.py:84} INFO - Retrieving connection 'books_connection'
[2024-10-08T05:29:28.203+0000] {sql.py:509} INFO - Running statement: 
    INSERT INTO books (title, authors, price, rating)
    VALUES (%s, %s, %s, %s)
    , parameters: ('Fundamentals of Data Analytics: Learn Essential Skills, Embrace the Future, and Catapult Your Career in the Data-Driven World—A Comprehensive Guide to Data Literacy for Beginners', 'Russell Dawson', '17.', '4.8 out of 5 stars')
[2024-10-08T05:29:28.206+0000] {sql.py:518} INFO - Rows affected: 1
[2024-10-08T05:29:28.218+0000] {base.py:84} INFO - Retrieving connection 'books_connection'
[2024-10-08T05:29:28.233+0000] {sql.py:509} INFO - Running statement: 
    INSERT INTO books (title, authors, price, rating)
    VALUES (%s, %s, %s, %s)
    , parameters: ("Ultimate Data Engineering with Databricks: Develop Scalable Data Pipelines Using Data Engineering's Core Tenets Such as Delta Tables, Ingestion, ... Security, and Scalability (English Edition)", 'Mayank Malhotra', '37.', '4.1 out of 5 stars')
[2024-10-08T05:29:28.236+0000] {sql.py:518} INFO - Rows affected: 1
[2024-10-08T05:29:28.254+0000] {base.py:84} INFO - Retrieving connection 'books_connection'
[2024-10-08T05:29:28.262+0000] {sql.py:509} INFO - Running statement: 
    INSERT INTO books (title, authors, price, rating)
    VALUES (%s, %s, %s, %s)
    , parameters: ('Data Engineering with Python: Work with massive datasets to design data models and automate data pipelines using Python', 'Paul Crickard', '37.', '4.1 out of 5 stars')
[2024-10-08T05:29:28.264+0000] {sql.py:518} INFO - Rows affected: 1
[2024-10-08T05:29:28.272+0000] {base.py:84} INFO - Retrieving connection 'books_connection'
[2024-10-08T05:29:28.279+0000] {sql.py:509} INFO - Running statement: 
    INSERT INTO books (title, authors, price, rating)
    VALUES (%s, %s, %s, %s)
    , parameters: ('Cracking the Data Engineering Interview: Land your dream job with the help of resume-building tips, over 100 mock questions, and a unique portfolio', 'Kedeisha Bryan', '26.', '4.4 out of 5 stars')
[2024-10-08T05:29:28.281+0000] {sql.py:518} INFO - Rows affected: 1
[2024-10-08T05:29:28.288+0000] {base.py:84} INFO - Retrieving connection 'books_connection'
[2024-10-08T05:29:28.292+0000] {sql.py:509} INFO - Running statement: 
    INSERT INTO books (title, authors, price, rating)
    VALUES (%s, %s, %s, %s)
    , parameters: ('Data Pipelines Pocket Reference: Moving and Processing Data for Analytics', 'James Densmore', '17.', '4.5 out of 5 stars')
[2024-10-08T05:29:28.294+0000] {sql.py:518} INFO - Rows affected: 1
[2024-10-08T05:29:28.304+0000] {base.py:84} INFO - Retrieving connection 'books_connection'
[2024-10-08T05:29:28.309+0000] {sql.py:509} INFO - Running statement: 
    INSERT INTO books (title, authors, price, rating)
    VALUES (%s, %s, %s, %s)
    , parameters: ('Ace the Data Science Interview: 201 Real Interview Questions Asked By FAANG, Tech Startups, & Wall Street', 'Nick Singh', '42.', '4.5 out of 5 stars')
[2024-10-08T05:29:28.311+0000] {sql.py:518} INFO - Rows affected: 1
[2024-10-08T05:29:28.335+0000] {base.py:84} INFO - Retrieving connection 'books_connection'
[2024-10-08T05:29:28.345+0000] {sql.py:509} INFO - Running statement: 
    INSERT INTO books (title, authors, price, rating)
    VALUES (%s, %s, %s, %s)
    , parameters: ('Ace the Data Engineering Interview: Questions and Answers for Python, SQL, Data Modeling and More', 'Sean Coyne', '24.', '3.8 out of 5 stars')
[2024-10-08T05:29:28.348+0000] {sql.py:518} INFO - Rows affected: 1
[2024-10-08T05:29:28.358+0000] {base.py:84} INFO - Retrieving connection 'books_connection'
[2024-10-08T05:29:28.363+0000] {sql.py:509} INFO - Running statement: 
    INSERT INTO books (title, authors, price, rating)
    VALUES (%s, %s, %s, %s)
    , parameters: ('Data Engineering with Databricks Cookbook: Build effective data and AI solutions using Apache Spark, Databricks, and Delta Lake', 'Pulkit Chadha', '49.', '4.3 out of 5 stars')
[2024-10-08T05:29:28.366+0000] {sql.py:518} INFO - Rows affected: 1
[2024-10-08T05:29:28.374+0000] {base.py:84} INFO - Retrieving connection 'books_connection'
[2024-10-08T05:29:28.378+0000] {sql.py:509} INFO - Running statement: 
    INSERT INTO books (title, authors, price, rating)
    VALUES (%s, %s, %s, %s)
    , parameters: ('Software Engineering for Data Scientists: From Notebooks to Scalable Systems', 'Catherine Nelson', '51.', '4.4 out of 5 stars')
[2024-10-08T05:29:28.380+0000] {sql.py:518} INFO - Rows affected: 1
[2024-10-08T05:29:28.388+0000] {base.py:84} INFO - Retrieving connection 'books_connection'
[2024-10-08T05:29:28.392+0000] {sql.py:509} INFO - Running statement: 
    INSERT INTO books (title, authors, price, rating)
    VALUES (%s, %s, %s, %s)
    , parameters: ('Data Engineering with dbt: A practical guide to building a cloud-based, pragmatic, and dependable data platform with SQL', 'Roberto Zagni', '37.', '4.6 out of 5 stars')
[2024-10-08T05:29:28.393+0000] {sql.py:518} INFO - Rows affected: 1
[2024-10-08T05:29:28.412+0000] {base.py:84} INFO - Retrieving connection 'books_connection'
[2024-10-08T05:29:28.425+0000] {sql.py:509} INFO - Running statement: 
    INSERT INTO books (title, authors, price, rating)
    VALUES (%s, %s, %s, %s)
    , parameters: ("Data: Principles To Practice - Volume 1 'Foundations': Essential Foundations: Key Concepts behind Data Architecture, Engineering and Analysis for Professionals", 'Mr Alex Holloway', '12.', '4.6 out of 5 stars')
[2024-10-08T05:29:28.428+0000] {sql.py:518} INFO - Rows affected: 1
[2024-10-08T05:29:28.443+0000] {base.py:84} INFO - Retrieving connection 'books_connection'
[2024-10-08T05:29:28.448+0000] {sql.py:509} INFO - Running statement: 
    INSERT INTO books (title, authors, price, rating)
    VALUES (%s, %s, %s, %s)
    , parameters: ('Getting Started with DuckDB: A practical guide for accelerating your data science, data analytics, and data engineering workflows', 'Simon Aubury', '54.', '5.0 out of 5 stars')
[2024-10-08T05:29:28.451+0000] {sql.py:518} INFO - Rows affected: 1
[2024-10-08T05:29:28.462+0000] {base.py:84} INFO - Retrieving connection 'books_connection'
[2024-10-08T05:29:28.468+0000] {sql.py:509} INFO - Running statement: 
    INSERT INTO books (title, authors, price, rating)
    VALUES (%s, %s, %s, %s)
    , parameters: ('Essentials of Data Engineering', 'Dr. Mukesh Saini', '19.', '5.0 out of 5 stars')
[2024-10-08T05:29:28.469+0000] {sql.py:518} INFO - Rows affected: 1
[2024-10-08T05:29:28.479+0000] {base.py:84} INFO - Retrieving connection 'books_connection'
[2024-10-08T05:29:28.483+0000] {sql.py:509} INFO - Running statement: 
    INSERT INTO books (title, authors, price, rating)
    VALUES (%s, %s, %s, %s)
    , parameters: ('Data Engineering with AWS: Learn how to design and build cloud-based data transformation pipelines using AWS', 'Gareth Eagar', '49.', '4.4 out of 5 stars')
[2024-10-08T05:29:28.484+0000] {sql.py:518} INFO - Rows affected: 1
[2024-10-08T05:29:28.491+0000] {base.py:84} INFO - Retrieving connection 'books_connection'
[2024-10-08T05:29:28.495+0000] {sql.py:509} INFO - Running statement: 
    INSERT INTO books (title, authors, price, rating)
    VALUES (%s, %s, %s, %s)
    , parameters: ('Data Engineering with Python cookbook: Learn to build efficient data pipelines using the Modern Cloud Data Stack', 'Adithyan Ramanujakootam', '32.', '5.0 out of 5 stars')
[2024-10-08T05:29:28.497+0000] {sql.py:518} INFO - Rows affected: 1
[2024-10-08T05:29:28.505+0000] {base.py:84} INFO - Retrieving connection 'books_connection'
[2024-10-08T05:29:28.508+0000] {sql.py:509} INFO - Running statement: 
    INSERT INTO books (title, authors, price, rating)
    VALUES (%s, %s, %s, %s)
    , parameters: ("Data Quality Fundamentals: A Practitioner's Guide to Building Trustworthy Data Pipelines", 'Paperback', '45.', '4.1 out of 5 stars')
[2024-10-08T05:29:28.511+0000] {sql.py:518} INFO - Rows affected: 1
[2024-10-08T05:29:28.517+0000] {base.py:84} INFO - Retrieving connection 'books_connection'
[2024-10-08T05:29:28.535+0000] {sql.py:509} INFO - Running statement: 
    INSERT INTO books (title, authors, price, rating)
    VALUES (%s, %s, %s, %s)
    , parameters: ('Fundamentals of Data Engineering: A Comprehensive Guide to Designing, Building, and Managing Data Pipelines, Storage Solutions, and Processing Frameworks.', 'Paperback', '14.', '5.0 out of 5 stars')
[2024-10-08T05:29:28.538+0000] {sql.py:518} INFO - Rows affected: 1
[2024-10-08T05:29:28.552+0000] {base.py:84} INFO - Retrieving connection 'books_connection'
[2024-10-08T05:29:28.557+0000] {sql.py:509} INFO - Running statement: 
    INSERT INTO books (title, authors, price, rating)
    VALUES (%s, %s, %s, %s)
    , parameters: ('Data Privacy: A runbook for engineers', 'Nishant Bhajaria', '35.', '4.8 out of 5 stars')
[2024-10-08T05:29:28.559+0000] {sql.py:518} INFO - Rows affected: 1
[2024-10-08T05:29:28.569+0000] {base.py:84} INFO - Retrieving connection 'books_connection'
[2024-10-08T05:29:28.574+0000] {sql.py:509} INFO - Running statement: 
    INSERT INTO books (title, authors, price, rating)
    VALUES (%s, %s, %s, %s)
    , parameters: ('Data Engineering Fundamentals for Beginners: Mastering the Art of Building, Managing, and Scaling Data Systems', 'Paperback', '14.', '5.0 out of 5 stars')
[2024-10-08T05:29:28.576+0000] {sql.py:518} INFO - Rows affected: 1
[2024-10-08T05:29:28.582+0000] {base.py:84} INFO - Retrieving connection 'books_connection'
[2024-10-08T05:29:28.585+0000] {sql.py:509} INFO - Running statement: 
    INSERT INTO books (title, authors, price, rating)
    VALUES (%s, %s, %s, %s)
    , parameters: ('Data Engineering with Google Cloud Platform: A practical guide to operationalizing scalable data analytics systems on GCP', 'Adi Wijaya', '41.', '4.7 out of 5 stars')
[2024-10-08T05:29:28.586+0000] {sql.py:518} INFO - Rows affected: 1
[2024-10-08T05:29:28.591+0000] {base.py:84} INFO - Retrieving connection 'books_connection'
[2024-10-08T05:29:28.594+0000] {sql.py:509} INFO - Running statement: 
    INSERT INTO books (title, authors, price, rating)
    VALUES (%s, %s, %s, %s)
    , parameters: ('DATA ENGINEERING AND AI FOR BEGINNERS: Revolutionizing Data Processing and Analytics by Leveraging Artificial Intelligence for Efficient Input Collection, Storage, and Transformation (World of AI)', 'Paperback', '13.', '4.3 out of 5 stars')
[2024-10-08T05:29:28.595+0000] {sql.py:518} INFO - Rows affected: 1
[2024-10-08T05:29:28.600+0000] {base.py:84} INFO - Retrieving connection 'books_connection'
[2024-10-08T05:29:28.603+0000] {sql.py:509} INFO - Running statement: 
    INSERT INTO books (title, authors, price, rating)
    VALUES (%s, %s, %s, %s)
    , parameters: ("Engineering Data Mesh in Azure Cloud: Implement data mesh using Microsoft Azure's Cloud Adoption Framework", 'Paperback', '47.', '4.5 out of 5 stars')
[2024-10-08T05:29:28.604+0000] {sql.py:518} INFO - Rows affected: 1
[2024-10-08T05:29:28.610+0000] {base.py:84} INFO - Retrieving connection 'books_connection'
[2024-10-08T05:29:28.613+0000] {sql.py:509} INFO - Running statement: 
    INSERT INTO books (title, authors, price, rating)
    VALUES (%s, %s, %s, %s)
    , parameters: ('Data Engineering with Apache Spark, Delta Lake, and Lakehouse: Create scalable pipelines that ingest, curate, and aggregate complex data in a timely and secure way', 'Manoj Kukreja', '46.', '3.9 out of 5 stars')
[2024-10-08T05:29:28.614+0000] {sql.py:518} INFO - Rows affected: 1
[2024-10-08T05:29:28.620+0000] {base.py:84} INFO - Retrieving connection 'books_connection'
[2024-10-08T05:29:28.625+0000] {sql.py:509} INFO - Running statement: 
    INSERT INTO books (title, authors, price, rating)
    VALUES (%s, %s, %s, %s)
    , parameters: ('Data-Driven Science and Engineering: Machine Learning, Dynamical Systems, and Control', 'Steven L. Brunton', '64.', '4.8 out of 5 stars')
[2024-10-08T05:29:28.626+0000] {sql.py:518} INFO - Rows affected: 1
[2024-10-08T05:29:28.633+0000] {base.py:84} INFO - Retrieving connection 'books_connection'
[2024-10-08T05:29:28.637+0000] {sql.py:509} INFO - Running statement: 
    INSERT INTO books (title, authors, price, rating)
    VALUES (%s, %s, %s, %s)
    , parameters: ('Data Engineering with Google Cloud Platform: A guide to leveling up as a data engineer by building a scalable data platform with Google Cloud', 'Adi Wijaya', '40.', '4.8 out of 5 stars')
[2024-10-08T05:29:28.638+0000] {sql.py:518} INFO - Rows affected: 1
[2024-10-08T05:29:28.654+0000] {base.py:84} INFO - Retrieving connection 'books_connection'
[2024-10-08T05:29:28.664+0000] {sql.py:509} INFO - Running statement: 
    INSERT INTO books (title, authors, price, rating)
    VALUES (%s, %s, %s, %s)
    , parameters: ('97 Things Every Data Engineer Should Know: Collective Wisdom from the Experts', 'Tobias Macey', '28.', '4.1 out of 5 stars')
[2024-10-08T05:29:28.666+0000] {sql.py:518} INFO - Rows affected: 1
[2024-10-08T05:29:28.677+0000] {base.py:84} INFO - Retrieving connection 'books_connection'
[2024-10-08T05:29:28.681+0000] {sql.py:509} INFO - Running statement: 
    INSERT INTO books (title, authors, price, rating)
    VALUES (%s, %s, %s, %s)
    , parameters: ('Python Data Engineering Resources: Forge Your Path to Success in Data Engineering, Machine Learning and AI', 'Vajo Lukic', '0.', '4.9 out of 5 stars')
[2024-10-08T05:29:28.682+0000] {sql.py:518} INFO - Rows affected: 1
[2024-10-08T05:29:28.691+0000] {base.py:84} INFO - Retrieving connection 'books_connection'
[2024-10-08T05:29:28.696+0000] {sql.py:509} INFO - Running statement: 
    INSERT INTO books (title, authors, price, rating)
    VALUES (%s, %s, %s, %s)
    , parameters: ('Analytics Engineering with SQL and dbt: Building Meaningful Data Models at Scale', 'Rui Pedro Machado', '41.', '3.9 out of 5 stars')
[2024-10-08T05:29:28.697+0000] {sql.py:518} INFO - Rows affected: 1
[2024-10-08T05:29:28.705+0000] {base.py:84} INFO - Retrieving connection 'books_connection'
[2024-10-08T05:29:28.708+0000] {sql.py:509} INFO - Running statement: 
    INSERT INTO books (title, authors, price, rating)
    VALUES (%s, %s, %s, %s)
    , parameters: ('Data Engineering with Scala and Spark: Build streaming and batch pipelines that process massive amounts of data using Scala', 'Eric Tome', '29.', '4.1 out of 5 stars')
[2024-10-08T05:29:28.710+0000] {sql.py:518} INFO - Rows affected: 1
[2024-10-08T05:29:28.716+0000] {base.py:84} INFO - Retrieving connection 'books_connection'
[2024-10-08T05:29:28.721+0000] {sql.py:509} INFO - Running statement: 
    INSERT INTO books (title, authors, price, rating)
    VALUES (%s, %s, %s, %s)
    , parameters: ('Storytelling with Data: A Data Visualization Guide for Business Professionals', 'Cole Nussbaumer Knaflic', '27.', '4.6 out of 5 stars')
[2024-10-08T05:29:28.722+0000] {sql.py:518} INFO - Rows affected: 1
[2024-10-08T05:29:28.730+0000] {base.py:84} INFO - Retrieving connection 'books_connection'
[2024-10-08T05:29:28.734+0000] {sql.py:509} INFO - Running statement: 
    INSERT INTO books (title, authors, price, rating)
    VALUES (%s, %s, %s, %s)
    , parameters: ('Data Mesh: Delivering Data-Driven Value at Scale', 'Zhamak Dehghani', '43.', '4.5 out of 5 stars')
[2024-10-08T05:29:28.735+0000] {sql.py:518} INFO - Rows affected: 1
[2024-10-08T05:29:28.745+0000] {base.py:84} INFO - Retrieving connection 'books_connection'
[2024-10-08T05:29:28.754+0000] {sql.py:509} INFO - Running statement: 
    INSERT INTO books (title, authors, price, rating)
    VALUES (%s, %s, %s, %s)
    , parameters: ('Data Engineering 101', 'Kindle', '0.', '3.9 out of 5 stars')
[2024-10-08T05:29:28.756+0000] {sql.py:518} INFO - Rows affected: 1
[2024-10-08T05:29:28.764+0000] {base.py:84} INFO - Retrieving connection 'books_connection'
[2024-10-08T05:29:28.768+0000] {sql.py:509} INFO - Running statement: 
    INSERT INTO books (title, authors, price, rating)
    VALUES (%s, %s, %s, %s)
    , parameters: ('Data Modeling with Snowflake: A practical guide to accelerating Snowflake development using universal data modeling techniques', 'Serge Gershkovich', '36.', '4.8 out of 5 stars')
[2024-10-08T05:29:28.769+0000] {sql.py:518} INFO - Rows affected: 1
[2024-10-08T05:29:28.777+0000] {base.py:84} INFO - Retrieving connection 'books_connection'
[2024-10-08T05:29:28.783+0000] {sql.py:509} INFO - Running statement: 
    INSERT INTO books (title, authors, price, rating)
    VALUES (%s, %s, %s, %s)
    , parameters: ('Official Google Cloud Certified Professional Data Engineer Study Guide', 'Dan Sullivan', '33.', '4.5 out of 5 stars')
[2024-10-08T05:29:28.785+0000] {sql.py:518} INFO - Rows affected: 1
[2024-10-08T05:29:28.797+0000] {base.py:84} INFO - Retrieving connection 'books_connection'
[2024-10-08T05:29:28.800+0000] {sql.py:509} INFO - Running statement: 
    INSERT INTO books (title, authors, price, rating)
    VALUES (%s, %s, %s, %s)
    , parameters: ('Machine Learning Engineering', 'Andriy Burkov', '39.', '4.7 out of 5 stars')
[2024-10-08T05:29:28.802+0000] {sql.py:518} INFO - Rows affected: 1
[2024-10-08T05:29:28.808+0000] {base.py:84} INFO - Retrieving connection 'books_connection'
[2024-10-08T05:29:28.813+0000] {sql.py:509} INFO - Running statement: 
    INSERT INTO books (title, authors, price, rating)
    VALUES (%s, %s, %s, %s)
    , parameters: ('Fundamentals of Data Observability: Implement Trustworthy End-to-End Data Solutions', 'Andy Petrella', '36.', '4.0 out of 5 stars')
[2024-10-08T05:29:28.814+0000] {sql.py:518} INFO - Rows affected: 1
[2024-10-08T05:29:28.822+0000] {base.py:84} INFO - Retrieving connection 'books_connection'
[2024-10-08T05:29:28.827+0000] {sql.py:509} INFO - Running statement: 
    INSERT INTO books (title, authors, price, rating)
    VALUES (%s, %s, %s, %s)
    , parameters: ('Modern Data Engineering with Apache Spark: A Hands-On Guide for Building Mission-Critical Streaming Applications', 'Scott Haines', '28.', '4.1 out of 5 stars')
[2024-10-08T05:29:28.828+0000] {sql.py:518} INFO - Rows affected: 1
[2024-10-08T05:29:28.846+0000] {base.py:84} INFO - Retrieving connection 'books_connection'
[2024-10-08T05:29:28.855+0000] {sql.py:509} INFO - Running statement: 
    INSERT INTO books (title, authors, price, rating)
    VALUES (%s, %s, %s, %s)
    , parameters: ('Python Feature Engineering Cookbook: A complete guide to crafting powerful features for your machine learning models', 'Soledad Galli', '44.', '5.0 out of 5 stars')
[2024-10-08T05:29:28.858+0000] {sql.py:518} INFO - Rows affected: 1
[2024-10-08T05:29:28.867+0000] {base.py:84} INFO - Retrieving connection 'books_connection'
[2024-10-08T05:29:28.870+0000] {sql.py:509} INFO - Running statement: 
    INSERT INTO books (title, authors, price, rating)
    VALUES (%s, %s, %s, %s)
    , parameters: ('Data Engineering with Databricks', 'Kindle', '0.', '3.4 out of 5 stars')
[2024-10-08T05:29:28.871+0000] {sql.py:518} INFO - Rows affected: 1
[2024-10-08T05:29:28.879+0000] {base.py:84} INFO - Retrieving connection 'books_connection'
[2024-10-08T05:29:28.883+0000] {sql.py:509} INFO - Running statement: 
    INSERT INTO books (title, authors, price, rating)
    VALUES (%s, %s, %s, %s)
    , parameters: ('Azure Data Factory by Example: Practical Implementation for Data Engineers', 'Richard Swinbank', '33.', '4.2 out of 5 stars')
[2024-10-08T05:29:28.884+0000] {sql.py:518} INFO - Rows affected: 1
[2024-10-08T05:29:28.889+0000] {base.py:84} INFO - Retrieving connection 'books_connection'
[2024-10-08T05:29:28.892+0000] {sql.py:509} INFO - Running statement: 
    INSERT INTO books (title, authors, price, rating)
    VALUES (%s, %s, %s, %s)
    , parameters: ('Data Quality Engineering in Financial Services: Applying Manufacturing Techniques to Data', 'Brian Buzzelli', '30.', '4.4 out of 5 stars')
[2024-10-08T05:29:28.893+0000] {sql.py:518} INFO - Rows affected: 1
[2024-10-08T05:29:28.898+0000] {base.py:84} INFO - Retrieving connection 'books_connection'
[2024-10-08T05:29:28.901+0000] {sql.py:509} INFO - Running statement: 
    INSERT INTO books (title, authors, price, rating)
    VALUES (%s, %s, %s, %s)
    , parameters: ('Prompt Engineering for Generative AI: Future-Proof Inputs for Reliable AI Outputs', 'James Phoenix', '53.', '4.5 out of 5 stars')
[2024-10-08T05:29:28.902+0000] {sql.py:518} INFO - Rows affected: 1
[2024-10-08T05:29:28.909+0000] {base.py:84} INFO - Retrieving connection 'books_connection'
[2024-10-08T05:29:28.912+0000] {sql.py:509} INFO - Running statement: 
    INSERT INTO books (title, authors, price, rating)
    VALUES (%s, %s, %s, %s)
    , parameters: ('Data Observability for Data Engineering: Proactive strategies for ensuring data accuracy and addressing broken data pipelines', 'Michele Pinto', '18.', '3.7 out of 5 stars')
[2024-10-08T05:29:28.913+0000] {sql.py:518} INFO - Rows affected: 1
[2024-10-08T05:29:28.918+0000] {base.py:84} INFO - Retrieving connection 'books_connection'
[2024-10-08T05:29:28.921+0000] {sql.py:509} INFO - Running statement: 
    INSERT INTO books (title, authors, price, rating)
    VALUES (%s, %s, %s, %s)
    , parameters: ('Better Data Visualizations: A Guide for Scholars, Researchers, and Wonks', 'Jonathan Schwabish', '26.', '4.5 out of 5 stars')
[2024-10-08T05:29:28.922+0000] {sql.py:518} INFO - Rows affected: 1
[2024-10-08T05:29:28.927+0000] {base.py:84} INFO - Retrieving connection 'books_connection'
[2024-10-08T05:29:28.930+0000] {sql.py:509} INFO - Running statement: 
    INSERT INTO books (title, authors, price, rating)
    VALUES (%s, %s, %s, %s)
    , parameters: ("Applied Machine Learning and AI for Engineers: Solve Business Problems That Can't Be Solved Algorithmically", 'Jeff Prosise', '69.', '4.5 out of 5 stars')
[2024-10-08T05:29:28.931+0000] {sql.py:518} INFO - Rows affected: 1
[2024-10-08T05:29:28.932+0000] {python.py:240} INFO - Done. Returned value was: None
[2024-10-08T05:29:28.956+0000] {taskinstance.py:340} INFO - ::group::Post task execution logs
[2024-10-08T05:29:28.957+0000] {taskinstance.py:352} INFO - Marking task as SUCCESS. dag_id=fetch_and_store_amazon_books, task_id=insert_book_data, run_id=scheduled__2024-08-25T00:00:00+00:00, execution_date=20240825T000000, start_date=20241008T052926, end_date=20241008T052928
[2024-10-08T05:29:28.975+0000] {logging_mixin.py:190} INFO - Task instance in success state
[2024-10-08T05:29:28.976+0000] {logging_mixin.py:190} INFO -  Previous state of the Task instance: running
[2024-10-08T05:29:28.976+0000] {logging_mixin.py:190} INFO - Dag name:fetch_and_store_amazon_books queued_at:2024-10-08 05:28:39.562247+00:00
[2024-10-08T05:29:28.977+0000] {logging_mixin.py:190} INFO - Task hostname:475658bd4f83 operator:PythonOperator
[2024-10-08T05:29:29.033+0000] {local_task_job_runner.py:261} INFO - Task exited with return code 0
[2024-10-08T05:29:29.126+0000] {taskinstance.py:3891} INFO - 0 downstream tasks scheduled from follow-on schedule check
[2024-10-08T05:29:29.132+0000] {local_task_job_runner.py:240} INFO - ::endgroup::
