[2024-10-08T05:35:13.753+0000] {local_task_job_runner.py:123} INFO - ::group::Pre task execution logs
[2024-10-08T05:35:13.781+0000] {taskinstance.py:2603} INFO - Dependencies all met for dep_context=non-requeueable deps ti=<TaskInstance: fetch_and_store_amazon_books.insert_book_data scheduled__2024-10-06T00:00:00+00:00 [queued]>
[2024-10-08T05:35:13.810+0000] {taskinstance.py:2603} INFO - Dependencies all met for dep_context=requeueable deps ti=<TaskInstance: fetch_and_store_amazon_books.insert_book_data scheduled__2024-10-06T00:00:00+00:00 [queued]>
[2024-10-08T05:35:13.811+0000] {taskinstance.py:2856} INFO - Starting attempt 1 of 2
[2024-10-08T05:35:13.873+0000] {taskinstance.py:2879} INFO - Executing <Task(PythonOperator): insert_book_data> on 2024-10-06 00:00:00+00:00
[2024-10-08T05:35:13.884+0000] {warnings.py:112} WARNING - /home/***/.local/lib/python3.12/site-packages/***/task/task_runner/standard_task_runner.py:70: DeprecationWarning: This process (pid=312) is multi-threaded, use of fork() may lead to deadlocks in the child.
  pid = os.fork()

[2024-10-08T05:35:13.889+0000] {standard_task_runner.py:72} INFO - Started process 320 to run task
[2024-10-08T05:35:13.901+0000] {standard_task_runner.py:104} INFO - Running: ['***', 'tasks', 'run', 'fetch_and_store_amazon_books', 'insert_book_data', 'scheduled__2024-10-06T00:00:00+00:00', '--job-id', '292', '--raw', '--subdir', 'DAGS_FOLDER/app.py', '--cfg-path', '/tmp/tmp8yrxmzp7']
[2024-10-08T05:35:13.905+0000] {standard_task_runner.py:105} INFO - Job 292: Subtask insert_book_data
[2024-10-08T05:35:13.996+0000] {task_command.py:467} INFO - Running <TaskInstance: fetch_and_store_amazon_books.insert_book_data scheduled__2024-10-06T00:00:00+00:00 [running]> on host 475658bd4f83
[2024-10-08T05:35:14.100+0000] {taskinstance.py:3122} INFO - Exporting env vars: AIRFLOW_CTX_DAG_OWNER='***' AIRFLOW_CTX_DAG_ID='fetch_and_store_amazon_books' AIRFLOW_CTX_TASK_ID='insert_book_data' AIRFLOW_CTX_EXECUTION_DATE='2024-10-06T00:00:00+00:00' AIRFLOW_CTX_TRY_NUMBER='1' AIRFLOW_CTX_DAG_RUN_ID='scheduled__2024-10-06T00:00:00+00:00'
[2024-10-08T05:35:14.103+0000] {logging_mixin.py:190} INFO - Task instance is in running state
[2024-10-08T05:35:14.104+0000] {logging_mixin.py:190} INFO -  Previous state of the Task instance: queued
[2024-10-08T05:35:14.104+0000] {logging_mixin.py:190} INFO - Current task name:insert_book_data state:running start_date:2024-10-08 05:35:13.783234+00:00
[2024-10-08T05:35:14.105+0000] {logging_mixin.py:190} INFO - Dag name:fetch_and_store_amazon_books and current dag run status:running
[2024-10-08T05:35:14.105+0000] {taskinstance.py:731} INFO - ::endgroup::
[2024-10-08T05:35:14.126+0000] {base.py:84} INFO - Retrieving connection 'books_connection'
[2024-10-08T05:35:14.130+0000] {sql.py:509} INFO - Running statement: 
    INSERT INTO books (title, authors, price, rating)
    VALUES (%s, %s, %s, %s)
    , parameters: ('Data Engineering with AWS - Second Edition: Acquire the skills to design and build AWS-based data transformation pipelines like a pro', 'Gareth Eagar', '41.', '4.4 out of 5 stars')
[2024-10-08T05:35:14.132+0000] {sql.py:518} INFO - Rows affected: 1
[2024-10-08T05:35:14.149+0000] {base.py:84} INFO - Retrieving connection 'books_connection'
[2024-10-08T05:35:14.158+0000] {sql.py:509} INFO - Running statement: 
    INSERT INTO books (title, authors, price, rating)
    VALUES (%s, %s, %s, %s)
    , parameters: ('Azure Data Engineer Associate Certification Guide: Ace the DP-203 exam with advanced data engineering skills', 'Giacinto Palmieri', '49.', '4.4 out of 5 stars')
[2024-10-08T05:35:14.161+0000] {sql.py:518} INFO - Rows affected: 1
[2024-10-08T05:35:14.173+0000] {base.py:84} INFO - Retrieving connection 'books_connection'
[2024-10-08T05:35:14.177+0000] {sql.py:509} INFO - Running statement: 
    INSERT INTO books (title, authors, price, rating)
    VALUES (%s, %s, %s, %s)
    , parameters: ("Azure Data Factory Cookbook: A data engineer's guide to building and managing ETL and ELT pipelines with data integration", 'Dmitry Foshin', '51.', '4.2 out of 5 stars')
[2024-10-08T05:35:14.179+0000] {sql.py:518} INFO - Rows affected: 1
[2024-10-08T05:35:14.186+0000] {base.py:84} INFO - Retrieving connection 'books_connection'
[2024-10-08T05:35:14.190+0000] {sql.py:509} INFO - Running statement: 
    INSERT INTO books (title, authors, price, rating)
    VALUES (%s, %s, %s, %s)
    , parameters: ('Fundamentals of Data Engineering: Plan and Build Robust Data Systems', 'Joe Reis', '25.', '4.7 out of 5 stars')
[2024-10-08T05:35:14.192+0000] {sql.py:518} INFO - Rows affected: 1
[2024-10-08T05:35:14.198+0000] {base.py:84} INFO - Retrieving connection 'books_connection'
[2024-10-08T05:35:14.201+0000] {sql.py:509} INFO - Running statement: 
    INSERT INTO books (title, authors, price, rating)
    VALUES (%s, %s, %s, %s)
    , parameters: ('Designing Data-Intensive Applications: The Big Ideas Behind Reliable, Scalable, and Maintainable Systems', 'Martin Kleppmann', '55.', '4.7 out of 5 stars')
[2024-10-08T05:35:14.202+0000] {sql.py:518} INFO - Rows affected: 1
[2024-10-08T05:35:14.207+0000] {base.py:84} INFO - Retrieving connection 'books_connection'
[2024-10-08T05:35:14.211+0000] {sql.py:509} INFO - Running statement: 
    INSERT INTO books (title, authors, price, rating)
    VALUES (%s, %s, %s, %s)
    , parameters: ('Fundamentals of Data Analytics: Learn Essential Skills, Embrace the Future, and Catapult Your Career in the Data-Driven World—A Comprehensive Guide to Data Literacy for Beginners', 'Russell Dawson', '17.', '4.8 out of 5 stars')
[2024-10-08T05:35:14.212+0000] {sql.py:518} INFO - Rows affected: 1
[2024-10-08T05:35:14.217+0000] {base.py:84} INFO - Retrieving connection 'books_connection'
[2024-10-08T05:35:14.221+0000] {sql.py:509} INFO - Running statement: 
    INSERT INTO books (title, authors, price, rating)
    VALUES (%s, %s, %s, %s)
    , parameters: ("Ultimate Data Engineering with Databricks: Develop Scalable Data Pipelines Using Data Engineering's Core Tenets Such as Delta Tables, Ingestion, ... Security, and Scalability (English Edition)", 'Mayank Malhotra', '37.', '4.1 out of 5 stars')
[2024-10-08T05:35:14.222+0000] {sql.py:518} INFO - Rows affected: 1
[2024-10-08T05:35:14.248+0000] {base.py:84} INFO - Retrieving connection 'books_connection'
[2024-10-08T05:35:14.260+0000] {sql.py:509} INFO - Running statement: 
    INSERT INTO books (title, authors, price, rating)
    VALUES (%s, %s, %s, %s)
    , parameters: ('Data Engineering with dbt: A practical guide to building a cloud-based, pragmatic, and dependable data platform with SQL', 'Roberto Zagni', '37.', '4.6 out of 5 stars')
[2024-10-08T05:35:14.264+0000] {sql.py:518} INFO - Rows affected: 1
[2024-10-08T05:35:14.282+0000] {base.py:84} INFO - Retrieving connection 'books_connection'
[2024-10-08T05:35:14.294+0000] {sql.py:509} INFO - Running statement: 
    INSERT INTO books (title, authors, price, rating)
    VALUES (%s, %s, %s, %s)
    , parameters: ('Data Engineering with Python: Work with massive datasets to design data models and automate data pipelines using Python', 'Paul Crickard', '37.', '4.1 out of 5 stars')
[2024-10-08T05:35:14.297+0000] {sql.py:518} INFO - Rows affected: 1
[2024-10-08T05:35:14.314+0000] {base.py:84} INFO - Retrieving connection 'books_connection'
[2024-10-08T05:35:14.319+0000] {sql.py:509} INFO - Running statement: 
    INSERT INTO books (title, authors, price, rating)
    VALUES (%s, %s, %s, %s)
    , parameters: ('Cracking the Data Engineering Interview: Land your dream job with the help of resume-building tips, over 100 mock questions, and a unique portfolio', 'Kedeisha Bryan', '26.', '4.4 out of 5 stars')
[2024-10-08T05:35:14.320+0000] {sql.py:518} INFO - Rows affected: 1
[2024-10-08T05:35:14.330+0000] {base.py:84} INFO - Retrieving connection 'books_connection'
[2024-10-08T05:35:14.336+0000] {sql.py:509} INFO - Running statement: 
    INSERT INTO books (title, authors, price, rating)
    VALUES (%s, %s, %s, %s)
    , parameters: ('Data Pipelines Pocket Reference: Moving and Processing Data for Analytics', 'James Densmore', '17.', '4.5 out of 5 stars')
[2024-10-08T05:35:14.339+0000] {sql.py:518} INFO - Rows affected: 1
[2024-10-08T05:35:14.366+0000] {base.py:84} INFO - Retrieving connection 'books_connection'
[2024-10-08T05:35:14.375+0000] {sql.py:509} INFO - Running statement: 
    INSERT INTO books (title, authors, price, rating)
    VALUES (%s, %s, %s, %s)
    , parameters: ('Ace the Data Science Interview: 201 Real Interview Questions Asked By FAANG, Tech Startups, & Wall Street', 'Nick Singh', '42.', '4.5 out of 5 stars')
[2024-10-08T05:35:14.378+0000] {sql.py:518} INFO - Rows affected: 1
[2024-10-08T05:35:14.390+0000] {base.py:84} INFO - Retrieving connection 'books_connection'
[2024-10-08T05:35:14.396+0000] {sql.py:509} INFO - Running statement: 
    INSERT INTO books (title, authors, price, rating)
    VALUES (%s, %s, %s, %s)
    , parameters: ('Ace the Data Engineering Interview: Questions and Answers for Python, SQL, Data Modeling and More', 'Sean Coyne', '24.', '3.8 out of 5 stars')
[2024-10-08T05:35:14.399+0000] {sql.py:518} INFO - Rows affected: 1
[2024-10-08T05:35:14.413+0000] {base.py:84} INFO - Retrieving connection 'books_connection'
[2024-10-08T05:35:14.420+0000] {sql.py:509} INFO - Running statement: 
    INSERT INTO books (title, authors, price, rating)
    VALUES (%s, %s, %s, %s)
    , parameters: ('Data Engineering with Databricks Cookbook: Build effective data and AI solutions using Apache Spark, Databricks, and Delta Lake', 'Pulkit Chadha', '49.', '4.3 out of 5 stars')
[2024-10-08T05:35:14.421+0000] {sql.py:518} INFO - Rows affected: 1
[2024-10-08T05:35:14.429+0000] {base.py:84} INFO - Retrieving connection 'books_connection'
[2024-10-08T05:35:14.433+0000] {sql.py:509} INFO - Running statement: 
    INSERT INTO books (title, authors, price, rating)
    VALUES (%s, %s, %s, %s)
    , parameters: ('Software Engineering for Data Scientists: From Notebooks to Scalable Systems', 'Catherine Nelson', '51.', '4.4 out of 5 stars')
[2024-10-08T05:35:14.434+0000] {sql.py:518} INFO - Rows affected: 1
[2024-10-08T05:35:14.440+0000] {base.py:84} INFO - Retrieving connection 'books_connection'
[2024-10-08T05:35:14.443+0000] {sql.py:509} INFO - Running statement: 
    INSERT INTO books (title, authors, price, rating)
    VALUES (%s, %s, %s, %s)
    , parameters: ('Essentials of Data Engineering', 'Dr. Mukesh Saini', '19.', '5.0 out of 5 stars')
[2024-10-08T05:35:14.444+0000] {sql.py:518} INFO - Rows affected: 1
[2024-10-08T05:35:14.450+0000] {base.py:84} INFO - Retrieving connection 'books_connection'
[2024-10-08T05:35:14.454+0000] {sql.py:509} INFO - Running statement: 
    INSERT INTO books (title, authors, price, rating)
    VALUES (%s, %s, %s, %s)
    , parameters: ('Data Engineering with AWS: Learn how to design and build cloud-based data transformation pipelines using AWS', 'Gareth Eagar', '49.', '4.4 out of 5 stars')
[2024-10-08T05:35:14.455+0000] {sql.py:518} INFO - Rows affected: 1
[2024-10-08T05:35:14.465+0000] {base.py:84} INFO - Retrieving connection 'books_connection'
[2024-10-08T05:35:14.472+0000] {sql.py:509} INFO - Running statement: 
    INSERT INTO books (title, authors, price, rating)
    VALUES (%s, %s, %s, %s)
    , parameters: ('Data Engineering with Python cookbook: Learn to build efficient data pipelines using the Modern Cloud Data Stack', 'Adithyan Ramanujakootam', '32.', '5.0 out of 5 stars')
[2024-10-08T05:35:14.473+0000] {sql.py:518} INFO - Rows affected: 1
[2024-10-08T05:35:14.484+0000] {base.py:84} INFO - Retrieving connection 'books_connection'
[2024-10-08T05:35:14.492+0000] {sql.py:509} INFO - Running statement: 
    INSERT INTO books (title, authors, price, rating)
    VALUES (%s, %s, %s, %s)
    , parameters: ("Data Quality Fundamentals: A Practitioner's Guide to Building Trustworthy Data Pipelines", 'Paperback', '45.', '4.1 out of 5 stars')
[2024-10-08T05:35:14.494+0000] {sql.py:518} INFO - Rows affected: 1
[2024-10-08T05:35:14.503+0000] {base.py:84} INFO - Retrieving connection 'books_connection'
[2024-10-08T05:35:14.510+0000] {sql.py:509} INFO - Running statement: 
    INSERT INTO books (title, authors, price, rating)
    VALUES (%s, %s, %s, %s)
    , parameters: ('Data Engineering with Google Cloud Platform: A practical guide to operationalizing scalable data analytics systems on GCP', 'Adi Wijaya', '41.', '4.7 out of 5 stars')
[2024-10-08T05:35:14.512+0000] {sql.py:518} INFO - Rows affected: 1
[2024-10-08T05:35:14.525+0000] {base.py:84} INFO - Retrieving connection 'books_connection'
[2024-10-08T05:35:14.533+0000] {sql.py:509} INFO - Running statement: 
    INSERT INTO books (title, authors, price, rating)
    VALUES (%s, %s, %s, %s)
    , parameters: ('DATA ENGINEERING AND AI FOR BEGINNERS: Revolutionizing Data Processing and Analytics by Leveraging Artificial Intelligence for Efficient Input Collection, Storage, and Transformation (World of AI)', 'Paperback', '13.', '4.3 out of 5 stars')
[2024-10-08T05:35:14.535+0000] {sql.py:518} INFO - Rows affected: 1
[2024-10-08T05:35:14.546+0000] {base.py:84} INFO - Retrieving connection 'books_connection'
[2024-10-08T05:35:14.550+0000] {sql.py:509} INFO - Running statement: 
    INSERT INTO books (title, authors, price, rating)
    VALUES (%s, %s, %s, %s)
    , parameters: ('Fundamentals of Data Engineering: A Comprehensive Guide to Designing, Building, and Managing Data Pipelines, Storage Solutions, and Processing Frameworks.', 'Paperback', '14.', '5.0 out of 5 stars')
[2024-10-08T05:35:14.551+0000] {sql.py:518} INFO - Rows affected: 1
[2024-10-08T05:35:14.560+0000] {base.py:84} INFO - Retrieving connection 'books_connection'
[2024-10-08T05:35:14.565+0000] {sql.py:509} INFO - Running statement: 
    INSERT INTO books (title, authors, price, rating)
    VALUES (%s, %s, %s, %s)
    , parameters: ('Data Privacy: A runbook for engineers', 'Nishant Bhajaria', '35.', '4.8 out of 5 stars')
[2024-10-08T05:35:14.567+0000] {sql.py:518} INFO - Rows affected: 1
[2024-10-08T05:35:14.575+0000] {base.py:84} INFO - Retrieving connection 'books_connection'
[2024-10-08T05:35:14.582+0000] {sql.py:509} INFO - Running statement: 
    INSERT INTO books (title, authors, price, rating)
    VALUES (%s, %s, %s, %s)
    , parameters: ('Data Engineering Fundamentals for Beginners: Mastering the Art of Building, Managing, and Scaling Data Systems', 'Paperback', '14.', '5.0 out of 5 stars')
[2024-10-08T05:35:14.584+0000] {sql.py:518} INFO - Rows affected: 1
[2024-10-08T05:35:14.599+0000] {base.py:84} INFO - Retrieving connection 'books_connection'
[2024-10-08T05:35:14.607+0000] {sql.py:509} INFO - Running statement: 
    INSERT INTO books (title, authors, price, rating)
    VALUES (%s, %s, %s, %s)
    , parameters: ("Engineering Data Mesh in Azure Cloud: Implement data mesh using Microsoft Azure's Cloud Adoption Framework", 'Paperback', '47.', '4.5 out of 5 stars')
[2024-10-08T05:35:14.610+0000] {sql.py:518} INFO - Rows affected: 1
[2024-10-08T05:35:14.628+0000] {base.py:84} INFO - Retrieving connection 'books_connection'
[2024-10-08T05:35:14.634+0000] {sql.py:509} INFO - Running statement: 
    INSERT INTO books (title, authors, price, rating)
    VALUES (%s, %s, %s, %s)
    , parameters: ('Data Engineering with Apache Spark, Delta Lake, and Lakehouse: Create scalable pipelines that ingest, curate, and aggregate complex data in a timely and secure way', 'Manoj Kukreja', '46.', '3.9 out of 5 stars')
[2024-10-08T05:35:14.637+0000] {sql.py:518} INFO - Rows affected: 1
[2024-10-08T05:35:14.648+0000] {base.py:84} INFO - Retrieving connection 'books_connection'
[2024-10-08T05:35:14.654+0000] {sql.py:509} INFO - Running statement: 
    INSERT INTO books (title, authors, price, rating)
    VALUES (%s, %s, %s, %s)
    , parameters: ('Data-Driven Science and Engineering: Machine Learning, Dynamical Systems, and Control', 'Steven L. Brunton', '64.', '4.8 out of 5 stars')
[2024-10-08T05:35:14.655+0000] {sql.py:518} INFO - Rows affected: 1
[2024-10-08T05:35:14.666+0000] {base.py:84} INFO - Retrieving connection 'books_connection'
[2024-10-08T05:35:14.674+0000] {sql.py:509} INFO - Running statement: 
    INSERT INTO books (title, authors, price, rating)
    VALUES (%s, %s, %s, %s)
    , parameters: ('Data Engineering with Google Cloud Platform: A guide to leveling up as a data engineer by building a scalable data platform with Google Cloud', 'Adi Wijaya', '40.', '4.8 out of 5 stars')
[2024-10-08T05:35:14.676+0000] {sql.py:518} INFO - Rows affected: 1
[2024-10-08T05:35:14.690+0000] {base.py:84} INFO - Retrieving connection 'books_connection'
[2024-10-08T05:35:14.696+0000] {sql.py:509} INFO - Running statement: 
    INSERT INTO books (title, authors, price, rating)
    VALUES (%s, %s, %s, %s)
    , parameters: ("Data: Principles To Practice - Volume 1 'Foundations': Essential Foundations: Key Concepts behind Data Architecture, Engineering and Analysis for Professionals", 'Mr Alex Holloway', '12.', '4.6 out of 5 stars')
[2024-10-08T05:35:14.697+0000] {sql.py:518} INFO - Rows affected: 1
[2024-10-08T05:35:14.705+0000] {base.py:84} INFO - Retrieving connection 'books_connection'
[2024-10-08T05:35:14.710+0000] {sql.py:509} INFO - Running statement: 
    INSERT INTO books (title, authors, price, rating)
    VALUES (%s, %s, %s, %s)
    , parameters: ('Data Engineering with AWS', 'May Sherry', '14.', '5.0 out of 5 stars')
[2024-10-08T05:35:14.711+0000] {sql.py:518} INFO - Rows affected: 1
[2024-10-08T05:35:14.721+0000] {base.py:84} INFO - Retrieving connection 'books_connection'
[2024-10-08T05:35:14.726+0000] {sql.py:509} INFO - Running statement: 
    INSERT INTO books (title, authors, price, rating)
    VALUES (%s, %s, %s, %s)
    , parameters: ('Python Data Engineering Resources: Forge Your Path to Success in Data Engineering, Machine Learning and AI', 'Vajo Lukic', '0.', '4.9 out of 5 stars')
[2024-10-08T05:35:14.729+0000] {sql.py:518} INFO - Rows affected: 1
[2024-10-08T05:35:14.742+0000] {base.py:84} INFO - Retrieving connection 'books_connection'
[2024-10-08T05:35:14.756+0000] {sql.py:509} INFO - Running statement: 
    INSERT INTO books (title, authors, price, rating)
    VALUES (%s, %s, %s, %s)
    , parameters: ('97 Things Every Data Engineer Should Know: Collective Wisdom from the Experts', 'Tobias Macey', '28.', '4.1 out of 5 stars')
[2024-10-08T05:35:14.758+0000] {sql.py:518} INFO - Rows affected: 1
[2024-10-08T05:35:14.767+0000] {base.py:84} INFO - Retrieving connection 'books_connection'
[2024-10-08T05:35:14.773+0000] {sql.py:509} INFO - Running statement: 
    INSERT INTO books (title, authors, price, rating)
    VALUES (%s, %s, %s, %s)
    , parameters: ('Analytics Engineering with SQL and dbt: Building Meaningful Data Models at Scale', 'Rui Pedro Machado', '41.', '3.9 out of 5 stars')
[2024-10-08T05:35:14.774+0000] {sql.py:518} INFO - Rows affected: 1
[2024-10-08T05:35:14.782+0000] {base.py:84} INFO - Retrieving connection 'books_connection'
[2024-10-08T05:35:14.786+0000] {sql.py:509} INFO - Running statement: 
    INSERT INTO books (title, authors, price, rating)
    VALUES (%s, %s, %s, %s)
    , parameters: ('Data Engineering with Scala and Spark: Build streaming and batch pipelines that process massive amounts of data using Scala', 'Eric Tome', '29.', '4.1 out of 5 stars')
[2024-10-08T05:35:14.788+0000] {sql.py:518} INFO - Rows affected: 1
[2024-10-08T05:35:14.795+0000] {base.py:84} INFO - Retrieving connection 'books_connection'
[2024-10-08T05:35:14.799+0000] {sql.py:509} INFO - Running statement: 
    INSERT INTO books (title, authors, price, rating)
    VALUES (%s, %s, %s, %s)
    , parameters: ('Storytelling with Data: A Data Visualization Guide for Business Professionals', 'Cole Nussbaumer Knaflic', '27.', '4.6 out of 5 stars')
[2024-10-08T05:35:14.800+0000] {sql.py:518} INFO - Rows affected: 1
[2024-10-08T05:35:14.808+0000] {base.py:84} INFO - Retrieving connection 'books_connection'
[2024-10-08T05:35:14.813+0000] {sql.py:509} INFO - Running statement: 
    INSERT INTO books (title, authors, price, rating)
    VALUES (%s, %s, %s, %s)
    , parameters: ('Data Mesh: Delivering Data-Driven Value at Scale', 'Zhamak Dehghani', '43.', '4.5 out of 5 stars')
[2024-10-08T05:35:14.815+0000] {sql.py:518} INFO - Rows affected: 1
[2024-10-08T05:35:14.827+0000] {base.py:84} INFO - Retrieving connection 'books_connection'
[2024-10-08T05:35:14.835+0000] {sql.py:509} INFO - Running statement: 
    INSERT INTO books (title, authors, price, rating)
    VALUES (%s, %s, %s, %s)
    , parameters: ('Data Engineering 101', 'Kindle', '0.', '3.9 out of 5 stars')
[2024-10-08T05:35:14.838+0000] {sql.py:518} INFO - Rows affected: 1
[2024-10-08T05:35:14.850+0000] {base.py:84} INFO - Retrieving connection 'books_connection'
[2024-10-08T05:35:14.854+0000] {sql.py:509} INFO - Running statement: 
    INSERT INTO books (title, authors, price, rating)
    VALUES (%s, %s, %s, %s)
    , parameters: ('Data Modeling with Snowflake: A practical guide to accelerating Snowflake development using universal data modeling techniques', 'Serge Gershkovich', '36.', '4.8 out of 5 stars')
[2024-10-08T05:35:14.856+0000] {sql.py:518} INFO - Rows affected: 1
[2024-10-08T05:35:14.861+0000] {base.py:84} INFO - Retrieving connection 'books_connection'
[2024-10-08T05:35:14.864+0000] {sql.py:509} INFO - Running statement: 
    INSERT INTO books (title, authors, price, rating)
    VALUES (%s, %s, %s, %s)
    , parameters: ('Official Google Cloud Certified Professional Data Engineer Study Guide', 'Dan Sullivan', '33.', '4.5 out of 5 stars')
[2024-10-08T05:35:14.865+0000] {sql.py:518} INFO - Rows affected: 1
[2024-10-08T05:35:14.871+0000] {base.py:84} INFO - Retrieving connection 'books_connection'
[2024-10-08T05:35:14.874+0000] {sql.py:509} INFO - Running statement: 
    INSERT INTO books (title, authors, price, rating)
    VALUES (%s, %s, %s, %s)
    , parameters: ('Machine Learning Engineering', 'Andriy Burkov', '39.', '4.7 out of 5 stars')
[2024-10-08T05:35:14.875+0000] {sql.py:518} INFO - Rows affected: 1
[2024-10-08T05:35:14.880+0000] {base.py:84} INFO - Retrieving connection 'books_connection'
[2024-10-08T05:35:14.884+0000] {sql.py:509} INFO - Running statement: 
    INSERT INTO books (title, authors, price, rating)
    VALUES (%s, %s, %s, %s)
    , parameters: ('Fundamentals of Data Observability: Implement Trustworthy End-to-End Data Solutions', 'Andy Petrella', '36.', '4.0 out of 5 stars')
[2024-10-08T05:35:14.885+0000] {sql.py:518} INFO - Rows affected: 1
[2024-10-08T05:35:14.890+0000] {base.py:84} INFO - Retrieving connection 'books_connection'
[2024-10-08T05:35:14.893+0000] {sql.py:509} INFO - Running statement: 
    INSERT INTO books (title, authors, price, rating)
    VALUES (%s, %s, %s, %s)
    , parameters: ('Modern Data Engineering with Apache Spark: A Hands-On Guide for Building Mission-Critical Streaming Applications', 'Scott Haines', '29.', '4.1 out of 5 stars')
[2024-10-08T05:35:14.894+0000] {sql.py:518} INFO - Rows affected: 1
[2024-10-08T05:35:14.900+0000] {base.py:84} INFO - Retrieving connection 'books_connection'
[2024-10-08T05:35:14.903+0000] {sql.py:509} INFO - Running statement: 
    INSERT INTO books (title, authors, price, rating)
    VALUES (%s, %s, %s, %s)
    , parameters: ('Python Feature Engineering Cookbook: A complete guide to crafting powerful features for your machine learning models', 'Soledad Galli', '44.', '5.0 out of 5 stars')
[2024-10-08T05:35:14.903+0000] {sql.py:518} INFO - Rows affected: 1
[2024-10-08T05:35:14.908+0000] {base.py:84} INFO - Retrieving connection 'books_connection'
[2024-10-08T05:35:14.911+0000] {sql.py:509} INFO - Running statement: 
    INSERT INTO books (title, authors, price, rating)
    VALUES (%s, %s, %s, %s)
    , parameters: ('Data Engineering with Databricks', 'Kindle', '0.', '3.4 out of 5 stars')
[2024-10-08T05:35:14.912+0000] {sql.py:518} INFO - Rows affected: 1
[2024-10-08T05:35:14.920+0000] {base.py:84} INFO - Retrieving connection 'books_connection'
[2024-10-08T05:35:14.927+0000] {sql.py:509} INFO - Running statement: 
    INSERT INTO books (title, authors, price, rating)
    VALUES (%s, %s, %s, %s)
    , parameters: ('Azure Data Factory by Example: Practical Implementation for Data Engineers', 'Richard Swinbank', '33.', '4.2 out of 5 stars')
[2024-10-08T05:35:14.930+0000] {sql.py:518} INFO - Rows affected: 1
[2024-10-08T05:35:14.942+0000] {base.py:84} INFO - Retrieving connection 'books_connection'
[2024-10-08T05:35:14.950+0000] {sql.py:509} INFO - Running statement: 
    INSERT INTO books (title, authors, price, rating)
    VALUES (%s, %s, %s, %s)
    , parameters: ('Data Quality Engineering in Financial Services: Applying Manufacturing Techniques to Data', 'Brian Buzzelli', '30.', '4.4 out of 5 stars')
[2024-10-08T05:35:14.952+0000] {sql.py:518} INFO - Rows affected: 1
[2024-10-08T05:35:14.959+0000] {base.py:84} INFO - Retrieving connection 'books_connection'
[2024-10-08T05:35:14.965+0000] {sql.py:509} INFO - Running statement: 
    INSERT INTO books (title, authors, price, rating)
    VALUES (%s, %s, %s, %s)
    , parameters: ('Prompt Engineering for Generative AI: Future-Proof Inputs for Reliable AI Outputs', 'James Phoenix', '53.', '4.5 out of 5 stars')
[2024-10-08T05:35:14.968+0000] {sql.py:518} INFO - Rows affected: 1
[2024-10-08T05:35:14.980+0000] {base.py:84} INFO - Retrieving connection 'books_connection'
[2024-10-08T05:35:14.989+0000] {sql.py:509} INFO - Running statement: 
    INSERT INTO books (title, authors, price, rating)
    VALUES (%s, %s, %s, %s)
    , parameters: ('Data Observability for Data Engineering: Proactive strategies for ensuring data accuracy and addressing broken data pipelines', 'Michele Pinto', '18.', '3.7 out of 5 stars')
[2024-10-08T05:35:14.992+0000] {sql.py:518} INFO - Rows affected: 1
[2024-10-08T05:35:15.007+0000] {base.py:84} INFO - Retrieving connection 'books_connection'
[2024-10-08T05:35:15.013+0000] {sql.py:509} INFO - Running statement: 
    INSERT INTO books (title, authors, price, rating)
    VALUES (%s, %s, %s, %s)
    , parameters: ('Better Data Visualizations: A Guide for Scholars, Researchers, and Wonks', 'Jonathan Schwabish', '26.', '4.5 out of 5 stars')
[2024-10-08T05:35:15.015+0000] {sql.py:518} INFO - Rows affected: 1
[2024-10-08T05:35:15.021+0000] {base.py:84} INFO - Retrieving connection 'books_connection'
[2024-10-08T05:35:15.025+0000] {sql.py:509} INFO - Running statement: 
    INSERT INTO books (title, authors, price, rating)
    VALUES (%s, %s, %s, %s)
    , parameters: ("Applied Machine Learning and AI for Engineers: Solve Business Problems That Can't Be Solved Algorithmically", 'Jeff Prosise', '73.', '4.5 out of 5 stars')
[2024-10-08T05:35:15.026+0000] {sql.py:518} INFO - Rows affected: 1
[2024-10-08T05:35:15.027+0000] {python.py:240} INFO - Done. Returned value was: None
[2024-10-08T05:35:15.051+0000] {taskinstance.py:340} INFO - ::group::Post task execution logs
[2024-10-08T05:35:15.052+0000] {taskinstance.py:352} INFO - Marking task as SUCCESS. dag_id=fetch_and_store_amazon_books, task_id=insert_book_data, run_id=scheduled__2024-10-06T00:00:00+00:00, execution_date=20241006T000000, start_date=20241008T053513, end_date=20241008T053515
[2024-10-08T05:35:15.081+0000] {logging_mixin.py:190} INFO - Task instance in success state
[2024-10-08T05:35:15.083+0000] {logging_mixin.py:190} INFO -  Previous state of the Task instance: running
[2024-10-08T05:35:15.083+0000] {logging_mixin.py:190} INFO - Dag name:fetch_and_store_amazon_books queued_at:2024-10-08 05:35:00.537579+00:00
[2024-10-08T05:35:15.084+0000] {logging_mixin.py:190} INFO - Task hostname:475658bd4f83 operator:PythonOperator
[2024-10-08T05:35:15.152+0000] {local_task_job_runner.py:261} INFO - Task exited with return code 0
[2024-10-08T05:35:15.251+0000] {taskinstance.py:3891} INFO - 0 downstream tasks scheduled from follow-on schedule check
[2024-10-08T05:35:15.254+0000] {local_task_job_runner.py:240} INFO - ::endgroup::
