[2024-10-08T05:10:28.918+0000] {local_task_job_runner.py:123} INFO - ::group::Pre task execution logs
[2024-10-08T05:10:28.933+0000] {taskinstance.py:2603} INFO - Dependencies all met for dep_context=non-requeueable deps ti=<TaskInstance: fetch_and_store_amazon_books.insert_book_data scheduled__2024-07-06T00:00:00+00:00 [queued]>
[2024-10-08T05:10:28.938+0000] {taskinstance.py:2603} INFO - Dependencies all met for dep_context=requeueable deps ti=<TaskInstance: fetch_and_store_amazon_books.insert_book_data scheduled__2024-07-06T00:00:00+00:00 [queued]>
[2024-10-08T05:10:28.939+0000] {taskinstance.py:2856} INFO - Starting attempt 1 of 2
[2024-10-08T05:10:28.947+0000] {taskinstance.py:2879} INFO - Executing <Task(PythonOperator): insert_book_data> on 2024-07-06 00:00:00+00:00
[2024-10-08T05:10:28.970+0000] {warnings.py:112} WARNING - /home/***/.local/lib/python3.12/site-packages/***/task/task_runner/standard_task_runner.py:70: DeprecationWarning: This process (pid=1117) is multi-threaded, use of fork() may lead to deadlocks in the child.
  pid = os.fork()

[2024-10-08T05:10:28.978+0000] {standard_task_runner.py:72} INFO - Started process 1119 to run task
[2024-10-08T05:10:28.976+0000] {standard_task_runner.py:104} INFO - Running: ['***', 'tasks', 'run', 'fetch_and_store_amazon_books', 'insert_book_data', 'scheduled__2024-07-06T00:00:00+00:00', '--job-id', '20', '--raw', '--subdir', 'DAGS_FOLDER/app.py', '--cfg-path', '/tmp/tmp2a8800dy']
[2024-10-08T05:10:28.982+0000] {standard_task_runner.py:105} INFO - Job 20: Subtask insert_book_data
[2024-10-08T05:10:29.170+0000] {task_command.py:467} INFO - Running <TaskInstance: fetch_and_store_amazon_books.insert_book_data scheduled__2024-07-06T00:00:00+00:00 [running]> on host a344f6bef387
[2024-10-08T05:10:29.300+0000] {taskinstance.py:3122} INFO - Exporting env vars: AIRFLOW_CTX_DAG_OWNER='***' AIRFLOW_CTX_DAG_ID='fetch_and_store_amazon_books' AIRFLOW_CTX_TASK_ID='insert_book_data' AIRFLOW_CTX_EXECUTION_DATE='2024-07-06T00:00:00+00:00' AIRFLOW_CTX_TRY_NUMBER='1' AIRFLOW_CTX_DAG_RUN_ID='scheduled__2024-07-06T00:00:00+00:00'
[2024-10-08T05:10:29.308+0000] {logging_mixin.py:190} INFO - Task instance is in running state
[2024-10-08T05:10:29.309+0000] {logging_mixin.py:190} INFO -  Previous state of the Task instance: queued
[2024-10-08T05:10:29.309+0000] {logging_mixin.py:190} INFO - Current task name:insert_book_data state:running start_date:2024-10-08 05:10:28.933517+00:00
[2024-10-08T05:10:29.311+0000] {logging_mixin.py:190} INFO - Dag name:fetch_and_store_amazon_books and current dag run status:running
[2024-10-08T05:10:29.311+0000] {taskinstance.py:731} INFO - ::endgroup::
[2024-10-08T05:10:29.338+0000] {base.py:84} INFO - Retrieving connection 'books_connection'
[2024-10-08T05:10:29.343+0000] {sql.py:509} INFO - Running statement: 
    INSERT INTO books (title, authors, price, rating)
    VALUES (%s, %s, %s, %s)
    , parameters: ('Data Engineering with AWS - Second Edition: Acquire the skills to design and build AWS-based data transformation pipelines like a pro', 'Gareth Eagar', '41.', '4.4 out of 5 stars')
[2024-10-08T05:10:29.345+0000] {sql.py:518} INFO - Rows affected: 1
[2024-10-08T05:10:29.368+0000] {base.py:84} INFO - Retrieving connection 'books_connection'
[2024-10-08T05:10:29.378+0000] {sql.py:509} INFO - Running statement: 
    INSERT INTO books (title, authors, price, rating)
    VALUES (%s, %s, %s, %s)
    , parameters: ('Azure Data Engineer Associate Certification Guide: Ace the DP-203 exam with advanced data engineering skills', 'Giacinto Palmieri', '49.', '4.4 out of 5 stars')
[2024-10-08T05:10:29.380+0000] {sql.py:518} INFO - Rows affected: 1
[2024-10-08T05:10:29.392+0000] {base.py:84} INFO - Retrieving connection 'books_connection'
[2024-10-08T05:10:29.399+0000] {sql.py:509} INFO - Running statement: 
    INSERT INTO books (title, authors, price, rating)
    VALUES (%s, %s, %s, %s)
    , parameters: ("Azure Data Factory Cookbook: A data engineer's guide to building and managing ETL and ELT pipelines with data integration", 'Dmitry Foshin', '51.', '4.2 out of 5 stars')
[2024-10-08T05:10:29.401+0000] {sql.py:518} INFO - Rows affected: 1
[2024-10-08T05:10:29.408+0000] {base.py:84} INFO - Retrieving connection 'books_connection'
[2024-10-08T05:10:29.416+0000] {sql.py:509} INFO - Running statement: 
    INSERT INTO books (title, authors, price, rating)
    VALUES (%s, %s, %s, %s)
    , parameters: ("Engineering Data Mesh in Azure Cloud: Implement data mesh using Microsoft Azure's Cloud Adoption Framework", 'Paperback', '47.', '4.5 out of 5 stars')
[2024-10-08T05:10:29.421+0000] {sql.py:518} INFO - Rows affected: 1
[2024-10-08T05:10:29.434+0000] {base.py:84} INFO - Retrieving connection 'books_connection'
[2024-10-08T05:10:29.441+0000] {sql.py:509} INFO - Running statement: 
    INSERT INTO books (title, authors, price, rating)
    VALUES (%s, %s, %s, %s)
    , parameters: ('Fundamentals of Data Engineering: Plan and Build Robust Data Systems', 'Joe Reis', '25.', '4.7 out of 5 stars')
[2024-10-08T05:10:29.444+0000] {sql.py:518} INFO - Rows affected: 1
[2024-10-08T05:10:29.465+0000] {base.py:84} INFO - Retrieving connection 'books_connection'
[2024-10-08T05:10:29.475+0000] {sql.py:509} INFO - Running statement: 
    INSERT INTO books (title, authors, price, rating)
    VALUES (%s, %s, %s, %s)
    , parameters: ('Designing Data-Intensive Applications: The Big Ideas Behind Reliable, Scalable, and Maintainable Systems', 'Martin Kleppmann', '55.', '4.7 out of 5 stars')
[2024-10-08T05:10:29.478+0000] {sql.py:518} INFO - Rows affected: 1
[2024-10-08T05:10:29.487+0000] {base.py:84} INFO - Retrieving connection 'books_connection'
[2024-10-08T05:10:29.491+0000] {sql.py:509} INFO - Running statement: 
    INSERT INTO books (title, authors, price, rating)
    VALUES (%s, %s, %s, %s)
    , parameters: ('Fundamentals of Data Analytics: Learn Essential Skills, Embrace the Future, and Catapult Your Career in the Data-Driven World—A Comprehensive Guide to Data Literacy for Beginners', 'Russell Dawson', '17.', '4.8 out of 5 stars')
[2024-10-08T05:10:29.493+0000] {sql.py:518} INFO - Rows affected: 1
[2024-10-08T05:10:29.505+0000] {base.py:84} INFO - Retrieving connection 'books_connection'
[2024-10-08T05:10:29.508+0000] {sql.py:509} INFO - Running statement: 
    INSERT INTO books (title, authors, price, rating)
    VALUES (%s, %s, %s, %s)
    , parameters: ("Ultimate Data Engineering with Databricks: Develop Scalable Data Pipelines Using Data Engineering's Core Tenets Such as Delta Tables, Ingestion, ... Security, and Scalability (English Edition)", 'Mayank Malhotra', '37.', '4.1 out of 5 stars')
[2024-10-08T05:10:29.510+0000] {sql.py:518} INFO - Rows affected: 1
[2024-10-08T05:10:29.517+0000] {base.py:84} INFO - Retrieving connection 'books_connection'
[2024-10-08T05:10:29.521+0000] {sql.py:509} INFO - Running statement: 
    INSERT INTO books (title, authors, price, rating)
    VALUES (%s, %s, %s, %s)
    , parameters: ('Data Engineering with dbt: A practical guide to building a cloud-based, pragmatic, and dependable data platform with SQL', 'Roberto Zagni', '37.', '4.6 out of 5 stars')
[2024-10-08T05:10:29.522+0000] {sql.py:518} INFO - Rows affected: 1
[2024-10-08T05:10:29.527+0000] {base.py:84} INFO - Retrieving connection 'books_connection'
[2024-10-08T05:10:29.533+0000] {sql.py:509} INFO - Running statement: 
    INSERT INTO books (title, authors, price, rating)
    VALUES (%s, %s, %s, %s)
    , parameters: ('Data Engineering with Python: Work with massive datasets to design data models and automate data pipelines using Python', 'Paul Crickard', '37.', '4.1 out of 5 stars')
[2024-10-08T05:10:29.536+0000] {sql.py:518} INFO - Rows affected: 1
[2024-10-08T05:10:29.547+0000] {base.py:84} INFO - Retrieving connection 'books_connection'
[2024-10-08T05:10:29.552+0000] {sql.py:509} INFO - Running statement: 
    INSERT INTO books (title, authors, price, rating)
    VALUES (%s, %s, %s, %s)
    , parameters: ('Cracking the Data Engineering Interview: Land your dream job with the help of resume-building tips, over 100 mock questions, and a unique portfolio', 'Kedeisha Bryan', '26.', '4.4 out of 5 stars')
[2024-10-08T05:10:29.553+0000] {sql.py:518} INFO - Rows affected: 1
[2024-10-08T05:10:29.573+0000] {base.py:84} INFO - Retrieving connection 'books_connection'
[2024-10-08T05:10:29.584+0000] {sql.py:509} INFO - Running statement: 
    INSERT INTO books (title, authors, price, rating)
    VALUES (%s, %s, %s, %s)
    , parameters: ('Data Pipelines Pocket Reference: Moving and Processing Data for Analytics', 'James Densmore', '17.', '4.5 out of 5 stars')
[2024-10-08T05:10:29.585+0000] {sql.py:518} INFO - Rows affected: 1
[2024-10-08T05:10:29.597+0000] {base.py:84} INFO - Retrieving connection 'books_connection'
[2024-10-08T05:10:29.600+0000] {sql.py:509} INFO - Running statement: 
    INSERT INTO books (title, authors, price, rating)
    VALUES (%s, %s, %s, %s)
    , parameters: ('Ace the Data Science Interview: 201 Real Interview Questions Asked By FAANG, Tech Startups, & Wall Street', 'Nick Singh', '42.', '4.5 out of 5 stars')
[2024-10-08T05:10:29.601+0000] {sql.py:518} INFO - Rows affected: 1
[2024-10-08T05:10:29.607+0000] {base.py:84} INFO - Retrieving connection 'books_connection'
[2024-10-08T05:10:29.611+0000] {sql.py:509} INFO - Running statement: 
    INSERT INTO books (title, authors, price, rating)
    VALUES (%s, %s, %s, %s)
    , parameters: ('Ace the Data Engineering Interview: Questions and Answers for Python, SQL, Data Modeling and More', 'Sean Coyne', '24.', '3.8 out of 5 stars')
[2024-10-08T05:10:29.616+0000] {sql.py:518} INFO - Rows affected: 1
[2024-10-08T05:10:29.628+0000] {base.py:84} INFO - Retrieving connection 'books_connection'
[2024-10-08T05:10:29.637+0000] {sql.py:509} INFO - Running statement: 
    INSERT INTO books (title, authors, price, rating)
    VALUES (%s, %s, %s, %s)
    , parameters: ('Data Engineering with Databricks Cookbook: Build effective data and AI solutions using Apache Spark, Databricks, and Delta Lake', 'Pulkit Chadha', '49.', '4.3 out of 5 stars')
[2024-10-08T05:10:29.637+0000] {sql.py:518} INFO - Rows affected: 1
[2024-10-08T05:10:29.644+0000] {base.py:84} INFO - Retrieving connection 'books_connection'
[2024-10-08T05:10:29.648+0000] {sql.py:509} INFO - Running statement: 
    INSERT INTO books (title, authors, price, rating)
    VALUES (%s, %s, %s, %s)
    , parameters: ('Software Engineering for Data Scientists: From Notebooks to Scalable Systems', 'Catherine Nelson', '51.', '4.4 out of 5 stars')
[2024-10-08T05:10:29.649+0000] {sql.py:518} INFO - Rows affected: 1
[2024-10-08T05:10:29.654+0000] {base.py:84} INFO - Retrieving connection 'books_connection'
[2024-10-08T05:10:29.656+0000] {sql.py:509} INFO - Running statement: 
    INSERT INTO books (title, authors, price, rating)
    VALUES (%s, %s, %s, %s)
    , parameters: ('Essentials of Data Engineering', 'Dr. Mukesh Saini', '19.', '5.0 out of 5 stars')
[2024-10-08T05:10:29.657+0000] {sql.py:518} INFO - Rows affected: 1
[2024-10-08T05:10:29.664+0000] {base.py:84} INFO - Retrieving connection 'books_connection'
[2024-10-08T05:10:29.668+0000] {sql.py:509} INFO - Running statement: 
    INSERT INTO books (title, authors, price, rating)
    VALUES (%s, %s, %s, %s)
    , parameters: ('Data Engineering with AWS: Learn how to design and build cloud-based data transformation pipelines using AWS', 'Gareth Eagar', '49.', '4.4 out of 5 stars')
[2024-10-08T05:10:29.669+0000] {sql.py:518} INFO - Rows affected: 1
[2024-10-08T05:10:29.675+0000] {base.py:84} INFO - Retrieving connection 'books_connection'
[2024-10-08T05:10:29.679+0000] {sql.py:509} INFO - Running statement: 
    INSERT INTO books (title, authors, price, rating)
    VALUES (%s, %s, %s, %s)
    , parameters: ('Data Engineering with Python cookbook: Learn to build efficient data pipelines using the Modern Cloud Data Stack', 'Adithyan Ramanujakootam', '32.', '5.0 out of 5 stars')
[2024-10-08T05:10:29.681+0000] {sql.py:518} INFO - Rows affected: 1
[2024-10-08T05:10:29.686+0000] {base.py:84} INFO - Retrieving connection 'books_connection'
[2024-10-08T05:10:29.694+0000] {sql.py:509} INFO - Running statement: 
    INSERT INTO books (title, authors, price, rating)
    VALUES (%s, %s, %s, %s)
    , parameters: ('Fundamentals of Data Engineering: A Comprehensive Guide to Designing, Building, and Managing Data Pipelines, Storage Solutions, and Processing Frameworks.', 'Paperback', '14.', '5.0 out of 5 stars')
[2024-10-08T05:10:29.696+0000] {sql.py:518} INFO - Rows affected: 1
[2024-10-08T05:10:29.709+0000] {base.py:84} INFO - Retrieving connection 'books_connection'
[2024-10-08T05:10:29.717+0000] {sql.py:509} INFO - Running statement: 
    INSERT INTO books (title, authors, price, rating)
    VALUES (%s, %s, %s, %s)
    , parameters: ("Data: Principles To Practice - Volume 1 'Foundations': Essential Foundations: Key Concepts behind Data Architecture, Engineering and Analysis for Professionals", 'Mr Alex Holloway', '12.', '4.6 out of 5 stars')
[2024-10-08T05:10:29.721+0000] {sql.py:518} INFO - Rows affected: 1
[2024-10-08T05:10:29.737+0000] {base.py:84} INFO - Retrieving connection 'books_connection'
[2024-10-08T05:10:29.741+0000] {sql.py:509} INFO - Running statement: 
    INSERT INTO books (title, authors, price, rating)
    VALUES (%s, %s, %s, %s)
    , parameters: ("Data Quality Fundamentals: A Practitioner's Guide to Building Trustworthy Data Pipelines", 'Paperback', '45.', '4.1 out of 5 stars')
[2024-10-08T05:10:29.746+0000] {sql.py:518} INFO - Rows affected: 1
[2024-10-08T05:10:29.759+0000] {base.py:84} INFO - Retrieving connection 'books_connection'
[2024-10-08T05:10:29.764+0000] {sql.py:509} INFO - Running statement: 
    INSERT INTO books (title, authors, price, rating)
    VALUES (%s, %s, %s, %s)
    , parameters: ('Data Engineering with Google Cloud Platform: A practical guide to operationalizing scalable data analytics systems on GCP', 'Adi Wijaya', '41.', '4.7 out of 5 stars')
[2024-10-08T05:10:29.766+0000] {sql.py:518} INFO - Rows affected: 1
[2024-10-08T05:10:29.783+0000] {base.py:84} INFO - Retrieving connection 'books_connection'
[2024-10-08T05:10:29.792+0000] {sql.py:509} INFO - Running statement: 
    INSERT INTO books (title, authors, price, rating)
    VALUES (%s, %s, %s, %s)
    , parameters: ('DATA ENGINEERING AND AI FOR BEGINNERS: Revolutionizing Data Processing and Analytics by Leveraging Artificial Intelligence for Efficient Input Collection, Storage, and Transformation (World of AI)', 'Paperback', '13.', '4.3 out of 5 stars')
[2024-10-08T05:10:29.795+0000] {sql.py:518} INFO - Rows affected: 1
[2024-10-08T05:10:29.814+0000] {base.py:84} INFO - Retrieving connection 'books_connection'
[2024-10-08T05:10:29.820+0000] {sql.py:509} INFO - Running statement: 
    INSERT INTO books (title, authors, price, rating)
    VALUES (%s, %s, %s, %s)
    , parameters: ('Data Privacy: A runbook for engineers', 'Nishant Bhajaria', '35.', '4.8 out of 5 stars')
[2024-10-08T05:10:29.822+0000] {sql.py:518} INFO - Rows affected: 1
[2024-10-08T05:10:29.833+0000] {base.py:84} INFO - Retrieving connection 'books_connection'
[2024-10-08T05:10:29.842+0000] {sql.py:509} INFO - Running statement: 
    INSERT INTO books (title, authors, price, rating)
    VALUES (%s, %s, %s, %s)
    , parameters: ('Data Engineering Fundamentals for Beginners: Mastering the Art of Building, Managing, and Scaling Data Systems', 'Paperback', '14.', '5.0 out of 5 stars')
[2024-10-08T05:10:29.844+0000] {sql.py:518} INFO - Rows affected: 1
[2024-10-08T05:10:29.858+0000] {base.py:84} INFO - Retrieving connection 'books_connection'
[2024-10-08T05:10:29.863+0000] {sql.py:509} INFO - Running statement: 
    INSERT INTO books (title, authors, price, rating)
    VALUES (%s, %s, %s, %s)
    , parameters: ('Data Engineering with Apache Spark, Delta Lake, and Lakehouse: Create scalable pipelines that ingest, curate, and aggregate complex data in a timely and secure way', 'Manoj Kukreja', '46.', '3.9 out of 5 stars')
[2024-10-08T05:10:29.866+0000] {sql.py:518} INFO - Rows affected: 1
[2024-10-08T05:10:29.872+0000] {base.py:84} INFO - Retrieving connection 'books_connection'
[2024-10-08T05:10:29.875+0000] {sql.py:509} INFO - Running statement: 
    INSERT INTO books (title, authors, price, rating)
    VALUES (%s, %s, %s, %s)
    , parameters: ('Data-Driven Science and Engineering: Machine Learning, Dynamical Systems, and Control', 'Steven L. Brunton', '64.', '4.8 out of 5 stars')
[2024-10-08T05:10:29.876+0000] {sql.py:518} INFO - Rows affected: 1
[2024-10-08T05:10:29.881+0000] {base.py:84} INFO - Retrieving connection 'books_connection'
[2024-10-08T05:10:29.887+0000] {sql.py:509} INFO - Running statement: 
    INSERT INTO books (title, authors, price, rating)
    VALUES (%s, %s, %s, %s)
    , parameters: ('Data Engineering with Google Cloud Platform: A guide to leveling up as a data engineer by building a scalable data platform with Google Cloud', 'Adi Wijaya', '40.', '4.8 out of 5 stars')
[2024-10-08T05:10:29.888+0000] {sql.py:518} INFO - Rows affected: 1
[2024-10-08T05:10:29.897+0000] {base.py:84} INFO - Retrieving connection 'books_connection'
[2024-10-08T05:10:29.924+0000] {sql.py:509} INFO - Running statement: 
    INSERT INTO books (title, authors, price, rating)
    VALUES (%s, %s, %s, %s)
    , parameters: ('97 Things Every Data Engineer Should Know: Collective Wisdom from the Experts', 'Tobias Macey', '28.', '4.1 out of 5 stars')
[2024-10-08T05:10:29.927+0000] {sql.py:518} INFO - Rows affected: 1
[2024-10-08T05:10:29.938+0000] {base.py:84} INFO - Retrieving connection 'books_connection'
[2024-10-08T05:10:29.941+0000] {sql.py:509} INFO - Running statement: 
    INSERT INTO books (title, authors, price, rating)
    VALUES (%s, %s, %s, %s)
    , parameters: ('Python Data Engineering Resources: Forge Your Path to Success in Data Engineering, Machine Learning and AI', 'Vajo Lukic', '0.', '4.9 out of 5 stars')
[2024-10-08T05:10:29.942+0000] {sql.py:518} INFO - Rows affected: 1
[2024-10-08T05:10:29.951+0000] {base.py:84} INFO - Retrieving connection 'books_connection'
[2024-10-08T05:10:29.954+0000] {sql.py:509} INFO - Running statement: 
    INSERT INTO books (title, authors, price, rating)
    VALUES (%s, %s, %s, %s)
    , parameters: ('Analytics Engineering with SQL and dbt: Building Meaningful Data Models at Scale', 'Rui Pedro Machado', '41.', '3.9 out of 5 stars')
[2024-10-08T05:10:29.955+0000] {sql.py:518} INFO - Rows affected: 1
[2024-10-08T05:10:29.962+0000] {base.py:84} INFO - Retrieving connection 'books_connection'
[2024-10-08T05:10:29.964+0000] {sql.py:509} INFO - Running statement: 
    INSERT INTO books (title, authors, price, rating)
    VALUES (%s, %s, %s, %s)
    , parameters: ('Data Engineering with Scala and Spark: Build streaming and batch pipelines that process massive amounts of data using Scala', 'Eric Tome', '29.', '4.1 out of 5 stars')
[2024-10-08T05:10:29.966+0000] {sql.py:518} INFO - Rows affected: 1
[2024-10-08T05:10:29.976+0000] {base.py:84} INFO - Retrieving connection 'books_connection'
[2024-10-08T05:10:29.979+0000] {sql.py:509} INFO - Running statement: 
    INSERT INTO books (title, authors, price, rating)
    VALUES (%s, %s, %s, %s)
    , parameters: ('Storytelling with Data: A Data Visualization Guide for Business Professionals', 'Cole Nussbaumer Knaflic', '27.', '4.6 out of 5 stars')
[2024-10-08T05:10:29.980+0000] {sql.py:518} INFO - Rows affected: 1
[2024-10-08T05:10:29.990+0000] {base.py:84} INFO - Retrieving connection 'books_connection'
[2024-10-08T05:10:29.993+0000] {sql.py:509} INFO - Running statement: 
    INSERT INTO books (title, authors, price, rating)
    VALUES (%s, %s, %s, %s)
    , parameters: ('Data Mesh: Delivering Data-Driven Value at Scale', 'Zhamak Dehghani', '43.', '4.5 out of 5 stars')
[2024-10-08T05:10:29.993+0000] {sql.py:518} INFO - Rows affected: 1
[2024-10-08T05:10:30.004+0000] {base.py:84} INFO - Retrieving connection 'books_connection'
[2024-10-08T05:10:30.006+0000] {sql.py:509} INFO - Running statement: 
    INSERT INTO books (title, authors, price, rating)
    VALUES (%s, %s, %s, %s)
    , parameters: ('Data Engineering 101', 'Kindle', '0.', '3.9 out of 5 stars')
[2024-10-08T05:10:30.008+0000] {sql.py:518} INFO - Rows affected: 1
[2024-10-08T05:10:30.013+0000] {base.py:84} INFO - Retrieving connection 'books_connection'
[2024-10-08T05:10:30.015+0000] {sql.py:509} INFO - Running statement: 
    INSERT INTO books (title, authors, price, rating)
    VALUES (%s, %s, %s, %s)
    , parameters: ('Data Modeling with Snowflake: A practical guide to accelerating Snowflake development using universal data modeling techniques', 'Serge Gershkovich', '36.', '4.8 out of 5 stars')
[2024-10-08T05:10:30.016+0000] {sql.py:518} INFO - Rows affected: 1
[2024-10-08T05:10:30.024+0000] {base.py:84} INFO - Retrieving connection 'books_connection'
[2024-10-08T05:10:30.026+0000] {sql.py:509} INFO - Running statement: 
    INSERT INTO books (title, authors, price, rating)
    VALUES (%s, %s, %s, %s)
    , parameters: ('Official Google Cloud Certified Professional Data Engineer Study Guide', 'Dan Sullivan', '33.', '4.5 out of 5 stars')
[2024-10-08T05:10:30.027+0000] {sql.py:518} INFO - Rows affected: 1
[2024-10-08T05:10:30.032+0000] {base.py:84} INFO - Retrieving connection 'books_connection'
[2024-10-08T05:10:30.040+0000] {sql.py:509} INFO - Running statement: 
    INSERT INTO books (title, authors, price, rating)
    VALUES (%s, %s, %s, %s)
    , parameters: ('Machine Learning Engineering', 'Andriy Burkov', '39.', '4.7 out of 5 stars')
[2024-10-08T05:10:30.043+0000] {sql.py:518} INFO - Rows affected: 1
[2024-10-08T05:10:30.051+0000] {base.py:84} INFO - Retrieving connection 'books_connection'
[2024-10-08T05:10:30.055+0000] {sql.py:509} INFO - Running statement: 
    INSERT INTO books (title, authors, price, rating)
    VALUES (%s, %s, %s, %s)
    , parameters: ('Fundamentals of Data Observability: Implement Trustworthy End-to-End Data Solutions', 'Andy Petrella', '36.', '4.0 out of 5 stars')
[2024-10-08T05:10:30.058+0000] {sql.py:518} INFO - Rows affected: 1
[2024-10-08T05:10:30.065+0000] {base.py:84} INFO - Retrieving connection 'books_connection'
[2024-10-08T05:10:30.071+0000] {sql.py:509} INFO - Running statement: 
    INSERT INTO books (title, authors, price, rating)
    VALUES (%s, %s, %s, %s)
    , parameters: ('Modern Data Engineering with Apache Spark: A Hands-On Guide for Building Mission-Critical Streaming Applications', 'Scott Haines', '29.', '4.1 out of 5 stars')
[2024-10-08T05:10:30.072+0000] {sql.py:518} INFO - Rows affected: 1
[2024-10-08T05:10:30.078+0000] {base.py:84} INFO - Retrieving connection 'books_connection'
[2024-10-08T05:10:30.082+0000] {sql.py:509} INFO - Running statement: 
    INSERT INTO books (title, authors, price, rating)
    VALUES (%s, %s, %s, %s)
    , parameters: ('Python Feature Engineering Cookbook: A complete guide to crafting powerful features for your machine learning models', 'Soledad Galli', '44.', '5.0 out of 5 stars')
[2024-10-08T05:10:30.083+0000] {sql.py:518} INFO - Rows affected: 1
[2024-10-08T05:10:30.089+0000] {base.py:84} INFO - Retrieving connection 'books_connection'
[2024-10-08T05:10:30.092+0000] {sql.py:509} INFO - Running statement: 
    INSERT INTO books (title, authors, price, rating)
    VALUES (%s, %s, %s, %s)
    , parameters: ('Data Engineering with Databricks', 'Kindle', '0.', '3.4 out of 5 stars')
[2024-10-08T05:10:30.093+0000] {sql.py:518} INFO - Rows affected: 1
[2024-10-08T05:10:30.100+0000] {base.py:84} INFO - Retrieving connection 'books_connection'
[2024-10-08T05:10:30.103+0000] {sql.py:509} INFO - Running statement: 
    INSERT INTO books (title, authors, price, rating)
    VALUES (%s, %s, %s, %s)
    , parameters: ('Azure Data Factory by Example: Practical Implementation for Data Engineers', 'Richard Swinbank', '33.', '4.2 out of 5 stars')
[2024-10-08T05:10:30.104+0000] {sql.py:518} INFO - Rows affected: 1
[2024-10-08T05:10:30.119+0000] {base.py:84} INFO - Retrieving connection 'books_connection'
[2024-10-08T05:10:30.124+0000] {sql.py:509} INFO - Running statement: 
    INSERT INTO books (title, authors, price, rating)
    VALUES (%s, %s, %s, %s)
    , parameters: ('Data Quality Engineering in Financial Services: Applying Manufacturing Techniques to Data', 'Brian Buzzelli', '30.', '4.4 out of 5 stars')
[2024-10-08T05:10:30.125+0000] {sql.py:518} INFO - Rows affected: 1
[2024-10-08T05:10:30.134+0000] {base.py:84} INFO - Retrieving connection 'books_connection'
[2024-10-08T05:10:30.141+0000] {sql.py:509} INFO - Running statement: 
    INSERT INTO books (title, authors, price, rating)
    VALUES (%s, %s, %s, %s)
    , parameters: ('Prompt Engineering for Generative AI: Future-Proof Inputs for Reliable AI Outputs', 'James Phoenix', '53.', '4.5 out of 5 stars')
[2024-10-08T05:10:30.142+0000] {sql.py:518} INFO - Rows affected: 1
[2024-10-08T05:10:30.148+0000] {base.py:84} INFO - Retrieving connection 'books_connection'
[2024-10-08T05:10:30.151+0000] {sql.py:509} INFO - Running statement: 
    INSERT INTO books (title, authors, price, rating)
    VALUES (%s, %s, %s, %s)
    , parameters: ('Data Observability for Data Engineering: Proactive strategies for ensuring data accuracy and addressing broken data pipelines', 'Michele Pinto', '18.', '3.7 out of 5 stars')
[2024-10-08T05:10:30.154+0000] {sql.py:518} INFO - Rows affected: 1
[2024-10-08T05:10:30.171+0000] {base.py:84} INFO - Retrieving connection 'books_connection'
[2024-10-08T05:10:30.179+0000] {sql.py:509} INFO - Running statement: 
    INSERT INTO books (title, authors, price, rating)
    VALUES (%s, %s, %s, %s)
    , parameters: ('Better Data Visualizations: A Guide for Scholars, Researchers, and Wonks', 'Jonathan Schwabish', '26.', '4.5 out of 5 stars')
[2024-10-08T05:10:30.183+0000] {sql.py:518} INFO - Rows affected: 1
[2024-10-08T05:10:30.195+0000] {base.py:84} INFO - Retrieving connection 'books_connection'
[2024-10-08T05:10:30.205+0000] {sql.py:509} INFO - Running statement: 
    INSERT INTO books (title, authors, price, rating)
    VALUES (%s, %s, %s, %s)
    , parameters: ("Applied Machine Learning and AI for Engineers: Solve Business Problems That Can't Be Solved Algorithmically", 'Jeff Prosise', '70.', '4.5 out of 5 stars')
[2024-10-08T05:10:30.209+0000] {sql.py:518} INFO - Rows affected: 1
[2024-10-08T05:10:30.221+0000] {base.py:84} INFO - Retrieving connection 'books_connection'
[2024-10-08T05:10:30.224+0000] {sql.py:509} INFO - Running statement: 
    INSERT INTO books (title, authors, price, rating)
    VALUES (%s, %s, %s, %s)
    , parameters: ('Python Feature Engineering Cookbook: Over 70 recipes for creating, engineering, and transforming features to build machine learning models, 2nd Edition', 'Soledad Galli', '44.', '4.4 out of 5 stars')
[2024-10-08T05:10:30.225+0000] {sql.py:518} INFO - Rows affected: 1
[2024-10-08T05:10:30.228+0000] {python.py:240} INFO - Done. Returned value was: None
[2024-10-08T05:10:30.240+0000] {taskinstance.py:340} INFO - ::group::Post task execution logs
[2024-10-08T05:10:30.246+0000] {taskinstance.py:352} INFO - Marking task as SUCCESS. dag_id=fetch_and_store_amazon_books, task_id=insert_book_data, run_id=scheduled__2024-07-06T00:00:00+00:00, execution_date=20240706T000000, start_date=20241008T051028, end_date=20241008T051030
[2024-10-08T05:10:30.272+0000] {logging_mixin.py:190} INFO - Task instance in success state
[2024-10-08T05:10:30.276+0000] {logging_mixin.py:190} INFO -  Previous state of the Task instance: running
[2024-10-08T05:10:30.276+0000] {logging_mixin.py:190} INFO - Dag name:fetch_and_store_amazon_books queued_at:2024-10-08 05:10:16.596941+00:00
[2024-10-08T05:10:30.277+0000] {logging_mixin.py:190} INFO - Task hostname:a344f6bef387 operator:PythonOperator
[2024-10-08T05:10:30.328+0000] {local_task_job_runner.py:261} INFO - Task exited with return code 0
[2024-10-08T05:10:30.397+0000] {taskinstance.py:3891} INFO - 0 downstream tasks scheduled from follow-on schedule check
[2024-10-08T05:10:30.398+0000] {local_task_job_runner.py:240} INFO - ::endgroup::
