[2024-10-08T05:27:42.598+0000] {local_task_job_runner.py:123} INFO - ::group::Pre task execution logs
[2024-10-08T05:27:42.605+0000] {taskinstance.py:2603} INFO - Dependencies all met for dep_context=non-requeueable deps ti=<TaskInstance: fetch_and_store_amazon_books.insert_book_data scheduled__2024-08-17T00:00:00+00:00 [queued]>
[2024-10-08T05:27:42.608+0000] {taskinstance.py:2603} INFO - Dependencies all met for dep_context=requeueable deps ti=<TaskInstance: fetch_and_store_amazon_books.insert_book_data scheduled__2024-08-17T00:00:00+00:00 [queued]>
[2024-10-08T05:27:42.608+0000] {taskinstance.py:2856} INFO - Starting attempt 1 of 2
[2024-10-08T05:27:42.614+0000] {taskinstance.py:2879} INFO - Executing <Task(PythonOperator): insert_book_data> on 2024-08-17 00:00:00+00:00
[2024-10-08T05:27:42.618+0000] {warnings.py:112} WARNING - /home/***/.local/lib/python3.12/site-packages/***/task/task_runner/standard_task_runner.py:70: DeprecationWarning: This process (pid=79) is multi-threaded, use of fork() may lead to deadlocks in the child.
  pid = os.fork()

[2024-10-08T05:27:42.619+0000] {standard_task_runner.py:72} INFO - Started process 81 to run task
[2024-10-08T05:27:42.619+0000] {standard_task_runner.py:104} INFO - Running: ['***', 'tasks', 'run', 'fetch_and_store_amazon_books', 'insert_book_data', 'scheduled__2024-08-17T00:00:00+00:00', '--job-id', '122', '--raw', '--subdir', 'DAGS_FOLDER/app.py', '--cfg-path', '/tmp/tmpe7me0l4e']
[2024-10-08T05:27:42.620+0000] {standard_task_runner.py:105} INFO - Job 122: Subtask insert_book_data
[2024-10-08T05:27:42.644+0000] {task_command.py:467} INFO - Running <TaskInstance: fetch_and_store_amazon_books.insert_book_data scheduled__2024-08-17T00:00:00+00:00 [running]> on host 475658bd4f83
[2024-10-08T05:27:42.688+0000] {taskinstance.py:3122} INFO - Exporting env vars: AIRFLOW_CTX_DAG_OWNER='***' AIRFLOW_CTX_DAG_ID='fetch_and_store_amazon_books' AIRFLOW_CTX_TASK_ID='insert_book_data' AIRFLOW_CTX_EXECUTION_DATE='2024-08-17T00:00:00+00:00' AIRFLOW_CTX_TRY_NUMBER='1' AIRFLOW_CTX_DAG_RUN_ID='scheduled__2024-08-17T00:00:00+00:00'
[2024-10-08T05:27:42.689+0000] {logging_mixin.py:190} INFO - Task instance is in running state
[2024-10-08T05:27:42.689+0000] {logging_mixin.py:190} INFO -  Previous state of the Task instance: queued
[2024-10-08T05:27:42.689+0000] {logging_mixin.py:190} INFO - Current task name:insert_book_data state:running start_date:2024-10-08 05:27:42.605640+00:00
[2024-10-08T05:27:42.689+0000] {logging_mixin.py:190} INFO - Dag name:fetch_and_store_amazon_books and current dag run status:running
[2024-10-08T05:27:42.689+0000] {taskinstance.py:731} INFO - ::endgroup::
[2024-10-08T05:27:42.698+0000] {base.py:84} INFO - Retrieving connection 'books_connection'
[2024-10-08T05:27:42.701+0000] {sql.py:509} INFO - Running statement: 
    INSERT INTO books (title, authors, price, rating)
    VALUES (%s, %s, %s, %s)
    , parameters: ('Data Engineering with AWS - Second Edition: Acquire the skills to design and build AWS-based data transformation pipelines like a pro', 'Gareth Eagar', '41.', '4.4 out of 5 stars')
[2024-10-08T05:27:42.701+0000] {sql.py:518} INFO - Rows affected: 1
[2024-10-08T05:27:42.706+0000] {base.py:84} INFO - Retrieving connection 'books_connection'
[2024-10-08T05:27:42.708+0000] {sql.py:509} INFO - Running statement: 
    INSERT INTO books (title, authors, price, rating)
    VALUES (%s, %s, %s, %s)
    , parameters: ('Azure Data Engineer Associate Certification Guide: Ace the DP-203 exam with advanced data engineering skills', 'Giacinto Palmieri', '49.', '4.4 out of 5 stars')
[2024-10-08T05:27:42.708+0000] {sql.py:518} INFO - Rows affected: 1
[2024-10-08T05:27:42.711+0000] {base.py:84} INFO - Retrieving connection 'books_connection'
[2024-10-08T05:27:42.713+0000] {sql.py:509} INFO - Running statement: 
    INSERT INTO books (title, authors, price, rating)
    VALUES (%s, %s, %s, %s)
    , parameters: ("Azure Data Factory Cookbook: A data engineer's guide to building and managing ETL and ELT pipelines with data integration", 'Dmitry Foshin', '51.', '4.2 out of 5 stars')
[2024-10-08T05:27:42.713+0000] {sql.py:518} INFO - Rows affected: 1
[2024-10-08T05:27:42.716+0000] {base.py:84} INFO - Retrieving connection 'books_connection'
[2024-10-08T05:27:42.718+0000] {sql.py:509} INFO - Running statement: 
    INSERT INTO books (title, authors, price, rating)
    VALUES (%s, %s, %s, %s)
    , parameters: ('Fundamentals of Data Engineering: Plan and Build Robust Data Systems', 'Joe Reis', '25.', '4.7 out of 5 stars')
[2024-10-08T05:27:42.718+0000] {sql.py:518} INFO - Rows affected: 1
[2024-10-08T05:27:42.721+0000] {base.py:84} INFO - Retrieving connection 'books_connection'
[2024-10-08T05:27:42.723+0000] {sql.py:509} INFO - Running statement: 
    INSERT INTO books (title, authors, price, rating)
    VALUES (%s, %s, %s, %s)
    , parameters: ('Designing Data-Intensive Applications: The Big Ideas Behind Reliable, Scalable, and Maintainable Systems', 'Martin Kleppmann', '55.', '4.7 out of 5 stars')
[2024-10-08T05:27:42.724+0000] {sql.py:518} INFO - Rows affected: 1
[2024-10-08T05:27:42.727+0000] {base.py:84} INFO - Retrieving connection 'books_connection'
[2024-10-08T05:27:42.729+0000] {sql.py:509} INFO - Running statement: 
    INSERT INTO books (title, authors, price, rating)
    VALUES (%s, %s, %s, %s)
    , parameters: ('Data Engineering with Python: Work with massive datasets to design data models and automate data pipelines using Python', 'Paul Crickard', '37.', '4.1 out of 5 stars')
[2024-10-08T05:27:42.730+0000] {sql.py:518} INFO - Rows affected: 1
[2024-10-08T05:27:42.733+0000] {base.py:84} INFO - Retrieving connection 'books_connection'
[2024-10-08T05:27:42.734+0000] {sql.py:509} INFO - Running statement: 
    INSERT INTO books (title, authors, price, rating)
    VALUES (%s, %s, %s, %s)
    , parameters: ('Cracking the Data Engineering Interview: Land your dream job with the help of resume-building tips, over 100 mock questions, and a unique portfolio', 'Kedeisha Bryan', '26.', '4.4 out of 5 stars')
[2024-10-08T05:27:42.735+0000] {sql.py:518} INFO - Rows affected: 1
[2024-10-08T05:27:42.738+0000] {base.py:84} INFO - Retrieving connection 'books_connection'
[2024-10-08T05:27:42.739+0000] {sql.py:509} INFO - Running statement: 
    INSERT INTO books (title, authors, price, rating)
    VALUES (%s, %s, %s, %s)
    , parameters: ('Data Pipelines Pocket Reference: Moving and Processing Data for Analytics', 'James Densmore', '17.', '4.5 out of 5 stars')
[2024-10-08T05:27:42.740+0000] {sql.py:518} INFO - Rows affected: 1
[2024-10-08T05:27:42.743+0000] {base.py:84} INFO - Retrieving connection 'books_connection'
[2024-10-08T05:27:42.745+0000] {sql.py:509} INFO - Running statement: 
    INSERT INTO books (title, authors, price, rating)
    VALUES (%s, %s, %s, %s)
    , parameters: ('Ace the Data Science Interview: 201 Real Interview Questions Asked By FAANG, Tech Startups, & Wall Street', 'Nick Singh', '42.', '4.5 out of 5 stars')
[2024-10-08T05:27:42.745+0000] {sql.py:518} INFO - Rows affected: 1
[2024-10-08T05:27:42.748+0000] {base.py:84} INFO - Retrieving connection 'books_connection'
[2024-10-08T05:27:42.750+0000] {sql.py:509} INFO - Running statement: 
    INSERT INTO books (title, authors, price, rating)
    VALUES (%s, %s, %s, %s)
    , parameters: ('Ace the Data Engineering Interview: Questions and Answers for Python, SQL, Data Modeling and More', 'Sean Coyne', '24.', '3.8 out of 5 stars')
[2024-10-08T05:27:42.750+0000] {sql.py:518} INFO - Rows affected: 1
[2024-10-08T05:27:42.753+0000] {base.py:84} INFO - Retrieving connection 'books_connection'
[2024-10-08T05:27:42.755+0000] {sql.py:509} INFO - Running statement: 
    INSERT INTO books (title, authors, price, rating)
    VALUES (%s, %s, %s, %s)
    , parameters: ('Data Engineering with Databricks Cookbook: Build effective data and AI solutions using Apache Spark, Databricks, and Delta Lake', 'Pulkit Chadha', '49.', '4.3 out of 5 stars')
[2024-10-08T05:27:42.756+0000] {sql.py:518} INFO - Rows affected: 1
[2024-10-08T05:27:42.759+0000] {base.py:84} INFO - Retrieving connection 'books_connection'
[2024-10-08T05:27:42.760+0000] {sql.py:509} INFO - Running statement: 
    INSERT INTO books (title, authors, price, rating)
    VALUES (%s, %s, %s, %s)
    , parameters: ('Software Engineering for Data Scientists: From Notebooks to Scalable Systems', 'Catherine Nelson', '51.', '4.4 out of 5 stars')
[2024-10-08T05:27:42.761+0000] {sql.py:518} INFO - Rows affected: 1
[2024-10-08T05:27:42.764+0000] {base.py:84} INFO - Retrieving connection 'books_connection'
[2024-10-08T05:27:42.767+0000] {sql.py:509} INFO - Running statement: 
    INSERT INTO books (title, authors, price, rating)
    VALUES (%s, %s, %s, %s)
    , parameters: ('Data Engineering with dbt: A practical guide to building a cloud-based, pragmatic, and dependable data platform with SQL', 'Roberto Zagni', '37.', '4.6 out of 5 stars')
[2024-10-08T05:27:42.767+0000] {sql.py:518} INFO - Rows affected: 1
[2024-10-08T05:27:42.771+0000] {base.py:84} INFO - Retrieving connection 'books_connection'
[2024-10-08T05:27:42.773+0000] {sql.py:509} INFO - Running statement: 
    INSERT INTO books (title, authors, price, rating)
    VALUES (%s, %s, %s, %s)
    , parameters: ('Essentials of Data Engineering', 'Dr. Mukesh Saini', '19.', '5.0 out of 5 stars')
[2024-10-08T05:27:42.773+0000] {sql.py:518} INFO - Rows affected: 1
[2024-10-08T05:27:42.776+0000] {base.py:84} INFO - Retrieving connection 'books_connection'
[2024-10-08T05:27:42.779+0000] {sql.py:509} INFO - Running statement: 
    INSERT INTO books (title, authors, price, rating)
    VALUES (%s, %s, %s, %s)
    , parameters: ('Data Engineering with AWS: Learn how to design and build cloud-based data transformation pipelines using AWS', 'Gareth Eagar', '49.', '4.4 out of 5 stars')
[2024-10-08T05:27:42.779+0000] {sql.py:518} INFO - Rows affected: 1
[2024-10-08T05:27:42.782+0000] {base.py:84} INFO - Retrieving connection 'books_connection'
[2024-10-08T05:27:42.784+0000] {sql.py:509} INFO - Running statement: 
    INSERT INTO books (title, authors, price, rating)
    VALUES (%s, %s, %s, %s)
    , parameters: ('Data Engineering with Python cookbook: Learn to build efficient data pipelines using the Modern Cloud Data Stack', 'Adithyan Ramanujakootam', '32.', '5.0 out of 5 stars')
[2024-10-08T05:27:42.784+0000] {sql.py:518} INFO - Rows affected: 1
[2024-10-08T05:27:42.787+0000] {base.py:84} INFO - Retrieving connection 'books_connection'
[2024-10-08T05:27:42.789+0000] {sql.py:509} INFO - Running statement: 
    INSERT INTO books (title, authors, price, rating)
    VALUES (%s, %s, %s, %s)
    , parameters: ("Data Quality Fundamentals: A Practitioner's Guide to Building Trustworthy Data Pipelines", 'Paperback', '45.', '4.1 out of 5 stars')
[2024-10-08T05:27:42.789+0000] {sql.py:518} INFO - Rows affected: 1
[2024-10-08T05:27:42.792+0000] {base.py:84} INFO - Retrieving connection 'books_connection'
[2024-10-08T05:27:42.794+0000] {sql.py:509} INFO - Running statement: 
    INSERT INTO books (title, authors, price, rating)
    VALUES (%s, %s, %s, %s)
    , parameters: ("Data: Principles To Practice - Volume 1 'Foundations': Essential Foundations: Key Concepts behind Data Architecture, Engineering and Analysis for Professionals", 'Mr Alex Holloway', '12.', '4.6 out of 5 stars')
[2024-10-08T05:27:42.795+0000] {sql.py:518} INFO - Rows affected: 1
[2024-10-08T05:27:42.798+0000] {base.py:84} INFO - Retrieving connection 'books_connection'
[2024-10-08T05:27:42.800+0000] {sql.py:509} INFO - Running statement: 
    INSERT INTO books (title, authors, price, rating)
    VALUES (%s, %s, %s, %s)
    , parameters: ("Data Management Strategy at Microsoft: Best practices from a tech giant's decade-long data transformation journey", 'Aleksejs Plotnikovs', '39.', '5.0 out of 5 stars')
[2024-10-08T05:27:42.801+0000] {sql.py:518} INFO - Rows affected: 1
[2024-10-08T05:27:42.804+0000] {base.py:84} INFO - Retrieving connection 'books_connection'
[2024-10-08T05:27:42.805+0000] {sql.py:509} INFO - Running statement: 
    INSERT INTO books (title, authors, price, rating)
    VALUES (%s, %s, %s, %s)
    , parameters: ('Data Engineering with AWS: Building Scalable Data Pipelines in the Cloud', 'May Sherry', '14.', '5.0 out of 5 stars')
[2024-10-08T05:27:42.806+0000] {sql.py:518} INFO - Rows affected: 1
[2024-10-08T05:27:42.809+0000] {base.py:84} INFO - Retrieving connection 'books_connection'
[2024-10-08T05:27:42.811+0000] {sql.py:509} INFO - Running statement: 
    INSERT INTO books (title, authors, price, rating)
    VALUES (%s, %s, %s, %s)
    , parameters: ('Data Engineering with Google Cloud Platform: A practical guide to operationalizing scalable data analytics systems on GCP', 'Adi Wijaya', '41.', '4.7 out of 5 stars')
[2024-10-08T05:27:42.812+0000] {sql.py:518} INFO - Rows affected: 1
[2024-10-08T05:27:42.815+0000] {base.py:84} INFO - Retrieving connection 'books_connection'
[2024-10-08T05:27:42.816+0000] {sql.py:509} INFO - Running statement: 
    INSERT INTO books (title, authors, price, rating)
    VALUES (%s, %s, %s, %s)
    , parameters: ("Ultimate Data Engineering with Databricks: Develop Scalable Data Pipelines Using Data Engineering's Core Tenets Such as Delta Tables, Ingestion, ... Security, and Scalability (English Edition)", 'Mayank Malhotra', '37.', '4.1 out of 5 stars')
[2024-10-08T05:27:42.817+0000] {sql.py:518} INFO - Rows affected: 1
[2024-10-08T05:27:42.819+0000] {base.py:84} INFO - Retrieving connection 'books_connection'
[2024-10-08T05:27:42.823+0000] {sql.py:509} INFO - Running statement: 
    INSERT INTO books (title, authors, price, rating)
    VALUES (%s, %s, %s, %s)
    , parameters: ('DATA ENGINEERING AND AI FOR BEGINNERS: Revolutionizing Data Processing and Analytics by Leveraging Artificial Intelligence for Efficient Input Collection, Storage, and Transformation (World of AI)', 'Paperback', '13.', '4.3 out of 5 stars')
[2024-10-08T05:27:42.824+0000] {sql.py:518} INFO - Rows affected: 1
[2024-10-08T05:27:42.827+0000] {base.py:84} INFO - Retrieving connection 'books_connection'
[2024-10-08T05:27:42.829+0000] {sql.py:509} INFO - Running statement: 
    INSERT INTO books (title, authors, price, rating)
    VALUES (%s, %s, %s, %s)
    , parameters: ('Data Engineering with Apache Spark, Delta Lake, and Lakehouse: Create scalable pipelines that ingest, curate, and aggregate complex data in a timely and secure way', 'Manoj Kukreja', '46.', '3.9 out of 5 stars')
[2024-10-08T05:27:42.829+0000] {sql.py:518} INFO - Rows affected: 1
[2024-10-08T05:27:42.832+0000] {base.py:84} INFO - Retrieving connection 'books_connection'
[2024-10-08T05:27:42.833+0000] {sql.py:509} INFO - Running statement: 
    INSERT INTO books (title, authors, price, rating)
    VALUES (%s, %s, %s, %s)
    , parameters: ('Fundamentals of Data Engineering: A Comprehensive Guide to Designing, Building, and Managing Data Pipelines, Storage Solutions, and Processing Frameworks.', 'Paperback', '14.', '5.0 out of 5 stars')
[2024-10-08T05:27:42.834+0000] {sql.py:518} INFO - Rows affected: 1
[2024-10-08T05:27:42.837+0000] {base.py:84} INFO - Retrieving connection 'books_connection'
[2024-10-08T05:27:42.838+0000] {sql.py:509} INFO - Running statement: 
    INSERT INTO books (title, authors, price, rating)
    VALUES (%s, %s, %s, %s)
    , parameters: ('Data-Driven Science and Engineering: Machine Learning, Dynamical Systems, and Control', 'Steven L. Brunton', '64.', '4.8 out of 5 stars')
[2024-10-08T05:27:42.839+0000] {sql.py:518} INFO - Rows affected: 1
[2024-10-08T05:27:42.842+0000] {base.py:84} INFO - Retrieving connection 'books_connection'
[2024-10-08T05:27:42.843+0000] {sql.py:509} INFO - Running statement: 
    INSERT INTO books (title, authors, price, rating)
    VALUES (%s, %s, %s, %s)
    , parameters: ('Data Engineering with Google Cloud Platform: A guide to leveling up as a data engineer by building a scalable data platform with Google Cloud', 'Adi Wijaya', '40.', '4.8 out of 5 stars')
[2024-10-08T05:27:42.844+0000] {sql.py:518} INFO - Rows affected: 1
[2024-10-08T05:27:42.847+0000] {base.py:84} INFO - Retrieving connection 'books_connection'
[2024-10-08T05:27:42.848+0000] {sql.py:509} INFO - Running statement: 
    INSERT INTO books (title, authors, price, rating)
    VALUES (%s, %s, %s, %s)
    , parameters: ('97 Things Every Data Engineer Should Know: Collective Wisdom from the Experts', 'Tobias Macey', '28.', '4.1 out of 5 stars')
[2024-10-08T05:27:42.849+0000] {sql.py:518} INFO - Rows affected: 1
[2024-10-08T05:27:42.853+0000] {base.py:84} INFO - Retrieving connection 'books_connection'
[2024-10-08T05:27:42.856+0000] {sql.py:509} INFO - Running statement: 
    INSERT INTO books (title, authors, price, rating)
    VALUES (%s, %s, %s, %s)
    , parameters: ('Data Engineering with AWS', 'May Sherry', '14.', '5.0 out of 5 stars')
[2024-10-08T05:27:42.857+0000] {sql.py:518} INFO - Rows affected: 1
[2024-10-08T05:27:42.862+0000] {base.py:84} INFO - Retrieving connection 'books_connection'
[2024-10-08T05:27:42.865+0000] {sql.py:509} INFO - Running statement: 
    INSERT INTO books (title, authors, price, rating)
    VALUES (%s, %s, %s, %s)
    , parameters: ('Data Engineering Fundamentals for Beginners: Mastering the Art of Building, Managing, and Scaling Data Systems', 'Paperback', '14.', '5.0 out of 5 stars')
[2024-10-08T05:27:42.866+0000] {sql.py:518} INFO - Rows affected: 1
[2024-10-08T05:27:42.870+0000] {base.py:84} INFO - Retrieving connection 'books_connection'
[2024-10-08T05:27:42.873+0000] {sql.py:509} INFO - Running statement: 
    INSERT INTO books (title, authors, price, rating)
    VALUES (%s, %s, %s, %s)
    , parameters: ('Python Data Engineering Resources: Forge Your Path to Success in Data Engineering, Machine Learning and AI', 'Vajo Lukic', '0.', '4.9 out of 5 stars')
[2024-10-08T05:27:42.874+0000] {sql.py:518} INFO - Rows affected: 1
[2024-10-08T05:27:42.878+0000] {base.py:84} INFO - Retrieving connection 'books_connection'
[2024-10-08T05:27:42.880+0000] {sql.py:509} INFO - Running statement: 
    INSERT INTO books (title, authors, price, rating)
    VALUES (%s, %s, %s, %s)
    , parameters: ('Analytics Engineering with SQL and dbt: Building Meaningful Data Models at Scale', 'Rui Pedro Machado', '41.', '3.9 out of 5 stars')
[2024-10-08T05:27:42.881+0000] {sql.py:518} INFO - Rows affected: 1
[2024-10-08T05:27:42.885+0000] {base.py:84} INFO - Retrieving connection 'books_connection'
[2024-10-08T05:27:42.888+0000] {sql.py:509} INFO - Running statement: 
    INSERT INTO books (title, authors, price, rating)
    VALUES (%s, %s, %s, %s)
    , parameters: ('Data Engineering with Scala and Spark: Build streaming and batch pipelines that process massive amounts of data using Scala', 'Eric Tome', '29.', '4.1 out of 5 stars')
[2024-10-08T05:27:42.888+0000] {sql.py:518} INFO - Rows affected: 1
[2024-10-08T05:27:42.893+0000] {base.py:84} INFO - Retrieving connection 'books_connection'
[2024-10-08T05:27:42.896+0000] {sql.py:509} INFO - Running statement: 
    INSERT INTO books (title, authors, price, rating)
    VALUES (%s, %s, %s, %s)
    , parameters: ('Data Observability for Data Engineering: Proactive strategies for ensuring data accuracy and addressing broken data pipelines', 'Michele Pinto', '36.', '3.7 out of 5 stars')
[2024-10-08T05:27:42.897+0000] {sql.py:518} INFO - Rows affected: 1
[2024-10-08T05:27:42.900+0000] {base.py:84} INFO - Retrieving connection 'books_connection'
[2024-10-08T05:27:42.902+0000] {sql.py:509} INFO - Running statement: 
    INSERT INTO books (title, authors, price, rating)
    VALUES (%s, %s, %s, %s)
    , parameters: ('Storytelling with Data: A Data Visualization Guide for Business Professionals', 'Cole Nussbaumer Knaflic', '27.', '4.6 out of 5 stars')
[2024-10-08T05:27:42.903+0000] {sql.py:518} INFO - Rows affected: 1
[2024-10-08T05:27:42.906+0000] {base.py:84} INFO - Retrieving connection 'books_connection'
[2024-10-08T05:27:42.908+0000] {sql.py:509} INFO - Running statement: 
    INSERT INTO books (title, authors, price, rating)
    VALUES (%s, %s, %s, %s)
    , parameters: ('Data Mesh: Delivering Data-Driven Value at Scale', 'Zhamak Dehghani', '43.', '4.5 out of 5 stars')
[2024-10-08T05:27:42.909+0000] {sql.py:518} INFO - Rows affected: 1
[2024-10-08T05:27:42.912+0000] {base.py:84} INFO - Retrieving connection 'books_connection'
[2024-10-08T05:27:42.913+0000] {sql.py:509} INFO - Running statement: 
    INSERT INTO books (title, authors, price, rating)
    VALUES (%s, %s, %s, %s)
    , parameters: ('Data Engineering 101', 'Kindle', '0.', '3.9 out of 5 stars')
[2024-10-08T05:27:42.914+0000] {sql.py:518} INFO - Rows affected: 1
[2024-10-08T05:27:42.917+0000] {base.py:84} INFO - Retrieving connection 'books_connection'
[2024-10-08T05:27:42.919+0000] {sql.py:509} INFO - Running statement: 
    INSERT INTO books (title, authors, price, rating)
    VALUES (%s, %s, %s, %s)
    , parameters: ('Data Modeling with Snowflake: A practical guide to accelerating Snowflake development using universal data modeling techniques', 'Serge Gershkovich', '36.', '4.8 out of 5 stars')
[2024-10-08T05:27:42.919+0000] {sql.py:518} INFO - Rows affected: 1
[2024-10-08T05:27:42.922+0000] {base.py:84} INFO - Retrieving connection 'books_connection'
[2024-10-08T05:27:42.923+0000] {sql.py:509} INFO - Running statement: 
    INSERT INTO books (title, authors, price, rating)
    VALUES (%s, %s, %s, %s)
    , parameters: ('Fundamentals of Data Analytics: Learn Essential Skills, Embrace the Future, and Catapult Your Career in the Data-Driven World—A Comprehensive Guide to Data Literacy for Beginners', 'Russell Dawson', '17.', '4.8 out of 5 stars')
[2024-10-08T05:27:42.924+0000] {sql.py:518} INFO - Rows affected: 1
[2024-10-08T05:27:42.927+0000] {base.py:84} INFO - Retrieving connection 'books_connection'
[2024-10-08T05:27:42.928+0000] {sql.py:509} INFO - Running statement: 
    INSERT INTO books (title, authors, price, rating)
    VALUES (%s, %s, %s, %s)
    , parameters: ('Official Google Cloud Certified Professional Data Engineer Study Guide', 'Dan Sullivan', '33.', '4.5 out of 5 stars')
[2024-10-08T05:27:42.929+0000] {sql.py:518} INFO - Rows affected: 1
[2024-10-08T05:27:42.932+0000] {base.py:84} INFO - Retrieving connection 'books_connection'
[2024-10-08T05:27:42.933+0000] {sql.py:509} INFO - Running statement: 
    INSERT INTO books (title, authors, price, rating)
    VALUES (%s, %s, %s, %s)
    , parameters: ('Machine Learning Engineering', 'Andriy Burkov', '39.', '4.7 out of 5 stars')
[2024-10-08T05:27:42.934+0000] {sql.py:518} INFO - Rows affected: 1
[2024-10-08T05:27:42.936+0000] {base.py:84} INFO - Retrieving connection 'books_connection'
[2024-10-08T05:27:42.938+0000] {sql.py:509} INFO - Running statement: 
    INSERT INTO books (title, authors, price, rating)
    VALUES (%s, %s, %s, %s)
    , parameters: ('Data Privacy: A runbook for engineers', 'Nishant Bhajaria', '35.', '4.8 out of 5 stars')
[2024-10-08T05:27:42.938+0000] {sql.py:518} INFO - Rows affected: 1
[2024-10-08T05:27:42.941+0000] {base.py:84} INFO - Retrieving connection 'books_connection'
[2024-10-08T05:27:42.943+0000] {sql.py:509} INFO - Running statement: 
    INSERT INTO books (title, authors, price, rating)
    VALUES (%s, %s, %s, %s)
    , parameters: ('Fundamentals of Data Observability: Implement Trustworthy End-to-End Data Solutions', 'Andy Petrella', '36.', '4.0 out of 5 stars')
[2024-10-08T05:27:42.943+0000] {sql.py:518} INFO - Rows affected: 1
[2024-10-08T05:27:42.946+0000] {base.py:84} INFO - Retrieving connection 'books_connection'
[2024-10-08T05:27:42.948+0000] {sql.py:509} INFO - Running statement: 
    INSERT INTO books (title, authors, price, rating)
    VALUES (%s, %s, %s, %s)
    , parameters: ('Modern Data Engineering with Apache Spark: A Hands-On Guide for Building Mission-Critical Streaming Applications', 'Scott Haines', '28.', '4.1 out of 5 stars')
[2024-10-08T05:27:42.949+0000] {sql.py:518} INFO - Rows affected: 1
[2024-10-08T05:27:42.952+0000] {base.py:84} INFO - Retrieving connection 'books_connection'
[2024-10-08T05:27:42.953+0000] {sql.py:509} INFO - Running statement: 
    INSERT INTO books (title, authors, price, rating)
    VALUES (%s, %s, %s, %s)
    , parameters: ('Python Feature Engineering Cookbook: A complete guide to crafting powerful features for your machine learning models', 'Soledad Galli', '44.', '5.0 out of 5 stars')
[2024-10-08T05:27:42.954+0000] {sql.py:518} INFO - Rows affected: 1
[2024-10-08T05:27:42.957+0000] {base.py:84} INFO - Retrieving connection 'books_connection'
[2024-10-08T05:27:42.959+0000] {sql.py:509} INFO - Running statement: 
    INSERT INTO books (title, authors, price, rating)
    VALUES (%s, %s, %s, %s)
    , parameters: ('Data Engineering with Databricks', 'Kindle', '0.', '3.4 out of 5 stars')
[2024-10-08T05:27:42.959+0000] {sql.py:518} INFO - Rows affected: 1
[2024-10-08T05:27:42.962+0000] {base.py:84} INFO - Retrieving connection 'books_connection'
[2024-10-08T05:27:42.963+0000] {sql.py:509} INFO - Running statement: 
    INSERT INTO books (title, authors, price, rating)
    VALUES (%s, %s, %s, %s)
    , parameters: ('Azure Data Factory by Example: Practical Implementation for Data Engineers', 'Richard Swinbank', '33.', '4.2 out of 5 stars')
[2024-10-08T05:27:42.964+0000] {sql.py:518} INFO - Rows affected: 1
[2024-10-08T05:27:42.966+0000] {base.py:84} INFO - Retrieving connection 'books_connection'
[2024-10-08T05:27:42.968+0000] {sql.py:509} INFO - Running statement: 
    INSERT INTO books (title, authors, price, rating)
    VALUES (%s, %s, %s, %s)
    , parameters: ('Data Quality Engineering in Financial Services: Applying Manufacturing Techniques to Data', 'Brian Buzzelli', '30.', '4.4 out of 5 stars')
[2024-10-08T05:27:42.968+0000] {sql.py:518} INFO - Rows affected: 1
[2024-10-08T05:27:42.971+0000] {base.py:84} INFO - Retrieving connection 'books_connection'
[2024-10-08T05:27:42.973+0000] {sql.py:509} INFO - Running statement: 
    INSERT INTO books (title, authors, price, rating)
    VALUES (%s, %s, %s, %s)
    , parameters: ('Prompt Engineering for Generative AI: Future-Proof Inputs for Reliable AI Outputs', 'James Phoenix', '53.', '4.5 out of 5 stars')
[2024-10-08T05:27:42.973+0000] {sql.py:518} INFO - Rows affected: 1
[2024-10-08T05:27:42.976+0000] {base.py:84} INFO - Retrieving connection 'books_connection'
[2024-10-08T05:27:42.978+0000] {sql.py:509} INFO - Running statement: 
    INSERT INTO books (title, authors, price, rating)
    VALUES (%s, %s, %s, %s)
    , parameters: ('Better Data Visualizations: A Guide for Scholars, Researchers, and Wonks', 'Jonathan Schwabish', '26.', '4.5 out of 5 stars')
[2024-10-08T05:27:42.978+0000] {sql.py:518} INFO - Rows affected: 1
[2024-10-08T05:27:42.979+0000] {python.py:240} INFO - Done. Returned value was: None
[2024-10-08T05:27:42.983+0000] {taskinstance.py:340} INFO - ::group::Post task execution logs
[2024-10-08T05:27:42.983+0000] {taskinstance.py:352} INFO - Marking task as SUCCESS. dag_id=fetch_and_store_amazon_books, task_id=insert_book_data, run_id=scheduled__2024-08-17T00:00:00+00:00, execution_date=20240817T000000, start_date=20241008T052742, end_date=20241008T052742
[2024-10-08T05:27:42.987+0000] {logging_mixin.py:190} INFO - Task instance in success state
[2024-10-08T05:27:42.987+0000] {logging_mixin.py:190} INFO -  Previous state of the Task instance: running
[2024-10-08T05:27:42.987+0000] {logging_mixin.py:190} INFO - Dag name:fetch_and_store_amazon_books queued_at:2024-10-08 05:27:34.925865+00:00
[2024-10-08T05:27:42.987+0000] {logging_mixin.py:190} INFO - Task hostname:475658bd4f83 operator:PythonOperator
[2024-10-08T05:27:43.009+0000] {local_task_job_runner.py:261} INFO - Task exited with return code 0
[2024-10-08T05:27:43.018+0000] {taskinstance.py:3891} INFO - 0 downstream tasks scheduled from follow-on schedule check
[2024-10-08T05:27:43.019+0000] {local_task_job_runner.py:240} INFO - ::endgroup::
