[2024-10-08T05:16:30.480+0000] {local_task_job_runner.py:123} INFO - ::group::Pre task execution logs
[2024-10-08T05:16:30.529+0000] {taskinstance.py:2603} INFO - Dependencies all met for dep_context=non-requeueable deps ti=<TaskInstance: fetch_and_store_amazon_books.fetch_book_data scheduled__2024-06-29T00:00:00+00:00 [queued]>
[2024-10-08T05:16:30.546+0000] {taskinstance.py:2603} INFO - Dependencies all met for dep_context=requeueable deps ti=<TaskInstance: fetch_and_store_amazon_books.fetch_book_data scheduled__2024-06-29T00:00:00+00:00 [queued]>
[2024-10-08T05:16:30.547+0000] {taskinstance.py:2856} INFO - Starting attempt 2 of 2
[2024-10-08T05:16:30.583+0000] {taskinstance.py:2879} INFO - Executing <Task(PythonOperator): fetch_book_data> on 2024-06-29 00:00:00+00:00
[2024-10-08T05:16:30.602+0000] {standard_task_runner.py:104} INFO - Running: ['***', 'tasks', 'run', 'fetch_and_store_amazon_books', 'fetch_book_data', 'scheduled__2024-06-29T00:00:00+00:00', '--job-id', '70', '--raw', '--subdir', 'DAGS_FOLDER/app.py', '--cfg-path', '/tmp/tmp3r66s5gd']
[2024-10-08T05:16:30.600+0000] {warnings.py:112} WARNING - /home/***/.local/lib/python3.12/site-packages/***/task/task_runner/standard_task_runner.py:70: DeprecationWarning: This process (pid=1391) is multi-threaded, use of fork() may lead to deadlocks in the child.
  pid = os.fork()

[2024-10-08T05:16:30.607+0000] {standard_task_runner.py:72} INFO - Started process 1393 to run task
[2024-10-08T05:16:30.606+0000] {standard_task_runner.py:105} INFO - Job 70: Subtask fetch_book_data
[2024-10-08T05:16:30.737+0000] {task_command.py:467} INFO - Running <TaskInstance: fetch_and_store_amazon_books.fetch_book_data scheduled__2024-06-29T00:00:00+00:00 [running]> on host a344f6bef387
[2024-10-08T05:16:30.864+0000] {taskinstance.py:3122} INFO - Exporting env vars: AIRFLOW_CTX_DAG_OWNER='***' AIRFLOW_CTX_DAG_ID='fetch_and_store_amazon_books' AIRFLOW_CTX_TASK_ID='fetch_book_data' AIRFLOW_CTX_EXECUTION_DATE='2024-06-29T00:00:00+00:00' AIRFLOW_CTX_TRY_NUMBER='2' AIRFLOW_CTX_DAG_RUN_ID='scheduled__2024-06-29T00:00:00+00:00'
[2024-10-08T05:16:30.867+0000] {logging_mixin.py:190} INFO - Task instance is in running state
[2024-10-08T05:16:30.867+0000] {logging_mixin.py:190} INFO -  Previous state of the Task instance: queued
[2024-10-08T05:16:30.867+0000] {logging_mixin.py:190} INFO - Current task name:fetch_book_data state:running start_date:2024-10-08 05:16:30.530330+00:00
[2024-10-08T05:16:30.867+0000] {logging_mixin.py:190} INFO - Dag name:fetch_and_store_amazon_books and current dag run status:running
[2024-10-08T05:16:30.868+0000] {taskinstance.py:731} INFO - ::endgroup::
[2024-10-08T05:16:49.858+0000] {job.py:229} INFO - Heartbeat recovered after 19.61 seconds
[2024-10-08T05:17:22.975+0000] {job.py:229} INFO - Heartbeat recovered after 33.18 seconds
[2024-10-08T05:17:23.865+0000] {local_task_job_runner.py:261} INFO - Task exited with return code -9For more information, see https://***.apache.org/docs/apache-***/stable/troubleshooting.html#LocalTaskJob-killed
[2024-10-08T05:17:26.058+0000] {warnings.py:112} WARNING - /home/***/.local/lib/python3.12/site-packages/***/models/baseoperator.py:1378: AirflowProviderDeprecationWarning: Call to deprecated class PostgresOperator. (Please use `***.providers.common.sql.operators.sql.SQLExecuteQueryOperator`.Also, you can provide `hook_params={'schema': <database>}`.)
  result = cls.__new__(cls)

[2024-10-08T05:17:26.521+0000] {standard_task_runner.py:217} INFO - Process not found (most likely exited), stop collecting metrics
[2024-10-08T05:17:27.396+0000] {taskinstance.py:3891} INFO - 0 downstream tasks scheduled from follow-on schedule check
[2024-10-08T05:17:27.473+0000] {local_task_job_runner.py:240} INFO - ::endgroup::
